Tamanho da população: 475
Fração elite: 0.2121
Fração mutante: 0.0442
Probabilidade herdar alelo elite: 0.6514
Número de populações independentes: 3
Troca de informação de 4 individuos a cada 241 gerações
Número de threads: 1

Largura da faixa = 12
Melhor altura = 365

Lower Bound 1 = 335
Lower Bound 2 = 233
Avaliação = 1.08955

Tempo de execução: 60.0034s

---------------------------

Tamanho da população: 475
Fração elite: 0.2121
Fração mutante: 0.0442
Probabilidade herdar alelo elite: 0.6514
Número de populações independentes: 3
Troca de informação de 4 individuos a cada 241 gerações
Número de threads: 1

Largura da faixa = 12
Melhor altura = 367

Lower Bound 1 = 335
Lower Bound 2 = 233
Avaliação = 1.09552

Tempo de execução: 60.026s

---------------------------

Tamanho da população: 475
Fração elite: 0.2121
Fração mutante: 0.0442
Probabilidade herdar alelo elite: 0.6514
Número de populações independentes: 3
Troca de informação de 4 individuos a cada 241 gerações
Número de threads: 1

Largura da faixa = 12
Melhor altura = 370

Lower Bound 1 = 335
Lower Bound 2 = 233
Avaliação = 1.10448

Tempo de execução: 60.0384s

---------------------------

Tamanho da população: 475
Fração elite: 0.2121
Fração mutante: 0.0442
Probabilidade herdar alelo elite: 0.6514
Número de populações independentes: 3
Troca de informação de 4 individuos a cada 241 gerações
Número de threads: 1

Largura da faixa = 12
Melhor altura = 365

Lower Bound 1 = 335
Lower Bound 2 = 233
Avaliação = 1.08955

Tempo de execução: 60.0396s

---------------------------

Tamanho da população: 475
Fração elite: 0.2121
Fração mutante: 0.0442
Probabilidade herdar alelo elite: 0.6514
Número de populações independentes: 3
Troca de informação de 4 individuos a cada 241 gerações
Número de threads: 1

Largura da faixa = 12
Melhor altura = 368

Lower Bound 1 = 335
Lower Bound 2 = 233
Avaliação = 1.09851

Tempo de execução: 60.0696s

---------------------------

Tamanho da população: 475
Fração elite: 0.2121
Fração mutante: 0.0442
Probabilidade herdar alelo elite: 0.6514
Número de populações independentes: 3
Troca de informação de 4 individuos a cada 241 gerações
Número de threads: 1

Largura da faixa = 12
Melhor altura = 367

Lower Bound 1 = 335
Lower Bound 2 = 233
Avaliação = 1.09552

Tempo de execução: 60.0785s

---------------------------

Tamanho da população: 475
Fração elite: 0.2121
Fração mutante: 0.0442
Probabilidade herdar alelo elite: 0.6514
Número de populações independentes: 3
Troca de informação de 4 individuos a cada 241 gerações
Número de threads: 1

Largura da faixa = 12
Melhor altura = 370

Lower Bound 1 = 335
Lower Bound 2 = 233
Avaliação = 1.10448

Tempo de execução: 60.0059s

---------------------------

Tamanho da população: 475
Fração elite: 0.2121
Fração mutante: 0.0442
Probabilidade herdar alelo elite: 0.6514
Número de populações independentes: 3
Troca de informação de 4 individuos a cada 241 gerações
Número de threads: 1

Largura da faixa = 12
Melhor altura = 367

Lower Bound 1 = 335
Lower Bound 2 = 233
Avaliação = 1.09552

Tempo de execução: 60.0207s

---------------------------

Tamanho da população: 475
Fração elite: 0.2121
Fração mutante: 0.0442
Probabilidade herdar alelo elite: 0.6514
Número de populações independentes: 3
Troca de informação de 4 individuos a cada 241 gerações
Número de threads: 1

Largura da faixa = 12
Melhor altura = 367

Lower Bound 1 = 335
Lower Bound 2 = 233
Avaliação = 1.09552

Tempo de execução: 60.0469s

---------------------------

Tamanho da população: 475
Fração elite: 0.2121
Fração mutante: 0.0442
Probabilidade herdar alelo elite: 0.6514
Número de populações independentes: 3
Troca de informação de 4 individuos a cada 241 gerações
Número de threads: 1

Largura da faixa = 12
Melhor altura = 366

Lower Bound 1 = 335
Lower Bound 2 = 233
Avaliação = 1.09254

Tempo de execução: 60.0485s

---------------------------

Tamanho da população: 475
Fração elite: 0.2121
Fração mutante: 0.0442
Probabilidade herdar alelo elite: 0.6514
Número de populações independentes: 3
Troca de informação de 4 individuos a cada 241 gerações
Número de threads: 1

Largura da faixa = 12
Melhor altura = 368

Lower Bound 1 = 335
Lower Bound 2 = 233
Avaliação = 1.09851

Tempo de execução: 60.0554s

---------------------------

Tamanho da população: 475
Fração elite: 0.2121
Fração mutante: 0.0442
Probabilidade herdar alelo elite: 0.6514
Número de populações independentes: 3
Troca de informação de 4 individuos a cada 241 gerações
Número de threads: 1

Largura da faixa = 12
Melhor altura = 368

Lower Bound 1 = 335
Lower Bound 2 = 233
Avaliação = 1.09851

Tempo de execução: 60.0588s

---------------------------

Tamanho da população: 475
Fração elite: 0.2121
Fração mutante: 0.0442
Probabilidade herdar alelo elite: 0.6514
Número de populações independentes: 3
Troca de informação de 4 individuos a cada 241 gerações
Número de threads: 1

Largura da faixa = 12
Melhor altura = 366

Lower Bound 1 = 335
Lower Bound 2 = 233
Avaliação = 1.09254

Tempo de execução: 60.0212s

---------------------------

Tamanho da população: 475
Fração elite: 0.2121
Fração mutante: 0.0442
Probabilidade herdar alelo elite: 0.6514
Número de populações independentes: 3
Troca de informação de 4 individuos a cada 241 gerações
Número de threads: 1

Largura da faixa = 12
Melhor altura = 364

Lower Bound 1 = 335
Lower Bound 2 = 233
Avaliação = 1.08657

Tempo de execução: 60.0402s

---------------------------

Tamanho da população: 475
Fração elite: 0.2121
Fração mutante: 0.0442
Probabilidade herdar alelo elite: 0.6514
Número de populações independentes: 3
Troca de informação de 4 individuos a cada 241 gerações
Número de threads: 1

Largura da faixa = 12
Melhor altura = 365

Lower Bound 1 = 335
Lower Bound 2 = 233
Avaliação = 1.08955

Tempo de execução: 60.0558s

---------------------------

Tamanho da população: 475
Fração elite: 0.2121
Fração mutante: 0.0442
Probabilidade herdar alelo elite: 0.6514
Número de populações independentes: 3
Troca de informação de 4 individuos a cada 241 gerações
Número de threads: 1

Largura da faixa = 12
Melhor altura = 368

Lower Bound 1 = 335
Lower Bound 2 = 233
Avaliação = 1.09851

Tempo de execução: 60.0631s

---------------------------

Tamanho da população: 475
Fração elite: 0.2121
Fração mutante: 0.0442
Probabilidade herdar alelo elite: 0.6514
Número de populações independentes: 3
Troca de informação de 4 individuos a cada 241 gerações
Número de threads: 1

Largura da faixa = 12
Melhor altura = 368

Lower Bound 1 = 335
Lower Bound 2 = 233
Avaliação = 1.09851

Tempo de execução: 60.0771s

---------------------------

Tamanho da população: 475
Fração elite: 0.2121
Fração mutante: 0.0442
Probabilidade herdar alelo elite: 0.6514
Número de populações independentes: 3
Troca de informação de 4 individuos a cada 241 gerações
Número de threads: 1

Largura da faixa = 12
Melhor altura = 367

Lower Bound 1 = 335
Lower Bound 2 = 233
Avaliação = 1.09552

Tempo de execução: 60.0786s

---------------------------

Tamanho da população: 475
Fração elite: 0.2121
Fração mutante: 0.0442
Probabilidade herdar alelo elite: 0.6514
Número de populações independentes: 3
Troca de informação de 4 individuos a cada 241 gerações
Número de threads: 1

Largura da faixa = 12
Melhor altura = 368

Lower Bound 1 = 335
Lower Bound 2 = 233
Avaliação = 1.09851

Tempo de execução: 60.0124s

---------------------------

Tamanho da população: 475
Fração elite: 0.2121
Fração mutante: 0.0442
Probabilidade herdar alelo elite: 0.6514
Número de populações independentes: 3
Troca de informação de 4 individuos a cada 241 gerações
Número de threads: 1

Largura da faixa = 12
Melhor altura = 364

Lower Bound 1 = 335
Lower Bound 2 = 233
Avaliação = 1.08657

Tempo de execução: 60.0284s
