Melhor até agora: 275 Geração: 0
Melhor até agora: 272 Geração: 1
Melhor até agora: 270 Geração: 5
Melhor até agora: 266 Geração: 7
Melhor até agora: 263 Geração: 10
Melhor até agora: 262 Geração: 19
Melhor até agora: 261 Geração: 22
Melhor até agora: 260 Geração: 25
Melhor até agora: 259 Geração: 26
Melhor até agora: 257 Geração: 27
Melhor até agora: 255 Geração: 28
Melhor até agora: 254 Geração: 44
Melhor até agora: 253 Geração: 47
Melhor até agora: 252 Geração: 62
Melhor até agora: 251 Geração: 77
Melhor até agora: 249 Geração: 78
Melhor até agora: 248 Geração: 98
Melhor até agora: 247 Geração: 103
Melhor até agora: 246 Geração: 109
Melhor até agora: 245 Geração: 137
Melhor até agora: 243 Geração: 165
Melhor até agora: 242 Geração: 181
Tamanho da população: 300
Fração elite: 0.25
Fração mutante: 0.2
Probabilidade herdar alelo elite: 0.7
Número de populações independentes: 2
Número de threads: 16
Trocar os melhores indivíduos a cada 30 gerações
Número máximo de gerações: 300
Número máximo de iterações sem melhora: 50
Largura da faixa = 12
Melhor altura = 242

Lower Bound 1 = 222
Lower Bound 2 = 190
Avaliação = 1.09009

Tempo de execução: 2s

---------------------------

Melhor até agora: 266 Geração: 0
Melhor até agora: 265 Geração: 7
Melhor até agora: 264 Geração: 13
Melhor até agora: 261 Geração: 15
Melhor até agora: 257 Geração: 17
Melhor até agora: 255 Geração: 27
Melhor até agora: 253 Geração: 31
Melhor até agora: 250 Geração: 37
Melhor até agora: 249 Geração: 49
Melhor até agora: 246 Geração: 56
Melhor até agora: 244 Geração: 64
Melhor até agora: 242 Geração: 78
Tamanho da população: 300
Fração elite: 0.25
Fração mutante: 0.2
Probabilidade herdar alelo elite: 0.7
Número de populações independentes: 2
Número de threads: 16
Trocar os melhores indivíduos a cada 30 gerações
Número máximo de gerações: 300
Número máximo de iterações sem melhora: 50
Largura da faixa = 12
Melhor altura = 242

Lower Bound 1 = 222
Lower Bound 2 = 190
Avaliação = 1.09009

Tempo de execução: 1s

---------------------------

Melhor até agora: 275 Geração: 0
Melhor até agora: 272 Geração: 2
Melhor até agora: 269 Geração: 3
Melhor até agora: 267 Geração: 8
Melhor até agora: 264 Geração: 10
Melhor até agora: 258 Geração: 13
Melhor até agora: 254 Geração: 18
Melhor até agora: 253 Geração: 37
Melhor até agora: 252 Geração: 38
Melhor até agora: 250 Geração: 50
Melhor até agora: 249 Geração: 69
Melhor até agora: 248 Geração: 81
Melhor até agora: 242 Geração: 128
Tamanho da população: 300
Fração elite: 0.25
Fração mutante: 0.2
Probabilidade herdar alelo elite: 0.7
Número de populações independentes: 2
Número de threads: 16
Trocar os melhores indivíduos a cada 30 gerações
Número máximo de gerações: 300
Número máximo de iterações sem melhora: 50
Largura da faixa = 12
Melhor altura = 242

Lower Bound 1 = 222
Lower Bound 2 = 190
Avaliação = 1.09009

Tempo de execução: 2s

---------------------------

Melhor até agora: 275 Geração: 0
Melhor até agora: 270 Geração: 6
Melhor até agora: 269 Geração: 8
Melhor até agora: 268 Geração: 10
Melhor até agora: 261 Geração: 11
Melhor até agora: 256 Geração: 20
Melhor até agora: 252 Geração: 28
Melhor até agora: 251 Geração: 30
Melhor até agora: 250 Geração: 50
Melhor até agora: 248 Geração: 57
Melhor até agora: 244 Geração: 66
Tamanho da população: 300
Fração elite: 0.25
Fração mutante: 0.2
Probabilidade herdar alelo elite: 0.7
Número de populações independentes: 2
Número de threads: 16
Trocar os melhores indivíduos a cada 30 gerações
Número máximo de gerações: 300
Número máximo de iterações sem melhora: 50
Largura da faixa = 12
Melhor altura = 244

Lower Bound 1 = 222
Lower Bound 2 = 190
Avaliação = 1.0991

Tempo de execução: 1s

---------------------------

Melhor até agora: 273 Geração: 0
Melhor até agora: 271 Geração: 3
Melhor até agora: 267 Geração: 7
Melhor até agora: 263 Geração: 9
Melhor até agora: 261 Geração: 10
Melhor até agora: 259 Geração: 18
Melhor até agora: 257 Geração: 20
Melhor até agora: 255 Geração: 21
Melhor até agora: 254 Geração: 37
Melhor até agora: 252 Geração: 38
Melhor até agora: 251 Geração: 49
Melhor até agora: 249 Geração: 64
Melhor até agora: 248 Geração: 83
Melhor até agora: 247 Geração: 85
Melhor até agora: 246 Geração: 96
Melhor até agora: 244 Geração: 114
Melhor até agora: 242 Geração: 137
Tamanho da população: 300
Fração elite: 0.25
Fração mutante: 0.2
Probabilidade herdar alelo elite: 0.7
Número de populações independentes: 2
Número de threads: 16
Trocar os melhores indivíduos a cada 30 gerações
Número máximo de gerações: 300
Número máximo de iterações sem melhora: 50
Largura da faixa = 12
Melhor altura = 242

Lower Bound 1 = 222
Lower Bound 2 = 190
Avaliação = 1.09009

Tempo de execução: 2s

---------------------------

Melhor até agora: 275 Geração: 0
Melhor até agora: 269 Geração: 6
Melhor até agora: 268 Geração: 9
Melhor até agora: 264 Geração: 14
Melhor até agora: 262 Geração: 15
Melhor até agora: 260 Geração: 16
Melhor até agora: 257 Geração: 27
Melhor até agora: 254 Geração: 32
Melhor até agora: 252 Geração: 44
Melhor até agora: 251 Geração: 47
Melhor até agora: 250 Geração: 65
Melhor até agora: 249 Geração: 66
Melhor até agora: 244 Geração: 79
Melhor até agora: 242 Geração: 91
Tamanho da população: 300
Fração elite: 0.25
Fração mutante: 0.2
Probabilidade herdar alelo elite: 0.7
Número de populações independentes: 2
Número de threads: 16
Trocar os melhores indivíduos a cada 30 gerações
Número máximo de gerações: 300
Número máximo de iterações sem melhora: 50
Largura da faixa = 12
Melhor altura = 242

Lower Bound 1 = 222
Lower Bound 2 = 190
Avaliação = 1.09009

Tempo de execução: 1s

---------------------------

Melhor até agora: 275 Geração: 0
Melhor até agora: 273 Geração: 3
Melhor até agora: 268 Geração: 6
Melhor até agora: 266 Geração: 7
Melhor até agora: 265 Geração: 14
Melhor até agora: 263 Geração: 16
Melhor até agora: 261 Geração: 17
Melhor até agora: 258 Geração: 21
Melhor até agora: 256 Geração: 26
Melhor até agora: 255 Geração: 36
Melhor até agora: 254 Geração: 41
Melhor até agora: 253 Geração: 50
Melhor até agora: 252 Geração: 61
Melhor até agora: 251 Geração: 64
Melhor até agora: 250 Geração: 86
Melhor até agora: 249 Geração: 93
Melhor até agora: 248 Geração: 96
Melhor até agora: 247 Geração: 103
Tamanho da população: 300
Fração elite: 0.25
Fração mutante: 0.2
Probabilidade herdar alelo elite: 0.7
Número de populações independentes: 2
Número de threads: 16
Trocar os melhores indivíduos a cada 30 gerações
Número máximo de gerações: 300
Número máximo de iterações sem melhora: 50
Largura da faixa = 12
Melhor altura = 247

Lower Bound 1 = 222
Lower Bound 2 = 190
Avaliação = 1.11261

Tempo de execução: 1s

---------------------------

Melhor até agora: 269 Geração: 0
Melhor até agora: 265 Geração: 3
Melhor até agora: 264 Geração: 9
Melhor até agora: 261 Geração: 13
Melhor até agora: 259 Geração: 16
Melhor até agora: 258 Geração: 18
Melhor até agora: 256 Geração: 25
Melhor até agora: 254 Geração: 29
Melhor até agora: 253 Geração: 34
Melhor até agora: 251 Geração: 36
Melhor até agora: 249 Geração: 51
Melhor até agora: 248 Geração: 56
Melhor até agora: 247 Geração: 58
Melhor até agora: 246 Geração: 62
Melhor até agora: 244 Geração: 70
Melhor até agora: 243 Geração: 75
Tamanho da população: 300
Fração elite: 0.25
Fração mutante: 0.2
Probabilidade herdar alelo elite: 0.7
Número de populações independentes: 2
Número de threads: 16
Trocar os melhores indivíduos a cada 30 gerações
Número máximo de gerações: 300
Número máximo de iterações sem melhora: 50
Largura da faixa = 12
Melhor altura = 243

Lower Bound 1 = 222
Lower Bound 2 = 190
Avaliação = 1.09459

Tempo de execução: 1s

---------------------------

Melhor até agora: 273 Geração: 0
Melhor até agora: 265 Geração: 11
Melhor até agora: 263 Geração: 12
Melhor até agora: 258 Geração: 18
Melhor até agora: 257 Geração: 27
Melhor até agora: 255 Geração: 31
Melhor até agora: 254 Geração: 39
Melhor até agora: 252 Geração: 40
Melhor até agora: 251 Geração: 61
Melhor até agora: 250 Geração: 76
Melhor até agora: 249 Geração: 78
Melhor até agora: 247 Geração: 98
Melhor até agora: 246 Geração: 102
Melhor até agora: 245 Geração: 108
Tamanho da população: 300
Fração elite: 0.25
Fração mutante: 0.2
Probabilidade herdar alelo elite: 0.7
Número de populações independentes: 2
Número de threads: 16
Trocar os melhores indivíduos a cada 30 gerações
Número máximo de gerações: 300
Número máximo de iterações sem melhora: 50
Largura da faixa = 12
Melhor altura = 245

Lower Bound 1 = 222
Lower Bound 2 = 190
Avaliação = 1.1036

Tempo de execução: 1s

---------------------------

Melhor até agora: 275 Geração: 0
Melhor até agora: 268 Geração: 1
Melhor até agora: 267 Geração: 11
Melhor até agora: 266 Geração: 12
Melhor até agora: 264 Geração: 13
Melhor até agora: 258 Geração: 16
Melhor até agora: 255 Geração: 24
Melhor até agora: 254 Geração: 33
Melhor até agora: 253 Geração: 37
Melhor até agora: 252 Geração: 39
Melhor até agora: 251 Geração: 60
Melhor até agora: 250 Geração: 67
Melhor até agora: 249 Geração: 73
Melhor até agora: 247 Geração: 82
Melhor até agora: 246 Geração: 116
Melhor até agora: 245 Geração: 117
Melhor até agora: 243 Geração: 120
Melhor até agora: 242 Geração: 143
Tamanho da população: 300
Fração elite: 0.25
Fração mutante: 0.2
Probabilidade herdar alelo elite: 0.7
Número de populações independentes: 2
Número de threads: 16
Trocar os melhores indivíduos a cada 30 gerações
Número máximo de gerações: 300
Número máximo de iterações sem melhora: 50
Largura da faixa = 12
Melhor altura = 242

Lower Bound 1 = 222
Lower Bound 2 = 190
Avaliação = 1.09009

Tempo de execução: 2s

---------------------------

Melhor até agora: 275 Geração: 0
Melhor até agora: 270 Geração: 3
Melhor até agora: 267 Geração: 9
Melhor até agora: 265 Geração: 13
Melhor até agora: 264 Geração: 15
Melhor até agora: 259 Geração: 18
Melhor até agora: 258 Geração: 23
Melhor até agora: 257 Geração: 31
Melhor até agora: 256 Geração: 32
Melhor até agora: 255 Geração: 36
Melhor até agora: 253 Geração: 42
Melhor até agora: 252 Geração: 58
Melhor até agora: 250 Geração: 59
Melhor até agora: 249 Geração: 70
Melhor até agora: 248 Geração: 94
Melhor até agora: 247 Geração: 100
Melhor até agora: 246 Geração: 110
Melhor até agora: 245 Geração: 111
Melhor até agora: 244 Geração: 121
Melhor até agora: 243 Geração: 132
Melhor até agora: 241 Geração: 167
Tamanho da população: 300
Fração elite: 0.25
Fração mutante: 0.2
Probabilidade herdar alelo elite: 0.7
Número de populações independentes: 2
Número de threads: 16
Trocar os melhores indivíduos a cada 30 gerações
Número máximo de gerações: 300
Número máximo de iterações sem melhora: 50
Largura da faixa = 12
Melhor altura = 241

Lower Bound 1 = 222
Lower Bound 2 = 190
Avaliação = 1.08559

Tempo de execução: 2s

---------------------------

Melhor até agora: 275 Geração: 0
Melhor até agora: 273 Geração: 2
Melhor até agora: 271 Geração: 3
Melhor até agora: 270 Geração: 5
Melhor até agora: 267 Geração: 8
Melhor até agora: 263 Geração: 10
Melhor até agora: 260 Geração: 12
Melhor até agora: 259 Geração: 15
Melhor até agora: 258 Geração: 22
Melhor até agora: 254 Geração: 25
Melhor até agora: 253 Geração: 34
Melhor até agora: 252 Geração: 40
Melhor até agora: 251 Geração: 44
Melhor até agora: 250 Geração: 53
Melhor até agora: 249 Geração: 67
Melhor até agora: 243 Geração: 75
Melhor até agora: 242 Geração: 87
Tamanho da população: 300
Fração elite: 0.25
Fração mutante: 0.2
Probabilidade herdar alelo elite: 0.7
Número de populações independentes: 2
Número de threads: 16
Trocar os melhores indivíduos a cada 30 gerações
Número máximo de gerações: 300
Número máximo de iterações sem melhora: 50
Largura da faixa = 12
Melhor altura = 242

Lower Bound 1 = 222
Lower Bound 2 = 190
Avaliação = 1.09009

Tempo de execução: 1s

---------------------------

Melhor até agora: 275 Geração: 0
Melhor até agora: 273 Geração: 9
Melhor até agora: 272 Geração: 12
Melhor até agora: 270 Geração: 14
Melhor até agora: 268 Geração: 17
Melhor até agora: 263 Geração: 18
Melhor até agora: 262 Geração: 20
Melhor até agora: 261 Geração: 24
Melhor até agora: 256 Geração: 25
Melhor até agora: 255 Geração: 35
Melhor até agora: 254 Geração: 40
Melhor até agora: 251 Geração: 41
Melhor até agora: 249 Geração: 61
Melhor até agora: 247 Geração: 65
Melhor até agora: 246 Geração: 73
Melhor até agora: 244 Geração: 88
Tamanho da população: 300
Fração elite: 0.25
Fração mutante: 0.2
Probabilidade herdar alelo elite: 0.7
Número de populações independentes: 2
Número de threads: 16
Trocar os melhores indivíduos a cada 30 gerações
Número máximo de gerações: 300
Número máximo de iterações sem melhora: 50
Largura da faixa = 12
Melhor altura = 244

Lower Bound 1 = 222
Lower Bound 2 = 190
Avaliação = 1.0991

Tempo de execução: 1s

---------------------------

Melhor até agora: 275 Geração: 0
Melhor até agora: 265 Geração: 2
Melhor até agora: 261 Geração: 14
Melhor até agora: 259 Geração: 18
Melhor até agora: 258 Geração: 24
Melhor até agora: 254 Geração: 28
Melhor até agora: 253 Geração: 33
Melhor até agora: 251 Geração: 46
Melhor até agora: 249 Geração: 52
Melhor até agora: 247 Geração: 59
Melhor até agora: 246 Geração: 80
Melhor até agora: 245 Geração: 127
Tamanho da população: 300
Fração elite: 0.25
Fração mutante: 0.2
Probabilidade herdar alelo elite: 0.7
Número de populações independentes: 2
Número de threads: 16
Trocar os melhores indivíduos a cada 30 gerações
Número máximo de gerações: 300
Número máximo de iterações sem melhora: 50
Largura da faixa = 12
Melhor altura = 245

Lower Bound 1 = 222
Lower Bound 2 = 190
Avaliação = 1.1036

Tempo de execução: 1s

---------------------------

Melhor até agora: 270 Geração: 0
Melhor até agora: 266 Geração: 9
Melhor até agora: 263 Geração: 10
Melhor até agora: 262 Geração: 12
Melhor até agora: 261 Geração: 22
Melhor até agora: 259 Geração: 23
Melhor até agora: 257 Geração: 27
Melhor até agora: 256 Geração: 31
Melhor até agora: 255 Geração: 40
Melhor até agora: 254 Geração: 46
Melhor até agora: 251 Geração: 49
Melhor até agora: 250 Geração: 58
Melhor até agora: 249 Geração: 64
Melhor até agora: 248 Geração: 76
Melhor até agora: 247 Geração: 95
Melhor até agora: 246 Geração: 106
Melhor até agora: 245 Geração: 125
Melhor até agora: 244 Geração: 129
Melhor até agora: 243 Geração: 157
Tamanho da população: 300
Fração elite: 0.25
Fração mutante: 0.2
Probabilidade herdar alelo elite: 0.7
Número de populações independentes: 2
Número de threads: 16
Trocar os melhores indivíduos a cada 30 gerações
Número máximo de gerações: 300
Número máximo de iterações sem melhora: 50
Largura da faixa = 12
Melhor altura = 243

Lower Bound 1 = 222
Lower Bound 2 = 190
Avaliação = 1.09459

Tempo de execução: 2s

---------------------------

Melhor até agora: 269 Geração: 0
Melhor até agora: 268 Geração: 4
Melhor até agora: 263 Geração: 7
Melhor até agora: 261 Geração: 12
Melhor até agora: 259 Geração: 13
Melhor até agora: 257 Geração: 16
Melhor até agora: 256 Geração: 25
Melhor até agora: 255 Geração: 35
Melhor até agora: 254 Geração: 40
Melhor até agora: 253 Geração: 54
Melhor até agora: 252 Geração: 60
Melhor até agora: 251 Geração: 62
Melhor até agora: 250 Geração: 106
Melhor até agora: 248 Geração: 126
Melhor até agora: 244 Geração: 128
Melhor até agora: 243 Geração: 160
Tamanho da população: 300
Fração elite: 0.25
Fração mutante: 0.2
Probabilidade herdar alelo elite: 0.7
Número de populações independentes: 2
Número de threads: 16
Trocar os melhores indivíduos a cada 30 gerações
Número máximo de gerações: 300
Número máximo de iterações sem melhora: 50
Largura da faixa = 12
Melhor altura = 243

Lower Bound 1 = 222
Lower Bound 2 = 190
Avaliação = 1.09459

Tempo de execução: 2s

---------------------------

Melhor até agora: 269 Geração: 0
Melhor até agora: 268 Geração: 1
Melhor até agora: 265 Geração: 2
Melhor até agora: 262 Geração: 17
Melhor até agora: 260 Geração: 20
Melhor até agora: 259 Geração: 24
Melhor até agora: 258 Geração: 27
Melhor até agora: 255 Geração: 28
Melhor até agora: 253 Geração: 32
Melhor até agora: 252 Geração: 55
Melhor até agora: 251 Geração: 60
Melhor até agora: 250 Geração: 86
Melhor até agora: 249 Geração: 88
Melhor até agora: 245 Geração: 97
Melhor até agora: 244 Geração: 111
Tamanho da população: 300
Fração elite: 0.25
Fração mutante: 0.2
Probabilidade herdar alelo elite: 0.7
Número de populações independentes: 2
Número de threads: 16
Trocar os melhores indivíduos a cada 30 gerações
Número máximo de gerações: 300
Número máximo de iterações sem melhora: 50
Largura da faixa = 12
Melhor altura = 244

Lower Bound 1 = 222
Lower Bound 2 = 190
Avaliação = 1.0991

Tempo de execução: 1s

---------------------------

Melhor até agora: 275 Geração: 0
Melhor até agora: 272 Geração: 2
Melhor até agora: 270 Geração: 3
Melhor até agora: 268 Geração: 8
Melhor até agora: 264 Geração: 11
Melhor até agora: 263 Geração: 13
Melhor até agora: 259 Geração: 16
Melhor até agora: 258 Geração: 21
Melhor até agora: 257 Geração: 22
Melhor até agora: 255 Geração: 23
Melhor até agora: 254 Geração: 25
Melhor até agora: 252 Geração: 40
Melhor até agora: 251 Geração: 46
Melhor até agora: 250 Geração: 49
Melhor até agora: 249 Geração: 63
Melhor até agora: 248 Geração: 71
Melhor até agora: 247 Geração: 74
Melhor até agora: 245 Geração: 80
Tamanho da população: 300
Fração elite: 0.25
Fração mutante: 0.2
Probabilidade herdar alelo elite: 0.7
Número de populações independentes: 2
Número de threads: 16
Trocar os melhores indivíduos a cada 30 gerações
Número máximo de gerações: 300
Número máximo de iterações sem melhora: 50
Largura da faixa = 12
Melhor altura = 245

Lower Bound 1 = 222
Lower Bound 2 = 190
Avaliação = 1.1036

Tempo de execução: 1s

---------------------------

Melhor até agora: 275 Geração: 0
Melhor até agora: 272 Geração: 3
Melhor até agora: 269 Geração: 5
Melhor até agora: 265 Geração: 10
Melhor até agora: 263 Geração: 19
Melhor até agora: 261 Geração: 22
Melhor até agora: 257 Geração: 24
Melhor até agora: 251 Geração: 33
Melhor até agora: 250 Geração: 54
Melhor até agora: 248 Geração: 69
Melhor até agora: 247 Geração: 81
Melhor até agora: 246 Geração: 101
Melhor até agora: 244 Geração: 108
Tamanho da população: 300
Fração elite: 0.25
Fração mutante: 0.2
Probabilidade herdar alelo elite: 0.7
Número de populações independentes: 2
Número de threads: 16
Trocar os melhores indivíduos a cada 30 gerações
Número máximo de gerações: 300
Número máximo de iterações sem melhora: 50
Largura da faixa = 12
Melhor altura = 244

Lower Bound 1 = 222
Lower Bound 2 = 190
Avaliação = 1.0991

Tempo de execução: 1s

---------------------------

Melhor até agora: 275 Geração: 0
Melhor até agora: 273 Geração: 1
Melhor até agora: 271 Geração: 7
Melhor até agora: 269 Geração: 9
Melhor até agora: 265 Geração: 12
Melhor até agora: 257 Geração: 15
Melhor até agora: 255 Geração: 26
Melhor até agora: 254 Geração: 41
Melhor até agora: 253 Geração: 42
Melhor até agora: 252 Geração: 49
Melhor até agora: 251 Geração: 55
Melhor até agora: 250 Geração: 65
Melhor até agora: 249 Geração: 71
Melhor até agora: 248 Geração: 83
Melhor até agora: 246 Geração: 110
Melhor até agora: 242 Geração: 113
Tamanho da população: 300
Fração elite: 0.25
Fração mutante: 0.2
Probabilidade herdar alelo elite: 0.7
Número de populações independentes: 2
Número de threads: 16
Trocar os melhores indivíduos a cada 30 gerações
Número máximo de gerações: 300
Número máximo de iterações sem melhora: 50
Largura da faixa = 12
Melhor altura = 242

Lower Bound 1 = 222
Lower Bound 2 = 190
Avaliação = 1.09009

Tempo de execução: 1s

---------------------------

Melhor até agora: 275 Geração: 0
Melhor até agora: 271 Geração: 2
Melhor até agora: 269 Geração: 9
Melhor até agora: 267 Geração: 10
Melhor até agora: 264 Geração: 17
Melhor até agora: 263 Geração: 18
Melhor até agora: 262 Geração: 20
Melhor até agora: 260 Geração: 22
Melhor até agora: 257 Geração: 25
Melhor até agora: 255 Geração: 37
Melhor até agora: 254 Geração: 41
Melhor até agora: 252 Geração: 45
Melhor até agora: 251 Geração: 52
Melhor até agora: 250 Geração: 55
Melhor até agora: 249 Geração: 58
Melhor até agora: 248 Geração: 69
Melhor até agora: 247 Geração: 78
Melhor até agora: 246 Geração: 95
Melhor até agora: 245 Geração: 108
Melhor até agora: 244 Geração: 122
Tamanho da população: 300
Fração elite: 0.25
Fração mutante: 0.2
Probabilidade herdar alelo elite: 0.7
Número de populações independentes: 2
Número de threads: 16
Trocar os melhores indivíduos a cada 30 gerações
Número máximo de gerações: 300
Número máximo de iterações sem melhora: 50
Largura da faixa = 12
Melhor altura = 244

Lower Bound 1 = 222
Lower Bound 2 = 190
Avaliação = 1.0991

Tempo de execução: 2s

---------------------------

Melhor até agora: 266 Geração: 0
Melhor até agora: 265 Geração: 2
Melhor até agora: 260 Geração: 11
Melhor até agora: 259 Geração: 21
Melhor até agora: 257 Geração: 22
Melhor até agora: 256 Geração: 28
Melhor até agora: 254 Geração: 32
Melhor até agora: 253 Geração: 41
Melhor até agora: 252 Geração: 45
Melhor até agora: 249 Geração: 48
Melhor até agora: 248 Geração: 61
Melhor até agora: 247 Geração: 62
Melhor até agora: 246 Geração: 66
Melhor até agora: 245 Geração: 80
Melhor até agora: 244 Geração: 92
Melhor até agora: 243 Geração: 105
Tamanho da população: 300
Fração elite: 0.25
Fração mutante: 0.2
Probabilidade herdar alelo elite: 0.7
Número de populações independentes: 2
Número de threads: 16
Trocar os melhores indivíduos a cada 30 gerações
Número máximo de gerações: 300
Número máximo de iterações sem melhora: 50
Largura da faixa = 12
Melhor altura = 243

Lower Bound 1 = 222
Lower Bound 2 = 190
Avaliação = 1.09459

Tempo de execução: 2s

---------------------------

Melhor até agora: 275 Geração: 0
Melhor até agora: 270 Geração: 1
Melhor até agora: 267 Geração: 4
Melhor até agora: 263 Geração: 5
Melhor até agora: 259 Geração: 18
Melhor até agora: 258 Geração: 20
Melhor até agora: 257 Geração: 22
Melhor até agora: 255 Geração: 27
Melhor até agora: 254 Geração: 30
Melhor até agora: 252 Geração: 32
Melhor até agora: 250 Geração: 41
Melhor até agora: 249 Geração: 51
Melhor até agora: 248 Geração: 60
Melhor até agora: 243 Geração: 63
Melhor até agora: 242 Geração: 94
Tamanho da população: 300
Fração elite: 0.25
Fração mutante: 0.2
Probabilidade herdar alelo elite: 0.7
Número de populações independentes: 2
Número de threads: 16
Trocar os melhores indivíduos a cada 30 gerações
Número máximo de gerações: 300
Número máximo de iterações sem melhora: 50
Largura da faixa = 12
Melhor altura = 242

Lower Bound 1 = 222
Lower Bound 2 = 190
Avaliação = 1.09009

Tempo de execução: 2s

---------------------------

Melhor até agora: 275 Geração: 0
Melhor até agora: 271 Geração: 3
Melhor até agora: 266 Geração: 8
Melhor até agora: 262 Geração: 15
Melhor até agora: 261 Geração: 18
Melhor até agora: 259 Geração: 21
Melhor até agora: 256 Geração: 26
Melhor até agora: 255 Geração: 28
Melhor até agora: 254 Geração: 35
Melhor até agora: 252 Geração: 38
Melhor até agora: 251 Geração: 45
Melhor até agora: 249 Geração: 50
Melhor até agora: 247 Geração: 67
Melhor até agora: 245 Geração: 71
Melhor até agora: 243 Geração: 95
Melhor até agora: 242 Geração: 108
Melhor até agora: 241 Geração: 125
Tamanho da população: 300
Fração elite: 0.25
Fração mutante: 0.2
Probabilidade herdar alelo elite: 0.7
Número de populações independentes: 2
Número de threads: 16
Trocar os melhores indivíduos a cada 30 gerações
Número máximo de gerações: 300
Número máximo de iterações sem melhora: 50
Largura da faixa = 12
Melhor altura = 241

Lower Bound 1 = 222
Lower Bound 2 = 190
Avaliação = 1.08559

Tempo de execução: 2s

---------------------------

Melhor até agora: 273 Geração: 0
Melhor até agora: 270 Geração: 5
Melhor até agora: 269 Geração: 8
Melhor até agora: 268 Geração: 9
Melhor até agora: 264 Geração: 11
Melhor até agora: 263 Geração: 14
Melhor até agora: 262 Geração: 17
Melhor até agora: 259 Geração: 20
Melhor até agora: 258 Geração: 22
Melhor até agora: 256 Geração: 26
Melhor até agora: 255 Geração: 29
Melhor até agora: 253 Geração: 31
Melhor até agora: 252 Geração: 34
Melhor até agora: 250 Geração: 56
Melhor até agora: 248 Geração: 62
Melhor até agora: 247 Geração: 72
Melhor até agora: 244 Geração: 80
Melhor até agora: 242 Geração: 90
Tamanho da população: 300
Fração elite: 0.25
Fração mutante: 0.2
Probabilidade herdar alelo elite: 0.7
Número de populações independentes: 2
Número de threads: 16
Trocar os melhores indivíduos a cada 30 gerações
Número máximo de gerações: 300
Número máximo de iterações sem melhora: 50
Largura da faixa = 12
Melhor altura = 242

Lower Bound 1 = 222
Lower Bound 2 = 190
Avaliação = 1.09009

Tempo de execução: 2s

---------------------------

Melhor até agora: 275 Geração: 0
Melhor até agora: 272 Geração: 1
Melhor até agora: 267 Geração: 3
Melhor até agora: 264 Geração: 4
Melhor até agora: 261 Geração: 9
Melhor até agora: 259 Geração: 20
Melhor até agora: 257 Geração: 21
Melhor até agora: 256 Geração: 31
Melhor até agora: 254 Geração: 33
Melhor até agora: 250 Geração: 42
Melhor até agora: 248 Geração: 44
Melhor até agora: 247 Geração: 66
Melhor até agora: 244 Geração: 67
Melhor até agora: 243 Geração: 93
Melhor até agora: 242 Geração: 121
Melhor até agora: 241 Geração: 134
Tamanho da população: 300
Fração elite: 0.25
Fração mutante: 0.2
Probabilidade herdar alelo elite: 0.7
Número de populações independentes: 2
Número de threads: 16
Trocar os melhores indivíduos a cada 30 gerações
Número máximo de gerações: 300
Número máximo de iterações sem melhora: 50
Largura da faixa = 12
Melhor altura = 241

Lower Bound 1 = 222
Lower Bound 2 = 190
Avaliação = 1.08559

Tempo de execução: 2s

---------------------------

Melhor até agora: 275 Geração: 0
Melhor até agora: 269 Geração: 2
Melhor até agora: 267 Geração: 7
Melhor até agora: 264 Geração: 19
Melhor até agora: 263 Geração: 29
Melhor até agora: 257 Geração: 32
Melhor até agora: 256 Geração: 38
Melhor até agora: 254 Geração: 39
Melhor até agora: 253 Geração: 50
Melhor até agora: 252 Geração: 51
Melhor até agora: 251 Geração: 55
Melhor até agora: 250 Geração: 61
Melhor até agora: 249 Geração: 68
Melhor até agora: 248 Geração: 79
Melhor até agora: 244 Geração: 82
Melhor até agora: 242 Geração: 107
Melhor até agora: 241 Geração: 133
Tamanho da população: 300
Fração elite: 0.25
Fração mutante: 0.2
Probabilidade herdar alelo elite: 0.7
Número de populações independentes: 2
Número de threads: 16
Trocar os melhores indivíduos a cada 30 gerações
Número máximo de gerações: 300
Número máximo de iterações sem melhora: 50
Largura da faixa = 12
Melhor altura = 241

Lower Bound 1 = 222
Lower Bound 2 = 190
Avaliação = 1.08559

Tempo de execução: 2s

---------------------------

Melhor até agora: 269 Geração: 0
Melhor até agora: 268 Geração: 1
Melhor até agora: 265 Geração: 3
Melhor até agora: 262 Geração: 11
Melhor até agora: 258 Geração: 18
Melhor até agora: 256 Geração: 25
Melhor até agora: 254 Geração: 26
Melhor até agora: 253 Geração: 41
Melhor até agora: 252 Geração: 50
Melhor até agora: 251 Geração: 52
Melhor até agora: 250 Geração: 56
Melhor até agora: 249 Geração: 61
Melhor até agora: 245 Geração: 66
Melhor até agora: 244 Geração: 99
Melhor até agora: 243 Geração: 120
Tamanho da população: 300
Fração elite: 0.25
Fração mutante: 0.2
Probabilidade herdar alelo elite: 0.7
Número de populações independentes: 2
Número de threads: 16
Trocar os melhores indivíduos a cada 30 gerações
Número máximo de gerações: 300
Número máximo de iterações sem melhora: 50
Largura da faixa = 12
Melhor altura = 243

Lower Bound 1 = 222
Lower Bound 2 = 190
Avaliação = 1.09459

Tempo de execução: 2s

---------------------------

Melhor até agora: 275 Geração: 0
Melhor até agora: 274 Geração: 1
Melhor até agora: 269 Geração: 5
Melhor até agora: 266 Geração: 6
Melhor até agora: 262 Geração: 12
Melhor até agora: 260 Geração: 25
Melhor até agora: 258 Geração: 26
Melhor até agora: 257 Geração: 33
Melhor até agora: 256 Geração: 37
Melhor até agora: 253 Geração: 42
Melhor até agora: 250 Geração: 61
Melhor até agora: 249 Geração: 81
Melhor até agora: 244 Geração: 91
Melhor até agora: 243 Geração: 102
Melhor até agora: 242 Geração: 118
Melhor até agora: 241 Geração: 129
Tamanho da população: 300
Fração elite: 0.25
Fração mutante: 0.2
Probabilidade herdar alelo elite: 0.7
Número de populações independentes: 2
Número de threads: 16
Trocar os melhores indivíduos a cada 30 gerações
Número máximo de gerações: 300
Número máximo de iterações sem melhora: 50
Largura da faixa = 12
Melhor altura = 241

Lower Bound 1 = 222
Lower Bound 2 = 190
Avaliação = 1.08559

Tempo de execução: 2s

---------------------------

Melhor até agora: 270 Geração: 0
Melhor até agora: 269 Geração: 5
Melhor até agora: 267 Geração: 7
Melhor até agora: 262 Geração: 9
Melhor até agora: 260 Geração: 10
Melhor até agora: 259 Geração: 17
Melhor até agora: 258 Geração: 29
Melhor até agora: 255 Geração: 31
Melhor até agora: 254 Geração: 37
Melhor até agora: 253 Geração: 43
Melhor até agora: 252 Geração: 47
Melhor até agora: 251 Geração: 48
Melhor até agora: 250 Geração: 57
Melhor até agora: 248 Geração: 65
Melhor até agora: 244 Geração: 76
Melhor até agora: 243 Geração: 83
Melhor até agora: 241 Geração: 96
Tamanho da população: 300
Fração elite: 0.25
Fração mutante: 0.2
Probabilidade herdar alelo elite: 0.7
Número de populações independentes: 2
Número de threads: 16
Trocar os melhores indivíduos a cada 30 gerações
Número máximo de gerações: 300
Número máximo de iterações sem melhora: 50
Largura da faixa = 12
Melhor altura = 241

Lower Bound 1 = 222
Lower Bound 2 = 190
Avaliação = 1.08559

Tempo de execução: 2s

---------------------------

Melhor até agora: 265 Geração: 0
Melhor até agora: 263 Geração: 9
Melhor até agora: 259 Geração: 10
Melhor até agora: 257 Geração: 27
Melhor até agora: 256 Geração: 29
Melhor até agora: 255 Geração: 31
Melhor até agora: 253 Geração: 33
Melhor até agora: 252 Geração: 48
Melhor até agora: 249 Geração: 51
Melhor até agora: 248 Geração: 55
Melhor até agora: 247 Geração: 69
Melhor até agora: 246 Geração: 77
Melhor até agora: 245 Geração: 78
Melhor até agora: 244 Geração: 91
Tamanho da população: 300
Fração elite: 0.25
Fração mutante: 0.2
Probabilidade herdar alelo elite: 0.7
Número de populações independentes: 2
Número de threads: 16
Trocar os melhores indivíduos a cada 30 gerações
Número máximo de gerações: 300
Número máximo de iterações sem melhora: 50
Largura da faixa = 12
Melhor altura = 244

Lower Bound 1 = 222
Lower Bound 2 = 190
Avaliação = 1.0991

Tempo de execução: 2s

---------------------------

Melhor até agora: 272 Geração: 0
Melhor até agora: 271 Geração: 1
Melhor até agora: 263 Geração: 3
Melhor até agora: 262 Geração: 10
Melhor até agora: 261 Geração: 12
Melhor até agora: 258 Geração: 13
Melhor até agora: 256 Geração: 15
Melhor até agora: 254 Geração: 27
Melhor até agora: 253 Geração: 29
Melhor até agora: 252 Geração: 41
Melhor até agora: 251 Geração: 42
Melhor até agora: 250 Geração: 47
Melhor até agora: 248 Geração: 57
Melhor até agora: 247 Geração: 70
Melhor até agora: 246 Geração: 74
Tamanho da população: 300
Fração elite: 0.25
Fração mutante: 0.2
Probabilidade herdar alelo elite: 0.7
Número de populações independentes: 2
Número de threads: 16
Trocar os melhores indivíduos a cada 30 gerações
Número máximo de gerações: 300
Número máximo de iterações sem melhora: 50
Largura da faixa = 12
Melhor altura = 246

Lower Bound 1 = 222
Lower Bound 2 = 190
Avaliação = 1.10811

Tempo de execução: 1s

---------------------------

Melhor até agora: 275 Geração: 0
Melhor até agora: 269 Geração: 6
Melhor até agora: 267 Geração: 9
Melhor até agora: 265 Geração: 12
Melhor até agora: 264 Geração: 15
Melhor até agora: 261 Geração: 17
Melhor até agora: 260 Geração: 26
Melhor até agora: 258 Geração: 28
Melhor até agora: 256 Geração: 31
Melhor até agora: 253 Geração: 39
Melhor até agora: 252 Geração: 45
Melhor até agora: 249 Geração: 49
Melhor até agora: 248 Geração: 52
Melhor até agora: 247 Geração: 68
Melhor até agora: 246 Geração: 79
Melhor até agora: 245 Geração: 85
Melhor até agora: 244 Geração: 86
Melhor até agora: 243 Geração: 119
Melhor até agora: 242 Geração: 126
Tamanho da população: 300
Fração elite: 0.25
Fração mutante: 0.2
Probabilidade herdar alelo elite: 0.7
Número de populações independentes: 2
Número de threads: 16
Trocar os melhores indivíduos a cada 30 gerações
Número máximo de gerações: 300
Número máximo de iterações sem melhora: 50
Largura da faixa = 12
Melhor altura = 242

Lower Bound 1 = 222
Lower Bound 2 = 190
Avaliação = 1.09009

Tempo de execução: 2s

---------------------------

Melhor até agora: 275 Geração: 0
Melhor até agora: 265 Geração: 3
Melhor até agora: 262 Geração: 4
Melhor até agora: 261 Geração: 6
Melhor até agora: 255 Geração: 18
Melhor até agora: 254 Geração: 33
Melhor até agora: 253 Geração: 41
Melhor até agora: 252 Geração: 45
Melhor até agora: 251 Geração: 59
Melhor até agora: 249 Geração: 71
Melhor até agora: 248 Geração: 73
Melhor até agora: 247 Geração: 85
Melhor até agora: 246 Geração: 96
Melhor até agora: 245 Geração: 101
Melhor até agora: 244 Geração: 112
Melhor até agora: 243 Geração: 119
Tamanho da população: 300
Fração elite: 0.25
Fração mutante: 0.2
Probabilidade herdar alelo elite: 0.7
Número de populações independentes: 2
Número de threads: 16
Trocar os melhores indivíduos a cada 30 gerações
Número máximo de gerações: 300
Número máximo de iterações sem melhora: 50
Largura da faixa = 12
Melhor altura = 243

Lower Bound 1 = 222
Lower Bound 2 = 190
Avaliação = 1.09459

Tempo de execução: 2s

---------------------------

Melhor até agora: 275 Geração: 0
Melhor até agora: 272 Geração: 1
Melhor até agora: 270 Geração: 2
Melhor até agora: 267 Geração: 3
Melhor até agora: 266 Geração: 9
Melhor até agora: 263 Geração: 12
Melhor até agora: 262 Geração: 15
Melhor até agora: 260 Geração: 16
Melhor até agora: 258 Geração: 20
Melhor até agora: 255 Geração: 26
Melhor até agora: 254 Geração: 34
Melhor até agora: 253 Geração: 39
Melhor até agora: 252 Geração: 40
Melhor até agora: 250 Geração: 49
Melhor até agora: 247 Geração: 51
Melhor até agora: 246 Geração: 59
Melhor até agora: 245 Geração: 85
Melhor até agora: 244 Geração: 87
Melhor até agora: 242 Geração: 100
Tamanho da população: 300
Fração elite: 0.25
Fração mutante: 0.2
Probabilidade herdar alelo elite: 0.7
Número de populações independentes: 2
Número de threads: 16
Trocar os melhores indivíduos a cada 30 gerações
Número máximo de gerações: 300
Número máximo de iterações sem melhora: 50
Largura da faixa = 12
Melhor altura = 242

Lower Bound 1 = 222
Lower Bound 2 = 190
Avaliação = 1.09009

Tempo de execução: 2s

---------------------------

Melhor até agora: 269 Geração: 0
Melhor até agora: 266 Geração: 4
Melhor até agora: 265 Geração: 5
Melhor até agora: 262 Geração: 10
Melhor até agora: 260 Geração: 17
Melhor até agora: 254 Geração: 29
Melhor até agora: 253 Geração: 47
Melhor até agora: 252 Geração: 51
Melhor até agora: 250 Geração: 55
Melhor até agora: 249 Geração: 57
Melhor até agora: 248 Geração: 64
Melhor até agora: 247 Geração: 72
Melhor até agora: 246 Geração: 83
Melhor até agora: 244 Geração: 88
Melhor até agora: 242 Geração: 99
Tamanho da população: 300
Fração elite: 0.25
Fração mutante: 0.2
Probabilidade herdar alelo elite: 0.7
Número de populações independentes: 2
Número de threads: 16
Trocar os melhores indivíduos a cada 30 gerações
Número máximo de gerações: 300
Número máximo de iterações sem melhora: 50
Largura da faixa = 12
Melhor altura = 242

Lower Bound 1 = 222
Lower Bound 2 = 190
Avaliação = 1.09009

Tempo de execução: 2s

---------------------------

Melhor até agora: 269 Geração: 0
Melhor até agora: 262 Geração: 4
Melhor até agora: 261 Geração: 11
Melhor até agora: 259 Geração: 14
Melhor até agora: 256 Geração: 21
Melhor até agora: 251 Geração: 27
Melhor até agora: 250 Geração: 30
Melhor até agora: 249 Geração: 43
Melhor até agora: 248 Geração: 64
Melhor até agora: 247 Geração: 67
Melhor até agora: 246 Geração: 76
Melhor até agora: 245 Geração: 80
Melhor até agora: 244 Geração: 96
Melhor até agora: 243 Geração: 111
Tamanho da população: 300
Fração elite: 0.25
Fração mutante: 0.2
Probabilidade herdar alelo elite: 0.7
Número de populações independentes: 2
Número de threads: 16
Trocar os melhores indivíduos a cada 30 gerações
Número máximo de gerações: 300
Número máximo de iterações sem melhora: 50
Largura da faixa = 12
Melhor altura = 243

Lower Bound 1 = 222
Lower Bound 2 = 190
Avaliação = 1.09459

Tempo de execução: 2s

---------------------------

Melhor até agora: 269 Geração: 0
Melhor até agora: 268 Geração: 1
Melhor até agora: 265 Geração: 10
Melhor até agora: 261 Geração: 17
Melhor até agora: 260 Geração: 27
Melhor até agora: 255 Geração: 28
Melhor até agora: 254 Geração: 36
Melhor até agora: 252 Geração: 40
Melhor até agora: 251 Geração: 50
Melhor até agora: 250 Geração: 58
Melhor até agora: 246 Geração: 66
Melhor até agora: 245 Geração: 67
Melhor até agora: 244 Geração: 74
Melhor até agora: 242 Geração: 84
Tamanho da população: 300
Fração elite: 0.25
Fração mutante: 0.2
Probabilidade herdar alelo elite: 0.7
Número de populações independentes: 2
Número de threads: 16
Trocar os melhores indivíduos a cada 30 gerações
Número máximo de gerações: 300
Número máximo de iterações sem melhora: 50
Largura da faixa = 12
Melhor altura = 242

Lower Bound 1 = 222
Lower Bound 2 = 190
Avaliação = 1.09009

Tempo de execução: 1s

---------------------------

Melhor até agora: 266 Geração: 0
Melhor até agora: 261 Geração: 10
Melhor até agora: 258 Geração: 25
Melhor até agora: 255 Geração: 28
Melhor até agora: 253 Geração: 32
Melhor até agora: 252 Geração: 47
Melhor até agora: 251 Geração: 55
Melhor até agora: 248 Geração: 57
Melhor até agora: 247 Geração: 60
Melhor até agora: 246 Geração: 84
Melhor até agora: 245 Geração: 85
Melhor até agora: 243 Geração: 98
Tamanho da população: 300
Fração elite: 0.25
Fração mutante: 0.2
Probabilidade herdar alelo elite: 0.7
Número de populações independentes: 2
Número de threads: 16
Trocar os melhores indivíduos a cada 30 gerações
Número máximo de gerações: 300
Número máximo de iterações sem melhora: 50
Largura da faixa = 12
Melhor altura = 243

Lower Bound 1 = 222
Lower Bound 2 = 190
Avaliação = 1.09459

Tempo de execução: 2s

---------------------------

Melhor até agora: 275 Geração: 0
Melhor até agora: 273 Geração: 2
Melhor até agora: 269 Geração: 8
Melhor até agora: 267 Geração: 13
Melhor até agora: 266 Geração: 14
Melhor até agora: 264 Geração: 15
Melhor até agora: 259 Geração: 17
Melhor até agora: 258 Geração: 18
Melhor até agora: 255 Geração: 24
Melhor até agora: 254 Geração: 45
Melhor até agora: 253 Geração: 47
Melhor até agora: 252 Geração: 59
Melhor até agora: 250 Geração: 61
Melhor até agora: 248 Geração: 73
Melhor até agora: 246 Geração: 96
Melhor até agora: 244 Geração: 110
Melhor até agora: 243 Geração: 116
Tamanho da população: 300
Fração elite: 0.25
Fração mutante: 0.2
Probabilidade herdar alelo elite: 0.7
Número de populações independentes: 2
Número de threads: 16
Trocar os melhores indivíduos a cada 30 gerações
Número máximo de gerações: 300
Número máximo de iterações sem melhora: 50
Largura da faixa = 12
Melhor altura = 243

Lower Bound 1 = 222
Lower Bound 2 = 190
Avaliação = 1.09459

Tempo de execução: 2s

---------------------------

Tamanho da população: 297
Fração elite: 0.55
Fração mutante: 0.0174
Probabilidade herdar alelo elite: 0.7678
Número de populações independentes: 1
Número de threads: 1
Trocar os melhores indivíduos a cada 30 gerações
Número máximo de gerações: 279

Largura da faixa = 12
Melhor altura = 242

Lower Bound 1 = 222
Lower Bound 2 = 190
Avaliação = 1.09009

Tempo de execução: 3.20749s

---------------------------

Tamanho da população: 297
Fração elite: 0.55
Fração mutante: 0.0174
Probabilidade herdar alelo elite: 0.7678
Número de populações independentes: 1
Número de threads: 1
Trocar os melhores indivíduos a cada 30 gerações
Número máximo de gerações: 279

Largura da faixa = 12
Melhor altura = 242

Lower Bound 1 = 222
Lower Bound 2 = 190
Avaliação = 1.09009

Tempo de execução: 3.21304s

---------------------------

Tamanho da população: 297
Fração elite: 0.55
Fração mutante: 0.0174
Probabilidade herdar alelo elite: 0.7678
Número de populações independentes: 1
Número de threads: 1
Trocar os melhores indivíduos a cada 30 gerações
Número máximo de gerações: 279

Largura da faixa = 12
Melhor altura = 244

Lower Bound 1 = 222
Lower Bound 2 = 190
Avaliação = 1.0991

Tempo de execução: 3.25882s

---------------------------

Tamanho da população: 297
Fração elite: 0.55
Fração mutante: 0.0174
Probabilidade herdar alelo elite: 0.7678
Número de populações independentes: 1
Número de threads: 1
Trocar os melhores indivíduos a cada 30 gerações
Número máximo de gerações: 279

Largura da faixa = 12
Melhor altura = 241

Lower Bound 1 = 222
Lower Bound 2 = 190
Avaliação = 1.08559

Tempo de execução: 3.21288s

---------------------------

Tamanho da população: 297
Fração elite: 0.55
Fração mutante: 0.0174
Probabilidade herdar alelo elite: 0.7678
Número de populações independentes: 1
Número de threads: 1
Trocar os melhores indivíduos a cada 30 gerações
Número máximo de gerações: 279

Largura da faixa = 12
Melhor altura = 242

Lower Bound 1 = 222
Lower Bound 2 = 190
Avaliação = 1.09009

Tempo de execução: 3.219s

---------------------------

Tamanho da população: 297
Fração elite: 0.55
Fração mutante: 0.0174
Probabilidade herdar alelo elite: 0.7678
Número de populações independentes: 1
Número de threads: 1
Trocar os melhores indivíduos a cada 30 gerações
Número máximo de gerações: 279

Largura da faixa = 12
Melhor altura = 240

Lower Bound 1 = 222
Lower Bound 2 = 190
Avaliação = 1.08108

Tempo de execução: 3.29537s

---------------------------

Tamanho da população: 297
Fração elite: 0.55
Fração mutante: 0.0174
Probabilidade herdar alelo elite: 0.7678
Número de populações independentes: 1
Número de threads: 1
Trocar os melhores indivíduos a cada 30 gerações
Número máximo de gerações: 279

Largura da faixa = 12
Melhor altura = 245

Lower Bound 1 = 222
Lower Bound 2 = 190
Avaliação = 1.1036

Tempo de execução: 3.23857s

---------------------------

Tamanho da população: 297
Fração elite: 0.55
Fração mutante: 0.0174
Probabilidade herdar alelo elite: 0.7678
Número de populações independentes: 1
Número de threads: 1
Trocar os melhores indivíduos a cada 30 gerações
Número máximo de gerações: 279

Largura da faixa = 12
Melhor altura = 243

Lower Bound 1 = 222
Lower Bound 2 = 190
Avaliação = 1.09459

Tempo de execução: 3.29192s

---------------------------

Tamanho da população: 297
Fração elite: 0.55
Fração mutante: 0.0174
Probabilidade herdar alelo elite: 0.7678
Número de populações independentes: 1
Número de threads: 1
Trocar os melhores indivíduos a cada 30 gerações
Número máximo de gerações: 279

Largura da faixa = 12
Melhor altura = 243

Lower Bound 1 = 222
Lower Bound 2 = 190
Avaliação = 1.09459

Tempo de execução: 3.37419s

---------------------------

Tamanho da população: 297
Fração elite: 0.55
Fração mutante: 0.0174
Probabilidade herdar alelo elite: 0.7678
Número de populações independentes: 1
Número de threads: 1
Trocar os melhores indivíduos a cada 30 gerações
Número máximo de gerações: 279

Largura da faixa = 12
Melhor altura = 244

Lower Bound 1 = 222
Lower Bound 2 = 190
Avaliação = 1.0991

Tempo de execução: 3.16105s

---------------------------

Tamanho da população: 297
Fração elite: 0.55
Fração mutante: 0.0174
Probabilidade herdar alelo elite: 0.7678
Número de populações independentes: 1
Número de threads: 1
Trocar os melhores indivíduos a cada 30 gerações
Número máximo de gerações: 279

Largura da faixa = 12
Melhor altura = 242

Lower Bound 1 = 222
Lower Bound 2 = 190
Avaliação = 1.09009

Tempo de execução: 3.19035s

---------------------------

Tamanho da população: 297
Fração elite: 0.55
Fração mutante: 0.0174
Probabilidade herdar alelo elite: 0.7678
Número de populações independentes: 1
Número de threads: 1
Trocar os melhores indivíduos a cada 30 gerações
Número máximo de gerações: 279

Largura da faixa = 12
Melhor altura = 240

Lower Bound 1 = 222
Lower Bound 2 = 190
Avaliação = 1.08108

Tempo de execução: 3.2322s

---------------------------

Tamanho da população: 297
Fração elite: 0.55
Fração mutante: 0.0174
Probabilidade herdar alelo elite: 0.7678
Número de populações independentes: 1
Número de threads: 1
Trocar os melhores indivíduos a cada 30 gerações
Número máximo de gerações: 279

Largura da faixa = 12
Melhor altura = 245

Lower Bound 1 = 222
Lower Bound 2 = 190
Avaliação = 1.1036

Tempo de execução: 3.21145s

---------------------------

Tamanho da população: 297
Fração elite: 0.55
Fração mutante: 0.0174
Probabilidade herdar alelo elite: 0.7678
Número de populações independentes: 1
Número de threads: 1
Trocar os melhores indivíduos a cada 30 gerações
Número máximo de gerações: 279

Largura da faixa = 12
Melhor altura = 242

Lower Bound 1 = 222
Lower Bound 2 = 190
Avaliação = 1.09009

Tempo de execução: 3.24189s

---------------------------

Tamanho da população: 297
Fração elite: 0.55
Fração mutante: 0.0174
Probabilidade herdar alelo elite: 0.7678
Número de populações independentes: 1
Número de threads: 1
Trocar os melhores indivíduos a cada 30 gerações
Número máximo de gerações: 279

Largura da faixa = 12
Melhor altura = 240

Lower Bound 1 = 222
Lower Bound 2 = 190
Avaliação = 1.08108

Tempo de execução: 3.26137s

---------------------------

Tamanho da população: 297
Fração elite: 0.55
Fração mutante: 0.0174
Probabilidade herdar alelo elite: 0.7678
Número de populações independentes: 1
Número de threads: 1
Trocar os melhores indivíduos a cada 30 gerações
Número máximo de gerações: 279

Largura da faixa = 12
Melhor altura = 243

Lower Bound 1 = 222
Lower Bound 2 = 190
Avaliação = 1.09459

Tempo de execução: 3.23269s

---------------------------

Tamanho da população: 297
Fração elite: 0.55
Fração mutante: 0.0174
Probabilidade herdar alelo elite: 0.7678
Número de populações independentes: 1
Número de threads: 1
Trocar os melhores indivíduos a cada 30 gerações
Número máximo de gerações: 279

Largura da faixa = 12
Melhor altura = 244

Lower Bound 1 = 222
Lower Bound 2 = 190
Avaliação = 1.0991

Tempo de execução: 3.28221s

---------------------------

Tamanho da população: 297
Fração elite: 0.55
Fração mutante: 0.0174
Probabilidade herdar alelo elite: 0.7678
Número de populações independentes: 1
Número de threads: 1
Trocar os melhores indivíduos a cada 30 gerações
Número máximo de gerações: 279

Largura da faixa = 12
Melhor altura = 240

Lower Bound 1 = 222
Lower Bound 2 = 190
Avaliação = 1.08108

Tempo de execução: 3.31127s

---------------------------

Tamanho da população: 297
Fração elite: 0.55
Fração mutante: 0.0174
Probabilidade herdar alelo elite: 0.7678
Número de populações independentes: 1
Número de threads: 1
Trocar os melhores indivíduos a cada 30 gerações
Número máximo de gerações: 279

Largura da faixa = 12
Melhor altura = 244

Lower Bound 1 = 222
Lower Bound 2 = 190
Avaliação = 1.0991

Tempo de execução: 3.12288s

---------------------------

Tamanho da população: 297
Fração elite: 0.55
Fração mutante: 0.0174
Probabilidade herdar alelo elite: 0.7678
Número de populações independentes: 1
Número de threads: 1
Trocar os melhores indivíduos a cada 30 gerações
Número máximo de gerações: 279

Largura da faixa = 12
Melhor altura = 242

Lower Bound 1 = 222
Lower Bound 2 = 190
Avaliação = 1.09009

Tempo de execução: 3.28457s

---------------------------

