Número de cromossomos: 160
Tamanho da população: 1000
Fração elite: 0.3
Fração mutante: 0.4
Probabilidade herdar alelo elite: 0.8
Número de populações independentes: 3
Número de threads: 2
Melhor até agora: 579 Geração: 0
Melhor até agora: 575 Geração: 1
Melhor até agora: 574 Geração: 2
Melhor até agora: 572 Geração: 3
Melhor até agora: 571 Geração: 5
Melhor até agora: 567 Geração: 7
Melhor até agora: 564 Geração: 9
Melhor até agora: 562 Geração: 16
Melhor até agora: 560 Geração: 19
Melhor até agora: 559 Geração: 20
Melhor até agora: 558 Geração: 21
Melhor até agora: 557 Geração: 25
Melhor até agora: 556 Geração: 28
Melhor até agora: 555 Geração: 32
Melhor até agora: 553 Geração: 33
Melhor até agora: 551 Geração: 36
Melhor até agora: 550 Geração: 48
Melhor até agora: 548 Geração: 59
Melhor até agora: 547 Geração: 81
Largura da faixa = 12
Melhor altura = 547

Lower Bound 1 = 417
Lower Bound 2 = 322
Avaliação = 1.31175
Tempo de execução: 26381ms

---------------------------

