Número de cromossomos: 200
Tamanho da população: 1000
Fração elite: 0.3
Fração mutante: 0.4
Probabilidade herdar alelo elite: 0.8
Número de populações independentes: 3
Número de threads: 2
Melhor até agora: 724 Geração: 0
Melhor até agora: 721 Geração: 2
Melhor até agora: 719 Geração: 3
Melhor até agora: 716 Geração: 4
Melhor até agora: 710 Geração: 8
Melhor até agora: 708 Geração: 11
Melhor até agora: 707 Geração: 12
Melhor até agora: 702 Geração: 16
Melhor até agora: 700 Geração: 19
Melhor até agora: 699 Geração: 27
Melhor até agora: 697 Geração: 28
Melhor até agora: 695 Geração: 34
Melhor até agora: 691 Geração: 37
Melhor até agora: 689 Geração: 45
Melhor até agora: 688 Geração: 48
Melhor até agora: 687 Geração: 50
Melhor até agora: 685 Geração: 51
Melhor até agora: 684 Geração: 64
Largura da faixa = 12
Melhor altura = 684

Lower Bound 1 = 518
Lower Bound 2 = 329
Avaliação = 1.32046
Tempo de execução: 32381ms

---------------------------

