Melhor até agora: 217 Geração: 0
Melhor até agora: 215 Geração: 6
Melhor até agora: 214 Geração: 9
Melhor até agora: 210 Geração: 10
Melhor até agora: 209 Geração: 11
Melhor até agora: 206 Geração: 13
Melhor até agora: 205 Geração: 16
Melhor até agora: 204 Geração: 17
Melhor até agora: 203 Geração: 60
Tamanho da população: 300
Fração elite: 0.25
Fração mutante: 0.2
Probabilidade herdar alelo elite: 0.7
Número de populações independentes: 2
Número de threads: 16
Trocar os melhores indivíduos a cada 30 gerações
Número máximo de gerações: 300
Número máximo de iterações sem melhora: 50
Largura da faixa = 12
Melhor altura = 203

Lower Bound 1 = 174
Lower Bound 2 = 137
Avaliação = 1.16667

Tempo de execução: 0s

---------------------------

Melhor até agora: 209 Geração: 0
Melhor até agora: 204 Geração: 19
Melhor até agora: 203 Geração: 27
Melhor até agora: 202 Geração: 38
Melhor até agora: 201 Geração: 52
Melhor até agora: 200 Geração: 76
Melhor até agora: 198 Geração: 89
Tamanho da população: 300
Fração elite: 0.25
Fração mutante: 0.2
Probabilidade herdar alelo elite: 0.7
Número de populações independentes: 2
Número de threads: 16
Trocar os melhores indivíduos a cada 30 gerações
Número máximo de gerações: 300
Número máximo de iterações sem melhora: 50
Largura da faixa = 12
Melhor altura = 198

Lower Bound 1 = 174
Lower Bound 2 = 137
Avaliação = 1.13793

Tempo de execução: 1s

---------------------------

Melhor até agora: 219 Geração: 0
Melhor até agora: 211 Geração: 3
Melhor até agora: 204 Geração: 15
Melhor até agora: 202 Geração: 26
Melhor até agora: 199 Geração: 34
Melhor até agora: 198 Geração: 71
Tamanho da população: 300
Fração elite: 0.25
Fração mutante: 0.2
Probabilidade herdar alelo elite: 0.7
Número de populações independentes: 2
Número de threads: 16
Trocar os melhores indivíduos a cada 30 gerações
Número máximo de gerações: 300
Número máximo de iterações sem melhora: 50
Largura da faixa = 12
Melhor altura = 198

Lower Bound 1 = 174
Lower Bound 2 = 137
Avaliação = 1.13793

Tempo de execução: 0s

---------------------------

Melhor até agora: 219 Geração: 0
Melhor até agora: 216 Geração: 1
Melhor até agora: 214 Geração: 5
Melhor até agora: 205 Geração: 13
Melhor até agora: 204 Geração: 16
Melhor até agora: 203 Geração: 27
Melhor até agora: 202 Geração: 30
Melhor até agora: 201 Geração: 33
Melhor até agora: 200 Geração: 49
Melhor até agora: 199 Geração: 58
Tamanho da população: 300
Fração elite: 0.25
Fração mutante: 0.2
Probabilidade herdar alelo elite: 0.7
Número de populações independentes: 2
Número de threads: 16
Trocar os melhores indivíduos a cada 30 gerações
Número máximo de gerações: 300
Número máximo de iterações sem melhora: 50
Largura da faixa = 12
Melhor altura = 199

Lower Bound 1 = 174
Lower Bound 2 = 137
Avaliação = 1.14368

Tempo de execução: 1s

---------------------------

Melhor até agora: 216 Geração: 0
Melhor até agora: 214 Geração: 2
Melhor até agora: 211 Geração: 4
Melhor até agora: 204 Geração: 12
Melhor até agora: 202 Geração: 26
Melhor até agora: 200 Geração: 29
Melhor até agora: 199 Geração: 44
Tamanho da população: 300
Fração elite: 0.25
Fração mutante: 0.2
Probabilidade herdar alelo elite: 0.7
Número de populações independentes: 2
Número de threads: 16
Trocar os melhores indivíduos a cada 30 gerações
Número máximo de gerações: 300
Número máximo de iterações sem melhora: 50
Largura da faixa = 12
Melhor altura = 199

Lower Bound 1 = 174
Lower Bound 2 = 137
Avaliação = 1.14368

Tempo de execução: 0s

---------------------------

Melhor até agora: 219 Geração: 0
Melhor até agora: 217 Geração: 3
Melhor até agora: 214 Geração: 4
Melhor até agora: 210 Geração: 6
Melhor até agora: 206 Geração: 11
Melhor até agora: 204 Geração: 12
Melhor até agora: 203 Geração: 35
Tamanho da população: 300
Fração elite: 0.25
Fração mutante: 0.2
Probabilidade herdar alelo elite: 0.7
Número de populações independentes: 2
Número de threads: 16
Trocar os melhores indivíduos a cada 30 gerações
Número máximo de gerações: 300
Número máximo de iterações sem melhora: 50
Largura da faixa = 12
Melhor altura = 203

Lower Bound 1 = 174
Lower Bound 2 = 137
Avaliação = 1.16667

Tempo de execução: 0s

---------------------------

Melhor até agora: 214 Geração: 0
Melhor até agora: 213 Geração: 6
Melhor até agora: 211 Geração: 10
Melhor até agora: 209 Geração: 12
Melhor até agora: 205 Geração: 15
Melhor até agora: 204 Geração: 19
Melhor até agora: 203 Geração: 22
Melhor até agora: 202 Geração: 27
Melhor até agora: 200 Geração: 39
Melhor até agora: 199 Geração: 44
Melhor até agora: 198 Geração: 64
Tamanho da população: 300
Fração elite: 0.25
Fração mutante: 0.2
Probabilidade herdar alelo elite: 0.7
Número de populações independentes: 2
Número de threads: 16
Trocar os melhores indivíduos a cada 30 gerações
Número máximo de gerações: 300
Número máximo de iterações sem melhora: 50
Largura da faixa = 12
Melhor altura = 198

Lower Bound 1 = 174
Lower Bound 2 = 137
Avaliação = 1.13793

Tempo de execução: 0s

---------------------------

Melhor até agora: 219 Geração: 0
Melhor até agora: 218 Geração: 5
Melhor até agora: 214 Geração: 8
Melhor até agora: 211 Geração: 13
Melhor até agora: 209 Geração: 21
Melhor até agora: 207 Geração: 22
Melhor até agora: 205 Geração: 23
Melhor até agora: 204 Geração: 26
Melhor até agora: 202 Geração: 28
Melhor até agora: 201 Geração: 72
Tamanho da população: 300
Fração elite: 0.25
Fração mutante: 0.2
Probabilidade herdar alelo elite: 0.7
Número de populações independentes: 2
Número de threads: 16
Trocar os melhores indivíduos a cada 30 gerações
Número máximo de gerações: 300
Número máximo de iterações sem melhora: 50
Largura da faixa = 12
Melhor altura = 201

Lower Bound 1 = 174
Lower Bound 2 = 137
Avaliação = 1.15517

Tempo de execução: 1s

---------------------------

Melhor até agora: 219 Geração: 0
Melhor até agora: 218 Geração: 2
Melhor até agora: 215 Geração: 5
Melhor até agora: 214 Geração: 12
Melhor até agora: 212 Geração: 15
Melhor até agora: 211 Geração: 16
Melhor até agora: 209 Geração: 21
Melhor até agora: 205 Geração: 22
Melhor até agora: 204 Geração: 23
Melhor até agora: 203 Geração: 46
Tamanho da população: 300
Fração elite: 0.25
Fração mutante: 0.2
Probabilidade herdar alelo elite: 0.7
Número de populações independentes: 2
Número de threads: 16
Trocar os melhores indivíduos a cada 30 gerações
Número máximo de gerações: 300
Número máximo de iterações sem melhora: 50
Largura da faixa = 12
Melhor altura = 203

Lower Bound 1 = 174
Lower Bound 2 = 137
Avaliação = 1.16667

Tempo de execução: 0s

---------------------------

Melhor até agora: 219 Geração: 0
Melhor até agora: 216 Geração: 2
Melhor até agora: 213 Geração: 3
Melhor até agora: 209 Geração: 12
Melhor até agora: 208 Geração: 15
Melhor até agora: 204 Geração: 19
Melhor até agora: 203 Geração: 27
Melhor até agora: 202 Geração: 34
Melhor até agora: 201 Geração: 53
Melhor até agora: 199 Geração: 58
Melhor até agora: 196 Geração: 77
Melhor até agora: 195 Geração: 119
Tamanho da população: 300
Fração elite: 0.25
Fração mutante: 0.2
Probabilidade herdar alelo elite: 0.7
Número de populações independentes: 2
Número de threads: 16
Trocar os melhores indivíduos a cada 30 gerações
Número máximo de gerações: 300
Número máximo de iterações sem melhora: 50
Largura da faixa = 12
Melhor altura = 195

Lower Bound 1 = 174
Lower Bound 2 = 137
Avaliação = 1.12069

Tempo de execução: 1s

---------------------------

Melhor até agora: 219 Geração: 0
Melhor até agora: 217 Geração: 6
Melhor até agora: 214 Geração: 8
Melhor até agora: 213 Geração: 11
Melhor até agora: 211 Geração: 12
Melhor até agora: 208 Geração: 14
Melhor até agora: 204 Geração: 15
Melhor até agora: 202 Geração: 31
Melhor até agora: 199 Geração: 40
Melhor até agora: 198 Geração: 89
Tamanho da população: 300
Fração elite: 0.25
Fração mutante: 0.2
Probabilidade herdar alelo elite: 0.7
Número de populações independentes: 2
Número de threads: 16
Trocar os melhores indivíduos a cada 30 gerações
Número máximo de gerações: 300
Número máximo de iterações sem melhora: 50
Largura da faixa = 12
Melhor altura = 198

Lower Bound 1 = 174
Lower Bound 2 = 137
Avaliação = 1.13793

Tempo de execução: 1s

---------------------------

Melhor até agora: 219 Geração: 0
Melhor até agora: 216 Geração: 3
Melhor até agora: 213 Geração: 6
Melhor até agora: 211 Geração: 10
Melhor até agora: 205 Geração: 16
Melhor até agora: 204 Geração: 21
Melhor até agora: 203 Geração: 30
Melhor até agora: 202 Geração: 31
Melhor até agora: 201 Geração: 49
Melhor até agora: 199 Geração: 65
Melhor até agora: 198 Geração: 99
Tamanho da população: 300
Fração elite: 0.25
Fração mutante: 0.2
Probabilidade herdar alelo elite: 0.7
Número de populações independentes: 2
Número de threads: 16
Trocar os melhores indivíduos a cada 30 gerações
Número máximo de gerações: 300
Número máximo de iterações sem melhora: 50
Largura da faixa = 12
Melhor altura = 198

Lower Bound 1 = 174
Lower Bound 2 = 137
Avaliação = 1.13793

Tempo de execução: 1s

---------------------------

Melhor até agora: 217 Geração: 0
Melhor até agora: 213 Geração: 7
Melhor até agora: 211 Geração: 13
Melhor até agora: 210 Geração: 16
Melhor até agora: 209 Geração: 18
Melhor até agora: 206 Geração: 19
Melhor até agora: 205 Geração: 22
Melhor até agora: 204 Geração: 23
Melhor até agora: 203 Geração: 60
Tamanho da população: 300
Fração elite: 0.25
Fração mutante: 0.2
Probabilidade herdar alelo elite: 0.7
Número de populações independentes: 2
Número de threads: 16
Trocar os melhores indivíduos a cada 30 gerações
Número máximo de gerações: 300
Número máximo de iterações sem melhora: 50
Largura da faixa = 12
Melhor altura = 203

Lower Bound 1 = 174
Lower Bound 2 = 137
Avaliação = 1.16667

Tempo de execução: 0s

---------------------------

Melhor até agora: 219 Geração: 0
Melhor até agora: 214 Geração: 3
Melhor até agora: 212 Geração: 7
Melhor até agora: 211 Geração: 13
Melhor até agora: 210 Geração: 15
Melhor até agora: 204 Geração: 18
Melhor até agora: 203 Geração: 22
Melhor até agora: 202 Geração: 25
Melhor até agora: 199 Geração: 32
Melhor até agora: 198 Geração: 53
Tamanho da população: 300
Fração elite: 0.25
Fração mutante: 0.2
Probabilidade herdar alelo elite: 0.7
Número de populações independentes: 2
Número de threads: 16
Trocar os melhores indivíduos a cada 30 gerações
Número máximo de gerações: 300
Número máximo de iterações sem melhora: 50
Largura da faixa = 12
Melhor altura = 198

Lower Bound 1 = 174
Lower Bound 2 = 137
Avaliação = 1.13793

Tempo de execução: 0s

---------------------------

Melhor até agora: 219 Geração: 0
Melhor até agora: 217 Geração: 2
Melhor até agora: 216 Geração: 7
Melhor até agora: 206 Geração: 14
Melhor até agora: 204 Geração: 21
Melhor até agora: 203 Geração: 32
Tamanho da população: 300
Fração elite: 0.25
Fração mutante: 0.2
Probabilidade herdar alelo elite: 0.7
Número de populações independentes: 2
Número de threads: 16
Trocar os melhores indivíduos a cada 30 gerações
Número máximo de gerações: 300
Número máximo de iterações sem melhora: 50
Largura da faixa = 12
Melhor altura = 203

Lower Bound 1 = 174
Lower Bound 2 = 137
Avaliação = 1.16667

Tempo de execução: 0s

---------------------------

Melhor até agora: 217 Geração: 0
Melhor até agora: 214 Geração: 11
Melhor até agora: 212 Geração: 14
Melhor até agora: 205 Geração: 18
Melhor até agora: 204 Geração: 25
Melhor até agora: 202 Geração: 31
Melhor até agora: 201 Geração: 43
Melhor até agora: 200 Geração: 47
Melhor até agora: 199 Geração: 51
Tamanho da população: 300
Fração elite: 0.25
Fração mutante: 0.2
Probabilidade herdar alelo elite: 0.7
Número de populações independentes: 2
Número de threads: 16
Trocar os melhores indivíduos a cada 30 gerações
Número máximo de gerações: 300
Número máximo de iterações sem melhora: 50
Largura da faixa = 12
Melhor altura = 199

Lower Bound 1 = 174
Lower Bound 2 = 137
Avaliação = 1.14368

Tempo de execução: 0s

---------------------------

Melhor até agora: 216 Geração: 0
Melhor até agora: 209 Geração: 1
Melhor até agora: 204 Geração: 14
Tamanho da população: 300
Fração elite: 0.25
Fração mutante: 0.2
Probabilidade herdar alelo elite: 0.7
Número de populações independentes: 2
Número de threads: 16
Trocar os melhores indivíduos a cada 30 gerações
Número máximo de gerações: 300
Número máximo de iterações sem melhora: 50
Largura da faixa = 12
Melhor altura = 204

Lower Bound 1 = 174
Lower Bound 2 = 137
Avaliação = 1.17241

Tempo de execução: 0s

---------------------------

Melhor até agora: 219 Geração: 0
Melhor até agora: 217 Geração: 4
Melhor até agora: 216 Geração: 5
Melhor até agora: 214 Geração: 7
Melhor até agora: 211 Geração: 9
Melhor até agora: 209 Geração: 10
Melhor até agora: 207 Geração: 13
Melhor até agora: 205 Geração: 16
Melhor até agora: 204 Geração: 17
Melhor até agora: 203 Geração: 27
Melhor até agora: 202 Geração: 31
Melhor até agora: 201 Geração: 67
Melhor até agora: 199 Geração: 78
Melhor até agora: 198 Geração: 108
Tamanho da população: 300
Fração elite: 0.25
Fração mutante: 0.2
Probabilidade herdar alelo elite: 0.7
Número de populações independentes: 2
Número de threads: 16
Trocar os melhores indivíduos a cada 30 gerações
Número máximo de gerações: 300
Número máximo de iterações sem melhora: 50
Largura da faixa = 12
Melhor altura = 198

Lower Bound 1 = 174
Lower Bound 2 = 137
Avaliação = 1.13793

Tempo de execução: 1s

---------------------------

Melhor até agora: 215 Geração: 0
Melhor até agora: 209 Geração: 3
Melhor até agora: 205 Geração: 10
Melhor até agora: 204 Geração: 18
Melhor até agora: 203 Geração: 25
Melhor até agora: 201 Geração: 72
Melhor até agora: 198 Geração: 121
Melhor até agora: 197 Geração: 137
Tamanho da população: 300
Fração elite: 0.25
Fração mutante: 0.2
Probabilidade herdar alelo elite: 0.7
Número de populações independentes: 2
Número de threads: 16
Trocar os melhores indivíduos a cada 30 gerações
Número máximo de gerações: 300
Número máximo de iterações sem melhora: 50
Largura da faixa = 12
Melhor altura = 197

Lower Bound 1 = 174
Lower Bound 2 = 137
Avaliação = 1.13218

Tempo de execução: 1s

---------------------------

Melhor até agora: 219 Geração: 0
Melhor até agora: 216 Geração: 2
Melhor até agora: 214 Geração: 6
Melhor até agora: 211 Geração: 9
Melhor até agora: 209 Geração: 14
Melhor até agora: 207 Geração: 15
Melhor até agora: 206 Geração: 19
Melhor até agora: 204 Geração: 23
Melhor até agora: 203 Geração: 26
Melhor até agora: 201 Geração: 39
Melhor até agora: 199 Geração: 62
Tamanho da população: 300
Fração elite: 0.25
Fração mutante: 0.2
Probabilidade herdar alelo elite: 0.7
Número de populações independentes: 2
Número de threads: 16
Trocar os melhores indivíduos a cada 30 gerações
Número máximo de gerações: 300
Número máximo de iterações sem melhora: 50
Largura da faixa = 12
Melhor altura = 199

Lower Bound 1 = 174
Lower Bound 2 = 137
Avaliação = 1.14368

Tempo de execução: 0s

---------------------------

Melhor até agora: 219 Geração: 0
Melhor até agora: 214 Geração: 4
Melhor até agora: 213 Geração: 8
Melhor até agora: 211 Geração: 12
Melhor até agora: 209 Geração: 13
Melhor até agora: 204 Geração: 18
Melhor até agora: 202 Geração: 31
Melhor até agora: 201 Geração: 39
Melhor até agora: 199 Geração: 48
Melhor até agora: 198 Geração: 86
Melhor até agora: 197 Geração: 94
Melhor até agora: 196 Geração: 102
Tamanho da população: 300
Fração elite: 0.25
Fração mutante: 0.2
Probabilidade herdar alelo elite: 0.7
Número de populações independentes: 2
Número de threads: 16
Trocar os melhores indivíduos a cada 30 gerações
Número máximo de gerações: 300
Número máximo de iterações sem melhora: 50
Largura da faixa = 12
Melhor altura = 196

Lower Bound 1 = 174
Lower Bound 2 = 137
Avaliação = 1.12644

Tempo de execução: 1s

---------------------------

Melhor até agora: 209 Geração: 0
Melhor até agora: 208 Geração: 5
Melhor até agora: 206 Geração: 7
Melhor até agora: 204 Geração: 19
Melhor até agora: 203 Geração: 38
Melhor até agora: 202 Geração: 39
Melhor até agora: 199 Geração: 52
Melhor até agora: 198 Geração: 66
Melhor até agora: 197 Geração: 73
Melhor até agora: 196 Geração: 118
Melhor até agora: 195 Geração: 143
Tamanho da população: 300
Fração elite: 0.25
Fração mutante: 0.2
Probabilidade herdar alelo elite: 0.7
Número de populações independentes: 2
Número de threads: 16
Trocar os melhores indivíduos a cada 30 gerações
Número máximo de gerações: 300
Número máximo de iterações sem melhora: 50
Largura da faixa = 12
Melhor altura = 195

Lower Bound 1 = 174
Lower Bound 2 = 137
Avaliação = 1.12069

Tempo de execução: 2s

---------------------------

Melhor até agora: 216 Geração: 0
Melhor até agora: 209 Geração: 1
Melhor até agora: 206 Geração: 4
Melhor até agora: 201 Geração: 10
Melhor até agora: 199 Geração: 13
Melhor até agora: 198 Geração: 45
Melhor até agora: 197 Geração: 47
Melhor até agora: 196 Geração: 56
Tamanho da população: 300
Fração elite: 0.25
Fração mutante: 0.2
Probabilidade herdar alelo elite: 0.7
Número de populações independentes: 2
Número de threads: 16
Trocar os melhores indivíduos a cada 30 gerações
Número máximo de gerações: 300
Número máximo de iterações sem melhora: 50
Largura da faixa = 12
Melhor altura = 196

Lower Bound 1 = 174
Lower Bound 2 = 137
Avaliação = 1.12644

Tempo de execução: 1s

---------------------------

Melhor até agora: 219 Geração: 0
Melhor até agora: 204 Geração: 2
Melhor até agora: 202 Geração: 22
Melhor até agora: 201 Geração: 34
Melhor até agora: 199 Geração: 45
Melhor até agora: 198 Geração: 72
Melhor até agora: 197 Geração: 82
Melhor até agora: 196 Geração: 93
Melhor até agora: 195 Geração: 130
Tamanho da população: 300
Fração elite: 0.25
Fração mutante: 0.2
Probabilidade herdar alelo elite: 0.7
Número de populações independentes: 2
Número de threads: 16
Trocar os melhores indivíduos a cada 30 gerações
Número máximo de gerações: 300
Número máximo de iterações sem melhora: 50
Largura da faixa = 12
Melhor altura = 195

Lower Bound 1 = 174
Lower Bound 2 = 137
Avaliação = 1.12069

Tempo de execução: 2s

---------------------------

Melhor até agora: 211 Geração: 0
Melhor até agora: 204 Geração: 5
Melhor até agora: 202 Geração: 22
Melhor até agora: 200 Geração: 26
Melhor até agora: 199 Geração: 33
Melhor até agora: 198 Geração: 39
Melhor até agora: 196 Geração: 67
Tamanho da população: 300
Fração elite: 0.25
Fração mutante: 0.2
Probabilidade herdar alelo elite: 0.7
Número de populações independentes: 2
Número de threads: 16
Trocar os melhores indivíduos a cada 30 gerações
Número máximo de gerações: 300
Número máximo de iterações sem melhora: 50
Largura da faixa = 12
Melhor altura = 196

Lower Bound 1 = 174
Lower Bound 2 = 137
Avaliação = 1.12644

Tempo de execução: 1s

---------------------------

Melhor até agora: 217 Geração: 0
Melhor até agora: 215 Geração: 1
Melhor até agora: 214 Geração: 5
Melhor até agora: 213 Geração: 6
Melhor até agora: 207 Geração: 12
Melhor até agora: 206 Geração: 13
Melhor até agora: 205 Geração: 15
Melhor até agora: 204 Geração: 19
Melhor até agora: 202 Geração: 23
Melhor até agora: 201 Geração: 37
Melhor até agora: 199 Geração: 43
Melhor até agora: 198 Geração: 90
Tamanho da população: 300
Fração elite: 0.25
Fração mutante: 0.2
Probabilidade herdar alelo elite: 0.7
Número de populações independentes: 2
Número de threads: 16
Trocar os melhores indivíduos a cada 30 gerações
Número máximo de gerações: 300
Número máximo de iterações sem melhora: 50
Largura da faixa = 12
Melhor altura = 198

Lower Bound 1 = 174
Lower Bound 2 = 137
Avaliação = 1.13793

Tempo de execução: 1s

---------------------------

Melhor até agora: 216 Geração: 0
Melhor até agora: 214 Geração: 2
Melhor até agora: 204 Geração: 6
Melhor até agora: 202 Geração: 30
Melhor até agora: 201 Geração: 41
Melhor até agora: 199 Geração: 47
Melhor até agora: 198 Geração: 68
Melhor até agora: 197 Geração: 114
Tamanho da população: 300
Fração elite: 0.25
Fração mutante: 0.2
Probabilidade herdar alelo elite: 0.7
Número de populações independentes: 2
Número de threads: 16
Trocar os melhores indivíduos a cada 30 gerações
Número máximo de gerações: 300
Número máximo de iterações sem melhora: 50
Largura da faixa = 12
Melhor altura = 197

Lower Bound 1 = 174
Lower Bound 2 = 137
Avaliação = 1.13218

Tempo de execução: 2s

---------------------------

Melhor até agora: 219 Geração: 0
Melhor até agora: 217 Geração: 1
Melhor até agora: 216 Geração: 4
Melhor até agora: 209 Geração: 9
Melhor até agora: 206 Geração: 10
Melhor até agora: 205 Geração: 15
Melhor até agora: 204 Geração: 21
Melhor até agora: 202 Geração: 25
Melhor até agora: 199 Geração: 39
Melhor até agora: 198 Geração: 76
Tamanho da população: 300
Fração elite: 0.25
Fração mutante: 0.2
Probabilidade herdar alelo elite: 0.7
Número de populações independentes: 2
Número de threads: 16
Trocar os melhores indivíduos a cada 30 gerações
Número máximo de gerações: 300
Número máximo de iterações sem melhora: 50
Largura da faixa = 12
Melhor altura = 198

Lower Bound 1 = 174
Lower Bound 2 = 137
Avaliação = 1.13793

Tempo de execução: 1s

---------------------------

Melhor até agora: 219 Geração: 0
Melhor até agora: 215 Geração: 2
Melhor até agora: 211 Geração: 8
Melhor até agora: 208 Geração: 11
Melhor até agora: 202 Geração: 13
Melhor até agora: 201 Geração: 16
Melhor até agora: 199 Geração: 27
Melhor até agora: 198 Geração: 54
Melhor até agora: 196 Geração: 60
Tamanho da população: 300
Fração elite: 0.25
Fração mutante: 0.2
Probabilidade herdar alelo elite: 0.7
Número de populações independentes: 2
Número de threads: 16
Trocar os melhores indivíduos a cada 30 gerações
Número máximo de gerações: 300
Número máximo de iterações sem melhora: 50
Largura da faixa = 12
Melhor altura = 196

Lower Bound 1 = 174
Lower Bound 2 = 137
Avaliação = 1.12644

Tempo de execução: 1s

---------------------------

Melhor até agora: 219 Geração: 0
Melhor até agora: 217 Geração: 1
Melhor até agora: 209 Geração: 3
Melhor até agora: 204 Geração: 15
Melhor até agora: 202 Geração: 16
Melhor até agora: 201 Geração: 28
Melhor até agora: 200 Geração: 36
Melhor até agora: 199 Geração: 41
Melhor até agora: 198 Geração: 53
Melhor até agora: 197 Geração: 88
Melhor até agora: 195 Geração: 103
Tamanho da população: 300
Fração elite: 0.25
Fração mutante: 0.2
Probabilidade herdar alelo elite: 0.7
Número de populações independentes: 2
Número de threads: 16
Trocar os melhores indivíduos a cada 30 gerações
Número máximo de gerações: 300
Número máximo de iterações sem melhora: 50
Largura da faixa = 12
Melhor altura = 195

Lower Bound 1 = 174
Lower Bound 2 = 137
Avaliação = 1.12069

Tempo de execução: 2s

---------------------------

Melhor até agora: 214 Geração: 0
Melhor até agora: 209 Geração: 1
Melhor até agora: 199 Geração: 24
Melhor até agora: 198 Geração: 64
Melhor até agora: 197 Geração: 90
Melhor até agora: 196 Geração: 100
Melhor até agora: 195 Geração: 129
Tamanho da população: 300
Fração elite: 0.25
Fração mutante: 0.2
Probabilidade herdar alelo elite: 0.7
Número de populações independentes: 2
Número de threads: 16
Trocar os melhores indivíduos a cada 30 gerações
Número máximo de gerações: 300
Número máximo de iterações sem melhora: 50
Largura da faixa = 12
Melhor altura = 195

Lower Bound 1 = 174
Lower Bound 2 = 137
Avaliação = 1.12069

Tempo de execução: 2s

---------------------------

Melhor até agora: 219 Geração: 0
Melhor até agora: 217 Geração: 2
Melhor até agora: 211 Geração: 3
Melhor até agora: 208 Geração: 13
Melhor até agora: 205 Geração: 17
Melhor até agora: 203 Geração: 19
Melhor até agora: 202 Geração: 32
Melhor até agora: 199 Geração: 34
Melhor até agora: 198 Geração: 76
Tamanho da população: 300
Fração elite: 0.25
Fração mutante: 0.2
Probabilidade herdar alelo elite: 0.7
Número de populações independentes: 2
Número de threads: 16
Trocar os melhores indivíduos a cada 30 gerações
Número máximo de gerações: 300
Número máximo de iterações sem melhora: 50
Largura da faixa = 12
Melhor altura = 198

Lower Bound 1 = 174
Lower Bound 2 = 137
Avaliação = 1.13793

Tempo de execução: 1s

---------------------------

Melhor até agora: 219 Geração: 0
Melhor até agora: 214 Geração: 1
Melhor até agora: 211 Geração: 5
Melhor até agora: 208 Geração: 12
Melhor até agora: 204 Geração: 16
Melhor até agora: 202 Geração: 27
Melhor até agora: 201 Geração: 33
Melhor até agora: 199 Geração: 34
Melhor até agora: 198 Geração: 56
Melhor até agora: 197 Geração: 83
Tamanho da população: 300
Fração elite: 0.25
Fração mutante: 0.2
Probabilidade herdar alelo elite: 0.7
Número de populações independentes: 2
Número de threads: 16
Trocar os melhores indivíduos a cada 30 gerações
Número máximo de gerações: 300
Número máximo de iterações sem melhora: 50
Largura da faixa = 12
Melhor altura = 197

Lower Bound 1 = 174
Lower Bound 2 = 137
Avaliação = 1.13218

Tempo de execução: 1s

---------------------------

Melhor até agora: 219 Geração: 0
Melhor até agora: 214 Geração: 1
Melhor até agora: 208 Geração: 2
Melhor até agora: 207 Geração: 13
Melhor até agora: 204 Geração: 14
Melhor até agora: 202 Geração: 24
Melhor até agora: 201 Geração: 26
Melhor até agora: 199 Geração: 32
Melhor até agora: 198 Geração: 56
Melhor até agora: 196 Geração: 67
Tamanho da população: 300
Fração elite: 0.25
Fração mutante: 0.2
Probabilidade herdar alelo elite: 0.7
Número de populações independentes: 2
Número de threads: 16
Trocar os melhores indivíduos a cada 30 gerações
Número máximo de gerações: 300
Número máximo de iterações sem melhora: 50
Largura da faixa = 12
Melhor altura = 196

Lower Bound 1 = 174
Lower Bound 2 = 137
Avaliação = 1.12644

Tempo de execução: 1s

---------------------------

Melhor até agora: 219 Geração: 0
Melhor até agora: 211 Geração: 1
Melhor até agora: 204 Geração: 3
Melhor até agora: 203 Geração: 22
Melhor até agora: 202 Geração: 23
Melhor até agora: 201 Geração: 27
Melhor até agora: 199 Geração: 31
Melhor até agora: 197 Geração: 56
Melhor até agora: 196 Geração: 59
Tamanho da população: 300
Fração elite: 0.25
Fração mutante: 0.2
Probabilidade herdar alelo elite: 0.7
Número de populações independentes: 2
Número de threads: 16
Trocar os melhores indivíduos a cada 30 gerações
Número máximo de gerações: 300
Número máximo de iterações sem melhora: 50
Largura da faixa = 12
Melhor altura = 196

Lower Bound 1 = 174
Lower Bound 2 = 137
Avaliação = 1.12644

Tempo de execução: 1s

---------------------------

Melhor até agora: 214 Geração: 0
Melhor até agora: 211 Geração: 3
Melhor até agora: 209 Geração: 8
Melhor até agora: 206 Geração: 9
Melhor até agora: 203 Geração: 18
Melhor até agora: 202 Geração: 19
Melhor até agora: 199 Geração: 30
Melhor até agora: 198 Geração: 49
Melhor até agora: 196 Geração: 74
Melhor até agora: 194 Geração: 96
Melhor até agora: 193 Geração: 137
Tamanho da população: 300
Fração elite: 0.25
Fração mutante: 0.2
Probabilidade herdar alelo elite: 0.7
Número de populações independentes: 2
Número de threads: 16
Trocar os melhores indivíduos a cada 30 gerações
Número máximo de gerações: 300
Número máximo de iterações sem melhora: 50
Largura da faixa = 12
Melhor altura = 193

Lower Bound 1 = 174
Lower Bound 2 = 137
Avaliação = 1.1092

Tempo de execução: 2s

---------------------------

Melhor até agora: 211 Geração: 0
Melhor até agora: 209 Geração: 9
Melhor até agora: 205 Geração: 17
Melhor até agora: 204 Geração: 18
Melhor até agora: 201 Geração: 26
Melhor até agora: 200 Geração: 42
Melhor até agora: 199 Geração: 43
Melhor até agora: 198 Geração: 60
Melhor até agora: 197 Geração: 96
Tamanho da população: 300
Fração elite: 0.25
Fração mutante: 0.2
Probabilidade herdar alelo elite: 0.7
Número de populações independentes: 2
Número de threads: 16
Trocar os melhores indivíduos a cada 30 gerações
Número máximo de gerações: 300
Número máximo de iterações sem melhora: 50
Largura da faixa = 12
Melhor altura = 197

Lower Bound 1 = 174
Lower Bound 2 = 137
Avaliação = 1.13218

Tempo de execução: 1s

---------------------------

Melhor até agora: 216 Geração: 0
Melhor até agora: 209 Geração: 1
Melhor até agora: 207 Geração: 9
Melhor até agora: 205 Geração: 10
Melhor até agora: 204 Geração: 15
Melhor até agora: 202 Geração: 19
Melhor até agora: 199 Geração: 33
Melhor até agora: 198 Geração: 64
Tamanho da população: 300
Fração elite: 0.25
Fração mutante: 0.2
Probabilidade herdar alelo elite: 0.7
Número de populações independentes: 2
Número de threads: 16
Trocar os melhores indivíduos a cada 30 gerações
Número máximo de gerações: 300
Número máximo de iterações sem melhora: 50
Largura da faixa = 12
Melhor altura = 198

Lower Bound 1 = 174
Lower Bound 2 = 137
Avaliação = 1.13793

Tempo de execução: 1s

---------------------------

Melhor até agora: 216 Geração: 0
Melhor até agora: 213 Geração: 2
Melhor até agora: 206 Geração: 4
Melhor até agora: 204 Geração: 13
Melhor até agora: 203 Geração: 23
Melhor até agora: 201 Geração: 29
Melhor até agora: 199 Geração: 40
Melhor até agora: 198 Geração: 87
Tamanho da população: 300
Fração elite: 0.25
Fração mutante: 0.2
Probabilidade herdar alelo elite: 0.7
Número de populações independentes: 2
Número de threads: 16
Trocar os melhores indivíduos a cada 30 gerações
Número máximo de gerações: 300
Número máximo de iterações sem melhora: 50
Largura da faixa = 12
Melhor altura = 198

Lower Bound 1 = 174
Lower Bound 2 = 137
Avaliação = 1.13793

Tempo de execução: 1s

---------------------------

Melhor até agora: 219 Geração: 0
Melhor até agora: 216 Geração: 1
Melhor até agora: 211 Geração: 6
Melhor até agora: 209 Geração: 7
Melhor até agora: 204 Geração: 12
Melhor até agora: 203 Geração: 16
Melhor até agora: 202 Geração: 25
Melhor até agora: 201 Geração: 36
Melhor até agora: 200 Geração: 45
Melhor até agora: 199 Geração: 47
Melhor até agora: 198 Geração: 52
Tamanho da população: 300
Fração elite: 0.25
Fração mutante: 0.2
Probabilidade herdar alelo elite: 0.7
Número de populações independentes: 2
Número de threads: 16
Trocar os melhores indivíduos a cada 30 gerações
Número máximo de gerações: 300
Número máximo de iterações sem melhora: 50
Largura da faixa = 12
Melhor altura = 198

Lower Bound 1 = 174
Lower Bound 2 = 137
Avaliação = 1.13793

Tempo de execução: 1s

---------------------------

Tamanho da população: 297
Fração elite: 0.55
Fração mutante: 0.0174
Probabilidade herdar alelo elite: 0.7678
Número de populações independentes: 1
Número de threads: 1
Trocar os melhores indivíduos a cada 30 gerações
Número máximo de gerações: 279

Largura da faixa = 12
Melhor altura = 198

Lower Bound 1 = 174
Lower Bound 2 = 137
Avaliação = 1.13793

Tempo de execução: 2.26841s

---------------------------

Tamanho da população: 297
Fração elite: 0.55
Fração mutante: 0.0174
Probabilidade herdar alelo elite: 0.7678
Número de populações independentes: 1
Número de threads: 1
Trocar os melhores indivíduos a cada 30 gerações
Número máximo de gerações: 279

Largura da faixa = 12
Melhor altura = 195

Lower Bound 1 = 174
Lower Bound 2 = 137
Avaliação = 1.12069

Tempo de execução: 2.28504s

---------------------------

Tamanho da população: 297
Fração elite: 0.55
Fração mutante: 0.0174
Probabilidade herdar alelo elite: 0.7678
Número de populações independentes: 1
Número de threads: 1
Trocar os melhores indivíduos a cada 30 gerações
Número máximo de gerações: 279

Largura da faixa = 12
Melhor altura = 195

Lower Bound 1 = 174
Lower Bound 2 = 137
Avaliação = 1.12069

Tempo de execução: 2.38438s

---------------------------

Tamanho da população: 297
Fração elite: 0.55
Fração mutante: 0.0174
Probabilidade herdar alelo elite: 0.7678
Número de populações independentes: 1
Número de threads: 1
Trocar os melhores indivíduos a cada 30 gerações
Número máximo de gerações: 279

Largura da faixa = 12
Melhor altura = 197

Lower Bound 1 = 174
Lower Bound 2 = 137
Avaliação = 1.13218

Tempo de execução: 2.25377s

---------------------------

Tamanho da população: 297
Fração elite: 0.55
Fração mutante: 0.0174
Probabilidade herdar alelo elite: 0.7678
Número de populações independentes: 1
Número de threads: 1
Trocar os melhores indivíduos a cada 30 gerações
Número máximo de gerações: 279

Largura da faixa = 12
Melhor altura = 198

Lower Bound 1 = 174
Lower Bound 2 = 137
Avaliação = 1.13793

Tempo de execução: 2.33835s

---------------------------

Tamanho da população: 297
Fração elite: 0.55
Fração mutante: 0.0174
Probabilidade herdar alelo elite: 0.7678
Número de populações independentes: 1
Número de threads: 1
Trocar os melhores indivíduos a cada 30 gerações
Número máximo de gerações: 279

Largura da faixa = 12
Melhor altura = 195

Lower Bound 1 = 174
Lower Bound 2 = 137
Avaliação = 1.12069

Tempo de execução: 2.34186s

---------------------------

Tamanho da população: 297
Fração elite: 0.55
Fração mutante: 0.0174
Probabilidade herdar alelo elite: 0.7678
Número de populações independentes: 1
Número de threads: 1
Trocar os melhores indivíduos a cada 30 gerações
Número máximo de gerações: 279

Largura da faixa = 12
Melhor altura = 199

Lower Bound 1 = 174
Lower Bound 2 = 137
Avaliação = 1.14368

Tempo de execução: 2.25062s

---------------------------

Tamanho da população: 297
Fração elite: 0.55
Fração mutante: 0.0174
Probabilidade herdar alelo elite: 0.7678
Número de populações independentes: 1
Número de threads: 1
Trocar os melhores indivíduos a cada 30 gerações
Número máximo de gerações: 279

Largura da faixa = 12
Melhor altura = 198

Lower Bound 1 = 174
Lower Bound 2 = 137
Avaliação = 1.13793

Tempo de execução: 2.28132s

---------------------------

Tamanho da população: 297
Fração elite: 0.55
Fração mutante: 0.0174
Probabilidade herdar alelo elite: 0.7678
Número de populações independentes: 1
Número de threads: 1
Trocar os melhores indivíduos a cada 30 gerações
Número máximo de gerações: 279

Largura da faixa = 12
Melhor altura = 196

Lower Bound 1 = 174
Lower Bound 2 = 137
Avaliação = 1.12644

Tempo de execução: 2.29304s

---------------------------

Tamanho da população: 297
Fração elite: 0.55
Fração mutante: 0.0174
Probabilidade herdar alelo elite: 0.7678
Número de populações independentes: 1
Número de threads: 1
Trocar os melhores indivíduos a cada 30 gerações
Número máximo de gerações: 279

Largura da faixa = 12
Melhor altura = 197

Lower Bound 1 = 174
Lower Bound 2 = 137
Avaliação = 1.13218

Tempo de execução: 2.22864s

---------------------------

Tamanho da população: 297
Fração elite: 0.55
Fração mutante: 0.0174
Probabilidade herdar alelo elite: 0.7678
Número de populações independentes: 1
Número de threads: 1
Trocar os melhores indivíduos a cada 30 gerações
Número máximo de gerações: 279

Largura da faixa = 12
Melhor altura = 195

Lower Bound 1 = 174
Lower Bound 2 = 137
Avaliação = 1.12069

Tempo de execução: 2.26521s

---------------------------

Tamanho da população: 297
Fração elite: 0.55
Fração mutante: 0.0174
Probabilidade herdar alelo elite: 0.7678
Número de populações independentes: 1
Número de threads: 1
Trocar os melhores indivíduos a cada 30 gerações
Número máximo de gerações: 279

Largura da faixa = 12
Melhor altura = 197

Lower Bound 1 = 174
Lower Bound 2 = 137
Avaliação = 1.13218

Tempo de execução: 2.27313s

---------------------------

Tamanho da população: 297
Fração elite: 0.55
Fração mutante: 0.0174
Probabilidade herdar alelo elite: 0.7678
Número de populações independentes: 1
Número de threads: 1
Trocar os melhores indivíduos a cada 30 gerações
Número máximo de gerações: 279

Largura da faixa = 12
Melhor altura = 195

Lower Bound 1 = 174
Lower Bound 2 = 137
Avaliação = 1.12069

Tempo de execução: 2.22198s

---------------------------

Tamanho da população: 297
Fração elite: 0.55
Fração mutante: 0.0174
Probabilidade herdar alelo elite: 0.7678
Número de populações independentes: 1
Número de threads: 1
Trocar os melhores indivíduos a cada 30 gerações
Número máximo de gerações: 279

Largura da faixa = 12
Melhor altura = 198

Lower Bound 1 = 174
Lower Bound 2 = 137
Avaliação = 1.13793

Tempo de execução: 2.29437s

---------------------------

Tamanho da população: 297
Fração elite: 0.55
Fração mutante: 0.0174
Probabilidade herdar alelo elite: 0.7678
Número de populações independentes: 1
Número de threads: 1
Trocar os melhores indivíduos a cada 30 gerações
Número máximo de gerações: 279

Largura da faixa = 12
Melhor altura = 197

Lower Bound 1 = 174
Lower Bound 2 = 137
Avaliação = 1.13218

Tempo de execução: 2.3378s

---------------------------

Tamanho da população: 297
Fração elite: 0.55
Fração mutante: 0.0174
Probabilidade herdar alelo elite: 0.7678
Número de populações independentes: 1
Número de threads: 1
Trocar os melhores indivíduos a cada 30 gerações
Número máximo de gerações: 279

Largura da faixa = 12
Melhor altura = 195

Lower Bound 1 = 174
Lower Bound 2 = 137
Avaliação = 1.12069

Tempo de execução: 2.19884s

---------------------------

Tamanho da população: 297
Fração elite: 0.55
Fração mutante: 0.0174
Probabilidade herdar alelo elite: 0.7678
Número de populações independentes: 1
Número de threads: 1
Trocar os melhores indivíduos a cada 30 gerações
Número máximo de gerações: 279

Largura da faixa = 12
Melhor altura = 199

Lower Bound 1 = 174
Lower Bound 2 = 137
Avaliação = 1.14368

Tempo de execução: 2.25358s

---------------------------

Tamanho da população: 297
Fração elite: 0.55
Fração mutante: 0.0174
Probabilidade herdar alelo elite: 0.7678
Número de populações independentes: 1
Número de threads: 1
Trocar os melhores indivíduos a cada 30 gerações
Número máximo de gerações: 279

Largura da faixa = 12
Melhor altura = 197

Lower Bound 1 = 174
Lower Bound 2 = 137
Avaliação = 1.13218

Tempo de execução: 2.25441s

---------------------------

Tamanho da população: 297
Fração elite: 0.55
Fração mutante: 0.0174
Probabilidade herdar alelo elite: 0.7678
Número de populações independentes: 1
Número de threads: 1
Trocar os melhores indivíduos a cada 30 gerações
Número máximo de gerações: 279

Largura da faixa = 12
Melhor altura = 198

Lower Bound 1 = 174
Lower Bound 2 = 137
Avaliação = 1.13793

Tempo de execução: 2.22514s

---------------------------

Tamanho da população: 297
Fração elite: 0.55
Fração mutante: 0.0174
Probabilidade herdar alelo elite: 0.7678
Número de populações independentes: 1
Número de threads: 1
Trocar os melhores indivíduos a cada 30 gerações
Número máximo de gerações: 279

Largura da faixa = 12
Melhor altura = 195

Lower Bound 1 = 174
Lower Bound 2 = 137
Avaliação = 1.12069

Tempo de execução: 2.26944s

---------------------------

