Tamanho da população: 297
Fração elite: 0.55
Fração mutante: 0.0174
Probabilidade herdar alelo elite: 0.7678
Número de populações independentes: 1
Número de threads: 1
Trocar os melhores indivíduos a cada 30 gerações
Número máximo de gerações: 279

Largura da faixa = 93
Melhor altura = 505

Lower Bound 1 = 430
Lower Bound 2 = 402
Avaliação = 1.17442

Tempo de execução: 3.61497s

---------------------------

Tamanho da população: 297
Fração elite: 0.55
Fração mutante: 0.0174
Probabilidade herdar alelo elite: 0.7678
Número de populações independentes: 1
Número de threads: 1
Trocar os melhores indivíduos a cada 30 gerações
Número máximo de gerações: 279

Largura da faixa = 93
Melhor altura = 499

Lower Bound 1 = 430
Lower Bound 2 = 402
Avaliação = 1.16047

Tempo de execução: 3.62211s

---------------------------

Tamanho da população: 297
Fração elite: 0.55
Fração mutante: 0.0174
Probabilidade herdar alelo elite: 0.7678
Número de populações independentes: 1
Número de threads: 1
Trocar os melhores indivíduos a cada 30 gerações
Número máximo de gerações: 279

Largura da faixa = 93
Melhor altura = 505

Lower Bound 1 = 430
Lower Bound 2 = 402
Avaliação = 1.17442

Tempo de execução: 3.63944s

---------------------------

Tamanho da população: 297
Fração elite: 0.55
Fração mutante: 0.0174
Probabilidade herdar alelo elite: 0.7678
Número de populações independentes: 1
Número de threads: 1
Trocar os melhores indivíduos a cada 30 gerações
Número máximo de gerações: 279

Largura da faixa = 93
Melhor altura = 496

Lower Bound 1 = 430
Lower Bound 2 = 402
Avaliação = 1.15349

Tempo de execução: 3.63467s

---------------------------

Tamanho da população: 297
Fração elite: 0.55
Fração mutante: 0.0174
Probabilidade herdar alelo elite: 0.7678
Número de populações independentes: 1
Número de threads: 1
Trocar os melhores indivíduos a cada 30 gerações
Número máximo de gerações: 279

Largura da faixa = 93
Melhor altura = 500

Lower Bound 1 = 430
Lower Bound 2 = 402
Avaliação = 1.16279

Tempo de execução: 3.76569s

---------------------------

Tamanho da população: 297
Fração elite: 0.55
Fração mutante: 0.0174
Probabilidade herdar alelo elite: 0.7678
Número de populações independentes: 1
Número de threads: 1
Trocar os melhores indivíduos a cada 30 gerações
Número máximo de gerações: 279

Largura da faixa = 93
Melhor altura = 507

Lower Bound 1 = 430
Lower Bound 2 = 402
Avaliação = 1.17907

Tempo de execução: 4.07305s

---------------------------

Tamanho da população: 297
Fração elite: 0.55
Fração mutante: 0.0174
Probabilidade herdar alelo elite: 0.7678
Número de populações independentes: 1
Número de threads: 1
Trocar os melhores indivíduos a cada 30 gerações
Número máximo de gerações: 279

Largura da faixa = 93
Melhor altura = 503

Lower Bound 1 = 430
Lower Bound 2 = 402
Avaliação = 1.16977

Tempo de execução: 3.64016s

---------------------------

Tamanho da população: 297
Fração elite: 0.55
Fração mutante: 0.0174
Probabilidade herdar alelo elite: 0.7678
Número de populações independentes: 1
Número de threads: 1
Trocar os melhores indivíduos a cada 30 gerações
Número máximo de gerações: 279

Largura da faixa = 93
Melhor altura = 496

Lower Bound 1 = 430
Lower Bound 2 = 402
Avaliação = 1.15349

Tempo de execução: 3.69153s

---------------------------

Tamanho da população: 297
Fração elite: 0.55
Fração mutante: 0.0174
Probabilidade herdar alelo elite: 0.7678
Número de populações independentes: 1
Número de threads: 1
Trocar os melhores indivíduos a cada 30 gerações
Número máximo de gerações: 279

Largura da faixa = 93
Melhor altura = 503

Lower Bound 1 = 430
Lower Bound 2 = 402
Avaliação = 1.16977

Tempo de execução: 3.69532s

---------------------------

Tamanho da população: 297
Fração elite: 0.55
Fração mutante: 0.0174
Probabilidade herdar alelo elite: 0.7678
Número de populações independentes: 1
Número de threads: 1
Trocar os melhores indivíduos a cada 30 gerações
Número máximo de gerações: 279

Largura da faixa = 93
Melhor altura = 502

Lower Bound 1 = 430
Lower Bound 2 = 402
Avaliação = 1.16744

Tempo de execução: 3.62989s

---------------------------

Tamanho da população: 297
Fração elite: 0.55
Fração mutante: 0.0174
Probabilidade herdar alelo elite: 0.7678
Número de populações independentes: 1
Número de threads: 1
Trocar os melhores indivíduos a cada 30 gerações
Número máximo de gerações: 279

Largura da faixa = 93
Melhor altura = 500

Lower Bound 1 = 430
Lower Bound 2 = 402
Avaliação = 1.16279

Tempo de execução: 3.63941s

---------------------------

Tamanho da população: 297
Fração elite: 0.55
Fração mutante: 0.0174
Probabilidade herdar alelo elite: 0.7678
Número de populações independentes: 1
Número de threads: 1
Trocar os melhores indivíduos a cada 30 gerações
Número máximo de gerações: 279

Largura da faixa = 93
Melhor altura = 500

Lower Bound 1 = 430
Lower Bound 2 = 402
Avaliação = 1.16279

Tempo de execução: 3.71524s

---------------------------

Tamanho da população: 297
Fração elite: 0.55
Fração mutante: 0.0174
Probabilidade herdar alelo elite: 0.7678
Número de populações independentes: 1
Número de threads: 1
Trocar os melhores indivíduos a cada 30 gerações
Número máximo de gerações: 279

Largura da faixa = 93
Melhor altura = 500

Lower Bound 1 = 430
Lower Bound 2 = 402
Avaliação = 1.16279

Tempo de execução: 3.61686s

---------------------------

Tamanho da população: 297
Fração elite: 0.55
Fração mutante: 0.0174
Probabilidade herdar alelo elite: 0.7678
Número de populações independentes: 1
Número de threads: 1
Trocar os melhores indivíduos a cada 30 gerações
Número máximo de gerações: 279

Largura da faixa = 93
Melhor altura = 503

Lower Bound 1 = 430
Lower Bound 2 = 402
Avaliação = 1.16977

Tempo de execução: 3.6622s

---------------------------

Tamanho da população: 297
Fração elite: 0.55
Fração mutante: 0.0174
Probabilidade herdar alelo elite: 0.7678
Número de populações independentes: 1
Número de threads: 1
Trocar os melhores indivíduos a cada 30 gerações
Número máximo de gerações: 279

Largura da faixa = 93
Melhor altura = 510

Lower Bound 1 = 430
Lower Bound 2 = 402
Avaliação = 1.18605

Tempo de execução: 3.73885s

---------------------------

Tamanho da população: 297
Fração elite: 0.55
Fração mutante: 0.0174
Probabilidade herdar alelo elite: 0.7678
Número de populações independentes: 1
Número de threads: 1
Trocar os melhores indivíduos a cada 30 gerações
Número máximo de gerações: 279

Largura da faixa = 93
Melhor altura = 509

Lower Bound 1 = 430
Lower Bound 2 = 402
Avaliação = 1.18372

Tempo de execução: 3.63436s

---------------------------

Tamanho da população: 297
Fração elite: 0.55
Fração mutante: 0.0174
Probabilidade herdar alelo elite: 0.7678
Número de populações independentes: 1
Número de threads: 1
Trocar os melhores indivíduos a cada 30 gerações
Número máximo de gerações: 279

Largura da faixa = 93
Melhor altura = 503

Lower Bound 1 = 430
Lower Bound 2 = 402
Avaliação = 1.16977

Tempo de execução: 3.64174s

---------------------------

Tamanho da população: 297
Fração elite: 0.55
Fração mutante: 0.0174
Probabilidade herdar alelo elite: 0.7678
Número de populações independentes: 1
Número de threads: 1
Trocar os melhores indivíduos a cada 30 gerações
Número máximo de gerações: 279

Largura da faixa = 93
Melhor altura = 496

Lower Bound 1 = 430
Lower Bound 2 = 402
Avaliação = 1.15349

Tempo de execução: 3.67983s

---------------------------

Tamanho da população: 297
Fração elite: 0.55
Fração mutante: 0.0174
Probabilidade herdar alelo elite: 0.7678
Número de populações independentes: 1
Número de threads: 1
Trocar os melhores indivíduos a cada 30 gerações
Número máximo de gerações: 279

Largura da faixa = 93
Melhor altura = 503

Lower Bound 1 = 430
Lower Bound 2 = 402
Avaliação = 1.16977

Tempo de execução: 3.61249s

---------------------------

Tamanho da população: 297
Fração elite: 0.55
Fração mutante: 0.0174
Probabilidade herdar alelo elite: 0.7678
Número de populações independentes: 1
Número de threads: 1
Trocar os melhores indivíduos a cada 30 gerações
Número máximo de gerações: 279

Largura da faixa = 93
Melhor altura = 500

Lower Bound 1 = 430
Lower Bound 2 = 402
Avaliação = 1.16279

Tempo de execução: 3.66762s

---------------------------

