Tamanho da população: 475
Fração elite: 0.2121
Fração mutante: 0.0442
Probabilidade herdar alelo elite: 0.6514
Número de populações independentes: 3
Troca de informação de 4 individuos a cada 241 gerações
Número de threads: 1

Largura da faixa = 104
Melhor altura = 448

Lower Bound 1 = 384
Lower Bound 2 = 201
Avaliação = 1.16667

Tempo de execução: 60.0167s

---------------------------

Tamanho da população: 475
Fração elite: 0.2121
Fração mutante: 0.0442
Probabilidade herdar alelo elite: 0.6514
Número de populações independentes: 3
Troca de informação de 4 individuos a cada 241 gerações
Número de threads: 1

Largura da faixa = 104
Melhor altura = 456

Lower Bound 1 = 384
Lower Bound 2 = 201
Avaliação = 1.1875

Tempo de execução: 60.0676s

---------------------------

Tamanho da população: 475
Fração elite: 0.2121
Fração mutante: 0.0442
Probabilidade herdar alelo elite: 0.6514
Número de populações independentes: 3
Troca de informação de 4 individuos a cada 241 gerações
Número de threads: 1

Largura da faixa = 104
Melhor altura = 451

Lower Bound 1 = 384
Lower Bound 2 = 201
Avaliação = 1.17448

Tempo de execução: 60.1108s

---------------------------

Tamanho da população: 475
Fração elite: 0.2121
Fração mutante: 0.0442
Probabilidade herdar alelo elite: 0.6514
Número de populações independentes: 3
Troca de informação de 4 individuos a cada 241 gerações
Número de threads: 1

Largura da faixa = 104
Melhor altura = 454

Lower Bound 1 = 384
Lower Bound 2 = 201
Avaliação = 1.18229

Tempo de execução: 60.122s

---------------------------

Tamanho da população: 475
Fração elite: 0.2121
Fração mutante: 0.0442
Probabilidade herdar alelo elite: 0.6514
Número de populações independentes: 3
Troca de informação de 4 individuos a cada 241 gerações
Número de threads: 1

Largura da faixa = 104
Melhor altura = 454

Lower Bound 1 = 384
Lower Bound 2 = 201
Avaliação = 1.18229

Tempo de execução: 60.1485s

---------------------------

Tamanho da população: 475
Fração elite: 0.2121
Fração mutante: 0.0442
Probabilidade herdar alelo elite: 0.6514
Número de populações independentes: 3
Troca de informação de 4 individuos a cada 241 gerações
Número de threads: 1

Largura da faixa = 104
Melhor altura = 455

Lower Bound 1 = 384
Lower Bound 2 = 201
Avaliação = 1.1849

Tempo de execução: 60.1591s

---------------------------

Tamanho da população: 475
Fração elite: 0.2121
Fração mutante: 0.0442
Probabilidade herdar alelo elite: 0.6514
Número de populações independentes: 3
Troca de informação de 4 individuos a cada 241 gerações
Número de threads: 1

Largura da faixa = 104
Melhor altura = 456

Lower Bound 1 = 384
Lower Bound 2 = 201
Avaliação = 1.1875

Tempo de execução: 60.0294s

---------------------------

Tamanho da população: 475
Fração elite: 0.2121
Fração mutante: 0.0442
Probabilidade herdar alelo elite: 0.6514
Número de populações independentes: 3
Troca de informação de 4 individuos a cada 241 gerações
Número de threads: 1

Largura da faixa = 104
Melhor altura = 456

Lower Bound 1 = 384
Lower Bound 2 = 201
Avaliação = 1.1875

Tempo de execução: 60.075s

---------------------------

Tamanho da população: 475
Fração elite: 0.2121
Fração mutante: 0.0442
Probabilidade herdar alelo elite: 0.6514
Número de populações independentes: 3
Troca de informação de 4 individuos a cada 241 gerações
Número de threads: 1

Largura da faixa = 104
Melhor altura = 450

Lower Bound 1 = 384
Lower Bound 2 = 201
Avaliação = 1.17188

Tempo de execução: 60.1069s

---------------------------

Tamanho da população: 475
Fração elite: 0.2121
Fração mutante: 0.0442
Probabilidade herdar alelo elite: 0.6514
Número de populações independentes: 3
Troca de informação de 4 individuos a cada 241 gerações
Número de threads: 1

Largura da faixa = 104
Melhor altura = 458

Lower Bound 1 = 384
Lower Bound 2 = 201
Avaliação = 1.19271

Tempo de execução: 60.1187s

---------------------------

Tamanho da população: 475
Fração elite: 0.2121
Fração mutante: 0.0442
Probabilidade herdar alelo elite: 0.6514
Número de populações independentes: 3
Troca de informação de 4 individuos a cada 241 gerações
Número de threads: 1

Largura da faixa = 104
Melhor altura = 456

Lower Bound 1 = 384
Lower Bound 2 = 201
Avaliação = 1.1875

Tempo de execução: 60.1444s

---------------------------

Tamanho da população: 475
Fração elite: 0.2121
Fração mutante: 0.0442
Probabilidade herdar alelo elite: 0.6514
Número de populações independentes: 3
Troca de informação de 4 individuos a cada 241 gerações
Número de threads: 1

Largura da faixa = 104
Melhor altura = 454

Lower Bound 1 = 384
Lower Bound 2 = 201
Avaliação = 1.18229

Tempo de execução: 60.1653s

---------------------------

Tamanho da população: 475
Fração elite: 0.2121
Fração mutante: 0.0442
Probabilidade herdar alelo elite: 0.6514
Número de populações independentes: 3
Troca de informação de 4 individuos a cada 241 gerações
Número de threads: 1

Largura da faixa = 104
Melhor altura = 453

Lower Bound 1 = 384
Lower Bound 2 = 201
Avaliação = 1.17969

Tempo de execução: 60.0109s

---------------------------

Tamanho da população: 475
Fração elite: 0.2121
Fração mutante: 0.0442
Probabilidade herdar alelo elite: 0.6514
Número de populações independentes: 3
Troca de informação de 4 individuos a cada 241 gerações
Número de threads: 1

Largura da faixa = 104
Melhor altura = 455

Lower Bound 1 = 384
Lower Bound 2 = 201
Avaliação = 1.1849

Tempo de execução: 60.0271s

---------------------------

Tamanho da população: 475
Fração elite: 0.2121
Fração mutante: 0.0442
Probabilidade herdar alelo elite: 0.6514
Número de populações independentes: 3
Troca de informação de 4 individuos a cada 241 gerações
Número de threads: 1

Largura da faixa = 104
Melhor altura = 457

Lower Bound 1 = 384
Lower Bound 2 = 201
Avaliação = 1.1901

Tempo de execução: 60.048s

---------------------------

Tamanho da população: 475
Fração elite: 0.2121
Fração mutante: 0.0442
Probabilidade herdar alelo elite: 0.6514
Número de populações independentes: 3
Troca de informação de 4 individuos a cada 241 gerações
Número de threads: 1

Largura da faixa = 104
Melhor altura = 459

Lower Bound 1 = 384
Lower Bound 2 = 201
Avaliação = 1.19531

Tempo de execução: 60.1062s

---------------------------

Tamanho da população: 475
Fração elite: 0.2121
Fração mutante: 0.0442
Probabilidade herdar alelo elite: 0.6514
Número de populações independentes: 3
Troca de informação de 4 individuos a cada 241 gerações
Número de threads: 1

Largura da faixa = 104
Melhor altura = 455

Lower Bound 1 = 384
Lower Bound 2 = 201
Avaliação = 1.1849

Tempo de execução: 60.1307s

---------------------------

Tamanho da população: 475
Fração elite: 0.2121
Fração mutante: 0.0442
Probabilidade herdar alelo elite: 0.6514
Número de populações independentes: 3
Troca de informação de 4 individuos a cada 241 gerações
Número de threads: 1

Largura da faixa = 104
Melhor altura = 454

Lower Bound 1 = 384
Lower Bound 2 = 201
Avaliação = 1.18229

Tempo de execução: 60.1567s

---------------------------

Tamanho da população: 475
Fração elite: 0.2121
Fração mutante: 0.0442
Probabilidade herdar alelo elite: 0.6514
Número de populações independentes: 3
Troca de informação de 4 individuos a cada 241 gerações
Número de threads: 1

Largura da faixa = 104
Melhor altura = 450

Lower Bound 1 = 384
Lower Bound 2 = 201
Avaliação = 1.17188

Tempo de execução: 60.032s

---------------------------

Tamanho da população: 475
Fração elite: 0.2121
Fração mutante: 0.0442
Probabilidade herdar alelo elite: 0.6514
Número de populações independentes: 3
Troca de informação de 4 individuos a cada 241 gerações
Número de threads: 1

Largura da faixa = 104
Melhor altura = 458

Lower Bound 1 = 384
Lower Bound 2 = 201
Avaliação = 1.19271

Tempo de execução: 60.1438s
