Tamanho da população: 297
Fração elite: 0.55
Fração mutante: 0.0174
Probabilidade herdar alelo elite: 0.7678
Número de populações independentes: 1
Número de threads: 1
Trocar os melhores indivíduos a cada 30 gerações
Número máximo de gerações: 279

Largura da faixa = 132
Melhor altura = 403

Lower Bound 1 = 303
Lower Bound 2 = 352
Avaliação = 1.14489

Tempo de execução: 1.12824s

---------------------------

Tamanho da população: 297
Fração elite: 0.55
Fração mutante: 0.0174
Probabilidade herdar alelo elite: 0.7678
Número de populações independentes: 1
Número de threads: 1
Trocar os melhores indivíduos a cada 30 gerações
Número máximo de gerações: 279

Largura da faixa = 132
Melhor altura = 403

Lower Bound 1 = 303
Lower Bound 2 = 352
Avaliação = 1.14489

Tempo de execução: 1.14276s

---------------------------

Tamanho da população: 297
Fração elite: 0.55
Fração mutante: 0.0174
Probabilidade herdar alelo elite: 0.7678
Número de populações independentes: 1
Número de threads: 1
Trocar os melhores indivíduos a cada 30 gerações
Número máximo de gerações: 279

Largura da faixa = 132
Melhor altura = 403

Lower Bound 1 = 303
Lower Bound 2 = 352
Avaliação = 1.14489

Tempo de execução: 1.17999s

---------------------------

Tamanho da população: 297
Fração elite: 0.55
Fração mutante: 0.0174
Probabilidade herdar alelo elite: 0.7678
Número de populações independentes: 1
Número de threads: 1
Trocar os melhores indivíduos a cada 30 gerações
Número máximo de gerações: 279

Largura da faixa = 132
Melhor altura = 403

Lower Bound 1 = 303
Lower Bound 2 = 352
Avaliação = 1.14489

Tempo de execução: 1.16542s

---------------------------

Tamanho da população: 297
Fração elite: 0.55
Fração mutante: 0.0174
Probabilidade herdar alelo elite: 0.7678
Número de populações independentes: 1
Número de threads: 1
Trocar os melhores indivíduos a cada 30 gerações
Número máximo de gerações: 279

Largura da faixa = 132
Melhor altura = 403

Lower Bound 1 = 303
Lower Bound 2 = 352
Avaliação = 1.14489

Tempo de execução: 1.16869s

---------------------------

Tamanho da população: 297
Fração elite: 0.55
Fração mutante: 0.0174
Probabilidade herdar alelo elite: 0.7678
Número de populações independentes: 1
Número de threads: 1
Trocar os melhores indivíduos a cada 30 gerações
Número máximo de gerações: 279

Largura da faixa = 132
Melhor altura = 403

Lower Bound 1 = 303
Lower Bound 2 = 352
Avaliação = 1.14489

Tempo de execução: 1.17873s

---------------------------

Tamanho da população: 297
Fração elite: 0.55
Fração mutante: 0.0174
Probabilidade herdar alelo elite: 0.7678
Número de populações independentes: 1
Número de threads: 1
Trocar os melhores indivíduos a cada 30 gerações
Número máximo de gerações: 279

Largura da faixa = 132
Melhor altura = 403

Lower Bound 1 = 303
Lower Bound 2 = 352
Avaliação = 1.14489

Tempo de execução: 1.14932s

---------------------------

Tamanho da população: 297
Fração elite: 0.55
Fração mutante: 0.0174
Probabilidade herdar alelo elite: 0.7678
Número de populações independentes: 1
Número de threads: 1
Trocar os melhores indivíduos a cada 30 gerações
Número máximo de gerações: 279

Largura da faixa = 132
Melhor altura = 403

Lower Bound 1 = 303
Lower Bound 2 = 352
Avaliação = 1.14489

Tempo de execução: 1.17913s

---------------------------

Tamanho da população: 297
Fração elite: 0.55
Fração mutante: 0.0174
Probabilidade herdar alelo elite: 0.7678
Número de populações independentes: 1
Número de threads: 1
Trocar os melhores indivíduos a cada 30 gerações
Número máximo de gerações: 279

Largura da faixa = 132
Melhor altura = 403

Lower Bound 1 = 303
Lower Bound 2 = 352
Avaliação = 1.14489

Tempo de execução: 1.18192s

---------------------------

Tamanho da população: 297
Fração elite: 0.55
Fração mutante: 0.0174
Probabilidade herdar alelo elite: 0.7678
Número de populações independentes: 1
Número de threads: 1
Trocar os melhores indivíduos a cada 30 gerações
Número máximo de gerações: 279

Largura da faixa = 132
Melhor altura = 403

Lower Bound 1 = 303
Lower Bound 2 = 352
Avaliação = 1.14489

Tempo de execução: 1.14577s

---------------------------

Tamanho da população: 297
Fração elite: 0.55
Fração mutante: 0.0174
Probabilidade herdar alelo elite: 0.7678
Número de populações independentes: 1
Número de threads: 1
Trocar os melhores indivíduos a cada 30 gerações
Número máximo de gerações: 279

Largura da faixa = 132
Melhor altura = 403

Lower Bound 1 = 303
Lower Bound 2 = 352
Avaliação = 1.14489

Tempo de execução: 1.16035s

---------------------------

Tamanho da população: 297
Fração elite: 0.55
Fração mutante: 0.0174
Probabilidade herdar alelo elite: 0.7678
Número de populações independentes: 1
Número de threads: 1
Trocar os melhores indivíduos a cada 30 gerações
Número máximo de gerações: 279

Largura da faixa = 132
Melhor altura = 403

Lower Bound 1 = 303
Lower Bound 2 = 352
Avaliação = 1.14489

Tempo de execução: 1.17677s

---------------------------

Tamanho da população: 297
Fração elite: 0.55
Fração mutante: 0.0174
Probabilidade herdar alelo elite: 0.7678
Número de populações independentes: 1
Número de threads: 1
Trocar os melhores indivíduos a cada 30 gerações
Número máximo de gerações: 279

Largura da faixa = 132
Melhor altura = 403

Lower Bound 1 = 303
Lower Bound 2 = 352
Avaliação = 1.14489

Tempo de execução: 1.14594s

---------------------------

Tamanho da população: 297
Fração elite: 0.55
Fração mutante: 0.0174
Probabilidade herdar alelo elite: 0.7678
Número de populações independentes: 1
Número de threads: 1
Trocar os melhores indivíduos a cada 30 gerações
Número máximo de gerações: 279

Largura da faixa = 132
Melhor altura = 403

Lower Bound 1 = 303
Lower Bound 2 = 352
Avaliação = 1.14489

Tempo de execução: 1.1713s

---------------------------

Tamanho da população: 297
Fração elite: 0.55
Fração mutante: 0.0174
Probabilidade herdar alelo elite: 0.7678
Número de populações independentes: 1
Número de threads: 1
Trocar os melhores indivíduos a cada 30 gerações
Número máximo de gerações: 279

Largura da faixa = 132
Melhor altura = 403

Lower Bound 1 = 303
Lower Bound 2 = 352
Avaliação = 1.14489

Tempo de execução: 1.17188s

---------------------------

Tamanho da população: 297
Fração elite: 0.55
Fração mutante: 0.0174
Probabilidade herdar alelo elite: 0.7678
Número de populações independentes: 1
Número de threads: 1
Trocar os melhores indivíduos a cada 30 gerações
Número máximo de gerações: 279

Largura da faixa = 132
Melhor altura = 403

Lower Bound 1 = 303
Lower Bound 2 = 352
Avaliação = 1.14489

Tempo de execução: 1.1338s

---------------------------

Tamanho da população: 297
Fração elite: 0.55
Fração mutante: 0.0174
Probabilidade herdar alelo elite: 0.7678
Número de populações independentes: 1
Número de threads: 1
Trocar os melhores indivíduos a cada 30 gerações
Número máximo de gerações: 279

Largura da faixa = 132
Melhor altura = 403

Lower Bound 1 = 303
Lower Bound 2 = 352
Avaliação = 1.14489

Tempo de execução: 1.14817s

---------------------------

Tamanho da população: 297
Fração elite: 0.55
Fração mutante: 0.0174
Probabilidade herdar alelo elite: 0.7678
Número de populações independentes: 1
Número de threads: 1
Trocar os melhores indivíduos a cada 30 gerações
Número máximo de gerações: 279

Largura da faixa = 132
Melhor altura = 403

Lower Bound 1 = 303
Lower Bound 2 = 352
Avaliação = 1.14489

Tempo de execução: 1.18191s

---------------------------

Tamanho da população: 297
Fração elite: 0.55
Fração mutante: 0.0174
Probabilidade herdar alelo elite: 0.7678
Número de populações independentes: 1
Número de threads: 1
Trocar os melhores indivíduos a cada 30 gerações
Número máximo de gerações: 279

Largura da faixa = 132
Melhor altura = 403

Lower Bound 1 = 303
Lower Bound 2 = 352
Avaliação = 1.14489

Tempo de execução: 1.14029s

---------------------------

Tamanho da população: 297
Fração elite: 0.55
Fração mutante: 0.0174
Probabilidade herdar alelo elite: 0.7678
Número de populações independentes: 1
Número de threads: 1
Trocar os melhores indivíduos a cada 30 gerações
Número máximo de gerações: 279

Largura da faixa = 132
Melhor altura = 403

Lower Bound 1 = 303
Lower Bound 2 = 352
Avaliação = 1.14489

Tempo de execução: 1.16103s

---------------------------

