Tamanho da população: 475
Fração elite: 0.2121
Fração mutante: 0.0442
Probabilidade herdar alelo elite: 0.6514
Número de populações independentes: 3
Troca de informação de 4 individuos a cada 241 gerações
Número de threads: 1

Largura da faixa = 165
Melhor altura = 326

Lower Bound 1 = 242
Lower Bound 2 = 267
Avaliação = 1.22097

Tempo de execução: 60.0057s

---------------------------

Tamanho da população: 475
Fração elite: 0.2121
Fração mutante: 0.0442
Probabilidade herdar alelo elite: 0.6514
Número de populações independentes: 3
Troca de informação de 4 individuos a cada 241 gerações
Número de threads: 1

Largura da faixa = 165
Melhor altura = 323

Lower Bound 1 = 242
Lower Bound 2 = 267
Avaliação = 1.20974

Tempo de execução: 60.0175s

---------------------------

Tamanho da população: 475
Fração elite: 0.2121
Fração mutante: 0.0442
Probabilidade herdar alelo elite: 0.6514
Número de populações independentes: 3
Troca de informação de 4 individuos a cada 241 gerações
Número de threads: 1

Largura da faixa = 165
Melhor altura = 323

Lower Bound 1 = 242
Lower Bound 2 = 267
Avaliação = 1.20974

Tempo de execução: 60.0194s

---------------------------

Tamanho da população: 475
Fração elite: 0.2121
Fração mutante: 0.0442
Probabilidade herdar alelo elite: 0.6514
Número de populações independentes: 3
Troca de informação de 4 individuos a cada 241 gerações
Número de threads: 1

Largura da faixa = 165
Melhor altura = 323

Lower Bound 1 = 242
Lower Bound 2 = 267
Avaliação = 1.20974

Tempo de execução: 60.0252s

---------------------------

Tamanho da população: 475
Fração elite: 0.2121
Fração mutante: 0.0442
Probabilidade herdar alelo elite: 0.6514
Número de populações independentes: 3
Troca de informação de 4 individuos a cada 241 gerações
Número de threads: 1

Largura da faixa = 165
Melhor altura = 323

Lower Bound 1 = 242
Lower Bound 2 = 267
Avaliação = 1.20974

Tempo de execução: 60.0273s

---------------------------

Tamanho da população: 475
Fração elite: 0.2121
Fração mutante: 0.0442
Probabilidade herdar alelo elite: 0.6514
Número de populações independentes: 3
Troca de informação de 4 individuos a cada 241 gerações
Número de threads: 1

Largura da faixa = 165
Melhor altura = 323

Lower Bound 1 = 242
Lower Bound 2 = 267
Avaliação = 1.20974

Tempo de execução: 60.0292s

---------------------------

Tamanho da população: 475
Fração elite: 0.2121
Fração mutante: 0.0442
Probabilidade herdar alelo elite: 0.6514
Número de populações independentes: 3
Troca de informação de 4 individuos a cada 241 gerações
Número de threads: 1

Largura da faixa = 165
Melhor altura = 323

Lower Bound 1 = 242
Lower Bound 2 = 267
Avaliação = 1.20974

Tempo de execução: 60.0032s

---------------------------

Tamanho da população: 475
Fração elite: 0.2121
Fração mutante: 0.0442
Probabilidade herdar alelo elite: 0.6514
Número de populações independentes: 3
Troca de informação de 4 individuos a cada 241 gerações
Número de threads: 1

Largura da faixa = 165
Melhor altura = 323

Lower Bound 1 = 242
Lower Bound 2 = 267
Avaliação = 1.20974

Tempo de execução: 60.009s

---------------------------

Tamanho da população: 475
Fração elite: 0.2121
Fração mutante: 0.0442
Probabilidade herdar alelo elite: 0.6514
Número de populações independentes: 3
Troca de informação de 4 individuos a cada 241 gerações
Número de threads: 1

Largura da faixa = 165
Melhor altura = 326

Lower Bound 1 = 242
Lower Bound 2 = 267
Avaliação = 1.22097

Tempo de execução: 60.0108s

---------------------------

Tamanho da população: 475
Fração elite: 0.2121
Fração mutante: 0.0442
Probabilidade herdar alelo elite: 0.6514
Número de populações independentes: 3
Troca de informação de 4 individuos a cada 241 gerações
Número de threads: 1

Largura da faixa = 165
Melhor altura = 323

Lower Bound 1 = 242
Lower Bound 2 = 267
Avaliação = 1.20974

Tempo de execução: 60.0254s

---------------------------

Tamanho da população: 475
Fração elite: 0.2121
Fração mutante: 0.0442
Probabilidade herdar alelo elite: 0.6514
Número de populações independentes: 3
Troca de informação de 4 individuos a cada 241 gerações
Número de threads: 1

Largura da faixa = 165
Melhor altura = 323

Lower Bound 1 = 242
Lower Bound 2 = 267
Avaliação = 1.20974

Tempo de execução: 60.0335s

---------------------------

Tamanho da população: 475
Fração elite: 0.2121
Fração mutante: 0.0442
Probabilidade herdar alelo elite: 0.6514
Número de populações independentes: 3
Troca de informação de 4 individuos a cada 241 gerações
Número de threads: 1

Largura da faixa = 165
Melhor altura = 323

Lower Bound 1 = 242
Lower Bound 2 = 267
Avaliação = 1.20974

Tempo de execução: 60.0398s

---------------------------

Tamanho da população: 475
Fração elite: 0.2121
Fração mutante: 0.0442
Probabilidade herdar alelo elite: 0.6514
Número de populações independentes: 3
Troca de informação de 4 individuos a cada 241 gerações
Número de threads: 1

Largura da faixa = 165
Melhor altura = 323

Lower Bound 1 = 242
Lower Bound 2 = 267
Avaliação = 1.20974

Tempo de execução: 60.0035s

---------------------------

Tamanho da população: 475
Fração elite: 0.2121
Fração mutante: 0.0442
Probabilidade herdar alelo elite: 0.6514
Número de populações independentes: 3
Troca de informação de 4 individuos a cada 241 gerações
Número de threads: 1

Largura da faixa = 165
Melhor altura = 323

Lower Bound 1 = 242
Lower Bound 2 = 267
Avaliação = 1.20974

Tempo de execução: 60.0051s

---------------------------

Tamanho da população: 475
Fração elite: 0.2121
Fração mutante: 0.0442
Probabilidade herdar alelo elite: 0.6514
Número de populações independentes: 3
Troca de informação de 4 individuos a cada 241 gerações
Número de threads: 1

Largura da faixa = 165
Melhor altura = 329

Lower Bound 1 = 242
Lower Bound 2 = 267
Avaliação = 1.23221

Tempo de execução: 60.018s

---------------------------

Tamanho da população: 475
Fração elite: 0.2121
Fração mutante: 0.0442
Probabilidade herdar alelo elite: 0.6514
Número de populações independentes: 3
Troca de informação de 4 individuos a cada 241 gerações
Número de threads: 1

Largura da faixa = 165
Melhor altura = 323

Lower Bound 1 = 242
Lower Bound 2 = 267
Avaliação = 1.20974

Tempo de execução: 60.0247s

---------------------------

Tamanho da população: 475
Fração elite: 0.2121
Fração mutante: 0.0442
Probabilidade herdar alelo elite: 0.6514
Número de populações independentes: 3
Troca de informação de 4 individuos a cada 241 gerações
Número de threads: 1

Largura da faixa = 165
Melhor altura = 323

Lower Bound 1 = 242
Lower Bound 2 = 267
Avaliação = 1.20974

Tempo de execução: 60.0275s

---------------------------

Tamanho da população: 475
Fração elite: 0.2121
Fração mutante: 0.0442
Probabilidade herdar alelo elite: 0.6514
Número de populações independentes: 3
Troca de informação de 4 individuos a cada 241 gerações
Número de threads: 1

Largura da faixa = 165
Melhor altura = 326

Lower Bound 1 = 242
Lower Bound 2 = 267
Avaliação = 1.22097

Tempo de execução: 60.0311s

---------------------------

Tamanho da população: 475
Fração elite: 0.2121
Fração mutante: 0.0442
Probabilidade herdar alelo elite: 0.6514
Número de populações independentes: 3
Troca de informação de 4 individuos a cada 241 gerações
Número de threads: 1

Largura da faixa = 165
Melhor altura = 323

Lower Bound 1 = 242
Lower Bound 2 = 267
Avaliação = 1.20974

Tempo de execução: 60.0032s

---------------------------

Tamanho da população: 475
Fração elite: 0.2121
Fração mutante: 0.0442
Probabilidade herdar alelo elite: 0.6514
Número de populações independentes: 3
Troca de informação de 4 individuos a cada 241 gerações
Número de threads: 1

Largura da faixa = 165
Melhor altura = 323

Lower Bound 1 = 242
Lower Bound 2 = 267
Avaliação = 1.20974

Tempo de execução: 60.0238s
