Tamanho da população: 475
Fração elite: 0.2121
Fração mutante: 0.0442
Probabilidade herdar alelo elite: 0.6514
Número de populações independentes: 3
Troca de informação de 4 individuos a cada 241 gerações
Número de threads: 1

Largura da faixa = 121
Melhor altura = 433

Lower Bound 1 = 330
Lower Bound 2 = 421
Avaliação = 1.0285

Tempo de execução: 60.0003s

---------------------------

Tamanho da população: 475
Fração elite: 0.2121
Fração mutante: 0.0442
Probabilidade herdar alelo elite: 0.6514
Número de populações independentes: 3
Troca de informação de 4 individuos a cada 241 gerações
Número de threads: 1

Largura da faixa = 121
Melhor altura = 433

Lower Bound 1 = 330
Lower Bound 2 = 421
Avaliação = 1.0285

Tempo de execução: 60.0078s

---------------------------

Tamanho da população: 475
Fração elite: 0.2121
Fração mutante: 0.0442
Probabilidade herdar alelo elite: 0.6514
Número de populações independentes: 3
Troca de informação de 4 individuos a cada 241 gerações
Número de threads: 1

Largura da faixa = 121
Melhor altura = 433

Lower Bound 1 = 330
Lower Bound 2 = 421
Avaliação = 1.0285

Tempo de execução: 60.0098s

---------------------------

Tamanho da população: 475
Fração elite: 0.2121
Fração mutante: 0.0442
Probabilidade herdar alelo elite: 0.6514
Número de populações independentes: 3
Troca de informação de 4 individuos a cada 241 gerações
Número de threads: 1

Largura da faixa = 121
Melhor altura = 433

Lower Bound 1 = 330
Lower Bound 2 = 421
Avaliação = 1.0285

Tempo de execução: 60.0101s

---------------------------

Tamanho da população: 475
Fração elite: 0.2121
Fração mutante: 0.0442
Probabilidade herdar alelo elite: 0.6514
Número de populações independentes: 3
Troca de informação de 4 individuos a cada 241 gerações
Número de threads: 1

Largura da faixa = 121
Melhor altura = 433

Lower Bound 1 = 330
Lower Bound 2 = 421
Avaliação = 1.0285

Tempo de execução: 60.0119s

---------------------------

Tamanho da população: 475
Fração elite: 0.2121
Fração mutante: 0.0442
Probabilidade herdar alelo elite: 0.6514
Número de populações independentes: 3
Troca de informação de 4 individuos a cada 241 gerações
Número de threads: 1

Largura da faixa = 121
Melhor altura = 433

Lower Bound 1 = 330
Lower Bound 2 = 421
Avaliação = 1.0285

Tempo de execução: 60.0131s

---------------------------

Tamanho da população: 475
Fração elite: 0.2121
Fração mutante: 0.0442
Probabilidade herdar alelo elite: 0.6514
Número de populações independentes: 3
Troca de informação de 4 individuos a cada 241 gerações
Número de threads: 1

Largura da faixa = 121
Melhor altura = 433

Lower Bound 1 = 330
Lower Bound 2 = 421
Avaliação = 1.0285

Tempo de execução: 60.003s

---------------------------

Tamanho da população: 475
Fração elite: 0.2121
Fração mutante: 0.0442
Probabilidade herdar alelo elite: 0.6514
Número de populações independentes: 3
Troca de informação de 4 individuos a cada 241 gerações
Número de threads: 1

Largura da faixa = 121
Melhor altura = 433

Lower Bound 1 = 330
Lower Bound 2 = 421
Avaliação = 1.0285

Tempo de execução: 60.0032s

---------------------------

Tamanho da população: 475
Fração elite: 0.2121
Fração mutante: 0.0442
Probabilidade herdar alelo elite: 0.6514
Número de populações independentes: 3
Troca de informação de 4 individuos a cada 241 gerações
Número de threads: 1

Largura da faixa = 121
Melhor altura = 433

Lower Bound 1 = 330
Lower Bound 2 = 421
Avaliação = 1.0285

Tempo de execução: 60.0046s

---------------------------

Tamanho da população: 475
Fração elite: 0.2121
Fração mutante: 0.0442
Probabilidade herdar alelo elite: 0.6514
Número de populações independentes: 3
Troca de informação de 4 individuos a cada 241 gerações
Número de threads: 1

Largura da faixa = 121
Melhor altura = 433

Lower Bound 1 = 330
Lower Bound 2 = 421
Avaliação = 1.0285

Tempo de execução: 60.0107s

---------------------------

Tamanho da população: 475
Fração elite: 0.2121
Fração mutante: 0.0442
Probabilidade herdar alelo elite: 0.6514
Número de populações independentes: 3
Troca de informação de 4 individuos a cada 241 gerações
Número de threads: 1

Largura da faixa = 121
Melhor altura = 433

Lower Bound 1 = 330
Lower Bound 2 = 421
Avaliação = 1.0285

Tempo de execução: 60.0111s

---------------------------

Tamanho da população: 475
Fração elite: 0.2121
Fração mutante: 0.0442
Probabilidade herdar alelo elite: 0.6514
Número de populações independentes: 3
Troca de informação de 4 individuos a cada 241 gerações
Número de threads: 1

Largura da faixa = 121
Melhor altura = 433

Lower Bound 1 = 330
Lower Bound 2 = 421
Avaliação = 1.0285

Tempo de execução: 60.0174s

---------------------------

Tamanho da população: 475
Fração elite: 0.2121
Fração mutante: 0.0442
Probabilidade herdar alelo elite: 0.6514
Número de populações independentes: 3
Troca de informação de 4 individuos a cada 241 gerações
Número de threads: 1

Largura da faixa = 121
Melhor altura = 433

Lower Bound 1 = 330
Lower Bound 2 = 421
Avaliação = 1.0285

Tempo de execução: 60.0004s

---------------------------

Tamanho da população: 475
Fração elite: 0.2121
Fração mutante: 0.0442
Probabilidade herdar alelo elite: 0.6514
Número de populações independentes: 3
Troca de informação de 4 individuos a cada 241 gerações
Número de threads: 1

Largura da faixa = 121
Melhor altura = 433

Lower Bound 1 = 330
Lower Bound 2 = 421
Avaliação = 1.0285

Tempo de execução: 60.0021s

---------------------------

Tamanho da população: 475
Fração elite: 0.2121
Fração mutante: 0.0442
Probabilidade herdar alelo elite: 0.6514
Número de populações independentes: 3
Troca de informação de 4 individuos a cada 241 gerações
Número de threads: 1

Largura da faixa = 121
Melhor altura = 433

Lower Bound 1 = 330
Lower Bound 2 = 421
Avaliação = 1.0285

Tempo de execução: 60.0046s

---------------------------

Tamanho da população: 475
Fração elite: 0.2121
Fração mutante: 0.0442
Probabilidade herdar alelo elite: 0.6514
Número de populações independentes: 3
Troca de informação de 4 individuos a cada 241 gerações
Número de threads: 1

Largura da faixa = 121
Melhor altura = 433

Lower Bound 1 = 330
Lower Bound 2 = 421
Avaliação = 1.0285

Tempo de execução: 60.0062s

---------------------------

Tamanho da população: 475
Fração elite: 0.2121
Fração mutante: 0.0442
Probabilidade herdar alelo elite: 0.6514
Número de populações independentes: 3
Troca de informação de 4 individuos a cada 241 gerações
Número de threads: 1

Largura da faixa = 121
Melhor altura = 433

Lower Bound 1 = 330
Lower Bound 2 = 421
Avaliação = 1.0285

Tempo de execução: 60.0136s

---------------------------

Tamanho da população: 475
Fração elite: 0.2121
Fração mutante: 0.0442
Probabilidade herdar alelo elite: 0.6514
Número de populações independentes: 3
Troca de informação de 4 individuos a cada 241 gerações
Número de threads: 1

Largura da faixa = 121
Melhor altura = 433

Lower Bound 1 = 330
Lower Bound 2 = 421
Avaliação = 1.0285

Tempo de execução: 60.0163s

---------------------------

Tamanho da população: 475
Fração elite: 0.2121
Fração mutante: 0.0442
Probabilidade herdar alelo elite: 0.6514
Número de populações independentes: 3
Troca de informação de 4 individuos a cada 241 gerações
Número de threads: 1

Largura da faixa = 121
Melhor altura = 433

Lower Bound 1 = 330
Lower Bound 2 = 421
Avaliação = 1.0285

Tempo de execução: 60.0004s

---------------------------

Tamanho da população: 475
Fração elite: 0.2121
Fração mutante: 0.0442
Probabilidade herdar alelo elite: 0.6514
Número de populações independentes: 3
Troca de informação de 4 individuos a cada 241 gerações
Número de threads: 1

Largura da faixa = 121
Melhor altura = 433

Lower Bound 1 = 330
Lower Bound 2 = 421
Avaliação = 1.0285

Tempo de execução: 60.0111s
