Tamanho da população: 475
Fração elite: 0.2121
Fração mutante: 0.0442
Probabilidade herdar alelo elite: 0.6514
Número de populações independentes: 3
Troca de informação de 4 individuos a cada 241 gerações
Número de threads: 1

Largura da faixa = 119
Melhor altura = 462

Lower Bound 1 = 336
Lower Bound 2 = 377
Avaliação = 1.22546

Tempo de execução: 60.0026s

---------------------------

Tamanho da população: 475
Fração elite: 0.2121
Fração mutante: 0.0442
Probabilidade herdar alelo elite: 0.6514
Número de populações independentes: 3
Troca de informação de 4 individuos a cada 241 gerações
Número de threads: 1

Largura da faixa = 119
Melhor altura = 462

Lower Bound 1 = 336
Lower Bound 2 = 377
Avaliação = 1.22546

Tempo de execução: 60.0056s

---------------------------

Tamanho da população: 475
Fração elite: 0.2121
Fração mutante: 0.0442
Probabilidade herdar alelo elite: 0.6514
Número de populações independentes: 3
Troca de informação de 4 individuos a cada 241 gerações
Número de threads: 1

Largura da faixa = 119
Melhor altura = 462

Lower Bound 1 = 336
Lower Bound 2 = 377
Avaliação = 1.22546

Tempo de execução: 60.0125s

---------------------------

Tamanho da população: 475
Fração elite: 0.2121
Fração mutante: 0.0442
Probabilidade herdar alelo elite: 0.6514
Número de populações independentes: 3
Troca de informação de 4 individuos a cada 241 gerações
Número de threads: 1

Largura da faixa = 119
Melhor altura = 462

Lower Bound 1 = 336
Lower Bound 2 = 377
Avaliação = 1.22546

Tempo de execução: 60.0195s

---------------------------

Tamanho da população: 475
Fração elite: 0.2121
Fração mutante: 0.0442
Probabilidade herdar alelo elite: 0.6514
Número de populações independentes: 3
Troca de informação de 4 individuos a cada 241 gerações
Número de threads: 1

Largura da faixa = 119
Melhor altura = 462

Lower Bound 1 = 336
Lower Bound 2 = 377
Avaliação = 1.22546

Tempo de execução: 60.024s

---------------------------

Tamanho da população: 475
Fração elite: 0.2121
Fração mutante: 0.0442
Probabilidade herdar alelo elite: 0.6514
Número de populações independentes: 3
Troca de informação de 4 individuos a cada 241 gerações
Número de threads: 1

Largura da faixa = 119
Melhor altura = 462

Lower Bound 1 = 336
Lower Bound 2 = 377
Avaliação = 1.22546

Tempo de execução: 60.0246s

---------------------------

Tamanho da população: 475
Fração elite: 0.2121
Fração mutante: 0.0442
Probabilidade herdar alelo elite: 0.6514
Número de populações independentes: 3
Troca de informação de 4 individuos a cada 241 gerações
Número de threads: 1

Largura da faixa = 119
Melhor altura = 462

Lower Bound 1 = 336
Lower Bound 2 = 377
Avaliação = 1.22546

Tempo de execução: 60.0026s

---------------------------

Tamanho da população: 475
Fração elite: 0.2121
Fração mutante: 0.0442
Probabilidade herdar alelo elite: 0.6514
Número de populações independentes: 3
Troca de informação de 4 individuos a cada 241 gerações
Número de threads: 1

Largura da faixa = 119
Melhor altura = 462

Lower Bound 1 = 336
Lower Bound 2 = 377
Avaliação = 1.22546

Tempo de execução: 60.0071s

---------------------------

Tamanho da população: 475
Fração elite: 0.2121
Fração mutante: 0.0442
Probabilidade herdar alelo elite: 0.6514
Número de populações independentes: 3
Troca de informação de 4 individuos a cada 241 gerações
Número de threads: 1

Largura da faixa = 119
Melhor altura = 462

Lower Bound 1 = 336
Lower Bound 2 = 377
Avaliação = 1.22546

Tempo de execução: 60.008s

---------------------------

Tamanho da população: 475
Fração elite: 0.2121
Fração mutante: 0.0442
Probabilidade herdar alelo elite: 0.6514
Número de populações independentes: 3
Troca de informação de 4 individuos a cada 241 gerações
Número de threads: 1

Largura da faixa = 119
Melhor altura = 462

Lower Bound 1 = 336
Lower Bound 2 = 377
Avaliação = 1.22546

Tempo de execução: 60.011s

---------------------------

Tamanho da população: 475
Fração elite: 0.2121
Fração mutante: 0.0442
Probabilidade herdar alelo elite: 0.6514
Número de populações independentes: 3
Troca de informação de 4 individuos a cada 241 gerações
Número de threads: 1

Largura da faixa = 119
Melhor altura = 461

Lower Bound 1 = 336
Lower Bound 2 = 377
Avaliação = 1.22281

Tempo de execução: 60.0131s

---------------------------

Tamanho da população: 475
Fração elite: 0.2121
Fração mutante: 0.0442
Probabilidade herdar alelo elite: 0.6514
Número de populações independentes: 3
Troca de informação de 4 individuos a cada 241 gerações
Número de threads: 1

Largura da faixa = 119
Melhor altura = 462

Lower Bound 1 = 336
Lower Bound 2 = 377
Avaliação = 1.22546

Tempo de execução: 60.0271s

---------------------------

Tamanho da população: 475
Fração elite: 0.2121
Fração mutante: 0.0442
Probabilidade herdar alelo elite: 0.6514
Número de populações independentes: 3
Troca de informação de 4 individuos a cada 241 gerações
Número de threads: 1

Largura da faixa = 119
Melhor altura = 462

Lower Bound 1 = 336
Lower Bound 2 = 377
Avaliação = 1.22546

Tempo de execução: 60.0097s

---------------------------

Tamanho da população: 475
Fração elite: 0.2121
Fração mutante: 0.0442
Probabilidade herdar alelo elite: 0.6514
Número de populações independentes: 3
Troca de informação de 4 individuos a cada 241 gerações
Número de threads: 1

Largura da faixa = 119
Melhor altura = 462

Lower Bound 1 = 336
Lower Bound 2 = 377
Avaliação = 1.22546

Tempo de execução: 60.01s

---------------------------

Tamanho da população: 475
Fração elite: 0.2121
Fração mutante: 0.0442
Probabilidade herdar alelo elite: 0.6514
Número de populações independentes: 3
Troca de informação de 4 individuos a cada 241 gerações
Número de threads: 1

Largura da faixa = 119
Melhor altura = 462

Lower Bound 1 = 336
Lower Bound 2 = 377
Avaliação = 1.22546

Tempo de execução: 60.0138s

---------------------------

Tamanho da população: 475
Fração elite: 0.2121
Fração mutante: 0.0442
Probabilidade herdar alelo elite: 0.6514
Número de populações independentes: 3
Troca de informação de 4 individuos a cada 241 gerações
Número de threads: 1

Largura da faixa = 119
Melhor altura = 462

Lower Bound 1 = 336
Lower Bound 2 = 377
Avaliação = 1.22546

Tempo de execução: 60.0147s

---------------------------

Tamanho da população: 475
Fração elite: 0.2121
Fração mutante: 0.0442
Probabilidade herdar alelo elite: 0.6514
Número de populações independentes: 3
Troca de informação de 4 individuos a cada 241 gerações
Número de threads: 1

Largura da faixa = 119
Melhor altura = 462

Lower Bound 1 = 336
Lower Bound 2 = 377
Avaliação = 1.22546

Tempo de execução: 60.0176s

---------------------------

Tamanho da população: 475
Fração elite: 0.2121
Fração mutante: 0.0442
Probabilidade herdar alelo elite: 0.6514
Número de populações independentes: 3
Troca de informação de 4 individuos a cada 241 gerações
Número de threads: 1

Largura da faixa = 119
Melhor altura = 462

Lower Bound 1 = 336
Lower Bound 2 = 377
Avaliação = 1.22546

Tempo de execução: 60.0226s

---------------------------

Tamanho da população: 475
Fração elite: 0.2121
Fração mutante: 0.0442
Probabilidade herdar alelo elite: 0.6514
Número de populações independentes: 3
Troca de informação de 4 individuos a cada 241 gerações
Número de threads: 1

Largura da faixa = 119
Melhor altura = 462

Lower Bound 1 = 336
Lower Bound 2 = 377
Avaliação = 1.22546

Tempo de execução: 60.0124s

---------------------------

Tamanho da população: 475
Fração elite: 0.2121
Fração mutante: 0.0442
Probabilidade herdar alelo elite: 0.6514
Número de populações independentes: 3
Troca de informação de 4 individuos a cada 241 gerações
Número de threads: 1

Largura da faixa = 119
Melhor altura = 462

Lower Bound 1 = 336
Lower Bound 2 = 377
Avaliação = 1.22546

Tempo de execução: 60.0127s
