Tamanho da população: 297
Fração elite: 0.55
Fração mutante: 0.0174
Probabilidade herdar alelo elite: 0.7678
Número de populações independentes: 1
Número de threads: 1
Trocar os melhores indivíduos a cada 30 gerações
Número máximo de gerações: 279

Largura da faixa = 93
Melhor altura = 527

Lower Bound 1 = 430
Lower Bound 2 = 360
Avaliação = 1.22558

Tempo de execução: 3.55853s

---------------------------

Tamanho da população: 297
Fração elite: 0.55
Fração mutante: 0.0174
Probabilidade herdar alelo elite: 0.7678
Número de populações independentes: 1
Número de threads: 1
Trocar os melhores indivíduos a cada 30 gerações
Número máximo de gerações: 279

Largura da faixa = 93
Melhor altura = 509

Lower Bound 1 = 430
Lower Bound 2 = 360
Avaliação = 1.18372

Tempo de execução: 3.67792s

---------------------------

Tamanho da população: 297
Fração elite: 0.55
Fração mutante: 0.0174
Probabilidade herdar alelo elite: 0.7678
Número de populações independentes: 1
Número de threads: 1
Trocar os melhores indivíduos a cada 30 gerações
Número máximo de gerações: 279

Largura da faixa = 93
Melhor altura = 518

Lower Bound 1 = 430
Lower Bound 2 = 360
Avaliação = 1.20465

Tempo de execução: 3.71981s

---------------------------

Tamanho da população: 297
Fração elite: 0.55
Fração mutante: 0.0174
Probabilidade herdar alelo elite: 0.7678
Número de populações independentes: 1
Número de threads: 1
Trocar os melhores indivíduos a cada 30 gerações
Número máximo de gerações: 279

Largura da faixa = 93
Melhor altura = 527

Lower Bound 1 = 430
Lower Bound 2 = 360
Avaliação = 1.22558

Tempo de execução: 3.43925s

---------------------------

Tamanho da população: 297
Fração elite: 0.55
Fração mutante: 0.0174
Probabilidade herdar alelo elite: 0.7678
Número de populações independentes: 1
Número de threads: 1
Trocar os melhores indivíduos a cada 30 gerações
Número máximo de gerações: 279

Largura da faixa = 93
Melhor altura = 527

Lower Bound 1 = 430
Lower Bound 2 = 360
Avaliação = 1.22558

Tempo de execução: 3.52391s

---------------------------

Tamanho da população: 297
Fração elite: 0.55
Fração mutante: 0.0174
Probabilidade herdar alelo elite: 0.7678
Número de populações independentes: 1
Número de threads: 1
Trocar os melhores indivíduos a cada 30 gerações
Número máximo de gerações: 279

Largura da faixa = 93
Melhor altura = 506

Lower Bound 1 = 430
Lower Bound 2 = 360
Avaliação = 1.17674

Tempo de execução: 3.76747s

---------------------------

Tamanho da população: 297
Fração elite: 0.55
Fração mutante: 0.0174
Probabilidade herdar alelo elite: 0.7678
Número de populações independentes: 1
Número de threads: 1
Trocar os melhores indivíduos a cada 30 gerações
Número máximo de gerações: 279

Largura da faixa = 93
Melhor altura = 531

Lower Bound 1 = 430
Lower Bound 2 = 360
Avaliação = 1.23488

Tempo de execução: 3.4925s

---------------------------

Tamanho da população: 297
Fração elite: 0.55
Fração mutante: 0.0174
Probabilidade herdar alelo elite: 0.7678
Número de populações independentes: 1
Número de threads: 1
Trocar os melhores indivíduos a cada 30 gerações
Número máximo de gerações: 279

Largura da faixa = 93
Melhor altura = 526

Lower Bound 1 = 430
Lower Bound 2 = 360
Avaliação = 1.22326

Tempo de execução: 3.59018s

---------------------------

Tamanho da população: 297
Fração elite: 0.55
Fração mutante: 0.0174
Probabilidade herdar alelo elite: 0.7678
Número de populações independentes: 1
Número de threads: 1
Trocar os melhores indivíduos a cada 30 gerações
Número máximo de gerações: 279

Largura da faixa = 93
Melhor altura = 505

Lower Bound 1 = 430
Lower Bound 2 = 360
Avaliação = 1.17442

Tempo de execução: 3.74449s

---------------------------

Tamanho da população: 297
Fração elite: 0.55
Fração mutante: 0.0174
Probabilidade herdar alelo elite: 0.7678
Número de populações independentes: 1
Número de threads: 1
Trocar os melhores indivíduos a cada 30 gerações
Número máximo de gerações: 279

Largura da faixa = 93
Melhor altura = 514

Lower Bound 1 = 430
Lower Bound 2 = 360
Avaliação = 1.19535

Tempo de execução: 3.55986s

---------------------------

Tamanho da população: 297
Fração elite: 0.55
Fração mutante: 0.0174
Probabilidade herdar alelo elite: 0.7678
Número de populações independentes: 1
Número de threads: 1
Trocar os melhores indivíduos a cada 30 gerações
Número máximo de gerações: 279

Largura da faixa = 93
Melhor altura = 513

Lower Bound 1 = 430
Lower Bound 2 = 360
Avaliação = 1.19302

Tempo de execução: 3.65651s

---------------------------

Tamanho da população: 297
Fração elite: 0.55
Fração mutante: 0.0174
Probabilidade herdar alelo elite: 0.7678
Número de populações independentes: 1
Número de threads: 1
Trocar os melhores indivíduos a cada 30 gerações
Número máximo de gerações: 279

Largura da faixa = 93
Melhor altura = 504

Lower Bound 1 = 430
Lower Bound 2 = 360
Avaliação = 1.17209

Tempo de execução: 3.70353s

---------------------------

Tamanho da população: 297
Fração elite: 0.55
Fração mutante: 0.0174
Probabilidade herdar alelo elite: 0.7678
Número de populações independentes: 1
Número de threads: 1
Trocar os melhores indivíduos a cada 30 gerações
Número máximo de gerações: 279

Largura da faixa = 93
Melhor altura = 527

Lower Bound 1 = 430
Lower Bound 2 = 360
Avaliação = 1.22558

Tempo de execução: 3.44922s

---------------------------

Tamanho da população: 297
Fração elite: 0.55
Fração mutante: 0.0174
Probabilidade herdar alelo elite: 0.7678
Número de populações independentes: 1
Número de threads: 1
Trocar os melhores indivíduos a cada 30 gerações
Número máximo de gerações: 279

Largura da faixa = 93
Melhor altura = 527

Lower Bound 1 = 430
Lower Bound 2 = 360
Avaliação = 1.22558

Tempo de execução: 3.54198s

---------------------------

Tamanho da população: 297
Fração elite: 0.55
Fração mutante: 0.0174
Probabilidade herdar alelo elite: 0.7678
Número de populações independentes: 1
Número de threads: 1
Trocar os melhores indivíduos a cada 30 gerações
Número máximo de gerações: 279

Largura da faixa = 93
Melhor altura = 514

Lower Bound 1 = 430
Lower Bound 2 = 360
Avaliação = 1.19535

Tempo de execução: 3.64474s

---------------------------

Tamanho da população: 297
Fração elite: 0.55
Fração mutante: 0.0174
Probabilidade herdar alelo elite: 0.7678
Número de populações independentes: 1
Número de threads: 1
Trocar os melhores indivíduos a cada 30 gerações
Número máximo de gerações: 279

Largura da faixa = 93
Melhor altura = 527

Lower Bound 1 = 430
Lower Bound 2 = 360
Avaliação = 1.22558

Tempo de execução: 3.4428s

---------------------------

Tamanho da população: 297
Fração elite: 0.55
Fração mutante: 0.0174
Probabilidade herdar alelo elite: 0.7678
Número de populações independentes: 1
Número de threads: 1
Trocar os melhores indivíduos a cada 30 gerações
Número máximo de gerações: 279

Largura da faixa = 93
Melhor altura = 509

Lower Bound 1 = 430
Lower Bound 2 = 360
Avaliação = 1.18372

Tempo de execução: 3.58799s

---------------------------

Tamanho da população: 297
Fração elite: 0.55
Fração mutante: 0.0174
Probabilidade herdar alelo elite: 0.7678
Número de populações independentes: 1
Número de threads: 1
Trocar os melhores indivíduos a cada 30 gerações
Número máximo de gerações: 279

Largura da faixa = 93
Melhor altura = 509

Lower Bound 1 = 430
Lower Bound 2 = 360
Avaliação = 1.18372

Tempo de execução: 3.65438s

---------------------------

Tamanho da população: 297
Fração elite: 0.55
Fração mutante: 0.0174
Probabilidade herdar alelo elite: 0.7678
Número de populações independentes: 1
Número de threads: 1
Trocar os melhores indivíduos a cada 30 gerações
Número máximo de gerações: 279

Largura da faixa = 93
Melhor altura = 504

Lower Bound 1 = 430
Lower Bound 2 = 360
Avaliação = 1.17209

Tempo de execução: 3.63408s

---------------------------

Tamanho da população: 297
Fração elite: 0.55
Fração mutante: 0.0174
Probabilidade herdar alelo elite: 0.7678
Número de populações independentes: 1
Número de threads: 1
Trocar os melhores indivíduos a cada 30 gerações
Número máximo de gerações: 279

Largura da faixa = 93
Melhor altura = 504

Lower Bound 1 = 430
Lower Bound 2 = 360
Avaliação = 1.17209

Tempo de execução: 3.66642s

---------------------------

