Tamanho da população: 475
Fração elite: 0.2121
Fração mutante: 0.0442
Probabilidade herdar alelo elite: 0.6514
Número de populações independentes: 3
Troca de informação de 4 individuos a cada 241 gerações
Número de threads: 1

Largura da faixa = 159
Melhor altura = 411

Lower Bound 1 = 251
Lower Bound 2 = 411
Avaliação = 1

Tempo de execução: 60.0056s

---------------------------

Tamanho da população: 475
Fração elite: 0.2121
Fração mutante: 0.0442
Probabilidade herdar alelo elite: 0.6514
Número de populações independentes: 3
Troca de informação de 4 individuos a cada 241 gerações
Número de threads: 1

Largura da faixa = 159
Melhor altura = 411

Lower Bound 1 = 251
Lower Bound 2 = 411
Avaliação = 1

Tempo de execução: 60.0092s

---------------------------

Tamanho da população: 475
Fração elite: 0.2121
Fração mutante: 0.0442
Probabilidade herdar alelo elite: 0.6514
Número de populações independentes: 3
Troca de informação de 4 individuos a cada 241 gerações
Número de threads: 1

Largura da faixa = 159
Melhor altura = 411

Lower Bound 1 = 251
Lower Bound 2 = 411
Avaliação = 1

Tempo de execução: 60.0173s

---------------------------

Tamanho da população: 475
Fração elite: 0.2121
Fração mutante: 0.0442
Probabilidade herdar alelo elite: 0.6514
Número de populações independentes: 3
Troca de informação de 4 individuos a cada 241 gerações
Número de threads: 1

Largura da faixa = 159
Melhor altura = 411

Lower Bound 1 = 251
Lower Bound 2 = 411
Avaliação = 1

Tempo de execução: 60.0292s

---------------------------

Tamanho da população: 475
Fração elite: 0.2121
Fração mutante: 0.0442
Probabilidade herdar alelo elite: 0.6514
Número de populações independentes: 3
Troca de informação de 4 individuos a cada 241 gerações
Número de threads: 1

Largura da faixa = 159
Melhor altura = 411

Lower Bound 1 = 251
Lower Bound 2 = 411
Avaliação = 1

Tempo de execução: 60.0352s

---------------------------

Tamanho da população: 475
Fração elite: 0.2121
Fração mutante: 0.0442
Probabilidade herdar alelo elite: 0.6514
Número de populações independentes: 3
Troca de informação de 4 individuos a cada 241 gerações
Número de threads: 1

Largura da faixa = 159
Melhor altura = 411

Lower Bound 1 = 251
Lower Bound 2 = 411
Avaliação = 1

Tempo de execução: 60.0371s

---------------------------

Tamanho da população: 475
Fração elite: 0.2121
Fração mutante: 0.0442
Probabilidade herdar alelo elite: 0.6514
Número de populações independentes: 3
Troca de informação de 4 individuos a cada 241 gerações
Número de threads: 1

Largura da faixa = 159
Melhor altura = 411

Lower Bound 1 = 251
Lower Bound 2 = 411
Avaliação = 1

Tempo de execução: 60.0037s

---------------------------

Tamanho da população: 475
Fração elite: 0.2121
Fração mutante: 0.0442
Probabilidade herdar alelo elite: 0.6514
Número de populações independentes: 3
Troca de informação de 4 individuos a cada 241 gerações
Número de threads: 1

Largura da faixa = 159
Melhor altura = 411

Lower Bound 1 = 251
Lower Bound 2 = 411
Avaliação = 1

Tempo de execução: 60.0093s

---------------------------

Tamanho da população: 475
Fração elite: 0.2121
Fração mutante: 0.0442
Probabilidade herdar alelo elite: 0.6514
Número de populações independentes: 3
Troca de informação de 4 individuos a cada 241 gerações
Número de threads: 1

Largura da faixa = 159
Melhor altura = 411

Lower Bound 1 = 251
Lower Bound 2 = 411
Avaliação = 1

Tempo de execução: 60.0183s

---------------------------

Tamanho da população: 475
Fração elite: 0.2121
Fração mutante: 0.0442
Probabilidade herdar alelo elite: 0.6514
Número de populações independentes: 3
Troca de informação de 4 individuos a cada 241 gerações
Número de threads: 1

Largura da faixa = 159
Melhor altura = 411

Lower Bound 1 = 251
Lower Bound 2 = 411
Avaliação = 1

Tempo de execução: 60.0268s

---------------------------

Tamanho da população: 475
Fração elite: 0.2121
Fração mutante: 0.0442
Probabilidade herdar alelo elite: 0.6514
Número de populações independentes: 3
Troca de informação de 4 individuos a cada 241 gerações
Número de threads: 1

Largura da faixa = 159
Melhor altura = 411

Lower Bound 1 = 251
Lower Bound 2 = 411
Avaliação = 1

Tempo de execução: 60.0331s

---------------------------

Tamanho da população: 475
Fração elite: 0.2121
Fração mutante: 0.0442
Probabilidade herdar alelo elite: 0.6514
Número de populações independentes: 3
Troca de informação de 4 individuos a cada 241 gerações
Número de threads: 1

Largura da faixa = 159
Melhor altura = 411

Lower Bound 1 = 251
Lower Bound 2 = 411
Avaliação = 1

Tempo de execução: 60.0326s

---------------------------

Tamanho da população: 475
Fração elite: 0.2121
Fração mutante: 0.0442
Probabilidade herdar alelo elite: 0.6514
Número de populações independentes: 3
Troca de informação de 4 individuos a cada 241 gerações
Número de threads: 1

Largura da faixa = 159
Melhor altura = 411

Lower Bound 1 = 251
Lower Bound 2 = 411
Avaliação = 1

Tempo de execução: 60.006s

---------------------------

Tamanho da população: 475
Fração elite: 0.2121
Fração mutante: 0.0442
Probabilidade herdar alelo elite: 0.6514
Número de populações independentes: 3
Troca de informação de 4 individuos a cada 241 gerações
Número de threads: 1

Largura da faixa = 159
Melhor altura = 411

Lower Bound 1 = 251
Lower Bound 2 = 411
Avaliação = 1

Tempo de execução: 60.0146s

---------------------------

Tamanho da população: 475
Fração elite: 0.2121
Fração mutante: 0.0442
Probabilidade herdar alelo elite: 0.6514
Número de populações independentes: 3
Troca de informação de 4 individuos a cada 241 gerações
Número de threads: 1

Largura da faixa = 159
Melhor altura = 411

Lower Bound 1 = 251
Lower Bound 2 = 411
Avaliação = 1

Tempo de execução: 60.0224s

---------------------------

Tamanho da população: 475
Fração elite: 0.2121
Fração mutante: 0.0442
Probabilidade herdar alelo elite: 0.6514
Número de populações independentes: 3
Troca de informação de 4 individuos a cada 241 gerações
Número de threads: 1

Largura da faixa = 159
Melhor altura = 411

Lower Bound 1 = 251
Lower Bound 2 = 411
Avaliação = 1

Tempo de execução: 60.0244s

---------------------------

Tamanho da população: 475
Fração elite: 0.2121
Fração mutante: 0.0442
Probabilidade herdar alelo elite: 0.6514
Número de populações independentes: 3
Troca de informação de 4 individuos a cada 241 gerações
Número de threads: 1

Largura da faixa = 159
Melhor altura = 411

Lower Bound 1 = 251
Lower Bound 2 = 411
Avaliação = 1

Tempo de execução: 60.0253s

---------------------------

Tamanho da população: 475
Fração elite: 0.2121
Fração mutante: 0.0442
Probabilidade herdar alelo elite: 0.6514
Número de populações independentes: 3
Troca de informação de 4 individuos a cada 241 gerações
Número de threads: 1

Largura da faixa = 159
Melhor altura = 411

Lower Bound 1 = 251
Lower Bound 2 = 411
Avaliação = 1

Tempo de execução: 60.0258s

---------------------------

Tamanho da população: 475
Fração elite: 0.2121
Fração mutante: 0.0442
Probabilidade herdar alelo elite: 0.6514
Número de populações independentes: 3
Troca de informação de 4 individuos a cada 241 gerações
Número de threads: 1

Largura da faixa = 159
Melhor altura = 411

Lower Bound 1 = 251
Lower Bound 2 = 411
Avaliação = 1

Tempo de execução: 60.0163s

---------------------------

Tamanho da população: 475
Fração elite: 0.2121
Fração mutante: 0.0442
Probabilidade herdar alelo elite: 0.6514
Número de populações independentes: 3
Troca de informação de 4 individuos a cada 241 gerações
Número de threads: 1

Largura da faixa = 159
Melhor altura = 411

Lower Bound 1 = 251
Lower Bound 2 = 411
Avaliação = 1

Tempo de execução: 60.023s
