Tamanho da população: 297
Fração elite: 0.55
Fração mutante: 0.0174
Probabilidade herdar alelo elite: 0.7678
Número de populações independentes: 1
Número de threads: 1
Trocar os melhores indivíduos a cada 30 gerações
Número máximo de gerações: 279

Largura da faixa = 165
Melhor altura = 279

Lower Bound 1 = 242
Lower Bound 2 = 194
Avaliação = 1.15289

Tempo de execução: 2.99779s

---------------------------

Tamanho da população: 297
Fração elite: 0.55
Fração mutante: 0.0174
Probabilidade herdar alelo elite: 0.7678
Número de populações independentes: 1
Número de threads: 1
Trocar os melhores indivíduos a cada 30 gerações
Número máximo de gerações: 279

Largura da faixa = 165
Melhor altura = 285

Lower Bound 1 = 242
Lower Bound 2 = 194
Avaliação = 1.17769

Tempo de execução: 3.09296s

---------------------------

Tamanho da população: 297
Fração elite: 0.55
Fração mutante: 0.0174
Probabilidade herdar alelo elite: 0.7678
Número de populações independentes: 1
Número de threads: 1
Trocar os melhores indivíduos a cada 30 gerações
Número máximo de gerações: 279

Largura da faixa = 165
Melhor altura = 285

Lower Bound 1 = 242
Lower Bound 2 = 194
Avaliação = 1.17769

Tempo de execução: 3.16579s

---------------------------

Tamanho da população: 297
Fração elite: 0.55
Fração mutante: 0.0174
Probabilidade herdar alelo elite: 0.7678
Número de populações independentes: 1
Número de threads: 1
Trocar os melhores indivíduos a cada 30 gerações
Número máximo de gerações: 279

Largura da faixa = 165
Melhor altura = 285

Lower Bound 1 = 242
Lower Bound 2 = 194
Avaliação = 1.17769

Tempo de execução: 3.09148s

---------------------------

Tamanho da população: 297
Fração elite: 0.55
Fração mutante: 0.0174
Probabilidade herdar alelo elite: 0.7678
Número de populações independentes: 1
Número de threads: 1
Trocar os melhores indivíduos a cada 30 gerações
Número máximo de gerações: 279

Largura da faixa = 165
Melhor altura = 287

Lower Bound 1 = 242
Lower Bound 2 = 194
Avaliação = 1.18595

Tempo de execução: 3.1236s

---------------------------

Tamanho da população: 297
Fração elite: 0.55
Fração mutante: 0.0174
Probabilidade herdar alelo elite: 0.7678
Número de populações independentes: 1
Número de threads: 1
Trocar os melhores indivíduos a cada 30 gerações
Número máximo de gerações: 279

Largura da faixa = 165
Melhor altura = 285

Lower Bound 1 = 242
Lower Bound 2 = 194
Avaliação = 1.17769

Tempo de execução: 3.14181s

---------------------------

Tamanho da população: 297
Fração elite: 0.55
Fração mutante: 0.0174
Probabilidade herdar alelo elite: 0.7678
Número de populações independentes: 1
Número de threads: 1
Trocar os melhores indivíduos a cada 30 gerações
Número máximo de gerações: 279

Largura da faixa = 165
Melhor altura = 288

Lower Bound 1 = 242
Lower Bound 2 = 194
Avaliação = 1.19008

Tempo de execução: 2.996s

---------------------------

Tamanho da população: 297
Fração elite: 0.55
Fração mutante: 0.0174
Probabilidade herdar alelo elite: 0.7678
Número de populações independentes: 1
Número de threads: 1
Trocar os melhores indivíduos a cada 30 gerações
Número máximo de gerações: 279

Largura da faixa = 165
Melhor altura = 284

Lower Bound 1 = 242
Lower Bound 2 = 194
Avaliação = 1.17355

Tempo de execução: 3.15948s

---------------------------

Tamanho da população: 297
Fração elite: 0.55
Fração mutante: 0.0174
Probabilidade herdar alelo elite: 0.7678
Número de populações independentes: 1
Número de threads: 1
Trocar os melhores indivíduos a cada 30 gerações
Número máximo de gerações: 279

Largura da faixa = 165
Melhor altura = 280

Lower Bound 1 = 242
Lower Bound 2 = 194
Avaliação = 1.15702

Tempo de execução: 3.16049s

---------------------------

Tamanho da população: 297
Fração elite: 0.55
Fração mutante: 0.0174
Probabilidade herdar alelo elite: 0.7678
Número de populações independentes: 1
Número de threads: 1
Trocar os melhores indivíduos a cada 30 gerações
Número máximo de gerações: 279

Largura da faixa = 165
Melhor altura = 288

Lower Bound 1 = 242
Lower Bound 2 = 194
Avaliação = 1.19008

Tempo de execução: 2.97761s

---------------------------

Tamanho da população: 297
Fração elite: 0.55
Fração mutante: 0.0174
Probabilidade herdar alelo elite: 0.7678
Número de populações independentes: 1
Número de threads: 1
Trocar os melhores indivíduos a cada 30 gerações
Número máximo de gerações: 279

Largura da faixa = 165
Melhor altura = 284

Lower Bound 1 = 242
Lower Bound 2 = 194
Avaliação = 1.17355

Tempo de execução: 3.10847s

---------------------------

Tamanho da população: 297
Fração elite: 0.55
Fração mutante: 0.0174
Probabilidade herdar alelo elite: 0.7678
Número de populações independentes: 1
Número de threads: 1
Trocar os melhores indivíduos a cada 30 gerações
Número máximo de gerações: 279

Largura da faixa = 165
Melhor altura = 285

Lower Bound 1 = 242
Lower Bound 2 = 194
Avaliação = 1.17769

Tempo de execução: 3.13448s

---------------------------

Tamanho da população: 297
Fração elite: 0.55
Fração mutante: 0.0174
Probabilidade herdar alelo elite: 0.7678
Número de populações independentes: 1
Número de threads: 1
Trocar os melhores indivíduos a cada 30 gerações
Número máximo de gerações: 279

Largura da faixa = 165
Melhor altura = 286

Lower Bound 1 = 242
Lower Bound 2 = 194
Avaliação = 1.18182

Tempo de execução: 3.06175s

---------------------------

Tamanho da população: 297
Fração elite: 0.55
Fração mutante: 0.0174
Probabilidade herdar alelo elite: 0.7678
Número de populações independentes: 1
Número de threads: 1
Trocar os melhores indivíduos a cada 30 gerações
Número máximo de gerações: 279

Largura da faixa = 165
Melhor altura = 284

Lower Bound 1 = 242
Lower Bound 2 = 194
Avaliação = 1.17355

Tempo de execução: 3.07427s

---------------------------

Tamanho da população: 297
Fração elite: 0.55
Fração mutante: 0.0174
Probabilidade herdar alelo elite: 0.7678
Número de populações independentes: 1
Número de threads: 1
Trocar os melhores indivíduos a cada 30 gerações
Número máximo de gerações: 279

Largura da faixa = 165
Melhor altura = 285

Lower Bound 1 = 242
Lower Bound 2 = 194
Avaliação = 1.17769

Tempo de execução: 3.11552s

---------------------------

Tamanho da população: 297
Fração elite: 0.55
Fração mutante: 0.0174
Probabilidade herdar alelo elite: 0.7678
Número de populações independentes: 1
Número de threads: 1
Trocar os melhores indivíduos a cada 30 gerações
Número máximo de gerações: 279

Largura da faixa = 165
Melhor altura = 285

Lower Bound 1 = 242
Lower Bound 2 = 194
Avaliação = 1.17769

Tempo de execução: 3.06436s

---------------------------

Tamanho da população: 297
Fração elite: 0.55
Fração mutante: 0.0174
Probabilidade herdar alelo elite: 0.7678
Número de populações independentes: 1
Número de threads: 1
Trocar os melhores indivíduos a cada 30 gerações
Número máximo de gerações: 279

Largura da faixa = 165
Melhor altura = 285

Lower Bound 1 = 242
Lower Bound 2 = 194
Avaliação = 1.17769

Tempo de execução: 3.08724s

---------------------------

Tamanho da população: 297
Fração elite: 0.55
Fração mutante: 0.0174
Probabilidade herdar alelo elite: 0.7678
Número de populações independentes: 1
Número de threads: 1
Trocar os melhores indivíduos a cada 30 gerações
Número máximo de gerações: 279

Largura da faixa = 165
Melhor altura = 285

Lower Bound 1 = 242
Lower Bound 2 = 194
Avaliação = 1.17769

Tempo de execução: 3.11742s

---------------------------

Tamanho da população: 297
Fração elite: 0.55
Fração mutante: 0.0174
Probabilidade herdar alelo elite: 0.7678
Número de populações independentes: 1
Número de threads: 1
Trocar os melhores indivíduos a cada 30 gerações
Número máximo de gerações: 279

Largura da faixa = 165
Melhor altura = 284

Lower Bound 1 = 242
Lower Bound 2 = 194
Avaliação = 1.17355

Tempo de execução: 3.05053s

---------------------------

Tamanho da população: 297
Fração elite: 0.55
Fração mutante: 0.0174
Probabilidade herdar alelo elite: 0.7678
Número de populações independentes: 1
Número de threads: 1
Trocar os melhores indivíduos a cada 30 gerações
Número máximo de gerações: 279

Largura da faixa = 165
Melhor altura = 285

Lower Bound 1 = 242
Lower Bound 2 = 194
Avaliação = 1.17769

Tempo de execução: 3.20944s

---------------------------

