Tamanho da população: 297
Fração elite: 0.55
Fração mutante: 0.0174
Probabilidade herdar alelo elite: 0.7678
Número de populações independentes: 1
Número de threads: 1
Trocar os melhores indivíduos a cada 30 gerações
Número máximo de gerações: 279

Largura da faixa = 167
Melhor altura = 334

Lower Bound 1 = 239
Lower Bound 2 = 305
Avaliação = 1.09508

Tempo de execução: 1.37814s

---------------------------

Tamanho da população: 297
Fração elite: 0.55
Fração mutante: 0.0174
Probabilidade herdar alelo elite: 0.7678
Número de populações independentes: 1
Número de threads: 1
Trocar os melhores indivíduos a cada 30 gerações
Número máximo de gerações: 279

Largura da faixa = 167
Melhor altura = 334

Lower Bound 1 = 239
Lower Bound 2 = 305
Avaliação = 1.09508

Tempo de execução: 1.41588s

---------------------------

Tamanho da população: 297
Fração elite: 0.55
Fração mutante: 0.0174
Probabilidade herdar alelo elite: 0.7678
Número de populações independentes: 1
Número de threads: 1
Trocar os melhores indivíduos a cada 30 gerações
Número máximo de gerações: 279

Largura da faixa = 167
Melhor altura = 334

Lower Bound 1 = 239
Lower Bound 2 = 305
Avaliação = 1.09508

Tempo de execução: 1.46175s

---------------------------

Tamanho da população: 297
Fração elite: 0.55
Fração mutante: 0.0174
Probabilidade herdar alelo elite: 0.7678
Número de populações independentes: 1
Número de threads: 1
Trocar os melhores indivíduos a cada 30 gerações
Número máximo de gerações: 279

Largura da faixa = 167
Melhor altura = 334

Lower Bound 1 = 239
Lower Bound 2 = 305
Avaliação = 1.09508

Tempo de execução: 1.40531s

---------------------------

Tamanho da população: 297
Fração elite: 0.55
Fração mutante: 0.0174
Probabilidade herdar alelo elite: 0.7678
Número de populações independentes: 1
Número de threads: 1
Trocar os melhores indivíduos a cada 30 gerações
Número máximo de gerações: 279

Largura da faixa = 167
Melhor altura = 334

Lower Bound 1 = 239
Lower Bound 2 = 305
Avaliação = 1.09508

Tempo de execução: 1.44274s

---------------------------

Tamanho da população: 297
Fração elite: 0.55
Fração mutante: 0.0174
Probabilidade herdar alelo elite: 0.7678
Número de populações independentes: 1
Número de threads: 1
Trocar os melhores indivíduos a cada 30 gerações
Número máximo de gerações: 279

Largura da faixa = 167
Melhor altura = 334

Lower Bound 1 = 239
Lower Bound 2 = 305
Avaliação = 1.09508

Tempo de execução: 1.50025s

---------------------------

Tamanho da população: 297
Fração elite: 0.55
Fração mutante: 0.0174
Probabilidade herdar alelo elite: 0.7678
Número de populações independentes: 1
Número de threads: 1
Trocar os melhores indivíduos a cada 30 gerações
Número máximo de gerações: 279

Largura da faixa = 167
Melhor altura = 334

Lower Bound 1 = 239
Lower Bound 2 = 305
Avaliação = 1.09508

Tempo de execução: 1.41493s

---------------------------

Tamanho da população: 297
Fração elite: 0.55
Fração mutante: 0.0174
Probabilidade herdar alelo elite: 0.7678
Número de populações independentes: 1
Número de threads: 1
Trocar os melhores indivíduos a cada 30 gerações
Número máximo de gerações: 279

Largura da faixa = 167
Melhor altura = 334

Lower Bound 1 = 239
Lower Bound 2 = 305
Avaliação = 1.09508

Tempo de execução: 1.42119s

---------------------------

Tamanho da população: 297
Fração elite: 0.55
Fração mutante: 0.0174
Probabilidade herdar alelo elite: 0.7678
Número de populações independentes: 1
Número de threads: 1
Trocar os melhores indivíduos a cada 30 gerações
Número máximo de gerações: 279

Largura da faixa = 167
Melhor altura = 334

Lower Bound 1 = 239
Lower Bound 2 = 305
Avaliação = 1.09508

Tempo de execução: 1.52034s

---------------------------

Tamanho da população: 297
Fração elite: 0.55
Fração mutante: 0.0174
Probabilidade herdar alelo elite: 0.7678
Número de populações independentes: 1
Número de threads: 1
Trocar os melhores indivíduos a cada 30 gerações
Número máximo de gerações: 279

Largura da faixa = 167
Melhor altura = 334

Lower Bound 1 = 239
Lower Bound 2 = 305
Avaliação = 1.09508

Tempo de execução: 1.48335s

---------------------------

Tamanho da população: 297
Fração elite: 0.55
Fração mutante: 0.0174
Probabilidade herdar alelo elite: 0.7678
Número de populações independentes: 1
Número de threads: 1
Trocar os melhores indivíduos a cada 30 gerações
Número máximo de gerações: 279

Largura da faixa = 167
Melhor altura = 334

Lower Bound 1 = 239
Lower Bound 2 = 305
Avaliação = 1.09508

Tempo de execução: 1.50122s

---------------------------

Tamanho da população: 297
Fração elite: 0.55
Fração mutante: 0.0174
Probabilidade herdar alelo elite: 0.7678
Número de populações independentes: 1
Número de threads: 1
Trocar os melhores indivíduos a cada 30 gerações
Número máximo de gerações: 279

Largura da faixa = 167
Melhor altura = 334

Lower Bound 1 = 239
Lower Bound 2 = 305
Avaliação = 1.09508

Tempo de execução: 1.50712s

---------------------------

Tamanho da população: 297
Fração elite: 0.55
Fração mutante: 0.0174
Probabilidade herdar alelo elite: 0.7678
Número de populações independentes: 1
Número de threads: 1
Trocar os melhores indivíduos a cada 30 gerações
Número máximo de gerações: 279

Largura da faixa = 167
Melhor altura = 334

Lower Bound 1 = 239
Lower Bound 2 = 305
Avaliação = 1.09508

Tempo de execução: 1.41523s

---------------------------

Tamanho da população: 297
Fração elite: 0.55
Fração mutante: 0.0174
Probabilidade herdar alelo elite: 0.7678
Número de populações independentes: 1
Número de threads: 1
Trocar os melhores indivíduos a cada 30 gerações
Número máximo de gerações: 279

Largura da faixa = 167
Melhor altura = 334

Lower Bound 1 = 239
Lower Bound 2 = 305
Avaliação = 1.09508

Tempo de execução: 1.46957s

---------------------------

Tamanho da população: 297
Fração elite: 0.55
Fração mutante: 0.0174
Probabilidade herdar alelo elite: 0.7678
Número de populações independentes: 1
Número de threads: 1
Trocar os melhores indivíduos a cada 30 gerações
Número máximo de gerações: 279

Largura da faixa = 167
Melhor altura = 334

Lower Bound 1 = 239
Lower Bound 2 = 305
Avaliação = 1.09508

Tempo de execução: 1.50498s

---------------------------

Tamanho da população: 297
Fração elite: 0.55
Fração mutante: 0.0174
Probabilidade herdar alelo elite: 0.7678
Número de populações independentes: 1
Número de threads: 1
Trocar os melhores indivíduos a cada 30 gerações
Número máximo de gerações: 279

Largura da faixa = 167
Melhor altura = 334

Lower Bound 1 = 239
Lower Bound 2 = 305
Avaliação = 1.09508

Tempo de execução: 1.38656s

---------------------------

Tamanho da população: 297
Fração elite: 0.55
Fração mutante: 0.0174
Probabilidade herdar alelo elite: 0.7678
Número de populações independentes: 1
Número de threads: 1
Trocar os melhores indivíduos a cada 30 gerações
Número máximo de gerações: 279

Largura da faixa = 167
Melhor altura = 334

Lower Bound 1 = 239
Lower Bound 2 = 305
Avaliação = 1.09508

Tempo de execução: 1.40935s

---------------------------

Tamanho da população: 297
Fração elite: 0.55
Fração mutante: 0.0174
Probabilidade herdar alelo elite: 0.7678
Número de populações independentes: 1
Número de threads: 1
Trocar os melhores indivíduos a cada 30 gerações
Número máximo de gerações: 279

Largura da faixa = 167
Melhor altura = 334

Lower Bound 1 = 239
Lower Bound 2 = 305
Avaliação = 1.09508

Tempo de execução: 1.50262s

---------------------------

Tamanho da população: 297
Fração elite: 0.55
Fração mutante: 0.0174
Probabilidade herdar alelo elite: 0.7678
Número de populações independentes: 1
Número de threads: 1
Trocar os melhores indivíduos a cada 30 gerações
Número máximo de gerações: 279

Largura da faixa = 167
Melhor altura = 334

Lower Bound 1 = 239
Lower Bound 2 = 305
Avaliação = 1.09508

Tempo de execução: 1.35179s

---------------------------

Tamanho da população: 297
Fração elite: 0.55
Fração mutante: 0.0174
Probabilidade herdar alelo elite: 0.7678
Número de populações independentes: 1
Número de threads: 1
Trocar os melhores indivíduos a cada 30 gerações
Número máximo de gerações: 279

Largura da faixa = 167
Melhor altura = 334

Lower Bound 1 = 239
Lower Bound 2 = 305
Avaliação = 1.09508

Tempo de execução: 1.37443s

---------------------------

