Tamanho da população: 475
Fração elite: 0.2121
Fração mutante: 0.0442
Probabilidade herdar alelo elite: 0.6514
Número de populações independentes: 3
Troca de informação de 4 individuos a cada 241 gerações
Número de threads: 1

Largura da faixa = 91
Melhor altura = 515

Lower Bound 1 = 439
Lower Bound 2 = 314
Avaliação = 1.17312

Tempo de execução: 60.0129s

---------------------------

Tamanho da população: 475
Fração elite: 0.2121
Fração mutante: 0.0442
Probabilidade herdar alelo elite: 0.6514
Número de populações independentes: 3
Troca de informação de 4 individuos a cada 241 gerações
Número de threads: 1

Largura da faixa = 91
Melhor altura = 515

Lower Bound 1 = 439
Lower Bound 2 = 314
Avaliação = 1.17312

Tempo de execução: 60.0281s

---------------------------

Tamanho da população: 475
Fração elite: 0.2121
Fração mutante: 0.0442
Probabilidade herdar alelo elite: 0.6514
Número de populações independentes: 3
Troca de informação de 4 individuos a cada 241 gerações
Número de threads: 1

Largura da faixa = 91
Melhor altura = 522

Lower Bound 1 = 439
Lower Bound 2 = 314
Avaliação = 1.18907

Tempo de execução: 60.0311s

---------------------------

Tamanho da população: 475
Fração elite: 0.2121
Fração mutante: 0.0442
Probabilidade herdar alelo elite: 0.6514
Número de populações independentes: 3
Troca de informação de 4 individuos a cada 241 gerações
Número de threads: 1

Largura da faixa = 91
Melhor altura = 515

Lower Bound 1 = 439
Lower Bound 2 = 314
Avaliação = 1.17312

Tempo de execução: 60.0358s

---------------------------

Tamanho da população: 475
Fração elite: 0.2121
Fração mutante: 0.0442
Probabilidade herdar alelo elite: 0.6514
Número de populações independentes: 3
Troca de informação de 4 individuos a cada 241 gerações
Número de threads: 1

Largura da faixa = 91
Melhor altura = 516

Lower Bound 1 = 439
Lower Bound 2 = 314
Avaliação = 1.1754

Tempo de execução: 60.0514s

---------------------------

Tamanho da população: 475
Fração elite: 0.2121
Fração mutante: 0.0442
Probabilidade herdar alelo elite: 0.6514
Número de populações independentes: 3
Troca de informação de 4 individuos a cada 241 gerações
Número de threads: 1

Largura da faixa = 91
Melhor altura = 521

Lower Bound 1 = 439
Lower Bound 2 = 314
Avaliação = 1.18679

Tempo de execução: 60.0622s

---------------------------

Tamanho da população: 475
Fração elite: 0.2121
Fração mutante: 0.0442
Probabilidade herdar alelo elite: 0.6514
Número de populações independentes: 3
Troca de informação de 4 individuos a cada 241 gerações
Número de threads: 1

Largura da faixa = 91
Melhor altura = 516

Lower Bound 1 = 439
Lower Bound 2 = 314
Avaliação = 1.1754

Tempo de execução: 60.0032s

---------------------------

Tamanho da população: 475
Fração elite: 0.2121
Fração mutante: 0.0442
Probabilidade herdar alelo elite: 0.6514
Número de populações independentes: 3
Troca de informação de 4 individuos a cada 241 gerações
Número de threads: 1

Largura da faixa = 91
Melhor altura = 515

Lower Bound 1 = 439
Lower Bound 2 = 314
Avaliação = 1.17312

Tempo de execução: 60.0051s

---------------------------

Tamanho da população: 475
Fração elite: 0.2121
Fração mutante: 0.0442
Probabilidade herdar alelo elite: 0.6514
Número de populações independentes: 3
Troca de informação de 4 individuos a cada 241 gerações
Número de threads: 1

Largura da faixa = 91
Melhor altura = 515

Lower Bound 1 = 439
Lower Bound 2 = 314
Avaliação = 1.17312

Tempo de execução: 60.0121s

---------------------------

Tamanho da população: 475
Fração elite: 0.2121
Fração mutante: 0.0442
Probabilidade herdar alelo elite: 0.6514
Número de populações independentes: 3
Troca de informação de 4 individuos a cada 241 gerações
Número de threads: 1

Largura da faixa = 91
Melhor altura = 519

Lower Bound 1 = 439
Lower Bound 2 = 314
Avaliação = 1.18223

Tempo de execução: 60.0322s

---------------------------

Tamanho da população: 475
Fração elite: 0.2121
Fração mutante: 0.0442
Probabilidade herdar alelo elite: 0.6514
Número de populações independentes: 3
Troca de informação de 4 individuos a cada 241 gerações
Número de threads: 1

Largura da faixa = 91
Melhor altura = 515

Lower Bound 1 = 439
Lower Bound 2 = 314
Avaliação = 1.17312

Tempo de execução: 60.0608s

---------------------------

Tamanho da população: 475
Fração elite: 0.2121
Fração mutante: 0.0442
Probabilidade herdar alelo elite: 0.6514
Número de populações independentes: 3
Troca de informação de 4 individuos a cada 241 gerações
Número de threads: 1

Largura da faixa = 91
Melhor altura = 519

Lower Bound 1 = 439
Lower Bound 2 = 314
Avaliação = 1.18223

Tempo de execução: 60.0796s

---------------------------

Tamanho da população: 475
Fração elite: 0.2121
Fração mutante: 0.0442
Probabilidade herdar alelo elite: 0.6514
Número de populações independentes: 3
Troca de informação de 4 individuos a cada 241 gerações
Número de threads: 1

Largura da faixa = 91
Melhor altura = 515

Lower Bound 1 = 439
Lower Bound 2 = 314
Avaliação = 1.17312

Tempo de execução: 60.0302s

---------------------------

Tamanho da população: 475
Fração elite: 0.2121
Fração mutante: 0.0442
Probabilidade herdar alelo elite: 0.6514
Número de populações independentes: 3
Troca de informação de 4 individuos a cada 241 gerações
Número de threads: 1

Largura da faixa = 91
Melhor altura = 516

Lower Bound 1 = 439
Lower Bound 2 = 314
Avaliação = 1.1754

Tempo de execução: 60.0343s

---------------------------

Tamanho da população: 475
Fração elite: 0.2121
Fração mutante: 0.0442
Probabilidade herdar alelo elite: 0.6514
Número de populações independentes: 3
Troca de informação de 4 individuos a cada 241 gerações
Número de threads: 1

Largura da faixa = 91
Melhor altura = 515

Lower Bound 1 = 439
Lower Bound 2 = 314
Avaliação = 1.17312

Tempo de execução: 60.0487s

---------------------------

Tamanho da população: 475
Fração elite: 0.2121
Fração mutante: 0.0442
Probabilidade herdar alelo elite: 0.6514
Número de populações independentes: 3
Troca de informação de 4 individuos a cada 241 gerações
Número de threads: 1

Largura da faixa = 91
Melhor altura = 515

Lower Bound 1 = 439
Lower Bound 2 = 314
Avaliação = 1.17312

Tempo de execução: 60.0585s

---------------------------

Tamanho da população: 475
Fração elite: 0.2121
Fração mutante: 0.0442
Probabilidade herdar alelo elite: 0.6514
Número de populações independentes: 3
Troca de informação de 4 individuos a cada 241 gerações
Número de threads: 1

Largura da faixa = 91
Melhor altura = 515

Lower Bound 1 = 439
Lower Bound 2 = 314
Avaliação = 1.17312

Tempo de execução: 60.0714s

---------------------------

Tamanho da população: 475
Fração elite: 0.2121
Fração mutante: 0.0442
Probabilidade herdar alelo elite: 0.6514
Número de populações independentes: 3
Troca de informação de 4 individuos a cada 241 gerações
Número de threads: 1

Largura da faixa = 91
Melhor altura = 516

Lower Bound 1 = 439
Lower Bound 2 = 314
Avaliação = 1.1754

Tempo de execução: 60.0847s

---------------------------

Tamanho da população: 475
Fração elite: 0.2121
Fração mutante: 0.0442
Probabilidade herdar alelo elite: 0.6514
Número de populações independentes: 3
Troca de informação de 4 individuos a cada 241 gerações
Número de threads: 1

Largura da faixa = 91
Melhor altura = 516

Lower Bound 1 = 439
Lower Bound 2 = 314
Avaliação = 1.1754

Tempo de execução: 60.0095s

---------------------------

Tamanho da população: 475
Fração elite: 0.2121
Fração mutante: 0.0442
Probabilidade herdar alelo elite: 0.6514
Número de populações independentes: 3
Troca de informação de 4 individuos a cada 241 gerações
Número de threads: 1

Largura da faixa = 91
Melhor altura = 515

Lower Bound 1 = 439
Lower Bound 2 = 314
Avaliação = 1.17312

Tempo de execução: 60.0716s
