Tamanho da população: 297
Fração elite: 0.55
Fração mutante: 0.0174
Probabilidade herdar alelo elite: 0.7678
Número de populações independentes: 1
Número de threads: 1
Trocar os melhores indivíduos a cada 30 gerações
Número máximo de gerações: 279

Largura da faixa = 97
Melhor altura = 471

Lower Bound 1 = 412
Lower Bound 2 = 97
Avaliação = 1.1432

Tempo de execução: 26.4391s

---------------------------

Tamanho da população: 297
Fração elite: 0.55
Fração mutante: 0.0174
Probabilidade herdar alelo elite: 0.7678
Número de populações independentes: 1
Número de threads: 1
Trocar os melhores indivíduos a cada 30 gerações
Número máximo de gerações: 279

Largura da faixa = 97
Melhor altura = 490

Lower Bound 1 = 412
Lower Bound 2 = 97
Avaliação = 1.18932

Tempo de execução: 26.52s

---------------------------

Tamanho da população: 297
Fração elite: 0.55
Fração mutante: 0.0174
Probabilidade herdar alelo elite: 0.7678
Número de populações independentes: 1
Número de threads: 1
Trocar os melhores indivíduos a cada 30 gerações
Número máximo de gerações: 279

Largura da faixa = 97
Melhor altura = 480

Lower Bound 1 = 412
Lower Bound 2 = 97
Avaliação = 1.16505

Tempo de execução: 26.9379s

---------------------------

Tamanho da população: 297
Fração elite: 0.55
Fração mutante: 0.0174
Probabilidade herdar alelo elite: 0.7678
Número de populações independentes: 1
Número de threads: 1
Trocar os melhores indivíduos a cada 30 gerações
Número máximo de gerações: 279

Largura da faixa = 97
Melhor altura = 472

Lower Bound 1 = 412
Lower Bound 2 = 97
Avaliação = 1.14563

Tempo de execução: 26.6923s

---------------------------

Tamanho da população: 297
Fração elite: 0.55
Fração mutante: 0.0174
Probabilidade herdar alelo elite: 0.7678
Número de populações independentes: 1
Número de threads: 1
Trocar os melhores indivíduos a cada 30 gerações
Número máximo de gerações: 279

Largura da faixa = 97
Melhor altura = 485

Lower Bound 1 = 412
Lower Bound 2 = 97
Avaliação = 1.17718

Tempo de execução: 26.8602s

---------------------------

Tamanho da população: 297
Fração elite: 0.55
Fração mutante: 0.0174
Probabilidade herdar alelo elite: 0.7678
Número de populações independentes: 1
Número de threads: 1
Trocar os melhores indivíduos a cada 30 gerações
Número máximo de gerações: 279

Largura da faixa = 97
Melhor altura = 481

Lower Bound 1 = 412
Lower Bound 2 = 97
Avaliação = 1.16748

Tempo de execução: 27.3976s

---------------------------

Tamanho da população: 297
Fração elite: 0.55
Fração mutante: 0.0174
Probabilidade herdar alelo elite: 0.7678
Número de populações independentes: 1
Número de threads: 1
Trocar os melhores indivíduos a cada 30 gerações
Número máximo de gerações: 279

Largura da faixa = 97
Melhor altura = 474

Lower Bound 1 = 412
Lower Bound 2 = 97
Avaliação = 1.15049

Tempo de execução: 26.8846s

---------------------------

Tamanho da população: 297
Fração elite: 0.55
Fração mutante: 0.0174
Probabilidade herdar alelo elite: 0.7678
Número de populações independentes: 1
Número de threads: 1
Trocar os melhores indivíduos a cada 30 gerações
Número máximo de gerações: 279

Largura da faixa = 97
Melhor altura = 475

Lower Bound 1 = 412
Lower Bound 2 = 97
Avaliação = 1.15291

Tempo de execução: 26.8918s

---------------------------

Tamanho da população: 297
Fração elite: 0.55
Fração mutante: 0.0174
Probabilidade herdar alelo elite: 0.7678
Número de populações independentes: 1
Número de threads: 1
Trocar os melhores indivíduos a cada 30 gerações
Número máximo de gerações: 279

Largura da faixa = 97
Melhor altura = 481

Lower Bound 1 = 412
Lower Bound 2 = 97
Avaliação = 1.16748

Tempo de execução: 26.9987s

---------------------------

Tamanho da população: 297
Fração elite: 0.55
Fração mutante: 0.0174
Probabilidade herdar alelo elite: 0.7678
Número de populações independentes: 1
Número de threads: 1
Trocar os melhores indivíduos a cada 30 gerações
Número máximo de gerações: 279

Largura da faixa = 97
Melhor altura = 468

Lower Bound 1 = 412
Lower Bound 2 = 97
Avaliação = 1.13592

Tempo de execução: 26.123s

---------------------------

Tamanho da população: 297
Fração elite: 0.55
Fração mutante: 0.0174
Probabilidade herdar alelo elite: 0.7678
Número de populações independentes: 1
Número de threads: 1
Trocar os melhores indivíduos a cada 30 gerações
Número máximo de gerações: 279

Largura da faixa = 97
Melhor altura = 484

Lower Bound 1 = 412
Lower Bound 2 = 97
Avaliação = 1.17476

Tempo de execução: 26.4944s

---------------------------

Tamanho da população: 297
Fração elite: 0.55
Fração mutante: 0.0174
Probabilidade herdar alelo elite: 0.7678
Número de populações independentes: 1
Número de threads: 1
Trocar os melhores indivíduos a cada 30 gerações
Número máximo de gerações: 279

Largura da faixa = 97
Melhor altura = 474

Lower Bound 1 = 412
Lower Bound 2 = 97
Avaliação = 1.15049

Tempo de execução: 27.0575s

---------------------------

Tamanho da população: 297
Fração elite: 0.55
Fração mutante: 0.0174
Probabilidade herdar alelo elite: 0.7678
Número de populações independentes: 1
Número de threads: 1
Trocar os melhores indivíduos a cada 30 gerações
Número máximo de gerações: 279

Largura da faixa = 97
Melhor altura = 472

Lower Bound 1 = 412
Lower Bound 2 = 97
Avaliação = 1.14563

Tempo de execução: 26.5116s

---------------------------

Tamanho da população: 297
Fração elite: 0.55
Fração mutante: 0.0174
Probabilidade herdar alelo elite: 0.7678
Número de populações independentes: 1
Número de threads: 1
Trocar os melhores indivíduos a cada 30 gerações
Número máximo de gerações: 279

Largura da faixa = 97
Melhor altura = 484

Lower Bound 1 = 412
Lower Bound 2 = 97
Avaliação = 1.17476

Tempo de execução: 26.6273s

---------------------------

Tamanho da população: 297
Fração elite: 0.55
Fração mutante: 0.0174
Probabilidade herdar alelo elite: 0.7678
Número de populações independentes: 1
Número de threads: 1
Trocar os melhores indivíduos a cada 30 gerações
Número máximo de gerações: 279

Largura da faixa = 97
Melhor altura = 483

Lower Bound 1 = 412
Lower Bound 2 = 97
Avaliação = 1.17233

Tempo de execução: 27.5579s

---------------------------

Tamanho da população: 297
Fração elite: 0.55
Fração mutante: 0.0174
Probabilidade herdar alelo elite: 0.7678
Número de populações independentes: 1
Número de threads: 1
Trocar os melhores indivíduos a cada 30 gerações
Número máximo de gerações: 279

Largura da faixa = 97
Melhor altura = 472

Lower Bound 1 = 412
Lower Bound 2 = 97
Avaliação = 1.14563

Tempo de execução: 25.946s

---------------------------

Tamanho da população: 297
Fração elite: 0.55
Fração mutante: 0.0174
Probabilidade herdar alelo elite: 0.7678
Número de populações independentes: 1
Número de threads: 1
Trocar os melhores indivíduos a cada 30 gerações
Número máximo de gerações: 279

Largura da faixa = 97
Melhor altura = 484

Lower Bound 1 = 412
Lower Bound 2 = 97
Avaliação = 1.17476

Tempo de execução: 26.518s

---------------------------

Tamanho da população: 297
Fração elite: 0.55
Fração mutante: 0.0174
Probabilidade herdar alelo elite: 0.7678
Número de populações independentes: 1
Número de threads: 1
Trocar os melhores indivíduos a cada 30 gerações
Número máximo de gerações: 279

Largura da faixa = 97
Melhor altura = 474

Lower Bound 1 = 412
Lower Bound 2 = 97
Avaliação = 1.15049

Tempo de execução: 27.0741s

---------------------------

Tamanho da população: 297
Fração elite: 0.55
Fração mutante: 0.0174
Probabilidade herdar alelo elite: 0.7678
Número de populações independentes: 1
Número de threads: 1
Trocar os melhores indivíduos a cada 30 gerações
Número máximo de gerações: 279

Largura da faixa = 97
Melhor altura = 478

Lower Bound 1 = 412
Lower Bound 2 = 97
Avaliação = 1.16019

Tempo de execução: 26.5503s

---------------------------

Tamanho da população: 297
Fração elite: 0.55
Fração mutante: 0.0174
Probabilidade herdar alelo elite: 0.7678
Número de populações independentes: 1
Número de threads: 1
Trocar os melhores indivíduos a cada 30 gerações
Número máximo de gerações: 279

Largura da faixa = 97
Melhor altura = 477

Lower Bound 1 = 412
Lower Bound 2 = 97
Avaliação = 1.15777

Tempo de execução: 26.8925s

---------------------------

