Tamanho da população: 297
Fração elite: 0.55
Fração mutante: 0.0174
Probabilidade herdar alelo elite: 0.7678
Número de populações independentes: 1
Número de threads: 1
Trocar os melhores indivíduos a cada 30 gerações
Número máximo de gerações: 279

Largura da faixa = 108
Melhor altura = 442

Lower Bound 1 = 370
Lower Bound 2 = 230
Avaliação = 1.19459

Tempo de execução: 9.91295s

---------------------------

Tamanho da população: 297
Fração elite: 0.55
Fração mutante: 0.0174
Probabilidade herdar alelo elite: 0.7678
Número de populações independentes: 1
Número de threads: 1
Trocar os melhores indivíduos a cada 30 gerações
Número máximo de gerações: 279

Largura da faixa = 108
Melhor altura = 441

Lower Bound 1 = 370
Lower Bound 2 = 230
Avaliação = 1.19189

Tempo de execução: 10.0463s

---------------------------

Tamanho da população: 297
Fração elite: 0.55
Fração mutante: 0.0174
Probabilidade herdar alelo elite: 0.7678
Número de populações independentes: 1
Número de threads: 1
Trocar os melhores indivíduos a cada 30 gerações
Número máximo de gerações: 279

Largura da faixa = 108
Melhor altura = 450

Lower Bound 1 = 370
Lower Bound 2 = 230
Avaliação = 1.21622

Tempo de execução: 10.1186s

---------------------------

Tamanho da população: 297
Fração elite: 0.55
Fração mutante: 0.0174
Probabilidade herdar alelo elite: 0.7678
Número de populações independentes: 1
Número de threads: 1
Trocar os melhores indivíduos a cada 30 gerações
Número máximo de gerações: 279

Largura da faixa = 108
Melhor altura = 438

Lower Bound 1 = 370
Lower Bound 2 = 230
Avaliação = 1.18378

Tempo de execução: 9.64091s

---------------------------

Tamanho da população: 297
Fração elite: 0.55
Fração mutante: 0.0174
Probabilidade herdar alelo elite: 0.7678
Número de populações independentes: 1
Número de threads: 1
Trocar os melhores indivíduos a cada 30 gerações
Número máximo de gerações: 279

Largura da faixa = 108
Melhor altura = 436

Lower Bound 1 = 370
Lower Bound 2 = 230
Avaliação = 1.17838

Tempo de execução: 9.94944s

---------------------------

Tamanho da população: 297
Fração elite: 0.55
Fração mutante: 0.0174
Probabilidade herdar alelo elite: 0.7678
Número de populações independentes: 1
Número de threads: 1
Trocar os melhores indivíduos a cada 30 gerações
Número máximo de gerações: 279

Largura da faixa = 108
Melhor altura = 449

Lower Bound 1 = 370
Lower Bound 2 = 230
Avaliação = 1.21351

Tempo de execução: 10.2569s

---------------------------

Tamanho da população: 297
Fração elite: 0.55
Fração mutante: 0.0174
Probabilidade herdar alelo elite: 0.7678
Número de populações independentes: 1
Número de threads: 1
Trocar os melhores indivíduos a cada 30 gerações
Número máximo de gerações: 279

Largura da faixa = 108
Melhor altura = 437

Lower Bound 1 = 370
Lower Bound 2 = 230
Avaliação = 1.18108

Tempo de execução: 9.60639s

---------------------------

Tamanho da população: 297
Fração elite: 0.55
Fração mutante: 0.0174
Probabilidade herdar alelo elite: 0.7678
Número de populações independentes: 1
Número de threads: 1
Trocar os melhores indivíduos a cada 30 gerações
Número máximo de gerações: 279

Largura da faixa = 108
Melhor altura = 451

Lower Bound 1 = 370
Lower Bound 2 = 230
Avaliação = 1.21892

Tempo de execução: 10.0276s

---------------------------

Tamanho da população: 297
Fração elite: 0.55
Fração mutante: 0.0174
Probabilidade herdar alelo elite: 0.7678
Número de populações independentes: 1
Número de threads: 1
Trocar os melhores indivíduos a cada 30 gerações
Número máximo de gerações: 279

Largura da faixa = 108
Melhor altura = 446

Lower Bound 1 = 370
Lower Bound 2 = 230
Avaliação = 1.20541

Tempo de execução: 10.2537s

---------------------------

Tamanho da população: 297
Fração elite: 0.55
Fração mutante: 0.0174
Probabilidade herdar alelo elite: 0.7678
Número de populações independentes: 1
Número de threads: 1
Trocar os melhores indivíduos a cada 30 gerações
Número máximo de gerações: 279

Largura da faixa = 108
Melhor altura = 446

Lower Bound 1 = 370
Lower Bound 2 = 230
Avaliação = 1.20541

Tempo de execução: 9.77328s

---------------------------

Tamanho da população: 297
Fração elite: 0.55
Fração mutante: 0.0174
Probabilidade herdar alelo elite: 0.7678
Número de populações independentes: 1
Número de threads: 1
Trocar os melhores indivíduos a cada 30 gerações
Número máximo de gerações: 279

Largura da faixa = 108
Melhor altura = 441

Lower Bound 1 = 370
Lower Bound 2 = 230
Avaliação = 1.19189

Tempo de execução: 9.97407s

---------------------------

Tamanho da população: 297
Fração elite: 0.55
Fração mutante: 0.0174
Probabilidade herdar alelo elite: 0.7678
Número de populações independentes: 1
Número de threads: 1
Trocar os melhores indivíduos a cada 30 gerações
Número máximo de gerações: 279

Largura da faixa = 108
Melhor altura = 442

Lower Bound 1 = 370
Lower Bound 2 = 230
Avaliação = 1.19459

Tempo de execução: 10.0516s

---------------------------

Tamanho da população: 297
Fração elite: 0.55
Fração mutante: 0.0174
Probabilidade herdar alelo elite: 0.7678
Número de populações independentes: 1
Número de threads: 1
Trocar os melhores indivíduos a cada 30 gerações
Número máximo de gerações: 279

Largura da faixa = 108
Melhor altura = 447

Lower Bound 1 = 370
Lower Bound 2 = 230
Avaliação = 1.20811

Tempo de execução: 9.92217s

---------------------------

Tamanho da população: 297
Fração elite: 0.55
Fração mutante: 0.0174
Probabilidade herdar alelo elite: 0.7678
Número de populações independentes: 1
Número de threads: 1
Trocar os melhores indivíduos a cada 30 gerações
Número máximo de gerações: 279

Largura da faixa = 108
Melhor altura = 436

Lower Bound 1 = 370
Lower Bound 2 = 230
Avaliação = 1.17838

Tempo de execução: 10.02s

---------------------------

Tamanho da população: 297
Fração elite: 0.55
Fração mutante: 0.0174
Probabilidade herdar alelo elite: 0.7678
Número de populações independentes: 1
Número de threads: 1
Trocar os melhores indivíduos a cada 30 gerações
Número máximo de gerações: 279

Largura da faixa = 108
Melhor altura = 445

Lower Bound 1 = 370
Lower Bound 2 = 230
Avaliação = 1.2027

Tempo de execução: 10.0759s

---------------------------

Tamanho da população: 297
Fração elite: 0.55
Fração mutante: 0.0174
Probabilidade herdar alelo elite: 0.7678
Número de populações independentes: 1
Número de threads: 1
Trocar os melhores indivíduos a cada 30 gerações
Número máximo de gerações: 279

Largura da faixa = 108
Melhor altura = 438

Lower Bound 1 = 370
Lower Bound 2 = 230
Avaliação = 1.18378

Tempo de execução: 9.42559s

---------------------------

Tamanho da população: 297
Fração elite: 0.55
Fração mutante: 0.0174
Probabilidade herdar alelo elite: 0.7678
Número de populações independentes: 1
Número de threads: 1
Trocar os melhores indivíduos a cada 30 gerações
Número máximo de gerações: 279

Largura da faixa = 108
Melhor altura = 437

Lower Bound 1 = 370
Lower Bound 2 = 230
Avaliação = 1.18108

Tempo de execução: 9.67078s

---------------------------

Tamanho da população: 297
Fração elite: 0.55
Fração mutante: 0.0174
Probabilidade herdar alelo elite: 0.7678
Número de populações independentes: 1
Número de threads: 1
Trocar os melhores indivíduos a cada 30 gerações
Número máximo de gerações: 279

Largura da faixa = 108
Melhor altura = 441

Lower Bound 1 = 370
Lower Bound 2 = 230
Avaliação = 1.19189

Tempo de execução: 9.86775s

---------------------------

Tamanho da população: 297
Fração elite: 0.55
Fração mutante: 0.0174
Probabilidade herdar alelo elite: 0.7678
Número de populações independentes: 1
Número de threads: 1
Trocar os melhores indivíduos a cada 30 gerações
Número máximo de gerações: 279

Largura da faixa = 108
Melhor altura = 440

Lower Bound 1 = 370
Lower Bound 2 = 230
Avaliação = 1.18919

Tempo de execução: 9.66909s

---------------------------

Tamanho da população: 297
Fração elite: 0.55
Fração mutante: 0.0174
Probabilidade herdar alelo elite: 0.7678
Número de populações independentes: 1
Número de threads: 1
Trocar os melhores indivíduos a cada 30 gerações
Número máximo de gerações: 279

Largura da faixa = 108
Melhor altura = 445

Lower Bound 1 = 370
Lower Bound 2 = 230
Avaliação = 1.2027

Tempo de execução: 10.2977s

---------------------------

