Tamanho da população: 297
Fração elite: 0.55
Fração mutante: 0.0174
Probabilidade herdar alelo elite: 0.7678
Número de populações independentes: 1
Número de threads: 1
Trocar os melhores indivíduos a cada 30 gerações
Número máximo de gerações: 279

Largura da faixa = 115
Melhor altura = 431

Lower Bound 1 = 347
Lower Bound 2 = 261
Avaliação = 1.24207

Tempo de execução: 4.23518s

---------------------------

Tamanho da população: 297
Fração elite: 0.55
Fração mutante: 0.0174
Probabilidade herdar alelo elite: 0.7678
Número de populações independentes: 1
Número de threads: 1
Trocar os melhores indivíduos a cada 30 gerações
Número máximo de gerações: 279

Largura da faixa = 115
Melhor altura = 433

Lower Bound 1 = 347
Lower Bound 2 = 261
Avaliação = 1.24784

Tempo de execução: 4.33706s

---------------------------

Tamanho da população: 297
Fração elite: 0.55
Fração mutante: 0.0174
Probabilidade herdar alelo elite: 0.7678
Número de populações independentes: 1
Número de threads: 1
Trocar os melhores indivíduos a cada 30 gerações
Número máximo de gerações: 279

Largura da faixa = 115
Melhor altura = 418

Lower Bound 1 = 347
Lower Bound 2 = 261
Avaliação = 1.20461

Tempo de execução: 4.37899s

---------------------------

Tamanho da população: 297
Fração elite: 0.55
Fração mutante: 0.0174
Probabilidade herdar alelo elite: 0.7678
Número de populações independentes: 1
Número de threads: 1
Trocar os melhores indivíduos a cada 30 gerações
Número máximo de gerações: 279

Largura da faixa = 115
Melhor altura = 441

Lower Bound 1 = 347
Lower Bound 2 = 261
Avaliação = 1.27089

Tempo de execução: 4.37074s

---------------------------

Tamanho da população: 297
Fração elite: 0.55
Fração mutante: 0.0174
Probabilidade herdar alelo elite: 0.7678
Número de populações independentes: 1
Número de threads: 1
Trocar os melhores indivíduos a cada 30 gerações
Número máximo de gerações: 279

Largura da faixa = 115
Melhor altura = 430

Lower Bound 1 = 347
Lower Bound 2 = 261
Avaliação = 1.23919

Tempo de execução: 4.39163s

---------------------------

Tamanho da população: 297
Fração elite: 0.55
Fração mutante: 0.0174
Probabilidade herdar alelo elite: 0.7678
Número de populações independentes: 1
Número de threads: 1
Trocar os melhores indivíduos a cada 30 gerações
Número máximo de gerações: 279

Largura da faixa = 115
Melhor altura = 430

Lower Bound 1 = 347
Lower Bound 2 = 261
Avaliação = 1.23919

Tempo de execução: 4.41606s

---------------------------

Tamanho da população: 297
Fração elite: 0.55
Fração mutante: 0.0174
Probabilidade herdar alelo elite: 0.7678
Número de populações independentes: 1
Número de threads: 1
Trocar os melhores indivíduos a cada 30 gerações
Número máximo de gerações: 279

Largura da faixa = 115
Melhor altura = 433

Lower Bound 1 = 347
Lower Bound 2 = 261
Avaliação = 1.24784

Tempo de execução: 4.29551s

---------------------------

Tamanho da população: 297
Fração elite: 0.55
Fração mutante: 0.0174
Probabilidade herdar alelo elite: 0.7678
Número de populações independentes: 1
Número de threads: 1
Trocar os melhores indivíduos a cada 30 gerações
Número máximo de gerações: 279

Largura da faixa = 115
Melhor altura = 429

Lower Bound 1 = 347
Lower Bound 2 = 261
Avaliação = 1.23631

Tempo de execução: 4.3264s

---------------------------

Tamanho da população: 297
Fração elite: 0.55
Fração mutante: 0.0174
Probabilidade herdar alelo elite: 0.7678
Número de populações independentes: 1
Número de threads: 1
Trocar os melhores indivíduos a cada 30 gerações
Número máximo de gerações: 279

Largura da faixa = 115
Melhor altura = 422

Lower Bound 1 = 347
Lower Bound 2 = 261
Avaliação = 1.21614

Tempo de execução: 4.38013s

---------------------------

Tamanho da população: 297
Fração elite: 0.55
Fração mutante: 0.0174
Probabilidade herdar alelo elite: 0.7678
Número de populações independentes: 1
Número de threads: 1
Trocar os melhores indivíduos a cada 30 gerações
Número máximo de gerações: 279

Largura da faixa = 115
Melhor altura = 418

Lower Bound 1 = 347
Lower Bound 2 = 261
Avaliação = 1.20461

Tempo de execução: 4.22176s

---------------------------

Tamanho da população: 297
Fração elite: 0.55
Fração mutante: 0.0174
Probabilidade herdar alelo elite: 0.7678
Número de populações independentes: 1
Número de threads: 1
Trocar os melhores indivíduos a cada 30 gerações
Número máximo de gerações: 279

Largura da faixa = 115
Melhor altura = 435

Lower Bound 1 = 347
Lower Bound 2 = 261
Avaliação = 1.2536

Tempo de execução: 4.26757s

---------------------------

Tamanho da população: 297
Fração elite: 0.55
Fração mutante: 0.0174
Probabilidade herdar alelo elite: 0.7678
Número de populações independentes: 1
Número de threads: 1
Trocar os melhores indivíduos a cada 30 gerações
Número máximo de gerações: 279

Largura da faixa = 115
Melhor altura = 428

Lower Bound 1 = 347
Lower Bound 2 = 261
Avaliação = 1.23343

Tempo de execução: 4.44271s

---------------------------

Tamanho da população: 297
Fração elite: 0.55
Fração mutante: 0.0174
Probabilidade herdar alelo elite: 0.7678
Número de populações independentes: 1
Número de threads: 1
Trocar os melhores indivíduos a cada 30 gerações
Número máximo de gerações: 279

Largura da faixa = 115
Melhor altura = 435

Lower Bound 1 = 347
Lower Bound 2 = 261
Avaliação = 1.2536

Tempo de execução: 4.26374s

---------------------------

Tamanho da população: 297
Fração elite: 0.55
Fração mutante: 0.0174
Probabilidade herdar alelo elite: 0.7678
Número de populações independentes: 1
Número de threads: 1
Trocar os melhores indivíduos a cada 30 gerações
Número máximo de gerações: 279

Largura da faixa = 115
Melhor altura = 429

Lower Bound 1 = 347
Lower Bound 2 = 261
Avaliação = 1.23631

Tempo de execução: 4.46722s

---------------------------

Tamanho da população: 297
Fração elite: 0.55
Fração mutante: 0.0174
Probabilidade herdar alelo elite: 0.7678
Número de populações independentes: 1
Número de threads: 1
Trocar os melhores indivíduos a cada 30 gerações
Número máximo de gerações: 279

Largura da faixa = 115
Melhor altura = 429

Lower Bound 1 = 347
Lower Bound 2 = 261
Avaliação = 1.23631

Tempo de execução: 4.50677s

---------------------------

Tamanho da população: 297
Fração elite: 0.55
Fração mutante: 0.0174
Probabilidade herdar alelo elite: 0.7678
Número de populações independentes: 1
Número de threads: 1
Trocar os melhores indivíduos a cada 30 gerações
Número máximo de gerações: 279

Largura da faixa = 115
Melhor altura = 435

Lower Bound 1 = 347
Lower Bound 2 = 261
Avaliação = 1.2536

Tempo de execução: 4.24506s

---------------------------

Tamanho da população: 297
Fração elite: 0.55
Fração mutante: 0.0174
Probabilidade herdar alelo elite: 0.7678
Número de populações independentes: 1
Número de threads: 1
Trocar os melhores indivíduos a cada 30 gerações
Número máximo de gerações: 279

Largura da faixa = 115
Melhor altura = 429

Lower Bound 1 = 347
Lower Bound 2 = 261
Avaliação = 1.23631

Tempo de execução: 4.39392s

---------------------------

Tamanho da população: 297
Fração elite: 0.55
Fração mutante: 0.0174
Probabilidade herdar alelo elite: 0.7678
Número de populações independentes: 1
Número de threads: 1
Trocar os melhores indivíduos a cada 30 gerações
Número máximo de gerações: 279

Largura da faixa = 115
Melhor altura = 430

Lower Bound 1 = 347
Lower Bound 2 = 261
Avaliação = 1.23919

Tempo de execução: 4.41123s

---------------------------

Tamanho da população: 297
Fração elite: 0.55
Fração mutante: 0.0174
Probabilidade herdar alelo elite: 0.7678
Número de populações independentes: 1
Número de threads: 1
Trocar os melhores indivíduos a cada 30 gerações
Número máximo de gerações: 279

Largura da faixa = 115
Melhor altura = 418

Lower Bound 1 = 347
Lower Bound 2 = 261
Avaliação = 1.20461

Tempo de execução: 4.25746s

---------------------------

Tamanho da população: 297
Fração elite: 0.55
Fração mutante: 0.0174
Probabilidade herdar alelo elite: 0.7678
Número de populações independentes: 1
Número de threads: 1
Trocar os melhores indivíduos a cada 30 gerações
Número máximo de gerações: 279

Largura da faixa = 115
Melhor altura = 423

Lower Bound 1 = 347
Lower Bound 2 = 261
Avaliação = 1.21902

Tempo de execução: 4.3069s

---------------------------

