Tamanho da população: 475
Fração elite: 0.2121
Fração mutante: 0.0442
Probabilidade herdar alelo elite: 0.6514
Número de populações independentes: 3
Troca de informação de 4 individuos a cada 241 gerações
Número de threads: 1

Largura da faixa = 119
Melhor altura = 497

Lower Bound 1 = 336
Lower Bound 2 = 377
Avaliação = 1.3183

Tempo de execução: 60.0015s

---------------------------

Tamanho da população: 475
Fração elite: 0.2121
Fração mutante: 0.0442
Probabilidade herdar alelo elite: 0.6514
Número de populações independentes: 3
Troca de informação de 4 individuos a cada 241 gerações
Número de threads: 1

Largura da faixa = 119
Melhor altura = 481

Lower Bound 1 = 336
Lower Bound 2 = 377
Avaliação = 1.27586

Tempo de execução: 60.0044s

---------------------------

Tamanho da população: 475
Fração elite: 0.2121
Fração mutante: 0.0442
Probabilidade herdar alelo elite: 0.6514
Número de populações independentes: 3
Troca de informação de 4 individuos a cada 241 gerações
Número de threads: 1

Largura da faixa = 119
Melhor altura = 497

Lower Bound 1 = 336
Lower Bound 2 = 377
Avaliação = 1.3183

Tempo de execução: 60.0054s

---------------------------

Tamanho da população: 475
Fração elite: 0.2121
Fração mutante: 0.0442
Probabilidade herdar alelo elite: 0.6514
Número de populações independentes: 3
Troca de informação de 4 individuos a cada 241 gerações
Número de threads: 1

Largura da faixa = 119
Melhor altura = 497

Lower Bound 1 = 336
Lower Bound 2 = 377
Avaliação = 1.3183

Tempo de execução: 60.0086s

---------------------------

Tamanho da população: 475
Fração elite: 0.2121
Fração mutante: 0.0442
Probabilidade herdar alelo elite: 0.6514
Número de populações independentes: 3
Troca de informação de 4 individuos a cada 241 gerações
Número de threads: 1

Largura da faixa = 119
Melhor altura = 481

Lower Bound 1 = 336
Lower Bound 2 = 377
Avaliação = 1.27586

Tempo de execução: 60.0122s

---------------------------

Tamanho da população: 475
Fração elite: 0.2121
Fração mutante: 0.0442
Probabilidade herdar alelo elite: 0.6514
Número de populações independentes: 3
Troca de informação de 4 individuos a cada 241 gerações
Número de threads: 1

Largura da faixa = 119
Melhor altura = 513

Lower Bound 1 = 336
Lower Bound 2 = 377
Avaliação = 1.36074

Tempo de execução: 60.0249s

---------------------------

Tamanho da população: 475
Fração elite: 0.2121
Fração mutante: 0.0442
Probabilidade herdar alelo elite: 0.6514
Número de populações independentes: 3
Troca de informação de 4 individuos a cada 241 gerações
Número de threads: 1

Largura da faixa = 119
Melhor altura = 497

Lower Bound 1 = 336
Lower Bound 2 = 377
Avaliação = 1.3183

Tempo de execução: 60.0074s

---------------------------

Tamanho da população: 475
Fração elite: 0.2121
Fração mutante: 0.0442
Probabilidade herdar alelo elite: 0.6514
Número de populações independentes: 3
Troca de informação de 4 individuos a cada 241 gerações
Número de threads: 1

Largura da faixa = 119
Melhor altura = 481

Lower Bound 1 = 336
Lower Bound 2 = 377
Avaliação = 1.27586

Tempo de execução: 60.0109s

---------------------------

Tamanho da população: 475
Fração elite: 0.2121
Fração mutante: 0.0442
Probabilidade herdar alelo elite: 0.6514
Número de populações independentes: 3
Troca de informação de 4 individuos a cada 241 gerações
Número de threads: 1

Largura da faixa = 119
Melhor altura = 497

Lower Bound 1 = 336
Lower Bound 2 = 377
Avaliação = 1.3183

Tempo de execução: 60.0153s

---------------------------

Tamanho da população: 475
Fração elite: 0.2121
Fração mutante: 0.0442
Probabilidade herdar alelo elite: 0.6514
Número de populações independentes: 3
Troca de informação de 4 individuos a cada 241 gerações
Número de threads: 1

Largura da faixa = 119
Melhor altura = 497

Lower Bound 1 = 336
Lower Bound 2 = 377
Avaliação = 1.3183

Tempo de execução: 60.0173s

---------------------------

Tamanho da população: 475
Fração elite: 0.2121
Fração mutante: 0.0442
Probabilidade herdar alelo elite: 0.6514
Número de populações independentes: 3
Troca de informação de 4 individuos a cada 241 gerações
Número de threads: 1

Largura da faixa = 119
Melhor altura = 497

Lower Bound 1 = 336
Lower Bound 2 = 377
Avaliação = 1.3183

Tempo de execução: 60.024s

---------------------------

Tamanho da população: 475
Fração elite: 0.2121
Fração mutante: 0.0442
Probabilidade herdar alelo elite: 0.6514
Número de populações independentes: 3
Troca de informação de 4 individuos a cada 241 gerações
Número de threads: 1

Largura da faixa = 119
Melhor altura = 513

Lower Bound 1 = 336
Lower Bound 2 = 377
Avaliação = 1.36074

Tempo de execução: 60.0261s

---------------------------

Tamanho da população: 475
Fração elite: 0.2121
Fração mutante: 0.0442
Probabilidade herdar alelo elite: 0.6514
Número de populações independentes: 3
Troca de informação de 4 individuos a cada 241 gerações
Número de threads: 1

Largura da faixa = 119
Melhor altura = 490

Lower Bound 1 = 336
Lower Bound 2 = 377
Avaliação = 1.29973

Tempo de execução: 60.004s

---------------------------

Tamanho da população: 475
Fração elite: 0.2121
Fração mutante: 0.0442
Probabilidade herdar alelo elite: 0.6514
Número de populações independentes: 3
Troca de informação de 4 individuos a cada 241 gerações
Número de threads: 1

Largura da faixa = 119
Melhor altura = 481

Lower Bound 1 = 336
Lower Bound 2 = 377
Avaliação = 1.27586

Tempo de execução: 60.0069s

---------------------------

Tamanho da população: 475
Fração elite: 0.2121
Fração mutante: 0.0442
Probabilidade herdar alelo elite: 0.6514
Número de populações independentes: 3
Troca de informação de 4 individuos a cada 241 gerações
Número de threads: 1

Largura da faixa = 119
Melhor altura = 481

Lower Bound 1 = 336
Lower Bound 2 = 377
Avaliação = 1.27586

Tempo de execução: 60.0125s

---------------------------

Tamanho da população: 475
Fração elite: 0.2121
Fração mutante: 0.0442
Probabilidade herdar alelo elite: 0.6514
Número de populações independentes: 3
Troca de informação de 4 individuos a cada 241 gerações
Número de threads: 1

Largura da faixa = 119
Melhor altura = 481

Lower Bound 1 = 336
Lower Bound 2 = 377
Avaliação = 1.27586

Tempo de execução: 60.0135s

---------------------------

Tamanho da população: 475
Fração elite: 0.2121
Fração mutante: 0.0442
Probabilidade herdar alelo elite: 0.6514
Número de populações independentes: 3
Troca de informação de 4 individuos a cada 241 gerações
Número de threads: 1

Largura da faixa = 119
Melhor altura = 481

Lower Bound 1 = 336
Lower Bound 2 = 377
Avaliação = 1.27586

Tempo de execução: 60.0206s

---------------------------

Tamanho da população: 475
Fração elite: 0.2121
Fração mutante: 0.0442
Probabilidade herdar alelo elite: 0.6514
Número de populações independentes: 3
Troca de informação de 4 individuos a cada 241 gerações
Número de threads: 1

Largura da faixa = 119
Melhor altura = 513

Lower Bound 1 = 336
Lower Bound 2 = 377
Avaliação = 1.36074

Tempo de execução: 60.025s

---------------------------

Tamanho da população: 475
Fração elite: 0.2121
Fração mutante: 0.0442
Probabilidade herdar alelo elite: 0.6514
Número de populações independentes: 3
Troca de informação de 4 individuos a cada 241 gerações
Número de threads: 1

Largura da faixa = 119
Melhor altura = 497

Lower Bound 1 = 336
Lower Bound 2 = 377
Avaliação = 1.3183

Tempo de execução: 60.0148s

---------------------------

Tamanho da população: 475
Fração elite: 0.2121
Fração mutante: 0.0442
Probabilidade herdar alelo elite: 0.6514
Número de populações independentes: 3
Troca de informação de 4 individuos a cada 241 gerações
Número de threads: 1

Largura da faixa = 119
Melhor altura = 481

Lower Bound 1 = 336
Lower Bound 2 = 377
Avaliação = 1.27586

Tempo de execução: 60.0161s
