Tamanho da população: 297
Fração elite: 0.55
Fração mutante: 0.0174
Probabilidade herdar alelo elite: 0.7678
Número de populações independentes: 1
Número de threads: 1
Trocar os melhores indivíduos a cada 30 gerações
Número máximo de gerações: 279

Largura da faixa = 108
Melhor altura = 501

Lower Bound 1 = 370
Lower Bound 2 = 384
Avaliação = 1.30469

Tempo de execução: 9.20425s

---------------------------

Tamanho da população: 297
Fração elite: 0.55
Fração mutante: 0.0174
Probabilidade herdar alelo elite: 0.7678
Número de populações independentes: 1
Número de threads: 1
Trocar os melhores indivíduos a cada 30 gerações
Número máximo de gerações: 279

Largura da faixa = 108
Melhor altura = 502

Lower Bound 1 = 370
Lower Bound 2 = 384
Avaliação = 1.30729

Tempo de execução: 9.52014s

---------------------------

Tamanho da população: 297
Fração elite: 0.55
Fração mutante: 0.0174
Probabilidade herdar alelo elite: 0.7678
Número de populações independentes: 1
Número de threads: 1
Trocar os melhores indivíduos a cada 30 gerações
Número máximo de gerações: 279

Largura da faixa = 108
Melhor altura = 500

Lower Bound 1 = 370
Lower Bound 2 = 384
Avaliação = 1.30208

Tempo de execução: 9.89793s

---------------------------

Tamanho da população: 297
Fração elite: 0.55
Fração mutante: 0.0174
Probabilidade herdar alelo elite: 0.7678
Número de populações independentes: 1
Número de threads: 1
Trocar os melhores indivíduos a cada 30 gerações
Número máximo de gerações: 279

Largura da faixa = 108
Melhor altura = 496

Lower Bound 1 = 370
Lower Bound 2 = 384
Avaliação = 1.29167

Tempo de execução: 9.64082s

---------------------------

Tamanho da população: 297
Fração elite: 0.55
Fração mutante: 0.0174
Probabilidade herdar alelo elite: 0.7678
Número de populações independentes: 1
Número de threads: 1
Trocar os melhores indivíduos a cada 30 gerações
Número máximo de gerações: 279

Largura da faixa = 108
Melhor altura = 503

Lower Bound 1 = 370
Lower Bound 2 = 384
Avaliação = 1.3099

Tempo de execução: 9.67893s

---------------------------

Tamanho da população: 297
Fração elite: 0.55
Fração mutante: 0.0174
Probabilidade herdar alelo elite: 0.7678
Número de populações independentes: 1
Número de threads: 1
Trocar os melhores indivíduos a cada 30 gerações
Número máximo de gerações: 279

Largura da faixa = 108
Melhor altura = 492

Lower Bound 1 = 370
Lower Bound 2 = 384
Avaliação = 1.28125

Tempo de execução: 9.92851s

---------------------------

Tamanho da população: 297
Fração elite: 0.55
Fração mutante: 0.0174
Probabilidade herdar alelo elite: 0.7678
Número de populações independentes: 1
Número de threads: 1
Trocar os melhores indivíduos a cada 30 gerações
Número máximo de gerações: 279

Largura da faixa = 108
Melhor altura = 498

Lower Bound 1 = 370
Lower Bound 2 = 384
Avaliação = 1.29688

Tempo de execução: 9.29217s

---------------------------

Tamanho da população: 297
Fração elite: 0.55
Fração mutante: 0.0174
Probabilidade herdar alelo elite: 0.7678
Número de populações independentes: 1
Número de threads: 1
Trocar os melhores indivíduos a cada 30 gerações
Número máximo de gerações: 279

Largura da faixa = 108
Melhor altura = 494

Lower Bound 1 = 370
Lower Bound 2 = 384
Avaliação = 1.28646

Tempo de execução: 9.42097s

---------------------------

Tamanho da população: 297
Fração elite: 0.55
Fração mutante: 0.0174
Probabilidade herdar alelo elite: 0.7678
Número de populações independentes: 1
Número de threads: 1
Trocar os melhores indivíduos a cada 30 gerações
Número máximo de gerações: 279

Largura da faixa = 108
Melhor altura = 497

Lower Bound 1 = 370
Lower Bound 2 = 384
Avaliação = 1.29427

Tempo de execução: 9.59371s

---------------------------

Tamanho da população: 297
Fração elite: 0.55
Fração mutante: 0.0174
Probabilidade herdar alelo elite: 0.7678
Número de populações independentes: 1
Número de threads: 1
Trocar os melhores indivíduos a cada 30 gerações
Número máximo de gerações: 279

Largura da faixa = 108
Melhor altura = 498

Lower Bound 1 = 370
Lower Bound 2 = 384
Avaliação = 1.29688

Tempo de execução: 9.218s

---------------------------

Tamanho da população: 297
Fração elite: 0.55
Fração mutante: 0.0174
Probabilidade herdar alelo elite: 0.7678
Número de populações independentes: 1
Número de threads: 1
Trocar os melhores indivíduos a cada 30 gerações
Número máximo de gerações: 279

Largura da faixa = 108
Melhor altura = 500

Lower Bound 1 = 370
Lower Bound 2 = 384
Avaliação = 1.30208

Tempo de execução: 9.43908s

---------------------------

Tamanho da população: 297
Fração elite: 0.55
Fração mutante: 0.0174
Probabilidade herdar alelo elite: 0.7678
Número de populações independentes: 1
Número de threads: 1
Trocar os melhores indivíduos a cada 30 gerações
Número máximo de gerações: 279

Largura da faixa = 108
Melhor altura = 504

Lower Bound 1 = 370
Lower Bound 2 = 384
Avaliação = 1.3125

Tempo de execução: 9.56189s

---------------------------

Tamanho da população: 297
Fração elite: 0.55
Fração mutante: 0.0174
Probabilidade herdar alelo elite: 0.7678
Número de populações independentes: 1
Número de threads: 1
Trocar os melhores indivíduos a cada 30 gerações
Número máximo de gerações: 279

Largura da faixa = 108
Melhor altura = 500

Lower Bound 1 = 370
Lower Bound 2 = 384
Avaliação = 1.30208

Tempo de execução: 9.59217s

---------------------------

Tamanho da população: 297
Fração elite: 0.55
Fração mutante: 0.0174
Probabilidade herdar alelo elite: 0.7678
Número de populações independentes: 1
Número de threads: 1
Trocar os melhores indivíduos a cada 30 gerações
Número máximo de gerações: 279

Largura da faixa = 108
Melhor altura = 498

Lower Bound 1 = 370
Lower Bound 2 = 384
Avaliação = 1.29688

Tempo de execução: 9.81347s

---------------------------

Tamanho da população: 297
Fração elite: 0.55
Fração mutante: 0.0174
Probabilidade herdar alelo elite: 0.7678
Número de populações independentes: 1
Número de threads: 1
Trocar os melhores indivíduos a cada 30 gerações
Número máximo de gerações: 279

Largura da faixa = 108
Melhor altura = 496

Lower Bound 1 = 370
Lower Bound 2 = 384
Avaliação = 1.29167

Tempo de execução: 9.90639s

---------------------------

Tamanho da população: 297
Fração elite: 0.55
Fração mutante: 0.0174
Probabilidade herdar alelo elite: 0.7678
Número de populações independentes: 1
Número de threads: 1
Trocar os melhores indivíduos a cada 30 gerações
Número máximo de gerações: 279

Largura da faixa = 108
Melhor altura = 497

Lower Bound 1 = 370
Lower Bound 2 = 384
Avaliação = 1.29427

Tempo de execução: 9.41673s

---------------------------

Tamanho da população: 297
Fração elite: 0.55
Fração mutante: 0.0174
Probabilidade herdar alelo elite: 0.7678
Número de populações independentes: 1
Número de threads: 1
Trocar os melhores indivíduos a cada 30 gerações
Número máximo de gerações: 279

Largura da faixa = 108
Melhor altura = 503

Lower Bound 1 = 370
Lower Bound 2 = 384
Avaliação = 1.3099

Tempo de execução: 9.69517s

---------------------------

Tamanho da população: 297
Fração elite: 0.55
Fração mutante: 0.0174
Probabilidade herdar alelo elite: 0.7678
Número de populações independentes: 1
Número de threads: 1
Trocar os melhores indivíduos a cada 30 gerações
Número máximo de gerações: 279

Largura da faixa = 108
Melhor altura = 497

Lower Bound 1 = 370
Lower Bound 2 = 384
Avaliação = 1.29427

Tempo de execução: 10.3898s

---------------------------

Tamanho da população: 297
Fração elite: 0.55
Fração mutante: 0.0174
Probabilidade herdar alelo elite: 0.7678
Número de populações independentes: 1
Número de threads: 1
Trocar os melhores indivíduos a cada 30 gerações
Número máximo de gerações: 279

Largura da faixa = 108
Melhor altura = 490

Lower Bound 1 = 370
Lower Bound 2 = 384
Avaliação = 1.27604

Tempo de execução: 9.76919s

---------------------------

Tamanho da população: 297
Fração elite: 0.55
Fração mutante: 0.0174
Probabilidade herdar alelo elite: 0.7678
Número de populações independentes: 1
Número de threads: 1
Trocar os melhores indivíduos a cada 30 gerações
Número máximo de gerações: 279

Largura da faixa = 108
Melhor altura = 495

Lower Bound 1 = 370
Lower Bound 2 = 384
Avaliação = 1.28906

Tempo de execução: 9.81508s

---------------------------

