Tamanho da população: 297
Fração elite: 0.55
Fração mutante: 0.0174
Probabilidade herdar alelo elite: 0.7678
Número de populações independentes: 1
Número de threads: 1
Trocar os melhores indivíduos a cada 30 gerações
Número máximo de gerações: 279

Largura da faixa = 117
Melhor altura = 387

Lower Bound 1 = 341
Lower Bound 2 = 179
Avaliação = 1.1349

Tempo de execução: 10.5803s

---------------------------

Tamanho da população: 297
Fração elite: 0.55
Fração mutante: 0.0174
Probabilidade herdar alelo elite: 0.7678
Número de populações independentes: 1
Número de threads: 1
Trocar os melhores indivíduos a cada 30 gerações
Número máximo de gerações: 279

Largura da faixa = 117
Melhor altura = 385

Lower Bound 1 = 341
Lower Bound 2 = 179
Avaliação = 1.12903

Tempo de execução: 10.8871s

---------------------------

Tamanho da população: 297
Fração elite: 0.55
Fração mutante: 0.0174
Probabilidade herdar alelo elite: 0.7678
Número de populações independentes: 1
Número de threads: 1
Trocar os melhores indivíduos a cada 30 gerações
Número máximo de gerações: 279

Largura da faixa = 117
Melhor altura = 383

Lower Bound 1 = 341
Lower Bound 2 = 179
Avaliação = 1.12317

Tempo de execução: 11.4818s

---------------------------

Tamanho da população: 297
Fração elite: 0.55
Fração mutante: 0.0174
Probabilidade herdar alelo elite: 0.7678
Número de populações independentes: 1
Número de threads: 1
Trocar os melhores indivíduos a cada 30 gerações
Número máximo de gerações: 279

Largura da faixa = 117
Melhor altura = 390

Lower Bound 1 = 341
Lower Bound 2 = 179
Avaliação = 1.1437

Tempo de execução: 10.5702s

---------------------------

Tamanho da população: 297
Fração elite: 0.55
Fração mutante: 0.0174
Probabilidade herdar alelo elite: 0.7678
Número de populações independentes: 1
Número de threads: 1
Trocar os melhores indivíduos a cada 30 gerações
Número máximo de gerações: 279

Largura da faixa = 117
Melhor altura = 386

Lower Bound 1 = 341
Lower Bound 2 = 179
Avaliação = 1.13196

Tempo de execução: 10.6165s

---------------------------

Tamanho da população: 297
Fração elite: 0.55
Fração mutante: 0.0174
Probabilidade herdar alelo elite: 0.7678
Número de populações independentes: 1
Número de threads: 1
Trocar os melhores indivíduos a cada 30 gerações
Número máximo de gerações: 279

Largura da faixa = 117
Melhor altura = 391

Lower Bound 1 = 341
Lower Bound 2 = 179
Avaliação = 1.14663

Tempo de execução: 10.6539s

---------------------------

Tamanho da população: 297
Fração elite: 0.55
Fração mutante: 0.0174
Probabilidade herdar alelo elite: 0.7678
Número de populações independentes: 1
Número de threads: 1
Trocar os melhores indivíduos a cada 30 gerações
Número máximo de gerações: 279

Largura da faixa = 117
Melhor altura = 393

Lower Bound 1 = 341
Lower Bound 2 = 179
Avaliação = 1.15249

Tempo de execução: 10.6629s

---------------------------

Tamanho da população: 297
Fração elite: 0.55
Fração mutante: 0.0174
Probabilidade herdar alelo elite: 0.7678
Número de populações independentes: 1
Número de threads: 1
Trocar os melhores indivíduos a cada 30 gerações
Número máximo de gerações: 279

Largura da faixa = 117
Melhor altura = 391

Lower Bound 1 = 341
Lower Bound 2 = 179
Avaliação = 1.14663

Tempo de execução: 10.9114s

---------------------------

Tamanho da população: 297
Fração elite: 0.55
Fração mutante: 0.0174
Probabilidade herdar alelo elite: 0.7678
Número de populações independentes: 1
Número de threads: 1
Trocar os melhores indivíduos a cada 30 gerações
Número máximo de gerações: 279

Largura da faixa = 117
Melhor altura = 390

Lower Bound 1 = 341
Lower Bound 2 = 179
Avaliação = 1.1437

Tempo de execução: 11.3899s

---------------------------

Tamanho da população: 297
Fração elite: 0.55
Fração mutante: 0.0174
Probabilidade herdar alelo elite: 0.7678
Número de populações independentes: 1
Número de threads: 1
Trocar os melhores indivíduos a cada 30 gerações
Número máximo de gerações: 279

Largura da faixa = 117
Melhor altura = 383

Lower Bound 1 = 341
Lower Bound 2 = 179
Avaliação = 1.12317

Tempo de execução: 10.587s

---------------------------

Tamanho da população: 297
Fração elite: 0.55
Fração mutante: 0.0174
Probabilidade herdar alelo elite: 0.7678
Número de populações independentes: 1
Número de threads: 1
Trocar os melhores indivíduos a cada 30 gerações
Número máximo de gerações: 279

Largura da faixa = 117
Melhor altura = 397

Lower Bound 1 = 341
Lower Bound 2 = 179
Avaliação = 1.16422

Tempo de execução: 10.6546s

---------------------------

Tamanho da população: 297
Fração elite: 0.55
Fração mutante: 0.0174
Probabilidade herdar alelo elite: 0.7678
Número de populações independentes: 1
Número de threads: 1
Trocar os melhores indivíduos a cada 30 gerações
Número máximo de gerações: 279

Largura da faixa = 117
Melhor altura = 387

Lower Bound 1 = 341
Lower Bound 2 = 179
Avaliação = 1.1349

Tempo de execução: 10.7428s

---------------------------

Tamanho da população: 297
Fração elite: 0.55
Fração mutante: 0.0174
Probabilidade herdar alelo elite: 0.7678
Número de populações independentes: 1
Número de threads: 1
Trocar os melhores indivíduos a cada 30 gerações
Número máximo de gerações: 279

Largura da faixa = 117
Melhor altura = 391

Lower Bound 1 = 341
Lower Bound 2 = 179
Avaliação = 1.14663

Tempo de execução: 10.3327s

---------------------------

Tamanho da população: 297
Fração elite: 0.55
Fração mutante: 0.0174
Probabilidade herdar alelo elite: 0.7678
Número de populações independentes: 1
Número de threads: 1
Trocar os melhores indivíduos a cada 30 gerações
Número máximo de gerações: 279

Largura da faixa = 117
Melhor altura = 394

Lower Bound 1 = 341
Lower Bound 2 = 179
Avaliação = 1.15543

Tempo de execução: 10.6504s

---------------------------

Tamanho da população: 297
Fração elite: 0.55
Fração mutante: 0.0174
Probabilidade herdar alelo elite: 0.7678
Número de populações independentes: 1
Número de threads: 1
Trocar os melhores indivíduos a cada 30 gerações
Número máximo de gerações: 279

Largura da faixa = 117
Melhor altura = 386

Lower Bound 1 = 341
Lower Bound 2 = 179
Avaliação = 1.13196

Tempo de execução: 10.6585s

---------------------------

Tamanho da população: 297
Fração elite: 0.55
Fração mutante: 0.0174
Probabilidade herdar alelo elite: 0.7678
Número de populações independentes: 1
Número de threads: 1
Trocar os melhores indivíduos a cada 30 gerações
Número máximo de gerações: 279

Largura da faixa = 117
Melhor altura = 389

Lower Bound 1 = 341
Lower Bound 2 = 179
Avaliação = 1.14076

Tempo de execução: 10.4453s

---------------------------

Tamanho da população: 297
Fração elite: 0.55
Fração mutante: 0.0174
Probabilidade herdar alelo elite: 0.7678
Número de populações independentes: 1
Número de threads: 1
Trocar os melhores indivíduos a cada 30 gerações
Número máximo de gerações: 279

Largura da faixa = 117
Melhor altura = 392

Lower Bound 1 = 341
Lower Bound 2 = 179
Avaliação = 1.14956

Tempo de execução: 10.5585s

---------------------------

Tamanho da população: 297
Fração elite: 0.55
Fração mutante: 0.0174
Probabilidade herdar alelo elite: 0.7678
Número de populações independentes: 1
Número de threads: 1
Trocar os melhores indivíduos a cada 30 gerações
Número máximo de gerações: 279

Largura da faixa = 117
Melhor altura = 391

Lower Bound 1 = 341
Lower Bound 2 = 179
Avaliação = 1.14663

Tempo de execução: 10.866s

---------------------------

Tamanho da população: 297
Fração elite: 0.55
Fração mutante: 0.0174
Probabilidade herdar alelo elite: 0.7678
Número de populações independentes: 1
Número de threads: 1
Trocar os melhores indivíduos a cada 30 gerações
Número máximo de gerações: 279

Largura da faixa = 117
Melhor altura = 392

Lower Bound 1 = 341
Lower Bound 2 = 179
Avaliação = 1.14956

Tempo de execução: 10.5178s

---------------------------

Tamanho da população: 297
Fração elite: 0.55
Fração mutante: 0.0174
Probabilidade herdar alelo elite: 0.7678
Número de populações independentes: 1
Número de threads: 1
Trocar os melhores indivíduos a cada 30 gerações
Número máximo de gerações: 279

Largura da faixa = 117
Melhor altura = 389

Lower Bound 1 = 341
Lower Bound 2 = 179
Avaliação = 1.14076

Tempo de execução: 10.5345s

---------------------------

