Tamanho da população: 475
Fração elite: 0.2121
Fração mutante: 0.0442
Probabilidade herdar alelo elite: 0.6514
Número de populações independentes: 3
Troca de informação de 4 individuos a cada 241 gerações
Número de threads: 1

Largura da faixa = 151
Melhor altura = 380

Lower Bound 1 = 264
Lower Bound 2 = 343
Avaliação = 1.10787

Tempo de execução: 60.0003s

---------------------------

Tamanho da população: 475
Fração elite: 0.2121
Fração mutante: 0.0442
Probabilidade herdar alelo elite: 0.6514
Número de populações independentes: 3
Troca de informação de 4 individuos a cada 241 gerações
Número de threads: 1

Largura da faixa = 151
Melhor altura = 380

Lower Bound 1 = 264
Lower Bound 2 = 343
Avaliação = 1.10787

Tempo de execução: 60.0048s

---------------------------

Tamanho da população: 475
Fração elite: 0.2121
Fração mutante: 0.0442
Probabilidade herdar alelo elite: 0.6514
Número de populações independentes: 3
Troca de informação de 4 individuos a cada 241 gerações
Número de threads: 1

Largura da faixa = 151
Melhor altura = 380

Lower Bound 1 = 264
Lower Bound 2 = 343
Avaliação = 1.10787

Tempo de execução: 60.0084s

---------------------------

Tamanho da população: 475
Fração elite: 0.2121
Fração mutante: 0.0442
Probabilidade herdar alelo elite: 0.6514
Número de populações independentes: 3
Troca de informação de 4 individuos a cada 241 gerações
Número de threads: 1

Largura da faixa = 151
Melhor altura = 380

Lower Bound 1 = 264
Lower Bound 2 = 343
Avaliação = 1.10787

Tempo de execução: 60.0128s

---------------------------

Tamanho da população: 475
Fração elite: 0.2121
Fração mutante: 0.0442
Probabilidade herdar alelo elite: 0.6514
Número de populações independentes: 3
Troca de informação de 4 individuos a cada 241 gerações
Número de threads: 1

Largura da faixa = 151
Melhor altura = 380

Lower Bound 1 = 264
Lower Bound 2 = 343
Avaliação = 1.10787

Tempo de execução: 60.013s

---------------------------

Tamanho da população: 475
Fração elite: 0.2121
Fração mutante: 0.0442
Probabilidade herdar alelo elite: 0.6514
Número de populações independentes: 3
Troca de informação de 4 individuos a cada 241 gerações
Número de threads: 1

Largura da faixa = 151
Melhor altura = 380

Lower Bound 1 = 264
Lower Bound 2 = 343
Avaliação = 1.10787

Tempo de execução: 60.0159s

---------------------------

Tamanho da população: 475
Fração elite: 0.2121
Fração mutante: 0.0442
Probabilidade herdar alelo elite: 0.6514
Número de populações independentes: 3
Troca de informação de 4 individuos a cada 241 gerações
Número de threads: 1

Largura da faixa = 151
Melhor altura = 380

Lower Bound 1 = 264
Lower Bound 2 = 343
Avaliação = 1.10787

Tempo de execução: 60.0035s

---------------------------

Tamanho da população: 475
Fração elite: 0.2121
Fração mutante: 0.0442
Probabilidade herdar alelo elite: 0.6514
Número de populações independentes: 3
Troca de informação de 4 individuos a cada 241 gerações
Número de threads: 1

Largura da faixa = 151
Melhor altura = 380

Lower Bound 1 = 264
Lower Bound 2 = 343
Avaliação = 1.10787

Tempo de execução: 60.0046s

---------------------------

Tamanho da população: 475
Fração elite: 0.2121
Fração mutante: 0.0442
Probabilidade herdar alelo elite: 0.6514
Número de populações independentes: 3
Troca de informação de 4 individuos a cada 241 gerações
Número de threads: 1

Largura da faixa = 151
Melhor altura = 380

Lower Bound 1 = 264
Lower Bound 2 = 343
Avaliação = 1.10787

Tempo de execução: 60.0057s

---------------------------

Tamanho da população: 475
Fração elite: 0.2121
Fração mutante: 0.0442
Probabilidade herdar alelo elite: 0.6514
Número de populações independentes: 3
Troca de informação de 4 individuos a cada 241 gerações
Número de threads: 1

Largura da faixa = 151
Melhor altura = 380

Lower Bound 1 = 264
Lower Bound 2 = 343
Avaliação = 1.10787

Tempo de execução: 60.0078s

---------------------------

Tamanho da população: 475
Fração elite: 0.2121
Fração mutante: 0.0442
Probabilidade herdar alelo elite: 0.6514
Número de populações independentes: 3
Troca de informação de 4 individuos a cada 241 gerações
Número de threads: 1

Largura da faixa = 151
Melhor altura = 380

Lower Bound 1 = 264
Lower Bound 2 = 343
Avaliação = 1.10787

Tempo de execução: 60.0108s

---------------------------

Tamanho da população: 475
Fração elite: 0.2121
Fração mutante: 0.0442
Probabilidade herdar alelo elite: 0.6514
Número de populações independentes: 3
Troca de informação de 4 individuos a cada 241 gerações
Número de threads: 1

Largura da faixa = 151
Melhor altura = 380

Lower Bound 1 = 264
Lower Bound 2 = 343
Avaliação = 1.10787

Tempo de execução: 60.0148s

---------------------------

Tamanho da população: 475
Fração elite: 0.2121
Fração mutante: 0.0442
Probabilidade herdar alelo elite: 0.6514
Número de populações independentes: 3
Troca de informação de 4 individuos a cada 241 gerações
Número de threads: 1

Largura da faixa = 151
Melhor altura = 380

Lower Bound 1 = 264
Lower Bound 2 = 343
Avaliação = 1.10787

Tempo de execução: 60.0036s

---------------------------

Tamanho da população: 475
Fração elite: 0.2121
Fração mutante: 0.0442
Probabilidade herdar alelo elite: 0.6514
Número de populações independentes: 3
Troca de informação de 4 individuos a cada 241 gerações
Número de threads: 1

Largura da faixa = 151
Melhor altura = 380

Lower Bound 1 = 264
Lower Bound 2 = 343
Avaliação = 1.10787

Tempo de execução: 60.0072s

---------------------------

Tamanho da população: 475
Fração elite: 0.2121
Fração mutante: 0.0442
Probabilidade herdar alelo elite: 0.6514
Número de populações independentes: 3
Troca de informação de 4 individuos a cada 241 gerações
Número de threads: 1

Largura da faixa = 151
Melhor altura = 380

Lower Bound 1 = 264
Lower Bound 2 = 343
Avaliação = 1.10787

Tempo de execução: 60.0127s

---------------------------

Tamanho da população: 475
Fração elite: 0.2121
Fração mutante: 0.0442
Probabilidade herdar alelo elite: 0.6514
Número de populações independentes: 3
Troca de informação de 4 individuos a cada 241 gerações
Número de threads: 1

Largura da faixa = 151
Melhor altura = 380

Lower Bound 1 = 264
Lower Bound 2 = 343
Avaliação = 1.10787

Tempo de execução: 60.0132s

---------------------------

Tamanho da população: 475
Fração elite: 0.2121
Fração mutante: 0.0442
Probabilidade herdar alelo elite: 0.6514
Número de populações independentes: 3
Troca de informação de 4 individuos a cada 241 gerações
Número de threads: 1

Largura da faixa = 151
Melhor altura = 380

Lower Bound 1 = 264
Lower Bound 2 = 343
Avaliação = 1.10787

Tempo de execução: 60.0148s

---------------------------

Tamanho da população: 475
Fração elite: 0.2121
Fração mutante: 0.0442
Probabilidade herdar alelo elite: 0.6514
Número de populações independentes: 3
Troca de informação de 4 individuos a cada 241 gerações
Número de threads: 1

Largura da faixa = 151
Melhor altura = 380

Lower Bound 1 = 264
Lower Bound 2 = 343
Avaliação = 1.10787

Tempo de execução: 60.0166s

---------------------------

Tamanho da população: 475
Fração elite: 0.2121
Fração mutante: 0.0442
Probabilidade herdar alelo elite: 0.6514
Número de populações independentes: 3
Troca de informação de 4 individuos a cada 241 gerações
Número de threads: 1

Largura da faixa = 151
Melhor altura = 380

Lower Bound 1 = 264
Lower Bound 2 = 343
Avaliação = 1.10787

Tempo de execução: 60.0007s

---------------------------

Tamanho da população: 475
Fração elite: 0.2121
Fração mutante: 0.0442
Probabilidade herdar alelo elite: 0.6514
Número de populações independentes: 3
Troca de informação de 4 individuos a cada 241 gerações
Número de threads: 1

Largura da faixa = 151
Melhor altura = 380

Lower Bound 1 = 264
Lower Bound 2 = 343
Avaliação = 1.10787

Tempo de execução: 60.0165s
