Tamanho da população: 475
Fração elite: 0.2121
Fração mutante: 0.0442
Probabilidade herdar alelo elite: 0.6514
Número de populações independentes: 3
Troca de informação de 4 individuos a cada 241 gerações
Número de threads: 1

Largura da faixa = 146
Melhor altura = 320

Lower Bound 1 = 273
Lower Bound 2 = 315
Avaliação = 1.01587

Tempo de execução: 60.0103s

---------------------------

Tamanho da população: 475
Fração elite: 0.2121
Fração mutante: 0.0442
Probabilidade herdar alelo elite: 0.6514
Número de populações independentes: 3
Troca de informação de 4 individuos a cada 241 gerações
Número de threads: 1

Largura da faixa = 146
Melhor altura = 320

Lower Bound 1 = 273
Lower Bound 2 = 315
Avaliação = 1.01587

Tempo de execução: 60.0131s

---------------------------

Tamanho da população: 475
Fração elite: 0.2121
Fração mutante: 0.0442
Probabilidade herdar alelo elite: 0.6514
Número de populações independentes: 3
Troca de informação de 4 individuos a cada 241 gerações
Número de threads: 1

Largura da faixa = 146
Melhor altura = 320

Lower Bound 1 = 273
Lower Bound 2 = 315
Avaliação = 1.01587

Tempo de execução: 60.0163s

---------------------------

Tamanho da população: 475
Fração elite: 0.2121
Fração mutante: 0.0442
Probabilidade herdar alelo elite: 0.6514
Número de populações independentes: 3
Troca de informação de 4 individuos a cada 241 gerações
Número de threads: 1

Largura da faixa = 146
Melhor altura = 320

Lower Bound 1 = 273
Lower Bound 2 = 315
Avaliação = 1.01587

Tempo de execução: 60.0181s

---------------------------

Tamanho da população: 475
Fração elite: 0.2121
Fração mutante: 0.0442
Probabilidade herdar alelo elite: 0.6514
Número de populações independentes: 3
Troca de informação de 4 individuos a cada 241 gerações
Número de threads: 1

Largura da faixa = 146
Melhor altura = 323

Lower Bound 1 = 273
Lower Bound 2 = 315
Avaliação = 1.0254

Tempo de execução: 60.0187s

---------------------------

Tamanho da população: 475
Fração elite: 0.2121
Fração mutante: 0.0442
Probabilidade herdar alelo elite: 0.6514
Número de populações independentes: 3
Troca de informação de 4 individuos a cada 241 gerações
Número de threads: 1

Largura da faixa = 146
Melhor altura = 323

Lower Bound 1 = 273
Lower Bound 2 = 315
Avaliação = 1.0254

Tempo de execução: 60.0277s

---------------------------

Tamanho da população: 475
Fração elite: 0.2121
Fração mutante: 0.0442
Probabilidade herdar alelo elite: 0.6514
Número de populações independentes: 3
Troca de informação de 4 individuos a cada 241 gerações
Número de threads: 1

Largura da faixa = 146
Melhor altura = 327

Lower Bound 1 = 273
Lower Bound 2 = 315
Avaliação = 1.0381

Tempo de execução: 60.0038s

---------------------------

Tamanho da população: 475
Fração elite: 0.2121
Fração mutante: 0.0442
Probabilidade herdar alelo elite: 0.6514
Número de populações independentes: 3
Troca de informação de 4 individuos a cada 241 gerações
Número de threads: 1

Largura da faixa = 146
Melhor altura = 327

Lower Bound 1 = 273
Lower Bound 2 = 315
Avaliação = 1.0381

Tempo de execução: 60.0056s

---------------------------

Tamanho da população: 475
Fração elite: 0.2121
Fração mutante: 0.0442
Probabilidade herdar alelo elite: 0.6514
Número de populações independentes: 3
Troca de informação de 4 individuos a cada 241 gerações
Número de threads: 1

Largura da faixa = 146
Melhor altura = 320

Lower Bound 1 = 273
Lower Bound 2 = 315
Avaliação = 1.01587

Tempo de execução: 60.0086s

---------------------------

Tamanho da população: 475
Fração elite: 0.2121
Fração mutante: 0.0442
Probabilidade herdar alelo elite: 0.6514
Número de populações independentes: 3
Troca de informação de 4 individuos a cada 241 gerações
Número de threads: 1

Largura da faixa = 146
Melhor altura = 320

Lower Bound 1 = 273
Lower Bound 2 = 315
Avaliação = 1.01587

Tempo de execução: 60.013s

---------------------------

Tamanho da população: 475
Fração elite: 0.2121
Fração mutante: 0.0442
Probabilidade herdar alelo elite: 0.6514
Número de populações independentes: 3
Troca de informação de 4 individuos a cada 241 gerações
Número de threads: 1

Largura da faixa = 146
Melhor altura = 327

Lower Bound 1 = 273
Lower Bound 2 = 315
Avaliação = 1.0381

Tempo de execução: 60.0177s

---------------------------

Tamanho da população: 475
Fração elite: 0.2121
Fração mutante: 0.0442
Probabilidade herdar alelo elite: 0.6514
Número de populações independentes: 3
Troca de informação de 4 individuos a cada 241 gerações
Número de threads: 1

Largura da faixa = 146
Melhor altura = 327

Lower Bound 1 = 273
Lower Bound 2 = 315
Avaliação = 1.0381

Tempo de execução: 60.0176s

---------------------------

Tamanho da população: 475
Fração elite: 0.2121
Fração mutante: 0.0442
Probabilidade herdar alelo elite: 0.6514
Número de populações independentes: 3
Troca de informação de 4 individuos a cada 241 gerações
Número de threads: 1

Largura da faixa = 146
Melhor altura = 320

Lower Bound 1 = 273
Lower Bound 2 = 315
Avaliação = 1.01587

Tempo de execução: 60.0004s

---------------------------

Tamanho da população: 475
Fração elite: 0.2121
Fração mutante: 0.0442
Probabilidade herdar alelo elite: 0.6514
Número de populações independentes: 3
Troca de informação de 4 individuos a cada 241 gerações
Número de threads: 1

Largura da faixa = 146
Melhor altura = 320

Lower Bound 1 = 273
Lower Bound 2 = 315
Avaliação = 1.01587

Tempo de execução: 60.0109s

---------------------------

Tamanho da população: 475
Fração elite: 0.2121
Fração mutante: 0.0442
Probabilidade herdar alelo elite: 0.6514
Número de populações independentes: 3
Troca de informação de 4 individuos a cada 241 gerações
Número de threads: 1

Largura da faixa = 146
Melhor altura = 327

Lower Bound 1 = 273
Lower Bound 2 = 315
Avaliação = 1.0381

Tempo de execução: 60.0141s

---------------------------

Tamanho da população: 475
Fração elite: 0.2121
Fração mutante: 0.0442
Probabilidade herdar alelo elite: 0.6514
Número de populações independentes: 3
Troca de informação de 4 individuos a cada 241 gerações
Número de threads: 1

Largura da faixa = 146
Melhor altura = 327

Lower Bound 1 = 273
Lower Bound 2 = 315
Avaliação = 1.0381

Tempo de execução: 60.0177s

---------------------------

Tamanho da população: 475
Fração elite: 0.2121
Fração mutante: 0.0442
Probabilidade herdar alelo elite: 0.6514
Número de populações independentes: 3
Troca de informação de 4 individuos a cada 241 gerações
Número de threads: 1

Largura da faixa = 146
Melhor altura = 327

Lower Bound 1 = 273
Lower Bound 2 = 315
Avaliação = 1.0381

Tempo de execução: 60.0237s

---------------------------

Tamanho da população: 475
Fração elite: 0.2121
Fração mutante: 0.0442
Probabilidade herdar alelo elite: 0.6514
Número de populações independentes: 3
Troca de informação de 4 individuos a cada 241 gerações
Número de threads: 1

Largura da faixa = 146
Melhor altura = 320

Lower Bound 1 = 273
Lower Bound 2 = 315
Avaliação = 1.01587

Tempo de execução: 60.0294s

---------------------------

Tamanho da população: 475
Fração elite: 0.2121
Fração mutante: 0.0442
Probabilidade herdar alelo elite: 0.6514
Número de populações independentes: 3
Troca de informação de 4 individuos a cada 241 gerações
Número de threads: 1

Largura da faixa = 146
Melhor altura = 320

Lower Bound 1 = 273
Lower Bound 2 = 315
Avaliação = 1.01587

Tempo de execução: 60.0026s

---------------------------

Tamanho da população: 475
Fração elite: 0.2121
Fração mutante: 0.0442
Probabilidade herdar alelo elite: 0.6514
Número de populações independentes: 3
Troca de informação de 4 individuos a cada 241 gerações
Número de threads: 1

Largura da faixa = 146
Melhor altura = 320

Lower Bound 1 = 273
Lower Bound 2 = 315
Avaliação = 1.01587

Tempo de execução: 60.0067s
