Tamanho da população: 475
Fração elite: 0.2121
Fração mutante: 0.0442
Probabilidade herdar alelo elite: 0.6514
Número de populações independentes: 3
Troca de informação de 4 individuos a cada 241 gerações
Número de threads: 1

Largura da faixa = 374
Melhor altura = 10493

Lower Bound 1 = 7501
Lower Bound 2 = 7500
Avaliação = 1.39888

Tempo de execução: 60.0021s

---------------------------

Tamanho da população: 475
Fração elite: 0.2121
Fração mutante: 0.0442
Probabilidade herdar alelo elite: 0.6514
Número de populações independentes: 3
Troca de informação de 4 individuos a cada 241 gerações
Número de threads: 1

Largura da faixa = 374
Melhor altura = 10493

Lower Bound 1 = 7501
Lower Bound 2 = 7500
Avaliação = 1.39888

Tempo de execução: 60.028s

---------------------------

Tamanho da população: 475
Fração elite: 0.2121
Fração mutante: 0.0442
Probabilidade herdar alelo elite: 0.6514
Número de populações independentes: 3
Troca de informação de 4 individuos a cada 241 gerações
Número de threads: 1

Largura da faixa = 374
Melhor altura = 10493

Lower Bound 1 = 7501
Lower Bound 2 = 7500
Avaliação = 1.39888

Tempo de execução: 60.0427s

---------------------------

Tamanho da população: 475
Fração elite: 0.2121
Fração mutante: 0.0442
Probabilidade herdar alelo elite: 0.6514
Número de populações independentes: 3
Troca de informação de 4 individuos a cada 241 gerações
Número de threads: 1

Largura da faixa = 374
Melhor altura = 10493

Lower Bound 1 = 7501
Lower Bound 2 = 7500
Avaliação = 1.39888

Tempo de execução: 60.0061s

---------------------------

Tamanho da população: 475
Fração elite: 0.2121
Fração mutante: 0.0442
Probabilidade herdar alelo elite: 0.6514
Número de populações independentes: 3
Troca de informação de 4 individuos a cada 241 gerações
Número de threads: 1

Largura da faixa = 374
Melhor altura = 10493

Lower Bound 1 = 7501
Lower Bound 2 = 7500
Avaliação = 1.39888

Tempo de execução: 60.0114s

---------------------------

Tamanho da população: 475
Fração elite: 0.2121
Fração mutante: 0.0442
Probabilidade herdar alelo elite: 0.6514
Número de populações independentes: 3
Troca de informação de 4 individuos a cada 241 gerações
Número de threads: 1

Largura da faixa = 374
Melhor altura = 10493

Lower Bound 1 = 7501
Lower Bound 2 = 7500
Avaliação = 1.39888

Tempo de execução: 60.0475s

---------------------------

Tamanho da população: 475
Fração elite: 0.2121
Fração mutante: 0.0442
Probabilidade herdar alelo elite: 0.6514
Número de populações independentes: 3
Troca de informação de 4 individuos a cada 241 gerações
Número de threads: 1

Largura da faixa = 374
Melhor altura = 10493

Lower Bound 1 = 7501
Lower Bound 2 = 7500
Avaliação = 1.39888

Tempo de execução: 60.0036s

---------------------------

Tamanho da população: 475
Fração elite: 0.2121
Fração mutante: 0.0442
Probabilidade herdar alelo elite: 0.6514
Número de populações independentes: 3
Troca de informação de 4 individuos a cada 241 gerações
Número de threads: 1

Largura da faixa = 374
Melhor altura = 10493

Lower Bound 1 = 7501
Lower Bound 2 = 7500
Avaliação = 1.39888

Tempo de execução: 60.0202s

---------------------------

Tamanho da população: 475
Fração elite: 0.2121
Fração mutante: 0.0442
Probabilidade herdar alelo elite: 0.6514
Número de populações independentes: 3
Troca de informação de 4 individuos a cada 241 gerações
Número de threads: 1

Largura da faixa = 374
Melhor altura = 10493

Lower Bound 1 = 7501
Lower Bound 2 = 7500
Avaliação = 1.39888

Tempo de execução: 60.0445s

---------------------------

Tamanho da população: 475
Fração elite: 0.2121
Fração mutante: 0.0442
Probabilidade herdar alelo elite: 0.6514
Número de populações independentes: 3
Troca de informação de 4 individuos a cada 241 gerações
Número de threads: 1

Largura da faixa = 374
Melhor altura = 10493

Lower Bound 1 = 7501
Lower Bound 2 = 7500
Avaliação = 1.39888

Tempo de execução: 60.0061s

---------------------------

Tamanho da população: 475
Fração elite: 0.2121
Fração mutante: 0.0442
Probabilidade herdar alelo elite: 0.6514
Número de populações independentes: 3
Troca de informação de 4 individuos a cada 241 gerações
Número de threads: 1

Largura da faixa = 374
Melhor altura = 10493

Lower Bound 1 = 7501
Lower Bound 2 = 7500
Avaliação = 1.39888

Tempo de execução: 60.0268s

---------------------------

Tamanho da população: 475
Fração elite: 0.2121
Fração mutante: 0.0442
Probabilidade herdar alelo elite: 0.6514
Número de populações independentes: 3
Troca de informação de 4 individuos a cada 241 gerações
Número de threads: 1

Largura da faixa = 374
Melhor altura = 10493

Lower Bound 1 = 7501
Lower Bound 2 = 7500
Avaliação = 1.39888

Tempo de execução: 60.0344s

---------------------------

Tamanho da população: 475
Fração elite: 0.2121
Fração mutante: 0.0442
Probabilidade herdar alelo elite: 0.6514
Número de populações independentes: 3
Troca de informação de 4 individuos a cada 241 gerações
Número de threads: 1

Largura da faixa = 374
Melhor altura = 10493

Lower Bound 1 = 7501
Lower Bound 2 = 7500
Avaliação = 1.39888

Tempo de execução: 60.0028s

---------------------------

Tamanho da população: 475
Fração elite: 0.2121
Fração mutante: 0.0442
Probabilidade herdar alelo elite: 0.6514
Número de populações independentes: 3
Troca de informação de 4 individuos a cada 241 gerações
Número de threads: 1

Largura da faixa = 374
Melhor altura = 10493

Lower Bound 1 = 7501
Lower Bound 2 = 7500
Avaliação = 1.39888

Tempo de execução: 60.0276s

---------------------------

Tamanho da população: 475
Fração elite: 0.2121
Fração mutante: 0.0442
Probabilidade herdar alelo elite: 0.6514
Número de populações independentes: 3
Troca de informação de 4 individuos a cada 241 gerações
Número de threads: 1

Largura da faixa = 374
Melhor altura = 10493

Lower Bound 1 = 7501
Lower Bound 2 = 7500
Avaliação = 1.39888

Tempo de execução: 60.0452s

---------------------------

Tamanho da população: 475
Fração elite: 0.2121
Fração mutante: 0.0442
Probabilidade herdar alelo elite: 0.6514
Número de populações independentes: 3
Troca de informação de 4 individuos a cada 241 gerações
Número de threads: 1

Largura da faixa = 374
Melhor altura = 10493

Lower Bound 1 = 7501
Lower Bound 2 = 7500
Avaliação = 1.39888

Tempo de execução: 60.0249s

---------------------------

Tamanho da população: 475
Fração elite: 0.2121
Fração mutante: 0.0442
Probabilidade herdar alelo elite: 0.6514
Número de populações independentes: 3
Troca de informação de 4 individuos a cada 241 gerações
Número de threads: 1

Largura da faixa = 374
Melhor altura = 10493

Lower Bound 1 = 7501
Lower Bound 2 = 7500
Avaliação = 1.39888

Tempo de execução: 60.0264s

---------------------------

Tamanho da população: 475
Fração elite: 0.2121
Fração mutante: 0.0442
Probabilidade herdar alelo elite: 0.6514
Número de populações independentes: 3
Troca de informação de 4 individuos a cada 241 gerações
Número de threads: 1

Largura da faixa = 374
Melhor altura = 10493

Lower Bound 1 = 7501
Lower Bound 2 = 7500
Avaliação = 1.39888

Tempo de execução: 60.0367s

---------------------------

Tamanho da população: 475
Fração elite: 0.2121
Fração mutante: 0.0442
Probabilidade herdar alelo elite: 0.6514
Número de populações independentes: 3
Troca de informação de 4 individuos a cada 241 gerações
Número de threads: 1

Largura da faixa = 374
Melhor altura = 10493

Lower Bound 1 = 7501
Lower Bound 2 = 7500
Avaliação = 1.39888

Tempo de execução: 60.0116s

---------------------------

Tamanho da população: 475
Fração elite: 0.2121
Fração mutante: 0.0442
Probabilidade herdar alelo elite: 0.6514
Número de populações independentes: 3
Troca de informação de 4 individuos a cada 241 gerações
Número de threads: 1

Largura da faixa = 374
Melhor altura = 10493

Lower Bound 1 = 7501
Lower Bound 2 = 7500
Avaliação = 1.39888

Tempo de execução: 60.025s
