Tamanho da população: 475
Fração elite: 0.2121
Fração mutante: 0.0442
Probabilidade herdar alelo elite: 0.6514
Número de populações independentes: 3
Troca de informação de 4 individuos a cada 241 gerações
Número de threads: 1

Largura da faixa = 746
Melhor altura = 22005

Lower Bound 1 = 16785
Lower Bound 2 = 16467
Avaliação = 1.31099

Tempo de execução: 60.0146s

---------------------------

Tamanho da população: 475
Fração elite: 0.2121
Fração mutante: 0.0442
Probabilidade herdar alelo elite: 0.6514
Número de populações independentes: 3
Troca de informação de 4 individuos a cada 241 gerações
Número de threads: 1

Largura da faixa = 746
Melhor altura = 22005

Lower Bound 1 = 16785
Lower Bound 2 = 16467
Avaliação = 1.31099

Tempo de execução: 60.0162s

---------------------------

Tamanho da população: 475
Fração elite: 0.2121
Fração mutante: 0.0442
Probabilidade herdar alelo elite: 0.6514
Número de populações independentes: 3
Troca de informação de 4 individuos a cada 241 gerações
Número de threads: 1

Largura da faixa = 746
Melhor altura = 22005

Lower Bound 1 = 16785
Lower Bound 2 = 16467
Avaliação = 1.31099

Tempo de execução: 60.0491s

---------------------------

Tamanho da população: 475
Fração elite: 0.2121
Fração mutante: 0.0442
Probabilidade herdar alelo elite: 0.6514
Número de populações independentes: 3
Troca de informação de 4 individuos a cada 241 gerações
Número de threads: 1

Largura da faixa = 746
Melhor altura = 22005

Lower Bound 1 = 16785
Lower Bound 2 = 16467
Avaliação = 1.31099

Tempo de execução: 60.0002s

---------------------------

Tamanho da população: 475
Fração elite: 0.2121
Fração mutante: 0.0442
Probabilidade herdar alelo elite: 0.6514
Número de populações independentes: 3
Troca de informação de 4 individuos a cada 241 gerações
Número de threads: 1

Largura da faixa = 746
Melhor altura = 22005

Lower Bound 1 = 16785
Lower Bound 2 = 16467
Avaliação = 1.31099

Tempo de execução: 60.0106s

---------------------------

Tamanho da população: 475
Fração elite: 0.2121
Fração mutante: 0.0442
Probabilidade herdar alelo elite: 0.6514
Número de populações independentes: 3
Troca de informação de 4 individuos a cada 241 gerações
Número de threads: 1

Largura da faixa = 746
Melhor altura = 22005

Lower Bound 1 = 16785
Lower Bound 2 = 16467
Avaliação = 1.31099

Tempo de execução: 60.0428s

---------------------------

Tamanho da população: 475
Fração elite: 0.2121
Fração mutante: 0.0442
Probabilidade herdar alelo elite: 0.6514
Número de populações independentes: 3
Troca de informação de 4 individuos a cada 241 gerações
Número de threads: 1

Largura da faixa = 746
Melhor altura = 22005

Lower Bound 1 = 16785
Lower Bound 2 = 16467
Avaliação = 1.31099

Tempo de execução: 60.0203s

---------------------------

Tamanho da população: 475
Fração elite: 0.2121
Fração mutante: 0.0442
Probabilidade herdar alelo elite: 0.6514
Número de populações independentes: 3
Troca de informação de 4 individuos a cada 241 gerações
Número de threads: 1

Largura da faixa = 746
Melhor altura = 22005

Lower Bound 1 = 16785
Lower Bound 2 = 16467
Avaliação = 1.31099

Tempo de execução: 60.0277s

---------------------------

Tamanho da população: 475
Fração elite: 0.2121
Fração mutante: 0.0442
Probabilidade herdar alelo elite: 0.6514
Número de populações independentes: 3
Troca de informação de 4 individuos a cada 241 gerações
Número de threads: 1

Largura da faixa = 746
Melhor altura = 22005

Lower Bound 1 = 16785
Lower Bound 2 = 16467
Avaliação = 1.31099

Tempo de execução: 60.0509s

---------------------------

Tamanho da população: 475
Fração elite: 0.2121
Fração mutante: 0.0442
Probabilidade herdar alelo elite: 0.6514
Número de populações independentes: 3
Troca de informação de 4 individuos a cada 241 gerações
Número de threads: 1

Largura da faixa = 746
Melhor altura = 22005

Lower Bound 1 = 16785
Lower Bound 2 = 16467
Avaliação = 1.31099

Tempo de execução: 60.0186s

---------------------------

Tamanho da população: 475
Fração elite: 0.2121
Fração mutante: 0.0442
Probabilidade herdar alelo elite: 0.6514
Número de populações independentes: 3
Troca de informação de 4 individuos a cada 241 gerações
Número de threads: 1

Largura da faixa = 746
Melhor altura = 22005

Lower Bound 1 = 16785
Lower Bound 2 = 16467
Avaliação = 1.31099

Tempo de execução: 60.0234s

---------------------------

Tamanho da população: 475
Fração elite: 0.2121
Fração mutante: 0.0442
Probabilidade herdar alelo elite: 0.6514
Número de populações independentes: 3
Troca de informação de 4 individuos a cada 241 gerações
Número de threads: 1

Largura da faixa = 746
Melhor altura = 22005

Lower Bound 1 = 16785
Lower Bound 2 = 16467
Avaliação = 1.31099

Tempo de execução: 60.044s

---------------------------

Tamanho da população: 475
Fração elite: 0.2121
Fração mutante: 0.0442
Probabilidade herdar alelo elite: 0.6514
Número de populações independentes: 3
Troca de informação de 4 individuos a cada 241 gerações
Número de threads: 1

Largura da faixa = 746
Melhor altura = 22005

Lower Bound 1 = 16785
Lower Bound 2 = 16467
Avaliação = 1.31099

Tempo de execução: 60.0015s

---------------------------

Tamanho da população: 475
Fração elite: 0.2121
Fração mutante: 0.0442
Probabilidade herdar alelo elite: 0.6514
Número de populações independentes: 3
Troca de informação de 4 individuos a cada 241 gerações
Número de threads: 1

Largura da faixa = 746
Melhor altura = 22005

Lower Bound 1 = 16785
Lower Bound 2 = 16467
Avaliação = 1.31099

Tempo de execução: 60.0217s

---------------------------

Tamanho da população: 475
Fração elite: 0.2121
Fração mutante: 0.0442
Probabilidade herdar alelo elite: 0.6514
Número de populações independentes: 3
Troca de informação de 4 individuos a cada 241 gerações
Número de threads: 1

Largura da faixa = 746
Melhor altura = 22005

Lower Bound 1 = 16785
Lower Bound 2 = 16467
Avaliação = 1.31099

Tempo de execução: 60.0275s

---------------------------

Tamanho da população: 475
Fração elite: 0.2121
Fração mutante: 0.0442
Probabilidade herdar alelo elite: 0.6514
Número de populações independentes: 3
Troca de informação de 4 individuos a cada 241 gerações
Número de threads: 1

Largura da faixa = 746
Melhor altura = 22005

Lower Bound 1 = 16785
Lower Bound 2 = 16467
Avaliação = 1.31099

Tempo de execução: 60.0196s

---------------------------

Tamanho da população: 475
Fração elite: 0.2121
Fração mutante: 0.0442
Probabilidade herdar alelo elite: 0.6514
Número de populações independentes: 3
Troca de informação de 4 individuos a cada 241 gerações
Número de threads: 1

Largura da faixa = 746
Melhor altura = 22005

Lower Bound 1 = 16785
Lower Bound 2 = 16467
Avaliação = 1.31099

Tempo de execução: 60.02s

---------------------------

Tamanho da população: 475
Fração elite: 0.2121
Fração mutante: 0.0442
Probabilidade herdar alelo elite: 0.6514
Número de populações independentes: 3
Troca de informação de 4 individuos a cada 241 gerações
Número de threads: 1

Largura da faixa = 746
Melhor altura = 22005

Lower Bound 1 = 16785
Lower Bound 2 = 16467
Avaliação = 1.31099

Tempo de execução: 60.0523s

---------------------------

Tamanho da população: 475
Fração elite: 0.2121
Fração mutante: 0.0442
Probabilidade herdar alelo elite: 0.6514
Número de populações independentes: 3
Troca de informação de 4 individuos a cada 241 gerações
Número de threads: 1

Largura da faixa = 746
Melhor altura = 22005

Lower Bound 1 = 16785
Lower Bound 2 = 16467
Avaliação = 1.31099

Tempo de execução: 60.0002s

---------------------------

Tamanho da população: 475
Fração elite: 0.2121
Fração mutante: 0.0442
Probabilidade herdar alelo elite: 0.6514
Número de populações independentes: 3
Troca de informação de 4 individuos a cada 241 gerações
Número de threads: 1

Largura da faixa = 746
Melhor altura = 22005

Lower Bound 1 = 16785
Lower Bound 2 = 16467
Avaliação = 1.31099

Tempo de execução: 60.0173s
