Tamanho da população: 475
Fração elite: 0.2121
Fração mutante: 0.0442
Probabilidade herdar alelo elite: 0.6514
Número de populações independentes: 3
Troca de informação de 4 individuos a cada 241 gerações
Número de threads: 1

Largura da faixa = 184
Melhor altura = 5479

Lower Bound 1 = 3975
Lower Bound 2 = 3762
Avaliação = 1.37836

Tempo de execução: 60.0061s

---------------------------

Tamanho da população: 475
Fração elite: 0.2121
Fração mutante: 0.0442
Probabilidade herdar alelo elite: 0.6514
Número de populações independentes: 3
Troca de informação de 4 individuos a cada 241 gerações
Número de threads: 1

Largura da faixa = 184
Melhor altura = 5479

Lower Bound 1 = 3975
Lower Bound 2 = 3762
Avaliação = 1.37836

Tempo de execução: 60.0278s

---------------------------

Tamanho da população: 475
Fração elite: 0.2121
Fração mutante: 0.0442
Probabilidade herdar alelo elite: 0.6514
Número de populações independentes: 3
Troca de informação de 4 individuos a cada 241 gerações
Número de threads: 1

Largura da faixa = 184
Melhor altura = 5479

Lower Bound 1 = 3975
Lower Bound 2 = 3762
Avaliação = 1.37836

Tempo de execução: 60.0301s

---------------------------

Tamanho da população: 475
Fração elite: 0.2121
Fração mutante: 0.0442
Probabilidade herdar alelo elite: 0.6514
Número de populações independentes: 3
Troca de informação de 4 individuos a cada 241 gerações
Número de threads: 1

Largura da faixa = 184
Melhor altura = 5479

Lower Bound 1 = 3975
Lower Bound 2 = 3762
Avaliação = 1.37836

Tempo de execução: 60.0123s

---------------------------

Tamanho da população: 475
Fração elite: 0.2121
Fração mutante: 0.0442
Probabilidade herdar alelo elite: 0.6514
Número de populações independentes: 3
Troca de informação de 4 individuos a cada 241 gerações
Número de threads: 1

Largura da faixa = 184
Melhor altura = 5479

Lower Bound 1 = 3975
Lower Bound 2 = 3762
Avaliação = 1.37836

Tempo de execução: 60.0152s

---------------------------

Tamanho da população: 475
Fração elite: 0.2121
Fração mutante: 0.0442
Probabilidade herdar alelo elite: 0.6514
Número de populações independentes: 3
Troca de informação de 4 individuos a cada 241 gerações
Número de threads: 1

Largura da faixa = 184
Melhor altura = 5479

Lower Bound 1 = 3975
Lower Bound 2 = 3762
Avaliação = 1.37836

Tempo de execução: 60.0308s

---------------------------

Tamanho da população: 475
Fração elite: 0.2121
Fração mutante: 0.0442
Probabilidade herdar alelo elite: 0.6514
Número de populações independentes: 3
Troca de informação de 4 individuos a cada 241 gerações
Número de threads: 1

Largura da faixa = 184
Melhor altura = 5479

Lower Bound 1 = 3975
Lower Bound 2 = 3762
Avaliação = 1.37836

Tempo de execução: 60.0005s

---------------------------

Tamanho da população: 475
Fração elite: 0.2121
Fração mutante: 0.0442
Probabilidade herdar alelo elite: 0.6514
Número de populações independentes: 3
Troca de informação de 4 individuos a cada 241 gerações
Número de threads: 1

Largura da faixa = 184
Melhor altura = 5479

Lower Bound 1 = 3975
Lower Bound 2 = 3762
Avaliação = 1.37836

Tempo de execução: 60.0158s

---------------------------

Tamanho da população: 475
Fração elite: 0.2121
Fração mutante: 0.0442
Probabilidade herdar alelo elite: 0.6514
Número de populações independentes: 3
Troca de informação de 4 individuos a cada 241 gerações
Número de threads: 1

Largura da faixa = 184
Melhor altura = 5479

Lower Bound 1 = 3975
Lower Bound 2 = 3762
Avaliação = 1.37836

Tempo de execução: 60.0272s

---------------------------

Tamanho da população: 475
Fração elite: 0.2121
Fração mutante: 0.0442
Probabilidade herdar alelo elite: 0.6514
Número de populações independentes: 3
Troca de informação de 4 individuos a cada 241 gerações
Número de threads: 1

Largura da faixa = 184
Melhor altura = 5479

Lower Bound 1 = 3975
Lower Bound 2 = 3762
Avaliação = 1.37836

Tempo de execução: 60.0025s

---------------------------

Tamanho da população: 475
Fração elite: 0.2121
Fração mutante: 0.0442
Probabilidade herdar alelo elite: 0.6514
Número de populações independentes: 3
Troca de informação de 4 individuos a cada 241 gerações
Número de threads: 1

Largura da faixa = 184
Melhor altura = 5479

Lower Bound 1 = 3975
Lower Bound 2 = 3762
Avaliação = 1.37836

Tempo de execução: 60.0288s

---------------------------

Tamanho da população: 475
Fração elite: 0.2121
Fração mutante: 0.0442
Probabilidade herdar alelo elite: 0.6514
Número de populações independentes: 3
Troca de informação de 4 individuos a cada 241 gerações
Número de threads: 1

Largura da faixa = 184
Melhor altura = 5479

Lower Bound 1 = 3975
Lower Bound 2 = 3762
Avaliação = 1.37836

Tempo de execução: 60.0359s

---------------------------

Tamanho da população: 475
Fração elite: 0.2121
Fração mutante: 0.0442
Probabilidade herdar alelo elite: 0.6514
Número de populações independentes: 3
Troca de informação de 4 individuos a cada 241 gerações
Número de threads: 1

Largura da faixa = 184
Melhor altura = 5479

Lower Bound 1 = 3975
Lower Bound 2 = 3762
Avaliação = 1.37836

Tempo de execução: 60.0141s

---------------------------

Tamanho da população: 475
Fração elite: 0.2121
Fração mutante: 0.0442
Probabilidade herdar alelo elite: 0.6514
Número de populações independentes: 3
Troca de informação de 4 individuos a cada 241 gerações
Número de threads: 1

Largura da faixa = 184
Melhor altura = 5479

Lower Bound 1 = 3975
Lower Bound 2 = 3762
Avaliação = 1.37836

Tempo de execução: 60.0239s

---------------------------

Tamanho da população: 475
Fração elite: 0.2121
Fração mutante: 0.0442
Probabilidade herdar alelo elite: 0.6514
Número de populações independentes: 3
Troca de informação de 4 individuos a cada 241 gerações
Número de threads: 1

Largura da faixa = 184
Melhor altura = 5479

Lower Bound 1 = 3975
Lower Bound 2 = 3762
Avaliação = 1.37836

Tempo de execução: 60.0365s

---------------------------

Tamanho da população: 475
Fração elite: 0.2121
Fração mutante: 0.0442
Probabilidade herdar alelo elite: 0.6514
Número de populações independentes: 3
Troca de informação de 4 individuos a cada 241 gerações
Número de threads: 1

Largura da faixa = 184
Melhor altura = 5479

Lower Bound 1 = 3975
Lower Bound 2 = 3762
Avaliação = 1.37836

Tempo de execução: 60.0078s

---------------------------

Tamanho da população: 475
Fração elite: 0.2121
Fração mutante: 0.0442
Probabilidade herdar alelo elite: 0.6514
Número de populações independentes: 3
Troca de informação de 4 individuos a cada 241 gerações
Número de threads: 1

Largura da faixa = 184
Melhor altura = 5479

Lower Bound 1 = 3975
Lower Bound 2 = 3762
Avaliação = 1.37836

Tempo de execução: 60.0162s

---------------------------

Tamanho da população: 475
Fração elite: 0.2121
Fração mutante: 0.0442
Probabilidade herdar alelo elite: 0.6514
Número de populações independentes: 3
Troca de informação de 4 individuos a cada 241 gerações
Número de threads: 1

Largura da faixa = 184
Melhor altura = 5479

Lower Bound 1 = 3975
Lower Bound 2 = 3762
Avaliação = 1.37836

Tempo de execução: 60.0288s

---------------------------

Tamanho da população: 475
Fração elite: 0.2121
Fração mutante: 0.0442
Probabilidade herdar alelo elite: 0.6514
Número de populações independentes: 3
Troca de informação de 4 individuos a cada 241 gerações
Número de threads: 1

Largura da faixa = 184
Melhor altura = 5479

Lower Bound 1 = 3975
Lower Bound 2 = 3762
Avaliação = 1.37836

Tempo de execução: 60.0068s

---------------------------

Tamanho da população: 475
Fração elite: 0.2121
Fração mutante: 0.0442
Probabilidade herdar alelo elite: 0.6514
Número de populações independentes: 3
Troca de informação de 4 individuos a cada 241 gerações
Número de threads: 1

Largura da faixa = 184
Melhor altura = 5479

Lower Bound 1 = 3975
Lower Bound 2 = 3762
Avaliação = 1.37836

Tempo de execução: 60.0334s
