Tamanho da população: 475
Fração elite: 0.2121
Fração mutante: 0.0442
Probabilidade herdar alelo elite: 0.6514
Número de populações independentes: 3
Troca de informação de 4 individuos a cada 241 gerações
Número de threads: 1

Largura da faixa = 186
Melhor altura = 1736

Lower Bound 1 = 1476
Lower Bound 2 = 1169
Avaliação = 1.17615

Tempo de execução: 60.0041s

---------------------------

Tamanho da população: 475
Fração elite: 0.2121
Fração mutante: 0.0442
Probabilidade herdar alelo elite: 0.6514
Número de populações independentes: 3
Troca de informação de 4 individuos a cada 241 gerações
Número de threads: 1

Largura da faixa = 186
Melhor altura = 1736

Lower Bound 1 = 1476
Lower Bound 2 = 1169
Avaliação = 1.17615

Tempo de execução: 60.0072s

---------------------------

Tamanho da população: 475
Fração elite: 0.2121
Fração mutante: 0.0442
Probabilidade herdar alelo elite: 0.6514
Número de populações independentes: 3
Troca de informação de 4 individuos a cada 241 gerações
Número de threads: 1

Largura da faixa = 186
Melhor altura = 1736

Lower Bound 1 = 1476
Lower Bound 2 = 1169
Avaliação = 1.17615

Tempo de execução: 60.0098s

---------------------------

Tamanho da população: 475
Fração elite: 0.2121
Fração mutante: 0.0442
Probabilidade herdar alelo elite: 0.6514
Número de populações independentes: 3
Troca de informação de 4 individuos a cada 241 gerações
Número de threads: 1

Largura da faixa = 186
Melhor altura = 1736

Lower Bound 1 = 1476
Lower Bound 2 = 1169
Avaliação = 1.17615

Tempo de execução: 60.013s

---------------------------

Tamanho da população: 475
Fração elite: 0.2121
Fração mutante: 0.0442
Probabilidade herdar alelo elite: 0.6514
Número de populações independentes: 3
Troca de informação de 4 individuos a cada 241 gerações
Número de threads: 1

Largura da faixa = 186
Melhor altura = 1736

Lower Bound 1 = 1476
Lower Bound 2 = 1169
Avaliação = 1.17615

Tempo de execução: 60.0165s

---------------------------

Tamanho da população: 475
Fração elite: 0.2121
Fração mutante: 0.0442
Probabilidade herdar alelo elite: 0.6514
Número de populações independentes: 3
Troca de informação de 4 individuos a cada 241 gerações
Número de threads: 1

Largura da faixa = 186
Melhor altura = 1736

Lower Bound 1 = 1476
Lower Bound 2 = 1169
Avaliação = 1.17615

Tempo de execução: 60.0178s

---------------------------

Tamanho da população: 475
Fração elite: 0.2121
Fração mutante: 0.0442
Probabilidade herdar alelo elite: 0.6514
Número de populações independentes: 3
Troca de informação de 4 individuos a cada 241 gerações
Número de threads: 1

Largura da faixa = 186
Melhor altura = 1736

Lower Bound 1 = 1476
Lower Bound 2 = 1169
Avaliação = 1.17615

Tempo de execução: 60.0001s

---------------------------

Tamanho da população: 475
Fração elite: 0.2121
Fração mutante: 0.0442
Probabilidade herdar alelo elite: 0.6514
Número de populações independentes: 3
Troca de informação de 4 individuos a cada 241 gerações
Número de threads: 1

Largura da faixa = 186
Melhor altura = 1736

Lower Bound 1 = 1476
Lower Bound 2 = 1169
Avaliação = 1.17615

Tempo de execução: 60.01s

---------------------------

Tamanho da população: 475
Fração elite: 0.2121
Fração mutante: 0.0442
Probabilidade herdar alelo elite: 0.6514
Número de populações independentes: 3
Troca de informação de 4 individuos a cada 241 gerações
Número de threads: 1

Largura da faixa = 186
Melhor altura = 1736

Lower Bound 1 = 1476
Lower Bound 2 = 1169
Avaliação = 1.17615

Tempo de execução: 60.0127s

---------------------------

Tamanho da população: 475
Fração elite: 0.2121
Fração mutante: 0.0442
Probabilidade herdar alelo elite: 0.6514
Número de populações independentes: 3
Troca de informação de 4 individuos a cada 241 gerações
Número de threads: 1

Largura da faixa = 186
Melhor altura = 1736

Lower Bound 1 = 1476
Lower Bound 2 = 1169
Avaliação = 1.17615

Tempo de execução: 60.0011s

---------------------------

Tamanho da população: 475
Fração elite: 0.2121
Fração mutante: 0.0442
Probabilidade herdar alelo elite: 0.6514
Número de populações independentes: 3
Troca de informação de 4 individuos a cada 241 gerações
Número de threads: 1

Largura da faixa = 186
Melhor altura = 1736

Lower Bound 1 = 1476
Lower Bound 2 = 1169
Avaliação = 1.17615

Tempo de execução: 60.0019s

---------------------------

Tamanho da população: 475
Fração elite: 0.2121
Fração mutante: 0.0442
Probabilidade herdar alelo elite: 0.6514
Número de populações independentes: 3
Troca de informação de 4 individuos a cada 241 gerações
Número de threads: 1

Largura da faixa = 186
Melhor altura = 1736

Lower Bound 1 = 1476
Lower Bound 2 = 1169
Avaliação = 1.17615

Tempo de execução: 60.0187s

---------------------------

Tamanho da população: 475
Fração elite: 0.2121
Fração mutante: 0.0442
Probabilidade herdar alelo elite: 0.6514
Número de populações independentes: 3
Troca de informação de 4 individuos a cada 241 gerações
Número de threads: 1

Largura da faixa = 186
Melhor altura = 1736

Lower Bound 1 = 1476
Lower Bound 2 = 1169
Avaliação = 1.17615

Tempo de execução: 60.0129s

---------------------------

Tamanho da população: 475
Fração elite: 0.2121
Fração mutante: 0.0442
Probabilidade herdar alelo elite: 0.6514
Número de populações independentes: 3
Troca de informação de 4 individuos a cada 241 gerações
Número de threads: 1

Largura da faixa = 186
Melhor altura = 1736

Lower Bound 1 = 1476
Lower Bound 2 = 1169
Avaliação = 1.17615

Tempo de execução: 60.0142s

---------------------------

Tamanho da população: 475
Fração elite: 0.2121
Fração mutante: 0.0442
Probabilidade herdar alelo elite: 0.6514
Número de populações independentes: 3
Troca de informação de 4 individuos a cada 241 gerações
Número de threads: 1

Largura da faixa = 186
Melhor altura = 1736

Lower Bound 1 = 1476
Lower Bound 2 = 1169
Avaliação = 1.17615

Tempo de execução: 60.0148s

---------------------------

Tamanho da população: 475
Fração elite: 0.2121
Fração mutante: 0.0442
Probabilidade herdar alelo elite: 0.6514
Número de populações independentes: 3
Troca de informação de 4 individuos a cada 241 gerações
Número de threads: 1

Largura da faixa = 186
Melhor altura = 1736

Lower Bound 1 = 1476
Lower Bound 2 = 1169
Avaliação = 1.17615

Tempo de execução: 60.0062s

---------------------------

Tamanho da população: 475
Fração elite: 0.2121
Fração mutante: 0.0442
Probabilidade herdar alelo elite: 0.6514
Número de populações independentes: 3
Troca de informação de 4 individuos a cada 241 gerações
Número de threads: 1

Largura da faixa = 186
Melhor altura = 1736

Lower Bound 1 = 1476
Lower Bound 2 = 1169
Avaliação = 1.17615

Tempo de execução: 60.0076s

---------------------------

Tamanho da população: 475
Fração elite: 0.2121
Fração mutante: 0.0442
Probabilidade herdar alelo elite: 0.6514
Número de populações independentes: 3
Troca de informação de 4 individuos a cada 241 gerações
Número de threads: 1

Largura da faixa = 186
Melhor altura = 1736

Lower Bound 1 = 1476
Lower Bound 2 = 1169
Avaliação = 1.17615

Tempo de execução: 60.0172s

---------------------------

Tamanho da população: 475
Fração elite: 0.2121
Fração mutante: 0.0442
Probabilidade herdar alelo elite: 0.6514
Número de populações independentes: 3
Troca de informação de 4 individuos a cada 241 gerações
Número de threads: 1

Largura da faixa = 186
Melhor altura = 1736

Lower Bound 1 = 1476
Lower Bound 2 = 1169
Avaliação = 1.17615

Tempo de execução: 60.0094s

---------------------------

Tamanho da população: 475
Fração elite: 0.2121
Fração mutante: 0.0442
Probabilidade herdar alelo elite: 0.6514
Número de populações independentes: 3
Troca de informação de 4 individuos a cada 241 gerações
Número de threads: 1

Largura da faixa = 186
Melhor altura = 1736

Lower Bound 1 = 1476
Lower Bound 2 = 1169
Avaliação = 1.17615

Tempo de execução: 60.0163s
