Tamanho da população: 475
Fração elite: 0.2121
Fração mutante: 0.0442
Probabilidade herdar alelo elite: 0.6514
Número de populações independentes: 3
Troca de informação de 4 individuos a cada 241 gerações
Número de threads: 1

Largura da faixa = 742
Melhor altura = 9654

Lower Bound 1 = 7217
Lower Bound 2 = 6803
Avaliação = 1.33767

Tempo de execução: 60.0045s

---------------------------

Tamanho da população: 475
Fração elite: 0.2121
Fração mutante: 0.0442
Probabilidade herdar alelo elite: 0.6514
Número de populações independentes: 3
Troca de informação de 4 individuos a cada 241 gerações
Número de threads: 1

Largura da faixa = 742
Melhor altura = 9654

Lower Bound 1 = 7217
Lower Bound 2 = 6803
Avaliação = 1.33767

Tempo de execução: 60.0137s

---------------------------

Tamanho da população: 475
Fração elite: 0.2121
Fração mutante: 0.0442
Probabilidade herdar alelo elite: 0.6514
Número de populações independentes: 3
Troca de informação de 4 individuos a cada 241 gerações
Número de threads: 1

Largura da faixa = 742
Melhor altura = 9654

Lower Bound 1 = 7217
Lower Bound 2 = 6803
Avaliação = 1.33767

Tempo de execução: 60.0196s

---------------------------

Tamanho da população: 475
Fração elite: 0.2121
Fração mutante: 0.0442
Probabilidade herdar alelo elite: 0.6514
Número de populações independentes: 3
Troca de informação de 4 individuos a cada 241 gerações
Número de threads: 1

Largura da faixa = 742
Melhor altura = 9654

Lower Bound 1 = 7217
Lower Bound 2 = 6803
Avaliação = 1.33767

Tempo de execução: 60.005s

---------------------------

Tamanho da população: 475
Fração elite: 0.2121
Fração mutante: 0.0442
Probabilidade herdar alelo elite: 0.6514
Número de populações independentes: 3
Troca de informação de 4 individuos a cada 241 gerações
Número de threads: 1

Largura da faixa = 742
Melhor altura = 9654

Lower Bound 1 = 7217
Lower Bound 2 = 6803
Avaliação = 1.33767

Tempo de execução: 60.0048s

---------------------------

Tamanho da população: 475
Fração elite: 0.2121
Fração mutante: 0.0442
Probabilidade herdar alelo elite: 0.6514
Número de populações independentes: 3
Troca de informação de 4 individuos a cada 241 gerações
Número de threads: 1

Largura da faixa = 742
Melhor altura = 9654

Lower Bound 1 = 7217
Lower Bound 2 = 6803
Avaliação = 1.33767

Tempo de execução: 60.0145s

---------------------------

Tamanho da população: 475
Fração elite: 0.2121
Fração mutante: 0.0442
Probabilidade herdar alelo elite: 0.6514
Número de populações independentes: 3
Troca de informação de 4 individuos a cada 241 gerações
Número de threads: 1

Largura da faixa = 742
Melhor altura = 9654

Lower Bound 1 = 7217
Lower Bound 2 = 6803
Avaliação = 1.33767

Tempo de execução: 60.0021s

---------------------------

Tamanho da população: 475
Fração elite: 0.2121
Fração mutante: 0.0442
Probabilidade herdar alelo elite: 0.6514
Número de populações independentes: 3
Troca de informação de 4 individuos a cada 241 gerações
Número de threads: 1

Largura da faixa = 742
Melhor altura = 9654

Lower Bound 1 = 7217
Lower Bound 2 = 6803
Avaliação = 1.33767

Tempo de execução: 60.006s

---------------------------

Tamanho da população: 475
Fração elite: 0.2121
Fração mutante: 0.0442
Probabilidade herdar alelo elite: 0.6514
Número de populações independentes: 3
Troca de informação de 4 individuos a cada 241 gerações
Número de threads: 1

Largura da faixa = 742
Melhor altura = 9654

Lower Bound 1 = 7217
Lower Bound 2 = 6803
Avaliação = 1.33767

Tempo de execução: 60.0116s

---------------------------

Tamanho da população: 475
Fração elite: 0.2121
Fração mutante: 0.0442
Probabilidade herdar alelo elite: 0.6514
Número de populações independentes: 3
Troca de informação de 4 individuos a cada 241 gerações
Número de threads: 1

Largura da faixa = 742
Melhor altura = 9654

Lower Bound 1 = 7217
Lower Bound 2 = 6803
Avaliação = 1.33767

Tempo de execução: 60.0086s

---------------------------

Tamanho da população: 475
Fração elite: 0.2121
Fração mutante: 0.0442
Probabilidade herdar alelo elite: 0.6514
Número de populações independentes: 3
Troca de informação de 4 individuos a cada 241 gerações
Número de threads: 1

Largura da faixa = 742
Melhor altura = 9654

Lower Bound 1 = 7217
Lower Bound 2 = 6803
Avaliação = 1.33767

Tempo de execução: 60.0154s

---------------------------

Tamanho da população: 475
Fração elite: 0.2121
Fração mutante: 0.0442
Probabilidade herdar alelo elite: 0.6514
Número de populações independentes: 3
Troca de informação de 4 individuos a cada 241 gerações
Número de threads: 1

Largura da faixa = 742
Melhor altura = 9654

Lower Bound 1 = 7217
Lower Bound 2 = 6803
Avaliação = 1.33767

Tempo de execução: 60.0159s

---------------------------

Tamanho da população: 475
Fração elite: 0.2121
Fração mutante: 0.0442
Probabilidade herdar alelo elite: 0.6514
Número de populações independentes: 3
Troca de informação de 4 individuos a cada 241 gerações
Número de threads: 1

Largura da faixa = 742
Melhor altura = 9654

Lower Bound 1 = 7217
Lower Bound 2 = 6803
Avaliação = 1.33767

Tempo de execução: 60.0126s

---------------------------

Tamanho da população: 475
Fração elite: 0.2121
Fração mutante: 0.0442
Probabilidade herdar alelo elite: 0.6514
Número de populações independentes: 3
Troca de informação de 4 individuos a cada 241 gerações
Número de threads: 1

Largura da faixa = 742
Melhor altura = 9654

Lower Bound 1 = 7217
Lower Bound 2 = 6803
Avaliação = 1.33767

Tempo de execução: 60.0143s

---------------------------

Tamanho da população: 475
Fração elite: 0.2121
Fração mutante: 0.0442
Probabilidade herdar alelo elite: 0.6514
Número de populações independentes: 3
Troca de informação de 4 individuos a cada 241 gerações
Número de threads: 1

Largura da faixa = 742
Melhor altura = 9654

Lower Bound 1 = 7217
Lower Bound 2 = 6803
Avaliação = 1.33767

Tempo de execução: 60.0168s

---------------------------

Tamanho da população: 475
Fração elite: 0.2121
Fração mutante: 0.0442
Probabilidade herdar alelo elite: 0.6514
Número de populações independentes: 3
Troca de informação de 4 individuos a cada 241 gerações
Número de threads: 1

Largura da faixa = 742
Melhor altura = 9654

Lower Bound 1 = 7217
Lower Bound 2 = 6803
Avaliação = 1.33767

Tempo de execução: 60.0028s

---------------------------

Tamanho da população: 475
Fração elite: 0.2121
Fração mutante: 0.0442
Probabilidade herdar alelo elite: 0.6514
Número de populações independentes: 3
Troca de informação de 4 individuos a cada 241 gerações
Número de threads: 1

Largura da faixa = 742
Melhor altura = 9654

Lower Bound 1 = 7217
Lower Bound 2 = 6803
Avaliação = 1.33767

Tempo de execução: 60.0071s

---------------------------

Tamanho da população: 475
Fração elite: 0.2121
Fração mutante: 0.0442
Probabilidade herdar alelo elite: 0.6514
Número de populações independentes: 3
Troca de informação de 4 individuos a cada 241 gerações
Número de threads: 1

Largura da faixa = 742
Melhor altura = 9654

Lower Bound 1 = 7217
Lower Bound 2 = 6803
Avaliação = 1.33767

Tempo de execução: 60.0115s

---------------------------

Tamanho da população: 475
Fração elite: 0.2121
Fração mutante: 0.0442
Probabilidade herdar alelo elite: 0.6514
Número de populações independentes: 3
Troca de informação de 4 individuos a cada 241 gerações
Número de threads: 1

Largura da faixa = 742
Melhor altura = 9654

Lower Bound 1 = 7217
Lower Bound 2 = 6803
Avaliação = 1.33767

Tempo de execução: 60.0106s

---------------------------

Tamanho da população: 475
Fração elite: 0.2121
Fração mutante: 0.0442
Probabilidade herdar alelo elite: 0.6514
Número de populações independentes: 3
Troca de informação de 4 individuos a cada 241 gerações
Número de threads: 1

Largura da faixa = 742
Melhor altura = 9654

Lower Bound 1 = 7217
Lower Bound 2 = 6803
Avaliação = 1.33767

Tempo de execução: 60.0151s
