Tamanho da população: 297
Fração elite: 0.55
Fração mutante: 0.0174
Probabilidade herdar alelo elite: 0.7678
Número de populações independentes: 1
Número de threads: 1
Trocar os melhores indivíduos a cada 30 gerações
Número máximo de gerações: 279

Largura da faixa = 374
Melhor altura = 7078

Lower Bound 1 = 5360
Lower Bound 2 = 4955
Avaliação = 1.32052

Tempo de execução: 1.95655s

---------------------------

Tamanho da população: 297
Fração elite: 0.55
Fração mutante: 0.0174
Probabilidade herdar alelo elite: 0.7678
Número de populações independentes: 1
Número de threads: 1
Trocar os melhores indivíduos a cada 30 gerações
Número máximo de gerações: 279

Largura da faixa = 374
Melhor altura = 7078

Lower Bound 1 = 5360
Lower Bound 2 = 4955
Avaliação = 1.32052

Tempo de execução: 2.833s

---------------------------

Tamanho da população: 297
Fração elite: 0.55
Fração mutante: 0.0174
Probabilidade herdar alelo elite: 0.7678
Número de populações independentes: 1
Número de threads: 1
Trocar os melhores indivíduos a cada 30 gerações
Número máximo de gerações: 279

Largura da faixa = 374
Melhor altura = 7078

Lower Bound 1 = 5360
Lower Bound 2 = 4955
Avaliação = 1.32052

Tempo de execução: 3.69453s

---------------------------

Tamanho da população: 297
Fração elite: 0.55
Fração mutante: 0.0174
Probabilidade herdar alelo elite: 0.7678
Número de populações independentes: 1
Número de threads: 1
Trocar os melhores indivíduos a cada 30 gerações
Número máximo de gerações: 279

Largura da faixa = 374
Melhor altura = 7078

Lower Bound 1 = 5360
Lower Bound 2 = 4955
Avaliação = 1.32052

Tempo de execução: 3.57981s

---------------------------

Tamanho da população: 297
Fração elite: 0.55
Fração mutante: 0.0174
Probabilidade herdar alelo elite: 0.7678
Número de populações independentes: 1
Número de threads: 1
Trocar os melhores indivíduos a cada 30 gerações
Número máximo de gerações: 279

Largura da faixa = 374
Melhor altura = 7078

Lower Bound 1 = 5360
Lower Bound 2 = 4955
Avaliação = 1.32052

Tempo de execução: 3.64466s

---------------------------

Tamanho da população: 297
Fração elite: 0.55
Fração mutante: 0.0174
Probabilidade herdar alelo elite: 0.7678
Número de populações independentes: 1
Número de threads: 1
Trocar os melhores indivíduos a cada 30 gerações
Número máximo de gerações: 279

Largura da faixa = 374
Melhor altura = 7078

Lower Bound 1 = 5360
Lower Bound 2 = 4955
Avaliação = 1.32052

Tempo de execução: 3.68008s

---------------------------

Tamanho da população: 297
Fração elite: 0.55
Fração mutante: 0.0174
Probabilidade herdar alelo elite: 0.7678
Número de populações independentes: 1
Número de threads: 1
Trocar os melhores indivíduos a cada 30 gerações
Número máximo de gerações: 279

Largura da faixa = 374
Melhor altura = 7078

Lower Bound 1 = 5360
Lower Bound 2 = 4955
Avaliação = 1.32052

Tempo de execução: 3.5679s

---------------------------

Tamanho da população: 297
Fração elite: 0.55
Fração mutante: 0.0174
Probabilidade herdar alelo elite: 0.7678
Número de populações independentes: 1
Número de threads: 1
Trocar os melhores indivíduos a cada 30 gerações
Número máximo de gerações: 279

Largura da faixa = 374
Melhor altura = 7078

Lower Bound 1 = 5360
Lower Bound 2 = 4955
Avaliação = 1.32052

Tempo de execução: 3.63127s

---------------------------

Tamanho da população: 297
Fração elite: 0.55
Fração mutante: 0.0174
Probabilidade herdar alelo elite: 0.7678
Número de populações independentes: 1
Número de threads: 1
Trocar os melhores indivíduos a cada 30 gerações
Número máximo de gerações: 279

Largura da faixa = 374
Melhor altura = 7078

Lower Bound 1 = 5360
Lower Bound 2 = 4955
Avaliação = 1.32052

Tempo de execução: 3.66315s

---------------------------

Tamanho da população: 297
Fração elite: 0.55
Fração mutante: 0.0174
Probabilidade herdar alelo elite: 0.7678
Número de populações independentes: 1
Número de threads: 1
Trocar os melhores indivíduos a cada 30 gerações
Número máximo de gerações: 279

Largura da faixa = 374
Melhor altura = 7078

Lower Bound 1 = 5360
Lower Bound 2 = 4955
Avaliação = 1.32052

Tempo de execução: 3.53516s

---------------------------

Tamanho da população: 297
Fração elite: 0.55
Fração mutante: 0.0174
Probabilidade herdar alelo elite: 0.7678
Número de populações independentes: 1
Número de threads: 1
Trocar os melhores indivíduos a cada 30 gerações
Número máximo de gerações: 279

Largura da faixa = 374
Melhor altura = 7078

Lower Bound 1 = 5360
Lower Bound 2 = 4955
Avaliação = 1.32052

Tempo de execução: 3.5637s

---------------------------

Tamanho da população: 297
Fração elite: 0.55
Fração mutante: 0.0174
Probabilidade herdar alelo elite: 0.7678
Número de populações independentes: 1
Número de threads: 1
Trocar os melhores indivíduos a cada 30 gerações
Número máximo de gerações: 279

Largura da faixa = 374
Melhor altura = 7078

Lower Bound 1 = 5360
Lower Bound 2 = 4955
Avaliação = 1.32052

Tempo de execução: 3.60784s

---------------------------

Tamanho da população: 297
Fração elite: 0.55
Fração mutante: 0.0174
Probabilidade herdar alelo elite: 0.7678
Número de populações independentes: 1
Número de threads: 1
Trocar os melhores indivíduos a cada 30 gerações
Número máximo de gerações: 279

Largura da faixa = 374
Melhor altura = 7078

Lower Bound 1 = 5360
Lower Bound 2 = 4955
Avaliação = 1.32052

Tempo de execução: 3.54672s

---------------------------

Tamanho da população: 297
Fração elite: 0.55
Fração mutante: 0.0174
Probabilidade herdar alelo elite: 0.7678
Número de populações independentes: 1
Número de threads: 1
Trocar os melhores indivíduos a cada 30 gerações
Número máximo de gerações: 279

Largura da faixa = 374
Melhor altura = 7078

Lower Bound 1 = 5360
Lower Bound 2 = 4955
Avaliação = 1.32052

Tempo de execução: 3.6296s

---------------------------

Tamanho da população: 297
Fração elite: 0.55
Fração mutante: 0.0174
Probabilidade herdar alelo elite: 0.7678
Número de populações independentes: 1
Número de threads: 1
Trocar os melhores indivíduos a cada 30 gerações
Número máximo de gerações: 279

Largura da faixa = 374
Melhor altura = 7078

Lower Bound 1 = 5360
Lower Bound 2 = 4955
Avaliação = 1.32052

Tempo de execução: 3.74637s

---------------------------

Tamanho da população: 297
Fração elite: 0.55
Fração mutante: 0.0174
Probabilidade herdar alelo elite: 0.7678
Número de populações independentes: 1
Número de threads: 1
Trocar os melhores indivíduos a cada 30 gerações
Número máximo de gerações: 279

Largura da faixa = 374
Melhor altura = 7078

Lower Bound 1 = 5360
Lower Bound 2 = 4955
Avaliação = 1.32052

Tempo de execução: 3.57064s

---------------------------

Tamanho da população: 297
Fração elite: 0.55
Fração mutante: 0.0174
Probabilidade herdar alelo elite: 0.7678
Número de populações independentes: 1
Número de threads: 1
Trocar os melhores indivíduos a cada 30 gerações
Número máximo de gerações: 279

Largura da faixa = 374
Melhor altura = 7078

Lower Bound 1 = 5360
Lower Bound 2 = 4955
Avaliação = 1.32052

Tempo de execução: 3.58546s

---------------------------

Tamanho da população: 297
Fração elite: 0.55
Fração mutante: 0.0174
Probabilidade herdar alelo elite: 0.7678
Número de populações independentes: 1
Número de threads: 1
Trocar os melhores indivíduos a cada 30 gerações
Número máximo de gerações: 279

Largura da faixa = 374
Melhor altura = 7078

Lower Bound 1 = 5360
Lower Bound 2 = 4955
Avaliação = 1.32052

Tempo de execução: 3.59219s

---------------------------

Tamanho da população: 297
Fração elite: 0.55
Fração mutante: 0.0174
Probabilidade herdar alelo elite: 0.7678
Número de populações independentes: 1
Número de threads: 1
Trocar os melhores indivíduos a cada 30 gerações
Número máximo de gerações: 279

Largura da faixa = 374
Melhor altura = 7078

Lower Bound 1 = 5360
Lower Bound 2 = 4955
Avaliação = 1.32052

Tempo de execução: 1.9822s

---------------------------

Tamanho da população: 297
Fração elite: 0.55
Fração mutante: 0.0174
Probabilidade herdar alelo elite: 0.7678
Número de populações independentes: 1
Número de threads: 1
Trocar os melhores indivíduos a cada 30 gerações
Número máximo de gerações: 279

Largura da faixa = 374
Melhor altura = 7078

Lower Bound 1 = 5360
Lower Bound 2 = 4955
Avaliação = 1.32052

Tempo de execução: 2.8716s

---------------------------

Tamanho da população: 392
Fração elite: 0.2567
Fração mutante: 0.0202
Probabilidade herdar alelo elite: 0.6001
Número de populações independentes: 1
Número de threads: 1
Número máximo de gerações: 364

Largura da faixa = 374
Melhor altura = 7078

Lower Bound 1 = 5360
Lower Bound 2 = 4955
Avaliação = 1.32052

Tempo de execução: 3.66281s

---------------------------

Tamanho da população: 392
Fração elite: 0.2567
Fração mutante: 0.0202
Probabilidade herdar alelo elite: 0.6001
Número de populações independentes: 1
Número de threads: 1
Número máximo de gerações: 364

Largura da faixa = 374
Melhor altura = 7078

Lower Bound 1 = 5360
Lower Bound 2 = 4955
Avaliação = 1.32052

Tempo de execução: 3.68892s

---------------------------

Tamanho da população: 392
Fração elite: 0.2567
Fração mutante: 0.0202
Probabilidade herdar alelo elite: 0.6001
Número de populações independentes: 1
Número de threads: 1
Número máximo de gerações: 364

Largura da faixa = 374
Melhor altura = 7078

Lower Bound 1 = 5360
Lower Bound 2 = 4955
Avaliação = 1.32052

Tempo de execução: 3.73197s

---------------------------

Tamanho da população: 392
Fração elite: 0.2567
Fração mutante: 0.0202
Probabilidade herdar alelo elite: 0.6001
Número de populações independentes: 1
Número de threads: 1
Número máximo de gerações: 364

Largura da faixa = 374
Melhor altura = 7078

Lower Bound 1 = 5360
Lower Bound 2 = 4955
Avaliação = 1.32052

Tempo de execução: 3.67759s

---------------------------

Tamanho da população: 392
Fração elite: 0.2567
Fração mutante: 0.0202
Probabilidade herdar alelo elite: 0.6001
Número de populações independentes: 1
Número de threads: 1
Número máximo de gerações: 364

Largura da faixa = 374
Melhor altura = 7078

Lower Bound 1 = 5360
Lower Bound 2 = 4955
Avaliação = 1.32052

Tempo de execução: 3.69899s

---------------------------

Tamanho da população: 392
Fração elite: 0.2567
Fração mutante: 0.0202
Probabilidade herdar alelo elite: 0.6001
Número de populações independentes: 1
Número de threads: 1
Número máximo de gerações: 364

Largura da faixa = 374
Melhor altura = 7078

Lower Bound 1 = 5360
Lower Bound 2 = 4955
Avaliação = 1.32052

Tempo de execução: 3.7346s

---------------------------

Tamanho da população: 392
Fração elite: 0.2567
Fração mutante: 0.0202
Probabilidade herdar alelo elite: 0.6001
Número de populações independentes: 1
Número de threads: 1
Número máximo de gerações: 364

Largura da faixa = 374
Melhor altura = 7078

Lower Bound 1 = 5360
Lower Bound 2 = 4955
Avaliação = 1.32052

Tempo de execução: 3.63916s

---------------------------

Tamanho da população: 392
Fração elite: 0.2567
Fração mutante: 0.0202
Probabilidade herdar alelo elite: 0.6001
Número de populações independentes: 1
Número de threads: 1
Número máximo de gerações: 364

Largura da faixa = 374
Melhor altura = 7078

Lower Bound 1 = 5360
Lower Bound 2 = 4955
Avaliação = 1.32052

Tempo de execução: 3.7224s

---------------------------

Tamanho da população: 392
Fração elite: 0.2567
Fração mutante: 0.0202
Probabilidade herdar alelo elite: 0.6001
Número de populações independentes: 1
Número de threads: 1
Número máximo de gerações: 364

Largura da faixa = 374
Melhor altura = 7078

Lower Bound 1 = 5360
Lower Bound 2 = 4955
Avaliação = 1.32052

Tempo de execução: 3.78133s

---------------------------

Tamanho da população: 392
Fração elite: 0.2567
Fração mutante: 0.0202
Probabilidade herdar alelo elite: 0.6001
Número de populações independentes: 1
Número de threads: 1
Número máximo de gerações: 364

Largura da faixa = 374
Melhor altura = 7078

Lower Bound 1 = 5360
Lower Bound 2 = 4955
Avaliação = 1.32052

Tempo de execução: 3.67863s

---------------------------

Tamanho da população: 392
Fração elite: 0.2567
Fração mutante: 0.0202
Probabilidade herdar alelo elite: 0.6001
Número de populações independentes: 1
Número de threads: 1
Número máximo de gerações: 364

Largura da faixa = 374
Melhor altura = 7078

Lower Bound 1 = 5360
Lower Bound 2 = 4955
Avaliação = 1.32052

Tempo de execução: 3.68871s

---------------------------

Tamanho da população: 392
Fração elite: 0.2567
Fração mutante: 0.0202
Probabilidade herdar alelo elite: 0.6001
Número de populações independentes: 1
Número de threads: 1
Número máximo de gerações: 364

Largura da faixa = 374
Melhor altura = 7078

Lower Bound 1 = 5360
Lower Bound 2 = 4955
Avaliação = 1.32052

Tempo de execução: 3.7416s

---------------------------

Tamanho da população: 392
Fração elite: 0.2567
Fração mutante: 0.0202
Probabilidade herdar alelo elite: 0.6001
Número de populações independentes: 1
Número de threads: 1
Número máximo de gerações: 364

Largura da faixa = 374
Melhor altura = 7078

Lower Bound 1 = 5360
Lower Bound 2 = 4955
Avaliação = 1.32052

Tempo de execução: 3.65909s

---------------------------

Tamanho da população: 392
Fração elite: 0.2567
Fração mutante: 0.0202
Probabilidade herdar alelo elite: 0.6001
Número de populações independentes: 1
Número de threads: 1
Número máximo de gerações: 364

Largura da faixa = 374
Melhor altura = 7078

Lower Bound 1 = 5360
Lower Bound 2 = 4955
Avaliação = 1.32052

Tempo de execução: 3.75121s

---------------------------

Tamanho da população: 392
Fração elite: 0.2567
Fração mutante: 0.0202
Probabilidade herdar alelo elite: 0.6001
Número de populações independentes: 1
Número de threads: 1
Número máximo de gerações: 364

Largura da faixa = 374
Melhor altura = 7078

Lower Bound 1 = 5360
Lower Bound 2 = 4955
Avaliação = 1.32052

Tempo de execução: 3.81781s

---------------------------

Tamanho da população: 392
Fração elite: 0.2567
Fração mutante: 0.0202
Probabilidade herdar alelo elite: 0.6001
Número de populações independentes: 1
Número de threads: 1
Número máximo de gerações: 364

Largura da faixa = 374
Melhor altura = 7078

Lower Bound 1 = 5360
Lower Bound 2 = 4955
Avaliação = 1.32052

Tempo de execução: 3.65138s

---------------------------

Tamanho da população: 392
Fração elite: 0.2567
Fração mutante: 0.0202
Probabilidade herdar alelo elite: 0.6001
Número de populações independentes: 1
Número de threads: 1
Número máximo de gerações: 364

Largura da faixa = 374
Melhor altura = 7078

Lower Bound 1 = 5360
Lower Bound 2 = 4955
Avaliação = 1.32052

Tempo de execução: 3.67794s

---------------------------

Tamanho da população: 392
Fração elite: 0.2567
Fração mutante: 0.0202
Probabilidade herdar alelo elite: 0.6001
Número de populações independentes: 1
Número de threads: 1
Número máximo de gerações: 364

Largura da faixa = 374
Melhor altura = 7078

Lower Bound 1 = 5360
Lower Bound 2 = 4955
Avaliação = 1.32052

Tempo de execução: 3.68815s

---------------------------

Tamanho da população: 392
Fração elite: 0.2567
Fração mutante: 0.0202
Probabilidade herdar alelo elite: 0.6001
Número de populações independentes: 1
Número de threads: 1
Número máximo de gerações: 364

Largura da faixa = 374
Melhor altura = 7078

Lower Bound 1 = 5360
Lower Bound 2 = 4955
Avaliação = 1.32052

Tempo de execução: 3.61128s

---------------------------

Tamanho da população: 392
Fração elite: 0.2567
Fração mutante: 0.0202
Probabilidade herdar alelo elite: 0.6001
Número de populações independentes: 1
Número de threads: 1
Número máximo de gerações: 364

Largura da faixa = 374
Melhor altura = 7078

Lower Bound 1 = 5360
Lower Bound 2 = 4955
Avaliação = 1.32052

Tempo de execução: 3.67648s

---------------------------

