Tamanho da população: 297
Fração elite: 0.55
Fração mutante: 0.0174
Probabilidade herdar alelo elite: 0.7678
Número de populações independentes: 1
Número de threads: 1
Trocar os melhores indivíduos a cada 30 gerações
Número máximo de gerações: 279

Largura da faixa = 745
Melhor altura = 12227

Lower Bound 1 = 8773
Lower Bound 2 = 7902
Avaliação = 1.39371

Tempo de execução: 2.13766s

---------------------------

Tamanho da população: 297
Fração elite: 0.55
Fração mutante: 0.0174
Probabilidade herdar alelo elite: 0.7678
Número de populações independentes: 1
Número de threads: 1
Trocar os melhores indivíduos a cada 30 gerações
Número máximo de gerações: 279

Largura da faixa = 745
Melhor altura = 12227

Lower Bound 1 = 8773
Lower Bound 2 = 7902
Avaliação = 1.39371

Tempo de execução: 2.62142s

---------------------------

Tamanho da população: 297
Fração elite: 0.55
Fração mutante: 0.0174
Probabilidade herdar alelo elite: 0.7678
Número de populações independentes: 1
Número de threads: 1
Trocar os melhores indivíduos a cada 30 gerações
Número máximo de gerações: 279

Largura da faixa = 745
Melhor altura = 12227

Lower Bound 1 = 8773
Lower Bound 2 = 7902
Avaliação = 1.39371

Tempo de execução: 3.07278s

---------------------------

Tamanho da população: 297
Fração elite: 0.55
Fração mutante: 0.0174
Probabilidade herdar alelo elite: 0.7678
Número de populações independentes: 1
Número de threads: 1
Trocar os melhores indivíduos a cada 30 gerações
Número máximo de gerações: 279

Largura da faixa = 745
Melhor altura = 12227

Lower Bound 1 = 8773
Lower Bound 2 = 7902
Avaliação = 1.39371

Tempo de execução: 3.59009s

---------------------------

Tamanho da população: 297
Fração elite: 0.55
Fração mutante: 0.0174
Probabilidade herdar alelo elite: 0.7678
Número de populações independentes: 1
Número de threads: 1
Trocar os melhores indivíduos a cada 30 gerações
Número máximo de gerações: 279

Largura da faixa = 745
Melhor altura = 12227

Lower Bound 1 = 8773
Lower Bound 2 = 7902
Avaliação = 1.39371

Tempo de execução: 3.74379s

---------------------------

Tamanho da população: 297
Fração elite: 0.55
Fração mutante: 0.0174
Probabilidade herdar alelo elite: 0.7678
Número de populações independentes: 1
Número de threads: 1
Trocar os melhores indivíduos a cada 30 gerações
Número máximo de gerações: 279

Largura da faixa = 745
Melhor altura = 12227

Lower Bound 1 = 8773
Lower Bound 2 = 7902
Avaliação = 1.39371

Tempo de execução: 4.00295s

---------------------------

Tamanho da população: 297
Fração elite: 0.55
Fração mutante: 0.0174
Probabilidade herdar alelo elite: 0.7678
Número de populações independentes: 1
Número de threads: 1
Trocar os melhores indivíduos a cada 30 gerações
Número máximo de gerações: 279

Largura da faixa = 745
Melhor altura = 12227

Lower Bound 1 = 8773
Lower Bound 2 = 7902
Avaliação = 1.39371

Tempo de execução: 3.45925s

---------------------------

Tamanho da população: 297
Fração elite: 0.55
Fração mutante: 0.0174
Probabilidade herdar alelo elite: 0.7678
Número de populações independentes: 1
Número de threads: 1
Trocar os melhores indivíduos a cada 30 gerações
Número máximo de gerações: 279

Largura da faixa = 745
Melhor altura = 12227

Lower Bound 1 = 8773
Lower Bound 2 = 7902
Avaliação = 1.39371

Tempo de execução: 3.6687s

---------------------------

Tamanho da população: 297
Fração elite: 0.55
Fração mutante: 0.0174
Probabilidade herdar alelo elite: 0.7678
Número de populações independentes: 1
Número de threads: 1
Trocar os melhores indivíduos a cada 30 gerações
Número máximo de gerações: 279

Largura da faixa = 745
Melhor altura = 12227

Lower Bound 1 = 8773
Lower Bound 2 = 7902
Avaliação = 1.39371

Tempo de execução: 3.83385s

---------------------------

Tamanho da população: 297
Fração elite: 0.55
Fração mutante: 0.0174
Probabilidade herdar alelo elite: 0.7678
Número de populações independentes: 1
Número de threads: 1
Trocar os melhores indivíduos a cada 30 gerações
Número máximo de gerações: 279

Largura da faixa = 745
Melhor altura = 12227

Lower Bound 1 = 8773
Lower Bound 2 = 7902
Avaliação = 1.39371

Tempo de execução: 2.09541s

---------------------------

Tamanho da população: 297
Fração elite: 0.55
Fração mutante: 0.0174
Probabilidade herdar alelo elite: 0.7678
Número de populações independentes: 1
Número de threads: 1
Trocar os melhores indivíduos a cada 30 gerações
Número máximo de gerações: 279

Largura da faixa = 745
Melhor altura = 12227

Lower Bound 1 = 8773
Lower Bound 2 = 7902
Avaliação = 1.39371

Tempo de execução: 2.7412s

---------------------------

Tamanho da população: 297
Fração elite: 0.55
Fração mutante: 0.0174
Probabilidade herdar alelo elite: 0.7678
Número de populações independentes: 1
Número de threads: 1
Trocar os melhores indivíduos a cada 30 gerações
Número máximo de gerações: 279

Largura da faixa = 745
Melhor altura = 12227

Lower Bound 1 = 8773
Lower Bound 2 = 7902
Avaliação = 1.39371

Tempo de execução: 3.08013s

---------------------------

Tamanho da população: 297
Fração elite: 0.55
Fração mutante: 0.0174
Probabilidade herdar alelo elite: 0.7678
Número de populações independentes: 1
Número de threads: 1
Trocar os melhores indivíduos a cada 30 gerações
Número máximo de gerações: 279

Largura da faixa = 745
Melhor altura = 12227

Lower Bound 1 = 8773
Lower Bound 2 = 7902
Avaliação = 1.39371

Tempo de execução: 2.11874s

---------------------------

Tamanho da população: 297
Fração elite: 0.55
Fração mutante: 0.0174
Probabilidade herdar alelo elite: 0.7678
Número de populações independentes: 1
Número de threads: 1
Trocar os melhores indivíduos a cada 30 gerações
Número máximo de gerações: 279

Largura da faixa = 745
Melhor altura = 12227

Lower Bound 1 = 8773
Lower Bound 2 = 7902
Avaliação = 1.39371

Tempo de execução: 2.76398s

---------------------------

Tamanho da população: 297
Fração elite: 0.55
Fração mutante: 0.0174
Probabilidade herdar alelo elite: 0.7678
Número de populações independentes: 1
Número de threads: 1
Trocar os melhores indivíduos a cada 30 gerações
Número máximo de gerações: 279

Largura da faixa = 745
Melhor altura = 12227

Lower Bound 1 = 8773
Lower Bound 2 = 7902
Avaliação = 1.39371

Tempo de execução: 3.03193s

---------------------------

Tamanho da população: 297
Fração elite: 0.55
Fração mutante: 0.0174
Probabilidade herdar alelo elite: 0.7678
Número de populações independentes: 1
Número de threads: 1
Trocar os melhores indivíduos a cada 30 gerações
Número máximo de gerações: 279

Largura da faixa = 745
Melhor altura = 12227

Lower Bound 1 = 8773
Lower Bound 2 = 7902
Avaliação = 1.39371

Tempo de execução: 2.12976s

---------------------------

Tamanho da população: 297
Fração elite: 0.55
Fração mutante: 0.0174
Probabilidade herdar alelo elite: 0.7678
Número de populações independentes: 1
Número de threads: 1
Trocar os melhores indivíduos a cada 30 gerações
Número máximo de gerações: 279

Largura da faixa = 745
Melhor altura = 12227

Lower Bound 1 = 8773
Lower Bound 2 = 7902
Avaliação = 1.39371

Tempo de execução: 2.21007s

---------------------------

Tamanho da população: 297
Fração elite: 0.55
Fração mutante: 0.0174
Probabilidade herdar alelo elite: 0.7678
Número de populações independentes: 1
Número de threads: 1
Trocar os melhores indivíduos a cada 30 gerações
Número máximo de gerações: 279

Largura da faixa = 745
Melhor altura = 12227

Lower Bound 1 = 8773
Lower Bound 2 = 7902
Avaliação = 1.39371

Tempo de execução: 3.6639s

---------------------------

Tamanho da população: 297
Fração elite: 0.55
Fração mutante: 0.0174
Probabilidade herdar alelo elite: 0.7678
Número de populações independentes: 1
Número de threads: 1
Trocar os melhores indivíduos a cada 30 gerações
Número máximo de gerações: 279

Largura da faixa = 745
Melhor altura = 12227

Lower Bound 1 = 8773
Lower Bound 2 = 7902
Avaliação = 1.39371

Tempo de execução: 2.80138s

---------------------------

Tamanho da população: 297
Fração elite: 0.55
Fração mutante: 0.0174
Probabilidade herdar alelo elite: 0.7678
Número de populações independentes: 1
Número de threads: 1
Trocar os melhores indivíduos a cada 30 gerações
Número máximo de gerações: 279

Largura da faixa = 745
Melhor altura = 12227

Lower Bound 1 = 8773
Lower Bound 2 = 7902
Avaliação = 1.39371

Tempo de execução: 3.40153s

---------------------------

Tamanho da população: 392
Fração elite: 0.2567
Fração mutante: 0.0202
Probabilidade herdar alelo elite: 0.6001
Número de populações independentes: 1
Número de threads: 1
Número máximo de gerações: 364

Largura da faixa = 745
Melhor altura = 12227

Lower Bound 1 = 8773
Lower Bound 2 = 7902
Avaliação = 1.39371

Tempo de execução: 4.04453s

---------------------------

Tamanho da população: 392
Fração elite: 0.2567
Fração mutante: 0.0202
Probabilidade herdar alelo elite: 0.6001
Número de populações independentes: 1
Número de threads: 1
Número máximo de gerações: 364

Largura da faixa = 745
Melhor altura = 12227

Lower Bound 1 = 8773
Lower Bound 2 = 7902
Avaliação = 1.39371

Tempo de execução: 4.05597s

---------------------------

Tamanho da população: 392
Fração elite: 0.2567
Fração mutante: 0.0202
Probabilidade herdar alelo elite: 0.6001
Número de populações independentes: 1
Número de threads: 1
Número máximo de gerações: 364

Largura da faixa = 745
Melhor altura = 12227

Lower Bound 1 = 8773
Lower Bound 2 = 7902
Avaliação = 1.39371

Tempo de execução: 4.09406s

---------------------------

Tamanho da população: 392
Fração elite: 0.2567
Fração mutante: 0.0202
Probabilidade herdar alelo elite: 0.6001
Número de populações independentes: 1
Número de threads: 1
Número máximo de gerações: 364

Largura da faixa = 745
Melhor altura = 12227

Lower Bound 1 = 8773
Lower Bound 2 = 7902
Avaliação = 1.39371

Tempo de execução: 4.04777s

---------------------------

Tamanho da população: 392
Fração elite: 0.2567
Fração mutante: 0.0202
Probabilidade herdar alelo elite: 0.6001
Número de populações independentes: 1
Número de threads: 1
Número máximo de gerações: 364

Largura da faixa = 745
Melhor altura = 12227

Lower Bound 1 = 8773
Lower Bound 2 = 7902
Avaliação = 1.39371

Tempo de execução: 4.10679s

---------------------------

Tamanho da população: 392
Fração elite: 0.2567
Fração mutante: 0.0202
Probabilidade herdar alelo elite: 0.6001
Número de populações independentes: 1
Número de threads: 1
Número máximo de gerações: 364

Largura da faixa = 745
Melhor altura = 12227

Lower Bound 1 = 8773
Lower Bound 2 = 7902
Avaliação = 1.39371

Tempo de execução: 4.13776s

---------------------------

Tamanho da população: 392
Fração elite: 0.2567
Fração mutante: 0.0202
Probabilidade herdar alelo elite: 0.6001
Número de populações independentes: 1
Número de threads: 1
Número máximo de gerações: 364

Largura da faixa = 745
Melhor altura = 12227

Lower Bound 1 = 8773
Lower Bound 2 = 7902
Avaliação = 1.39371

Tempo de execução: 4.03764s

---------------------------

Tamanho da população: 392
Fração elite: 0.2567
Fração mutante: 0.0202
Probabilidade herdar alelo elite: 0.6001
Número de populações independentes: 1
Número de threads: 1
Número máximo de gerações: 364

Largura da faixa = 745
Melhor altura = 12227

Lower Bound 1 = 8773
Lower Bound 2 = 7902
Avaliação = 1.39371

Tempo de execução: 4.05992s

---------------------------

Tamanho da população: 392
Fração elite: 0.2567
Fração mutante: 0.0202
Probabilidade herdar alelo elite: 0.6001
Número de populações independentes: 1
Número de threads: 1
Número máximo de gerações: 364

Largura da faixa = 745
Melhor altura = 12227

Lower Bound 1 = 8773
Lower Bound 2 = 7902
Avaliação = 1.39371

Tempo de execução: 4.18165s

---------------------------

Tamanho da população: 392
Fração elite: 0.2567
Fração mutante: 0.0202
Probabilidade herdar alelo elite: 0.6001
Número de populações independentes: 1
Número de threads: 1
Número máximo de gerações: 364

Largura da faixa = 745
Melhor altura = 12227

Lower Bound 1 = 8773
Lower Bound 2 = 7902
Avaliação = 1.39371

Tempo de execução: 4.02107s

---------------------------

Tamanho da população: 392
Fração elite: 0.2567
Fração mutante: 0.0202
Probabilidade herdar alelo elite: 0.6001
Número de populações independentes: 1
Número de threads: 1
Número máximo de gerações: 364

Largura da faixa = 745
Melhor altura = 12227

Lower Bound 1 = 8773
Lower Bound 2 = 7902
Avaliação = 1.39371

Tempo de execução: 4.05697s

---------------------------

Tamanho da população: 392
Fração elite: 0.2567
Fração mutante: 0.0202
Probabilidade herdar alelo elite: 0.6001
Número de populações independentes: 1
Número de threads: 1
Número máximo de gerações: 364

Largura da faixa = 745
Melhor altura = 12227

Lower Bound 1 = 8773
Lower Bound 2 = 7902
Avaliação = 1.39371

Tempo de execução: 4.2061s

---------------------------

Tamanho da população: 392
Fração elite: 0.2567
Fração mutante: 0.0202
Probabilidade herdar alelo elite: 0.6001
Número de populações independentes: 1
Número de threads: 1
Número máximo de gerações: 364

Largura da faixa = 745
Melhor altura = 12227

Lower Bound 1 = 8773
Lower Bound 2 = 7902
Avaliação = 1.39371

Tempo de execução: 4.0594s

---------------------------

Tamanho da população: 392
Fração elite: 0.2567
Fração mutante: 0.0202
Probabilidade herdar alelo elite: 0.6001
Número de populações independentes: 1
Número de threads: 1
Número máximo de gerações: 364

Largura da faixa = 745
Melhor altura = 12227

Lower Bound 1 = 8773
Lower Bound 2 = 7902
Avaliação = 1.39371

Tempo de execução: 4.08634s

---------------------------

Tamanho da população: 392
Fração elite: 0.2567
Fração mutante: 0.0202
Probabilidade herdar alelo elite: 0.6001
Número de populações independentes: 1
Número de threads: 1
Número máximo de gerações: 364

Largura da faixa = 745
Melhor altura = 12227

Lower Bound 1 = 8773
Lower Bound 2 = 7902
Avaliação = 1.39371

Tempo de execução: 4.09774s

---------------------------

Tamanho da população: 392
Fração elite: 0.2567
Fração mutante: 0.0202
Probabilidade herdar alelo elite: 0.6001
Número de populações independentes: 1
Número de threads: 1
Número máximo de gerações: 364

Largura da faixa = 745
Melhor altura = 12227

Lower Bound 1 = 8773
Lower Bound 2 = 7902
Avaliação = 1.39371

Tempo de execução: 4.02898s

---------------------------

Tamanho da população: 392
Fração elite: 0.2567
Fração mutante: 0.0202
Probabilidade herdar alelo elite: 0.6001
Número de populações independentes: 1
Número de threads: 1
Número máximo de gerações: 364

Largura da faixa = 745
Melhor altura = 12227

Lower Bound 1 = 8773
Lower Bound 2 = 7902
Avaliação = 1.39371

Tempo de execução: 4.08592s

---------------------------

Tamanho da população: 392
Fração elite: 0.2567
Fração mutante: 0.0202
Probabilidade herdar alelo elite: 0.6001
Número de populações independentes: 1
Número de threads: 1
Número máximo de gerações: 364

Largura da faixa = 745
Melhor altura = 12227

Lower Bound 1 = 8773
Lower Bound 2 = 7902
Avaliação = 1.39371

Tempo de execução: 4.12008s

---------------------------

Tamanho da população: 392
Fração elite: 0.2567
Fração mutante: 0.0202
Probabilidade herdar alelo elite: 0.6001
Número de populações independentes: 1
Número de threads: 1
Número máximo de gerações: 364

Largura da faixa = 745
Melhor altura = 12227

Lower Bound 1 = 8773
Lower Bound 2 = 7902
Avaliação = 1.39371

Tempo de execução: 3.95665s

---------------------------

Tamanho da população: 392
Fração elite: 0.2567
Fração mutante: 0.0202
Probabilidade herdar alelo elite: 0.6001
Número de populações independentes: 1
Número de threads: 1
Número máximo de gerações: 364

Largura da faixa = 745
Melhor altura = 12227

Lower Bound 1 = 8773
Lower Bound 2 = 7902
Avaliação = 1.39371

Tempo de execução: 4.01095s

---------------------------

