Tamanho da população: 475
Fração elite: 0.2121
Fração mutante: 0.0442
Probabilidade herdar alelo elite: 0.6514
Número de populações independentes: 3
Troca de informação de 4 individuos a cada 241 gerações
Número de threads: 1

Largura da faixa = 1890
Melhor altura = 8665

Lower Bound 1 = 7574
Lower Bound 2 = 1890
Avaliação = 1.14405

Tempo de execução: 60.0149s

---------------------------

Tamanho da população: 475
Fração elite: 0.2121
Fração mutante: 0.0442
Probabilidade herdar alelo elite: 0.6514
Número de populações independentes: 3
Troca de informação de 4 individuos a cada 241 gerações
Número de threads: 1

Largura da faixa = 1890
Melhor altura = 8687

Lower Bound 1 = 7574
Lower Bound 2 = 1890
Avaliação = 1.14695

Tempo de execução: 60.0216s

---------------------------

Tamanho da população: 475
Fração elite: 0.2121
Fração mutante: 0.0442
Probabilidade herdar alelo elite: 0.6514
Número de populações independentes: 3
Troca de informação de 4 individuos a cada 241 gerações
Número de threads: 1

Largura da faixa = 1890
Melhor altura = 8683

Lower Bound 1 = 7574
Lower Bound 2 = 1890
Avaliação = 1.14642

Tempo de execução: 60.0292s

---------------------------

Tamanho da população: 475
Fração elite: 0.2121
Fração mutante: 0.0442
Probabilidade herdar alelo elite: 0.6514
Número de populações independentes: 3
Troca de informação de 4 individuos a cada 241 gerações
Número de threads: 1

Largura da faixa = 1890
Melhor altura = 8657

Lower Bound 1 = 7574
Lower Bound 2 = 1890
Avaliação = 1.14299

Tempo de execução: 60.0087s

---------------------------

Tamanho da população: 475
Fração elite: 0.2121
Fração mutante: 0.0442
Probabilidade herdar alelo elite: 0.6514
Número de populações independentes: 3
Troca de informação de 4 individuos a cada 241 gerações
Número de threads: 1

Largura da faixa = 1890
Melhor altura = 8694

Lower Bound 1 = 7574
Lower Bound 2 = 1890
Avaliação = 1.14787

Tempo de execução: 60.0194s

---------------------------

Tamanho da população: 475
Fração elite: 0.2121
Fração mutante: 0.0442
Probabilidade herdar alelo elite: 0.6514
Número de populações independentes: 3
Troca de informação de 4 individuos a cada 241 gerações
Número de threads: 1

Largura da faixa = 1890
Melhor altura = 8694

Lower Bound 1 = 7574
Lower Bound 2 = 1890
Avaliação = 1.14787

Tempo de execução: 60.0387s

---------------------------

Tamanho da população: 475
Fração elite: 0.2121
Fração mutante: 0.0442
Probabilidade herdar alelo elite: 0.6514
Número de populações independentes: 3
Troca de informação de 4 individuos a cada 241 gerações
Número de threads: 1

Largura da faixa = 1890
Melhor altura = 8683

Lower Bound 1 = 7574
Lower Bound 2 = 1890
Avaliação = 1.14642

Tempo de execução: 60.0012s

---------------------------

Tamanho da população: 475
Fração elite: 0.2121
Fração mutante: 0.0442
Probabilidade herdar alelo elite: 0.6514
Número de populações independentes: 3
Troca de informação de 4 individuos a cada 241 gerações
Número de threads: 1

Largura da faixa = 1890
Melhor altura = 8683

Lower Bound 1 = 7574
Lower Bound 2 = 1890
Avaliação = 1.14642

Tempo de execução: 60.0257s

---------------------------

Tamanho da população: 475
Fração elite: 0.2121
Fração mutante: 0.0442
Probabilidade herdar alelo elite: 0.6514
Número de populações independentes: 3
Troca de informação de 4 individuos a cada 241 gerações
Número de threads: 1

Largura da faixa = 1890
Melhor altura = 8683

Lower Bound 1 = 7574
Lower Bound 2 = 1890
Avaliação = 1.14642

Tempo de execução: 60.0263s

---------------------------

Tamanho da população: 475
Fração elite: 0.2121
Fração mutante: 0.0442
Probabilidade herdar alelo elite: 0.6514
Número de populações independentes: 3
Troca de informação de 4 individuos a cada 241 gerações
Número de threads: 1

Largura da faixa = 1890
Melhor altura = 8714

Lower Bound 1 = 7574
Lower Bound 2 = 1890
Avaliação = 1.15051

Tempo de execução: 60.0026s

---------------------------

Tamanho da população: 475
Fração elite: 0.2121
Fração mutante: 0.0442
Probabilidade herdar alelo elite: 0.6514
Número de populações independentes: 3
Troca de informação de 4 individuos a cada 241 gerações
Número de threads: 1

Largura da faixa = 1890
Melhor altura = 8719

Lower Bound 1 = 7574
Lower Bound 2 = 1890
Avaliação = 1.15118

Tempo de execução: 60.0081s

---------------------------

Tamanho da população: 475
Fração elite: 0.2121
Fração mutante: 0.0442
Probabilidade herdar alelo elite: 0.6514
Número de populações independentes: 3
Troca de informação de 4 individuos a cada 241 gerações
Número de threads: 1

Largura da faixa = 1890
Melhor altura = 8660

Lower Bound 1 = 7574
Lower Bound 2 = 1890
Avaliação = 1.14339

Tempo de execução: 60.0225s

---------------------------

Tamanho da população: 475
Fração elite: 0.2121
Fração mutante: 0.0442
Probabilidade herdar alelo elite: 0.6514
Número de populações independentes: 3
Troca de informação de 4 individuos a cada 241 gerações
Número de threads: 1

Largura da faixa = 1890
Melhor altura = 8680

Lower Bound 1 = 7574
Lower Bound 2 = 1890
Avaliação = 1.14603

Tempo de execução: 60.0088s

---------------------------

Tamanho da população: 475
Fração elite: 0.2121
Fração mutante: 0.0442
Probabilidade herdar alelo elite: 0.6514
Número de populações independentes: 3
Troca de informação de 4 individuos a cada 241 gerações
Número de threads: 1

Largura da faixa = 1890
Melhor altura = 8683

Lower Bound 1 = 7574
Lower Bound 2 = 1890
Avaliação = 1.14642

Tempo de execução: 60.0302s

---------------------------

Tamanho da população: 475
Fração elite: 0.2121
Fração mutante: 0.0442
Probabilidade herdar alelo elite: 0.6514
Número de populações independentes: 3
Troca de informação de 4 individuos a cada 241 gerações
Número de threads: 1

Largura da faixa = 1890
Melhor altura = 8719

Lower Bound 1 = 7574
Lower Bound 2 = 1890
Avaliação = 1.15118

Tempo de execução: 60.046s

---------------------------

Tamanho da população: 475
Fração elite: 0.2121
Fração mutante: 0.0442
Probabilidade herdar alelo elite: 0.6514
Número de populações independentes: 3
Troca de informação de 4 individuos a cada 241 gerações
Número de threads: 1

Largura da faixa = 1890
Melhor altura = 8660

Lower Bound 1 = 7574
Lower Bound 2 = 1890
Avaliação = 1.14339

Tempo de execução: 60.001s

---------------------------

Tamanho da população: 475
Fração elite: 0.2121
Fração mutante: 0.0442
Probabilidade herdar alelo elite: 0.6514
Número de populações independentes: 3
Troca de informação de 4 individuos a cada 241 gerações
Número de threads: 1

Largura da faixa = 1890
Melhor altura = 8678

Lower Bound 1 = 7574
Lower Bound 2 = 1890
Avaliação = 1.14576

Tempo de execução: 60.0146s

---------------------------

Tamanho da população: 475
Fração elite: 0.2121
Fração mutante: 0.0442
Probabilidade herdar alelo elite: 0.6514
Número de populações independentes: 3
Troca de informação de 4 individuos a cada 241 gerações
Número de threads: 1

Largura da faixa = 1890
Melhor altura = 8692

Lower Bound 1 = 7574
Lower Bound 2 = 1890
Avaliação = 1.14761

Tempo de execução: 60.0508s

---------------------------

Tamanho da população: 475
Fração elite: 0.2121
Fração mutante: 0.0442
Probabilidade herdar alelo elite: 0.6514
Número de populações independentes: 3
Troca de informação de 4 individuos a cada 241 gerações
Número de threads: 1

Largura da faixa = 1890
Melhor altura = 8689

Lower Bound 1 = 7574
Lower Bound 2 = 1890
Avaliação = 1.14721

Tempo de execução: 60.0274s

---------------------------

Tamanho da população: 475
Fração elite: 0.2121
Fração mutante: 0.0442
Probabilidade herdar alelo elite: 0.6514
Número de populações independentes: 3
Troca de informação de 4 individuos a cada 241 gerações
Número de threads: 1

Largura da faixa = 1890
Melhor altura = 8668

Lower Bound 1 = 7574
Lower Bound 2 = 1890
Avaliação = 1.14444

Tempo de execução: 60.0388s
