Tamanho da população: 297
Fração elite: 0.55
Fração mutante: 0.0174
Probabilidade herdar alelo elite: 0.7678
Número de populações independentes: 1
Número de threads: 1
Trocar os melhores indivíduos a cada 30 gerações
Número máximo de gerações: 279

Largura da faixa = 184
Melhor altura = 1086

Lower Bound 1 = 888
Lower Bound 2 = 746
Avaliação = 1.22297

Tempo de execução: 0.650417s

---------------------------

Tamanho da população: 297
Fração elite: 0.55
Fração mutante: 0.0174
Probabilidade herdar alelo elite: 0.7678
Número de populações independentes: 1
Número de threads: 1
Trocar os melhores indivíduos a cada 30 gerações
Número máximo de gerações: 279

Largura da faixa = 184
Melhor altura = 1086

Lower Bound 1 = 888
Lower Bound 2 = 746
Avaliação = 1.22297

Tempo de execução: 0.774228s

---------------------------

Tamanho da população: 297
Fração elite: 0.55
Fração mutante: 0.0174
Probabilidade herdar alelo elite: 0.7678
Número de populações independentes: 1
Número de threads: 1
Trocar os melhores indivíduos a cada 30 gerações
Número máximo de gerações: 279

Largura da faixa = 184
Melhor altura = 1086

Lower Bound 1 = 888
Lower Bound 2 = 746
Avaliação = 1.22297

Tempo de execução: 0.78381s

---------------------------

Tamanho da população: 297
Fração elite: 0.55
Fração mutante: 0.0174
Probabilidade herdar alelo elite: 0.7678
Número de populações independentes: 1
Número de threads: 1
Trocar os melhores indivíduos a cada 30 gerações
Número máximo de gerações: 279

Largura da faixa = 184
Melhor altura = 1086

Lower Bound 1 = 888
Lower Bound 2 = 746
Avaliação = 1.22297

Tempo de execução: 0.503675s

---------------------------

Tamanho da população: 297
Fração elite: 0.55
Fração mutante: 0.0174
Probabilidade herdar alelo elite: 0.7678
Número de populações independentes: 1
Número de threads: 1
Trocar os melhores indivíduos a cada 30 gerações
Número máximo de gerações: 279

Largura da faixa = 184
Melhor altura = 1086

Lower Bound 1 = 888
Lower Bound 2 = 746
Avaliação = 1.22297

Tempo de execução: 0.673208s

---------------------------

Tamanho da população: 297
Fração elite: 0.55
Fração mutante: 0.0174
Probabilidade herdar alelo elite: 0.7678
Número de populações independentes: 1
Número de threads: 1
Trocar os melhores indivíduos a cada 30 gerações
Número máximo de gerações: 279

Largura da faixa = 184
Melhor altura = 1086

Lower Bound 1 = 888
Lower Bound 2 = 746
Avaliação = 1.22297

Tempo de execução: 0.771508s

---------------------------

Tamanho da população: 297
Fração elite: 0.55
Fração mutante: 0.0174
Probabilidade herdar alelo elite: 0.7678
Número de populações independentes: 1
Número de threads: 1
Trocar os melhores indivíduos a cada 30 gerações
Número máximo de gerações: 279

Largura da faixa = 184
Melhor altura = 1086

Lower Bound 1 = 888
Lower Bound 2 = 746
Avaliação = 1.22297

Tempo de execução: 0.73033s

---------------------------

Tamanho da população: 297
Fração elite: 0.55
Fração mutante: 0.0174
Probabilidade herdar alelo elite: 0.7678
Número de populações independentes: 1
Número de threads: 1
Trocar os melhores indivíduos a cada 30 gerações
Número máximo de gerações: 279

Largura da faixa = 184
Melhor altura = 1086

Lower Bound 1 = 888
Lower Bound 2 = 746
Avaliação = 1.22297

Tempo de execução: 0.745459s

---------------------------

Tamanho da população: 297
Fração elite: 0.55
Fração mutante: 0.0174
Probabilidade herdar alelo elite: 0.7678
Número de populações independentes: 1
Número de threads: 1
Trocar os melhores indivíduos a cada 30 gerações
Número máximo de gerações: 279

Largura da faixa = 184
Melhor altura = 1086

Lower Bound 1 = 888
Lower Bound 2 = 746
Avaliação = 1.22297

Tempo de execução: 0.761422s

---------------------------

Tamanho da população: 297
Fração elite: 0.55
Fração mutante: 0.0174
Probabilidade herdar alelo elite: 0.7678
Número de populações independentes: 1
Número de threads: 1
Trocar os melhores indivíduos a cada 30 gerações
Número máximo de gerações: 279

Largura da faixa = 184
Melhor altura = 1086

Lower Bound 1 = 888
Lower Bound 2 = 746
Avaliação = 1.22297

Tempo de execução: 0.698911s

---------------------------

Tamanho da população: 297
Fração elite: 0.55
Fração mutante: 0.0174
Probabilidade herdar alelo elite: 0.7678
Número de populações independentes: 1
Número de threads: 1
Trocar os melhores indivíduos a cada 30 gerações
Número máximo de gerações: 279

Largura da faixa = 184
Melhor altura = 1086

Lower Bound 1 = 888
Lower Bound 2 = 746
Avaliação = 1.22297

Tempo de execução: 0.801889s

---------------------------

Tamanho da população: 297
Fração elite: 0.55
Fração mutante: 0.0174
Probabilidade herdar alelo elite: 0.7678
Número de populações independentes: 1
Número de threads: 1
Trocar os melhores indivíduos a cada 30 gerações
Número máximo de gerações: 279

Largura da faixa = 184
Melhor altura = 1086

Lower Bound 1 = 888
Lower Bound 2 = 746
Avaliação = 1.22297

Tempo de execução: 0.810217s

---------------------------

Tamanho da população: 297
Fração elite: 0.55
Fração mutante: 0.0174
Probabilidade herdar alelo elite: 0.7678
Número de populações independentes: 1
Número de threads: 1
Trocar os melhores indivíduos a cada 30 gerações
Número máximo de gerações: 279

Largura da faixa = 184
Melhor altura = 1086

Lower Bound 1 = 888
Lower Bound 2 = 746
Avaliação = 1.22297

Tempo de execução: 0.886301s

---------------------------

Tamanho da população: 297
Fração elite: 0.55
Fração mutante: 0.0174
Probabilidade herdar alelo elite: 0.7678
Número de populações independentes: 1
Número de threads: 1
Trocar os melhores indivíduos a cada 30 gerações
Número máximo de gerações: 279

Largura da faixa = 184
Melhor altura = 1086

Lower Bound 1 = 888
Lower Bound 2 = 746
Avaliação = 1.22297

Tempo de execução: 0.888429s

---------------------------

Tamanho da população: 297
Fração elite: 0.55
Fração mutante: 0.0174
Probabilidade herdar alelo elite: 0.7678
Número de populações independentes: 1
Número de threads: 1
Trocar os melhores indivíduos a cada 30 gerações
Número máximo de gerações: 279

Largura da faixa = 184
Melhor altura = 1086

Lower Bound 1 = 888
Lower Bound 2 = 746
Avaliação = 1.22297

Tempo de execução: 0.910014s

---------------------------

Tamanho da população: 297
Fração elite: 0.55
Fração mutante: 0.0174
Probabilidade herdar alelo elite: 0.7678
Número de populações independentes: 1
Número de threads: 1
Trocar os melhores indivíduos a cada 30 gerações
Número máximo de gerações: 279

Largura da faixa = 184
Melhor altura = 1086

Lower Bound 1 = 888
Lower Bound 2 = 746
Avaliação = 1.22297

Tempo de execução: 0.72443s

---------------------------

Tamanho da população: 297
Fração elite: 0.55
Fração mutante: 0.0174
Probabilidade herdar alelo elite: 0.7678
Número de populações independentes: 1
Número de threads: 1
Trocar os melhores indivíduos a cada 30 gerações
Número máximo de gerações: 279

Largura da faixa = 184
Melhor altura = 1086

Lower Bound 1 = 888
Lower Bound 2 = 746
Avaliação = 1.22297

Tempo de execução: 0.844151s

---------------------------

Tamanho da população: 297
Fração elite: 0.55
Fração mutante: 0.0174
Probabilidade herdar alelo elite: 0.7678
Número de populações independentes: 1
Número de threads: 1
Trocar os melhores indivíduos a cada 30 gerações
Número máximo de gerações: 279

Largura da faixa = 184
Melhor altura = 1086

Lower Bound 1 = 888
Lower Bound 2 = 746
Avaliação = 1.22297

Tempo de execução: 0.933946s

---------------------------

Tamanho da população: 297
Fração elite: 0.55
Fração mutante: 0.0174
Probabilidade herdar alelo elite: 0.7678
Número de populações independentes: 1
Número de threads: 1
Trocar os melhores indivíduos a cada 30 gerações
Número máximo de gerações: 279

Largura da faixa = 184
Melhor altura = 1086

Lower Bound 1 = 888
Lower Bound 2 = 746
Avaliação = 1.22297

Tempo de execução: 0.908324s

---------------------------

Tamanho da população: 297
Fração elite: 0.55
Fração mutante: 0.0174
Probabilidade herdar alelo elite: 0.7678
Número de populações independentes: 1
Número de threads: 1
Trocar os melhores indivíduos a cada 30 gerações
Número máximo de gerações: 279

Largura da faixa = 184
Melhor altura = 1086

Lower Bound 1 = 888
Lower Bound 2 = 746
Avaliação = 1.22297

Tempo de execução: 0.932144s

---------------------------

Tamanho da população: 392
Fração elite: 0.2567
Fração mutante: 0.0202
Probabilidade herdar alelo elite: 0.6001
Número de populações independentes: 1
Número de threads: 1
Número máximo de gerações: 364

Largura da faixa = 184
Melhor altura = 1086

Lower Bound 1 = 888
Lower Bound 2 = 746
Avaliação = 1.22297

Tempo de execução: 0.962963s

---------------------------

Tamanho da população: 392
Fração elite: 0.2567
Fração mutante: 0.0202
Probabilidade herdar alelo elite: 0.6001
Número de populações independentes: 1
Número de threads: 1
Número máximo de gerações: 364

Largura da faixa = 184
Melhor altura = 1086

Lower Bound 1 = 888
Lower Bound 2 = 746
Avaliação = 1.22297

Tempo de execução: 0.963003s

---------------------------

Tamanho da população: 392
Fração elite: 0.2567
Fração mutante: 0.0202
Probabilidade herdar alelo elite: 0.6001
Número de populações independentes: 1
Número de threads: 1
Número máximo de gerações: 364

Largura da faixa = 184
Melhor altura = 1086

Lower Bound 1 = 888
Lower Bound 2 = 746
Avaliação = 1.22297

Tempo de execução: 0.96809s

---------------------------

Tamanho da população: 392
Fração elite: 0.2567
Fração mutante: 0.0202
Probabilidade herdar alelo elite: 0.6001
Número de populações independentes: 1
Número de threads: 1
Número máximo de gerações: 364

Largura da faixa = 184
Melhor altura = 1086

Lower Bound 1 = 888
Lower Bound 2 = 746
Avaliação = 1.22297

Tempo de execução: 0.978139s

---------------------------

Tamanho da população: 392
Fração elite: 0.2567
Fração mutante: 0.0202
Probabilidade herdar alelo elite: 0.6001
Número de populações independentes: 1
Número de threads: 1
Número máximo de gerações: 364

Largura da faixa = 184
Melhor altura = 1086

Lower Bound 1 = 888
Lower Bound 2 = 746
Avaliação = 1.22297

Tempo de execução: 0.97965s

---------------------------

Tamanho da população: 392
Fração elite: 0.2567
Fração mutante: 0.0202
Probabilidade herdar alelo elite: 0.6001
Número de populações independentes: 1
Número de threads: 1
Número máximo de gerações: 364

Largura da faixa = 184
Melhor altura = 1086

Lower Bound 1 = 888
Lower Bound 2 = 746
Avaliação = 1.22297

Tempo de execução: 0.982438s

---------------------------

Tamanho da população: 392
Fração elite: 0.2567
Fração mutante: 0.0202
Probabilidade herdar alelo elite: 0.6001
Número de populações independentes: 1
Número de threads: 1
Número máximo de gerações: 364

Largura da faixa = 184
Melhor altura = 1086

Lower Bound 1 = 888
Lower Bound 2 = 746
Avaliação = 1.22297

Tempo de execução: 0.978335s

---------------------------

Tamanho da população: 392
Fração elite: 0.2567
Fração mutante: 0.0202
Probabilidade herdar alelo elite: 0.6001
Número de populações independentes: 1
Número de threads: 1
Número máximo de gerações: 364

Largura da faixa = 184
Melhor altura = 1086

Lower Bound 1 = 888
Lower Bound 2 = 746
Avaliação = 1.22297

Tempo de execução: 0.980428s

---------------------------

Tamanho da população: 392
Fração elite: 0.2567
Fração mutante: 0.0202
Probabilidade herdar alelo elite: 0.6001
Número de populações independentes: 1
Número de threads: 1
Número máximo de gerações: 364

Largura da faixa = 184
Melhor altura = 1086

Lower Bound 1 = 888
Lower Bound 2 = 746
Avaliação = 1.22297

Tempo de execução: 0.99472s

---------------------------

Tamanho da população: 392
Fração elite: 0.2567
Fração mutante: 0.0202
Probabilidade herdar alelo elite: 0.6001
Número de populações independentes: 1
Número de threads: 1
Número máximo de gerações: 364

Largura da faixa = 184
Melhor altura = 1086

Lower Bound 1 = 888
Lower Bound 2 = 746
Avaliação = 1.22297

Tempo de execução: 0.959981s

---------------------------

Tamanho da população: 392
Fração elite: 0.2567
Fração mutante: 0.0202
Probabilidade herdar alelo elite: 0.6001
Número de populações independentes: 1
Número de threads: 1
Número máximo de gerações: 364

Largura da faixa = 184
Melhor altura = 1086

Lower Bound 1 = 888
Lower Bound 2 = 746
Avaliação = 1.22297

Tempo de execução: 0.967034s

---------------------------

Tamanho da população: 392
Fração elite: 0.2567
Fração mutante: 0.0202
Probabilidade herdar alelo elite: 0.6001
Número de populações independentes: 1
Número de threads: 1
Número máximo de gerações: 364

Largura da faixa = 184
Melhor altura = 1086

Lower Bound 1 = 888
Lower Bound 2 = 746
Avaliação = 1.22297

Tempo de execução: 0.97764s

---------------------------

Tamanho da população: 392
Fração elite: 0.2567
Fração mutante: 0.0202
Probabilidade herdar alelo elite: 0.6001
Número de populações independentes: 1
Número de threads: 1
Número máximo de gerações: 364

Largura da faixa = 184
Melhor altura = 1086

Lower Bound 1 = 888
Lower Bound 2 = 746
Avaliação = 1.22297

Tempo de execução: 0.971806s

---------------------------

Tamanho da população: 392
Fração elite: 0.2567
Fração mutante: 0.0202
Probabilidade herdar alelo elite: 0.6001
Número de populações independentes: 1
Número de threads: 1
Número máximo de gerações: 364

Largura da faixa = 184
Melhor altura = 1086

Lower Bound 1 = 888
Lower Bound 2 = 746
Avaliação = 1.22297

Tempo de execução: 0.973035s

---------------------------

Tamanho da população: 392
Fração elite: 0.2567
Fração mutante: 0.0202
Probabilidade herdar alelo elite: 0.6001
Número de populações independentes: 1
Número de threads: 1
Número máximo de gerações: 364

Largura da faixa = 184
Melhor altura = 1086

Lower Bound 1 = 888
Lower Bound 2 = 746
Avaliação = 1.22297

Tempo de execução: 0.980044s

---------------------------

Tamanho da população: 392
Fração elite: 0.2567
Fração mutante: 0.0202
Probabilidade herdar alelo elite: 0.6001
Número de populações independentes: 1
Número de threads: 1
Número máximo de gerações: 364

Largura da faixa = 184
Melhor altura = 1086

Lower Bound 1 = 888
Lower Bound 2 = 746
Avaliação = 1.22297

Tempo de execução: 0.969428s

---------------------------

Tamanho da população: 392
Fração elite: 0.2567
Fração mutante: 0.0202
Probabilidade herdar alelo elite: 0.6001
Número de populações independentes: 1
Número de threads: 1
Número máximo de gerações: 364

Largura da faixa = 184
Melhor altura = 1086

Lower Bound 1 = 888
Lower Bound 2 = 746
Avaliação = 1.22297

Tempo de execução: 0.971009s

---------------------------

Tamanho da população: 392
Fração elite: 0.2567
Fração mutante: 0.0202
Probabilidade herdar alelo elite: 0.6001
Número de populações independentes: 1
Número de threads: 1
Número máximo de gerações: 364

Largura da faixa = 184
Melhor altura = 1086

Lower Bound 1 = 888
Lower Bound 2 = 746
Avaliação = 1.22297

Tempo de execução: 0.981312s

---------------------------

Tamanho da população: 392
Fração elite: 0.2567
Fração mutante: 0.0202
Probabilidade herdar alelo elite: 0.6001
Número de populações independentes: 1
Número de threads: 1
Número máximo de gerações: 364

Largura da faixa = 184
Melhor altura = 1086

Lower Bound 1 = 888
Lower Bound 2 = 746
Avaliação = 1.22297

Tempo de execução: 0.953932s

---------------------------

Tamanho da população: 392
Fração elite: 0.2567
Fração mutante: 0.0202
Probabilidade herdar alelo elite: 0.6001
Número de populações independentes: 1
Número de threads: 1
Número máximo de gerações: 364

Largura da faixa = 184
Melhor altura = 1086

Lower Bound 1 = 888
Lower Bound 2 = 746
Avaliação = 1.22297

Tempo de execução: 0.968432s

---------------------------

