Melhor até agora: 276 Geração: 0
Melhor até agora: 273 Geração: 5
Melhor até agora: 272 Geração: 10
Melhor até agora: 271 Geração: 12
Melhor até agora: 270 Geração: 13
Melhor até agora: 269 Geração: 14
Melhor até agora: 268 Geração: 15
Melhor até agora: 267 Geração: 16
Melhor até agora: 263 Geração: 20
Melhor até agora: 262 Geração: 21
Melhor até agora: 260 Geração: 27
Melhor até agora: 259 Geração: 32
Melhor até agora: 258 Geração: 37
Melhor até agora: 257 Geração: 40
Melhor até agora: 255 Geração: 45
Melhor até agora: 253 Geração: 48
Melhor até agora: 252 Geração: 66
Melhor até agora: 251 Geração: 76
Tamanho da população: 300
Fração elite: 0.25
Fração mutante: 0.2
Probabilidade herdar alelo elite: 0.7
Número de populações independentes: 2
Número de threads: 16
Trocar os melhores indivíduos a cada 30 gerações
Número máximo de gerações: 300
Número máximo de iterações sem melhora: 50
Largura da faixa = 12
Melhor altura = 251

Lower Bound 1 = 222
Lower Bound 2 = 179
Avaliação = 1.13063

Tempo de execução: 1s

---------------------------

Melhor até agora: 275 Geração: 0
Melhor até agora: 272 Geração: 5
Melhor até agora: 266 Geração: 9
Melhor até agora: 262 Geração: 13
Melhor até agora: 259 Geração: 22
Melhor até agora: 256 Geração: 30
Melhor até agora: 253 Geração: 36
Melhor até agora: 252 Geração: 47
Melhor até agora: 251 Geração: 60
Tamanho da população: 300
Fração elite: 0.25
Fração mutante: 0.2
Probabilidade herdar alelo elite: 0.7
Número de populações independentes: 2
Número de threads: 16
Trocar os melhores indivíduos a cada 30 gerações
Número máximo de gerações: 300
Número máximo de iterações sem melhora: 50
Largura da faixa = 12
Melhor altura = 251

Lower Bound 1 = 222
Lower Bound 2 = 179
Avaliação = 1.13063

Tempo de execução: 1s

---------------------------

Melhor até agora: 276 Geração: 0
Melhor até agora: 274 Geração: 2
Melhor até agora: 270 Geração: 5
Melhor até agora: 266 Geração: 9
Melhor até agora: 262 Geração: 11
Melhor até agora: 259 Geração: 15
Melhor até agora: 256 Geração: 21
Melhor até agora: 253 Geração: 25
Melhor até agora: 252 Geração: 30
Tamanho da população: 300
Fração elite: 0.25
Fração mutante: 0.2
Probabilidade herdar alelo elite: 0.7
Número de populações independentes: 2
Número de threads: 16
Trocar os melhores indivíduos a cada 30 gerações
Número máximo de gerações: 300
Número máximo de iterações sem melhora: 50
Largura da faixa = 12
Melhor altura = 252

Lower Bound 1 = 222
Lower Bound 2 = 179
Avaliação = 1.13514

Tempo de execução: 0s

---------------------------

Melhor até agora: 276 Geração: 0
Melhor até agora: 266 Geração: 2
Melhor até agora: 263 Geração: 14
Melhor até agora: 262 Geração: 16
Melhor até agora: 259 Geração: 19
Melhor até agora: 256 Geração: 24
Melhor até agora: 253 Geração: 27
Tamanho da população: 300
Fração elite: 0.25
Fração mutante: 0.2
Probabilidade herdar alelo elite: 0.7
Número de populações independentes: 2
Número de threads: 16
Trocar os melhores indivíduos a cada 30 gerações
Número máximo de gerações: 300
Número máximo de iterações sem melhora: 50
Largura da faixa = 12
Melhor altura = 253

Lower Bound 1 = 222
Lower Bound 2 = 179
Avaliação = 1.13964

Tempo de execução: 0s

---------------------------

Melhor até agora: 276 Geração: 0
Melhor até agora: 275 Geração: 7
Melhor até agora: 273 Geração: 9
Melhor até agora: 270 Geração: 10
Melhor até agora: 266 Geração: 13
Melhor até agora: 262 Geração: 17
Melhor até agora: 259 Geração: 26
Melhor até agora: 257 Geração: 39
Melhor até agora: 256 Geração: 56
Melhor até agora: 254 Geração: 67
Melhor até agora: 251 Geração: 78
Melhor até agora: 250 Geração: 98
Tamanho da população: 300
Fração elite: 0.25
Fração mutante: 0.2
Probabilidade herdar alelo elite: 0.7
Número de populações independentes: 2
Número de threads: 16
Trocar os melhores indivíduos a cada 30 gerações
Número máximo de gerações: 300
Número máximo de iterações sem melhora: 50
Largura da faixa = 12
Melhor altura = 250

Lower Bound 1 = 222
Lower Bound 2 = 179
Avaliação = 1.12613

Tempo de execução: 1s

---------------------------

Melhor até agora: 270 Geração: 0
Melhor até agora: 268 Geração: 5
Melhor até agora: 267 Geração: 15
Melhor até agora: 264 Geração: 17
Melhor até agora: 262 Geração: 18
Melhor até agora: 261 Geração: 30
Melhor até agora: 259 Geração: 33
Melhor até agora: 257 Geração: 34
Melhor até agora: 255 Geração: 41
Melhor até agora: 251 Geração: 49
Tamanho da população: 300
Fração elite: 0.25
Fração mutante: 0.2
Probabilidade herdar alelo elite: 0.7
Número de populações independentes: 2
Número de threads: 16
Trocar os melhores indivíduos a cada 30 gerações
Número máximo de gerações: 300
Número máximo de iterações sem melhora: 50
Largura da faixa = 12
Melhor altura = 251

Lower Bound 1 = 222
Lower Bound 2 = 179
Avaliação = 1.13063

Tempo de execução: 1s

---------------------------

Melhor até agora: 276 Geração: 0
Melhor até agora: 275 Geração: 4
Melhor até agora: 266 Geração: 5
Melhor até agora: 264 Geração: 12
Melhor até agora: 263 Geração: 17
Melhor até agora: 261 Geração: 21
Melhor até agora: 260 Geração: 28
Melhor até agora: 258 Geração: 29
Melhor até agora: 256 Geração: 31
Melhor até agora: 255 Geração: 33
Melhor até agora: 251 Geração: 43
Melhor até agora: 250 Geração: 63
Melhor até agora: 249 Geração: 74
Tamanho da população: 300
Fração elite: 0.25
Fração mutante: 0.2
Probabilidade herdar alelo elite: 0.7
Número de populações independentes: 2
Número de threads: 16
Trocar os melhores indivíduos a cada 30 gerações
Número máximo de gerações: 300
Número máximo de iterações sem melhora: 50
Largura da faixa = 12
Melhor altura = 249

Lower Bound 1 = 222
Lower Bound 2 = 179
Avaliação = 1.12162

Tempo de execução: 1s

---------------------------

Melhor até agora: 276 Geração: 0
Melhor até agora: 275 Geração: 2
Melhor até agora: 269 Geração: 4
Melhor até agora: 266 Geração: 10
Melhor até agora: 262 Geração: 14
Melhor até agora: 260 Geração: 19
Melhor até agora: 258 Geração: 23
Melhor até agora: 256 Geração: 29
Melhor até agora: 254 Geração: 32
Melhor até agora: 253 Geração: 38
Melhor até agora: 252 Geração: 50
Melhor até agora: 251 Geração: 62
Tamanho da população: 300
Fração elite: 0.25
Fração mutante: 0.2
Probabilidade herdar alelo elite: 0.7
Número de populações independentes: 2
Número de threads: 16
Trocar os melhores indivíduos a cada 30 gerações
Número máximo de gerações: 300
Número máximo de iterações sem melhora: 50
Largura da faixa = 12
Melhor altura = 251

Lower Bound 1 = 222
Lower Bound 2 = 179
Avaliação = 1.13063

Tempo de execução: 1s

---------------------------

Melhor até agora: 276 Geração: 0
Melhor até agora: 272 Geração: 9
Melhor até agora: 266 Geração: 12
Melhor até agora: 262 Geração: 16
Melhor até agora: 259 Geração: 23
Melhor até agora: 258 Geração: 28
Melhor até agora: 257 Geração: 36
Melhor até agora: 256 Geração: 37
Melhor até agora: 254 Geração: 44
Melhor até agora: 253 Geração: 53
Melhor até agora: 252 Geração: 54
Melhor até agora: 250 Geração: 60
Melhor até agora: 249 Geração: 73
Melhor até agora: 248 Geração: 87
Melhor até agora: 247 Geração: 92
Tamanho da população: 300
Fração elite: 0.25
Fração mutante: 0.2
Probabilidade herdar alelo elite: 0.7
Número de populações independentes: 2
Número de threads: 16
Trocar os melhores indivíduos a cada 30 gerações
Número máximo de gerações: 300
Número máximo de iterações sem melhora: 50
Largura da faixa = 12
Melhor altura = 247

Lower Bound 1 = 222
Lower Bound 2 = 179
Avaliação = 1.11261

Tempo de execução: 1s

---------------------------

Melhor até agora: 276 Geração: 0
Melhor até agora: 266 Geração: 1
Melhor até agora: 263 Geração: 11
Melhor até agora: 260 Geração: 18
Melhor até agora: 259 Geração: 22
Melhor até agora: 257 Geração: 24
Melhor até agora: 253 Geração: 29
Melhor até agora: 252 Geração: 45
Melhor até agora: 251 Geração: 65
Melhor até agora: 250 Geração: 67
Tamanho da população: 300
Fração elite: 0.25
Fração mutante: 0.2
Probabilidade herdar alelo elite: 0.7
Número de populações independentes: 2
Número de threads: 16
Trocar os melhores indivíduos a cada 30 gerações
Número máximo de gerações: 300
Número máximo de iterações sem melhora: 50
Largura da faixa = 12
Melhor altura = 250

Lower Bound 1 = 222
Lower Bound 2 = 179
Avaliação = 1.12613

Tempo de execução: 1s

---------------------------

Melhor até agora: 276 Geração: 0
Melhor até agora: 272 Geração: 1
Melhor até agora: 262 Geração: 6
Melhor até agora: 260 Geração: 15
Melhor até agora: 259 Geração: 22
Melhor até agora: 258 Geração: 29
Melhor até agora: 257 Geração: 30
Melhor até agora: 256 Geração: 32
Melhor até agora: 255 Geração: 34
Melhor até agora: 252 Geração: 37
Melhor até agora: 251 Geração: 41
Melhor até agora: 250 Geração: 52
Melhor até agora: 249 Geração: 63
Melhor até agora: 248 Geração: 87
Melhor até agora: 247 Geração: 92
Tamanho da população: 300
Fração elite: 0.25
Fração mutante: 0.2
Probabilidade herdar alelo elite: 0.7
Número de populações independentes: 2
Número de threads: 16
Trocar os melhores indivíduos a cada 30 gerações
Número máximo de gerações: 300
Número máximo de iterações sem melhora: 50
Largura da faixa = 12
Melhor altura = 247

Lower Bound 1 = 222
Lower Bound 2 = 179
Avaliação = 1.11261

Tempo de execução: 1s

---------------------------

Melhor até agora: 276 Geração: 0
Melhor até agora: 272 Geração: 1
Melhor até agora: 271 Geração: 6
Melhor até agora: 266 Geração: 7
Melhor até agora: 263 Geração: 13
Melhor até agora: 259 Geração: 14
Melhor até agora: 258 Geração: 23
Melhor até agora: 253 Geração: 24
Melhor até agora: 252 Geração: 40
Melhor até agora: 251 Geração: 53
Tamanho da população: 300
Fração elite: 0.25
Fração mutante: 0.2
Probabilidade herdar alelo elite: 0.7
Número de populações independentes: 2
Número de threads: 16
Trocar os melhores indivíduos a cada 30 gerações
Número máximo de gerações: 300
Número máximo de iterações sem melhora: 50
Largura da faixa = 12
Melhor altura = 251

Lower Bound 1 = 222
Lower Bound 2 = 179
Avaliação = 1.13063

Tempo de execução: 1s

---------------------------

Melhor até agora: 276 Geração: 0
Melhor até agora: 268 Geração: 7
Melhor até agora: 264 Geração: 11
Melhor até agora: 262 Geração: 24
Melhor até agora: 261 Geração: 27
Melhor até agora: 260 Geração: 30
Melhor até agora: 256 Geração: 32
Melhor até agora: 253 Geração: 38
Melhor até agora: 252 Geração: 58
Tamanho da população: 300
Fração elite: 0.25
Fração mutante: 0.2
Probabilidade herdar alelo elite: 0.7
Número de populações independentes: 2
Número de threads: 16
Trocar os melhores indivíduos a cada 30 gerações
Número máximo de gerações: 300
Número máximo de iterações sem melhora: 50
Largura da faixa = 12
Melhor altura = 252

Lower Bound 1 = 222
Lower Bound 2 = 179
Avaliação = 1.13514

Tempo de execução: 1s

---------------------------

Melhor até agora: 276 Geração: 0
Melhor até agora: 270 Geração: 2
Melhor até agora: 268 Geração: 8
Melhor até agora: 265 Geração: 10
Melhor até agora: 262 Geração: 18
Melhor até agora: 260 Geração: 19
Melhor até agora: 258 Geração: 31
Melhor até agora: 257 Geração: 32
Melhor até agora: 254 Geração: 34
Melhor até agora: 252 Geração: 44
Melhor até agora: 251 Geração: 61
Tamanho da população: 300
Fração elite: 0.25
Fração mutante: 0.2
Probabilidade herdar alelo elite: 0.7
Número de populações independentes: 2
Número de threads: 16
Trocar os melhores indivíduos a cada 30 gerações
Número máximo de gerações: 300
Número máximo de iterações sem melhora: 50
Largura da faixa = 12
Melhor altura = 251

Lower Bound 1 = 222
Lower Bound 2 = 179
Avaliação = 1.13063

Tempo de execução: 1s

---------------------------

Melhor até agora: 276 Geração: 0
Melhor até agora: 275 Geração: 3
Melhor até agora: 273 Geração: 6
Melhor até agora: 270 Geração: 10
Melhor até agora: 267 Geração: 12
Melhor até agora: 266 Geração: 13
Melhor até agora: 256 Geração: 15
Melhor até agora: 255 Geração: 26
Melhor até agora: 253 Geração: 28
Melhor até agora: 252 Geração: 37
Melhor até agora: 251 Geração: 60
Melhor até agora: 250 Geração: 70
Melhor até agora: 249 Geração: 82
Tamanho da população: 300
Fração elite: 0.25
Fração mutante: 0.2
Probabilidade herdar alelo elite: 0.7
Número de populações independentes: 2
Número de threads: 16
Trocar os melhores indivíduos a cada 30 gerações
Número máximo de gerações: 300
Número máximo de iterações sem melhora: 50
Largura da faixa = 12
Melhor altura = 249

Lower Bound 1 = 222
Lower Bound 2 = 179
Avaliação = 1.12162

Tempo de execução: 1s

---------------------------

Melhor até agora: 276 Geração: 0
Melhor até agora: 270 Geração: 8
Melhor até agora: 269 Geração: 9
Melhor até agora: 266 Geração: 12
Melhor até agora: 262 Geração: 16
Melhor até agora: 260 Geração: 25
Melhor até agora: 259 Geração: 27
Melhor até agora: 257 Geração: 37
Melhor até agora: 256 Geração: 43
Melhor até agora: 253 Geração: 45
Melhor até agora: 252 Geração: 73
Tamanho da população: 300
Fração elite: 0.25
Fração mutante: 0.2
Probabilidade herdar alelo elite: 0.7
Número de populações independentes: 2
Número de threads: 16
Trocar os melhores indivíduos a cada 30 gerações
Número máximo de gerações: 300
Número máximo de iterações sem melhora: 50
Largura da faixa = 12
Melhor altura = 252

Lower Bound 1 = 222
Lower Bound 2 = 179
Avaliação = 1.13514

Tempo de execução: 1s

---------------------------

Melhor até agora: 276 Geração: 0
Melhor até agora: 273 Geração: 9
Melhor até agora: 272 Geração: 10
Melhor até agora: 266 Geração: 12
Melhor até agora: 259 Geração: 19
Melhor até agora: 257 Geração: 34
Melhor até agora: 252 Geração: 42
Melhor até agora: 251 Geração: 59
Melhor até agora: 250 Geração: 79
Melhor até agora: 249 Geração: 99
Tamanho da população: 300
Fração elite: 0.25
Fração mutante: 0.2
Probabilidade herdar alelo elite: 0.7
Número de populações independentes: 2
Número de threads: 16
Trocar os melhores indivíduos a cada 30 gerações
Número máximo de gerações: 300
Número máximo de iterações sem melhora: 50
Largura da faixa = 12
Melhor altura = 249

Lower Bound 1 = 222
Lower Bound 2 = 179
Avaliação = 1.12162

Tempo de execução: 1s

---------------------------

Melhor até agora: 276 Geração: 0
Melhor até agora: 273 Geração: 1
Melhor até agora: 272 Geração: 2
Melhor até agora: 266 Geração: 10
Melhor até agora: 262 Geração: 18
Melhor até agora: 256 Geração: 19
Melhor até agora: 253 Geração: 32
Melhor até agora: 252 Geração: 38
Melhor até agora: 251 Geração: 70
Tamanho da população: 300
Fração elite: 0.25
Fração mutante: 0.2
Probabilidade herdar alelo elite: 0.7
Número de populações independentes: 2
Número de threads: 16
Trocar os melhores indivíduos a cada 30 gerações
Número máximo de gerações: 300
Número máximo de iterações sem melhora: 50
Largura da faixa = 12
Melhor altura = 251

Lower Bound 1 = 222
Lower Bound 2 = 179
Avaliação = 1.13063

Tempo de execução: 1s

---------------------------

Melhor até agora: 276 Geração: 0
Melhor até agora: 273 Geração: 2
Melhor até agora: 270 Geração: 5
Melhor até agora: 269 Geração: 14
Melhor até agora: 266 Geração: 15
Melhor até agora: 260 Geração: 16
Melhor até agora: 258 Geração: 24
Melhor até agora: 254 Geração: 29
Melhor até agora: 253 Geração: 48
Melhor até agora: 251 Geração: 59
Melhor até agora: 250 Geração: 99
Melhor até agora: 249 Geração: 113
Tamanho da população: 300
Fração elite: 0.25
Fração mutante: 0.2
Probabilidade herdar alelo elite: 0.7
Número de populações independentes: 2
Número de threads: 16
Trocar os melhores indivíduos a cada 30 gerações
Número máximo de gerações: 300
Número máximo de iterações sem melhora: 50
Largura da faixa = 12
Melhor altura = 249

Lower Bound 1 = 222
Lower Bound 2 = 179
Avaliação = 1.12162

Tempo de execução: 1s

---------------------------

Melhor até agora: 276 Geração: 0
Melhor até agora: 273 Geração: 1
Melhor até agora: 272 Geração: 8
Melhor até agora: 269 Geração: 15
Melhor até agora: 264 Geração: 16
Melhor até agora: 263 Geração: 21
Melhor até agora: 256 Geração: 22
Melhor até agora: 253 Geração: 27
Melhor até agora: 252 Geração: 41
Melhor até agora: 251 Geração: 55
Melhor até agora: 250 Geração: 67
Melhor até agora: 249 Geração: 86
Tamanho da população: 300
Fração elite: 0.25
Fração mutante: 0.2
Probabilidade herdar alelo elite: 0.7
Número de populações independentes: 2
Número de threads: 16
Trocar os melhores indivíduos a cada 30 gerações
Número máximo de gerações: 300
Número máximo de iterações sem melhora: 50
Largura da faixa = 12
Melhor altura = 249

Lower Bound 1 = 222
Lower Bound 2 = 179
Avaliação = 1.12162

Tempo de execução: 1s

---------------------------

Melhor até agora: 276 Geração: 0
Melhor até agora: 270 Geração: 2
Melhor até agora: 262 Geração: 11
Melhor até agora: 259 Geração: 24
Melhor até agora: 256 Geração: 31
Melhor até agora: 254 Geração: 34
Melhor até agora: 253 Geração: 45
Melhor até agora: 252 Geração: 49
Melhor até agora: 251 Geração: 53
Melhor até agora: 250 Geração: 61
Melhor até agora: 249 Geração: 73
Melhor até agora: 248 Geração: 83
Tamanho da população: 300
Fração elite: 0.25
Fração mutante: 0.2
Probabilidade herdar alelo elite: 0.7
Número de populações independentes: 2
Número de threads: 16
Trocar os melhores indivíduos a cada 30 gerações
Número máximo de gerações: 300
Número máximo de iterações sem melhora: 50
Largura da faixa = 12
Melhor altura = 248

Lower Bound 1 = 222
Lower Bound 2 = 179
Avaliação = 1.11712

Tempo de execução: 1s

---------------------------

Melhor até agora: 275 Geração: 0
Melhor até agora: 266 Geração: 1
Melhor até agora: 263 Geração: 15
Melhor até agora: 262 Geração: 22
Melhor até agora: 256 Geração: 24
Melhor até agora: 255 Geração: 38
Melhor até agora: 253 Geração: 40
Melhor até agora: 252 Geração: 50
Melhor até agora: 251 Geração: 54
Melhor até agora: 250 Geração: 68
Melhor até agora: 249 Geração: 80
Tamanho da população: 300
Fração elite: 0.25
Fração mutante: 0.2
Probabilidade herdar alelo elite: 0.7
Número de populações independentes: 2
Número de threads: 16
Trocar os melhores indivíduos a cada 30 gerações
Número máximo de gerações: 300
Número máximo de iterações sem melhora: 50
Largura da faixa = 12
Melhor altura = 249

Lower Bound 1 = 222
Lower Bound 2 = 179
Avaliação = 1.12162

Tempo de execução: 1s

---------------------------

Melhor até agora: 275 Geração: 0
Melhor até agora: 273 Geração: 5
Melhor até agora: 267 Geração: 6
Melhor até agora: 266 Geração: 8
Melhor até agora: 265 Geração: 9
Melhor até agora: 263 Geração: 11
Melhor até agora: 262 Geração: 18
Melhor até agora: 261 Geração: 24
Melhor até agora: 259 Geração: 25
Melhor até agora: 257 Geração: 26
Melhor até agora: 256 Geração: 27
Melhor até agora: 253 Geração: 34
Melhor até agora: 252 Geração: 44
Melhor até agora: 251 Geração: 48
Melhor até agora: 250 Geração: 62
Melhor até agora: 249 Geração: 80
Tamanho da população: 300
Fração elite: 0.25
Fração mutante: 0.2
Probabilidade herdar alelo elite: 0.7
Número de populações independentes: 2
Número de threads: 16
Trocar os melhores indivíduos a cada 30 gerações
Número máximo de gerações: 300
Número máximo de iterações sem melhora: 50
Largura da faixa = 12
Melhor altura = 249

Lower Bound 1 = 222
Lower Bound 2 = 179
Avaliação = 1.12162

Tempo de execução: 1s

---------------------------

Melhor até agora: 276 Geração: 0
Melhor até agora: 270 Geração: 3
Melhor até agora: 268 Geração: 7
Melhor até agora: 262 Geração: 9
Melhor até agora: 260 Geração: 20
Melhor até agora: 256 Geração: 24
Melhor até agora: 253 Geração: 33
Melhor até agora: 252 Geração: 49
Melhor até agora: 251 Geração: 65
Tamanho da população: 300
Fração elite: 0.25
Fração mutante: 0.2
Probabilidade herdar alelo elite: 0.7
Número de populações independentes: 2
Número de threads: 16
Trocar os melhores indivíduos a cada 30 gerações
Número máximo de gerações: 300
Número máximo de iterações sem melhora: 50
Largura da faixa = 12
Melhor altura = 251

Lower Bound 1 = 222
Lower Bound 2 = 179
Avaliação = 1.13063

Tempo de execução: 1s

---------------------------

Melhor até agora: 276 Geração: 0
Melhor até agora: 275 Geração: 3
Melhor até agora: 270 Geração: 5
Melhor até agora: 266 Geração: 12
Melhor até agora: 262 Geração: 16
Melhor até agora: 261 Geração: 20
Melhor até agora: 259 Geração: 23
Melhor até agora: 257 Geração: 25
Melhor até agora: 256 Geração: 28
Melhor até agora: 254 Geração: 34
Melhor até agora: 253 Geração: 38
Melhor até agora: 252 Geração: 39
Melhor até agora: 251 Geração: 65
Melhor até agora: 250 Geração: 101
Melhor até agora: 249 Geração: 116
Tamanho da população: 300
Fração elite: 0.25
Fração mutante: 0.2
Probabilidade herdar alelo elite: 0.7
Número de populações independentes: 2
Número de threads: 16
Trocar os melhores indivíduos a cada 30 gerações
Número máximo de gerações: 300
Número máximo de iterações sem melhora: 50
Largura da faixa = 12
Melhor altura = 249

Lower Bound 1 = 222
Lower Bound 2 = 179
Avaliação = 1.12162

Tempo de execução: 2s

---------------------------

Melhor até agora: 276 Geração: 0
Melhor até agora: 274 Geração: 2
Melhor até agora: 270 Geração: 3
Melhor até agora: 269 Geração: 9
Melhor até agora: 266 Geração: 13
Melhor até agora: 263 Geração: 17
Melhor até agora: 260 Geração: 19
Melhor até agora: 258 Geração: 21
Melhor até agora: 256 Geração: 31
Melhor até agora: 254 Geração: 40
Melhor até agora: 253 Geração: 43
Melhor até agora: 251 Geração: 45
Tamanho da população: 300
Fração elite: 0.25
Fração mutante: 0.2
Probabilidade herdar alelo elite: 0.7
Número de populações independentes: 2
Número de threads: 16
Trocar os melhores indivíduos a cada 30 gerações
Número máximo de gerações: 300
Número máximo de iterações sem melhora: 50
Largura da faixa = 12
Melhor altura = 251

Lower Bound 1 = 222
Lower Bound 2 = 179
Avaliação = 1.13063

Tempo de execução: 1s

---------------------------

Melhor até agora: 276 Geração: 0
Melhor até agora: 275 Geração: 1
Melhor até agora: 270 Geração: 7
Melhor até agora: 264 Geração: 13
Melhor até agora: 262 Geração: 15
Melhor até agora: 260 Geração: 18
Melhor até agora: 259 Geração: 22
Melhor até agora: 253 Geração: 27
Melhor até agora: 251 Geração: 42
Melhor até agora: 250 Geração: 75
Tamanho da população: 300
Fração elite: 0.25
Fração mutante: 0.2
Probabilidade herdar alelo elite: 0.7
Número de populações independentes: 2
Número de threads: 16
Trocar os melhores indivíduos a cada 30 gerações
Número máximo de gerações: 300
Número máximo de iterações sem melhora: 50
Largura da faixa = 12
Melhor altura = 250

Lower Bound 1 = 222
Lower Bound 2 = 179
Avaliação = 1.12613

Tempo de execução: 1s

---------------------------

Melhor até agora: 276 Geração: 0
Melhor até agora: 270 Geração: 3
Melhor até agora: 269 Geração: 4
Melhor até agora: 266 Geração: 6
Melhor até agora: 262 Geração: 13
Melhor até agora: 255 Geração: 22
Melhor até agora: 253 Geração: 31
Melhor até agora: 252 Geração: 38
Melhor até agora: 251 Geração: 60
Melhor até agora: 250 Geração: 94
Tamanho da população: 300
Fração elite: 0.25
Fração mutante: 0.2
Probabilidade herdar alelo elite: 0.7
Número de populações independentes: 2
Número de threads: 16
Trocar os melhores indivíduos a cada 30 gerações
Número máximo de gerações: 300
Número máximo de iterações sem melhora: 50
Largura da faixa = 12
Melhor altura = 250

Lower Bound 1 = 222
Lower Bound 2 = 179
Avaliação = 1.12613

Tempo de execução: 1s

---------------------------

Melhor até agora: 276 Geração: 0
Melhor até agora: 265 Geração: 1
Melhor até agora: 262 Geração: 24
Melhor até agora: 260 Geração: 25
Melhor até agora: 258 Geração: 29
Melhor até agora: 256 Geração: 31
Melhor até agora: 254 Geração: 43
Melhor até agora: 253 Geração: 44
Melhor até agora: 252 Geração: 49
Melhor até agora: 251 Geração: 61
Melhor até agora: 250 Geração: 70
Melhor até agora: 249 Geração: 89
Tamanho da população: 300
Fração elite: 0.25
Fração mutante: 0.2
Probabilidade herdar alelo elite: 0.7
Número de populações independentes: 2
Número de threads: 16
Trocar os melhores indivíduos a cada 30 gerações
Número máximo de gerações: 300
Número máximo de iterações sem melhora: 50
Largura da faixa = 12
Melhor altura = 249

Lower Bound 1 = 222
Lower Bound 2 = 179
Avaliação = 1.12162

Tempo de execução: 1s

---------------------------

Melhor até agora: 276 Geração: 0
Melhor até agora: 275 Geração: 1
Melhor até agora: 266 Geração: 2
Melhor até agora: 264 Geração: 3
Melhor até agora: 262 Geração: 18
Melhor até agora: 260 Geração: 21
Melhor até agora: 257 Geração: 23
Melhor até agora: 254 Geração: 24
Melhor até agora: 253 Geração: 38
Melhor até agora: 251 Geração: 45
Tamanho da população: 300
Fração elite: 0.25
Fração mutante: 0.2
Probabilidade herdar alelo elite: 0.7
Número de populações independentes: 2
Número de threads: 16
Trocar os melhores indivíduos a cada 30 gerações
Número máximo de gerações: 300
Número máximo de iterações sem melhora: 50
Largura da faixa = 12
Melhor altura = 251

Lower Bound 1 = 222
Lower Bound 2 = 179
Avaliação = 1.13063

Tempo de execução: 1s

---------------------------

Melhor até agora: 276 Geração: 0
Melhor até agora: 275 Geração: 5
Melhor até agora: 273 Geração: 7
Melhor até agora: 266 Geração: 9
Melhor até agora: 265 Geração: 13
Melhor até agora: 263 Geração: 14
Melhor até agora: 262 Geração: 15
Melhor até agora: 261 Geração: 20
Melhor até agora: 260 Geração: 26
Melhor até agora: 258 Geração: 28
Melhor até agora: 256 Geração: 29
Melhor até agora: 253 Geração: 36
Melhor até agora: 252 Geração: 40
Melhor até agora: 251 Geração: 42
Melhor até agora: 250 Geração: 68
Tamanho da população: 300
Fração elite: 0.25
Fração mutante: 0.2
Probabilidade herdar alelo elite: 0.7
Número de populações independentes: 2
Número de threads: 16
Trocar os melhores indivíduos a cada 30 gerações
Número máximo de gerações: 300
Número máximo de iterações sem melhora: 50
Largura da faixa = 12
Melhor altura = 250

Lower Bound 1 = 222
Lower Bound 2 = 179
Avaliação = 1.12613

Tempo de execução: 1s

---------------------------

Melhor até agora: 276 Geração: 0
Melhor até agora: 275 Geração: 2
Melhor até agora: 266 Geração: 6
Melhor até agora: 264 Geração: 8
Melhor até agora: 263 Geração: 10
Melhor até agora: 262 Geração: 14
Melhor até agora: 260 Geração: 15
Melhor até agora: 259 Geração: 19
Melhor até agora: 256 Geração: 23
Melhor até agora: 253 Geração: 25
Melhor até agora: 252 Geração: 33
Melhor até agora: 251 Geração: 45
Melhor até agora: 250 Geração: 49
Melhor até agora: 249 Geração: 79
Tamanho da população: 300
Fração elite: 0.25
Fração mutante: 0.2
Probabilidade herdar alelo elite: 0.7
Número de populações independentes: 2
Número de threads: 16
Trocar os melhores indivíduos a cada 30 gerações
Número máximo de gerações: 300
Número máximo de iterações sem melhora: 50
Largura da faixa = 12
Melhor altura = 249

Lower Bound 1 = 222
Lower Bound 2 = 179
Avaliação = 1.12162

Tempo de execução: 1s

---------------------------

Melhor até agora: 276 Geração: 0
Melhor até agora: 274 Geração: 5
Melhor até agora: 273 Geração: 6
Melhor até agora: 266 Geração: 7
Melhor até agora: 265 Geração: 22
Melhor até agora: 256 Geração: 23
Melhor até agora: 255 Geração: 32
Melhor até agora: 253 Geração: 33
Melhor até agora: 252 Geração: 54
Melhor até agora: 251 Geração: 70
Tamanho da população: 300
Fração elite: 0.25
Fração mutante: 0.2
Probabilidade herdar alelo elite: 0.7
Número de populações independentes: 2
Número de threads: 16
Trocar os melhores indivíduos a cada 30 gerações
Número máximo de gerações: 300
Número máximo de iterações sem melhora: 50
Largura da faixa = 12
Melhor altura = 251

Lower Bound 1 = 222
Lower Bound 2 = 179
Avaliação = 1.13063

Tempo de execução: 1s

---------------------------

Melhor até agora: 276 Geração: 0
Melhor até agora: 269 Geração: 3
Melhor até agora: 266 Geração: 11
Melhor até agora: 263 Geração: 19
Melhor até agora: 262 Geração: 21
Melhor até agora: 261 Geração: 24
Melhor até agora: 260 Geração: 28
Melhor até agora: 259 Geração: 30
Melhor até agora: 258 Geração: 37
Melhor até agora: 256 Geração: 40
Melhor até agora: 255 Geração: 45
Melhor até agora: 252 Geração: 52
Melhor até agora: 251 Geração: 75
Melhor até agora: 250 Geração: 90
Tamanho da população: 300
Fração elite: 0.25
Fração mutante: 0.2
Probabilidade herdar alelo elite: 0.7
Número de populações independentes: 2
Número de threads: 16
Trocar os melhores indivíduos a cada 30 gerações
Número máximo de gerações: 300
Número máximo de iterações sem melhora: 50
Largura da faixa = 12
Melhor altura = 250

Lower Bound 1 = 222
Lower Bound 2 = 179
Avaliação = 1.12613

Tempo de execução: 1s

---------------------------

Melhor até agora: 276 Geração: 0
Melhor até agora: 275 Geração: 2
Melhor até agora: 273 Geração: 4
Melhor até agora: 266 Geração: 14
Melhor até agora: 261 Geração: 22
Melhor até agora: 256 Geração: 23
Melhor até agora: 253 Geração: 32
Melhor até agora: 252 Geração: 42
Melhor até agora: 251 Geração: 55
Melhor até agora: 250 Geração: 58
Tamanho da população: 300
Fração elite: 0.25
Fração mutante: 0.2
Probabilidade herdar alelo elite: 0.7
Número de populações independentes: 2
Número de threads: 16
Trocar os melhores indivíduos a cada 30 gerações
Número máximo de gerações: 300
Número máximo de iterações sem melhora: 50
Largura da faixa = 12
Melhor altura = 250

Lower Bound 1 = 222
Lower Bound 2 = 179
Avaliação = 1.12613

Tempo de execução: 1s

---------------------------

Melhor até agora: 276 Geração: 0
Melhor até agora: 274 Geração: 2
Melhor até agora: 273 Geração: 6
Melhor até agora: 268 Geração: 7
Melhor até agora: 264 Geração: 17
Melhor até agora: 261 Geração: 22
Melhor até agora: 259 Geração: 25
Melhor até agora: 258 Geração: 29
Melhor até agora: 253 Geração: 32
Melhor até agora: 251 Geração: 35
Melhor até agora: 250 Geração: 53
Tamanho da população: 300
Fração elite: 0.25
Fração mutante: 0.2
Probabilidade herdar alelo elite: 0.7
Número de populações independentes: 2
Número de threads: 16
Trocar os melhores indivíduos a cada 30 gerações
Número máximo de gerações: 300
Número máximo de iterações sem melhora: 50
Largura da faixa = 12
Melhor altura = 250

Lower Bound 1 = 222
Lower Bound 2 = 179
Avaliação = 1.12613

Tempo de execução: 1s

---------------------------

Melhor até agora: 276 Geração: 0
Melhor até agora: 275 Geração: 1
Melhor até agora: 272 Geração: 6
Melhor até agora: 262 Geração: 10
Melhor até agora: 260 Geração: 24
Melhor até agora: 257 Geração: 26
Melhor até agora: 256 Geração: 28
Melhor até agora: 254 Geração: 30
Melhor até agora: 253 Geração: 33
Melhor até agora: 252 Geração: 43
Melhor até agora: 251 Geração: 54
Melhor até agora: 250 Geração: 63
Tamanho da população: 300
Fração elite: 0.25
Fração mutante: 0.2
Probabilidade herdar alelo elite: 0.7
Número de populações independentes: 2
Número de threads: 16
Trocar os melhores indivíduos a cada 30 gerações
Número máximo de gerações: 300
Número máximo de iterações sem melhora: 50
Largura da faixa = 12
Melhor altura = 250

Lower Bound 1 = 222
Lower Bound 2 = 179
Avaliação = 1.12613

Tempo de execução: 1s

---------------------------

Melhor até agora: 272 Geração: 0
Melhor até agora: 271 Geração: 8
Melhor até agora: 269 Geração: 9
Melhor até agora: 268 Geração: 10
Melhor até agora: 266 Geração: 12
Melhor até agora: 263 Geração: 18
Melhor até agora: 260 Geração: 21
Melhor até agora: 256 Geração: 26
Melhor até agora: 254 Geração: 33
Melhor até agora: 253 Geração: 40
Melhor até agora: 252 Geração: 49
Melhor até agora: 251 Geração: 55
Tamanho da população: 300
Fração elite: 0.25
Fração mutante: 0.2
Probabilidade herdar alelo elite: 0.7
Número de populações independentes: 2
Número de threads: 16
Trocar os melhores indivíduos a cada 30 gerações
Número máximo de gerações: 300
Número máximo de iterações sem melhora: 50
Largura da faixa = 12
Melhor altura = 251

Lower Bound 1 = 222
Lower Bound 2 = 179
Avaliação = 1.13063

Tempo de execução: 1s

---------------------------

Melhor até agora: 276 Geração: 0
Melhor até agora: 275 Geração: 3
Melhor até agora: 272 Geração: 5
Melhor até agora: 269 Geração: 8
Melhor até agora: 267 Geração: 12
Melhor até agora: 266 Geração: 17
Melhor até agora: 262 Geração: 19
Melhor até agora: 260 Geração: 24
Melhor até agora: 258 Geração: 29
Melhor até agora: 256 Geração: 32
Melhor até agora: 254 Geração: 35
Melhor até agora: 253 Geração: 45
Melhor até agora: 252 Geração: 56
Melhor até agora: 251 Geração: 75
Melhor até agora: 250 Geração: 93
Melhor até agora: 249 Geração: 136
Tamanho da população: 300
Fração elite: 0.25
Fração mutante: 0.2
Probabilidade herdar alelo elite: 0.7
Número de populações independentes: 2
Número de threads: 16
Trocar os melhores indivíduos a cada 30 gerações
Número máximo de gerações: 300
Número máximo de iterações sem melhora: 50
Largura da faixa = 12
Melhor altura = 249

Lower Bound 1 = 222
Lower Bound 2 = 179
Avaliação = 1.12162

Tempo de execução: 2s

---------------------------

Melhor até agora: 276 Geração: 0
Melhor até agora: 273 Geração: 4
Melhor até agora: 270 Geração: 11
Melhor até agora: 262 Geração: 14
Melhor até agora: 259 Geração: 21
Melhor até agora: 258 Geração: 33
Melhor até agora: 257 Geração: 36
Melhor até agora: 254 Geração: 40
Melhor até agora: 253 Geração: 48
Melhor até agora: 251 Geração: 63
Melhor até agora: 250 Geração: 79
Melhor até agora: 249 Geração: 85
Tamanho da população: 300
Fração elite: 0.25
Fração mutante: 0.2
Probabilidade herdar alelo elite: 0.7
Número de populações independentes: 2
Número de threads: 16
Trocar os melhores indivíduos a cada 30 gerações
Número máximo de gerações: 300
Número máximo de iterações sem melhora: 50
Largura da faixa = 12
Melhor altura = 249

Lower Bound 1 = 222
Lower Bound 2 = 179
Avaliação = 1.12162

Tempo de execução: 1s

---------------------------

Tamanho da população: 297
Fração elite: 0.55
Fração mutante: 0.0174
Probabilidade herdar alelo elite: 0.7678
Número de populações independentes: 1
Número de threads: 1
Trocar os melhores indivíduos a cada 30 gerações
Número máximo de gerações: 279

Largura da faixa = 12
Melhor altura = 252

Lower Bound 1 = 222
Lower Bound 2 = 179
Avaliação = 1.13514

Tempo de execução: 3.23906s

---------------------------

Tamanho da população: 297
Fração elite: 0.55
Fração mutante: 0.0174
Probabilidade herdar alelo elite: 0.7678
Número de populações independentes: 1
Número de threads: 1
Trocar os melhores indivíduos a cada 30 gerações
Número máximo de gerações: 279

Largura da faixa = 12
Melhor altura = 249

Lower Bound 1 = 222
Lower Bound 2 = 179
Avaliação = 1.12162

Tempo de execução: 3.29025s

---------------------------

Tamanho da população: 297
Fração elite: 0.55
Fração mutante: 0.0174
Probabilidade herdar alelo elite: 0.7678
Número de populações independentes: 1
Número de threads: 1
Trocar os melhores indivíduos a cada 30 gerações
Número máximo de gerações: 279

Largura da faixa = 12
Melhor altura = 251

Lower Bound 1 = 222
Lower Bound 2 = 179
Avaliação = 1.13063

Tempo de execução: 3.31705s

---------------------------

Tamanho da população: 297
Fração elite: 0.55
Fração mutante: 0.0174
Probabilidade herdar alelo elite: 0.7678
Número de populações independentes: 1
Número de threads: 1
Trocar os melhores indivíduos a cada 30 gerações
Número máximo de gerações: 279

Largura da faixa = 12
Melhor altura = 249

Lower Bound 1 = 222
Lower Bound 2 = 179
Avaliação = 1.12162

Tempo de execução: 3.29679s

---------------------------

Tamanho da população: 297
Fração elite: 0.55
Fração mutante: 0.0174
Probabilidade herdar alelo elite: 0.7678
Número de populações independentes: 1
Número de threads: 1
Trocar os melhores indivíduos a cada 30 gerações
Número máximo de gerações: 279

Largura da faixa = 12
Melhor altura = 249

Lower Bound 1 = 222
Lower Bound 2 = 179
Avaliação = 1.12162

Tempo de execução: 3.30451s

---------------------------

Tamanho da população: 297
Fração elite: 0.55
Fração mutante: 0.0174
Probabilidade herdar alelo elite: 0.7678
Número de populações independentes: 1
Número de threads: 1
Trocar os melhores indivíduos a cada 30 gerações
Número máximo de gerações: 279

Largura da faixa = 12
Melhor altura = 248

Lower Bound 1 = 222
Lower Bound 2 = 179
Avaliação = 1.11712

Tempo de execução: 3.40242s

---------------------------

Tamanho da população: 297
Fração elite: 0.55
Fração mutante: 0.0174
Probabilidade herdar alelo elite: 0.7678
Número de populações independentes: 1
Número de threads: 1
Trocar os melhores indivíduos a cada 30 gerações
Número máximo de gerações: 279

Largura da faixa = 12
Melhor altura = 249

Lower Bound 1 = 222
Lower Bound 2 = 179
Avaliação = 1.12162

Tempo de execução: 3.29669s

---------------------------

Tamanho da população: 297
Fração elite: 0.55
Fração mutante: 0.0174
Probabilidade herdar alelo elite: 0.7678
Número de populações independentes: 1
Número de threads: 1
Trocar os melhores indivíduos a cada 30 gerações
Número máximo de gerações: 279

Largura da faixa = 12
Melhor altura = 249

Lower Bound 1 = 222
Lower Bound 2 = 179
Avaliação = 1.12162

Tempo de execução: 3.32576s

---------------------------

Tamanho da população: 297
Fração elite: 0.55
Fração mutante: 0.0174
Probabilidade herdar alelo elite: 0.7678
Número de populações independentes: 1
Número de threads: 1
Trocar os melhores indivíduos a cada 30 gerações
Número máximo de gerações: 279

Largura da faixa = 12
Melhor altura = 248

Lower Bound 1 = 222
Lower Bound 2 = 179
Avaliação = 1.11712

Tempo de execução: 3.41067s

---------------------------

Tamanho da população: 297
Fração elite: 0.55
Fração mutante: 0.0174
Probabilidade herdar alelo elite: 0.7678
Número de populações independentes: 1
Número de threads: 1
Trocar os melhores indivíduos a cada 30 gerações
Número máximo de gerações: 279

Largura da faixa = 12
Melhor altura = 249

Lower Bound 1 = 222
Lower Bound 2 = 179
Avaliação = 1.12162

Tempo de execução: 3.20224s

---------------------------

Tamanho da população: 297
Fração elite: 0.55
Fração mutante: 0.0174
Probabilidade herdar alelo elite: 0.7678
Número de populações independentes: 1
Número de threads: 1
Trocar os melhores indivíduos a cada 30 gerações
Número máximo de gerações: 279

Largura da faixa = 12
Melhor altura = 249

Lower Bound 1 = 222
Lower Bound 2 = 179
Avaliação = 1.12162

Tempo de execução: 3.21725s

---------------------------

Tamanho da população: 297
Fração elite: 0.55
Fração mutante: 0.0174
Probabilidade herdar alelo elite: 0.7678
Número de populações independentes: 1
Número de threads: 1
Trocar os melhores indivíduos a cada 30 gerações
Número máximo de gerações: 279

Largura da faixa = 12
Melhor altura = 249

Lower Bound 1 = 222
Lower Bound 2 = 179
Avaliação = 1.12162

Tempo de execução: 3.3584s

---------------------------

Tamanho da população: 297
Fração elite: 0.55
Fração mutante: 0.0174
Probabilidade herdar alelo elite: 0.7678
Número de populações independentes: 1
Número de threads: 1
Trocar os melhores indivíduos a cada 30 gerações
Número máximo de gerações: 279

Largura da faixa = 12
Melhor altura = 250

Lower Bound 1 = 222
Lower Bound 2 = 179
Avaliação = 1.12613

Tempo de execução: 3.195s

---------------------------

Tamanho da população: 297
Fração elite: 0.55
Fração mutante: 0.0174
Probabilidade herdar alelo elite: 0.7678
Número de populações independentes: 1
Número de threads: 1
Trocar os melhores indivíduos a cada 30 gerações
Número máximo de gerações: 279

Largura da faixa = 12
Melhor altura = 249

Lower Bound 1 = 222
Lower Bound 2 = 179
Avaliação = 1.12162

Tempo de execução: 3.34766s

---------------------------

Tamanho da população: 297
Fração elite: 0.55
Fração mutante: 0.0174
Probabilidade herdar alelo elite: 0.7678
Número de populações independentes: 1
Número de threads: 1
Trocar os melhores indivíduos a cada 30 gerações
Número máximo de gerações: 279

Largura da faixa = 12
Melhor altura = 251

Lower Bound 1 = 222
Lower Bound 2 = 179
Avaliação = 1.13063

Tempo de execução: 3.38686s

---------------------------

Tamanho da população: 297
Fração elite: 0.55
Fração mutante: 0.0174
Probabilidade herdar alelo elite: 0.7678
Número de populações independentes: 1
Número de threads: 1
Trocar os melhores indivíduos a cada 30 gerações
Número máximo de gerações: 279

Largura da faixa = 12
Melhor altura = 249

Lower Bound 1 = 222
Lower Bound 2 = 179
Avaliação = 1.12162

Tempo de execução: 3.28919s

---------------------------

Tamanho da população: 297
Fração elite: 0.55
Fração mutante: 0.0174
Probabilidade herdar alelo elite: 0.7678
Número de populações independentes: 1
Número de threads: 1
Trocar os melhores indivíduos a cada 30 gerações
Número máximo de gerações: 279

Largura da faixa = 12
Melhor altura = 251

Lower Bound 1 = 222
Lower Bound 2 = 179
Avaliação = 1.13063

Tempo de execução: 3.3076s

---------------------------

Tamanho da população: 297
Fração elite: 0.55
Fração mutante: 0.0174
Probabilidade herdar alelo elite: 0.7678
Número de populações independentes: 1
Número de threads: 1
Trocar os melhores indivíduos a cada 30 gerações
Número máximo de gerações: 279

Largura da faixa = 12
Melhor altura = 249

Lower Bound 1 = 222
Lower Bound 2 = 179
Avaliação = 1.12162

Tempo de execução: 3.33938s

---------------------------

Tamanho da população: 297
Fração elite: 0.55
Fração mutante: 0.0174
Probabilidade herdar alelo elite: 0.7678
Número de populações independentes: 1
Número de threads: 1
Trocar os melhores indivíduos a cada 30 gerações
Número máximo de gerações: 279

Largura da faixa = 12
Melhor altura = 249

Lower Bound 1 = 222
Lower Bound 2 = 179
Avaliação = 1.12162

Tempo de execução: 3.19988s

---------------------------

Tamanho da população: 297
Fração elite: 0.55
Fração mutante: 0.0174
Probabilidade herdar alelo elite: 0.7678
Número de populações independentes: 1
Número de threads: 1
Trocar os melhores indivíduos a cada 30 gerações
Número máximo de gerações: 279

Largura da faixa = 12
Melhor altura = 251

Lower Bound 1 = 222
Lower Bound 2 = 179
Avaliação = 1.13063

Tempo de execução: 3.26921s

---------------------------

