Tamanho da população: 475
Fração elite: 0.2121
Fração mutante: 0.0442
Probabilidade herdar alelo elite: 0.6514
Número de populações independentes: 3
Troca de informação de 4 individuos a cada 241 gerações
Número de threads: 1

Largura da faixa = 12
Melhor altura = 474

Lower Bound 1 = 417
Lower Bound 2 = 350
Avaliação = 1.13669

Tempo de execução: 60.0262s

---------------------------

Tamanho da população: 475
Fração elite: 0.2121
Fração mutante: 0.0442
Probabilidade herdar alelo elite: 0.6514
Número de populações independentes: 3
Troca de informação de 4 individuos a cada 241 gerações
Número de threads: 1

Largura da faixa = 12
Melhor altura = 474

Lower Bound 1 = 417
Lower Bound 2 = 350
Avaliação = 1.13669

Tempo de execução: 60.0519s

---------------------------

Tamanho da população: 475
Fração elite: 0.2121
Fração mutante: 0.0442
Probabilidade herdar alelo elite: 0.6514
Número de populações independentes: 3
Troca de informação de 4 individuos a cada 241 gerações
Número de threads: 1

Largura da faixa = 12
Melhor altura = 474

Lower Bound 1 = 417
Lower Bound 2 = 350
Avaliação = 1.13669

Tempo de execução: 60.0553s

---------------------------

Tamanho da população: 475
Fração elite: 0.2121
Fração mutante: 0.0442
Probabilidade herdar alelo elite: 0.6514
Número de populações independentes: 3
Troca de informação de 4 individuos a cada 241 gerações
Número de threads: 1

Largura da faixa = 12
Melhor altura = 474

Lower Bound 1 = 417
Lower Bound 2 = 350
Avaliação = 1.13669

Tempo de execução: 60.0617s

---------------------------

Tamanho da população: 475
Fração elite: 0.2121
Fração mutante: 0.0442
Probabilidade herdar alelo elite: 0.6514
Número de populações independentes: 3
Troca de informação de 4 individuos a cada 241 gerações
Número de threads: 1

Largura da faixa = 12
Melhor altura = 473

Lower Bound 1 = 417
Lower Bound 2 = 350
Avaliação = 1.13429

Tempo de execução: 60.0717s

---------------------------

Tamanho da população: 475
Fração elite: 0.2121
Fração mutante: 0.0442
Probabilidade herdar alelo elite: 0.6514
Número de populações independentes: 3
Troca de informação de 4 individuos a cada 241 gerações
Número de threads: 1

Largura da faixa = 12
Melhor altura = 475

Lower Bound 1 = 417
Lower Bound 2 = 350
Avaliação = 1.13909

Tempo de execução: 60.0842s

---------------------------

Tamanho da população: 475
Fração elite: 0.2121
Fração mutante: 0.0442
Probabilidade herdar alelo elite: 0.6514
Número de populações independentes: 3
Troca de informação de 4 individuos a cada 241 gerações
Número de threads: 1

Largura da faixa = 12
Melhor altura = 475

Lower Bound 1 = 417
Lower Bound 2 = 350
Avaliação = 1.13909

Tempo de execução: 60.0052s

---------------------------

Tamanho da população: 475
Fração elite: 0.2121
Fração mutante: 0.0442
Probabilidade herdar alelo elite: 0.6514
Número de populações independentes: 3
Troca de informação de 4 individuos a cada 241 gerações
Número de threads: 1

Largura da faixa = 12
Melhor altura = 473

Lower Bound 1 = 417
Lower Bound 2 = 350
Avaliação = 1.13429

Tempo de execução: 60.0085s

---------------------------

Tamanho da população: 475
Fração elite: 0.2121
Fração mutante: 0.0442
Probabilidade herdar alelo elite: 0.6514
Número de populações independentes: 3
Troca de informação de 4 individuos a cada 241 gerações
Número de threads: 1

Largura da faixa = 12
Melhor altura = 476

Lower Bound 1 = 417
Lower Bound 2 = 350
Avaliação = 1.14149

Tempo de execução: 60.0273s

---------------------------

Tamanho da população: 475
Fração elite: 0.2121
Fração mutante: 0.0442
Probabilidade herdar alelo elite: 0.6514
Número de populações independentes: 3
Troca de informação de 4 individuos a cada 241 gerações
Número de threads: 1

Largura da faixa = 12
Melhor altura = 475

Lower Bound 1 = 417
Lower Bound 2 = 350
Avaliação = 1.13909

Tempo de execução: 60.0711s

---------------------------

Tamanho da população: 475
Fração elite: 0.2121
Fração mutante: 0.0442
Probabilidade herdar alelo elite: 0.6514
Número de populações independentes: 3
Troca de informação de 4 individuos a cada 241 gerações
Número de threads: 1

Largura da faixa = 12
Melhor altura = 473

Lower Bound 1 = 417
Lower Bound 2 = 350
Avaliação = 1.13429

Tempo de execução: 60.0937s

---------------------------

Tamanho da população: 475
Fração elite: 0.2121
Fração mutante: 0.0442
Probabilidade herdar alelo elite: 0.6514
Número de populações independentes: 3
Troca de informação de 4 individuos a cada 241 gerações
Número de threads: 1

Largura da faixa = 12
Melhor altura = 476

Lower Bound 1 = 417
Lower Bound 2 = 350
Avaliação = 1.14149

Tempo de execução: 60.0957s

---------------------------

Tamanho da população: 475
Fração elite: 0.2121
Fração mutante: 0.0442
Probabilidade herdar alelo elite: 0.6514
Número de populações independentes: 3
Troca de informação de 4 individuos a cada 241 gerações
Número de threads: 1

Largura da faixa = 12
Melhor altura = 475

Lower Bound 1 = 417
Lower Bound 2 = 350
Avaliação = 1.13909

Tempo de execução: 60.0126s

---------------------------

Tamanho da população: 475
Fração elite: 0.2121
Fração mutante: 0.0442
Probabilidade herdar alelo elite: 0.6514
Número de populações independentes: 3
Troca de informação de 4 individuos a cada 241 gerações
Número de threads: 1

Largura da faixa = 12
Melhor altura = 475

Lower Bound 1 = 417
Lower Bound 2 = 350
Avaliação = 1.13909

Tempo de execução: 60.0419s

---------------------------

Tamanho da população: 475
Fração elite: 0.2121
Fração mutante: 0.0442
Probabilidade herdar alelo elite: 0.6514
Número de populações independentes: 3
Troca de informação de 4 individuos a cada 241 gerações
Número de threads: 1

Largura da faixa = 12
Melhor altura = 474

Lower Bound 1 = 417
Lower Bound 2 = 350
Avaliação = 1.13669

Tempo de execução: 60.0538s

---------------------------

Tamanho da população: 475
Fração elite: 0.2121
Fração mutante: 0.0442
Probabilidade herdar alelo elite: 0.6514
Número de populações independentes: 3
Troca de informação de 4 individuos a cada 241 gerações
Número de threads: 1

Largura da faixa = 12
Melhor altura = 476

Lower Bound 1 = 417
Lower Bound 2 = 350
Avaliação = 1.14149

Tempo de execução: 60.0674s

---------------------------

Tamanho da população: 475
Fração elite: 0.2121
Fração mutante: 0.0442
Probabilidade herdar alelo elite: 0.6514
Número de populações independentes: 3
Troca de informação de 4 individuos a cada 241 gerações
Número de threads: 1

Largura da faixa = 12
Melhor altura = 474

Lower Bound 1 = 417
Lower Bound 2 = 350
Avaliação = 1.13669

Tempo de execução: 60.0707s

---------------------------

Tamanho da população: 475
Fração elite: 0.2121
Fração mutante: 0.0442
Probabilidade herdar alelo elite: 0.6514
Número de populações independentes: 3
Troca de informação de 4 individuos a cada 241 gerações
Número de threads: 1

Largura da faixa = 12
Melhor altura = 476

Lower Bound 1 = 417
Lower Bound 2 = 350
Avaliação = 1.14149

Tempo de execução: 60.0749s

---------------------------

Tamanho da população: 475
Fração elite: 0.2121
Fração mutante: 0.0442
Probabilidade herdar alelo elite: 0.6514
Número de populações independentes: 3
Troca de informação de 4 individuos a cada 241 gerações
Número de threads: 1

Largura da faixa = 12
Melhor altura = 474

Lower Bound 1 = 417
Lower Bound 2 = 350
Avaliação = 1.13669

Tempo de execução: 60.0258s

---------------------------

Tamanho da população: 475
Fração elite: 0.2121
Fração mutante: 0.0442
Probabilidade herdar alelo elite: 0.6514
Número de populações independentes: 3
Troca de informação de 4 individuos a cada 241 gerações
Número de threads: 1

Largura da faixa = 12
Melhor altura = 475

Lower Bound 1 = 417
Lower Bound 2 = 350
Avaliação = 1.13909

Tempo de execução: 60.0962s
