Tamanho da população: 475
Fração elite: 0.2121
Fração mutante: 0.0442
Probabilidade herdar alelo elite: 0.6514
Número de populações independentes: 3
Troca de informação de 4 individuos a cada 241 gerações
Número de threads: 1

Largura da faixa = 12
Melhor altura = 78

Lower Bound 1 = 61
Lower Bound 2 = 75
Avaliação = 1.04

Tempo de execução: 60.0042s

---------------------------

Tamanho da população: 475
Fração elite: 0.2121
Fração mutante: 0.0442
Probabilidade herdar alelo elite: 0.6514
Número de populações independentes: 3
Troca de informação de 4 individuos a cada 241 gerações
Número de threads: 1

Largura da faixa = 12
Melhor altura = 78

Lower Bound 1 = 61
Lower Bound 2 = 75
Avaliação = 1.04

Tempo de execução: 60.0049s

---------------------------

Tamanho da população: 475
Fração elite: 0.2121
Fração mutante: 0.0442
Probabilidade herdar alelo elite: 0.6514
Número de populações independentes: 3
Troca de informação de 4 individuos a cada 241 gerações
Número de threads: 1

Largura da faixa = 12
Melhor altura = 78

Lower Bound 1 = 61
Lower Bound 2 = 75
Avaliação = 1.04

Tempo de execução: 60.0077s

---------------------------

Tamanho da população: 475
Fração elite: 0.2121
Fração mutante: 0.0442
Probabilidade herdar alelo elite: 0.6514
Número de populações independentes: 3
Troca de informação de 4 individuos a cada 241 gerações
Número de threads: 1

Largura da faixa = 12
Melhor altura = 78

Lower Bound 1 = 61
Lower Bound 2 = 75
Avaliação = 1.04

Tempo de execução: 60.0085s

---------------------------

Tamanho da população: 475
Fração elite: 0.2121
Fração mutante: 0.0442
Probabilidade herdar alelo elite: 0.6514
Número de populações independentes: 3
Troca de informação de 4 individuos a cada 241 gerações
Número de threads: 1

Largura da faixa = 12
Melhor altura = 78

Lower Bound 1 = 61
Lower Bound 2 = 75
Avaliação = 1.04

Tempo de execução: 60.0088s

---------------------------

Tamanho da população: 475
Fração elite: 0.2121
Fração mutante: 0.0442
Probabilidade herdar alelo elite: 0.6514
Número de populações independentes: 3
Troca de informação de 4 individuos a cada 241 gerações
Número de threads: 1

Largura da faixa = 12
Melhor altura = 78

Lower Bound 1 = 61
Lower Bound 2 = 75
Avaliação = 1.04

Tempo de execução: 60.0123s

---------------------------

Tamanho da população: 475
Fração elite: 0.2121
Fração mutante: 0.0442
Probabilidade herdar alelo elite: 0.6514
Número de populações independentes: 3
Troca de informação de 4 individuos a cada 241 gerações
Número de threads: 1

Largura da faixa = 12
Melhor altura = 78

Lower Bound 1 = 61
Lower Bound 2 = 75
Avaliação = 1.04

Tempo de execução: 60.0048s

---------------------------

Tamanho da população: 475
Fração elite: 0.2121
Fração mutante: 0.0442
Probabilidade herdar alelo elite: 0.6514
Número de populações independentes: 3
Troca de informação de 4 individuos a cada 241 gerações
Número de threads: 1

Largura da faixa = 12
Melhor altura = 78

Lower Bound 1 = 61
Lower Bound 2 = 75
Avaliação = 1.04

Tempo de execução: 60.0072s

---------------------------

Tamanho da população: 475
Fração elite: 0.2121
Fração mutante: 0.0442
Probabilidade herdar alelo elite: 0.6514
Número de populações independentes: 3
Troca de informação de 4 individuos a cada 241 gerações
Número de threads: 1

Largura da faixa = 12
Melhor altura = 78

Lower Bound 1 = 61
Lower Bound 2 = 75
Avaliação = 1.04

Tempo de execução: 60.0091s

---------------------------

Tamanho da população: 475
Fração elite: 0.2121
Fração mutante: 0.0442
Probabilidade herdar alelo elite: 0.6514
Número de populações independentes: 3
Troca de informação de 4 individuos a cada 241 gerações
Número de threads: 1

Largura da faixa = 12
Melhor altura = 78

Lower Bound 1 = 61
Lower Bound 2 = 75
Avaliação = 1.04

Tempo de execução: 60.0108s

---------------------------

Tamanho da população: 475
Fração elite: 0.2121
Fração mutante: 0.0442
Probabilidade herdar alelo elite: 0.6514
Número de populações independentes: 3
Troca de informação de 4 individuos a cada 241 gerações
Número de threads: 1

Largura da faixa = 12
Melhor altura = 78

Lower Bound 1 = 61
Lower Bound 2 = 75
Avaliação = 1.04

Tempo de execução: 60.011s

---------------------------

Tamanho da população: 475
Fração elite: 0.2121
Fração mutante: 0.0442
Probabilidade herdar alelo elite: 0.6514
Número de populações independentes: 3
Troca de informação de 4 individuos a cada 241 gerações
Número de threads: 1

Largura da faixa = 12
Melhor altura = 78

Lower Bound 1 = 61
Lower Bound 2 = 75
Avaliação = 1.04

Tempo de execução: 60.0121s

---------------------------

Tamanho da população: 475
Fração elite: 0.2121
Fração mutante: 0.0442
Probabilidade herdar alelo elite: 0.6514
Número de populações independentes: 3
Troca de informação de 4 individuos a cada 241 gerações
Número de threads: 1

Largura da faixa = 12
Melhor altura = 78

Lower Bound 1 = 61
Lower Bound 2 = 75
Avaliação = 1.04

Tempo de execução: 60.001s

---------------------------

Tamanho da população: 475
Fração elite: 0.2121
Fração mutante: 0.0442
Probabilidade herdar alelo elite: 0.6514
Número de populações independentes: 3
Troca de informação de 4 individuos a cada 241 gerações
Número de threads: 1

Largura da faixa = 12
Melhor altura = 78

Lower Bound 1 = 61
Lower Bound 2 = 75
Avaliação = 1.04

Tempo de execução: 60.0055s

---------------------------

Tamanho da população: 475
Fração elite: 0.2121
Fração mutante: 0.0442
Probabilidade herdar alelo elite: 0.6514
Número de populações independentes: 3
Troca de informação de 4 individuos a cada 241 gerações
Número de threads: 1

Largura da faixa = 12
Melhor altura = 78

Lower Bound 1 = 61
Lower Bound 2 = 75
Avaliação = 1.04

Tempo de execução: 60.0067s

---------------------------

Tamanho da população: 475
Fração elite: 0.2121
Fração mutante: 0.0442
Probabilidade herdar alelo elite: 0.6514
Número de populações independentes: 3
Troca de informação de 4 individuos a cada 241 gerações
Número de threads: 1

Largura da faixa = 12
Melhor altura = 78

Lower Bound 1 = 61
Lower Bound 2 = 75
Avaliação = 1.04

Tempo de execução: 60.0095s

---------------------------

Tamanho da população: 475
Fração elite: 0.2121
Fração mutante: 0.0442
Probabilidade herdar alelo elite: 0.6514
Número de populações independentes: 3
Troca de informação de 4 individuos a cada 241 gerações
Número de threads: 1

Largura da faixa = 12
Melhor altura = 78

Lower Bound 1 = 61
Lower Bound 2 = 75
Avaliação = 1.04

Tempo de execução: 60.011s

---------------------------

Tamanho da população: 475
Fração elite: 0.2121
Fração mutante: 0.0442
Probabilidade herdar alelo elite: 0.6514
Número de populações independentes: 3
Troca de informação de 4 individuos a cada 241 gerações
Número de threads: 1

Largura da faixa = 12
Melhor altura = 78

Lower Bound 1 = 61
Lower Bound 2 = 75
Avaliação = 1.04

Tempo de execução: 60.0122s

---------------------------

Tamanho da população: 475
Fração elite: 0.2121
Fração mutante: 0.0442
Probabilidade herdar alelo elite: 0.6514
Número de populações independentes: 3
Troca de informação de 4 individuos a cada 241 gerações
Número de threads: 1

Largura da faixa = 12
Melhor altura = 78

Lower Bound 1 = 61
Lower Bound 2 = 75
Avaliação = 1.04

Tempo de execução: 60.0035s

---------------------------

Tamanho da população: 475
Fração elite: 0.2121
Fração mutante: 0.0442
Probabilidade herdar alelo elite: 0.6514
Número de populações independentes: 3
Troca de informação de 4 individuos a cada 241 gerações
Número de threads: 1

Largura da faixa = 12
Melhor altura = 78

Lower Bound 1 = 61
Lower Bound 2 = 75
Avaliação = 1.04

Tempo de execução: 60.0059s
