Melhor até agora: 1292 Geração: 0
Melhor até agora: 1274 Geração: 1
Melhor até agora: 1270 Geração: 12
Melhor até agora: 1267 Geração: 15
Melhor até agora: 1258 Geração: 17
Melhor até agora: 1256 Geração: 23
Melhor até agora: 1242 Geração: 26
Melhor até agora: 1241 Geração: 30
Melhor até agora: 1240 Geração: 38
Melhor até agora: 1236 Geração: 40
Melhor até agora: 1235 Geração: 41
Tamanho da população: 300
Fração elite: 0.2
Fração mutante: 0.2
Probabilidade herdar alelo elite: 0.7
Número de populações independentes: 2
Número de threads: 16
Trocar os melhores indivíduos a cada 30 gerações
Número máximo de gerações: 300
Número máximo de iterações sem melhora: 50
Largura da faixa = 43
Melhor altura = 1235

Lower Bound 1 = 1034
Lower Bound 2 = 348
Avaliação = 1.19439

Tempo de execução: 1s

---------------------------

Melhor até agora: 1284 Geração: 0
Melhor até agora: 1282 Geração: 3
Melhor até agora: 1277 Geração: 5
Melhor até agora: 1263 Geração: 22
Melhor até agora: 1256 Geração: 26
Melhor até agora: 1255 Geração: 36
Melhor até agora: 1248 Geração: 44
Melhor até agora: 1240 Geração: 45
Melhor até agora: 1235 Geração: 55
Melhor até agora: 1233 Geração: 64
Melhor até agora: 1229 Geração: 74
Tamanho da população: 300
Fração elite: 0.2
Fração mutante: 0.2
Probabilidade herdar alelo elite: 0.7
Número de populações independentes: 2
Número de threads: 16
Trocar os melhores indivíduos a cada 30 gerações
Número máximo de gerações: 300
Número máximo de iterações sem melhora: 50
Largura da faixa = 43
Melhor altura = 1229

Lower Bound 1 = 1034
Lower Bound 2 = 348
Avaliação = 1.18859

Tempo de execução: 2s

---------------------------

Melhor até agora: 1292 Geração: 0
Melhor até agora: 1289 Geração: 2
Melhor até agora: 1285 Geração: 3
Melhor até agora: 1280 Geração: 7
Melhor até agora: 1272 Geração: 10
Melhor até agora: 1266 Geração: 24
Melhor até agora: 1265 Geração: 27
Melhor até agora: 1259 Geração: 32
Melhor até agora: 1249 Geração: 34
Melhor até agora: 1247 Geração: 41
Melhor até agora: 1245 Geração: 45
Melhor até agora: 1239 Geração: 47
Melhor até agora: 1235 Geração: 50
Melhor até agora: 1230 Geração: 58
Melhor até agora: 1229 Geração: 60
Melhor até agora: 1228 Geração: 104
Tamanho da população: 300
Fração elite: 0.2
Fração mutante: 0.2
Probabilidade herdar alelo elite: 0.7
Número de populações independentes: 2
Número de threads: 16
Trocar os melhores indivíduos a cada 30 gerações
Número máximo de gerações: 300
Número máximo de iterações sem melhora: 50
Largura da faixa = 43
Melhor altura = 1228

Lower Bound 1 = 1034
Lower Bound 2 = 348
Avaliação = 1.18762

Tempo de execução: 2s

---------------------------

Melhor até agora: 1292 Geração: 0
Melhor até agora: 1291 Geração: 1
Melhor até agora: 1274 Geração: 5
Melhor até agora: 1270 Geração: 7
Melhor até agora: 1264 Geração: 23
Melhor até agora: 1263 Geração: 25
Melhor até agora: 1262 Geração: 27
Melhor até agora: 1256 Geração: 28
Melhor até agora: 1251 Geração: 30
Melhor até agora: 1246 Geração: 34
Melhor até agora: 1245 Geração: 38
Melhor até agora: 1241 Geração: 40
Melhor até agora: 1239 Geração: 47
Melhor até agora: 1236 Geração: 49
Melhor até agora: 1235 Geração: 53
Melhor até agora: 1233 Geração: 59
Melhor até agora: 1229 Geração: 62
Melhor até agora: 1228 Geração: 69
Melhor até agora: 1226 Geração: 71
Melhor até agora: 1225 Geração: 73
Melhor até agora: 1222 Geração: 79
Melhor até agora: 1219 Geração: 86
Tamanho da população: 300
Fração elite: 0.2
Fração mutante: 0.2
Probabilidade herdar alelo elite: 0.7
Número de populações independentes: 2
Número de threads: 16
Trocar os melhores indivíduos a cada 30 gerações
Número máximo de gerações: 300
Número máximo de iterações sem melhora: 50
Largura da faixa = 43
Melhor altura = 1219

Lower Bound 1 = 1034
Lower Bound 2 = 348
Avaliação = 1.17892

Tempo de execução: 1s

---------------------------

Melhor até agora: 1292 Geração: 0
Melhor até agora: 1291 Geração: 3
Melhor até agora: 1283 Geração: 12
Melhor até agora: 1277 Geração: 15
Melhor até agora: 1266 Geração: 17
Melhor até agora: 1264 Geração: 21
Melhor até agora: 1261 Geração: 22
Melhor até agora: 1251 Geração: 26
Melhor até agora: 1245 Geração: 28
Melhor até agora: 1244 Geração: 33
Melhor até agora: 1243 Geração: 34
Melhor até agora: 1240 Geração: 38
Melhor até agora: 1230 Geração: 45
Melhor até agora: 1229 Geração: 64
Tamanho da população: 300
Fração elite: 0.2
Fração mutante: 0.2
Probabilidade herdar alelo elite: 0.7
Número de populações independentes: 2
Número de threads: 16
Trocar os melhores indivíduos a cada 30 gerações
Número máximo de gerações: 300
Número máximo de iterações sem melhora: 50
Largura da faixa = 43
Melhor altura = 1229

Lower Bound 1 = 1034
Lower Bound 2 = 348
Avaliação = 1.18859

Tempo de execução: 1s

---------------------------

Melhor até agora: 1292 Geração: 0
Melhor até agora: 1291 Geração: 1
Melhor até agora: 1283 Geração: 2
Melhor até agora: 1278 Geração: 4
Melhor até agora: 1277 Geração: 9
Melhor até agora: 1272 Geração: 13
Melhor até agora: 1268 Geração: 14
Melhor até agora: 1262 Geração: 17
Melhor até agora: 1259 Geração: 18
Melhor até agora: 1251 Geração: 22
Melhor até agora: 1248 Geração: 25
Melhor até agora: 1241 Geração: 29
Melhor até agora: 1235 Geração: 31
Melhor até agora: 1233 Geração: 45
Melhor até agora: 1232 Geração: 51
Melhor até agora: 1231 Geração: 58
Melhor até agora: 1227 Geração: 66
Melhor até agora: 1223 Geração: 75
Melhor até agora: 1222 Geração: 81
Melhor até agora: 1221 Geração: 105
Tamanho da população: 300
Fração elite: 0.2
Fração mutante: 0.2
Probabilidade herdar alelo elite: 0.7
Número de populações independentes: 2
Número de threads: 16
Trocar os melhores indivíduos a cada 30 gerações
Número máximo de gerações: 300
Número máximo de iterações sem melhora: 50
Largura da faixa = 43
Melhor altura = 1221

Lower Bound 1 = 1034
Lower Bound 2 = 348
Avaliação = 1.18085

Tempo de execução: 2s

---------------------------

Melhor até agora: 1292 Geração: 0
Melhor até agora: 1285 Geração: 4
Melhor até agora: 1284 Geração: 8
Melhor até agora: 1280 Geração: 13
Melhor até agora: 1273 Geração: 14
Melhor até agora: 1269 Geração: 16
Melhor até agora: 1253 Geração: 17
Melhor até agora: 1248 Geração: 18
Melhor até agora: 1245 Geração: 29
Melhor até agora: 1242 Geração: 30
Melhor até agora: 1241 Geração: 31
Melhor até agora: 1234 Geração: 37
Melhor até agora: 1228 Geração: 42
Melhor até agora: 1223 Geração: 71
Melhor até agora: 1222 Geração: 73
Melhor até agora: 1221 Geração: 99
Tamanho da população: 300
Fração elite: 0.2
Fração mutante: 0.2
Probabilidade herdar alelo elite: 0.7
Número de populações independentes: 2
Número de threads: 16
Trocar os melhores indivíduos a cada 30 gerações
Número máximo de gerações: 300
Número máximo de iterações sem melhora: 50
Largura da faixa = 43
Melhor altura = 1221

Lower Bound 1 = 1034
Lower Bound 2 = 348
Avaliação = 1.18085

Tempo de execução: 2s

---------------------------

Melhor até agora: 1291 Geração: 0
Melhor até agora: 1278 Geração: 2
Melhor até agora: 1268 Geração: 11
Melhor até agora: 1266 Geração: 14
Melhor até agora: 1263 Geração: 20
Melhor até agora: 1262 Geração: 25
Melhor até agora: 1261 Geração: 27
Melhor até agora: 1252 Geração: 31
Melhor até agora: 1251 Geração: 33
Melhor até agora: 1247 Geração: 36
Melhor até agora: 1241 Geração: 43
Melhor até agora: 1240 Geração: 47
Melhor até agora: 1235 Geração: 49
Melhor até agora: 1230 Geração: 61
Melhor até agora: 1229 Geração: 65
Tamanho da população: 300
Fração elite: 0.2
Fração mutante: 0.2
Probabilidade herdar alelo elite: 0.7
Número de populações independentes: 2
Número de threads: 16
Trocar os melhores indivíduos a cada 30 gerações
Número máximo de gerações: 300
Número máximo de iterações sem melhora: 50
Largura da faixa = 43
Melhor altura = 1229

Lower Bound 1 = 1034
Lower Bound 2 = 348
Avaliação = 1.18859

Tempo de execução: 1s

---------------------------

Melhor até agora: 1292 Geração: 0
Melhor até agora: 1291 Geração: 7
Melhor até agora: 1288 Geração: 10
Melhor até agora: 1277 Geração: 11
Melhor até agora: 1271 Geração: 17
Melhor até agora: 1260 Geração: 21
Melhor até agora: 1247 Geração: 47
Melhor até agora: 1245 Geração: 59
Melhor até agora: 1243 Geração: 62
Melhor até agora: 1241 Geração: 66
Melhor até agora: 1238 Geração: 67
Melhor até agora: 1236 Geração: 74
Melhor até agora: 1234 Geração: 78
Melhor até agora: 1232 Geração: 82
Melhor até agora: 1230 Geração: 86
Melhor até agora: 1229 Geração: 87
Melhor até agora: 1228 Geração: 104
Tamanho da população: 300
Fração elite: 0.2
Fração mutante: 0.2
Probabilidade herdar alelo elite: 0.7
Número de populações independentes: 2
Número de threads: 16
Trocar os melhores indivíduos a cada 30 gerações
Número máximo de gerações: 300
Número máximo de iterações sem melhora: 50
Largura da faixa = 43
Melhor altura = 1228

Lower Bound 1 = 1034
Lower Bound 2 = 348
Avaliação = 1.18762

Tempo de execução: 2s

---------------------------

Melhor até agora: 1292 Geração: 0
Melhor até agora: 1278 Geração: 2
Melhor até agora: 1271 Geração: 10
Melhor até agora: 1267 Geração: 13
Melhor até agora: 1264 Geração: 18
Melhor até agora: 1263 Geração: 19
Melhor até agora: 1260 Geração: 22
Melhor até agora: 1255 Geração: 23
Melhor até agora: 1247 Geração: 34
Melhor até agora: 1243 Geração: 40
Melhor até agora: 1238 Geração: 43
Melhor até agora: 1237 Geração: 51
Melhor até agora: 1235 Geração: 56
Melhor até agora: 1234 Geração: 57
Tamanho da população: 300
Fração elite: 0.2
Fração mutante: 0.2
Probabilidade herdar alelo elite: 0.7
Número de populações independentes: 2
Número de threads: 16
Trocar os melhores indivíduos a cada 30 gerações
Número máximo de gerações: 300
Número máximo de iterações sem melhora: 50
Largura da faixa = 43
Melhor altura = 1234

Lower Bound 1 = 1034
Lower Bound 2 = 348
Avaliação = 1.19342

Tempo de execução: 1s

---------------------------

Melhor até agora: 1292 Geração: 0
Melhor até agora: 1278 Geração: 3
Melhor até agora: 1271 Geração: 17
Melhor até agora: 1262 Geração: 18
Melhor até agora: 1259 Geração: 30
Melhor até agora: 1255 Geração: 32
Melhor até agora: 1245 Geração: 36
Melhor até agora: 1242 Geração: 39
Melhor até agora: 1241 Geração: 48
Melhor até agora: 1239 Geração: 49
Melhor até agora: 1237 Geração: 50
Melhor até agora: 1233 Geração: 54
Melhor até agora: 1231 Geração: 61
Melhor até agora: 1229 Geração: 86
Melhor até agora: 1222 Geração: 98
Tamanho da população: 300
Fração elite: 0.2
Fração mutante: 0.2
Probabilidade herdar alelo elite: 0.7
Número de populações independentes: 2
Número de threads: 16
Trocar os melhores indivíduos a cada 30 gerações
Número máximo de gerações: 300
Número máximo de iterações sem melhora: 50
Largura da faixa = 43
Melhor altura = 1222

Lower Bound 1 = 1034
Lower Bound 2 = 348
Avaliação = 1.18182

Tempo de execução: 2s

---------------------------

Melhor até agora: 1284 Geração: 0
Melhor até agora: 1279 Geração: 1
Melhor até agora: 1277 Geração: 10
Melhor até agora: 1268 Geração: 14
Melhor até agora: 1262 Geração: 18
Melhor até agora: 1255 Geração: 28
Melhor até agora: 1247 Geração: 32
Melhor até agora: 1245 Geração: 34
Melhor até agora: 1244 Geração: 38
Melhor até agora: 1237 Geração: 39
Melhor até agora: 1236 Geração: 44
Melhor até agora: 1234 Geração: 48
Melhor até agora: 1233 Geração: 51
Melhor até agora: 1230 Geração: 57
Melhor até agora: 1227 Geração: 61
Melhor até agora: 1226 Geração: 65
Melhor até agora: 1223 Geração: 69
Melhor até agora: 1221 Geração: 91
Tamanho da população: 300
Fração elite: 0.2
Fração mutante: 0.2
Probabilidade herdar alelo elite: 0.7
Número de populações independentes: 2
Número de threads: 16
Trocar os melhores indivíduos a cada 30 gerações
Número máximo de gerações: 300
Número máximo de iterações sem melhora: 50
Largura da faixa = 43
Melhor altura = 1221

Lower Bound 1 = 1034
Lower Bound 2 = 348
Avaliação = 1.18085

Tempo de execução: 2s

---------------------------

Melhor até agora: 1292 Geração: 0
Melhor até agora: 1291 Geração: 2
Melhor até agora: 1285 Geração: 4
Melhor até agora: 1284 Geração: 6
Melhor até agora: 1277 Geração: 11
Melhor até agora: 1276 Geração: 12
Melhor até agora: 1275 Geração: 14
Melhor até agora: 1263 Geração: 19
Melhor até agora: 1262 Geração: 23
Melhor até agora: 1255 Geração: 28
Melhor até agora: 1252 Geração: 29
Melhor até agora: 1247 Geração: 31
Melhor até agora: 1246 Geração: 32
Melhor até agora: 1245 Geração: 34
Melhor até agora: 1238 Geração: 35
Melhor até agora: 1233 Geração: 48
Melhor até agora: 1227 Geração: 62
Melhor até agora: 1225 Geração: 75
Melhor até agora: 1224 Geração: 79
Melhor até agora: 1222 Geração: 84
Melhor até agora: 1221 Geração: 108
Melhor até agora: 1219 Geração: 124
Tamanho da população: 300
Fração elite: 0.2
Fração mutante: 0.2
Probabilidade herdar alelo elite: 0.7
Número de populações independentes: 2
Número de threads: 16
Trocar os melhores indivíduos a cada 30 gerações
Número máximo de gerações: 300
Número máximo de iterações sem melhora: 50
Largura da faixa = 43
Melhor altura = 1219

Lower Bound 1 = 1034
Lower Bound 2 = 348
Avaliação = 1.17892

Tempo de execução: 2s

---------------------------

Melhor até agora: 1263 Geração: 0
Melhor até agora: 1259 Geração: 12
Melhor até agora: 1257 Geração: 29
Melhor até agora: 1251 Geração: 30
Melhor até agora: 1246 Geração: 57
Melhor até agora: 1238 Geração: 66
Melhor até agora: 1236 Geração: 70
Melhor até agora: 1235 Geração: 74
Melhor até agora: 1230 Geração: 81
Melhor até agora: 1229 Geração: 93
Melhor até agora: 1228 Geração: 130
Tamanho da população: 300
Fração elite: 0.2
Fração mutante: 0.2
Probabilidade herdar alelo elite: 0.7
Número de populações independentes: 2
Número de threads: 16
Trocar os melhores indivíduos a cada 30 gerações
Número máximo de gerações: 300
Número máximo de iterações sem melhora: 50
Largura da faixa = 43
Melhor altura = 1228

Lower Bound 1 = 1034
Lower Bound 2 = 348
Avaliação = 1.18762

Tempo de execução: 2s

---------------------------

Melhor até agora: 1285 Geração: 0
Melhor até agora: 1275 Geração: 1
Melhor até agora: 1271 Geração: 12
Melhor até agora: 1268 Geração: 20
Melhor até agora: 1264 Geração: 24
Melhor até agora: 1262 Geração: 26
Melhor até agora: 1258 Geração: 27
Melhor até agora: 1251 Geração: 29
Melhor até agora: 1248 Geração: 33
Melhor até agora: 1245 Geração: 34
Melhor até agora: 1243 Geração: 36
Melhor até agora: 1235 Geração: 37
Melhor até agora: 1233 Geração: 45
Melhor até agora: 1231 Geração: 48
Melhor até agora: 1229 Geração: 50
Melhor até agora: 1223 Geração: 68
Melhor até agora: 1222 Geração: 87
Tamanho da população: 300
Fração elite: 0.2
Fração mutante: 0.2
Probabilidade herdar alelo elite: 0.7
Número de populações independentes: 2
Número de threads: 16
Trocar os melhores indivíduos a cada 30 gerações
Número máximo de gerações: 300
Número máximo de iterações sem melhora: 50
Largura da faixa = 43
Melhor altura = 1222

Lower Bound 1 = 1034
Lower Bound 2 = 348
Avaliação = 1.18182

Tempo de execução: 1s

---------------------------

Melhor até agora: 1285 Geração: 0
Melhor até agora: 1284 Geração: 2
Melhor até agora: 1278 Geração: 5
Melhor até agora: 1272 Geração: 8
Melhor até agora: 1267 Geração: 11
Melhor até agora: 1261 Geração: 15
Melhor até agora: 1247 Geração: 19
Melhor até agora: 1240 Geração: 25
Melhor até agora: 1235 Geração: 34
Melhor até agora: 1229 Geração: 36
Melhor até agora: 1228 Geração: 50
Tamanho da população: 300
Fração elite: 0.2
Fração mutante: 0.2
Probabilidade herdar alelo elite: 0.7
Número de populações independentes: 2
Número de threads: 16
Trocar os melhores indivíduos a cada 30 gerações
Número máximo de gerações: 300
Número máximo de iterações sem melhora: 50
Largura da faixa = 43
Melhor altura = 1228

Lower Bound 1 = 1034
Lower Bound 2 = 348
Avaliação = 1.18762

Tempo de execução: 1s

---------------------------

Melhor até agora: 1276 Geração: 0
Melhor até agora: 1274 Geração: 7
Melhor até agora: 1269 Geração: 11
Melhor até agora: 1268 Geração: 13
Melhor até agora: 1254 Geração: 14
Melhor até agora: 1252 Geração: 21
Melhor até agora: 1247 Geração: 25
Melhor até agora: 1243 Geração: 29
Melhor até agora: 1234 Geração: 33
Melhor até agora: 1230 Geração: 40
Melhor até agora: 1229 Geração: 42
Tamanho da população: 300
Fração elite: 0.2
Fração mutante: 0.2
Probabilidade herdar alelo elite: 0.7
Número de populações independentes: 2
Número de threads: 16
Trocar os melhores indivíduos a cada 30 gerações
Número máximo de gerações: 300
Número máximo de iterações sem melhora: 50
Largura da faixa = 43
Melhor altura = 1229

Lower Bound 1 = 1034
Lower Bound 2 = 348
Avaliação = 1.18859

Tempo de execução: 1s

---------------------------

Melhor até agora: 1292 Geração: 0
Melhor até agora: 1291 Geração: 14
Melhor até agora: 1279 Geração: 24
Melhor até agora: 1270 Geração: 37
Melhor até agora: 1254 Geração: 40
Melhor até agora: 1250 Geração: 44
Melhor até agora: 1246 Geração: 56
Melhor até agora: 1244 Geração: 57
Melhor até agora: 1241 Geração: 69
Melhor até agora: 1240 Geração: 74
Melhor até agora: 1239 Geração: 89
Melhor até agora: 1238 Geração: 94
Melhor até agora: 1232 Geração: 100
Melhor até agora: 1221 Geração: 104
Tamanho da população: 300
Fração elite: 0.2
Fração mutante: 0.2
Probabilidade herdar alelo elite: 0.7
Número de populações independentes: 2
Número de threads: 16
Trocar os melhores indivíduos a cada 30 gerações
Número máximo de gerações: 300
Número máximo de iterações sem melhora: 50
Largura da faixa = 43
Melhor altura = 1221

Lower Bound 1 = 1034
Lower Bound 2 = 348
Avaliação = 1.18085

Tempo de execução: 2s

---------------------------

Melhor até agora: 1292 Geração: 0
Melhor até agora: 1279 Geração: 7
Melhor até agora: 1278 Geração: 11
Melhor até agora: 1265 Geração: 20
Melhor até agora: 1259 Geração: 26
Melhor até agora: 1256 Geração: 27
Melhor até agora: 1250 Geração: 31
Melhor até agora: 1249 Geração: 33
Melhor até agora: 1248 Geração: 36
Melhor até agora: 1238 Geração: 40
Melhor até agora: 1237 Geração: 45
Melhor até agora: 1229 Geração: 46
Melhor até agora: 1226 Geração: 57
Melhor até agora: 1222 Geração: 72
Melhor até agora: 1221 Geração: 88
Tamanho da população: 300
Fração elite: 0.2
Fração mutante: 0.2
Probabilidade herdar alelo elite: 0.7
Número de populações independentes: 2
Número de threads: 16
Trocar os melhores indivíduos a cada 30 gerações
Número máximo de gerações: 300
Número máximo de iterações sem melhora: 50
Largura da faixa = 43
Melhor altura = 1221

Lower Bound 1 = 1034
Lower Bound 2 = 348
Avaliação = 1.18085

Tempo de execução: 2s

---------------------------

Melhor até agora: 1292 Geração: 0
Melhor até agora: 1285 Geração: 7
Melhor até agora: 1278 Geração: 8
Melhor até agora: 1255 Geração: 18
Melhor até agora: 1252 Geração: 35
Melhor até agora: 1245 Geração: 39
Melhor até agora: 1235 Geração: 41
Melhor até agora: 1233 Geração: 54
Melhor até agora: 1229 Geração: 69
Melhor até agora: 1228 Geração: 84
Melhor até agora: 1222 Geração: 90
Tamanho da população: 300
Fração elite: 0.2
Fração mutante: 0.2
Probabilidade herdar alelo elite: 0.7
Número de populações independentes: 2
Número de threads: 16
Trocar os melhores indivíduos a cada 30 gerações
Número máximo de gerações: 300
Número máximo de iterações sem melhora: 50
Largura da faixa = 43
Melhor altura = 1222

Lower Bound 1 = 1034
Lower Bound 2 = 348
Avaliação = 1.18182

Tempo de execução: 2s

---------------------------

Melhor até agora: 1292 Geração: 0
Melhor até agora: 1285 Geração: 2
Melhor até agora: 1271 Geração: 6
Melhor até agora: 1269 Geração: 14
Melhor até agora: 1255 Geração: 17
Melhor até agora: 1252 Geração: 28
Melhor até agora: 1251 Geração: 33
Melhor até agora: 1246 Geração: 35
Melhor até agora: 1245 Geração: 38
Melhor até agora: 1241 Geração: 47
Melhor até agora: 1240 Geração: 53
Tamanho da população: 300
Fração elite: 0.2
Fração mutante: 0.2
Probabilidade herdar alelo elite: 0.7
Número de populações independentes: 2
Número de threads: 16
Trocar os melhores indivíduos a cada 30 gerações
Número máximo de gerações: 300
Número máximo de iterações sem melhora: 50
Largura da faixa = 43
Melhor altura = 1240

Lower Bound 1 = 1034
Lower Bound 2 = 348
Avaliação = 1.19923

Tempo de execução: 0s

---------------------------

Melhor até agora: 1292 Geração: 0
Melhor até agora: 1291 Geração: 10
Melhor até agora: 1282 Geração: 12
Melhor até agora: 1278 Geração: 17
Melhor até agora: 1267 Geração: 19
Melhor até agora: 1263 Geração: 24
Melhor até agora: 1261 Geração: 26
Melhor até agora: 1247 Geração: 29
Melhor até agora: 1243 Geração: 36
Melhor até agora: 1239 Geração: 38
Melhor até agora: 1238 Geração: 41
Melhor até agora: 1237 Geração: 48
Melhor até agora: 1235 Geração: 49
Melhor até agora: 1234 Geração: 54
Tamanho da população: 300
Fração elite: 0.2
Fração mutante: 0.2
Probabilidade herdar alelo elite: 0.7
Número de populações independentes: 2
Número de threads: 16
Trocar os melhores indivíduos a cada 30 gerações
Número máximo de gerações: 300
Número máximo de iterações sem melhora: 50
Largura da faixa = 43
Melhor altura = 1234

Lower Bound 1 = 1034
Lower Bound 2 = 348
Avaliação = 1.19342

Tempo de execução: 0s

---------------------------

Melhor até agora: 1292 Geração: 0
Melhor até agora: 1281 Geração: 6
Melhor até agora: 1274 Geração: 11
Melhor até agora: 1268 Geração: 16
Melhor até agora: 1262 Geração: 20
Melhor até agora: 1260 Geração: 30
Melhor até agora: 1259 Geração: 35
Melhor até agora: 1256 Geração: 42
Melhor até agora: 1253 Geração: 53
Melhor até agora: 1237 Geração: 68
Melhor até agora: 1235 Geração: 86
Tamanho da população: 300
Fração elite: 0.25
Fração mutante: 0.2
Probabilidade herdar alelo elite: 0.7
Número de populações independentes: 2
Número de threads: 16
Trocar os melhores indivíduos a cada 30 gerações
Número máximo de gerações: 300
Número máximo de iterações sem melhora: 50
Largura da faixa = 43
Melhor altura = 1235

Lower Bound 1 = 1034
Lower Bound 2 = 348
Avaliação = 1.19439

Tempo de execução: 1s

---------------------------

Melhor até agora: 1292 Geração: 0
Melhor até agora: 1285 Geração: 5
Melhor até agora: 1279 Geração: 8
Melhor até agora: 1276 Geração: 17
Melhor até agora: 1272 Geração: 32
Melhor até agora: 1271 Geração: 34
Melhor até agora: 1263 Geração: 38
Melhor até agora: 1262 Geração: 44
Melhor até agora: 1257 Geração: 48
Melhor até agora: 1255 Geração: 49
Melhor até agora: 1254 Geração: 54
Melhor até agora: 1252 Geração: 55
Melhor até agora: 1246 Geração: 56
Melhor até agora: 1244 Geração: 57
Melhor até agora: 1242 Geração: 65
Melhor até agora: 1241 Geração: 66
Melhor até agora: 1240 Geração: 70
Melhor até agora: 1233 Geração: 72
Melhor até agora: 1232 Geração: 86
Melhor até agora: 1230 Geração: 87
Melhor até agora: 1229 Geração: 88
Tamanho da população: 300
Fração elite: 0.25
Fração mutante: 0.2
Probabilidade herdar alelo elite: 0.7
Número de populações independentes: 2
Número de threads: 16
Trocar os melhores indivíduos a cada 30 gerações
Número máximo de gerações: 300
Número máximo de iterações sem melhora: 50
Largura da faixa = 43
Melhor altura = 1229

Lower Bound 1 = 1034
Lower Bound 2 = 348
Avaliação = 1.18859

Tempo de execução: 1s

---------------------------

Melhor até agora: 1292 Geração: 0
Melhor até agora: 1285 Geração: 8
Melhor até agora: 1278 Geração: 21
Melhor até agora: 1277 Geração: 22
Melhor até agora: 1271 Geração: 25
Melhor até agora: 1269 Geração: 35
Melhor até agora: 1253 Geração: 38
Melhor até agora: 1248 Geração: 39
Melhor até agora: 1247 Geração: 48
Melhor até agora: 1242 Geração: 62
Melhor até agora: 1235 Geração: 79
Melhor até agora: 1234 Geração: 85
Melhor até agora: 1233 Geração: 87
Melhor até agora: 1232 Geração: 99
Melhor até agora: 1229 Geração: 110
Melhor até agora: 1228 Geração: 111
Tamanho da população: 300
Fração elite: 0.25
Fração mutante: 0.2
Probabilidade herdar alelo elite: 0.7
Número de populações independentes: 2
Número de threads: 16
Trocar os melhores indivíduos a cada 30 gerações
Número máximo de gerações: 300
Número máximo de iterações sem melhora: 50
Largura da faixa = 43
Melhor altura = 1228

Lower Bound 1 = 1034
Lower Bound 2 = 348
Avaliação = 1.18762

Tempo de execução: 1s

---------------------------

Melhor até agora: 1292 Geração: 0
Melhor até agora: 1288 Geração: 8
Melhor até agora: 1279 Geração: 13
Melhor até agora: 1265 Geração: 14
Melhor até agora: 1263 Geração: 34
Melhor até agora: 1255 Geração: 37
Melhor até agora: 1252 Geração: 40
Melhor até agora: 1251 Geração: 43
Melhor até agora: 1243 Geração: 45
Melhor até agora: 1240 Geração: 49
Melhor até agora: 1239 Geração: 59
Melhor até agora: 1232 Geração: 60
Melhor até agora: 1229 Geração: 63
Melhor até agora: 1228 Geração: 75
Tamanho da população: 300
Fração elite: 0.25
Fração mutante: 0.2
Probabilidade herdar alelo elite: 0.7
Número de populações independentes: 2
Número de threads: 16
Trocar os melhores indivíduos a cada 30 gerações
Número máximo de gerações: 300
Número máximo de iterações sem melhora: 50
Largura da faixa = 43
Melhor altura = 1228

Lower Bound 1 = 1034
Lower Bound 2 = 348
Avaliação = 1.18762

Tempo de execução: 1s

---------------------------

Melhor até agora: 1292 Geração: 0
Melhor até agora: 1278 Geração: 10
Melhor até agora: 1272 Geração: 27
Melhor até agora: 1270 Geração: 30
Melhor até agora: 1267 Geração: 33
Melhor até agora: 1264 Geração: 36
Melhor até agora: 1263 Geração: 40
Melhor até agora: 1262 Geração: 43
Melhor até agora: 1256 Geração: 45
Melhor até agora: 1255 Geração: 53
Melhor até agora: 1252 Geração: 55
Melhor até agora: 1249 Geração: 57
Melhor até agora: 1245 Geração: 62
Melhor até agora: 1239 Geração: 71
Melhor até agora: 1229 Geração: 79
Melhor até agora: 1228 Geração: 98
Tamanho da população: 300
Fração elite: 0.25
Fração mutante: 0.2
Probabilidade herdar alelo elite: 0.7
Número de populações independentes: 2
Número de threads: 16
Trocar os melhores indivíduos a cada 30 gerações
Número máximo de gerações: 300
Número máximo de iterações sem melhora: 50
Largura da faixa = 43
Melhor altura = 1228

Lower Bound 1 = 1034
Lower Bound 2 = 348
Avaliação = 1.18762

Tempo de execução: 1s

---------------------------

Melhor até agora: 1292 Geração: 0
Melhor até agora: 1291 Geração: 3
Melhor até agora: 1281 Geração: 4
Melhor até agora: 1271 Geração: 7
Melhor até agora: 1267 Geração: 17
Melhor até agora: 1261 Geração: 18
Melhor até agora: 1255 Geração: 28
Melhor até agora: 1252 Geração: 30
Melhor até agora: 1250 Geração: 34
Melhor até agora: 1249 Geração: 35
Melhor até agora: 1247 Geração: 36
Melhor até agora: 1244 Geração: 46
Melhor até agora: 1243 Geração: 53
Melhor até agora: 1238 Geração: 59
Melhor até agora: 1235 Geração: 65
Tamanho da população: 300
Fração elite: 0.25
Fração mutante: 0.2
Probabilidade herdar alelo elite: 0.7
Número de populações independentes: 2
Número de threads: 16
Trocar os melhores indivíduos a cada 30 gerações
Número máximo de gerações: 300
Número máximo de iterações sem melhora: 50
Largura da faixa = 43
Melhor altura = 1235

Lower Bound 1 = 1034
Lower Bound 2 = 348
Avaliação = 1.19439

Tempo de execução: 1s

---------------------------

Melhor até agora: 1292 Geração: 0
Melhor até agora: 1279 Geração: 12
Melhor até agora: 1263 Geração: 13
Melhor até agora: 1261 Geração: 20
Melhor até agora: 1256 Geração: 23
Melhor até agora: 1254 Geração: 27
Melhor até agora: 1245 Geração: 29
Melhor até agora: 1242 Geração: 31
Melhor até agora: 1234 Geração: 39
Melhor até agora: 1230 Geração: 48
Melhor até agora: 1229 Geração: 51
Melhor até agora: 1228 Geração: 98
Tamanho da população: 300
Fração elite: 0.25
Fração mutante: 0.2
Probabilidade herdar alelo elite: 0.7
Número de populações independentes: 2
Número de threads: 16
Trocar os melhores indivíduos a cada 30 gerações
Número máximo de gerações: 300
Número máximo de iterações sem melhora: 50
Largura da faixa = 43
Melhor altura = 1228

Lower Bound 1 = 1034
Lower Bound 2 = 348
Avaliação = 1.18762

Tempo de execução: 1s

---------------------------

Melhor até agora: 1292 Geração: 0
Melhor até agora: 1291 Geração: 2
Melhor até agora: 1279 Geração: 6
Melhor até agora: 1278 Geração: 12
Melhor até agora: 1274 Geração: 27
Melhor até agora: 1271 Geração: 29
Melhor até agora: 1267 Geração: 31
Melhor até agora: 1262 Geração: 33
Melhor até agora: 1260 Geração: 37
Melhor até agora: 1254 Geração: 39
Melhor até agora: 1253 Geração: 42
Melhor até agora: 1251 Geração: 49
Melhor até agora: 1248 Geração: 55
Melhor até agora: 1246 Geração: 66
Melhor até agora: 1245 Geração: 68
Melhor até agora: 1237 Geração: 71
Melhor até agora: 1235 Geração: 87
Melhor até agora: 1229 Geração: 112
Melhor até agora: 1222 Geração: 129
Tamanho da população: 300
Fração elite: 0.25
Fração mutante: 0.2
Probabilidade herdar alelo elite: 0.7
Número de populações independentes: 2
Número de threads: 16
Trocar os melhores indivíduos a cada 30 gerações
Número máximo de gerações: 300
Número máximo de iterações sem melhora: 50
Largura da faixa = 43
Melhor altura = 1222

Lower Bound 1 = 1034
Lower Bound 2 = 348
Avaliação = 1.18182

Tempo de execução: 1s

---------------------------

Melhor até agora: 1292 Geração: 0
Melhor até agora: 1284 Geração: 6
Melhor até agora: 1280 Geração: 25
Melhor até agora: 1274 Geração: 34
Melhor até agora: 1273 Geração: 40
Melhor até agora: 1272 Geração: 48
Melhor até agora: 1269 Geração: 49
Melhor até agora: 1268 Geração: 50
Melhor até agora: 1267 Geração: 51
Melhor até agora: 1266 Geração: 52
Melhor até agora: 1261 Geração: 53
Melhor até agora: 1259 Geração: 55
Melhor até agora: 1250 Geração: 56
Melhor até agora: 1249 Geração: 63
Melhor até agora: 1247 Geração: 64
Melhor até agora: 1245 Geração: 67
Melhor até agora: 1244 Geração: 72
Melhor até agora: 1240 Geração: 97
Melhor até agora: 1233 Geração: 108
Tamanho da população: 300
Fração elite: 0.25
Fração mutante: 0.2
Probabilidade herdar alelo elite: 0.7
Número de populações independentes: 2
Número de threads: 16
Trocar os melhores indivíduos a cada 30 gerações
Número máximo de gerações: 300
Número máximo de iterações sem melhora: 50
Largura da faixa = 43
Melhor altura = 1233

Lower Bound 1 = 1034
Lower Bound 2 = 348
Avaliação = 1.19246

Tempo de execução: 1s

---------------------------

Melhor até agora: 1292 Geração: 0
Melhor até agora: 1285 Geração: 7
Melhor até agora: 1279 Geração: 8
Melhor até agora: 1263 Geração: 12
Melhor até agora: 1262 Geração: 19
Melhor até agora: 1261 Geração: 22
Melhor até agora: 1255 Geração: 33
Melhor até agora: 1252 Geração: 35
Melhor até agora: 1250 Geração: 40
Melhor até agora: 1246 Geração: 45
Melhor até agora: 1243 Geração: 50
Melhor até agora: 1234 Geração: 56
Melhor até agora: 1229 Geração: 78
Melhor até agora: 1228 Geração: 103
Tamanho da população: 300
Fração elite: 0.25
Fração mutante: 0.2
Probabilidade herdar alelo elite: 0.7
Número de populações independentes: 2
Número de threads: 16
Trocar os melhores indivíduos a cada 30 gerações
Número máximo de gerações: 300
Número máximo de iterações sem melhora: 50
Largura da faixa = 43
Melhor altura = 1228

Lower Bound 1 = 1034
Lower Bound 2 = 348
Avaliação = 1.18762

Tempo de execução: 1s

---------------------------

Melhor até agora: 1292 Geração: 0
Melhor até agora: 1278 Geração: 1
Melhor até agora: 1273 Geração: 35
Melhor até agora: 1266 Geração: 39
Melhor até agora: 1260 Geração: 42
Melhor até agora: 1256 Geração: 46
Melhor até agora: 1253 Geração: 56
Melhor até agora: 1250 Geração: 61
Melhor até agora: 1244 Geração: 63
Melhor até agora: 1243 Geração: 72
Melhor até agora: 1242 Geração: 75
Melhor até agora: 1239 Geração: 76
Melhor até agora: 1237 Geração: 81
Melhor até agora: 1235 Geração: 91
Tamanho da população: 300
Fração elite: 0.25
Fração mutante: 0.2
Probabilidade herdar alelo elite: 0.7
Número de populações independentes: 2
Número de threads: 16
Trocar os melhores indivíduos a cada 30 gerações
Número máximo de gerações: 300
Número máximo de iterações sem melhora: 50
Largura da faixa = 43
Melhor altura = 1235

Lower Bound 1 = 1034
Lower Bound 2 = 348
Avaliação = 1.19439

Tempo de execução: 1s

---------------------------

Melhor até agora: 1285 Geração: 0
Melhor até agora: 1278 Geração: 2
Melhor até agora: 1277 Geração: 5
Melhor até agora: 1272 Geração: 20
Melhor até agora: 1271 Geração: 23
Melhor até agora: 1269 Geração: 27
Melhor até agora: 1264 Geração: 28
Melhor até agora: 1262 Geração: 37
Melhor até agora: 1256 Geração: 38
Melhor até agora: 1252 Geração: 39
Melhor até agora: 1251 Geração: 45
Melhor até agora: 1247 Geração: 46
Melhor até agora: 1244 Geração: 50
Melhor até agora: 1240 Geração: 56
Melhor até agora: 1235 Geração: 62
Melhor até agora: 1234 Geração: 109
Tamanho da população: 300
Fração elite: 0.25
Fração mutante: 0.2
Probabilidade herdar alelo elite: 0.7
Número de populações independentes: 2
Número de threads: 16
Trocar os melhores indivíduos a cada 30 gerações
Número máximo de gerações: 300
Número máximo de iterações sem melhora: 50
Largura da faixa = 43
Melhor altura = 1234

Lower Bound 1 = 1034
Lower Bound 2 = 348
Avaliação = 1.19342

Tempo de execução: 1s

---------------------------

Melhor até agora: 1292 Geração: 0
Melhor até agora: 1285 Geração: 5
Melhor até agora: 1278 Geração: 7
Melhor até agora: 1262 Geração: 21
Melhor até agora: 1255 Geração: 35
Melhor até agora: 1247 Geração: 40
Melhor até agora: 1243 Geração: 46
Melhor até agora: 1242 Geração: 62
Melhor até agora: 1241 Geração: 66
Melhor até agora: 1240 Geração: 72
Melhor até agora: 1239 Geração: 73
Melhor até agora: 1235 Geração: 93
Tamanho da população: 300
Fração elite: 0.25
Fração mutante: 0.2
Probabilidade herdar alelo elite: 0.7
Número de populações independentes: 2
Número de threads: 16
Trocar os melhores indivíduos a cada 30 gerações
Número máximo de gerações: 300
Número máximo de iterações sem melhora: 50
Largura da faixa = 43
Melhor altura = 1235

Lower Bound 1 = 1034
Lower Bound 2 = 348
Avaliação = 1.19439

Tempo de execução: 1s

---------------------------

Melhor até agora: 1292 Geração: 0
Melhor até agora: 1291 Geração: 1
Melhor até agora: 1282 Geração: 6
Melhor até agora: 1278 Geração: 30
Melhor até agora: 1277 Geração: 34
Melhor até agora: 1271 Geração: 44
Melhor até agora: 1268 Geração: 50
Melhor até agora: 1267 Geração: 53
Melhor até agora: 1263 Geração: 57
Melhor até agora: 1259 Geração: 60
Melhor até agora: 1257 Geração: 63
Melhor até agora: 1246 Geração: 70
Melhor até agora: 1245 Geração: 80
Melhor até agora: 1241 Geração: 84
Melhor até agora: 1240 Geração: 90
Melhor até agora: 1234 Geração: 97
Melhor até agora: 1230 Geração: 104
Melhor até agora: 1229 Geração: 105
Tamanho da população: 300
Fração elite: 0.25
Fração mutante: 0.2
Probabilidade herdar alelo elite: 0.7
Número de populações independentes: 2
Número de threads: 16
Trocar os melhores indivíduos a cada 30 gerações
Número máximo de gerações: 300
Número máximo de iterações sem melhora: 50
Largura da faixa = 43
Melhor altura = 1229

Lower Bound 1 = 1034
Lower Bound 2 = 348
Avaliação = 1.18859

Tempo de execução: 1s

---------------------------

Melhor até agora: 1292 Geração: 0
Melhor até agora: 1291 Geração: 3
Melhor até agora: 1277 Geração: 13
Melhor até agora: 1275 Geração: 24
Melhor até agora: 1265 Geração: 28
Melhor até agora: 1261 Geração: 30
Melhor até agora: 1255 Geração: 34
Melhor até agora: 1252 Geração: 37
Melhor até agora: 1250 Geração: 41
Melhor até agora: 1242 Geração: 45
Melhor até agora: 1239 Geração: 56
Melhor até agora: 1237 Geração: 64
Melhor até agora: 1234 Geração: 65
Melhor até agora: 1231 Geração: 68
Melhor até agora: 1230 Geração: 74
Melhor até agora: 1229 Geração: 75
Melhor até agora: 1228 Geração: 87
Tamanho da população: 300
Fração elite: 0.25
Fração mutante: 0.2
Probabilidade herdar alelo elite: 0.7
Número de populações independentes: 2
Número de threads: 16
Trocar os melhores indivíduos a cada 30 gerações
Número máximo de gerações: 300
Número máximo de iterações sem melhora: 50
Largura da faixa = 43
Melhor altura = 1228

Lower Bound 1 = 1034
Lower Bound 2 = 348
Avaliação = 1.18762

Tempo de execução: 1s

---------------------------

Melhor até agora: 1292 Geração: 0
Melhor até agora: 1279 Geração: 3
Melhor até agora: 1277 Geração: 8
Melhor até agora: 1270 Geração: 9
Melhor até agora: 1269 Geração: 18
Melhor até agora: 1268 Geração: 20
Melhor até agora: 1264 Geração: 23
Melhor até agora: 1261 Geração: 35
Melhor até agora: 1260 Geração: 40
Melhor até agora: 1256 Geração: 41
Melhor até agora: 1254 Geração: 46
Melhor até agora: 1253 Geração: 52
Melhor até agora: 1252 Geração: 54
Melhor até agora: 1251 Geração: 56
Melhor até agora: 1250 Geração: 59
Melhor até agora: 1243 Geração: 60
Melhor até agora: 1242 Geração: 65
Melhor até agora: 1240 Geração: 82
Melhor até agora: 1233 Geração: 84
Melhor até agora: 1232 Geração: 97
Melhor até agora: 1229 Geração: 99
Tamanho da população: 300
Fração elite: 0.25
Fração mutante: 0.2
Probabilidade herdar alelo elite: 0.7
Número de populações independentes: 2
Número de threads: 16
Trocar os melhores indivíduos a cada 30 gerações
Número máximo de gerações: 300
Número máximo de iterações sem melhora: 50
Largura da faixa = 43
Melhor altura = 1229

Lower Bound 1 = 1034
Lower Bound 2 = 348
Avaliação = 1.18859

Tempo de execução: 1s

---------------------------

Melhor até agora: 1292 Geração: 0
Melhor até agora: 1285 Geração: 2
Melhor até agora: 1278 Geração: 3
Melhor até agora: 1276 Geração: 6
Melhor até agora: 1268 Geração: 16
Melhor até agora: 1263 Geração: 21
Melhor até agora: 1262 Geração: 25
Melhor até agora: 1257 Geração: 29
Melhor até agora: 1255 Geração: 32
Melhor até agora: 1252 Geração: 35
Melhor até agora: 1246 Geração: 37
Melhor até agora: 1245 Geração: 42
Melhor até agora: 1239 Geração: 49
Melhor até agora: 1235 Geração: 58
Melhor até agora: 1233 Geração: 68
Melhor até agora: 1226 Geração: 69
Melhor até agora: 1224 Geração: 82
Melhor até agora: 1222 Geração: 86
Tamanho da população: 300
Fração elite: 0.25
Fração mutante: 0.2
Probabilidade herdar alelo elite: 0.7
Número de populações independentes: 2
Número de threads: 16
Trocar os melhores indivíduos a cada 30 gerações
Número máximo de gerações: 300
Número máximo de iterações sem melhora: 50
Largura da faixa = 43
Melhor altura = 1222

Lower Bound 1 = 1034
Lower Bound 2 = 348
Avaliação = 1.18182

Tempo de execução: 1s

---------------------------

Melhor até agora: 1292 Geração: 0
Melhor até agora: 1285 Geração: 16
Melhor até agora: 1269 Geração: 27
Melhor até agora: 1262 Geração: 29
Melhor até agora: 1253 Geração: 39
Melhor até agora: 1249 Geração: 43
Melhor até agora: 1243 Geração: 48
Melhor até agora: 1242 Geração: 59
Melhor até agora: 1241 Geração: 60
Melhor até agora: 1240 Geração: 61
Melhor até agora: 1237 Geração: 63
Melhor até agora: 1234 Geração: 69
Melhor até agora: 1228 Geração: 73
Tamanho da população: 300
Fração elite: 0.25
Fração mutante: 0.2
Probabilidade herdar alelo elite: 0.7
Número de populações independentes: 2
Número de threads: 16
Trocar os melhores indivíduos a cada 30 gerações
Número máximo de gerações: 300
Número máximo de iterações sem melhora: 50
Largura da faixa = 43
Melhor altura = 1228

Lower Bound 1 = 1034
Lower Bound 2 = 348
Avaliação = 1.18762

Tempo de execução: 1s

---------------------------

Melhor até agora: 1292 Geração: 0
Melhor até agora: 1291 Geração: 4
Melhor até agora: 1285 Geração: 25
Melhor até agora: 1275 Geração: 27
Melhor até agora: 1268 Geração: 35
Melhor até agora: 1262 Geração: 40
Melhor até agora: 1260 Geração: 43
Melhor até agora: 1258 Geração: 48
Melhor até agora: 1255 Geração: 49
Melhor até agora: 1247 Geração: 50
Melhor até agora: 1246 Geração: 54
Melhor até agora: 1242 Geração: 55
Melhor até agora: 1238 Geração: 58
Melhor até agora: 1232 Geração: 67
Melhor até agora: 1231 Geração: 100
Melhor até agora: 1230 Geração: 111
Melhor até agora: 1228 Geração: 121
Tamanho da população: 300
Fração elite: 0.25
Fração mutante: 0.2
Probabilidade herdar alelo elite: 0.7
Número de populações independentes: 2
Número de threads: 16
Trocar os melhores indivíduos a cada 30 gerações
Número máximo de gerações: 300
Número máximo de iterações sem melhora: 50
Largura da faixa = 43
Melhor altura = 1228

Lower Bound 1 = 1034
Lower Bound 2 = 348
Avaliação = 1.18762

Tempo de execução: 1s

---------------------------

Melhor até agora: 1292 Geração: 0
Melhor até agora: 1291 Geração: 5
Melhor até agora: 1279 Geração: 16
Melhor até agora: 1276 Geração: 23
Melhor até agora: 1266 Geração: 29
Melhor até agora: 1264 Geração: 32
Melhor até agora: 1263 Geração: 34
Melhor até agora: 1262 Geração: 38
Melhor até agora: 1248 Geração: 39
Melhor até agora: 1247 Geração: 50
Melhor até agora: 1245 Geração: 51
Melhor até agora: 1244 Geração: 60
Melhor até agora: 1240 Geração: 63
Melhor até agora: 1235 Geração: 74
Melhor até agora: 1234 Geração: 93
Melhor até agora: 1232 Geração: 113
Melhor até agora: 1230 Geração: 125
Tamanho da população: 300
Fração elite: 0.25
Fração mutante: 0.2
Probabilidade herdar alelo elite: 0.7
Número de populações independentes: 2
Número de threads: 16
Trocar os melhores indivíduos a cada 30 gerações
Número máximo de gerações: 300
Número máximo de iterações sem melhora: 50
Largura da faixa = 43
Melhor altura = 1230

Lower Bound 1 = 1034
Lower Bound 2 = 348
Avaliação = 1.18956

Tempo de execução: 1s

---------------------------

Tamanho da população: 389
Fração elite: 0.5799
Fração mutante: 0.0086
Probabilidade herdar alelo elite: 0.7325
Número de populações independentes: 1
Número de threads: 1
Trocar os melhores indivíduos a cada 30 gerações
Número máximo de gerações: 338
Número máximo de iterações sem melhora: 70
Largura da faixa = 43
Melhor altura = 1229

Lower Bound 1 = 1034
Lower Bound 2 = 348
Avaliação = 1.18859

Tempo de execução: 3s

---------------------------

Tamanho da população: 389
Fração elite: 0.5799
Fração mutante: 0.0086
Probabilidade herdar alelo elite: 0.7325
Número de populações independentes: 1
Número de threads: 1
Trocar os melhores indivíduos a cada 30 gerações
Número máximo de gerações: 338
Número máximo de iterações sem melhora: 70
Largura da faixa = 43
Melhor altura = 1229

Lower Bound 1 = 1034
Lower Bound 2 = 348
Avaliação = 1.18859

Tempo de execução: 3s

---------------------------

Tamanho da população: 389
Fração elite: 0.5799
Fração mutante: 0.0086
Probabilidade herdar alelo elite: 0.7325
Número de populações independentes: 1
Número de threads: 1
Trocar os melhores indivíduos a cada 30 gerações
Número máximo de gerações: 338
Número máximo de iterações sem melhora: 70
Largura da faixa = 43
Melhor altura = 1229

Lower Bound 1 = 1034
Lower Bound 2 = 348
Avaliação = 1.18859

Tempo de execução: 3s

---------------------------

Tamanho da população: 389
Fração elite: 0.5799
Fração mutante: 0.0086
Probabilidade herdar alelo elite: 0.7325
Número de populações independentes: 1
Número de threads: 1
Trocar os melhores indivíduos a cada 30 gerações
Número máximo de gerações: 338
Número máximo de iterações sem melhora: 70
Largura da faixa = 43
Melhor altura = 1222

Lower Bound 1 = 1034
Lower Bound 2 = 348
Avaliação = 1.18182

Tempo de execução: 3s

---------------------------

Tamanho da população: 389
Fração elite: 0.5799
Fração mutante: 0.0086
Probabilidade herdar alelo elite: 0.7325
Número de populações independentes: 1
Número de threads: 1
Trocar os melhores indivíduos a cada 30 gerações
Número máximo de gerações: 338
Número máximo de iterações sem melhora: 70
Largura da faixa = 43
Melhor altura = 1228

Lower Bound 1 = 1034
Lower Bound 2 = 348
Avaliação = 1.18762

Tempo de execução: 3s

---------------------------

Tamanho da população: 389
Fração elite: 0.5799
Fração mutante: 0.0086
Probabilidade herdar alelo elite: 0.7325
Número de populações independentes: 1
Número de threads: 1
Trocar os melhores indivíduos a cada 30 gerações
Número máximo de gerações: 338
Número máximo de iterações sem melhora: 70
Largura da faixa = 43
Melhor altura = 1229

Lower Bound 1 = 1034
Lower Bound 2 = 348
Avaliação = 1.18859

Tempo de execução: 3s

---------------------------

Tamanho da população: 389
Fração elite: 0.5799
Fração mutante: 0.0086
Probabilidade herdar alelo elite: 0.7325
Número de populações independentes: 1
Número de threads: 1
Trocar os melhores indivíduos a cada 30 gerações
Número máximo de gerações: 338
Número máximo de iterações sem melhora: 70
Largura da faixa = 43
Melhor altura = 1228

Lower Bound 1 = 1034
Lower Bound 2 = 348
Avaliação = 1.18762

Tempo de execução: 3s

---------------------------

Tamanho da população: 389
Fração elite: 0.5799
Fração mutante: 0.0086
Probabilidade herdar alelo elite: 0.7325
Número de populações independentes: 1
Número de threads: 1
Trocar os melhores indivíduos a cada 30 gerações
Número máximo de gerações: 338
Número máximo de iterações sem melhora: 70
Largura da faixa = 43
Melhor altura = 1226

Lower Bound 1 = 1034
Lower Bound 2 = 348
Avaliação = 1.18569

Tempo de execução: 3s

---------------------------

Tamanho da população: 389
Fração elite: 0.5799
Fração mutante: 0.0086
Probabilidade herdar alelo elite: 0.7325
Número de populações independentes: 1
Número de threads: 1
Trocar os melhores indivíduos a cada 30 gerações
Número máximo de gerações: 338
Número máximo de iterações sem melhora: 70
Largura da faixa = 43
Melhor altura = 1221

Lower Bound 1 = 1034
Lower Bound 2 = 348
Avaliação = 1.18085

Tempo de execução: 3s

---------------------------

Tamanho da população: 389
Fração elite: 0.5799
Fração mutante: 0.0086
Probabilidade herdar alelo elite: 0.7325
Número de populações independentes: 1
Número de threads: 1
Trocar os melhores indivíduos a cada 30 gerações
Número máximo de gerações: 338
Número máximo de iterações sem melhora: 70
Largura da faixa = 43
Melhor altura = 1221

Lower Bound 1 = 1034
Lower Bound 2 = 348
Avaliação = 1.18085

Tempo de execução: 3s

---------------------------

Tamanho da população: 389
Fração elite: 0.5799
Fração mutante: 0.0086
Probabilidade herdar alelo elite: 0.7325
Número de populações independentes: 1
Número de threads: 1
Trocar os melhores indivíduos a cada 30 gerações
Número máximo de gerações: 338
Número máximo de iterações sem melhora: 70
Largura da faixa = 43
Melhor altura = 1221

Lower Bound 1 = 1034
Lower Bound 2 = 348
Avaliação = 1.18085

Tempo de execução: 3s

---------------------------

Tamanho da população: 389
Fração elite: 0.5799
Fração mutante: 0.0086
Probabilidade herdar alelo elite: 0.7325
Número de populações independentes: 1
Número de threads: 1
Trocar os melhores indivíduos a cada 30 gerações
Número máximo de gerações: 338
Número máximo de iterações sem melhora: 70
Largura da faixa = 43
Melhor altura = 1222

Lower Bound 1 = 1034
Lower Bound 2 = 348
Avaliação = 1.18182

Tempo de execução: 3s

---------------------------

Tamanho da população: 389
Fração elite: 0.5799
Fração mutante: 0.0086
Probabilidade herdar alelo elite: 0.7325
Número de populações independentes: 1
Número de threads: 1
Trocar os melhores indivíduos a cada 30 gerações
Número máximo de gerações: 338
Número máximo de iterações sem melhora: 70
Largura da faixa = 43
Melhor altura = 1229

Lower Bound 1 = 1034
Lower Bound 2 = 348
Avaliação = 1.18859

Tempo de execução: 3s

---------------------------

Tamanho da população: 389
Fração elite: 0.5799
Fração mutante: 0.0086
Probabilidade herdar alelo elite: 0.7325
Número de populações independentes: 1
Número de threads: 1
Trocar os melhores indivíduos a cada 30 gerações
Número máximo de gerações: 338
Número máximo de iterações sem melhora: 70
Largura da faixa = 43
Melhor altura = 1228

Lower Bound 1 = 1034
Lower Bound 2 = 348
Avaliação = 1.18762

Tempo de execução: 3s

---------------------------

Tamanho da população: 389
Fração elite: 0.5799
Fração mutante: 0.0086
Probabilidade herdar alelo elite: 0.7325
Número de populações independentes: 1
Número de threads: 1
Trocar os melhores indivíduos a cada 30 gerações
Número máximo de gerações: 338
Número máximo de iterações sem melhora: 70
Largura da faixa = 43
Melhor altura = 1219

Lower Bound 1 = 1034
Lower Bound 2 = 348
Avaliação = 1.17892

Tempo de execução: 3s

---------------------------

Tamanho da população: 389
Fração elite: 0.5799
Fração mutante: 0.0086
Probabilidade herdar alelo elite: 0.7325
Número de populações independentes: 1
Número de threads: 1
Trocar os melhores indivíduos a cada 30 gerações
Número máximo de gerações: 338
Número máximo de iterações sem melhora: 70
Largura da faixa = 43
Melhor altura = 1254

Lower Bound 1 = 1034
Lower Bound 2 = 348
Avaliação = 1.21277

Tempo de execução: 3s

---------------------------

Tamanho da população: 389
Fração elite: 0.5799
Fração mutante: 0.0086
Probabilidade herdar alelo elite: 0.7325
Número de populações independentes: 1
Número de threads: 1
Trocar os melhores indivíduos a cada 30 gerações
Número máximo de gerações: 338
Número máximo de iterações sem melhora: 70
Largura da faixa = 43
Melhor altura = 1228

Lower Bound 1 = 1034
Lower Bound 2 = 348
Avaliação = 1.18762

Tempo de execução: 3s

---------------------------

Tamanho da população: 389
Fração elite: 0.5799
Fração mutante: 0.0086
Probabilidade herdar alelo elite: 0.7325
Número de populações independentes: 1
Número de threads: 1
Trocar os melhores indivíduos a cada 30 gerações
Número máximo de gerações: 338
Número máximo de iterações sem melhora: 70
Largura da faixa = 43
Melhor altura = 1228

Lower Bound 1 = 1034
Lower Bound 2 = 348
Avaliação = 1.18762

Tempo de execução: 3s

---------------------------

Tamanho da população: 389
Fração elite: 0.5799
Fração mutante: 0.0086
Probabilidade herdar alelo elite: 0.7325
Número de populações independentes: 1
Número de threads: 1
Trocar os melhores indivíduos a cada 30 gerações
Número máximo de gerações: 338
Número máximo de iterações sem melhora: 70
Largura da faixa = 43
Melhor altura = 1228

Lower Bound 1 = 1034
Lower Bound 2 = 348
Avaliação = 1.18762

Tempo de execução: 3s

---------------------------

Tamanho da população: 389
Fração elite: 0.5799
Fração mutante: 0.0086
Probabilidade herdar alelo elite: 0.7325
Número de populações independentes: 1
Número de threads: 1
Trocar os melhores indivíduos a cada 30 gerações
Número máximo de gerações: 338
Número máximo de iterações sem melhora: 70
Largura da faixa = 43
Melhor altura = 1230

Lower Bound 1 = 1034
Lower Bound 2 = 348
Avaliação = 1.18956

Tempo de execução: 3s

---------------------------

Tamanho da população: 389
Fração elite: 0.5799
Fração mutante: 0.0086
Probabilidade herdar alelo elite: 0.7325
Número de populações independentes: 1
Número de threads: 1
Trocar os melhores indivíduos a cada 30 gerações
Número máximo de gerações: 338
Número máximo de iterações sem melhora: 70
Largura da faixa = 43
Melhor altura = 1229

Lower Bound 1 = 1034
Lower Bound 2 = 348
Avaliação = 1.18859

Tempo de execução: 3s

---------------------------

Tamanho da população: 389
Fração elite: 0.5799
Fração mutante: 0.0086
Probabilidade herdar alelo elite: 0.7325
Número de populações independentes: 1
Número de threads: 1
Trocar os melhores indivíduos a cada 30 gerações
Número máximo de gerações: 338
Número máximo de iterações sem melhora: 70
Largura da faixa = 43
Melhor altura = 1229

Lower Bound 1 = 1034
Lower Bound 2 = 348
Avaliação = 1.18859

Tempo de execução: 3s

---------------------------

Tamanho da população: 389
Fração elite: 0.5799
Fração mutante: 0.0086
Probabilidade herdar alelo elite: 0.7325
Número de populações independentes: 1
Número de threads: 1
Trocar os melhores indivíduos a cada 30 gerações
Número máximo de gerações: 338
Número máximo de iterações sem melhora: 70
Largura da faixa = 43
Melhor altura = 1222

Lower Bound 1 = 1034
Lower Bound 2 = 348
Avaliação = 1.18182

Tempo de execução: 3s

---------------------------

Tamanho da população: 389
Fração elite: 0.5799
Fração mutante: 0.0086
Probabilidade herdar alelo elite: 0.7325
Número de populações independentes: 1
Número de threads: 1
Trocar os melhores indivíduos a cada 30 gerações
Número máximo de gerações: 338
Número máximo de iterações sem melhora: 70
Largura da faixa = 43
Melhor altura = 1229

Lower Bound 1 = 1034
Lower Bound 2 = 348
Avaliação = 1.18859

Tempo de execução: 3s

---------------------------

Tamanho da população: 389
Fração elite: 0.5799
Fração mutante: 0.0086
Probabilidade herdar alelo elite: 0.7325
Número de populações independentes: 1
Número de threads: 1
Trocar os melhores indivíduos a cada 30 gerações
Número máximo de gerações: 338
Número máximo de iterações sem melhora: 70
Largura da faixa = 43
Melhor altura = 1226

Lower Bound 1 = 1034
Lower Bound 2 = 348
Avaliação = 1.18569

Tempo de execução: 3s

---------------------------

Tamanho da população: 389
Fração elite: 0.5799
Fração mutante: 0.0086
Probabilidade herdar alelo elite: 0.7325
Número de populações independentes: 1
Número de threads: 1
Trocar os melhores indivíduos a cada 30 gerações
Número máximo de gerações: 338
Número máximo de iterações sem melhora: 70
Largura da faixa = 43
Melhor altura = 1229

Lower Bound 1 = 1034
Lower Bound 2 = 348
Avaliação = 1.18859

Tempo de execução: 3s

---------------------------

Tamanho da população: 389
Fração elite: 0.5799
Fração mutante: 0.0086
Probabilidade herdar alelo elite: 0.7325
Número de populações independentes: 1
Número de threads: 1
Trocar os melhores indivíduos a cada 30 gerações
Número máximo de gerações: 338
Número máximo de iterações sem melhora: 70
Largura da faixa = 43
Melhor altura = 1228

Lower Bound 1 = 1034
Lower Bound 2 = 348
Avaliação = 1.18762

Tempo de execução: 3s

---------------------------

Tamanho da população: 389
Fração elite: 0.5799
Fração mutante: 0.0086
Probabilidade herdar alelo elite: 0.7325
Número de populações independentes: 1
Número de threads: 1
Trocar os melhores indivíduos a cada 30 gerações
Número máximo de gerações: 338
Número máximo de iterações sem melhora: 70
Largura da faixa = 43
Melhor altura = 1228

Lower Bound 1 = 1034
Lower Bound 2 = 348
Avaliação = 1.18762

Tempo de execução: 3s

---------------------------

Tamanho da população: 389
Fração elite: 0.5799
Fração mutante: 0.0086
Probabilidade herdar alelo elite: 0.7325
Número de populações independentes: 1
Número de threads: 1
Trocar os melhores indivíduos a cada 30 gerações
Número máximo de gerações: 338
Número máximo de iterações sem melhora: 70
Largura da faixa = 43
Melhor altura = 1221

Lower Bound 1 = 1034
Lower Bound 2 = 348
Avaliação = 1.18085

Tempo de execução: 3s

---------------------------

Tamanho da população: 389
Fração elite: 0.5799
Fração mutante: 0.0086
Probabilidade herdar alelo elite: 0.7325
Número de populações independentes: 1
Número de threads: 1
Trocar os melhores indivíduos a cada 30 gerações
Número máximo de gerações: 338
Número máximo de iterações sem melhora: 70
Largura da faixa = 43
Melhor altura = 1221

Lower Bound 1 = 1034
Lower Bound 2 = 348
Avaliação = 1.18085

Tempo de execução: 3s

---------------------------

Tamanho da população: 389
Fração elite: 0.5799
Fração mutante: 0.0086
Probabilidade herdar alelo elite: 0.7325
Número de populações independentes: 1
Número de threads: 1
Trocar os melhores indivíduos a cada 30 gerações
Número máximo de gerações: 338
Número máximo de iterações sem melhora: 70
Largura da faixa = 43
Melhor altura = 1222

Lower Bound 1 = 1034
Lower Bound 2 = 348
Avaliação = 1.18182

Tempo de execução: 3s

---------------------------

Tamanho da população: 389
Fração elite: 0.5799
Fração mutante: 0.0086
Probabilidade herdar alelo elite: 0.7325
Número de populações independentes: 1
Número de threads: 1
Trocar os melhores indivíduos a cada 30 gerações
Número máximo de gerações: 338
Número máximo de iterações sem melhora: 70
Largura da faixa = 43
Melhor altura = 1221

Lower Bound 1 = 1034
Lower Bound 2 = 348
Avaliação = 1.18085

Tempo de execução: 3s

---------------------------

Tamanho da população: 389
Fração elite: 0.5799
Fração mutante: 0.0086
Probabilidade herdar alelo elite: 0.7325
Número de populações independentes: 1
Número de threads: 1
Trocar os melhores indivíduos a cada 30 gerações
Número máximo de gerações: 338
Número máximo de iterações sem melhora: 70
Largura da faixa = 43
Melhor altura = 1229

Lower Bound 1 = 1034
Lower Bound 2 = 348
Avaliação = 1.18859

Tempo de execução: 3s

---------------------------

Tamanho da população: 389
Fração elite: 0.5799
Fração mutante: 0.0086
Probabilidade herdar alelo elite: 0.7325
Número de populações independentes: 1
Número de threads: 1
Trocar os melhores indivíduos a cada 30 gerações
Número máximo de gerações: 338
Número máximo de iterações sem melhora: 70
Largura da faixa = 43
Melhor altura = 1219

Lower Bound 1 = 1034
Lower Bound 2 = 348
Avaliação = 1.17892

Tempo de execução: 3s

---------------------------

Tamanho da população: 389
Fração elite: 0.5799
Fração mutante: 0.0086
Probabilidade herdar alelo elite: 0.7325
Número de populações independentes: 1
Número de threads: 1
Trocar os melhores indivíduos a cada 30 gerações
Número máximo de gerações: 338
Número máximo de iterações sem melhora: 70
Largura da faixa = 43
Melhor altura = 1254

Lower Bound 1 = 1034
Lower Bound 2 = 348
Avaliação = 1.21277

Tempo de execução: 3s

---------------------------

Tamanho da população: 389
Fração elite: 0.5799
Fração mutante: 0.0086
Probabilidade herdar alelo elite: 0.7325
Número de populações independentes: 1
Número de threads: 1
Trocar os melhores indivíduos a cada 30 gerações
Número máximo de gerações: 338
Número máximo de iterações sem melhora: 70
Largura da faixa = 43
Melhor altura = 1228

Lower Bound 1 = 1034
Lower Bound 2 = 348
Avaliação = 1.18762

Tempo de execução: 3s

---------------------------

Tamanho da população: 389
Fração elite: 0.5799
Fração mutante: 0.0086
Probabilidade herdar alelo elite: 0.7325
Número de populações independentes: 1
Número de threads: 1
Trocar os melhores indivíduos a cada 30 gerações
Número máximo de gerações: 338
Número máximo de iterações sem melhora: 70
Largura da faixa = 43
Melhor altura = 1228

Lower Bound 1 = 1034
Lower Bound 2 = 348
Avaliação = 1.18762

Tempo de execução: 3s

---------------------------

Tamanho da população: 389
Fração elite: 0.5799
Fração mutante: 0.0086
Probabilidade herdar alelo elite: 0.7325
Número de populações independentes: 1
Número de threads: 1
Trocar os melhores indivíduos a cada 30 gerações
Número máximo de gerações: 338
Número máximo de iterações sem melhora: 70
Largura da faixa = 43
Melhor altura = 1228

Lower Bound 1 = 1034
Lower Bound 2 = 348
Avaliação = 1.18762

Tempo de execução: 3s

---------------------------

Tamanho da população: 389
Fração elite: 0.5799
Fração mutante: 0.0086
Probabilidade herdar alelo elite: 0.7325
Número de populações independentes: 1
Número de threads: 1
Trocar os melhores indivíduos a cada 30 gerações
Número máximo de gerações: 338
Número máximo de iterações sem melhora: 70
Largura da faixa = 43
Melhor altura = 1230

Lower Bound 1 = 1034
Lower Bound 2 = 348
Avaliação = 1.18956

Tempo de execução: 3s

---------------------------

Tamanho da população: 389
Fração elite: 0.5799
Fração mutante: 0.0086
Probabilidade herdar alelo elite: 0.7325
Número de populações independentes: 1
Número de threads: 1
Trocar os melhores indivíduos a cada 30 gerações
Número máximo de gerações: 338
Número máximo de iterações sem melhora: 70
Largura da faixa = 43
Melhor altura = 1228

Lower Bound 1 = 1034
Lower Bound 2 = 348
Avaliação = 1.18762

Tempo de execução: 3s

---------------------------

Tamanho da população: 425
Fração elite: 0.61111
Fração mutante: 0.0025
Probabilidade herdar alelo elite: 0.768
Número de populações independentes: 1
Número de threads: 1
Trocar os melhores indivíduos a cada 30 gerações
 Número máximo de gerações: 465
Número máximo de iterações sem melhora: 70
Largura da faixa = 43
Melhor altura = 1221

Lower Bound 1 = 1034
Lower Bound 2 = 348
Avaliação = 1.18085

Tempo de execução: 5.32202s

---------------------------

Tamanho da população: 425
Fração elite: 0.61111
Fração mutante: 0.0025
Probabilidade herdar alelo elite: 0.768
Número de populações independentes: 1
Número de threads: 1
Trocar os melhores indivíduos a cada 30 gerações
 Número máximo de gerações: 465
Número máximo de iterações sem melhora: 70
Largura da faixa = 43
Melhor altura = 1221

Lower Bound 1 = 1034
Lower Bound 2 = 348
Avaliação = 1.18085

Tempo de execução: 5.41995s

---------------------------
Tamanho da população: 365
Fração elite: 0.3702
Fração mutante: 0.0174
Probabilidade herdar alelo elite: 0.7676
Número de populações independentes: 1
Número de threads: 1
Trocar os melhores indivíduos a cada 30 gerações
Número máximo de gerações: 195

Largura da faixa = 43
Melhor altura = 1228

Lower Bound 1 = 1034
Lower Bound 2 = 348
Avaliação = 1.18762

Tempo de execução: 3.03662s

---------------------------

Tamanho da população: 365
Fração elite: 0.3702
Fração mutante: 0.0174
Probabilidade herdar alelo elite: 0.7676
Número de populações independentes: 1
Número de threads: 1
Trocar os melhores indivíduos a cada 30 gerações
Número máximo de gerações: 195

Largura da faixa = 43
Melhor altura = 1228

Lower Bound 1 = 1034
Lower Bound 2 = 348
Avaliação = 1.18762

Tempo de execução: 3.05618s

---------------------------

Tamanho da população: 365
Fração elite: 0.3702
Fração mutante: 0.0174
Probabilidade herdar alelo elite: 0.7676
Número de populações independentes: 1
Número de threads: 1
Trocar os melhores indivíduos a cada 30 gerações
Número máximo de gerações: 195

Largura da faixa = 43
Melhor altura = 1221

Lower Bound 1 = 1034
Lower Bound 2 = 348
Avaliação = 1.18085

Tempo de execução: 3.07529s

---------------------------

Tamanho da população: 365
Fração elite: 0.3702
Fração mutante: 0.0174
Probabilidade herdar alelo elite: 0.7676
Número de populações independentes: 1
Número de threads: 1
Trocar os melhores indivíduos a cada 30 gerações
Número máximo de gerações: 195

Largura da faixa = 43
Melhor altura = 1221

Lower Bound 1 = 1034
Lower Bound 2 = 348
Avaliação = 1.18085

Tempo de execução: 3.08867s

---------------------------

Tamanho da população: 365
Fração elite: 0.3702
Fração mutante: 0.0174
Probabilidade herdar alelo elite: 0.7676
Número de populações independentes: 1
Número de threads: 1
Trocar os melhores indivíduos a cada 30 gerações
Número máximo de gerações: 195

Largura da faixa = 43
Melhor altura = 1228

Lower Bound 1 = 1034
Lower Bound 2 = 348
Avaliação = 1.18762

Tempo de execução: 2.96269s

---------------------------

Tamanho da população: 365
Fração elite: 0.3702
Fração mutante: 0.0174
Probabilidade herdar alelo elite: 0.7676
Número de populações independentes: 1
Número de threads: 1
Trocar os melhores indivíduos a cada 30 gerações
Número máximo de gerações: 195

Largura da faixa = 43
Melhor altura = 1228

Lower Bound 1 = 1034
Lower Bound 2 = 348
Avaliação = 1.18762

Tempo de execução: 2.96493s

---------------------------

Tamanho da população: 365
Fração elite: 0.3702
Fração mutante: 0.0174
Probabilidade herdar alelo elite: 0.7676
Número de populações independentes: 1
Número de threads: 1
Trocar os melhores indivíduos a cada 30 gerações
Número máximo de gerações: 195

Largura da faixa = 43
Melhor altura = 1229

Lower Bound 1 = 1034
Lower Bound 2 = 348
Avaliação = 1.18859

Tempo de execução: 2.98672s

---------------------------

Tamanho da população: 365
Fração elite: 0.3702
Fração mutante: 0.0174
Probabilidade herdar alelo elite: 0.7676
Número de populações independentes: 1
Número de threads: 1
Trocar os melhores indivíduos a cada 30 gerações
Número máximo de gerações: 195

Largura da faixa = 43
Melhor altura = 1229

Lower Bound 1 = 1034
Lower Bound 2 = 348
Avaliação = 1.18859

Tempo de execução: 3.01638s

---------------------------

Tamanho da população: 365
Fração elite: 0.3702
Fração mutante: 0.0174
Probabilidade herdar alelo elite: 0.7676
Número de populações independentes: 1
Número de threads: 1
Trocar os melhores indivíduos a cada 30 gerações
Número máximo de gerações: 195

Largura da faixa = 43
Melhor altura = 1228

Lower Bound 1 = 1034
Lower Bound 2 = 348
Avaliação = 1.18762

Tempo de execução: 2.94007s

---------------------------

Tamanho da população: 365
Fração elite: 0.3702
Fração mutante: 0.0174
Probabilidade herdar alelo elite: 0.7676
Número de populações independentes: 1
Número de threads: 1
Trocar os melhores indivíduos a cada 30 gerações
Número máximo de gerações: 195

Largura da faixa = 43
Melhor altura = 1228

Lower Bound 1 = 1034
Lower Bound 2 = 348
Avaliação = 1.18762

Tempo de execução: 2.98786s

---------------------------

Tamanho da população: 365
Fração elite: 0.3702
Fração mutante: 0.0174
Probabilidade herdar alelo elite: 0.7676
Número de populações independentes: 1
Número de threads: 1
Trocar os melhores indivíduos a cada 30 gerações
Número máximo de gerações: 195

Largura da faixa = 43
Melhor altura = 1229

Lower Bound 1 = 1034
Lower Bound 2 = 348
Avaliação = 1.18859

Tempo de execução: 3.02155s

---------------------------

Tamanho da população: 365
Fração elite: 0.3702
Fração mutante: 0.0174
Probabilidade herdar alelo elite: 0.7676
Número de populações independentes: 1
Número de threads: 1
Trocar os melhores indivíduos a cada 30 gerações
Número máximo de gerações: 195

Largura da faixa = 43
Melhor altura = 1229

Lower Bound 1 = 1034
Lower Bound 2 = 348
Avaliação = 1.18859

Tempo de execução: 3.04257s

---------------------------

Tamanho da população: 365
Fração elite: 0.3702
Fração mutante: 0.0174
Probabilidade herdar alelo elite: 0.7676
Número de populações independentes: 1
Número de threads: 1
Trocar os melhores indivíduos a cada 30 gerações
Número máximo de gerações: 195

Largura da faixa = 43
Melhor altura = 1222

Lower Bound 1 = 1034
Lower Bound 2 = 348
Avaliação = 1.18182

Tempo de execução: 3.16961s

---------------------------

Tamanho da população: 365
Fração elite: 0.3702
Fração mutante: 0.0174
Probabilidade herdar alelo elite: 0.7676
Número de populações independentes: 1
Número de threads: 1
Trocar os melhores indivíduos a cada 30 gerações
Número máximo de gerações: 195

Largura da faixa = 43
Melhor altura = 1228

Lower Bound 1 = 1034
Lower Bound 2 = 348
Avaliação = 1.18762

Tempo de execução: 3.23768s

---------------------------

Tamanho da população: 365
Fração elite: 0.3702
Fração mutante: 0.0174
Probabilidade herdar alelo elite: 0.7676
Número de populações independentes: 1
Número de threads: 1
Trocar os melhores indivíduos a cada 30 gerações
Número máximo de gerações: 195

Largura da faixa = 43
Melhor altura = 1228

Lower Bound 1 = 1034
Lower Bound 2 = 348
Avaliação = 1.18762

Tempo de execução: 3.30484s

---------------------------

Tamanho da população: 365
Fração elite: 0.3702
Fração mutante: 0.0174
Probabilidade herdar alelo elite: 0.7676
Número de populações independentes: 1
Número de threads: 1
Trocar os melhores indivíduos a cada 30 gerações
Número máximo de gerações: 195

Largura da faixa = 43
Melhor altura = 1222

Lower Bound 1 = 1034
Lower Bound 2 = 348
Avaliação = 1.18182

Tempo de execução: 3.31946s

---------------------------

Tamanho da população: 365
Fração elite: 0.3702
Fração mutante: 0.0174
Probabilidade herdar alelo elite: 0.7676
Número de populações independentes: 1
Número de threads: 1
Trocar os melhores indivíduos a cada 30 gerações
Número máximo de gerações: 195

Largura da faixa = 43
Melhor altura = 1221

Lower Bound 1 = 1034
Lower Bound 2 = 348
Avaliação = 1.18085

Tempo de execução: 3.09053s

---------------------------

Tamanho da população: 365
Fração elite: 0.3702
Fração mutante: 0.0174
Probabilidade herdar alelo elite: 0.7676
Número de populações independentes: 1
Número de threads: 1
Trocar os melhores indivíduos a cada 30 gerações
Número máximo de gerações: 195

Largura da faixa = 43
Melhor altura = 1222

Lower Bound 1 = 1034
Lower Bound 2 = 348
Avaliação = 1.18182

Tempo de execução: 3.09748s

---------------------------

Tamanho da população: 365
Fração elite: 0.3702
Fração mutante: 0.0174
Probabilidade herdar alelo elite: 0.7676
Número de populações independentes: 1
Número de threads: 1
Trocar os melhores indivíduos a cada 30 gerações
Número máximo de gerações: 195

Largura da faixa = 43
Melhor altura = 1221

Lower Bound 1 = 1034
Lower Bound 2 = 348
Avaliação = 1.18085

Tempo de execução: 3.10621s

---------------------------

Tamanho da população: 365
Fração elite: 0.3702
Fração mutante: 0.0174
Probabilidade herdar alelo elite: 0.7676
Número de populações independentes: 1
Número de threads: 1
Trocar os melhores indivíduos a cada 30 gerações
Número máximo de gerações: 195

Largura da faixa = 43
Melhor altura = 1228

Lower Bound 1 = 1034
Lower Bound 2 = 348
Avaliação = 1.18762

Tempo de execução: 3.11245s

---------------------------

Tamanho da população: 297
Fração elite: 0.55
Fração mutante: 0.0174
Probabilidade herdar alelo elite: 0.7678
Número de populações independentes: 1
Número de threads: 1
Trocar os melhores indivíduos a cada 30 gerações
Número máximo de gerações: 279

Largura da faixa = 43
Melhor altura = 1226

Lower Bound 1 = 1034
Lower Bound 2 = 348
Avaliação = 1.18569

Tempo de execução: 5.4316s

---------------------------

Tamanho da população: 297
Fração elite: 0.55
Fração mutante: 0.0174
Probabilidade herdar alelo elite: 0.7678
Número de populações independentes: 1
Número de threads: 1
Trocar os melhores indivíduos a cada 30 gerações
Número máximo de gerações: 279

Largura da faixa = 43
Melhor altura = 1228

Lower Bound 1 = 1034
Lower Bound 2 = 348
Avaliação = 1.18762

Tempo de execução: 5.64624s

---------------------------

Tamanho da população: 297
Fração elite: 0.55
Fração mutante: 0.0174
Probabilidade herdar alelo elite: 0.7678
Número de populações independentes: 1
Número de threads: 1
Trocar os melhores indivíduos a cada 30 gerações
Número máximo de gerações: 279

Largura da faixa = 43
Melhor altura = 1228

Lower Bound 1 = 1034
Lower Bound 2 = 348
Avaliação = 1.18762

Tempo de execução: 5.70729s

---------------------------

Tamanho da população: 297
Fração elite: 0.55
Fração mutante: 0.0174
Probabilidade herdar alelo elite: 0.7678
Número de populações independentes: 1
Número de threads: 1
Trocar os melhores indivíduos a cada 30 gerações
Número máximo de gerações: 279

Largura da faixa = 43
Melhor altura = 1222

Lower Bound 1 = 1034
Lower Bound 2 = 348
Avaliação = 1.18182

Tempo de execução: 5.59897s

---------------------------

Tamanho da população: 297
Fração elite: 0.55
Fração mutante: 0.0174
Probabilidade herdar alelo elite: 0.7678
Número de populações independentes: 1
Número de threads: 1
Trocar os melhores indivíduos a cada 30 gerações
Número máximo de gerações: 279

Largura da faixa = 43
Melhor altura = 1234

Lower Bound 1 = 1034
Lower Bound 2 = 348
Avaliação = 1.19342

Tempo de execução: 5.69344s

---------------------------

Tamanho da população: 297
Fração elite: 0.55
Fração mutante: 0.0174
Probabilidade herdar alelo elite: 0.7678
Número de populações independentes: 1
Número de threads: 1
Trocar os melhores indivíduos a cada 30 gerações
Número máximo de gerações: 279

Largura da faixa = 43
Melhor altura = 1229

Lower Bound 1 = 1034
Lower Bound 2 = 348
Avaliação = 1.18859

Tempo de execução: 5.73043s

---------------------------

Tamanho da população: 297
Fração elite: 0.55
Fração mutante: 0.0174
Probabilidade herdar alelo elite: 0.7678
Número de populações independentes: 1
Número de threads: 1
Trocar os melhores indivíduos a cada 30 gerações
Número máximo de gerações: 279

Largura da faixa = 43
Melhor altura = 1222

Lower Bound 1 = 1034
Lower Bound 2 = 348
Avaliação = 1.18182

Tempo de execução: 5.25981s

---------------------------

Tamanho da população: 297
Fração elite: 0.55
Fração mutante: 0.0174
Probabilidade herdar alelo elite: 0.7678
Número de populações independentes: 1
Número de threads: 1
Trocar os melhores indivíduos a cada 30 gerações
Número máximo de gerações: 279

Largura da faixa = 43
Melhor altura = 1235

Lower Bound 1 = 1034
Lower Bound 2 = 348
Avaliação = 1.19439

Tempo de execução: 5.62611s

---------------------------

Tamanho da população: 297
Fração elite: 0.55
Fração mutante: 0.0174
Probabilidade herdar alelo elite: 0.7678
Número de populações independentes: 1
Número de threads: 1
Trocar os melhores indivíduos a cada 30 gerações
Número máximo de gerações: 279

Largura da faixa = 43
Melhor altura = 1230

Lower Bound 1 = 1034
Lower Bound 2 = 348
Avaliação = 1.18956

Tempo de execução: 5.67378s

---------------------------

Tamanho da população: 297
Fração elite: 0.55
Fração mutante: 0.0174
Probabilidade herdar alelo elite: 0.7678
Número de populações independentes: 1
Número de threads: 1
Trocar os melhores indivíduos a cada 30 gerações
Número máximo de gerações: 279

Largura da faixa = 43
Melhor altura = 1229

Lower Bound 1 = 1034
Lower Bound 2 = 348
Avaliação = 1.18859

Tempo de execução: 4.30862s

---------------------------

Tamanho da população: 297
Fração elite: 0.55
Fração mutante: 0.0174
Probabilidade herdar alelo elite: 0.7678
Número de populações independentes: 1
Número de threads: 1
Trocar os melhores indivíduos a cada 30 gerações
Número máximo de gerações: 279

Largura da faixa = 43
Melhor altura = 1222

Lower Bound 1 = 1034
Lower Bound 2 = 348
Avaliação = 1.18182

Tempo de execução: 4.94841s

---------------------------

Tamanho da população: 297
Fração elite: 0.55
Fração mutante: 0.0174
Probabilidade herdar alelo elite: 0.7678
Número de populações independentes: 1
Número de threads: 1
Trocar os melhores indivíduos a cada 30 gerações
Número máximo de gerações: 279

Largura da faixa = 43
Melhor altura = 1228

Lower Bound 1 = 1034
Lower Bound 2 = 348
Avaliação = 1.18762

Tempo de execução: 5.27731s

---------------------------

Tamanho da população: 297
Fração elite: 0.55
Fração mutante: 0.0174
Probabilidade herdar alelo elite: 0.7678
Número de populações independentes: 1
Número de threads: 1
Trocar os melhores indivíduos a cada 30 gerações
Número máximo de gerações: 279

Largura da faixa = 43
Melhor altura = 1229

Lower Bound 1 = 1034
Lower Bound 2 = 348
Avaliação = 1.18859

Tempo de execução: 4.26267s

---------------------------

Tamanho da população: 297
Fração elite: 0.55
Fração mutante: 0.0174
Probabilidade herdar alelo elite: 0.7678
Número de populações independentes: 1
Número de threads: 1
Trocar os melhores indivíduos a cada 30 gerações
Número máximo de gerações: 279

Largura da faixa = 43
Melhor altura = 1228

Lower Bound 1 = 1034
Lower Bound 2 = 348
Avaliação = 1.18762

Tempo de execução: 4.43261s

---------------------------

Tamanho da população: 297
Fração elite: 0.55
Fração mutante: 0.0174
Probabilidade herdar alelo elite: 0.7678
Número de populações independentes: 1
Número de threads: 1
Trocar os melhores indivíduos a cada 30 gerações
Número máximo de gerações: 279

Largura da faixa = 43
Melhor altura = 1222

Lower Bound 1 = 1034
Lower Bound 2 = 348
Avaliação = 1.18182

Tempo de execução: 4.91984s

---------------------------

Tamanho da população: 297
Fração elite: 0.55
Fração mutante: 0.0174
Probabilidade herdar alelo elite: 0.7678
Número de populações independentes: 1
Número de threads: 1
Trocar os melhores indivíduos a cada 30 gerações
Número máximo de gerações: 279

Largura da faixa = 43
Melhor altura = 1228

Lower Bound 1 = 1034
Lower Bound 2 = 348
Avaliação = 1.18762

Tempo de execução: 5.5786s

---------------------------

Tamanho da população: 297
Fração elite: 0.55
Fração mutante: 0.0174
Probabilidade herdar alelo elite: 0.7678
Número de populações independentes: 1
Número de threads: 1
Trocar os melhores indivíduos a cada 30 gerações
Número máximo de gerações: 279

Largura da faixa = 43
Melhor altura = 1229

Lower Bound 1 = 1034
Lower Bound 2 = 348
Avaliação = 1.18859

Tempo de execução: 5.63581s

---------------------------

Tamanho da população: 297
Fração elite: 0.55
Fração mutante: 0.0174
Probabilidade herdar alelo elite: 0.7678
Número de populações independentes: 1
Número de threads: 1
Trocar os melhores indivíduos a cada 30 gerações
Número máximo de gerações: 279

Largura da faixa = 43
Melhor altura = 1226

Lower Bound 1 = 1034
Lower Bound 2 = 348
Avaliação = 1.18569

Tempo de execução: 5.68914s

---------------------------

Tamanho da população: 297
Fração elite: 0.55
Fração mutante: 0.0174
Probabilidade herdar alelo elite: 0.7678
Número de populações independentes: 1
Número de threads: 1
Trocar os melhores indivíduos a cada 30 gerações
Número máximo de gerações: 279

Largura da faixa = 43
Melhor altura = 1237

Lower Bound 1 = 1034
Lower Bound 2 = 348
Avaliação = 1.19632

Tempo de execução: 5.55265s

---------------------------

Tamanho da população: 297
Fração elite: 0.55
Fração mutante: 0.0174
Probabilidade herdar alelo elite: 0.7678
Número de populações independentes: 1
Número de threads: 1
Trocar os melhores indivíduos a cada 30 gerações
Número máximo de gerações: 279

Largura da faixa = 43
Melhor altura = 1221

Lower Bound 1 = 1034
Lower Bound 2 = 348
Avaliação = 1.18085

Tempo de execução: 5.74025s

---------------------------

Tamanho da população: 392
Fração elite: 0.2567
Fração mutante: 0.0202
Probabilidade herdar alelo elite: 0.6001
Número de populações independentes: 1
Número de threads: 1
Número máximo de gerações: 364

Largura da faixa = 43
Melhor altura = 1228

Lower Bound 1 = 1034
Lower Bound 2 = 348
Avaliação = 1.18762

Tempo de execução: 5.75256s

---------------------------

Tamanho da população: 392
Fração elite: 0.2567
Fração mutante: 0.0202
Probabilidade herdar alelo elite: 0.6001
Número de populações independentes: 1
Número de threads: 1
Número máximo de gerações: 364

Largura da faixa = 43
Melhor altura = 1222

Lower Bound 1 = 1034
Lower Bound 2 = 348
Avaliação = 1.18182

Tempo de execução: 5.76372s

---------------------------

Tamanho da população: 392
Fração elite: 0.2567
Fração mutante: 0.0202
Probabilidade herdar alelo elite: 0.6001
Número de populações independentes: 1
Número de threads: 1
Número máximo de gerações: 364

Largura da faixa = 43
Melhor altura = 1228

Lower Bound 1 = 1034
Lower Bound 2 = 348
Avaliação = 1.18762

Tempo de execução: 5.88582s

---------------------------

Tamanho da população: 392
Fração elite: 0.2567
Fração mutante: 0.0202
Probabilidade herdar alelo elite: 0.6001
Número de populações independentes: 1
Número de threads: 1
Número máximo de gerações: 364

Largura da faixa = 43
Melhor altura = 1228

Lower Bound 1 = 1034
Lower Bound 2 = 348
Avaliação = 1.18762

Tempo de execução: 5.83517s

---------------------------

Tamanho da população: 392
Fração elite: 0.2567
Fração mutante: 0.0202
Probabilidade herdar alelo elite: 0.6001
Número de populações independentes: 1
Número de threads: 1
Número máximo de gerações: 364

Largura da faixa = 43
Melhor altura = 1221

Lower Bound 1 = 1034
Lower Bound 2 = 348
Avaliação = 1.18085

Tempo de execução: 5.941s

---------------------------

Tamanho da população: 392
Fração elite: 0.2567
Fração mutante: 0.0202
Probabilidade herdar alelo elite: 0.6001
Número de populações independentes: 1
Número de threads: 1
Número máximo de gerações: 364

Largura da faixa = 43
Melhor altura = 1227

Lower Bound 1 = 1034
Lower Bound 2 = 348
Avaliação = 1.18665

Tempo de execução: 6.03982s

---------------------------

Tamanho da população: 392
Fração elite: 0.2567
Fração mutante: 0.0202
Probabilidade herdar alelo elite: 0.6001
Número de populações independentes: 1
Número de threads: 1
Número máximo de gerações: 364

Largura da faixa = 43
Melhor altura = 1222

Lower Bound 1 = 1034
Lower Bound 2 = 348
Avaliação = 1.18182

Tempo de execução: 5.82056s

---------------------------

Tamanho da população: 392
Fração elite: 0.2567
Fração mutante: 0.0202
Probabilidade herdar alelo elite: 0.6001
Número de populações independentes: 1
Número de threads: 1
Número máximo de gerações: 364

Largura da faixa = 43
Melhor altura = 1221

Lower Bound 1 = 1034
Lower Bound 2 = 348
Avaliação = 1.18085

Tempo de execução: 5.87281s

---------------------------

Tamanho da população: 392
Fração elite: 0.2567
Fração mutante: 0.0202
Probabilidade herdar alelo elite: 0.6001
Número de populações independentes: 1
Número de threads: 1
Número máximo de gerações: 364

Largura da faixa = 43
Melhor altura = 1229

Lower Bound 1 = 1034
Lower Bound 2 = 348
Avaliação = 1.18859

Tempo de execução: 5.91391s

---------------------------

Tamanho da população: 392
Fração elite: 0.2567
Fração mutante: 0.0202
Probabilidade herdar alelo elite: 0.6001
Número de populações independentes: 1
Número de threads: 1
Número máximo de gerações: 364

Largura da faixa = 43
Melhor altura = 1230

Lower Bound 1 = 1034
Lower Bound 2 = 348
Avaliação = 1.18956

Tempo de execução: 5.75342s

---------------------------

Tamanho da população: 392
Fração elite: 0.2567
Fração mutante: 0.0202
Probabilidade herdar alelo elite: 0.6001
Número de populações independentes: 1
Número de threads: 1
Número máximo de gerações: 364

Largura da faixa = 43
Melhor altura = 1221

Lower Bound 1 = 1034
Lower Bound 2 = 348
Avaliação = 1.18085

Tempo de execução: 5.78219s

---------------------------

Tamanho da população: 392
Fração elite: 0.2567
Fração mutante: 0.0202
Probabilidade herdar alelo elite: 0.6001
Número de populações independentes: 1
Número de threads: 1
Número máximo de gerações: 364

Largura da faixa = 43
Melhor altura = 1228

Lower Bound 1 = 1034
Lower Bound 2 = 348
Avaliação = 1.18762

Tempo de execução: 5.79233s

---------------------------

Tamanho da população: 392
Fração elite: 0.2567
Fração mutante: 0.0202
Probabilidade herdar alelo elite: 0.6001
Número de populações independentes: 1
Número de threads: 1
Número máximo de gerações: 364

Largura da faixa = 43
Melhor altura = 1221

Lower Bound 1 = 1034
Lower Bound 2 = 348
Avaliação = 1.18085

Tempo de execução: 5.83282s

---------------------------

Tamanho da população: 392
Fração elite: 0.2567
Fração mutante: 0.0202
Probabilidade herdar alelo elite: 0.6001
Número de populações independentes: 1
Número de threads: 1
Número máximo de gerações: 364

Largura da faixa = 43
Melhor altura = 1219

Lower Bound 1 = 1034
Lower Bound 2 = 348
Avaliação = 1.17892

Tempo de execução: 5.83731s

---------------------------

Tamanho da população: 392
Fração elite: 0.2567
Fração mutante: 0.0202
Probabilidade herdar alelo elite: 0.6001
Número de populações independentes: 1
Número de threads: 1
Número máximo de gerações: 364

Largura da faixa = 43
Melhor altura = 1222

Lower Bound 1 = 1034
Lower Bound 2 = 348
Avaliação = 1.18182

Tempo de execução: 5.84651s

---------------------------

Tamanho da população: 392
Fração elite: 0.2567
Fração mutante: 0.0202
Probabilidade herdar alelo elite: 0.6001
Número de populações independentes: 1
Número de threads: 1
Número máximo de gerações: 364

Largura da faixa = 43
Melhor altura = 1222

Lower Bound 1 = 1034
Lower Bound 2 = 348
Avaliação = 1.18182

Tempo de execução: 5.79604s

---------------------------

Tamanho da população: 392
Fração elite: 0.2567
Fração mutante: 0.0202
Probabilidade herdar alelo elite: 0.6001
Número de populações independentes: 1
Número de threads: 1
Número máximo de gerações: 364

Largura da faixa = 43
Melhor altura = 1221

Lower Bound 1 = 1034
Lower Bound 2 = 348
Avaliação = 1.18085

Tempo de execução: 5.82316s

---------------------------

Tamanho da população: 392
Fração elite: 0.2567
Fração mutante: 0.0202
Probabilidade herdar alelo elite: 0.6001
Número de populações independentes: 1
Número de threads: 1
Número máximo de gerações: 364

Largura da faixa = 43
Melhor altura = 1221

Lower Bound 1 = 1034
Lower Bound 2 = 348
Avaliação = 1.18085

Tempo de execução: 5.8392s

---------------------------

Tamanho da população: 392
Fração elite: 0.2567
Fração mutante: 0.0202
Probabilidade herdar alelo elite: 0.6001
Número de populações independentes: 1
Número de threads: 1
Número máximo de gerações: 364

Largura da faixa = 43
Melhor altura = 1219

Lower Bound 1 = 1034
Lower Bound 2 = 348
Avaliação = 1.17892

Tempo de execução: 5.64967s

---------------------------

Tamanho da população: 392
Fração elite: 0.2567
Fração mutante: 0.0202
Probabilidade herdar alelo elite: 0.6001
Número de populações independentes: 1
Número de threads: 1
Número máximo de gerações: 364

Largura da faixa = 43
Melhor altura = 1228

Lower Bound 1 = 1034
Lower Bound 2 = 348
Avaliação = 1.18762

Tempo de execução: 5.67663s

---------------------------

