Melhor até agora: 30 Geração: 0
Melhor até agora: 29 Geração: 1
Tamanho da população: 300
Fração elite: 0.2
Fração mutante: 0.2
Probabilidade herdar alelo elite: 0.7
Número de populações independentes: 2
Número de threads: 16
Trocar os melhores indivíduos a cada 30 gerações
Número máximo de gerações: 300
Número máximo de iterações sem melhora: 50
Largura da faixa = 8
Melhor altura = 29

Lower Bound 1 = 28
Lower Bound 2 = 11
Avaliação = 1.03571

Tempo de execução: 1s

---------------------------

Melhor até agora: 29 Geração: 0
Tamanho da população: 300
Fração elite: 0.2
Fração mutante: 0.2
Probabilidade herdar alelo elite: 0.7
Número de populações independentes: 2
Número de threads: 16
Trocar os melhores indivíduos a cada 30 gerações
Número máximo de gerações: 300
Número máximo de iterações sem melhora: 50
Largura da faixa = 8
Melhor altura = 29

Lower Bound 1 = 28
Lower Bound 2 = 11
Avaliação = 1.03571

Tempo de execução: 1s

---------------------------

Melhor até agora: 29 Geração: 0
Tamanho da população: 300
Fração elite: 0.2
Fração mutante: 0.2
Probabilidade herdar alelo elite: 0.7
Número de populações independentes: 2
Número de threads: 16
Trocar os melhores indivíduos a cada 30 gerações
Número máximo de gerações: 300
Número máximo de iterações sem melhora: 50
Largura da faixa = 8
Melhor altura = 29

Lower Bound 1 = 28
Lower Bound 2 = 11
Avaliação = 1.03571

Tempo de execução: 1s

---------------------------

Melhor até agora: 29 Geração: 0
Tamanho da população: 300
Fração elite: 0.2
Fração mutante: 0.2
Probabilidade herdar alelo elite: 0.7
Número de populações independentes: 2
Número de threads: 16
Trocar os melhores indivíduos a cada 30 gerações
Número máximo de gerações: 300
Número máximo de iterações sem melhora: 50
Largura da faixa = 8
Melhor altura = 29

Lower Bound 1 = 28
Lower Bound 2 = 11
Avaliação = 1.03571

Tempo de execução: 1s

---------------------------

Melhor até agora: 29 Geração: 0
Tamanho da população: 300
Fração elite: 0.2
Fração mutante: 0.2
Probabilidade herdar alelo elite: 0.7
Número de populações independentes: 2
Número de threads: 16
Trocar os melhores indivíduos a cada 30 gerações
Número máximo de gerações: 300
Número máximo de iterações sem melhora: 50
Largura da faixa = 8
Melhor altura = 29

Lower Bound 1 = 28
Lower Bound 2 = 11
Avaliação = 1.03571

Tempo de execução: 1s

---------------------------

Melhor até agora: 30 Geração: 0
Melhor até agora: 29 Geração: 1
Tamanho da população: 300
Fração elite: 0.2
Fração mutante: 0.2
Probabilidade herdar alelo elite: 0.7
Número de populações independentes: 2
Número de threads: 16
Trocar os melhores indivíduos a cada 30 gerações
Número máximo de gerações: 300
Número máximo de iterações sem melhora: 50
Largura da faixa = 8
Melhor altura = 29

Lower Bound 1 = 28
Lower Bound 2 = 11
Avaliação = 1.03571

Tempo de execução: 1s

---------------------------

Melhor até agora: 29 Geração: 0
Tamanho da população: 300
Fração elite: 0.2
Fração mutante: 0.2
Probabilidade herdar alelo elite: 0.7
Número de populações independentes: 2
Número de threads: 16
Trocar os melhores indivíduos a cada 30 gerações
Número máximo de gerações: 300
Número máximo de iterações sem melhora: 50
Largura da faixa = 8
Melhor altura = 29

Lower Bound 1 = 28
Lower Bound 2 = 11
Avaliação = 1.03571

Tempo de execução: 1s

---------------------------

Melhor até agora: 30 Geração: 0
Melhor até agora: 29 Geração: 1
Tamanho da população: 300
Fração elite: 0.2
Fração mutante: 0.2
Probabilidade herdar alelo elite: 0.7
Número de populações independentes: 2
Número de threads: 16
Trocar os melhores indivíduos a cada 30 gerações
Número máximo de gerações: 300
Número máximo de iterações sem melhora: 50
Largura da faixa = 8
Melhor altura = 29

Lower Bound 1 = 28
Lower Bound 2 = 11
Avaliação = 1.03571

Tempo de execução: 1s

---------------------------

Melhor até agora: 29 Geração: 0
Tamanho da população: 300
Fração elite: 0.2
Fração mutante: 0.2
Probabilidade herdar alelo elite: 0.7
Número de populações independentes: 2
Número de threads: 16
Trocar os melhores indivíduos a cada 30 gerações
Número máximo de gerações: 300
Número máximo de iterações sem melhora: 50
Largura da faixa = 8
Melhor altura = 29

Lower Bound 1 = 28
Lower Bound 2 = 11
Avaliação = 1.03571

Tempo de execução: 0s

---------------------------

Melhor até agora: 29 Geração: 0
Tamanho da população: 300
Fração elite: 0.2
Fração mutante: 0.2
Probabilidade herdar alelo elite: 0.7
Número de populações independentes: 2
Número de threads: 16
Trocar os melhores indivíduos a cada 30 gerações
Número máximo de gerações: 300
Número máximo de iterações sem melhora: 50
Largura da faixa = 8
Melhor altura = 29

Lower Bound 1 = 28
Lower Bound 2 = 11
Avaliação = 1.03571

Tempo de execução: 1s

---------------------------

Melhor até agora: 29 Geração: 0
Tamanho da população: 300
Fração elite: 0.2
Fração mutante: 0.2
Probabilidade herdar alelo elite: 0.7
Número de populações independentes: 2
Número de threads: 16
Trocar os melhores indivíduos a cada 30 gerações
Número máximo de gerações: 300
Número máximo de iterações sem melhora: 50
Largura da faixa = 8
Melhor altura = 29

Lower Bound 1 = 28
Lower Bound 2 = 11
Avaliação = 1.03571

Tempo de execução: 1s

---------------------------

Melhor até agora: 29 Geração: 0
Tamanho da população: 300
Fração elite: 0.2
Fração mutante: 0.2
Probabilidade herdar alelo elite: 0.7
Número de populações independentes: 2
Número de threads: 16
Trocar os melhores indivíduos a cada 30 gerações
Número máximo de gerações: 300
Número máximo de iterações sem melhora: 50
Largura da faixa = 8
Melhor altura = 29

Lower Bound 1 = 28
Lower Bound 2 = 11
Avaliação = 1.03571

Tempo de execução: 1s

---------------------------

Melhor até agora: 29 Geração: 0
Tamanho da população: 300
Fração elite: 0.2
Fração mutante: 0.2
Probabilidade herdar alelo elite: 0.7
Número de populações independentes: 2
Número de threads: 16
Trocar os melhores indivíduos a cada 30 gerações
Número máximo de gerações: 300
Número máximo de iterações sem melhora: 50
Largura da faixa = 8
Melhor altura = 29

Lower Bound 1 = 28
Lower Bound 2 = 11
Avaliação = 1.03571

Tempo de execução: 1s

---------------------------

Melhor até agora: 29 Geração: 0
Tamanho da população: 300
Fração elite: 0.2
Fração mutante: 0.2
Probabilidade herdar alelo elite: 0.7
Número de populações independentes: 2
Número de threads: 16
Trocar os melhores indivíduos a cada 30 gerações
Número máximo de gerações: 300
Número máximo de iterações sem melhora: 50
Largura da faixa = 8
Melhor altura = 29

Lower Bound 1 = 28
Lower Bound 2 = 11
Avaliação = 1.03571

Tempo de execução: 1s

---------------------------

Melhor até agora: 29 Geração: 0
Tamanho da população: 300
Fração elite: 0.2
Fração mutante: 0.2
Probabilidade herdar alelo elite: 0.7
Número de populações independentes: 2
Número de threads: 16
Trocar os melhores indivíduos a cada 30 gerações
Número máximo de gerações: 300
Número máximo de iterações sem melhora: 50
Largura da faixa = 8
Melhor altura = 29

Lower Bound 1 = 28
Lower Bound 2 = 11
Avaliação = 1.03571

Tempo de execução: 1s

---------------------------

Melhor até agora: 29 Geração: 0
Tamanho da população: 300
Fração elite: 0.2
Fração mutante: 0.2
Probabilidade herdar alelo elite: 0.7
Número de populações independentes: 2
Número de threads: 16
Trocar os melhores indivíduos a cada 30 gerações
Número máximo de gerações: 300
Número máximo de iterações sem melhora: 50
Largura da faixa = 8
Melhor altura = 29

Lower Bound 1 = 28
Lower Bound 2 = 11
Avaliação = 1.03571

Tempo de execução: 1s

---------------------------

Melhor até agora: 30 Geração: 0
Melhor até agora: 29 Geração: 1
Tamanho da população: 300
Fração elite: 0.2
Fração mutante: 0.2
Probabilidade herdar alelo elite: 0.7
Número de populações independentes: 2
Número de threads: 16
Trocar os melhores indivíduos a cada 30 gerações
Número máximo de gerações: 300
Número máximo de iterações sem melhora: 50
Largura da faixa = 8
Melhor altura = 29

Lower Bound 1 = 28
Lower Bound 2 = 11
Avaliação = 1.03571

Tempo de execução: 1s

---------------------------

Melhor até agora: 29 Geração: 0
Tamanho da população: 300
Fração elite: 0.2
Fração mutante: 0.2
Probabilidade herdar alelo elite: 0.7
Número de populações independentes: 2
Número de threads: 16
Trocar os melhores indivíduos a cada 30 gerações
Número máximo de gerações: 300
Número máximo de iterações sem melhora: 50
Largura da faixa = 8
Melhor altura = 29

Lower Bound 1 = 28
Lower Bound 2 = 11
Avaliação = 1.03571

Tempo de execução: 1s

---------------------------

Melhor até agora: 29 Geração: 0
Tamanho da população: 300
Fração elite: 0.2
Fração mutante: 0.2
Probabilidade herdar alelo elite: 0.7
Número de populações independentes: 2
Número de threads: 16
Trocar os melhores indivíduos a cada 30 gerações
Número máximo de gerações: 300
Número máximo de iterações sem melhora: 50
Largura da faixa = 8
Melhor altura = 29

Lower Bound 1 = 28
Lower Bound 2 = 11
Avaliação = 1.03571

Tempo de execução: 1s

---------------------------

Melhor até agora: 29 Geração: 0
Tamanho da população: 300
Fração elite: 0.2
Fração mutante: 0.2
Probabilidade herdar alelo elite: 0.7
Número de populações independentes: 2
Número de threads: 16
Trocar os melhores indivíduos a cada 30 gerações
Número máximo de gerações: 300
Número máximo de iterações sem melhora: 50
Largura da faixa = 8
Melhor altura = 29

Lower Bound 1 = 28
Lower Bound 2 = 11
Avaliação = 1.03571

Tempo de execução: 0s

---------------------------

Melhor até agora: 31 Geração: 0
Melhor até agora: 30 Geração: 1
Tamanho da população: 300
Fração elite: 0.25
Fração mutante: 0.2
Probabilidade herdar alelo elite: 0.7
Número de populações independentes: 2
Número de threads: 16
Trocar os melhores indivíduos a cada 30 gerações
Número máximo de gerações: 300
Número máximo de iterações sem melhora: 50
Largura da faixa = 8
Melhor altura = 30

Lower Bound 1 = 28
Lower Bound 2 = 11
Avaliação = 1.07143

Tempo de execução: 0s

---------------------------

Melhor até agora: 31 Geração: 0
Tamanho da população: 300
Fração elite: 0.25
Fração mutante: 0.2
Probabilidade herdar alelo elite: 0.7
Número de populações independentes: 2
Número de threads: 16
Trocar os melhores indivíduos a cada 30 gerações
Número máximo de gerações: 300
Número máximo de iterações sem melhora: 50
Largura da faixa = 8
Melhor altura = 31

Lower Bound 1 = 28
Lower Bound 2 = 11
Avaliação = 1.10714

Tempo de execução: 0s

---------------------------

Melhor até agora: 31 Geração: 0
Melhor até agora: 30 Geração: 42
Melhor até agora: 29 Geração: 79
Tamanho da população: 300
Fração elite: 0.25
Fração mutante: 0.2
Probabilidade herdar alelo elite: 0.7
Número de populações independentes: 2
Número de threads: 16
Trocar os melhores indivíduos a cada 30 gerações
Número máximo de gerações: 300
Número máximo de iterações sem melhora: 50
Largura da faixa = 8
Melhor altura = 29

Lower Bound 1 = 28
Lower Bound 2 = 11
Avaliação = 1.03571

Tempo de execução: 0s

---------------------------

Melhor até agora: 31 Geração: 0
Melhor até agora: 30 Geração: 2
Tamanho da população: 300
Fração elite: 0.25
Fração mutante: 0.2
Probabilidade herdar alelo elite: 0.7
Número de populações independentes: 2
Número de threads: 16
Trocar os melhores indivíduos a cada 30 gerações
Número máximo de gerações: 300
Número máximo de iterações sem melhora: 50
Largura da faixa = 8
Melhor altura = 30

Lower Bound 1 = 28
Lower Bound 2 = 11
Avaliação = 1.07143

Tempo de execução: 0s

---------------------------

Melhor até agora: 31 Geração: 0
Melhor até agora: 30 Geração: 1
Tamanho da população: 300
Fração elite: 0.25
Fração mutante: 0.2
Probabilidade herdar alelo elite: 0.7
Número de populações independentes: 2
Número de threads: 16
Trocar os melhores indivíduos a cada 30 gerações
Número máximo de gerações: 300
Número máximo de iterações sem melhora: 50
Largura da faixa = 8
Melhor altura = 30

Lower Bound 1 = 28
Lower Bound 2 = 11
Avaliação = 1.07143

Tempo de execução: 0s

---------------------------

Melhor até agora: 31 Geração: 0
Melhor até agora: 30 Geração: 40
Tamanho da população: 300
Fração elite: 0.25
Fração mutante: 0.2
Probabilidade herdar alelo elite: 0.7
Número de populações independentes: 2
Número de threads: 16
Trocar os melhores indivíduos a cada 30 gerações
Número máximo de gerações: 300
Número máximo de iterações sem melhora: 50
Largura da faixa = 8
Melhor altura = 30

Lower Bound 1 = 28
Lower Bound 2 = 11
Avaliação = 1.07143

Tempo de execução: 0s

---------------------------

Melhor até agora: 31 Geração: 0
Melhor até agora: 30 Geração: 3
Tamanho da população: 300
Fração elite: 0.25
Fração mutante: 0.2
Probabilidade herdar alelo elite: 0.7
Número de populações independentes: 2
Número de threads: 16
Trocar os melhores indivíduos a cada 30 gerações
Número máximo de gerações: 300
Número máximo de iterações sem melhora: 50
Largura da faixa = 8
Melhor altura = 30

Lower Bound 1 = 28
Lower Bound 2 = 11
Avaliação = 1.07143

Tempo de execução: 0s

---------------------------

Melhor até agora: 31 Geração: 0
Melhor até agora: 30 Geração: 8
Tamanho da população: 300
Fração elite: 0.25
Fração mutante: 0.2
Probabilidade herdar alelo elite: 0.7
Número de populações independentes: 2
Número de threads: 16
Trocar os melhores indivíduos a cada 30 gerações
Número máximo de gerações: 300
Número máximo de iterações sem melhora: 50
Largura da faixa = 8
Melhor altura = 30

Lower Bound 1 = 28
Lower Bound 2 = 11
Avaliação = 1.07143

Tempo de execução: 0s

---------------------------

Melhor até agora: 31 Geração: 0
Melhor até agora: 30 Geração: 10
Tamanho da população: 300
Fração elite: 0.25
Fração mutante: 0.2
Probabilidade herdar alelo elite: 0.7
Número de populações independentes: 2
Número de threads: 16
Trocar os melhores indivíduos a cada 30 gerações
Número máximo de gerações: 300
Número máximo de iterações sem melhora: 50
Largura da faixa = 8
Melhor altura = 30

Lower Bound 1 = 28
Lower Bound 2 = 11
Avaliação = 1.07143

Tempo de execução: 0s

---------------------------

Melhor até agora: 31 Geração: 0
Melhor até agora: 30 Geração: 2
Tamanho da população: 300
Fração elite: 0.25
Fração mutante: 0.2
Probabilidade herdar alelo elite: 0.7
Número de populações independentes: 2
Número de threads: 16
Trocar os melhores indivíduos a cada 30 gerações
Número máximo de gerações: 300
Número máximo de iterações sem melhora: 50
Largura da faixa = 8
Melhor altura = 30

Lower Bound 1 = 28
Lower Bound 2 = 11
Avaliação = 1.07143

Tempo de execução: 0s

---------------------------

Melhor até agora: 31 Geração: 0
Melhor até agora: 30 Geração: 3
Tamanho da população: 300
Fração elite: 0.25
Fração mutante: 0.2
Probabilidade herdar alelo elite: 0.7
Número de populações independentes: 2
Número de threads: 16
Trocar os melhores indivíduos a cada 30 gerações
Número máximo de gerações: 300
Número máximo de iterações sem melhora: 50
Largura da faixa = 8
Melhor altura = 30

Lower Bound 1 = 28
Lower Bound 2 = 11
Avaliação = 1.07143

Tempo de execução: 0s

---------------------------

Melhor até agora: 31 Geração: 0
Melhor até agora: 30 Geração: 3
Melhor até agora: 29 Geração: 44
Tamanho da população: 300
Fração elite: 0.25
Fração mutante: 0.2
Probabilidade herdar alelo elite: 0.7
Número de populações independentes: 2
Número de threads: 16
Trocar os melhores indivíduos a cada 30 gerações
Número máximo de gerações: 300
Número máximo de iterações sem melhora: 50
Largura da faixa = 8
Melhor altura = 29

Lower Bound 1 = 28
Lower Bound 2 = 11
Avaliação = 1.03571

Tempo de execução: 0s

---------------------------

Melhor até agora: 31 Geração: 0
Melhor até agora: 30 Geração: 4
Tamanho da população: 300
Fração elite: 0.25
Fração mutante: 0.2
Probabilidade herdar alelo elite: 0.7
Número de populações independentes: 2
Número de threads: 16
Trocar os melhores indivíduos a cada 30 gerações
Número máximo de gerações: 300
Número máximo de iterações sem melhora: 50
Largura da faixa = 8
Melhor altura = 30

Lower Bound 1 = 28
Lower Bound 2 = 11
Avaliação = 1.07143

Tempo de execução: 0s

---------------------------

Melhor até agora: 31 Geração: 0
Melhor até agora: 30 Geração: 6
Melhor até agora: 29 Geração: 51
Tamanho da população: 300
Fração elite: 0.25
Fração mutante: 0.2
Probabilidade herdar alelo elite: 0.7
Número de populações independentes: 2
Número de threads: 16
Trocar os melhores indivíduos a cada 30 gerações
Número máximo de gerações: 300
Número máximo de iterações sem melhora: 50
Largura da faixa = 8
Melhor altura = 29

Lower Bound 1 = 28
Lower Bound 2 = 11
Avaliação = 1.03571

Tempo de execução: 0s

---------------------------

Melhor até agora: 30 Geração: 0
Tamanho da população: 300
Fração elite: 0.25
Fração mutante: 0.2
Probabilidade herdar alelo elite: 0.7
Número de populações independentes: 2
Número de threads: 16
Trocar os melhores indivíduos a cada 30 gerações
Número máximo de gerações: 300
Número máximo de iterações sem melhora: 50
Largura da faixa = 8
Melhor altura = 30

Lower Bound 1 = 28
Lower Bound 2 = 11
Avaliação = 1.07143

Tempo de execução: 0s

---------------------------

Melhor até agora: 31 Geração: 0
Melhor até agora: 30 Geração: 5
Tamanho da população: 300
Fração elite: 0.25
Fração mutante: 0.2
Probabilidade herdar alelo elite: 0.7
Número de populações independentes: 2
Número de threads: 16
Trocar os melhores indivíduos a cada 30 gerações
Número máximo de gerações: 300
Número máximo de iterações sem melhora: 50
Largura da faixa = 8
Melhor altura = 30

Lower Bound 1 = 28
Lower Bound 2 = 11
Avaliação = 1.07143

Tempo de execução: 0s

---------------------------

Melhor até agora: 31 Geração: 0
Melhor até agora: 30 Geração: 50
Tamanho da população: 300
Fração elite: 0.25
Fração mutante: 0.2
Probabilidade herdar alelo elite: 0.7
Número de populações independentes: 2
Número de threads: 16
Trocar os melhores indivíduos a cada 30 gerações
Número máximo de gerações: 300
Número máximo de iterações sem melhora: 50
Largura da faixa = 8
Melhor altura = 30

Lower Bound 1 = 28
Lower Bound 2 = 11
Avaliação = 1.07143

Tempo de execução: 0s

---------------------------

Melhor até agora: 31 Geração: 0
Melhor até agora: 30 Geração: 8
Tamanho da população: 300
Fração elite: 0.25
Fração mutante: 0.2
Probabilidade herdar alelo elite: 0.7
Número de populações independentes: 2
Número de threads: 16
Trocar os melhores indivíduos a cada 30 gerações
Número máximo de gerações: 300
Número máximo de iterações sem melhora: 50
Largura da faixa = 8
Melhor altura = 30

Lower Bound 1 = 28
Lower Bound 2 = 11
Avaliação = 1.07143

Tempo de execução: 0s

---------------------------

Melhor até agora: 31 Geração: 0
Melhor até agora: 30 Geração: 16
Tamanho da população: 300
Fração elite: 0.25
Fração mutante: 0.2
Probabilidade herdar alelo elite: 0.7
Número de populações independentes: 2
Número de threads: 16
Trocar os melhores indivíduos a cada 30 gerações
Número máximo de gerações: 300
Número máximo de iterações sem melhora: 50
Largura da faixa = 8
Melhor altura = 30

Lower Bound 1 = 28
Lower Bound 2 = 11
Avaliação = 1.07143

Tempo de execução: 0s

---------------------------

Melhor até agora: 31 Geração: 0
Melhor até agora: 30 Geração: 22
Tamanho da população: 300
Fração elite: 0.25
Fração mutante: 0.2
Probabilidade herdar alelo elite: 0.7
Número de populações independentes: 2
Número de threads: 16
Trocar os melhores indivíduos a cada 30 gerações
Número máximo de gerações: 300
Número máximo de iterações sem melhora: 50
Largura da faixa = 8
Melhor altura = 30

Lower Bound 1 = 28
Lower Bound 2 = 11
Avaliação = 1.07143

Tempo de execução: 0s

---------------------------

Tamanho da população: 389
Fração elite: 0.5799
Fração mutante: 0.0086
Probabilidade herdar alelo elite: 0.7325
Número de populações independentes: 1
Número de threads: 1
Trocar os melhores indivíduos a cada 30 gerações
Número máximo de gerações: 338
Número máximo de iterações sem melhora: 70
Largura da faixa = 8
Melhor altura = 30

Lower Bound 1 = 28
Lower Bound 2 = 11
Avaliação = 1.07143

Tempo de execução: 0s

---------------------------

Tamanho da população: 389
Fração elite: 0.5799
Fração mutante: 0.0086
Probabilidade herdar alelo elite: 0.7325
Número de populações independentes: 1
Número de threads: 1
Trocar os melhores indivíduos a cada 30 gerações
Número máximo de gerações: 338
Número máximo de iterações sem melhora: 70
Largura da faixa = 8
Melhor altura = 30

Lower Bound 1 = 28
Lower Bound 2 = 11
Avaliação = 1.07143

Tempo de execução: 0s

---------------------------

Tamanho da população: 389
Fração elite: 0.5799
Fração mutante: 0.0086
Probabilidade herdar alelo elite: 0.7325
Número de populações independentes: 1
Número de threads: 1
Trocar os melhores indivíduos a cada 30 gerações
Número máximo de gerações: 338
Número máximo de iterações sem melhora: 70
Largura da faixa = 8
Melhor altura = 30

Lower Bound 1 = 28
Lower Bound 2 = 11
Avaliação = 1.07143

Tempo de execução: 0s

---------------------------

Tamanho da população: 389
Fração elite: 0.5799
Fração mutante: 0.0086
Probabilidade herdar alelo elite: 0.7325
Número de populações independentes: 1
Número de threads: 1
Trocar os melhores indivíduos a cada 30 gerações
Número máximo de gerações: 338
Número máximo de iterações sem melhora: 70
Largura da faixa = 8
Melhor altura = 29

Lower Bound 1 = 28
Lower Bound 2 = 11
Avaliação = 1.03571

Tempo de execução: 0s

---------------------------

Tamanho da população: 389
Fração elite: 0.5799
Fração mutante: 0.0086
Probabilidade herdar alelo elite: 0.7325
Número de populações independentes: 1
Número de threads: 1
Trocar os melhores indivíduos a cada 30 gerações
Número máximo de gerações: 338
Número máximo de iterações sem melhora: 70
Largura da faixa = 8
Melhor altura = 29

Lower Bound 1 = 28
Lower Bound 2 = 11
Avaliação = 1.03571

Tempo de execução: 0s

---------------------------

Tamanho da população: 389
Fração elite: 0.5799
Fração mutante: 0.0086
Probabilidade herdar alelo elite: 0.7325
Número de populações independentes: 1
Número de threads: 1
Trocar os melhores indivíduos a cada 30 gerações
Número máximo de gerações: 338
Número máximo de iterações sem melhora: 70
Largura da faixa = 8
Melhor altura = 30

Lower Bound 1 = 28
Lower Bound 2 = 11
Avaliação = 1.07143

Tempo de execução: 0s

---------------------------

Tamanho da população: 389
Fração elite: 0.5799
Fração mutante: 0.0086
Probabilidade herdar alelo elite: 0.7325
Número de populações independentes: 1
Número de threads: 1
Trocar os melhores indivíduos a cada 30 gerações
Número máximo de gerações: 338
Número máximo de iterações sem melhora: 70
Largura da faixa = 8
Melhor altura = 29

Lower Bound 1 = 28
Lower Bound 2 = 11
Avaliação = 1.03571

Tempo de execução: 0s

---------------------------

Tamanho da população: 389
Fração elite: 0.5799
Fração mutante: 0.0086
Probabilidade herdar alelo elite: 0.7325
Número de populações independentes: 1
Número de threads: 1
Trocar os melhores indivíduos a cada 30 gerações
Número máximo de gerações: 338
Número máximo de iterações sem melhora: 70
Largura da faixa = 8
Melhor altura = 30

Lower Bound 1 = 28
Lower Bound 2 = 11
Avaliação = 1.07143

Tempo de execução: 0s

---------------------------

Tamanho da população: 389
Fração elite: 0.5799
Fração mutante: 0.0086
Probabilidade herdar alelo elite: 0.7325
Número de populações independentes: 1
Número de threads: 1
Trocar os melhores indivíduos a cada 30 gerações
Número máximo de gerações: 338
Número máximo de iterações sem melhora: 70
Largura da faixa = 8
Melhor altura = 30

Lower Bound 1 = 28
Lower Bound 2 = 11
Avaliação = 1.07143

Tempo de execução: 0s

---------------------------

Tamanho da população: 389
Fração elite: 0.5799
Fração mutante: 0.0086
Probabilidade herdar alelo elite: 0.7325
Número de populações independentes: 1
Número de threads: 1
Trocar os melhores indivíduos a cada 30 gerações
Número máximo de gerações: 338
Número máximo de iterações sem melhora: 70
Largura da faixa = 8
Melhor altura = 30

Lower Bound 1 = 28
Lower Bound 2 = 11
Avaliação = 1.07143

Tempo de execução: 0s

---------------------------

Tamanho da população: 389
Fração elite: 0.5799
Fração mutante: 0.0086
Probabilidade herdar alelo elite: 0.7325
Número de populações independentes: 1
Número de threads: 1
Trocar os melhores indivíduos a cada 30 gerações
Número máximo de gerações: 338
Número máximo de iterações sem melhora: 70
Largura da faixa = 8
Melhor altura = 30

Lower Bound 1 = 28
Lower Bound 2 = 11
Avaliação = 1.07143

Tempo de execução: 0s

---------------------------

Tamanho da população: 389
Fração elite: 0.5799
Fração mutante: 0.0086
Probabilidade herdar alelo elite: 0.7325
Número de populações independentes: 1
Número de threads: 1
Trocar os melhores indivíduos a cada 30 gerações
Número máximo de gerações: 338
Número máximo de iterações sem melhora: 70
Largura da faixa = 8
Melhor altura = 30

Lower Bound 1 = 28
Lower Bound 2 = 11
Avaliação = 1.07143

Tempo de execução: 0s

---------------------------

Tamanho da população: 389
Fração elite: 0.5799
Fração mutante: 0.0086
Probabilidade herdar alelo elite: 0.7325
Número de populações independentes: 1
Número de threads: 1
Trocar os melhores indivíduos a cada 30 gerações
Número máximo de gerações: 338
Número máximo de iterações sem melhora: 70
Largura da faixa = 8
Melhor altura = 29

Lower Bound 1 = 28
Lower Bound 2 = 11
Avaliação = 1.03571

Tempo de execução: 0s

---------------------------

Tamanho da população: 389
Fração elite: 0.5799
Fração mutante: 0.0086
Probabilidade herdar alelo elite: 0.7325
Número de populações independentes: 1
Número de threads: 1
Trocar os melhores indivíduos a cada 30 gerações
Número máximo de gerações: 338
Número máximo de iterações sem melhora: 70
Largura da faixa = 8
Melhor altura = 30

Lower Bound 1 = 28
Lower Bound 2 = 11
Avaliação = 1.07143

Tempo de execução: 0s

---------------------------

Tamanho da população: 389
Fração elite: 0.5799
Fração mutante: 0.0086
Probabilidade herdar alelo elite: 0.7325
Número de populações independentes: 1
Número de threads: 1
Trocar os melhores indivíduos a cada 30 gerações
Número máximo de gerações: 338
Número máximo de iterações sem melhora: 70
Largura da faixa = 8
Melhor altura = 30

Lower Bound 1 = 28
Lower Bound 2 = 11
Avaliação = 1.07143

Tempo de execução: 0s

---------------------------

Tamanho da população: 389
Fração elite: 0.5799
Fração mutante: 0.0086
Probabilidade herdar alelo elite: 0.7325
Número de populações independentes: 1
Número de threads: 1
Trocar os melhores indivíduos a cada 30 gerações
Número máximo de gerações: 338
Número máximo de iterações sem melhora: 70
Largura da faixa = 8
Melhor altura = 30

Lower Bound 1 = 28
Lower Bound 2 = 11
Avaliação = 1.07143

Tempo de execução: 0s

---------------------------

Tamanho da população: 389
Fração elite: 0.5799
Fração mutante: 0.0086
Probabilidade herdar alelo elite: 0.7325
Número de populações independentes: 1
Número de threads: 1
Trocar os melhores indivíduos a cada 30 gerações
Número máximo de gerações: 338
Número máximo de iterações sem melhora: 70
Largura da faixa = 8
Melhor altura = 29

Lower Bound 1 = 28
Lower Bound 2 = 11
Avaliação = 1.03571

Tempo de execução: 0s

---------------------------

Tamanho da população: 389
Fração elite: 0.5799
Fração mutante: 0.0086
Probabilidade herdar alelo elite: 0.7325
Número de populações independentes: 1
Número de threads: 1
Trocar os melhores indivíduos a cada 30 gerações
Número máximo de gerações: 338
Número máximo de iterações sem melhora: 70
Largura da faixa = 8
Melhor altura = 29

Lower Bound 1 = 28
Lower Bound 2 = 11
Avaliação = 1.03571

Tempo de execução: 0s

---------------------------

Tamanho da população: 389
Fração elite: 0.5799
Fração mutante: 0.0086
Probabilidade herdar alelo elite: 0.7325
Número de populações independentes: 1
Número de threads: 1
Trocar os melhores indivíduos a cada 30 gerações
Número máximo de gerações: 338
Número máximo de iterações sem melhora: 70
Largura da faixa = 8
Melhor altura = 30

Lower Bound 1 = 28
Lower Bound 2 = 11
Avaliação = 1.07143

Tempo de execução: 0s

---------------------------

Tamanho da população: 389
Fração elite: 0.5799
Fração mutante: 0.0086
Probabilidade herdar alelo elite: 0.7325
Número de populações independentes: 1
Número de threads: 1
Trocar os melhores indivíduos a cada 30 gerações
Número máximo de gerações: 338
Número máximo de iterações sem melhora: 70
Largura da faixa = 8
Melhor altura = 30

Lower Bound 1 = 28
Lower Bound 2 = 11
Avaliação = 1.07143

Tempo de execução: 0s

---------------------------

Tamanho da população: 297
Fração elite: 0.55
Fração mutante: 0.0174
Probabilidade herdar alelo elite: 0.7678
Número de populações independentes: 1
Número de threads: 1
Trocar os melhores indivíduos a cada 30 gerações
Número máximo de gerações: 279

Largura da faixa = 8
Melhor altura = 30

Lower Bound 1 = 28
Lower Bound 2 = 11
Avaliação = 1.07143

Tempo de execução: 0.96535s

---------------------------

Tamanho da população: 297
Fração elite: 0.55
Fração mutante: 0.0174
Probabilidade herdar alelo elite: 0.7678
Número de populações independentes: 1
Número de threads: 1
Trocar os melhores indivíduos a cada 30 gerações
Número máximo de gerações: 279

Largura da faixa = 8
Melhor altura = 29

Lower Bound 1 = 28
Lower Bound 2 = 11
Avaliação = 1.03571

Tempo de execução: 0.97662s

---------------------------

Tamanho da população: 297
Fração elite: 0.55
Fração mutante: 0.0174
Probabilidade herdar alelo elite: 0.7678
Número de populações independentes: 1
Número de threads: 1
Trocar os melhores indivíduos a cada 30 gerações
Número máximo de gerações: 279

Largura da faixa = 8
Melhor altura = 30

Lower Bound 1 = 28
Lower Bound 2 = 11
Avaliação = 1.07143

Tempo de execução: 1.00289s

---------------------------

Tamanho da população: 297
Fração elite: 0.55
Fração mutante: 0.0174
Probabilidade herdar alelo elite: 0.7678
Número de populações independentes: 1
Número de threads: 1
Trocar os melhores indivíduos a cada 30 gerações
Número máximo de gerações: 279

Largura da faixa = 8
Melhor altura = 29

Lower Bound 1 = 28
Lower Bound 2 = 11
Avaliação = 1.03571

Tempo de execução: 0.995461s

---------------------------

Tamanho da população: 297
Fração elite: 0.55
Fração mutante: 0.0174
Probabilidade herdar alelo elite: 0.7678
Número de populações independentes: 1
Número de threads: 1
Trocar os melhores indivíduos a cada 30 gerações
Número máximo de gerações: 279

Largura da faixa = 8
Melhor altura = 30

Lower Bound 1 = 28
Lower Bound 2 = 11
Avaliação = 1.07143

Tempo de execução: 1.03804s

---------------------------

Tamanho da população: 297
Fração elite: 0.55
Fração mutante: 0.0174
Probabilidade herdar alelo elite: 0.7678
Número de populações independentes: 1
Número de threads: 1
Trocar os melhores indivíduos a cada 30 gerações
Número máximo de gerações: 279

Largura da faixa = 8
Melhor altura = 29

Lower Bound 1 = 28
Lower Bound 2 = 11
Avaliação = 1.03571

Tempo de execução: 1.0791s

---------------------------

Tamanho da população: 297
Fração elite: 0.55
Fração mutante: 0.0174
Probabilidade herdar alelo elite: 0.7678
Número de populações independentes: 1
Número de threads: 1
Trocar os melhores indivíduos a cada 30 gerações
Número máximo de gerações: 279

Largura da faixa = 8
Melhor altura = 30

Lower Bound 1 = 28
Lower Bound 2 = 11
Avaliação = 1.07143

Tempo de execução: 1.00019s

---------------------------

Tamanho da população: 297
Fração elite: 0.55
Fração mutante: 0.0174
Probabilidade herdar alelo elite: 0.7678
Número de populações independentes: 1
Número de threads: 1
Trocar os melhores indivíduos a cada 30 gerações
Número máximo de gerações: 279

Largura da faixa = 8
Melhor altura = 30

Lower Bound 1 = 28
Lower Bound 2 = 11
Avaliação = 1.07143

Tempo de execução: 1.04414s

---------------------------

Tamanho da população: 297
Fração elite: 0.55
Fração mutante: 0.0174
Probabilidade herdar alelo elite: 0.7678
Número de populações independentes: 1
Número de threads: 1
Trocar os melhores indivíduos a cada 30 gerações
Número máximo de gerações: 279

Largura da faixa = 8
Melhor altura = 29

Lower Bound 1 = 28
Lower Bound 2 = 11
Avaliação = 1.03571

Tempo de execução: 1.08324s

---------------------------

Tamanho da população: 297
Fração elite: 0.55
Fração mutante: 0.0174
Probabilidade herdar alelo elite: 0.7678
Número de populações independentes: 1
Número de threads: 1
Trocar os melhores indivíduos a cada 30 gerações
Número máximo de gerações: 279

Largura da faixa = 8
Melhor altura = 30

Lower Bound 1 = 28
Lower Bound 2 = 11
Avaliação = 1.07143

Tempo de execução: 0.925645s

---------------------------

Tamanho da população: 297
Fração elite: 0.55
Fração mutante: 0.0174
Probabilidade herdar alelo elite: 0.7678
Número de populações independentes: 1
Número de threads: 1
Trocar os melhores indivíduos a cada 30 gerações
Número máximo de gerações: 279

Largura da faixa = 8
Melhor altura = 30

Lower Bound 1 = 28
Lower Bound 2 = 11
Avaliação = 1.07143

Tempo de execução: 0.996486s

---------------------------

Tamanho da população: 297
Fração elite: 0.55
Fração mutante: 0.0174
Probabilidade herdar alelo elite: 0.7678
Número de populações independentes: 1
Número de threads: 1
Trocar os melhores indivíduos a cada 30 gerações
Número máximo de gerações: 279

Largura da faixa = 8
Melhor altura = 30

Lower Bound 1 = 28
Lower Bound 2 = 11
Avaliação = 1.07143

Tempo de execução: 1.02881s

---------------------------

Tamanho da população: 297
Fração elite: 0.55
Fração mutante: 0.0174
Probabilidade herdar alelo elite: 0.7678
Número de populações independentes: 1
Número de threads: 1
Trocar os melhores indivíduos a cada 30 gerações
Número máximo de gerações: 279

Largura da faixa = 8
Melhor altura = 30

Lower Bound 1 = 28
Lower Bound 2 = 11
Avaliação = 1.07143

Tempo de execução: 1.02327s

---------------------------

Tamanho da população: 297
Fração elite: 0.55
Fração mutante: 0.0174
Probabilidade herdar alelo elite: 0.7678
Número de populações independentes: 1
Número de threads: 1
Trocar os melhores indivíduos a cada 30 gerações
Número máximo de gerações: 279

Largura da faixa = 8
Melhor altura = 30

Lower Bound 1 = 28
Lower Bound 2 = 11
Avaliação = 1.07143

Tempo de execução: 1.0414s

---------------------------

Tamanho da população: 297
Fração elite: 0.55
Fração mutante: 0.0174
Probabilidade herdar alelo elite: 0.7678
Número de populações independentes: 1
Número de threads: 1
Trocar os melhores indivíduos a cada 30 gerações
Número máximo de gerações: 279

Largura da faixa = 8
Melhor altura = 30

Lower Bound 1 = 28
Lower Bound 2 = 11
Avaliação = 1.07143

Tempo de execução: 1.04668s

---------------------------

Tamanho da população: 297
Fração elite: 0.55
Fração mutante: 0.0174
Probabilidade herdar alelo elite: 0.7678
Número de populações independentes: 1
Número de threads: 1
Trocar os melhores indivíduos a cada 30 gerações
Número máximo de gerações: 279

Largura da faixa = 8
Melhor altura = 29

Lower Bound 1 = 28
Lower Bound 2 = 11
Avaliação = 1.03571

Tempo de execução: 0.980828s

---------------------------

Tamanho da população: 297
Fração elite: 0.55
Fração mutante: 0.0174
Probabilidade herdar alelo elite: 0.7678
Número de populações independentes: 1
Número de threads: 1
Trocar os melhores indivíduos a cada 30 gerações
Número máximo de gerações: 279

Largura da faixa = 8
Melhor altura = 30

Lower Bound 1 = 28
Lower Bound 2 = 11
Avaliação = 1.07143

Tempo de execução: 0.999927s

---------------------------

Tamanho da população: 297
Fração elite: 0.55
Fração mutante: 0.0174
Probabilidade herdar alelo elite: 0.7678
Número de populações independentes: 1
Número de threads: 1
Trocar os melhores indivíduos a cada 30 gerações
Número máximo de gerações: 279

Largura da faixa = 8
Melhor altura = 29

Lower Bound 1 = 28
Lower Bound 2 = 11
Avaliação = 1.03571

Tempo de execução: 1.05027s

---------------------------

Tamanho da população: 297
Fração elite: 0.55
Fração mutante: 0.0174
Probabilidade herdar alelo elite: 0.7678
Número de populações independentes: 1
Número de threads: 1
Trocar os melhores indivíduos a cada 30 gerações
Número máximo de gerações: 279

Largura da faixa = 8
Melhor altura = 30

Lower Bound 1 = 28
Lower Bound 2 = 11
Avaliação = 1.07143

Tempo de execução: 1.0189s

---------------------------

Tamanho da população: 297
Fração elite: 0.55
Fração mutante: 0.0174
Probabilidade herdar alelo elite: 0.7678
Número de populações independentes: 1
Número de threads: 1
Trocar os melhores indivíduos a cada 30 gerações
Número máximo de gerações: 279

Largura da faixa = 8
Melhor altura = 30

Lower Bound 1 = 28
Lower Bound 2 = 11
Avaliação = 1.07143

Tempo de execução: 1.06526s

---------------------------

Tamanho da população: 392
Fração elite: 0.2567
Fração mutante: 0.0202
Probabilidade herdar alelo elite: 0.6001
Número de populações independentes: 1
Número de threads: 1
Número máximo de gerações: 364

Largura da faixa = 8
Melhor altura = 29

Lower Bound 1 = 28
Lower Bound 2 = 11
Avaliação = 1.03571

Tempo de execução: 1.01263s

---------------------------

Tamanho da população: 392
Fração elite: 0.2567
Fração mutante: 0.0202
Probabilidade herdar alelo elite: 0.6001
Número de populações independentes: 1
Número de threads: 1
Número máximo de gerações: 364

Largura da faixa = 8
Melhor altura = 29

Lower Bound 1 = 28
Lower Bound 2 = 11
Avaliação = 1.03571

Tempo de execução: 1.07384s

---------------------------

Tamanho da população: 392
Fração elite: 0.2567
Fração mutante: 0.0202
Probabilidade herdar alelo elite: 0.6001
Número de populações independentes: 1
Número de threads: 1
Número máximo de gerações: 364

Largura da faixa = 8
Melhor altura = 30

Lower Bound 1 = 28
Lower Bound 2 = 11
Avaliação = 1.07143

Tempo de execução: 1.11077s

---------------------------

Tamanho da população: 392
Fração elite: 0.2567
Fração mutante: 0.0202
Probabilidade herdar alelo elite: 0.6001
Número de populações independentes: 1
Número de threads: 1
Número máximo de gerações: 364

Largura da faixa = 8
Melhor altura = 30

Lower Bound 1 = 28
Lower Bound 2 = 11
Avaliação = 1.07143

Tempo de execução: 1.06327s

---------------------------

Tamanho da população: 392
Fração elite: 0.2567
Fração mutante: 0.0202
Probabilidade herdar alelo elite: 0.6001
Número de populações independentes: 1
Número de threads: 1
Número máximo de gerações: 364

Largura da faixa = 8
Melhor altura = 30

Lower Bound 1 = 28
Lower Bound 2 = 11
Avaliação = 1.07143

Tempo de execução: 1.06913s

---------------------------

Tamanho da população: 392
Fração elite: 0.2567
Fração mutante: 0.0202
Probabilidade herdar alelo elite: 0.6001
Número de populações independentes: 1
Número de threads: 1
Número máximo de gerações: 364

Largura da faixa = 8
Melhor altura = 29

Lower Bound 1 = 28
Lower Bound 2 = 11
Avaliação = 1.03571

Tempo de execução: 1.12192s

---------------------------

Tamanho da população: 392
Fração elite: 0.2567
Fração mutante: 0.0202
Probabilidade herdar alelo elite: 0.6001
Número de populações independentes: 1
Número de threads: 1
Número máximo de gerações: 364

Largura da faixa = 8
Melhor altura = 30

Lower Bound 1 = 28
Lower Bound 2 = 11
Avaliação = 1.07143

Tempo de execução: 0.984065s

---------------------------

Tamanho da população: 392
Fração elite: 0.2567
Fração mutante: 0.0202
Probabilidade herdar alelo elite: 0.6001
Número de populações independentes: 1
Número de threads: 1
Número máximo de gerações: 364

Largura da faixa = 8
Melhor altura = 30

Lower Bound 1 = 28
Lower Bound 2 = 11
Avaliação = 1.07143

Tempo de execução: 1.07083s

---------------------------

Tamanho da população: 392
Fração elite: 0.2567
Fração mutante: 0.0202
Probabilidade herdar alelo elite: 0.6001
Número de populações independentes: 1
Número de threads: 1
Número máximo de gerações: 364

Largura da faixa = 8
Melhor altura = 30

Lower Bound 1 = 28
Lower Bound 2 = 11
Avaliação = 1.07143

Tempo de execução: 1.08109s

---------------------------

Tamanho da população: 392
Fração elite: 0.2567
Fração mutante: 0.0202
Probabilidade herdar alelo elite: 0.6001
Número de populações independentes: 1
Número de threads: 1
Número máximo de gerações: 364

Largura da faixa = 8
Melhor altura = 29

Lower Bound 1 = 28
Lower Bound 2 = 11
Avaliação = 1.03571

Tempo de execução: 0.996944s

---------------------------

Tamanho da população: 392
Fração elite: 0.2567
Fração mutante: 0.0202
Probabilidade herdar alelo elite: 0.6001
Número de populações independentes: 1
Número de threads: 1
Número máximo de gerações: 364

Largura da faixa = 8
Melhor altura = 29

Lower Bound 1 = 28
Lower Bound 2 = 11
Avaliação = 1.03571

Tempo de execução: 1.01033s

---------------------------

Tamanho da população: 392
Fração elite: 0.2567
Fração mutante: 0.0202
Probabilidade herdar alelo elite: 0.6001
Número de populações independentes: 1
Número de threads: 1
Número máximo de gerações: 364

Largura da faixa = 8
Melhor altura = 30

Lower Bound 1 = 28
Lower Bound 2 = 11
Avaliação = 1.07143

Tempo de execução: 1.08738s

---------------------------

Tamanho da população: 392
Fração elite: 0.2567
Fração mutante: 0.0202
Probabilidade herdar alelo elite: 0.6001
Número de populações independentes: 1
Número de threads: 1
Número máximo de gerações: 364

Largura da faixa = 8
Melhor altura = 30

Lower Bound 1 = 28
Lower Bound 2 = 11
Avaliação = 1.07143

Tempo de execução: 0.976737s

---------------------------

Tamanho da população: 392
Fração elite: 0.2567
Fração mutante: 0.0202
Probabilidade herdar alelo elite: 0.6001
Número de populações independentes: 1
Número de threads: 1
Número máximo de gerações: 364

Largura da faixa = 8
Melhor altura = 30

Lower Bound 1 = 28
Lower Bound 2 = 11
Avaliação = 1.07143

Tempo de execução: 1.05988s

---------------------------

Tamanho da população: 392
Fração elite: 0.2567
Fração mutante: 0.0202
Probabilidade herdar alelo elite: 0.6001
Número de populações independentes: 1
Número de threads: 1
Número máximo de gerações: 364

Largura da faixa = 8
Melhor altura = 29

Lower Bound 1 = 28
Lower Bound 2 = 11
Avaliação = 1.03571

Tempo de execução: 1.12469s

---------------------------

Tamanho da população: 392
Fração elite: 0.2567
Fração mutante: 0.0202
Probabilidade herdar alelo elite: 0.6001
Número de populações independentes: 1
Número de threads: 1
Número máximo de gerações: 364

Largura da faixa = 8
Melhor altura = 30

Lower Bound 1 = 28
Lower Bound 2 = 11
Avaliação = 1.07143

Tempo de execução: 1.05977s

---------------------------

Tamanho da população: 392
Fração elite: 0.2567
Fração mutante: 0.0202
Probabilidade herdar alelo elite: 0.6001
Número de populações independentes: 1
Número de threads: 1
Número máximo de gerações: 364

Largura da faixa = 8
Melhor altura = 29

Lower Bound 1 = 28
Lower Bound 2 = 11
Avaliação = 1.03571

Tempo de execução: 1.07853s

---------------------------

Tamanho da população: 392
Fração elite: 0.2567
Fração mutante: 0.0202
Probabilidade herdar alelo elite: 0.6001
Número de populações independentes: 1
Número de threads: 1
Número máximo de gerações: 364

Largura da faixa = 8
Melhor altura = 29

Lower Bound 1 = 28
Lower Bound 2 = 11
Avaliação = 1.03571

Tempo de execução: 1.09066s

---------------------------

Tamanho da população: 392
Fração elite: 0.2567
Fração mutante: 0.0202
Probabilidade herdar alelo elite: 0.6001
Número de populações independentes: 1
Número de threads: 1
Número máximo de gerações: 364

Largura da faixa = 8
Melhor altura = 30

Lower Bound 1 = 28
Lower Bound 2 = 11
Avaliação = 1.07143

Tempo de execução: 1.04201s

---------------------------

Tamanho da população: 392
Fração elite: 0.2567
Fração mutante: 0.0202
Probabilidade herdar alelo elite: 0.6001
Número de populações independentes: 1
Número de threads: 1
Número máximo de gerações: 364

Largura da faixa = 8
Melhor altura = 29

Lower Bound 1 = 28
Lower Bound 2 = 11
Avaliação = 1.03571

Tempo de execução: 1.0972s

---------------------------

