Tamanho da população: 475
Fração elite: 0.2121
Fração mutante: 0.0442
Probabilidade herdar alelo elite: 0.6514
Número de populações independentes: 3
Troca de informação de 4 individuos a cada 241 gerações
Número de threads: 1

Largura da faixa = 745
Melhor altura = 12774

Lower Bound 1 = 8773
Lower Bound 2 = 10827
Avaliação = 1.17983

Tempo de execução: 60.0017s

---------------------------

Tamanho da população: 475
Fração elite: 0.2121
Fração mutante: 0.0442
Probabilidade herdar alelo elite: 0.6514
Número de populações independentes: 3
Troca de informação de 4 individuos a cada 241 gerações
Número de threads: 1

Largura da faixa = 745
Melhor altura = 12774

Lower Bound 1 = 8773
Lower Bound 2 = 10827
Avaliação = 1.17983

Tempo de execução: 60.0079s

---------------------------

Tamanho da população: 475
Fração elite: 0.2121
Fração mutante: 0.0442
Probabilidade herdar alelo elite: 0.6514
Número de populações independentes: 3
Troca de informação de 4 individuos a cada 241 gerações
Número de threads: 1

Largura da faixa = 745
Melhor altura = 12774

Lower Bound 1 = 8773
Lower Bound 2 = 10827
Avaliação = 1.17983

Tempo de execução: 60.0119s

---------------------------

Tamanho da população: 475
Fração elite: 0.2121
Fração mutante: 0.0442
Probabilidade herdar alelo elite: 0.6514
Número de populações independentes: 3
Troca de informação de 4 individuos a cada 241 gerações
Número de threads: 1

Largura da faixa = 745
Melhor altura = 12774

Lower Bound 1 = 8773
Lower Bound 2 = 10827
Avaliação = 1.17983

Tempo de execução: 60.0056s

---------------------------

Tamanho da população: 475
Fração elite: 0.2121
Fração mutante: 0.0442
Probabilidade herdar alelo elite: 0.6514
Número de populações independentes: 3
Troca de informação de 4 individuos a cada 241 gerações
Número de threads: 1

Largura da faixa = 745
Melhor altura = 12774

Lower Bound 1 = 8773
Lower Bound 2 = 10827
Avaliação = 1.17983

Tempo de execução: 60.0279s

---------------------------

Tamanho da população: 475
Fração elite: 0.2121
Fração mutante: 0.0442
Probabilidade herdar alelo elite: 0.6514
Número de populações independentes: 3
Troca de informação de 4 individuos a cada 241 gerações
Número de threads: 1

Largura da faixa = 745
Melhor altura = 12774

Lower Bound 1 = 8773
Lower Bound 2 = 10827
Avaliação = 1.17983

Tempo de execução: 60.0298s

---------------------------

Tamanho da população: 475
Fração elite: 0.2121
Fração mutante: 0.0442
Probabilidade herdar alelo elite: 0.6514
Número de populações independentes: 3
Troca de informação de 4 individuos a cada 241 gerações
Número de threads: 1

Largura da faixa = 745
Melhor altura = 12774

Lower Bound 1 = 8773
Lower Bound 2 = 10827
Avaliação = 1.17983

Tempo de execução: 60.0019s

---------------------------

Tamanho da população: 475
Fração elite: 0.2121
Fração mutante: 0.0442
Probabilidade herdar alelo elite: 0.6514
Número de populações independentes: 3
Troca de informação de 4 individuos a cada 241 gerações
Número de threads: 1

Largura da faixa = 745
Melhor altura = 12774

Lower Bound 1 = 8773
Lower Bound 2 = 10827
Avaliação = 1.17983

Tempo de execução: 60.0161s

---------------------------

Tamanho da população: 475
Fração elite: 0.2121
Fração mutante: 0.0442
Probabilidade herdar alelo elite: 0.6514
Número de populações independentes: 3
Troca de informação de 4 individuos a cada 241 gerações
Número de threads: 1

Largura da faixa = 745
Melhor altura = 12774

Lower Bound 1 = 8773
Lower Bound 2 = 10827
Avaliação = 1.17983

Tempo de execução: 60.0294s

---------------------------

Tamanho da população: 475
Fração elite: 0.2121
Fração mutante: 0.0442
Probabilidade herdar alelo elite: 0.6514
Número de populações independentes: 3
Troca de informação de 4 individuos a cada 241 gerações
Número de threads: 1

Largura da faixa = 745
Melhor altura = 12774

Lower Bound 1 = 8773
Lower Bound 2 = 10827
Avaliação = 1.17983

Tempo de execução: 60.0084s

---------------------------

Tamanho da população: 475
Fração elite: 0.2121
Fração mutante: 0.0442
Probabilidade herdar alelo elite: 0.6514
Número de populações independentes: 3
Troca de informação de 4 individuos a cada 241 gerações
Número de threads: 1

Largura da faixa = 745
Melhor altura = 12774

Lower Bound 1 = 8773
Lower Bound 2 = 10827
Avaliação = 1.17983

Tempo de execução: 60.0126s

---------------------------

Tamanho da população: 475
Fração elite: 0.2121
Fração mutante: 0.0442
Probabilidade herdar alelo elite: 0.6514
Número de populações independentes: 3
Troca de informação de 4 individuos a cada 241 gerações
Número de threads: 1

Largura da faixa = 745
Melhor altura = 12774

Lower Bound 1 = 8773
Lower Bound 2 = 10827
Avaliação = 1.17983

Tempo de execução: 60.0166s

---------------------------

Tamanho da população: 475
Fração elite: 0.2121
Fração mutante: 0.0442
Probabilidade herdar alelo elite: 0.6514
Número de populações independentes: 3
Troca de informação de 4 individuos a cada 241 gerações
Número de threads: 1

Largura da faixa = 745
Melhor altura = 12774

Lower Bound 1 = 8773
Lower Bound 2 = 10827
Avaliação = 1.17983

Tempo de execução: 60.0099s

---------------------------

Tamanho da população: 475
Fração elite: 0.2121
Fração mutante: 0.0442
Probabilidade herdar alelo elite: 0.6514
Número de populações independentes: 3
Troca de informação de 4 individuos a cada 241 gerações
Número de threads: 1

Largura da faixa = 745
Melhor altura = 12774

Lower Bound 1 = 8773
Lower Bound 2 = 10827
Avaliação = 1.17983

Tempo de execução: 60.011s

---------------------------

Tamanho da população: 475
Fração elite: 0.2121
Fração mutante: 0.0442
Probabilidade herdar alelo elite: 0.6514
Número de populações independentes: 3
Troca de informação de 4 individuos a cada 241 gerações
Número de threads: 1

Largura da faixa = 745
Melhor altura = 12774

Lower Bound 1 = 8773
Lower Bound 2 = 10827
Avaliação = 1.17983

Tempo de execução: 60.0219s

---------------------------

Tamanho da população: 475
Fração elite: 0.2121
Fração mutante: 0.0442
Probabilidade herdar alelo elite: 0.6514
Número de populações independentes: 3
Troca de informação de 4 individuos a cada 241 gerações
Número de threads: 1

Largura da faixa = 745
Melhor altura = 12774

Lower Bound 1 = 8773
Lower Bound 2 = 10827
Avaliação = 1.17983

Tempo de execução: 60.0016s

---------------------------

Tamanho da população: 475
Fração elite: 0.2121
Fração mutante: 0.0442
Probabilidade herdar alelo elite: 0.6514
Número de populações independentes: 3
Troca de informação de 4 individuos a cada 241 gerações
Número de threads: 1

Largura da faixa = 745
Melhor altura = 12774

Lower Bound 1 = 8773
Lower Bound 2 = 10827
Avaliação = 1.17983

Tempo de execução: 60.0084s

---------------------------

Tamanho da população: 475
Fração elite: 0.2121
Fração mutante: 0.0442
Probabilidade herdar alelo elite: 0.6514
Número de populações independentes: 3
Troca de informação de 4 individuos a cada 241 gerações
Número de threads: 1

Largura da faixa = 745
Melhor altura = 12774

Lower Bound 1 = 8773
Lower Bound 2 = 10827
Avaliação = 1.17983

Tempo de execução: 60.0155s

---------------------------

Tamanho da população: 475
Fração elite: 0.2121
Fração mutante: 0.0442
Probabilidade herdar alelo elite: 0.6514
Número de populações independentes: 3
Troca de informação de 4 individuos a cada 241 gerações
Número de threads: 1

Largura da faixa = 745
Melhor altura = 12774

Lower Bound 1 = 8773
Lower Bound 2 = 10827
Avaliação = 1.17983

Tempo de execução: 60.0081s

---------------------------

Tamanho da população: 475
Fração elite: 0.2121
Fração mutante: 0.0442
Probabilidade herdar alelo elite: 0.6514
Número de populações independentes: 3
Troca de informação de 4 individuos a cada 241 gerações
Número de threads: 1

Largura da faixa = 745
Melhor altura = 12774

Lower Bound 1 = 8773
Lower Bound 2 = 10827
Avaliação = 1.17983

Tempo de execução: 60.0273s
