Tamanho da população: 297
Fração elite: 0.55
Fração mutante: 0.0174
Probabilidade herdar alelo elite: 0.7678
Número de populações independentes: 1
Número de threads: 1
Trocar os melhores indivíduos a cada 30 gerações
Número máximo de gerações: 279

Largura da faixa = 688
Melhor altura = 3834

Lower Bound 1 = 2938
Lower Bound 2 = 3292
Avaliação = 1.16464

Tempo de execução: 1.37914s

---------------------------

Tamanho da população: 297
Fração elite: 0.55
Fração mutante: 0.0174
Probabilidade herdar alelo elite: 0.7678
Número de populações independentes: 1
Número de threads: 1
Trocar os melhores indivíduos a cada 30 gerações
Número máximo de gerações: 279

Largura da faixa = 688
Melhor altura = 3834

Lower Bound 1 = 2938
Lower Bound 2 = 3292
Avaliação = 1.16464

Tempo de execução: 1.38568s

---------------------------

Tamanho da população: 297
Fração elite: 0.55
Fração mutante: 0.0174
Probabilidade herdar alelo elite: 0.7678
Número de populações independentes: 1
Número de threads: 1
Trocar os melhores indivíduos a cada 30 gerações
Número máximo de gerações: 279

Largura da faixa = 688
Melhor altura = 3834

Lower Bound 1 = 2938
Lower Bound 2 = 3292
Avaliação = 1.16464

Tempo de execução: 1.39545s

---------------------------

Tamanho da população: 297
Fração elite: 0.55
Fração mutante: 0.0174
Probabilidade herdar alelo elite: 0.7678
Número de populações independentes: 1
Número de threads: 1
Trocar os melhores indivíduos a cada 30 gerações
Número máximo de gerações: 279

Largura da faixa = 688
Melhor altura = 3834

Lower Bound 1 = 2938
Lower Bound 2 = 3292
Avaliação = 1.16464

Tempo de execução: 1.38888s

---------------------------

Tamanho da população: 297
Fração elite: 0.55
Fração mutante: 0.0174
Probabilidade herdar alelo elite: 0.7678
Número de populações independentes: 1
Número de threads: 1
Trocar os melhores indivíduos a cada 30 gerações
Número máximo de gerações: 279

Largura da faixa = 688
Melhor altura = 3834

Lower Bound 1 = 2938
Lower Bound 2 = 3292
Avaliação = 1.16464

Tempo de execução: 1.38984s

---------------------------

Tamanho da população: 297
Fração elite: 0.55
Fração mutante: 0.0174
Probabilidade herdar alelo elite: 0.7678
Número de populações independentes: 1
Número de threads: 1
Trocar os melhores indivíduos a cada 30 gerações
Número máximo de gerações: 279

Largura da faixa = 688
Melhor altura = 3834

Lower Bound 1 = 2938
Lower Bound 2 = 3292
Avaliação = 1.16464

Tempo de execução: 1.40155s

---------------------------

Tamanho da população: 297
Fração elite: 0.55
Fração mutante: 0.0174
Probabilidade herdar alelo elite: 0.7678
Número de populações independentes: 1
Número de threads: 1
Trocar os melhores indivíduos a cada 30 gerações
Número máximo de gerações: 279

Largura da faixa = 688
Melhor altura = 3834

Lower Bound 1 = 2938
Lower Bound 2 = 3292
Avaliação = 1.16464

Tempo de execução: 1.39791s

---------------------------

Tamanho da população: 297
Fração elite: 0.55
Fração mutante: 0.0174
Probabilidade herdar alelo elite: 0.7678
Número de populações independentes: 1
Número de threads: 1
Trocar os melhores indivíduos a cada 30 gerações
Número máximo de gerações: 279

Largura da faixa = 688
Melhor altura = 3834

Lower Bound 1 = 2938
Lower Bound 2 = 3292
Avaliação = 1.16464

Tempo de execução: 1.40118s

---------------------------

Tamanho da população: 297
Fração elite: 0.55
Fração mutante: 0.0174
Probabilidade herdar alelo elite: 0.7678
Número de populações independentes: 1
Número de threads: 1
Trocar os melhores indivíduos a cada 30 gerações
Número máximo de gerações: 279

Largura da faixa = 688
Melhor altura = 3834

Lower Bound 1 = 2938
Lower Bound 2 = 3292
Avaliação = 1.16464

Tempo de execução: 1.40279s

---------------------------

Tamanho da população: 297
Fração elite: 0.55
Fração mutante: 0.0174
Probabilidade herdar alelo elite: 0.7678
Número de populações independentes: 1
Número de threads: 1
Trocar os melhores indivíduos a cada 30 gerações
Número máximo de gerações: 279

Largura da faixa = 688
Melhor altura = 3834

Lower Bound 1 = 2938
Lower Bound 2 = 3292
Avaliação = 1.16464

Tempo de execução: 1.36704s

---------------------------

Tamanho da população: 297
Fração elite: 0.55
Fração mutante: 0.0174
Probabilidade herdar alelo elite: 0.7678
Número de populações independentes: 1
Número de threads: 1
Trocar os melhores indivíduos a cada 30 gerações
Número máximo de gerações: 279

Largura da faixa = 688
Melhor altura = 3834

Lower Bound 1 = 2938
Lower Bound 2 = 3292
Avaliação = 1.16464

Tempo de execução: 1.39401s

---------------------------

Tamanho da população: 297
Fração elite: 0.55
Fração mutante: 0.0174
Probabilidade herdar alelo elite: 0.7678
Número de populações independentes: 1
Número de threads: 1
Trocar os melhores indivíduos a cada 30 gerações
Número máximo de gerações: 279

Largura da faixa = 688
Melhor altura = 3834

Lower Bound 1 = 2938
Lower Bound 2 = 3292
Avaliação = 1.16464

Tempo de execução: 1.39612s

---------------------------

Tamanho da população: 297
Fração elite: 0.55
Fração mutante: 0.0174
Probabilidade herdar alelo elite: 0.7678
Número de populações independentes: 1
Número de threads: 1
Trocar os melhores indivíduos a cada 30 gerações
Número máximo de gerações: 279

Largura da faixa = 688
Melhor altura = 3834

Lower Bound 1 = 2938
Lower Bound 2 = 3292
Avaliação = 1.16464

Tempo de execução: 0.965696s

---------------------------

Tamanho da população: 297
Fração elite: 0.55
Fração mutante: 0.0174
Probabilidade herdar alelo elite: 0.7678
Número de populações independentes: 1
Número de threads: 1
Trocar os melhores indivíduos a cada 30 gerações
Número máximo de gerações: 279

Largura da faixa = 688
Melhor altura = 3834

Lower Bound 1 = 2938
Lower Bound 2 = 3292
Avaliação = 1.16464

Tempo de execução: 1.17437s

---------------------------

Tamanho da população: 297
Fração elite: 0.55
Fração mutante: 0.0174
Probabilidade herdar alelo elite: 0.7678
Número de populações independentes: 1
Número de threads: 1
Trocar os melhores indivíduos a cada 30 gerações
Número máximo de gerações: 279

Largura da faixa = 688
Melhor altura = 3834

Lower Bound 1 = 2938
Lower Bound 2 = 3292
Avaliação = 1.16464

Tempo de execução: 1.29697s

---------------------------

Tamanho da população: 297
Fração elite: 0.55
Fração mutante: 0.0174
Probabilidade herdar alelo elite: 0.7678
Número de populações independentes: 1
Número de threads: 1
Trocar os melhores indivíduos a cada 30 gerações
Número máximo de gerações: 279

Largura da faixa = 688
Melhor altura = 3834

Lower Bound 1 = 2938
Lower Bound 2 = 3292
Avaliação = 1.16464

Tempo de execução: 0.701434s

---------------------------

Tamanho da população: 297
Fração elite: 0.55
Fração mutante: 0.0174
Probabilidade herdar alelo elite: 0.7678
Número de populações independentes: 1
Número de threads: 1
Trocar os melhores indivíduos a cada 30 gerações
Número máximo de gerações: 279

Largura da faixa = 688
Melhor altura = 3834

Lower Bound 1 = 2938
Lower Bound 2 = 3292
Avaliação = 1.16464

Tempo de execução: 0.859722s

---------------------------

Tamanho da população: 297
Fração elite: 0.55
Fração mutante: 0.0174
Probabilidade herdar alelo elite: 0.7678
Número de populações independentes: 1
Número de threads: 1
Trocar os melhores indivíduos a cada 30 gerações
Número máximo de gerações: 279

Largura da faixa = 688
Melhor altura = 3834

Lower Bound 1 = 2938
Lower Bound 2 = 3292
Avaliação = 1.16464

Tempo de execução: 0.967725s

---------------------------

Tamanho da população: 297
Fração elite: 0.55
Fração mutante: 0.0174
Probabilidade herdar alelo elite: 0.7678
Número de populações independentes: 1
Número de threads: 1
Trocar os melhores indivíduos a cada 30 gerações
Número máximo de gerações: 279

Largura da faixa = 688
Melhor altura = 3834

Lower Bound 1 = 2938
Lower Bound 2 = 3292
Avaliação = 1.16464

Tempo de execução: 0.722824s

---------------------------

Tamanho da população: 297
Fração elite: 0.55
Fração mutante: 0.0174
Probabilidade herdar alelo elite: 0.7678
Número de populações independentes: 1
Número de threads: 1
Trocar os melhores indivíduos a cada 30 gerações
Número máximo de gerações: 279

Largura da faixa = 688
Melhor altura = 3834

Lower Bound 1 = 2938
Lower Bound 2 = 3292
Avaliação = 1.16464

Tempo de execução: 1.37084s

---------------------------

Tamanho da população: 392
Fração elite: 0.2567
Fração mutante: 0.0202
Probabilidade herdar alelo elite: 0.6001
Número de populações independentes: 1
Número de threads: 1
Número máximo de gerações: 364

Largura da faixa = 688
Melhor altura = 3834

Lower Bound 1 = 2938
Lower Bound 2 = 3292
Avaliação = 1.16464

Tempo de execução: 1.47402s

---------------------------

Tamanho da população: 392
Fração elite: 0.2567
Fração mutante: 0.0202
Probabilidade herdar alelo elite: 0.6001
Número de populações independentes: 1
Número de threads: 1
Número máximo de gerações: 364

Largura da faixa = 688
Melhor altura = 3834

Lower Bound 1 = 2938
Lower Bound 2 = 3292
Avaliação = 1.16464

Tempo de execução: 1.47883s

---------------------------

Tamanho da população: 392
Fração elite: 0.2567
Fração mutante: 0.0202
Probabilidade herdar alelo elite: 0.6001
Número de populações independentes: 1
Número de threads: 1
Número máximo de gerações: 364

Largura da faixa = 688
Melhor altura = 3834

Lower Bound 1 = 2938
Lower Bound 2 = 3292
Avaliação = 1.16464

Tempo de execução: 1.48208s

---------------------------

Tamanho da população: 392
Fração elite: 0.2567
Fração mutante: 0.0202
Probabilidade herdar alelo elite: 0.6001
Número de populações independentes: 1
Número de threads: 1
Número máximo de gerações: 364

Largura da faixa = 688
Melhor altura = 3834

Lower Bound 1 = 2938
Lower Bound 2 = 3292
Avaliação = 1.16464

Tempo de execução: 1.47556s

---------------------------

Tamanho da população: 392
Fração elite: 0.2567
Fração mutante: 0.0202
Probabilidade herdar alelo elite: 0.6001
Número de populações independentes: 1
Número de threads: 1
Número máximo de gerações: 364

Largura da faixa = 688
Melhor altura = 3834

Lower Bound 1 = 2938
Lower Bound 2 = 3292
Avaliação = 1.16464

Tempo de execução: 1.4835s

---------------------------

Tamanho da população: 392
Fração elite: 0.2567
Fração mutante: 0.0202
Probabilidade herdar alelo elite: 0.6001
Número de populações independentes: 1
Número de threads: 1
Número máximo de gerações: 364

Largura da faixa = 688
Melhor altura = 3834

Lower Bound 1 = 2938
Lower Bound 2 = 3292
Avaliação = 1.16464

Tempo de execução: 1.50156s

---------------------------

Tamanho da população: 392
Fração elite: 0.2567
Fração mutante: 0.0202
Probabilidade herdar alelo elite: 0.6001
Número de populações independentes: 1
Número de threads: 1
Número máximo de gerações: 364

Largura da faixa = 688
Melhor altura = 3834

Lower Bound 1 = 2938
Lower Bound 2 = 3292
Avaliação = 1.16464

Tempo de execução: 1.47261s

---------------------------

Tamanho da população: 392
Fração elite: 0.2567
Fração mutante: 0.0202
Probabilidade herdar alelo elite: 0.6001
Número de populações independentes: 1
Número de threads: 1
Número máximo de gerações: 364

Largura da faixa = 688
Melhor altura = 3834

Lower Bound 1 = 2938
Lower Bound 2 = 3292
Avaliação = 1.16464

Tempo de execução: 1.49373s

---------------------------

Tamanho da população: 392
Fração elite: 0.2567
Fração mutante: 0.0202
Probabilidade herdar alelo elite: 0.6001
Número de populações independentes: 1
Número de threads: 1
Número máximo de gerações: 364

Largura da faixa = 688
Melhor altura = 3834

Lower Bound 1 = 2938
Lower Bound 2 = 3292
Avaliação = 1.16464

Tempo de execução: 1.49418s

---------------------------

Tamanho da população: 392
Fração elite: 0.2567
Fração mutante: 0.0202
Probabilidade herdar alelo elite: 0.6001
Número de populações independentes: 1
Número de threads: 1
Número máximo de gerações: 364

Largura da faixa = 688
Melhor altura = 3834

Lower Bound 1 = 2938
Lower Bound 2 = 3292
Avaliação = 1.16464

Tempo de execução: 1.45519s

---------------------------

Tamanho da população: 392
Fração elite: 0.2567
Fração mutante: 0.0202
Probabilidade herdar alelo elite: 0.6001
Número de populações independentes: 1
Número de threads: 1
Número máximo de gerações: 364

Largura da faixa = 688
Melhor altura = 3834

Lower Bound 1 = 2938
Lower Bound 2 = 3292
Avaliação = 1.16464

Tempo de execução: 1.47735s

---------------------------

Tamanho da população: 392
Fração elite: 0.2567
Fração mutante: 0.0202
Probabilidade herdar alelo elite: 0.6001
Número de populações independentes: 1
Número de threads: 1
Número máximo de gerações: 364

Largura da faixa = 688
Melhor altura = 3834

Lower Bound 1 = 2938
Lower Bound 2 = 3292
Avaliação = 1.16464

Tempo de execução: 1.49667s

---------------------------

Tamanho da população: 392
Fração elite: 0.2567
Fração mutante: 0.0202
Probabilidade herdar alelo elite: 0.6001
Número de populações independentes: 1
Número de threads: 1
Número máximo de gerações: 364

Largura da faixa = 688
Melhor altura = 3834

Lower Bound 1 = 2938
Lower Bound 2 = 3292
Avaliação = 1.16464

Tempo de execução: 1.47553s

---------------------------

Tamanho da população: 392
Fração elite: 0.2567
Fração mutante: 0.0202
Probabilidade herdar alelo elite: 0.6001
Número de populações independentes: 1
Número de threads: 1
Número máximo de gerações: 364

Largura da faixa = 688
Melhor altura = 3834

Lower Bound 1 = 2938
Lower Bound 2 = 3292
Avaliação = 1.16464

Tempo de execução: 1.49511s

---------------------------

Tamanho da população: 392
Fração elite: 0.2567
Fração mutante: 0.0202
Probabilidade herdar alelo elite: 0.6001
Número de populações independentes: 1
Número de threads: 1
Número máximo de gerações: 364

Largura da faixa = 688
Melhor altura = 3834

Lower Bound 1 = 2938
Lower Bound 2 = 3292
Avaliação = 1.16464

Tempo de execução: 1.54453s

---------------------------

Tamanho da população: 392
Fração elite: 0.2567
Fração mutante: 0.0202
Probabilidade herdar alelo elite: 0.6001
Número de populações independentes: 1
Número de threads: 1
Número máximo de gerações: 364

Largura da faixa = 688
Melhor altura = 3834

Lower Bound 1 = 2938
Lower Bound 2 = 3292
Avaliação = 1.16464

Tempo de execução: 1.46983s

---------------------------

Tamanho da população: 392
Fração elite: 0.2567
Fração mutante: 0.0202
Probabilidade herdar alelo elite: 0.6001
Número de populações independentes: 1
Número de threads: 1
Número máximo de gerações: 364

Largura da faixa = 688
Melhor altura = 3834

Lower Bound 1 = 2938
Lower Bound 2 = 3292
Avaliação = 1.16464

Tempo de execução: 1.47254s

---------------------------

Tamanho da população: 392
Fração elite: 0.2567
Fração mutante: 0.0202
Probabilidade herdar alelo elite: 0.6001
Número de populações independentes: 1
Número de threads: 1
Número máximo de gerações: 364

Largura da faixa = 688
Melhor altura = 3834

Lower Bound 1 = 2938
Lower Bound 2 = 3292
Avaliação = 1.16464

Tempo de execução: 1.48243s

---------------------------

Tamanho da população: 392
Fração elite: 0.2567
Fração mutante: 0.0202
Probabilidade herdar alelo elite: 0.6001
Número de populações independentes: 1
Número de threads: 1
Número máximo de gerações: 364

Largura da faixa = 688
Melhor altura = 3834

Lower Bound 1 = 2938
Lower Bound 2 = 3292
Avaliação = 1.16464

Tempo de execução: 1.4452s

---------------------------

Tamanho da população: 392
Fração elite: 0.2567
Fração mutante: 0.0202
Probabilidade herdar alelo elite: 0.6001
Número de populações independentes: 1
Número de threads: 1
Número máximo de gerações: 364

Largura da faixa = 688
Melhor altura = 3834

Lower Bound 1 = 2938
Lower Bound 2 = 3292
Avaliação = 1.16464

Tempo de execução: 1.44995s

---------------------------

