Tamanho da população: 475
Fração elite: 0.2121
Fração mutante: 0.0442
Probabilidade herdar alelo elite: 0.6514
Número de populações independentes: 3
Troca de informação de 4 individuos a cada 241 gerações
Número de threads: 1

Largura da faixa = 184
Melhor altura = 1086

Lower Bound 1 = 888
Lower Bound 2 = 934
Avaliação = 1.16274

Tempo de execução: 60.0021s

---------------------------

Tamanho da população: 475
Fração elite: 0.2121
Fração mutante: 0.0442
Probabilidade herdar alelo elite: 0.6514
Número de populações independentes: 3
Troca de informação de 4 individuos a cada 241 gerações
Número de threads: 1

Largura da faixa = 184
Melhor altura = 1086

Lower Bound 1 = 888
Lower Bound 2 = 934
Avaliação = 1.16274

Tempo de execução: 60.0027s

---------------------------

Tamanho da população: 475
Fração elite: 0.2121
Fração mutante: 0.0442
Probabilidade herdar alelo elite: 0.6514
Número de populações independentes: 3
Troca de informação de 4 individuos a cada 241 gerações
Número de threads: 1

Largura da faixa = 184
Melhor altura = 1086

Lower Bound 1 = 888
Lower Bound 2 = 934
Avaliação = 1.16274

Tempo de execução: 60.003s

---------------------------

Tamanho da população: 475
Fração elite: 0.2121
Fração mutante: 0.0442
Probabilidade herdar alelo elite: 0.6514
Número de populações independentes: 3
Troca de informação de 4 individuos a cada 241 gerações
Número de threads: 1

Largura da faixa = 184
Melhor altura = 1086

Lower Bound 1 = 888
Lower Bound 2 = 934
Avaliação = 1.16274

Tempo de execução: 60.0039s

---------------------------

Tamanho da população: 475
Fração elite: 0.2121
Fração mutante: 0.0442
Probabilidade herdar alelo elite: 0.6514
Número de populações independentes: 3
Troca de informação de 4 individuos a cada 241 gerações
Número de threads: 1

Largura da faixa = 184
Melhor altura = 1086

Lower Bound 1 = 888
Lower Bound 2 = 934
Avaliação = 1.16274

Tempo de execução: 60.0045s

---------------------------

Tamanho da população: 475
Fração elite: 0.2121
Fração mutante: 0.0442
Probabilidade herdar alelo elite: 0.6514
Número de populações independentes: 3
Troca de informação de 4 individuos a cada 241 gerações
Número de threads: 1

Largura da faixa = 184
Melhor altura = 1086

Lower Bound 1 = 888
Lower Bound 2 = 934
Avaliação = 1.16274

Tempo de execução: 60.0054s

---------------------------

Tamanho da população: 475
Fração elite: 0.2121
Fração mutante: 0.0442
Probabilidade herdar alelo elite: 0.6514
Número de populações independentes: 3
Troca de informação de 4 individuos a cada 241 gerações
Número de threads: 1

Largura da faixa = 184
Melhor altura = 1086

Lower Bound 1 = 888
Lower Bound 2 = 934
Avaliação = 1.16274

Tempo de execução: 60.0011s

---------------------------

Tamanho da população: 475
Fração elite: 0.2121
Fração mutante: 0.0442
Probabilidade herdar alelo elite: 0.6514
Número de populações independentes: 3
Troca de informação de 4 individuos a cada 241 gerações
Número de threads: 1

Largura da faixa = 184
Melhor altura = 1086

Lower Bound 1 = 888
Lower Bound 2 = 934
Avaliação = 1.16274

Tempo de execução: 60.0013s

---------------------------

Tamanho da população: 475
Fração elite: 0.2121
Fração mutante: 0.0442
Probabilidade herdar alelo elite: 0.6514
Número de populações independentes: 3
Troca de informação de 4 individuos a cada 241 gerações
Número de threads: 1

Largura da faixa = 184
Melhor altura = 1086

Lower Bound 1 = 888
Lower Bound 2 = 934
Avaliação = 1.16274

Tempo de execução: 60.003s

---------------------------

Tamanho da população: 475
Fração elite: 0.2121
Fração mutante: 0.0442
Probabilidade herdar alelo elite: 0.6514
Número de populações independentes: 3
Troca de informação de 4 individuos a cada 241 gerações
Número de threads: 1

Largura da faixa = 184
Melhor altura = 1086

Lower Bound 1 = 888
Lower Bound 2 = 934
Avaliação = 1.16274

Tempo de execução: 60.0027s

---------------------------

Tamanho da população: 475
Fração elite: 0.2121
Fração mutante: 0.0442
Probabilidade herdar alelo elite: 0.6514
Número de populações independentes: 3
Troca de informação de 4 individuos a cada 241 gerações
Número de threads: 1

Largura da faixa = 184
Melhor altura = 1086

Lower Bound 1 = 888
Lower Bound 2 = 934
Avaliação = 1.16274

Tempo de execução: 60.0056s

---------------------------

Tamanho da população: 475
Fração elite: 0.2121
Fração mutante: 0.0442
Probabilidade herdar alelo elite: 0.6514
Número de populações independentes: 3
Troca de informação de 4 individuos a cada 241 gerações
Número de threads: 1

Largura da faixa = 184
Melhor altura = 1086

Lower Bound 1 = 888
Lower Bound 2 = 934
Avaliação = 1.16274

Tempo de execução: 60.0057s

---------------------------

Tamanho da população: 475
Fração elite: 0.2121
Fração mutante: 0.0442
Probabilidade herdar alelo elite: 0.6514
Número de populações independentes: 3
Troca de informação de 4 individuos a cada 241 gerações
Número de threads: 1

Largura da faixa = 184
Melhor altura = 1086

Lower Bound 1 = 888
Lower Bound 2 = 934
Avaliação = 1.16274

Tempo de execução: 60.002s

---------------------------

Tamanho da população: 475
Fração elite: 0.2121
Fração mutante: 0.0442
Probabilidade herdar alelo elite: 0.6514
Número de populações independentes: 3
Troca de informação de 4 individuos a cada 241 gerações
Número de threads: 1

Largura da faixa = 184
Melhor altura = 1086

Lower Bound 1 = 888
Lower Bound 2 = 934
Avaliação = 1.16274

Tempo de execução: 60.0023s

---------------------------

Tamanho da população: 475
Fração elite: 0.2121
Fração mutante: 0.0442
Probabilidade herdar alelo elite: 0.6514
Número de populações independentes: 3
Troca de informação de 4 individuos a cada 241 gerações
Número de threads: 1

Largura da faixa = 184
Melhor altura = 1086

Lower Bound 1 = 888
Lower Bound 2 = 934
Avaliação = 1.16274

Tempo de execução: 60.0035s

---------------------------

Tamanho da população: 475
Fração elite: 0.2121
Fração mutante: 0.0442
Probabilidade herdar alelo elite: 0.6514
Número de populações independentes: 3
Troca de informação de 4 individuos a cada 241 gerações
Número de threads: 1

Largura da faixa = 184
Melhor altura = 1086

Lower Bound 1 = 888
Lower Bound 2 = 934
Avaliação = 1.16274

Tempo de execução: 60.0061s

---------------------------

Tamanho da população: 475
Fração elite: 0.2121
Fração mutante: 0.0442
Probabilidade herdar alelo elite: 0.6514
Número de populações independentes: 3
Troca de informação de 4 individuos a cada 241 gerações
Número de threads: 1

Largura da faixa = 184
Melhor altura = 1086

Lower Bound 1 = 888
Lower Bound 2 = 934
Avaliação = 1.16274

Tempo de execução: 60.0061s

---------------------------

Tamanho da população: 475
Fração elite: 0.2121
Fração mutante: 0.0442
Probabilidade herdar alelo elite: 0.6514
Número de populações independentes: 3
Troca de informação de 4 individuos a cada 241 gerações
Número de threads: 1

Largura da faixa = 184
Melhor altura = 1086

Lower Bound 1 = 888
Lower Bound 2 = 934
Avaliação = 1.16274

Tempo de execução: 60.0072s

---------------------------

Tamanho da população: 475
Fração elite: 0.2121
Fração mutante: 0.0442
Probabilidade herdar alelo elite: 0.6514
Número de populações independentes: 3
Troca de informação de 4 individuos a cada 241 gerações
Número de threads: 1

Largura da faixa = 184
Melhor altura = 1086

Lower Bound 1 = 888
Lower Bound 2 = 934
Avaliação = 1.16274

Tempo de execução: 60.0011s

---------------------------

Tamanho da população: 475
Fração elite: 0.2121
Fração mutante: 0.0442
Probabilidade herdar alelo elite: 0.6514
Número de populações independentes: 3
Troca de informação de 4 individuos a cada 241 gerações
Número de threads: 1

Largura da faixa = 184
Melhor altura = 1086

Lower Bound 1 = 888
Lower Bound 2 = 934
Avaliação = 1.16274

Tempo de execução: 60.0024s
