Tamanho da população: 297
Fração elite: 0.55
Fração mutante: 0.0174
Probabilidade herdar alelo elite: 0.7678
Número de populações independentes: 1
Número de threads: 1
Trocar os melhores indivíduos a cada 30 gerações
Número máximo de gerações: 279

Largura da faixa = 186
Melhor altura = 3087

Lower Bound 1 = 2191
Lower Bound 2 = 2720
Avaliação = 1.13493

Tempo de execução: 1.74236s

---------------------------

Tamanho da população: 297
Fração elite: 0.55
Fração mutante: 0.0174
Probabilidade herdar alelo elite: 0.7678
Número de populações independentes: 1
Número de threads: 1
Trocar os melhores indivíduos a cada 30 gerações
Número máximo de gerações: 279

Largura da faixa = 186
Melhor altura = 3087

Lower Bound 1 = 2191
Lower Bound 2 = 2720
Avaliação = 1.13493

Tempo de execução: 2.51676s

---------------------------

Tamanho da população: 297
Fração elite: 0.55
Fração mutante: 0.0174
Probabilidade herdar alelo elite: 0.7678
Número de populações independentes: 1
Número de threads: 1
Trocar os melhores indivíduos a cada 30 gerações
Número máximo de gerações: 279

Largura da faixa = 186
Melhor altura = 3087

Lower Bound 1 = 2191
Lower Bound 2 = 2720
Avaliação = 1.13493

Tempo de execução: 3.00435s

---------------------------

Tamanho da população: 297
Fração elite: 0.55
Fração mutante: 0.0174
Probabilidade herdar alelo elite: 0.7678
Número de populações independentes: 1
Número de threads: 1
Trocar os melhores indivíduos a cada 30 gerações
Número máximo de gerações: 279

Largura da faixa = 186
Melhor altura = 3087

Lower Bound 1 = 2191
Lower Bound 2 = 2720
Avaliação = 1.13493

Tempo de execução: 1.7126s

---------------------------

Tamanho da população: 297
Fração elite: 0.55
Fração mutante: 0.0174
Probabilidade herdar alelo elite: 0.7678
Número de populações independentes: 1
Número de threads: 1
Trocar os melhores indivíduos a cada 30 gerações
Número máximo de gerações: 279

Largura da faixa = 186
Melhor altura = 3087

Lower Bound 1 = 2191
Lower Bound 2 = 2720
Avaliação = 1.13493

Tempo de execução: 1.98601s

---------------------------

Tamanho da população: 297
Fração elite: 0.55
Fração mutante: 0.0174
Probabilidade herdar alelo elite: 0.7678
Número de populações independentes: 1
Número de threads: 1
Trocar os melhores indivíduos a cada 30 gerações
Número máximo de gerações: 279

Largura da faixa = 186
Melhor altura = 3087

Lower Bound 1 = 2191
Lower Bound 2 = 2720
Avaliação = 1.13493

Tempo de execução: 2.25453s

---------------------------

Tamanho da população: 297
Fração elite: 0.55
Fração mutante: 0.0174
Probabilidade herdar alelo elite: 0.7678
Número de populações independentes: 1
Número de threads: 1
Trocar os melhores indivíduos a cada 30 gerações
Número máximo de gerações: 279

Largura da faixa = 186
Melhor altura = 3087

Lower Bound 1 = 2191
Lower Bound 2 = 2720
Avaliação = 1.13493

Tempo de execução: 1.76395s

---------------------------

Tamanho da população: 297
Fração elite: 0.55
Fração mutante: 0.0174
Probabilidade herdar alelo elite: 0.7678
Número de populações independentes: 1
Número de threads: 1
Trocar os melhores indivíduos a cada 30 gerações
Número máximo de gerações: 279

Largura da faixa = 186
Melhor altura = 3087

Lower Bound 1 = 2191
Lower Bound 2 = 2720
Avaliação = 1.13493

Tempo de execução: 2.47267s

---------------------------

Tamanho da população: 297
Fração elite: 0.55
Fração mutante: 0.0174
Probabilidade herdar alelo elite: 0.7678
Número de populações independentes: 1
Número de threads: 1
Trocar os melhores indivíduos a cada 30 gerações
Número máximo de gerações: 279

Largura da faixa = 186
Melhor altura = 3087

Lower Bound 1 = 2191
Lower Bound 2 = 2720
Avaliação = 1.13493

Tempo de execução: 2.85388s

---------------------------

Tamanho da população: 297
Fração elite: 0.55
Fração mutante: 0.0174
Probabilidade herdar alelo elite: 0.7678
Número de populações independentes: 1
Número de threads: 1
Trocar os melhores indivíduos a cada 30 gerações
Número máximo de gerações: 279

Largura da faixa = 186
Melhor altura = 3087

Lower Bound 1 = 2191
Lower Bound 2 = 2720
Avaliação = 1.13493

Tempo de execução: 1.71042s

---------------------------

Tamanho da população: 297
Fração elite: 0.55
Fração mutante: 0.0174
Probabilidade herdar alelo elite: 0.7678
Número de populações independentes: 1
Número de threads: 1
Trocar os melhores indivíduos a cada 30 gerações
Número máximo de gerações: 279

Largura da faixa = 186
Melhor altura = 3087

Lower Bound 1 = 2191
Lower Bound 2 = 2720
Avaliação = 1.13493

Tempo de execução: 2.1631s

---------------------------

Tamanho da população: 297
Fração elite: 0.55
Fração mutante: 0.0174
Probabilidade herdar alelo elite: 0.7678
Número de populações independentes: 1
Número de threads: 1
Trocar os melhores indivíduos a cada 30 gerações
Número máximo de gerações: 279

Largura da faixa = 186
Melhor altura = 3087

Lower Bound 1 = 2191
Lower Bound 2 = 2720
Avaliação = 1.13493

Tempo de execução: 2.16539s

---------------------------

Tamanho da população: 297
Fração elite: 0.55
Fração mutante: 0.0174
Probabilidade herdar alelo elite: 0.7678
Número de populações independentes: 1
Número de threads: 1
Trocar os melhores indivíduos a cada 30 gerações
Número máximo de gerações: 279

Largura da faixa = 186
Melhor altura = 3087

Lower Bound 1 = 2191
Lower Bound 2 = 2720
Avaliação = 1.13493

Tempo de execução: 1.78311s

---------------------------

Tamanho da população: 297
Fração elite: 0.55
Fração mutante: 0.0174
Probabilidade herdar alelo elite: 0.7678
Número de populações independentes: 1
Número de threads: 1
Trocar os melhores indivíduos a cada 30 gerações
Número máximo de gerações: 279

Largura da faixa = 186
Melhor altura = 3087

Lower Bound 1 = 2191
Lower Bound 2 = 2720
Avaliação = 1.13493

Tempo de execução: 2.50989s

---------------------------

Tamanho da população: 297
Fração elite: 0.55
Fração mutante: 0.0174
Probabilidade herdar alelo elite: 0.7678
Número de populações independentes: 1
Número de threads: 1
Trocar os melhores indivíduos a cada 30 gerações
Número máximo de gerações: 279

Largura da faixa = 186
Melhor altura = 3087

Lower Bound 1 = 2191
Lower Bound 2 = 2720
Avaliação = 1.13493

Tempo de execução: 3.17063s

---------------------------

Tamanho da população: 297
Fração elite: 0.55
Fração mutante: 0.0174
Probabilidade herdar alelo elite: 0.7678
Número de populações independentes: 1
Número de threads: 1
Trocar os melhores indivíduos a cada 30 gerações
Número máximo de gerações: 279

Largura da faixa = 186
Melhor altura = 3087

Lower Bound 1 = 2191
Lower Bound 2 = 2720
Avaliação = 1.13493

Tempo de execução: 2.43504s

---------------------------

Tamanho da população: 297
Fração elite: 0.55
Fração mutante: 0.0174
Probabilidade herdar alelo elite: 0.7678
Número de populações independentes: 1
Número de threads: 1
Trocar os melhores indivíduos a cada 30 gerações
Número máximo de gerações: 279

Largura da faixa = 186
Melhor altura = 3087

Lower Bound 1 = 2191
Lower Bound 2 = 2720
Avaliação = 1.13493

Tempo de execução: 2.47108s

---------------------------

Tamanho da população: 297
Fração elite: 0.55
Fração mutante: 0.0174
Probabilidade herdar alelo elite: 0.7678
Número de populações independentes: 1
Número de threads: 1
Trocar os melhores indivíduos a cada 30 gerações
Número máximo de gerações: 279

Largura da faixa = 186
Melhor altura = 3087

Lower Bound 1 = 2191
Lower Bound 2 = 2720
Avaliação = 1.13493

Tempo de execução: 2.92846s

---------------------------

Tamanho da população: 297
Fração elite: 0.55
Fração mutante: 0.0174
Probabilidade herdar alelo elite: 0.7678
Número de populações independentes: 1
Número de threads: 1
Trocar os melhores indivíduos a cada 30 gerações
Número máximo de gerações: 279

Largura da faixa = 186
Melhor altura = 3087

Lower Bound 1 = 2191
Lower Bound 2 = 2720
Avaliação = 1.13493

Tempo de execução: 3.03794s

---------------------------

Tamanho da população: 297
Fração elite: 0.55
Fração mutante: 0.0174
Probabilidade herdar alelo elite: 0.7678
Número de populações independentes: 1
Número de threads: 1
Trocar os melhores indivíduos a cada 30 gerações
Número máximo de gerações: 279

Largura da faixa = 186
Melhor altura = 3087

Lower Bound 1 = 2191
Lower Bound 2 = 2720
Avaliação = 1.13493

Tempo de execução: 3.08433s

---------------------------

Tamanho da população: 392
Fração elite: 0.2567
Fração mutante: 0.0202
Probabilidade herdar alelo elite: 0.6001
Número de populações independentes: 1
Número de threads: 1
Número máximo de gerações: 364

Largura da faixa = 186
Melhor altura = 3087

Lower Bound 1 = 2191
Lower Bound 2 = 2720
Avaliação = 1.13493

Tempo de execução: 3.14016s

---------------------------

Tamanho da população: 392
Fração elite: 0.2567
Fração mutante: 0.0202
Probabilidade herdar alelo elite: 0.6001
Número de populações independentes: 1
Número de threads: 1
Número máximo de gerações: 364

Largura da faixa = 186
Melhor altura = 3087

Lower Bound 1 = 2191
Lower Bound 2 = 2720
Avaliação = 1.13493

Tempo de execução: 3.14576s

---------------------------

Tamanho da população: 392
Fração elite: 0.2567
Fração mutante: 0.0202
Probabilidade herdar alelo elite: 0.6001
Número de populações independentes: 1
Número de threads: 1
Número máximo de gerações: 364

Largura da faixa = 186
Melhor altura = 3087

Lower Bound 1 = 2191
Lower Bound 2 = 2720
Avaliação = 1.13493

Tempo de execução: 3.20814s

---------------------------

Tamanho da população: 392
Fração elite: 0.2567
Fração mutante: 0.0202
Probabilidade herdar alelo elite: 0.6001
Número de populações independentes: 1
Número de threads: 1
Número máximo de gerações: 364

Largura da faixa = 186
Melhor altura = 3087

Lower Bound 1 = 2191
Lower Bound 2 = 2720
Avaliação = 1.13493

Tempo de execução: 3.16043s

---------------------------

Tamanho da população: 392
Fração elite: 0.2567
Fração mutante: 0.0202
Probabilidade herdar alelo elite: 0.6001
Número de populações independentes: 1
Número de threads: 1
Número máximo de gerações: 364

Largura da faixa = 186
Melhor altura = 3087

Lower Bound 1 = 2191
Lower Bound 2 = 2720
Avaliação = 1.13493

Tempo de execução: 3.18344s

---------------------------

Tamanho da população: 392
Fração elite: 0.2567
Fração mutante: 0.0202
Probabilidade herdar alelo elite: 0.6001
Número de populações independentes: 1
Número de threads: 1
Número máximo de gerações: 364

Largura da faixa = 186
Melhor altura = 3087

Lower Bound 1 = 2191
Lower Bound 2 = 2720
Avaliação = 1.13493

Tempo de execução: 3.42763s

---------------------------

Tamanho da população: 392
Fração elite: 0.2567
Fração mutante: 0.0202
Probabilidade herdar alelo elite: 0.6001
Número de populações independentes: 1
Número de threads: 1
Número máximo de gerações: 364

Largura da faixa = 186
Melhor altura = 3087

Lower Bound 1 = 2191
Lower Bound 2 = 2720
Avaliação = 1.13493

Tempo de execução: 3.17125s

---------------------------

Tamanho da população: 392
Fração elite: 0.2567
Fração mutante: 0.0202
Probabilidade herdar alelo elite: 0.6001
Número de populações independentes: 1
Número de threads: 1
Número máximo de gerações: 364

Largura da faixa = 186
Melhor altura = 3087

Lower Bound 1 = 2191
Lower Bound 2 = 2720
Avaliação = 1.13493

Tempo de execução: 3.18142s

---------------------------

Tamanho da população: 392
Fração elite: 0.2567
Fração mutante: 0.0202
Probabilidade herdar alelo elite: 0.6001
Número de populações independentes: 1
Número de threads: 1
Número máximo de gerações: 364

Largura da faixa = 186
Melhor altura = 3087

Lower Bound 1 = 2191
Lower Bound 2 = 2720
Avaliação = 1.13493

Tempo de execução: 3.19276s

---------------------------

Tamanho da população: 392
Fração elite: 0.2567
Fração mutante: 0.0202
Probabilidade herdar alelo elite: 0.6001
Número de populações independentes: 1
Número de threads: 1
Número máximo de gerações: 364

Largura da faixa = 186
Melhor altura = 3087

Lower Bound 1 = 2191
Lower Bound 2 = 2720
Avaliação = 1.13493

Tempo de execução: 3.15215s

---------------------------

Tamanho da população: 392
Fração elite: 0.2567
Fração mutante: 0.0202
Probabilidade herdar alelo elite: 0.6001
Número de populações independentes: 1
Número de threads: 1
Número máximo de gerações: 364

Largura da faixa = 186
Melhor altura = 3087

Lower Bound 1 = 2191
Lower Bound 2 = 2720
Avaliação = 1.13493

Tempo de execução: 3.19072s

---------------------------

Tamanho da população: 392
Fração elite: 0.2567
Fração mutante: 0.0202
Probabilidade herdar alelo elite: 0.6001
Número de populações independentes: 1
Número de threads: 1
Número máximo de gerações: 364

Largura da faixa = 186
Melhor altura = 3087

Lower Bound 1 = 2191
Lower Bound 2 = 2720
Avaliação = 1.13493

Tempo de execução: 3.29102s

---------------------------

Tamanho da população: 392
Fração elite: 0.2567
Fração mutante: 0.0202
Probabilidade herdar alelo elite: 0.6001
Número de populações independentes: 1
Número de threads: 1
Número máximo de gerações: 364

Largura da faixa = 186
Melhor altura = 3087

Lower Bound 1 = 2191
Lower Bound 2 = 2720
Avaliação = 1.13493

Tempo de execução: 3.1397s

---------------------------

Tamanho da população: 392
Fração elite: 0.2567
Fração mutante: 0.0202
Probabilidade herdar alelo elite: 0.6001
Número de populações independentes: 1
Número de threads: 1
Número máximo de gerações: 364

Largura da faixa = 186
Melhor altura = 3087

Lower Bound 1 = 2191
Lower Bound 2 = 2720
Avaliação = 1.13493

Tempo de execução: 3.16694s

---------------------------

Tamanho da população: 392
Fração elite: 0.2567
Fração mutante: 0.0202
Probabilidade herdar alelo elite: 0.6001
Número de populações independentes: 1
Número de threads: 1
Número máximo de gerações: 364

Largura da faixa = 186
Melhor altura = 3087

Lower Bound 1 = 2191
Lower Bound 2 = 2720
Avaliação = 1.13493

Tempo de execução: 3.27355s

---------------------------

Tamanho da população: 392
Fração elite: 0.2567
Fração mutante: 0.0202
Probabilidade herdar alelo elite: 0.6001
Número de populações independentes: 1
Número de threads: 1
Número máximo de gerações: 364

Largura da faixa = 186
Melhor altura = 3087

Lower Bound 1 = 2191
Lower Bound 2 = 2720
Avaliação = 1.13493

Tempo de execução: 3.17169s

---------------------------

Tamanho da população: 392
Fração elite: 0.2567
Fração mutante: 0.0202
Probabilidade herdar alelo elite: 0.6001
Número de populações independentes: 1
Número de threads: 1
Número máximo de gerações: 364

Largura da faixa = 186
Melhor altura = 3087

Lower Bound 1 = 2191
Lower Bound 2 = 2720
Avaliação = 1.13493

Tempo de execução: 3.18606s

---------------------------

Tamanho da população: 392
Fração elite: 0.2567
Fração mutante: 0.0202
Probabilidade herdar alelo elite: 0.6001
Número de populações independentes: 1
Número de threads: 1
Número máximo de gerações: 364

Largura da faixa = 186
Melhor altura = 3087

Lower Bound 1 = 2191
Lower Bound 2 = 2720
Avaliação = 1.13493

Tempo de execução: 3.21638s

---------------------------

Tamanho da população: 392
Fração elite: 0.2567
Fração mutante: 0.0202
Probabilidade herdar alelo elite: 0.6001
Número de populações independentes: 1
Número de threads: 1
Número máximo de gerações: 364

Largura da faixa = 186
Melhor altura = 3087

Lower Bound 1 = 2191
Lower Bound 2 = 2720
Avaliação = 1.13493

Tempo de execução: 3.07034s

---------------------------

Tamanho da população: 392
Fração elite: 0.2567
Fração mutante: 0.0202
Probabilidade herdar alelo elite: 0.6001
Número de populações independentes: 1
Número de threads: 1
Número máximo de gerações: 364

Largura da faixa = 186
Melhor altura = 3087

Lower Bound 1 = 2191
Lower Bound 2 = 2720
Avaliação = 1.13493

Tempo de execução: 3.11343s

---------------------------

