Tamanho da população: 475
Fração elite: 0.2121
Fração mutante: 0.0442
Probabilidade herdar alelo elite: 0.6514
Número de populações independentes: 3
Troca de informação de 4 individuos a cada 241 gerações
Número de threads: 1

Largura da faixa = 374
Melhor altura = 9559

Lower Bound 1 = 7501
Lower Bound 2 = 8483
Avaliação = 1.12684

Tempo de execução: 60.0052s

---------------------------

Tamanho da população: 475
Fração elite: 0.2121
Fração mutante: 0.0442
Probabilidade herdar alelo elite: 0.6514
Número de populações independentes: 3
Troca de informação de 4 individuos a cada 241 gerações
Número de threads: 1

Largura da faixa = 374
Melhor altura = 9559

Lower Bound 1 = 7501
Lower Bound 2 = 8483
Avaliação = 1.12684

Tempo de execução: 60.0403s

---------------------------

Tamanho da população: 475
Fração elite: 0.2121
Fração mutante: 0.0442
Probabilidade herdar alelo elite: 0.6514
Número de populações independentes: 3
Troca de informação de 4 individuos a cada 241 gerações
Número de threads: 1

Largura da faixa = 374
Melhor altura = 9559

Lower Bound 1 = 7501
Lower Bound 2 = 8483
Avaliação = 1.12684

Tempo de execução: 60.0416s

---------------------------

Tamanho da população: 475
Fração elite: 0.2121
Fração mutante: 0.0442
Probabilidade herdar alelo elite: 0.6514
Número de populações independentes: 3
Troca de informação de 4 individuos a cada 241 gerações
Número de threads: 1

Largura da faixa = 374
Melhor altura = 9559

Lower Bound 1 = 7501
Lower Bound 2 = 8483
Avaliação = 1.12684

Tempo de execução: 60.0058s

---------------------------

Tamanho da população: 475
Fração elite: 0.2121
Fração mutante: 0.0442
Probabilidade herdar alelo elite: 0.6514
Número de populações independentes: 3
Troca de informação de 4 individuos a cada 241 gerações
Número de threads: 1

Largura da faixa = 374
Melhor altura = 9559

Lower Bound 1 = 7501
Lower Bound 2 = 8483
Avaliação = 1.12684

Tempo de execução: 60.0066s

---------------------------

Tamanho da população: 475
Fração elite: 0.2121
Fração mutante: 0.0442
Probabilidade herdar alelo elite: 0.6514
Número de populações independentes: 3
Troca de informação de 4 individuos a cada 241 gerações
Número de threads: 1

Largura da faixa = 374
Melhor altura = 9559

Lower Bound 1 = 7501
Lower Bound 2 = 8483
Avaliação = 1.12684

Tempo de execução: 60.007s

---------------------------

Tamanho da população: 475
Fração elite: 0.2121
Fração mutante: 0.0442
Probabilidade herdar alelo elite: 0.6514
Número de populações independentes: 3
Troca de informação de 4 individuos a cada 241 gerações
Número de threads: 1

Largura da faixa = 374
Melhor altura = 9559

Lower Bound 1 = 7501
Lower Bound 2 = 8483
Avaliação = 1.12684

Tempo de execução: 60.0299s

---------------------------

Tamanho da população: 475
Fração elite: 0.2121
Fração mutante: 0.0442
Probabilidade herdar alelo elite: 0.6514
Número de populações independentes: 3
Troca de informação de 4 individuos a cada 241 gerações
Número de threads: 1

Largura da faixa = 374
Melhor altura = 9559

Lower Bound 1 = 7501
Lower Bound 2 = 8483
Avaliação = 1.12684

Tempo de execução: 60.0365s

---------------------------

Tamanho da população: 475
Fração elite: 0.2121
Fração mutante: 0.0442
Probabilidade herdar alelo elite: 0.6514
Número de populações independentes: 3
Troca de informação de 4 individuos a cada 241 gerações
Número de threads: 1

Largura da faixa = 374
Melhor altura = 9559

Lower Bound 1 = 7501
Lower Bound 2 = 8483
Avaliação = 1.12684

Tempo de execução: 60.0447s

---------------------------

Tamanho da população: 475
Fração elite: 0.2121
Fração mutante: 0.0442
Probabilidade herdar alelo elite: 0.6514
Número de populações independentes: 3
Troca de informação de 4 individuos a cada 241 gerações
Número de threads: 1

Largura da faixa = 374
Melhor altura = 9559

Lower Bound 1 = 7501
Lower Bound 2 = 8483
Avaliação = 1.12684

Tempo de execução: 60.0066s

---------------------------

Tamanho da população: 475
Fração elite: 0.2121
Fração mutante: 0.0442
Probabilidade herdar alelo elite: 0.6514
Número de populações independentes: 3
Troca de informação de 4 individuos a cada 241 gerações
Número de threads: 1

Largura da faixa = 374
Melhor altura = 9559

Lower Bound 1 = 7501
Lower Bound 2 = 8483
Avaliação = 1.12684

Tempo de execução: 60.0174s

---------------------------

Tamanho da população: 475
Fração elite: 0.2121
Fração mutante: 0.0442
Probabilidade herdar alelo elite: 0.6514
Número de populações independentes: 3
Troca de informação de 4 individuos a cada 241 gerações
Número de threads: 1

Largura da faixa = 374
Melhor altura = 9559

Lower Bound 1 = 7501
Lower Bound 2 = 8483
Avaliação = 1.12684

Tempo de execução: 60.042s

---------------------------

Tamanho da população: 475
Fração elite: 0.2121
Fração mutante: 0.0442
Probabilidade herdar alelo elite: 0.6514
Número de populações independentes: 3
Troca de informação de 4 individuos a cada 241 gerações
Número de threads: 1

Largura da faixa = 374
Melhor altura = 9559

Lower Bound 1 = 7501
Lower Bound 2 = 8483
Avaliação = 1.12684

Tempo de execução: 60.0173s

---------------------------

Tamanho da população: 475
Fração elite: 0.2121
Fração mutante: 0.0442
Probabilidade herdar alelo elite: 0.6514
Número de populações independentes: 3
Troca de informação de 4 individuos a cada 241 gerações
Número de threads: 1

Largura da faixa = 374
Melhor altura = 9559

Lower Bound 1 = 7501
Lower Bound 2 = 8483
Avaliação = 1.12684

Tempo de execução: 60.0176s

---------------------------

Tamanho da população: 475
Fração elite: 0.2121
Fração mutante: 0.0442
Probabilidade herdar alelo elite: 0.6514
Número de populações independentes: 3
Troca de informação de 4 individuos a cada 241 gerações
Número de threads: 1

Largura da faixa = 374
Melhor altura = 9559

Lower Bound 1 = 7501
Lower Bound 2 = 8483
Avaliação = 1.12684

Tempo de execução: 60.0401s

---------------------------

Tamanho da população: 475
Fração elite: 0.2121
Fração mutante: 0.0442
Probabilidade herdar alelo elite: 0.6514
Número de populações independentes: 3
Troca de informação de 4 individuos a cada 241 gerações
Número de threads: 1

Largura da faixa = 374
Melhor altura = 9559

Lower Bound 1 = 7501
Lower Bound 2 = 8483
Avaliação = 1.12684

Tempo de execução: 60.0004s

---------------------------

Tamanho da população: 475
Fração elite: 0.2121
Fração mutante: 0.0442
Probabilidade herdar alelo elite: 0.6514
Número de populações independentes: 3
Troca de informação de 4 individuos a cada 241 gerações
Número de threads: 1

Largura da faixa = 374
Melhor altura = 9559

Lower Bound 1 = 7501
Lower Bound 2 = 8483
Avaliação = 1.12684

Tempo de execução: 60.0249s

---------------------------

Tamanho da população: 475
Fração elite: 0.2121
Fração mutante: 0.0442
Probabilidade herdar alelo elite: 0.6514
Número de populações independentes: 3
Troca de informação de 4 individuos a cada 241 gerações
Número de threads: 1

Largura da faixa = 374
Melhor altura = 9559

Lower Bound 1 = 7501
Lower Bound 2 = 8483
Avaliação = 1.12684

Tempo de execução: 60.0414s

---------------------------

Tamanho da população: 475
Fração elite: 0.2121
Fração mutante: 0.0442
Probabilidade herdar alelo elite: 0.6514
Número de populações independentes: 3
Troca de informação de 4 individuos a cada 241 gerações
Número de threads: 1

Largura da faixa = 374
Melhor altura = 9559

Lower Bound 1 = 7501
Lower Bound 2 = 8483
Avaliação = 1.12684

Tempo de execução: 60.0244s

---------------------------

Tamanho da população: 475
Fração elite: 0.2121
Fração mutante: 0.0442
Probabilidade herdar alelo elite: 0.6514
Número de populações independentes: 3
Troca de informação de 4 individuos a cada 241 gerações
Número de threads: 1

Largura da faixa = 374
Melhor altura = 9559

Lower Bound 1 = 7501
Lower Bound 2 = 8483
Avaliação = 1.12684

Tempo de execução: 60.0262s
