Número de cromossomos: 200
Tamanho da população: 500
Fração elite: 0.2
Fração mutante: 0.1
Probabilidade herdar alelo elite: 0.7
Número de populações independentes: 3
Número de threads: 1
Melhor até agora: 857 Geração: 0
Largura da faixa = 62
Melhor altura = 857

Lower Bound 1 = 169
Lower Bound 2 = 168
Avaliação = 5.07101
Tempo de execução: 35999ms

---------------------------

Número de cromossomos: 200
Tamanho da população: 1000
Fração elite: 0.2
Fração mutante: 0.1
Probabilidade herdar alelo elite: 0.7
Número de populações independentes: 5
Número de threads: 2
Melhor até agora: 857 Geração: 0
Largura da faixa = 62
Melhor altura = 857

Lower Bound 1 = 169
Lower Bound 2 = 168
Avaliação = 5.07101
Tempo de execução: 55298ms

---------------------------

Número de cromossomos: 200
Tamanho da população: 1000
Fração elite: 0.3
Fração mutante: 0.4
Probabilidade herdar alelo elite: 0.8
Número de populações independentes: 3
Número de threads: 2
Melhor até agora: 857 Geração: 0
Largura da faixa = 62
Melhor altura = 857

Lower Bound 1 = 169
Lower Bound 2 = 168
Avaliação = 5.07101
Tempo de execução: 32851ms

---------------------------

