Número de cromossomos: 30
Tamanho da população: 500
Fração elite: 0.2
Fração mutante: 0.1
Probabilidade herdar alelo elite: 0.7
Número de populações independentes: 3
Número de threads: 1
Melhor até agora: 254 Geração: 0
Largura da faixa = 32
Melhor altura = 254

Lower Bound 1 = 46
Lower Bound 2 = 32
Avaliação = 5.52174
Tempo de execução: 4534ms

---------------------------

Número de cromossomos: 30
Tamanho da população: 1000
Fração elite: 0.2
Fração mutante: 0.1
Probabilidade herdar alelo elite: 0.7
Número de populações independentes: 5
Número de threads: 2
Melhor até agora: 254 Geração: 0
Largura da faixa = 32
Melhor altura = 254

Lower Bound 1 = 46
Lower Bound 2 = 32
Avaliação = 5.52174
Tempo de execução: 8984ms

---------------------------

Número de cromossomos: 30
Tamanho da população: 1000
Fração elite: 0.3
Fração mutante: 0.4
Probabilidade herdar alelo elite: 0.8
Número de populações independentes: 3
Número de threads: 2
Melhor até agora: 254 Geração: 0
Largura da faixa = 32
Melhor altura = 254

Lower Bound 1 = 46
Lower Bound 2 = 32
Avaliação = 5.52174
Tempo de execução: 5326ms

---------------------------

Número de cromossomos: 30
Tamanho da população: 1500
Fração elite: 0.3
Fração mutante: 0.7
Probabilidade herdar alelo elite: 0.7
Número de populações independentes: 6
Número de threads: 14
Trocar os melhores indivíduos a cada 1000 gerações
Número máximo de gerações: 100

Melhor até agora: 96 Geração: 0
Largura da faixa = 32
Melhor altura = 96

Lower Bound 1 = 46
Lower Bound 2 = 32
Avaliação = 2.08696

Tempo de execução: 14652ms

---------------------------

Número de cromossomos: 30
Tamanho da população: 50
Fração elite: 0.3
Fração mutante: 0.7
Probabilidade herdar alelo elite: 0.6
Número de populações independentes: 4
Número de threads: 1
Trocar os melhores indivíduos a cada 600 gerações
Número máximo de gerações: 100

Número de swaps entre camadas = 5
Largura da faixa = 32
Melhor altura = 55

Lower Bound 1 = 46
Lower Bound 2 = 32
Avaliação = 1.19565

Tempo de execução: 7s

---------------------------

Número de cromossomos: 30
Tamanho da população: 60
Fração elite: 0.3
Fração mutante: 0.7
Probabilidade herdar alelo elite: 0.6
Número de populações independentes: 2
Número de threads: 1
Trocar os melhores indivíduos a cada 100 gerações
Número máximo de gerações: 100

Número de swaps entre camadas = 5
Largura da faixa = 32
Melhor altura = 64

Lower Bound 1 = 46
Lower Bound 2 = 32
Avaliação = 1.3913

Tempo de execução: 5s

---------------------------

Número de cromossomos: 30
Tamanho da população: 60
Fração elite: 0.3
Fração mutante: 0.7
Probabilidade herdar alelo elite: 0.6
Número de populações independentes: 2
Número de threads: 14
Trocar os melhores indivíduos a cada 100 gerações
Número máximo de gerações: 100

Número de cromossomos: 30
Tamanho da população: 60
Fração elite: 0.3
Fração mutante: 0.7
Probabilidade herdar alelo elite: 0.6
Número de populações independentes: 2
Número de threads: 14
Trocar os melhores indivíduos a cada 100 gerações
Número máximo de gerações: 100

Tamanho da população: 200
Fração elite: 0.2
Fração mutante: 0.2
Probabilidade herdar alelo elite: 0.5
Número de populações independentes: 3
Número de threads: 14
Trocar os melhores indivíduos a cada 40 gerações
Número máximo de gerações: 60
Número máximo de iterações sem melhora: 50
Melhor até agora: 64 Geração: 16
Iteração: 0
Melhor até agora: 60 Geração: 19
Iteração: 0
Melhor até agora: 59 Geração: 20
Iteração: 0
Melhor até agora: 57 Geração: 22
Iteração: 0
Melhor até agora: 55 Geração: 25
Iteração: 0
Número de swaps entre camadas = 5
Largura da faixa = 32
Melhor altura = 55

Lower Bound 1 = 46
Lower Bound 2 = 32
Avaliação = 1.19565

Tempo de execução: 1s

---------------------------

Número de cromossomos: 30
Tamanho da população: 60
Fração elite: 0.3
Fração mutante: 0.7
Probabilidade herdar alelo elite: 0.6
Número de populações independentes: 2
Número de threads: 14
Trocar os melhores indivíduos a cada 100 gerações
Número máximo de gerações: 100

Número de cromossomos: 30
Tamanho da população: 60
Fração elite: 0.3
Fração mutante: 0.7
Probabilidade herdar alelo elite: 0.6
Número de populações independentes: 2
Número de threads: 14
Trocar os melhores indivíduos a cada 100 gerações
Número máximo de gerações: 100

Tamanho da população: 250
Fração elite: 0.15
Fração mutante: 0.2
Probabilidade herdar alelo elite: 0.55
Número de populações independentes: 3
Número de threads: 14
Trocar os melhores indivíduos a cada 40 gerações
Número máximo de gerações: 130
Número máximo de iterações sem melhora: 30
Melhor até agora: 66 Geração: 8
Iteração: 0
Melhor até agora: 63 Geração: 10
Iteração: 0
Melhor até agora: 59 Geração: 15
Iteração: 0
Melhor até agora: 58 Geração: 16
Iteração: 0
Melhor até agora: 53 Geração: 17
Iteração: 0
Número de swaps entre camadas = 10
Largura da faixa = 32
Melhor altura = 53

Lower Bound 1 = 46
Lower Bound 2 = 32
Avaliação = 1.15217

Tempo de execução: 2s

---------------------------

Número de cromossomos: 30
Tamanho da população: 60
Fração elite: 0.3
Fração mutante: 0.7
Probabilidade herdar alelo elite: 0.6
Número de populações independentes: 2
Número de threads: 14
Trocar os melhores indivíduos a cada 100 gerações
Número máximo de gerações: 100

Número de cromossomos: 30
Tamanho da população: 60
Fração elite: 0.3
Fração mutante: 0.7
Probabilidade herdar alelo elite: 0.6
Número de populações independentes: 2
Número de threads: 14
Trocar os melhores indivíduos a cada 100 gerações
Número máximo de gerações: 100

Tamanho da população: 250
Fração elite: 0.15
Fração mutante: 0.2
Probabilidade herdar alelo elite: 0.55
Número de populações independentes: 3
Número de threads: 14
Trocar os melhores indivíduos a cada 40 gerações
Número máximo de gerações: 130
Número máximo de iterações sem melhora: 30
Melhor até agora: 59 Geração: 8
Iteração: 0
Melhor até agora: 58 Geração: 9
Iteração: 0
Melhor até agora: 55 Geração: 12
Iteração: 0
Melhor até agora: 54 Geração: 27
Iteração: 0
Melhor até agora: 53 Geração: 45
Iteração: 0
Melhor até agora: 52 Geração: 57
Iteração: 0
Número de swaps entre camadas = 10
Largura da faixa = 32
Melhor altura = 52

Lower Bound 1 = 46
Lower Bound 2 = 32
Avaliação = 1.13043

Tempo de execução: 2s

---------------------------

Número de cromossomos: 30
Tamanho da população: 60
Fração elite: 0.3
Fração mutante: 0.7
Probabilidade herdar alelo elite: 0.6
Número de populações independentes: 2
Número de threads: 14
Trocar os melhores indivíduos a cada 100 gerações
Número máximo de gerações: 100

Número de cromossomos: 30
Tamanho da população: 60
Fração elite: 0.3
Fração mutante: 0.7
Probabilidade herdar alelo elite: 0.6
Número de populações independentes: 2
Número de threads: 14
Trocar os melhores indivíduos a cada 100 gerações
Número máximo de gerações: 100

Tamanho da população: 250
Fração elite: 0.15
Fração mutante: 0.2
Probabilidade herdar alelo elite: 0.55
Número de populações independentes: 3
Número de threads: 14
Trocar os melhores indivíduos a cada 40 gerações
Número máximo de gerações: 130
Número máximo de iterações sem melhora: 30
Melhor até agora: 66 Geração: 7
Iteração: 0
Melhor até agora: 60 Geração: 9
Iteração: 0
Melhor até agora: 58 Geração: 11
Iteração: 0
Melhor até agora: 56 Geração: 14
Iteração: 0
Melhor até agora: 55 Geração: 17
Iteração: 0
Melhor até agora: 54 Geração: 18
Iteração: 0
Número de swaps entre camadas = 10
Largura da faixa = 32
Melhor altura = 54

Lower Bound 1 = 46
Lower Bound 2 = 32
Avaliação = 1.17391

Tempo de execução: 2s

---------------------------

Número de cromossomos: 30
Tamanho da população: 60
Fração elite: 0.3
Fração mutante: 0.7
Probabilidade herdar alelo elite: 0.6
Número de populações independentes: 2
Número de threads: 14
Trocar os melhores indivíduos a cada 100 gerações
Número máximo de gerações: 100

Melhor até agora: 88 Geração: 0
Iteração: 1
Número de cromossomos: 30
Tamanho da população: 60
Fração elite: 0.3
Fração mutante: 0.7
Probabilidade herdar alelo elite: 0.6
Número de populações independentes: 2
Número de threads: 14
Trocar os melhores indivíduos a cada 100 gerações
Número máximo de gerações: 100

Tamanho da população: 250
Fração elite: 0.15
Fração mutante: 0.2
Probabilidade herdar alelo elite: 0.55
Número de populações independentes: 3
Número de threads: 14
Trocar os melhores indivíduos a cada 40 gerações
Número máximo de gerações: 130
Número máximo de iterações sem melhora: 30
Melhor até agora: 55 Geração: 10
Iteração: 0
Melhor até agora: 54 Geração: 24
Iteração: 0
Número de swaps entre camadas = 10
Largura da faixa = 32
Melhor altura = 54

Lower Bound 1 = 46
Lower Bound 2 = 32
Avaliação = 1.17391

Tempo de execução: 2s

---------------------------

Número de cromossomos: 30
Tamanho da população: 60
Fração elite: 0.3
Fração mutante: 0.7
Probabilidade herdar alelo elite: 0.6
Número de populações independentes: 2
Número de threads: 14
Trocar os melhores indivíduos a cada 100 gerações
Número máximo de gerações: 100

Número de cromossomos: 30
Tamanho da população: 60
Fração elite: 0.3
Fração mutante: 0.7
Probabilidade herdar alelo elite: 0.6
Número de populações independentes: 2
Número de threads: 14
Trocar os melhores indivíduos a cada 100 gerações
Número máximo de gerações: 100

Tamanho da população: 250
Fração elite: 0.15
Fração mutante: 0.2
Probabilidade herdar alelo elite: 0.55
Número de populações independentes: 3
Número de threads: 14
Trocar os melhores indivíduos a cada 40 gerações
Número máximo de gerações: 130
Número máximo de iterações sem melhora: 30
Melhor até agora: 66 Geração: 7
Iteração: 0
Melhor até agora: 57 Geração: 8
Iteração: 0
Melhor até agora: 56 Geração: 15
Iteração: 0
Melhor até agora: 54 Geração: 16
Iteração: 0
Número de swaps entre camadas = 10
Largura da faixa = 32
Melhor altura = 54

Lower Bound 1 = 46
Lower Bound 2 = 32
Avaliação = 1.17391

Tempo de execução: 2s

---------------------------

Número de cromossomos: 30
Tamanho da população: 60
Fração elite: 0.3
Fração mutante: 0.7
Probabilidade herdar alelo elite: 0.6
Número de populações independentes: 2
Número de threads: 14
Trocar os melhores indivíduos a cada 100 gerações
Número máximo de gerações: 100

Número de cromossomos: 30
Tamanho da população: 60
Fração elite: 0.3
Fração mutante: 0.7
Probabilidade herdar alelo elite: 0.6
Número de populações independentes: 2
Número de threads: 14
Trocar os melhores indivíduos a cada 100 gerações
Número máximo de gerações: 100

Tamanho da população: 250
Fração elite: 0.15
Fração mutante: 0.2
Probabilidade herdar alelo elite: 0.55
Número de populações independentes: 3
Número de threads: 14
Trocar os melhores indivíduos a cada 40 gerações
Número máximo de gerações: 130
Número máximo de iterações sem melhora: 30
Melhor até agora: 64 Geração: 4
Iteração: 0
Melhor até agora: 58 Geração: 8
Iteração: 0
Melhor até agora: 57 Geração: 12
Iteração: 0
Melhor até agora: 56 Geração: 15
Iteração: 0
Melhor até agora: 55 Geração: 16
Iteração: 0
Melhor até agora: 54 Geração: 23
Iteração: 0
Número de swaps entre camadas = 10
Largura da faixa = 32
Melhor altura = 54

Lower Bound 1 = 46
Lower Bound 2 = 32
Avaliação = 1.17391

Tempo de execução: 1s

---------------------------

Número de cromossomos: 30
Tamanho da população: 60
Fração elite: 0.3
Fração mutante: 0.7
Probabilidade herdar alelo elite: 0.6
Número de populações independentes: 2
Número de threads: 14
Trocar os melhores indivíduos a cada 100 gerações
Número máximo de gerações: 100

Número de cromossomos: 30
Tamanho da população: 60
Fração elite: 0.3
Fração mutante: 0.7
Probabilidade herdar alelo elite: 0.6
Número de populações independentes: 2
Número de threads: 14
Trocar os melhores indivíduos a cada 100 gerações
Número máximo de gerações: 100

Tamanho da população: 250
Fração elite: 0.15
Fração mutante: 0.2
Probabilidade herdar alelo elite: 0.55
Número de populações independentes: 3
Número de threads: 14
Trocar os melhores indivíduos a cada 40 gerações
Número máximo de gerações: 130
Número máximo de iterações sem melhora: 30
Melhor até agora: 64 Geração: 7
Iteração: 0
Melhor até agora: 56 Geração: 12
Iteração: 0
Melhor até agora: 54 Geração: 13
Iteração: 0
Melhor até agora: 53 Geração: 35
Iteração: 0
Número de swaps entre camadas = 10
Largura da faixa = 32
Melhor altura = 53

Lower Bound 1 = 46
Lower Bound 2 = 32
Avaliação = 1.15217

Tempo de execução: 2s

---------------------------

Número de cromossomos: 30
Tamanho da população: 60
Fração elite: 0.3
Fração mutante: 0.7
Probabilidade herdar alelo elite: 0.6
Número de populações independentes: 2
Número de threads: 14
Trocar os melhores indivíduos a cada 100 gerações
Número máximo de gerações: 100

Número de cromossomos: 30
Tamanho da população: 60
Fração elite: 0.3
Fração mutante: 0.7
Probabilidade herdar alelo elite: 0.6
Número de populações independentes: 2
Número de threads: 14
Trocar os melhores indivíduos a cada 100 gerações
Número máximo de gerações: 100

Tamanho da população: 250
Fração elite: 0.15
Fração mutante: 0.2
Probabilidade herdar alelo elite: 0.55
Número de populações independentes: 3
Número de threads: 14
Trocar os melhores indivíduos a cada 40 gerações
Número máximo de gerações: 130
Número máximo de iterações sem melhora: 30
Melhor até agora: 57 Geração: 8
Iteração: 0
Melhor até agora: 55 Geração: 14
Iteração: 0
Melhor até agora: 54 Geração: 21
Iteração: 0
Número de swaps entre camadas = 10
Largura da faixa = 32
Melhor altura = 54

Lower Bound 1 = 46
Lower Bound 2 = 32
Avaliação = 1.17391

Tempo de execução: 1s

---------------------------

Número de cromossomos: 30
Tamanho da população: 60
Fração elite: 0.3
Fração mutante: 0.7
Probabilidade herdar alelo elite: 0.6
Número de populações independentes: 2
Número de threads: 14
Trocar os melhores indivíduos a cada 100 gerações
Número máximo de gerações: 100

Número de cromossomos: 30
Tamanho da população: 60
Fração elite: 0.3
Fração mutante: 0.7
Probabilidade herdar alelo elite: 0.6
Número de populações independentes: 2
Número de threads: 14
Trocar os melhores indivíduos a cada 100 gerações
Número máximo de gerações: 100

Tamanho da população: 250
Fração elite: 0.15
Fração mutante: 0.2
Probabilidade herdar alelo elite: 0.55
Número de populações independentes: 3
Número de threads: 14
Trocar os melhores indivíduos a cada 40 gerações
Número máximo de gerações: 130
Número máximo de iterações sem melhora: 30
Melhor até agora: 64 Geração: 7
Iteração: 0
Melhor até agora: 57 Geração: 11
Iteração: 0
Melhor até agora: 55 Geração: 13
Iteração: 0
Melhor até agora: 54 Geração: 16
Iteração: 0
Melhor até agora: 53 Geração: 28
Iteração: 0
Melhor até agora: 52 Geração: 43
Iteração: 0
Número de swaps entre camadas = 10
Largura da faixa = 32
Melhor altura = 52

Lower Bound 1 = 46
Lower Bound 2 = 32
Avaliação = 1.13043

Tempo de execução: 2s

---------------------------

Número de cromossomos: 30
Tamanho da população: 60
Fração elite: 0.3
Fração mutante: 0.7
Probabilidade herdar alelo elite: 0.6
Número de populações independentes: 2
Número de threads: 14
Trocar os melhores indivíduos a cada 100 gerações
Número máximo de gerações: 100

Melhor até agora: 88 Geração: 0
Iteração: 1
Número de cromossomos: 30
Tamanho da população: 60
Fração elite: 0.3
Fração mutante: 0.7
Probabilidade herdar alelo elite: 0.6
Número de populações independentes: 2
Número de threads: 14
Trocar os melhores indivíduos a cada 100 gerações
Número máximo de gerações: 100

Tamanho da população: 250
Fração elite: 0.15
Fração mutante: 0.2
Probabilidade herdar alelo elite: 0.55
Número de populações independentes: 3
Número de threads: 14
Trocar os melhores indivíduos a cada 40 gerações
Número máximo de gerações: 130
Número máximo de iterações sem melhora: 30
Melhor até agora: 62 Geração: 4
Iteração: 0
Melhor até agora: 58 Geração: 7
Iteração: 0
Melhor até agora: 57 Geração: 9
Iteração: 0
Melhor até agora: 56 Geração: 10
Iteração: 0
Melhor até agora: 55 Geração: 12
Iteração: 0
Melhor até agora: 54 Geração: 19
Iteração: 0
Melhor até agora: 53 Geração: 30
Iteração: 0
Número de swaps entre camadas = 10
Largura da faixa = 32
Melhor altura = 53

Lower Bound 1 = 46
Lower Bound 2 = 32
Avaliação = 1.15217

Tempo de execução: 2s

---------------------------

Número de cromossomos: 30
Tamanho da população: 60
Fração elite: 0.3
Fração mutante: 0.7
Probabilidade herdar alelo elite: 0.6
Número de populações independentes: 2
Número de threads: 14
Trocar os melhores indivíduos a cada 100 gerações
Número máximo de gerações: 100

Melhor até agora: 88 Geração: 0
Iteração: 0
Número de cromossomos: 30
Tamanho da população: 60
Fração elite: 0.3
Fração mutante: 0.7
Probabilidade herdar alelo elite: 0.6
Número de populações independentes: 2
Número de threads: 14
Trocar os melhores indivíduos a cada 100 gerações
Número máximo de gerações: 100

Tamanho da população: 250
Fração elite: 0.15
Fração mutante: 0.2
Probabilidade herdar alelo elite: 0.55
Número de populações independentes: 3
Número de threads: 14
Trocar os melhores indivíduos a cada 40 gerações
Número máximo de gerações: 130
Número máximo de iterações sem melhora: 30
Melhor até agora: 59 Geração: 6
Iteração: 0
Melhor até agora: 56 Geração: 13
Iteração: 0
Melhor até agora: 55 Geração: 17
Iteração: 0
Melhor até agora: 54 Geração: 41
Iteração: 0
Melhor até agora: 53 Geração: 43
Iteração: 0
Número de swaps entre camadas = 10
Largura da faixa = 32
Melhor altura = 53

Lower Bound 1 = 46
Lower Bound 2 = 32
Avaliação = 1.15217

Tempo de execução: 2s

---------------------------

Número de cromossomos: 30
Tamanho da população: 60
Fração elite: 0.3
Fração mutante: 0.7
Probabilidade herdar alelo elite: 0.6
Número de populações independentes: 2
Número de threads: 14
Trocar os melhores indivíduos a cada 100 gerações
Número máximo de gerações: 100

Número de cromossomos: 30
Tamanho da população: 60
Fração elite: 0.3
Fração mutante: 0.7
Probabilidade herdar alelo elite: 0.6
Número de populações independentes: 2
Número de threads: 14
Trocar os melhores indivíduos a cada 100 gerações
Número máximo de gerações: 100

Tamanho da população: 250
Fração elite: 0.15
Fração mutante: 0.2
Probabilidade herdar alelo elite: 0.55
Número de populações independentes: 3
Número de threads: 14
Trocar os melhores indivíduos a cada 40 gerações
Número máximo de gerações: 130
Número máximo de iterações sem melhora: 30
Melhor até agora: 66 Geração: 6
Iteração: 0
Melhor até agora: 64 Geração: 8
Iteração: 0
Melhor até agora: 58 Geração: 11
Iteração: 0
Melhor até agora: 56 Geração: 13
Iteração: 0
Melhor até agora: 54 Geração: 16
Iteração: 0
Melhor até agora: 53 Geração: 23
Iteração: 0
Número de swaps entre camadas = 10
Largura da faixa = 32
Melhor altura = 53

Lower Bound 1 = 46
Lower Bound 2 = 32
Avaliação = 1.15217

Tempo de execução: 1s

---------------------------

Número de cromossomos: 30
Tamanho da população: 60
Fração elite: 0.3
Fração mutante: 0.7
Probabilidade herdar alelo elite: 0.6
Número de populações independentes: 2
Número de threads: 14
Trocar os melhores indivíduos a cada 100 gerações
Número máximo de gerações: 100

Número de cromossomos: 30
Tamanho da população: 60
Fração elite: 0.3
Fração mutante: 0.7
Probabilidade herdar alelo elite: 0.6
Número de populações independentes: 2
Número de threads: 14
Trocar os melhores indivíduos a cada 100 gerações
Número máximo de gerações: 100

Tamanho da população: 250
Fração elite: 0.15
Fração mutante: 0.2
Probabilidade herdar alelo elite: 0.55
Número de populações independentes: 3
Número de threads: 14
Trocar os melhores indivíduos a cada 40 gerações
Número máximo de gerações: 130
Número máximo de iterações sem melhora: 30
Melhor até agora: 64 Geração: 4
Iteração: 0
Melhor até agora: 57 Geração: 7
Iteração: 0
Melhor até agora: 54 Geração: 9
Iteração: 0
Melhor até agora: 53 Geração: 18
Iteração: 0
Número de swaps entre camadas = 10
Largura da faixa = 32
Melhor altura = 53

Lower Bound 1 = 46
Lower Bound 2 = 32
Avaliação = 1.15217

Tempo de execução: 1s

---------------------------

Número de cromossomos: 30
Tamanho da população: 60
Fração elite: 0.3
Fração mutante: 0.7
Probabilidade herdar alelo elite: 0.6
Número de populações independentes: 2
Número de threads: 14
Trocar os melhores indivíduos a cada 100 gerações
Número máximo de gerações: 100

Número de cromossomos: 30
Tamanho da população: 60
Fração elite: 0.3
Fração mutante: 0.7
Probabilidade herdar alelo elite: 0.6
Número de populações independentes: 2
Número de threads: 14
Trocar os melhores indivíduos a cada 100 gerações
Número máximo de gerações: 100

Tamanho da população: 250
Fração elite: 0.15
Fração mutante: 0.2
Probabilidade herdar alelo elite: 0.55
Número de populações independentes: 3
Número de threads: 14
Trocar os melhores indivíduos a cada 40 gerações
Número máximo de gerações: 130
Número máximo de iterações sem melhora: 30
Melhor até agora: 62 Geração: 9
Iteração: 0
Melhor até agora: 56 Geração: 11
Iteração: 0
Melhor até agora: 54 Geração: 14
Iteração: 0
Número de swaps entre camadas = 10
Largura da faixa = 32
Melhor altura = 54

Lower Bound 1 = 46
Lower Bound 2 = 32
Avaliação = 1.17391

Tempo de execução: 1s

---------------------------

Número de cromossomos: 30
Tamanho da população: 60
Fração elite: 0.3
Fração mutante: 0.7
Probabilidade herdar alelo elite: 0.6
Número de populações independentes: 2
Número de threads: 14
Trocar os melhores indivíduos a cada 100 gerações
Número máximo de gerações: 100

Número de cromossomos: 30
Tamanho da população: 60
Fração elite: 0.3
Fração mutante: 0.7
Probabilidade herdar alelo elite: 0.6
Número de populações independentes: 2
Número de threads: 14
Trocar os melhores indivíduos a cada 100 gerações
Número máximo de gerações: 100

Tamanho da população: 250
Fração elite: 0.15
Fração mutante: 0.2
Probabilidade herdar alelo elite: 0.55
Número de populações independentes: 3
Número de threads: 14
Trocar os melhores indivíduos a cada 40 gerações
Número máximo de gerações: 130
Número máximo de iterações sem melhora: 30
Melhor até agora: 64 Geração: 8
Iteração: 0
Melhor até agora: 56 Geração: 10
Iteração: 0
Melhor até agora: 55 Geração: 11
Iteração: 0
Melhor até agora: 54 Geração: 13
Iteração: 0
Número de swaps entre camadas = 10
Largura da faixa = 32
Melhor altura = 54

Lower Bound 1 = 46
Lower Bound 2 = 32
Avaliação = 1.17391

Tempo de execução: 1s

---------------------------

Número de cromossomos: 30
Tamanho da população: 60
Fração elite: 0.3
Fração mutante: 0.7
Probabilidade herdar alelo elite: 0.6
Número de populações independentes: 2
Número de threads: 14
Trocar os melhores indivíduos a cada 100 gerações
Número máximo de gerações: 100

Número de cromossomos: 30
Tamanho da população: 60
Fração elite: 0.3
Fração mutante: 0.7
Probabilidade herdar alelo elite: 0.6
Número de populações independentes: 2
Número de threads: 14
Trocar os melhores indivíduos a cada 100 gerações
Número máximo de gerações: 100

Tamanho da população: 250
Fração elite: 0.15
Fração mutante: 0.2
Probabilidade herdar alelo elite: 0.55
Número de populações independentes: 3
Número de threads: 14
Trocar os melhores indivíduos a cada 40 gerações
Número máximo de gerações: 130
Número máximo de iterações sem melhora: 30
Melhor até agora: 64 Geração: 6
Iteração: 0
Melhor até agora: 57 Geração: 10
Iteração: 0
Melhor até agora: 56 Geração: 11
Iteração: 0
Melhor até agora: 55 Geração: 12
Iteração: 0
Melhor até agora: 54 Geração: 16
Iteração: 0
Número de swaps entre camadas = 10
Largura da faixa = 32
Melhor altura = 54

Lower Bound 1 = 46
Lower Bound 2 = 32
Avaliação = 1.17391

Tempo de execução: 2s

---------------------------

Número de cromossomos: 30
Tamanho da população: 60
Fração elite: 0.3
Fração mutante: 0.7
Probabilidade herdar alelo elite: 0.6
Número de populações independentes: 2
Número de threads: 14
Trocar os melhores indivíduos a cada 100 gerações
Número máximo de gerações: 100

Número de cromossomos: 30
Tamanho da população: 60
Fração elite: 0.3
Fração mutante: 0.7
Probabilidade herdar alelo elite: 0.6
Número de populações independentes: 2
Número de threads: 14
Trocar os melhores indivíduos a cada 100 gerações
Número máximo de gerações: 100

Tamanho da população: 250
Fração elite: 0.15
Fração mutante: 0.2
Probabilidade herdar alelo elite: 0.55
Número de populações independentes: 3
Número de threads: 14
Trocar os melhores indivíduos a cada 40 gerações
Número máximo de gerações: 130
Número máximo de iterações sem melhora: 30
Melhor até agora: 66 Geração: 9
Iteração: 0
Melhor até agora: 57 Geração: 11
Iteração: 0
Melhor até agora: 56 Geração: 13
Iteração: 0
Melhor até agora: 55 Geração: 17
Iteração: 0
Melhor até agora: 54 Geração: 18
Iteração: 0
Número de swaps entre camadas = 10
Largura da faixa = 32
Melhor altura = 54

Lower Bound 1 = 46
Lower Bound 2 = 32
Avaliação = 1.17391

Tempo de execução: 1s

---------------------------

Número de cromossomos: 30
Tamanho da população: 60
Fração elite: 0.3
Fração mutante: 0.7
Probabilidade herdar alelo elite: 0.6
Número de populações independentes: 2
Número de threads: 14
Trocar os melhores indivíduos a cada 100 gerações
Número máximo de gerações: 100

Número de cromossomos: 30
Tamanho da população: 60
Fração elite: 0.3
Fração mutante: 0.7
Probabilidade herdar alelo elite: 0.6
Número de populações independentes: 2
Número de threads: 14
Trocar os melhores indivíduos a cada 100 gerações
Número máximo de gerações: 100

Tamanho da população: 250
Fração elite: 0.15
Fração mutante: 0.2
Probabilidade herdar alelo elite: 0.55
Número de populações independentes: 3
Número de threads: 14
Trocar os melhores indivíduos a cada 40 gerações
Número máximo de gerações: 130
Número máximo de iterações sem melhora: 30
Melhor até agora: 64 Geração: 0
Iteração: 0
Melhor até agora: 63 Geração: 8
Iteração: 0
Melhor até agora: 55 Geração: 12
Iteração: 0
Melhor até agora: 54 Geração: 24
Iteração: 0
Número de swaps entre camadas = 10
Largura da faixa = 32
Melhor altura = 54

Lower Bound 1 = 46
Lower Bound 2 = 32
Avaliação = 1.17391

Tempo de execução: 1s

---------------------------

Número de cromossomos: 30
Tamanho da população: 60
Fração elite: 0.3
Fração mutante: 0.7
Probabilidade herdar alelo elite: 0.6
Número de populações independentes: 2
Número de threads: 14
Trocar os melhores indivíduos a cada 100 gerações
Número máximo de gerações: 100

Número de cromossomos: 30
Tamanho da população: 60
Fração elite: 0.3
Fração mutante: 0.7
Probabilidade herdar alelo elite: 0.6
Número de populações independentes: 2
Número de threads: 14
Trocar os melhores indivíduos a cada 100 gerações
Número máximo de gerações: 100

Tamanho da população: 250
Fração elite: 0.15
Fração mutante: 0.2
Probabilidade herdar alelo elite: 0.55
Número de populações independentes: 3
Número de threads: 14
Trocar os melhores indivíduos a cada 40 gerações
Número máximo de gerações: 130
Número máximo de iterações sem melhora: 30
Melhor até agora: 64 Geração: 7
Iteração: 0
Melhor até agora: 60 Geração: 13
Iteração: 0
Melhor até agora: 56 Geração: 14
Iteração: 0
Melhor até agora: 55 Geração: 19
Iteração: 0
Melhor até agora: 54 Geração: 21
Iteração: 0
Número de swaps entre camadas = 10
Largura da faixa = 32
Melhor altura = 54

Lower Bound 1 = 46
Lower Bound 2 = 32
Avaliação = 1.17391

Tempo de execução: 1s

---------------------------

Número de cromossomos: 30
Tamanho da população: 60
Fração elite: 0.3
Fração mutante: 0.7
Probabilidade herdar alelo elite: 0.6
Número de populações independentes: 2
Número de threads: 14
Trocar os melhores indivíduos a cada 100 gerações
Número máximo de gerações: 100

Número de cromossomos: 30
Tamanho da população: 60
Fração elite: 0.3
Fração mutante: 0.7
Probabilidade herdar alelo elite: 0.6
Número de populações independentes: 2
Número de threads: 14
Trocar os melhores indivíduos a cada 100 gerações
Número máximo de gerações: 100

Tamanho da população: 250
Fração elite: 0.15
Fração mutante: 0.2
Probabilidade herdar alelo elite: 0.55
Número de populações independentes: 3
Número de threads: 14
Trocar os melhores indivíduos a cada 40 gerações
Número máximo de gerações: 130
Número máximo de iterações sem melhora: 30
Melhor até agora: 59 Geração: 6
Iteração: 0
Melhor até agora: 58 Geração: 13
Iteração: 0
Melhor até agora: 56 Geração: 15
Iteração: 0
Melhor até agora: 54 Geração: 20
Iteração: 0
Melhor até agora: 53 Geração: 27
Iteração: 0
Melhor até agora: 52 Geração: 30
Iteração: 0
Número de swaps entre camadas = 10
Largura da faixa = 32
Melhor altura = 52

Lower Bound 1 = 46
Lower Bound 2 = 32
Avaliação = 1.13043

Tempo de execução: 1s

---------------------------

Número de cromossomos: 30
Tamanho da população: 60
Fração elite: 0.3
Fração mutante: 0.7
Probabilidade herdar alelo elite: 0.6
Número de populações independentes: 2
Número de threads: 14
Trocar os melhores indivíduos a cada 100 gerações
Número máximo de gerações: 100

Número de cromossomos: 30
Tamanho da população: 60
Fração elite: 0.3
Fração mutante: 0.7
Probabilidade herdar alelo elite: 0.6
Número de populações independentes: 2
Número de threads: 14
Trocar os melhores indivíduos a cada 100 gerações
Número máximo de gerações: 100

Tamanho da população: 250
Fração elite: 0.15
Fração mutante: 0.2
Probabilidade herdar alelo elite: 0.55
Número de populações independentes: 3
Número de threads: 14
Trocar os melhores indivíduos a cada 40 gerações
Número máximo de gerações: 130
Número máximo de iterações sem melhora: 50
Melhor até agora: 66 Geração: 6
Iteração: 0
Melhor até agora: 65 Geração: 7
Iteração: 0
Melhor até agora: 64 Geração: 9
Iteração: 0
Melhor até agora: 57 Geração: 10
Iteração: 0
Melhor até agora: 56 Geração: 12
Iteração: 0
Melhor até agora: 55 Geração: 17
Iteração: 0
Melhor até agora: 54 Geração: 22
Iteração: 0
Melhor até agora: 53 Geração: 40
Iteração: 0
Número de swaps entre camadas = 0
Largura da faixa = 32
Melhor altura = 53

Lower Bound 1 = 46
Lower Bound 2 = 32
Avaliação = 1.15217

Tempo de execução: 2s

---------------------------

Número de cromossomos: 30
Tamanho da população: 60
Fração elite: 0.3
Fração mutante: 0.7
Probabilidade herdar alelo elite: 0.6
Número de populações independentes: 2
Número de threads: 14
Trocar os melhores indivíduos a cada 100 gerações
Número máximo de gerações: 100

Número de cromossomos: 30
Tamanho da população: 60
Fração elite: 0.3
Fração mutante: 0.7
Probabilidade herdar alelo elite: 0.6
Número de populações independentes: 2
Número de threads: 14
Trocar os melhores indivíduos a cada 100 gerações
Número máximo de gerações: 100

Tamanho da população: 250
Fração elite: 0.15
Fração mutante: 0.2
Probabilidade herdar alelo elite: 0.55
Número de populações independentes: 3
Número de threads: 14
Trocar os melhores indivíduos a cada 40 gerações
Número máximo de gerações: 130
Número máximo de iterações sem melhora: 50
Melhor até agora: 67 Geração: 3
Iteração: 0
Melhor até agora: 57 Geração: 5
Iteração: 0
Melhor até agora: 54 Geração: 11
Iteração: 0
Melhor até agora: 53 Geração: 13
Iteração: 0
Número de swaps entre camadas = 0
Largura da faixa = 32
Melhor altura = 53

Lower Bound 1 = 46
Lower Bound 2 = 32
Avaliação = 1.15217

Tempo de execução: 1s

---------------------------

Número de cromossomos: 30
Tamanho da população: 60
Fração elite: 0.3
Fração mutante: 0.7
Probabilidade herdar alelo elite: 0.6
Número de populações independentes: 2
Número de threads: 14
Trocar os melhores indivíduos a cada 100 gerações
Número máximo de gerações: 100

Número de cromossomos: 30
Tamanho da população: 60
Fração elite: 0.3
Fração mutante: 0.7
Probabilidade herdar alelo elite: 0.6
Número de populações independentes: 2
Número de threads: 14
Trocar os melhores indivíduos a cada 100 gerações
Número máximo de gerações: 100

Tamanho da população: 250
Fração elite: 0.15
Fração mutante: 0.2
Probabilidade herdar alelo elite: 0.55
Número de populações independentes: 3
Número de threads: 14
Trocar os melhores indivíduos a cada 40 gerações
Número máximo de gerações: 130
Número máximo de iterações sem melhora: 50
Melhor até agora: 64 Geração: 9
Iteração: 0
Melhor até agora: 55 Geração: 12
Iteração: 0
Melhor até agora: 54 Geração: 24
Iteração: 0
Melhor até agora: 53 Geração: 48
Iteração: 0
Melhor até agora: 52 Geração: 58
Iteração: 0
Número de swaps entre camadas = 0
Largura da faixa = 32
Melhor altura = 52

Lower Bound 1 = 46
Lower Bound 2 = 32
Avaliação = 1.13043

Tempo de execução: 2s

---------------------------

Número de cromossomos: 30
Tamanho da população: 60
Fração elite: 0.3
Fração mutante: 0.7
Probabilidade herdar alelo elite: 0.6
Número de populações independentes: 2
Número de threads: 14
Trocar os melhores indivíduos a cada 100 gerações
Número máximo de gerações: 100

Número de cromossomos: 30
Tamanho da população: 60
Fração elite: 0.3
Fração mutante: 0.7
Probabilidade herdar alelo elite: 0.6
Número de populações independentes: 2
Número de threads: 14
Trocar os melhores indivíduos a cada 100 gerações
Número máximo de gerações: 100

Tamanho da população: 250
Fração elite: 0.15
Fração mutante: 0.2
Probabilidade herdar alelo elite: 0.55
Número de populações independentes: 3
Número de threads: 14
Trocar os melhores indivíduos a cada 40 gerações
Número máximo de gerações: 130
Número máximo de iterações sem melhora: 50
Melhor até agora: 64 Geração: 4
Iteração: 0
Melhor até agora: 58 Geração: 10
Iteração: 0
Melhor até agora: 55 Geração: 13
Iteração: 0
Melhor até agora: 54 Geração: 16
Iteração: 0
Melhor até agora: 53 Geração: 28
Iteração: 0
Número de swaps entre camadas = 0
Largura da faixa = 32
Melhor altura = 53

Lower Bound 1 = 46
Lower Bound 2 = 32
Avaliação = 1.15217

Tempo de execução: 1s

---------------------------

Número de cromossomos: 30
Tamanho da população: 60
Fração elite: 0.3
Fração mutante: 0.7
Probabilidade herdar alelo elite: 0.6
Número de populações independentes: 2
Número de threads: 14
Trocar os melhores indivíduos a cada 100 gerações
Número máximo de gerações: 100

Número de cromossomos: 30
Tamanho da população: 60
Fração elite: 0.3
Fração mutante: 0.7
Probabilidade herdar alelo elite: 0.6
Número de populações independentes: 2
Número de threads: 14
Trocar os melhores indivíduos a cada 100 gerações
Número máximo de gerações: 100

Tamanho da população: 250
Fração elite: 0.15
Fração mutante: 0.2
Probabilidade herdar alelo elite: 0.55
Número de populações independentes: 3
Número de threads: 14
Trocar os melhores indivíduos a cada 40 gerações
Número máximo de gerações: 130
Número máximo de iterações sem melhora: 50
Melhor até agora: 66 Geração: 0
Iteração: 0
Melhor até agora: 64 Geração: 9
Iteração: 0
Melhor até agora: 58 Geração: 11
Iteração: 0
Melhor até agora: 57 Geração: 14
Iteração: 0
Melhor até agora: 55 Geração: 17
Iteração: 0
Melhor até agora: 53 Geração: 23
Iteração: 0
Melhor até agora: 52 Geração: 28
Iteração: 0
Número de swaps entre camadas = 0
Largura da faixa = 32
Melhor altura = 52

Lower Bound 1 = 46
Lower Bound 2 = 32
Avaliação = 1.13043

Tempo de execução: 1s

---------------------------

Número de cromossomos: 30
Tamanho da população: 60
Fração elite: 0.3
Fração mutante: 0.7
Probabilidade herdar alelo elite: 0.6
Número de populações independentes: 2
Número de threads: 14
Trocar os melhores indivíduos a cada 100 gerações
Número máximo de gerações: 100

Número de cromossomos: 30
Tamanho da população: 60
Fração elite: 0.3
Fração mutante: 0.7
Probabilidade herdar alelo elite: 0.6
Número de populações independentes: 2
Número de threads: 14
Trocar os melhores indivíduos a cada 100 gerações
Número máximo de gerações: 100

Tamanho da população: 250
Fração elite: 0.15
Fração mutante: 0.2
Probabilidade herdar alelo elite: 0.55
Número de populações independentes: 3
Número de threads: 14
Trocar os melhores indivíduos a cada 40 gerações
Número máximo de gerações: 130
Número máximo de iterações sem melhora: 50
Melhor até agora: 56 Geração: 8
Iteração: 0
Melhor até agora: 55 Geração: 16
Iteração: 0
Melhor até agora: 54 Geração: 19
Iteração: 0
Melhor até agora: 53 Geração: 46
Iteração: 0
Melhor até agora: 52 Geração: 81
Iteração: 0
Número de swaps entre camadas = 0
Largura da faixa = 32
Melhor altura = 52

Lower Bound 1 = 46
Lower Bound 2 = 32
Avaliação = 1.13043

Tempo de execução: 2s

---------------------------

Número de cromossomos: 30
Tamanho da população: 60
Fração elite: 0.3
Fração mutante: 0.7
Probabilidade herdar alelo elite: 0.6
Número de populações independentes: 2
Número de threads: 14
Trocar os melhores indivíduos a cada 100 gerações
Número máximo de gerações: 100

Número de cromossomos: 30
Tamanho da população: 60
Fração elite: 0.3
Fração mutante: 0.7
Probabilidade herdar alelo elite: 0.6
Número de populações independentes: 2
Número de threads: 14
Trocar os melhores indivíduos a cada 100 gerações
Número máximo de gerações: 100

Tamanho da população: 250
Fração elite: 0.15
Fração mutante: 0.2
Probabilidade herdar alelo elite: 0.55
Número de populações independentes: 3
Número de threads: 14
Trocar os melhores indivíduos a cada 40 gerações
Número máximo de gerações: 130
Número máximo de iterações sem melhora: 50
Melhor até agora: 64 Geração: 8
Iteração: 0
Melhor até agora: 59 Geração: 10
Iteração: 0
Melhor até agora: 57 Geração: 11
Iteração: 0
Melhor até agora: 55 Geração: 12
Iteração: 0
Melhor até agora: 54 Geração: 20
Iteração: 0
Número de swaps entre camadas = 0
Largura da faixa = 32
Melhor altura = 54

Lower Bound 1 = 46
Lower Bound 2 = 32
Avaliação = 1.17391

Tempo de execução: 1s

---------------------------

Número de cromossomos: 30
Tamanho da população: 60
Fração elite: 0.3
Fração mutante: 0.7
Probabilidade herdar alelo elite: 0.6
Número de populações independentes: 2
Número de threads: 14
Trocar os melhores indivíduos a cada 100 gerações
Número máximo de gerações: 100

Número de cromossomos: 30
Tamanho da população: 60
Fração elite: 0.3
Fração mutante: 0.7
Probabilidade herdar alelo elite: 0.6
Número de populações independentes: 2
Número de threads: 14
Trocar os melhores indivíduos a cada 100 gerações
Número máximo de gerações: 100

Tamanho da população: 250
Fração elite: 0.15
Fração mutante: 0.2
Probabilidade herdar alelo elite: 0.55
Número de populações independentes: 3
Número de threads: 14
Trocar os melhores indivíduos a cada 40 gerações
Número máximo de gerações: 130
Número máximo de iterações sem melhora: 50
Melhor até agora: 64 Geração: 7
Iteração: 0
Melhor até agora: 58 Geração: 8
Iteração: 0
Melhor até agora: 55 Geração: 12
Iteração: 0
Melhor até agora: 54 Geração: 19
Iteração: 0
Número de swaps entre camadas = 0
Largura da faixa = 32
Melhor altura = 54

Lower Bound 1 = 46
Lower Bound 2 = 32
Avaliação = 1.17391

Tempo de execução: 1s

---------------------------

Número de cromossomos: 30
Tamanho da população: 60
Fração elite: 0.3
Fração mutante: 0.7
Probabilidade herdar alelo elite: 0.6
Número de populações independentes: 2
Número de threads: 14
Trocar os melhores indivíduos a cada 100 gerações
Número máximo de gerações: 100

Número de cromossomos: 30
Tamanho da população: 60
Fração elite: 0.3
Fração mutante: 0.7
Probabilidade herdar alelo elite: 0.6
Número de populações independentes: 2
Número de threads: 14
Trocar os melhores indivíduos a cada 100 gerações
Número máximo de gerações: 100

Tamanho da população: 250
Fração elite: 0.15
Fração mutante: 0.2
Probabilidade herdar alelo elite: 0.55
Número de populações independentes: 3
Número de threads: 14
Trocar os melhores indivíduos a cada 40 gerações
Número máximo de gerações: 130
Número máximo de iterações sem melhora: 50
Melhor até agora: 67 Geração: 9
Iteração: 0
Melhor até agora: 62 Geração: 10
Iteração: 0
Melhor até agora: 58 Geração: 13
Iteração: 0
Melhor até agora: 55 Geração: 14
Iteração: 0
Melhor até agora: 54 Geração: 21
Iteração: 0
Melhor até agora: 53 Geração: 56
Iteração: 0
Número de swaps entre camadas = 0
Largura da faixa = 32
Melhor altura = 53

Lower Bound 1 = 46
Lower Bound 2 = 32
Avaliação = 1.15217

Tempo de execução: 2s

---------------------------

Número de cromossomos: 30
Tamanho da população: 60
Fração elite: 0.3
Fração mutante: 0.7
Probabilidade herdar alelo elite: 0.6
Número de populações independentes: 2
Número de threads: 14
Trocar os melhores indivíduos a cada 100 gerações
Número máximo de gerações: 100

Número de cromossomos: 30
Tamanho da população: 60
Fração elite: 0.3
Fração mutante: 0.7
Probabilidade herdar alelo elite: 0.6
Número de populações independentes: 2
Número de threads: 14
Trocar os melhores indivíduos a cada 100 gerações
Número máximo de gerações: 100

Tamanho da população: 250
Fração elite: 0.15
Fração mutante: 0.2
Probabilidade herdar alelo elite: 0.55
Número de populações independentes: 3
Número de threads: 14
Trocar os melhores indivíduos a cada 40 gerações
Número máximo de gerações: 130
Número máximo de iterações sem melhora: 50
Melhor até agora: 65 Geração: 8
Iteração: 0
Melhor até agora: 57 Geração: 10
Iteração: 0
Melhor até agora: 56 Geração: 12
Iteração: 0
Melhor até agora: 55 Geração: 15
Iteração: 0
Melhor até agora: 54 Geração: 17
Iteração: 0
Melhor até agora: 53 Geração: 29
Iteração: 0
Número de swaps entre camadas = 0
Largura da faixa = 32
Melhor altura = 53

Lower Bound 1 = 46
Lower Bound 2 = 32
Avaliação = 1.15217

Tempo de execução: 1s

---------------------------

Número de cromossomos: 30
Tamanho da população: 60
Fração elite: 0.3
Fração mutante: 0.7
Probabilidade herdar alelo elite: 0.6
Número de populações independentes: 2
Número de threads: 14
Trocar os melhores indivíduos a cada 100 gerações
Número máximo de gerações: 100

Número de cromossomos: 30
Tamanho da população: 60
Fração elite: 0.3
Fração mutante: 0.7
Probabilidade herdar alelo elite: 0.6
Número de populações independentes: 2
Número de threads: 14
Trocar os melhores indivíduos a cada 100 gerações
Número máximo de gerações: 100

Tamanho da população: 250
Fração elite: 0.15
Fração mutante: 0.2
Probabilidade herdar alelo elite: 0.55
Número de populações independentes: 3
Número de threads: 14
Trocar os melhores indivíduos a cada 40 gerações
Número máximo de gerações: 130
Número máximo de iterações sem melhora: 50
Melhor até agora: 65 Geração: 6
Iteração: 0
Melhor até agora: 64 Geração: 7
Iteração: 0
Melhor até agora: 58 Geração: 13
Iteração: 0
Melhor até agora: 57 Geração: 15
Iteração: 0
Melhor até agora: 55 Geração: 16
Iteração: 0
Melhor até agora: 54 Geração: 55
Iteração: 0
Número de swaps entre camadas = 0
Largura da faixa = 32
Melhor altura = 54

Lower Bound 1 = 46
Lower Bound 2 = 32
Avaliação = 1.17391

Tempo de execução: 2s

---------------------------

Número de cromossomos: 30
Tamanho da população: 60
Fração elite: 0.3
Fração mutante: 0.7
Probabilidade herdar alelo elite: 0.6
Número de populações independentes: 2
Número de threads: 14
Trocar os melhores indivíduos a cada 100 gerações
Número máximo de gerações: 100

Número de cromossomos: 30
Tamanho da população: 60
Fração elite: 0.3
Fração mutante: 0.7
Probabilidade herdar alelo elite: 0.6
Número de populações independentes: 2
Número de threads: 14
Trocar os melhores indivíduos a cada 100 gerações
Número máximo de gerações: 100

Tamanho da população: 250
Fração elite: 0.15
Fração mutante: 0.2
Probabilidade herdar alelo elite: 0.55
Número de populações independentes: 3
Número de threads: 14
Trocar os melhores indivíduos a cada 40 gerações
Número máximo de gerações: 130
Número máximo de iterações sem melhora: 50
Melhor até agora: 67 Geração: 5
Iteração: 0
Melhor até agora: 64 Geração: 6
Iteração: 0
Melhor até agora: 60 Geração: 9
Iteração: 0
Melhor até agora: 57 Geração: 10
Iteração: 0
Melhor até agora: 55 Geração: 18
Iteração: 0
Número de swaps entre camadas = 0
Largura da faixa = 32
Melhor altura = 55

Lower Bound 1 = 46
Lower Bound 2 = 32
Avaliação = 1.19565

Tempo de execução: 1s

---------------------------

Número de cromossomos: 30
Tamanho da população: 60
Fração elite: 0.3
Fração mutante: 0.7
Probabilidade herdar alelo elite: 0.6
Número de populações independentes: 2
Número de threads: 14
Trocar os melhores indivíduos a cada 100 gerações
Número máximo de gerações: 100

Número de cromossomos: 30
Tamanho da população: 60
Fração elite: 0.3
Fração mutante: 0.7
Probabilidade herdar alelo elite: 0.6
Número de populações independentes: 2
Número de threads: 14
Trocar os melhores indivíduos a cada 100 gerações
Número máximo de gerações: 100

Tamanho da população: 250
Fração elite: 0.15
Fração mutante: 0.2
Probabilidade herdar alelo elite: 0.55
Número de populações independentes: 3
Número de threads: 14
Trocar os melhores indivíduos a cada 40 gerações
Número máximo de gerações: 130
Número máximo de iterações sem melhora: 50
Melhor até agora: 67 Geração: 8
Iteração: 0
Melhor até agora: 64 Geração: 9
Iteração: 0
Melhor até agora: 61 Geração: 10
Iteração: 0
Melhor até agora: 58 Geração: 11
Iteração: 0
Melhor até agora: 55 Geração: 13
Iteração: 0
Melhor até agora: 54 Geração: 18
Iteração: 0
Melhor até agora: 52 Geração: 56
Iteração: 0
Número de swaps entre camadas = 0
Largura da faixa = 32
Melhor altura = 52

Lower Bound 1 = 46
Lower Bound 2 = 32
Avaliação = 1.13043

Tempo de execução: 2s

---------------------------

Número de cromossomos: 30
Tamanho da população: 60
Fração elite: 0.3
Fração mutante: 0.7
Probabilidade herdar alelo elite: 0.6
Número de populações independentes: 2
Número de threads: 14
Trocar os melhores indivíduos a cada 100 gerações
Número máximo de gerações: 100

Número de cromossomos: 30
Tamanho da população: 60
Fração elite: 0.3
Fração mutante: 0.7
Probabilidade herdar alelo elite: 0.6
Número de populações independentes: 2
Número de threads: 14
Trocar os melhores indivíduos a cada 100 gerações
Número máximo de gerações: 100

Tamanho da população: 250
Fração elite: 0.15
Fração mutante: 0.2
Probabilidade herdar alelo elite: 0.55
Número de populações independentes: 3
Número de threads: 14
Trocar os melhores indivíduos a cada 40 gerações
Número máximo de gerações: 130
Número máximo de iterações sem melhora: 50
Melhor até agora: 66 Geração: 0
Iteração: 0
Melhor até agora: 64 Geração: 5
Iteração: 0
Melhor até agora: 59 Geração: 8
Iteração: 0
Melhor até agora: 55 Geração: 9
Iteração: 0
Melhor até agora: 54 Geração: 13
Iteração: 0
Melhor até agora: 53 Geração: 30
Iteração: 0
Número de swaps entre camadas = 0
Largura da faixa = 32
Melhor altura = 53

Lower Bound 1 = 46
Lower Bound 2 = 32
Avaliação = 1.15217

Tempo de execução: 1s

---------------------------

Número de cromossomos: 30
Tamanho da população: 60
Fração elite: 0.3
Fração mutante: 0.7
Probabilidade herdar alelo elite: 0.6
Número de populações independentes: 2
Número de threads: 14
Trocar os melhores indivíduos a cada 100 gerações
Número máximo de gerações: 100

Número de cromossomos: 30
Tamanho da população: 60
Fração elite: 0.3
Fração mutante: 0.7
Probabilidade herdar alelo elite: 0.6
Número de populações independentes: 2
Número de threads: 14
Trocar os melhores indivíduos a cada 100 gerações
Número máximo de gerações: 100

Tamanho da população: 250
Fração elite: 0.15
Fração mutante: 0.2
Probabilidade herdar alelo elite: 0.55
Número de populações independentes: 3
Número de threads: 14
Trocar os melhores indivíduos a cada 40 gerações
Número máximo de gerações: 130
Número máximo de iterações sem melhora: 50
Melhor até agora: 63 Geração: 0
Iteração: 0
Melhor até agora: 60 Geração: 8
Iteração: 0
Melhor até agora: 59 Geração: 13
Iteração: 0
Melhor até agora: 58 Geração: 14
Iteração: 0
Melhor até agora: 56 Geração: 15
Iteração: 0
Melhor até agora: 54 Geração: 18
Iteração: 0
Melhor até agora: 52 Geração: 31
Iteração: 0
Número de swaps entre camadas = 0
Largura da faixa = 32
Melhor altura = 52

Lower Bound 1 = 46
Lower Bound 2 = 32
Avaliação = 1.13043

Tempo de execução: 1s

---------------------------

Número de cromossomos: 30
Tamanho da população: 60
Fração elite: 0.3
Fração mutante: 0.7
Probabilidade herdar alelo elite: 0.6
Número de populações independentes: 2
Número de threads: 14
Trocar os melhores indivíduos a cada 100 gerações
Número máximo de gerações: 100

Número de cromossomos: 30
Tamanho da população: 60
Fração elite: 0.3
Fração mutante: 0.7
Probabilidade herdar alelo elite: 0.6
Número de populações independentes: 2
Número de threads: 14
Trocar os melhores indivíduos a cada 100 gerações
Número máximo de gerações: 100

Tamanho da população: 250
Fração elite: 0.15
Fração mutante: 0.2
Probabilidade herdar alelo elite: 0.55
Número de populações independentes: 3
Número de threads: 14
Trocar os melhores indivíduos a cada 40 gerações
Número máximo de gerações: 130
Número máximo de iterações sem melhora: 50
Melhor até agora: 65 Geração: 0
Iteração: 0
Melhor até agora: 64 Geração: 8
Iteração: 0
Melhor até agora: 60 Geração: 14
Iteração: 0
Melhor até agora: 56 Geração: 16
Iteração: 0
Melhor até agora: 54 Geração: 18
Iteração: 0
Melhor até agora: 53 Geração: 40
Iteração: 0
Número de swaps entre camadas = 0
Largura da faixa = 32
Melhor altura = 53

Lower Bound 1 = 46
Lower Bound 2 = 32
Avaliação = 1.15217

Tempo de execução: 2s

---------------------------

Número de cromossomos: 30
Tamanho da população: 60
Fração elite: 0.3
Fração mutante: 0.7
Probabilidade herdar alelo elite: 0.6
Número de populações independentes: 2
Número de threads: 14
Trocar os melhores indivíduos a cada 100 gerações
Número máximo de gerações: 100

Número de cromossomos: 30
Tamanho da população: 60
Fração elite: 0.3
Fração mutante: 0.7
Probabilidade herdar alelo elite: 0.6
Número de populações independentes: 2
Número de threads: 14
Trocar os melhores indivíduos a cada 100 gerações
Número máximo de gerações: 100

Tamanho da população: 250
Fração elite: 0.15
Fração mutante: 0.2
Probabilidade herdar alelo elite: 0.55
Número de populações independentes: 3
Número de threads: 14
Trocar os melhores indivíduos a cada 40 gerações
Número máximo de gerações: 130
Número máximo de iterações sem melhora: 50
Melhor até agora: 64 Geração: 8
Iteração: 0
Melhor até agora: 62 Geração: 10
Iteração: 0
Melhor até agora: 54 Geração: 12
Iteração: 0
Melhor até agora: 53 Geração: 25
Iteração: 0
Número de swaps entre camadas = 0
Largura da faixa = 32
Melhor altura = 53

Lower Bound 1 = 46
Lower Bound 2 = 32
Avaliação = 1.15217

Tempo de execução: 1s

---------------------------

Número de cromossomos: 30
Tamanho da população: 60
Fração elite: 0.3
Fração mutante: 0.7
Probabilidade herdar alelo elite: 0.6
Número de populações independentes: 2
Número de threads: 14
Trocar os melhores indivíduos a cada 100 gerações
Número máximo de gerações: 100

Número de cromossomos: 30
Tamanho da população: 60
Fração elite: 0.3
Fração mutante: 0.7
Probabilidade herdar alelo elite: 0.6
Número de populações independentes: 2
Número de threads: 14
Trocar os melhores indivíduos a cada 100 gerações
Número máximo de gerações: 100

Tamanho da população: 250
Fração elite: 0.15
Fração mutante: 0.2
Probabilidade herdar alelo elite: 0.55
Número de populações independentes: 3
Número de threads: 14
Trocar os melhores indivíduos a cada 40 gerações
Número máximo de gerações: 130
Número máximo de iterações sem melhora: 50
Melhor até agora: 61 Geração: 6
Iteração: 0
Melhor até agora: 59 Geração: 11
Iteração: 0
Melhor até agora: 58 Geração: 13
Iteração: 0
Melhor até agora: 55 Geração: 14
Iteração: 0
Melhor até agora: 54 Geração: 31
Iteração: 0
Melhor até agora: 53 Geração: 42
Iteração: 0
Melhor até agora: 52 Geração: 71
Iteração: 0
Número de swaps entre camadas = 0
Largura da faixa = 32
Melhor altura = 52

Lower Bound 1 = 46
Lower Bound 2 = 32
Avaliação = 1.13043

Tempo de execução: 2s

---------------------------

Número de cromossomos: 30
Tamanho da população: 60
Fração elite: 0.3
Fração mutante: 0.7
Probabilidade herdar alelo elite: 0.6
Número de populações independentes: 2
Número de threads: 14
Trocar os melhores indivíduos a cada 100 gerações
Número máximo de gerações: 100

Número de cromossomos: 30
Tamanho da população: 60
Fração elite: 0.3
Fração mutante: 0.7
Probabilidade herdar alelo elite: 0.6
Número de populações independentes: 2
Número de threads: 14
Trocar os melhores indivíduos a cada 100 gerações
Número máximo de gerações: 100

Tamanho da população: 250
Fração elite: 0.15
Fração mutante: 0.2
Probabilidade herdar alelo elite: 0.55
Número de populações independentes: 3
Número de threads: 14
Trocar os melhores indivíduos a cada 40 gerações
Número máximo de gerações: 130
Número máximo de iterações sem melhora: 50
Melhor até agora: 57 Geração: 8
Iteração: 0
Melhor até agora: 56 Geração: 13
Iteração: 0
Melhor até agora: 55 Geração: 15
Iteração: 0
Melhor até agora: 53 Geração: 21
Iteração: 0
Melhor até agora: 52 Geração: 26
Iteração: 0
Número de swaps entre camadas = 0
Largura da faixa = 32
Melhor altura = 52

Lower Bound 1 = 46
Lower Bound 2 = 32
Avaliação = 1.13043

Tempo de execução: 1s

---------------------------

Número de cromossomos: 30
Tamanho da população: 60
Fração elite: 0.3
Fração mutante: 0.7
Probabilidade herdar alelo elite: 0.6
Número de populações independentes: 2
Número de threads: 14
Trocar os melhores indivíduos a cada 100 gerações
Número máximo de gerações: 100

Número de cromossomos: 30
Tamanho da população: 60
Fração elite: 0.3
Fração mutante: 0.7
Probabilidade herdar alelo elite: 0.6
Número de populações independentes: 2
Número de threads: 14
Trocar os melhores indivíduos a cada 100 gerações
Número máximo de gerações: 100

Tamanho da população: 250
Fração elite: 0.15
Fração mutante: 0.2
Probabilidade herdar alelo elite: 0.55
Número de populações independentes: 3
Número de threads: 14
Trocar os melhores indivíduos a cada 40 gerações
Número máximo de gerações: 130
Número máximo de iterações sem melhora: 50
Melhor até agora: 64 Geração: 6
Iteração: 0
Melhor até agora: 58 Geração: 8
Iteração: 0
Melhor até agora: 57 Geração: 10
Iteração: 0
Melhor até agora: 55 Geração: 11
Iteração: 0
Melhor até agora: 54 Geração: 15
Iteração: 0
Melhor até agora: 53 Geração: 23
Iteração: 0
Melhor até agora: 52 Geração: 32
Iteração: 0
Número de swaps entre camadas = 0
Largura da faixa = 32
Melhor altura = 52

Lower Bound 1 = 46
Lower Bound 2 = 32
Avaliação = 1.13043

Tempo de execução: 1s

---------------------------

Tamanho da população: 300
Fração elite: 0.15
Fração mutante: 0.2
Probabilidade herdar alelo elite: 0.7
Número de populações independentes: 2
Número de threads: 16
Trocar os melhores indivíduos a cada 30 gerações
Número máximo de gerações: 300
Número máximo de iterações sem melhora: 40
Largura da faixa = 32
Melhor altura = 53

Lower Bound 1 = 46
Lower Bound 2 = 32
Avaliação = 1.15217

Tempo de execução: 2s

---------------------------

Tamanho da população: 300
Fração elite: 0.15
Fração mutante: 0.2
Probabilidade herdar alelo elite: 0.7
Número de populações independentes: 2
Número de threads: 16
Trocar os melhores indivíduos a cada 30 gerações
Número máximo de gerações: 300
Número máximo de iterações sem melhora: 40
Largura da faixa = 32
Melhor altura = 53

Lower Bound 1 = 46
Lower Bound 2 = 32
Avaliação = 1.15217

Tempo de execução: 2s

---------------------------

Tamanho da população: 300
Fração elite: 0.15
Fração mutante: 0.2
Probabilidade herdar alelo elite: 0.7
Número de populações independentes: 2
Número de threads: 16
Trocar os melhores indivíduos a cada 30 gerações
Número máximo de gerações: 300
Número máximo de iterações sem melhora: 40
Largura da faixa = 32
Melhor altura = 52

Lower Bound 1 = 46
Lower Bound 2 = 32
Avaliação = 1.13043

Tempo de execução: 3s

---------------------------

Tamanho da população: 300
Fração elite: 0.15
Fração mutante: 0.2
Probabilidade herdar alelo elite: 0.7
Número de populações independentes: 2
Número de threads: 16
Trocar os melhores indivíduos a cada 30 gerações
Número máximo de gerações: 300
Número máximo de iterações sem melhora: 40
Largura da faixa = 32
Melhor altura = 52

Lower Bound 1 = 46
Lower Bound 2 = 32
Avaliação = 1.13043

Tempo de execução: 4s

---------------------------

Tamanho da população: 300
Fração elite: 0.15
Fração mutante: 0.2
Probabilidade herdar alelo elite: 0.7
Número de populações independentes: 2
Número de threads: 16
Trocar os melhores indivíduos a cada 30 gerações
Número máximo de gerações: 300
Número máximo de iterações sem melhora: 40
Largura da faixa = 32
Melhor altura = 53

Lower Bound 1 = 46
Lower Bound 2 = 32
Avaliação = 1.15217

Tempo de execução: 2s

---------------------------

Tamanho da população: 300
Fração elite: 0.15
Fração mutante: 0.2
Probabilidade herdar alelo elite: 0.7
Número de populações independentes: 2
Número de threads: 16
Trocar os melhores indivíduos a cada 30 gerações
Número máximo de gerações: 300
Número máximo de iterações sem melhora: 40
Largura da faixa = 32
Melhor altura = 52

Lower Bound 1 = 46
Lower Bound 2 = 32
Avaliação = 1.13043

Tempo de execução: 2s

---------------------------

Tamanho da população: 300
Fração elite: 0.15
Fração mutante: 0.2
Probabilidade herdar alelo elite: 0.7
Número de populações independentes: 2
Número de threads: 16
Trocar os melhores indivíduos a cada 30 gerações
Número máximo de gerações: 300
Número máximo de iterações sem melhora: 40
Largura da faixa = 32
Melhor altura = 52

Lower Bound 1 = 46
Lower Bound 2 = 32
Avaliação = 1.13043

Tempo de execução: 3s

---------------------------

Tamanho da população: 300
Fração elite: 0.15
Fração mutante: 0.2
Probabilidade herdar alelo elite: 0.7
Número de populações independentes: 2
Número de threads: 16
Trocar os melhores indivíduos a cada 30 gerações
Número máximo de gerações: 300
Número máximo de iterações sem melhora: 40
Largura da faixa = 32
Melhor altura = 52

Lower Bound 1 = 46
Lower Bound 2 = 32
Avaliação = 1.13043

Tempo de execução: 4s

---------------------------

Tamanho da população: 300
Fração elite: 0.15
Fração mutante: 0.2
Probabilidade herdar alelo elite: 0.7
Número de populações independentes: 2
Número de threads: 16
Trocar os melhores indivíduos a cada 30 gerações
Número máximo de gerações: 300
Número máximo de iterações sem melhora: 40
Largura da faixa = 32
Melhor altura = 52

Lower Bound 1 = 46
Lower Bound 2 = 32
Avaliação = 1.13043

Tempo de execução: 4s

---------------------------

Tamanho da população: 300
Fração elite: 0.15
Fração mutante: 0.2
Probabilidade herdar alelo elite: 0.7
Número de populações independentes: 2
Número de threads: 16
Trocar os melhores indivíduos a cada 30 gerações
Número máximo de gerações: 300
Número máximo de iterações sem melhora: 40
Largura da faixa = 32
Melhor altura = 52

Lower Bound 1 = 46
Lower Bound 2 = 32
Avaliação = 1.13043

Tempo de execução: 3s

---------------------------

Tamanho da população: 300
Fração elite: 0.15
Fração mutante: 0.2
Probabilidade herdar alelo elite: 0.7
Número de populações independentes: 2
Número de threads: 16
Trocar os melhores indivíduos a cada 30 gerações
Número máximo de gerações: 300
Número máximo de iterações sem melhora: 40
Largura da faixa = 32
Melhor altura = 53

Lower Bound 1 = 46
Lower Bound 2 = 32
Avaliação = 1.15217

Tempo de execução: 3s

---------------------------

Tamanho da população: 300
Fração elite: 0.15
Fração mutante: 0.2
Probabilidade herdar alelo elite: 0.7
Número de populações independentes: 2
Número de threads: 16
Trocar os melhores indivíduos a cada 30 gerações
Número máximo de gerações: 300
Número máximo de iterações sem melhora: 40
Largura da faixa = 32
Melhor altura = 53

Lower Bound 1 = 46
Lower Bound 2 = 32
Avaliação = 1.15217

Tempo de execução: 3s

---------------------------

Tamanho da população: 300
Fração elite: 0.15
Fração mutante: 0.2
Probabilidade herdar alelo elite: 0.7
Número de populações independentes: 2
Número de threads: 16
Trocar os melhores indivíduos a cada 30 gerações
Número máximo de gerações: 300
Número máximo de iterações sem melhora: 40
Largura da faixa = 32
Melhor altura = 53

Lower Bound 1 = 46
Lower Bound 2 = 32
Avaliação = 1.15217

Tempo de execução: 2s

---------------------------

Tamanho da população: 300
Fração elite: 0.15
Fração mutante: 0.2
Probabilidade herdar alelo elite: 0.7
Número de populações independentes: 2
Número de threads: 16
Trocar os melhores indivíduos a cada 30 gerações
Número máximo de gerações: 300
Número máximo de iterações sem melhora: 40
Largura da faixa = 32
Melhor altura = 52

Lower Bound 1 = 46
Lower Bound 2 = 32
Avaliação = 1.13043

Tempo de execução: 3s

---------------------------

Tamanho da população: 300
Fração elite: 0.15
Fração mutante: 0.2
Probabilidade herdar alelo elite: 0.7
Número de populações independentes: 2
Número de threads: 16
Trocar os melhores indivíduos a cada 30 gerações
Número máximo de gerações: 300
Número máximo de iterações sem melhora: 40
Largura da faixa = 32
Melhor altura = 53

Lower Bound 1 = 46
Lower Bound 2 = 32
Avaliação = 1.15217

Tempo de execução: 2s

---------------------------

Tamanho da população: 300
Fração elite: 0.15
Fração mutante: 0.2
Probabilidade herdar alelo elite: 0.7
Número de populações independentes: 2
Número de threads: 16
Trocar os melhores indivíduos a cada 30 gerações
Número máximo de gerações: 300
Número máximo de iterações sem melhora: 40
Largura da faixa = 32
Melhor altura = 52

Lower Bound 1 = 46
Lower Bound 2 = 32
Avaliação = 1.13043

Tempo de execução: 4s

---------------------------

Tamanho da população: 300
Fração elite: 0.15
Fração mutante: 0.2
Probabilidade herdar alelo elite: 0.7
Número de populações independentes: 2
Número de threads: 16
Trocar os melhores indivíduos a cada 30 gerações
Número máximo de gerações: 300
Número máximo de iterações sem melhora: 40
Largura da faixa = 32
Melhor altura = 52

Lower Bound 1 = 46
Lower Bound 2 = 32
Avaliação = 1.13043

Tempo de execução: 4s

---------------------------

Tamanho da população: 300
Fração elite: 0.15
Fração mutante: 0.2
Probabilidade herdar alelo elite: 0.7
Número de populações independentes: 2
Número de threads: 16
Trocar os melhores indivíduos a cada 30 gerações
Número máximo de gerações: 300
Número máximo de iterações sem melhora: 40
Largura da faixa = 32
Melhor altura = 53

Lower Bound 1 = 46
Lower Bound 2 = 32
Avaliação = 1.15217

Tempo de execução: 2s

---------------------------

Tamanho da população: 300
Fração elite: 0.15
Fração mutante: 0.2
Probabilidade herdar alelo elite: 0.7
Número de populações independentes: 2
Número de threads: 16
Trocar os melhores indivíduos a cada 30 gerações
Número máximo de gerações: 300
Número máximo de iterações sem melhora: 40
Largura da faixa = 32
Melhor altura = 53

Lower Bound 1 = 46
Lower Bound 2 = 32
Avaliação = 1.15217

Tempo de execução: 2s

---------------------------

Tamanho da população: 300
Fração elite: 0.15
Fração mutante: 0.2
Probabilidade herdar alelo elite: 0.7
Número de populações independentes: 2
Número de threads: 16
Trocar os melhores indivíduos a cada 30 gerações
Número máximo de gerações: 300
Número máximo de iterações sem melhora: 40
Largura da faixa = 32
Melhor altura = 52

Lower Bound 1 = 46
Lower Bound 2 = 32
Avaliação = 1.13043

Tempo de execução: 3s

---------------------------

Melhor até agora: 62 Geração: 0
Melhor até agora: 58 Geração: 1
Melhor até agora: 56 Geração: 3
Melhor até agora: 55 Geração: 4
Melhor até agora: 54 Geração: 6
Melhor até agora: 53 Geração: 15
Melhor até agora: 52 Geração: 39
Tamanho da população: 300
Fração elite: 0.2
Fração mutante: 0.2
Probabilidade herdar alelo elite: 0.7
Número de populações independentes: 2
Número de threads: 16
Trocar os melhores indivíduos a cada 30 gerações
Número máximo de gerações: 300
Número máximo de iterações sem melhora: 50
Largura da faixa = 32
Melhor altura = 52

Lower Bound 1 = 46
Lower Bound 2 = 32
Avaliação = 1.13043

Tempo de execução: 1s

---------------------------

Melhor até agora: 55 Geração: 0
Melhor até agora: 54 Geração: 2
Melhor até agora: 53 Geração: 15
Melhor até agora: 52 Geração: 33
Tamanho da população: 300
Fração elite: 0.2
Fração mutante: 0.2
Probabilidade herdar alelo elite: 0.7
Número de populações independentes: 2
Número de threads: 16
Trocar os melhores indivíduos a cada 30 gerações
Número máximo de gerações: 300
Número máximo de iterações sem melhora: 50
Largura da faixa = 32
Melhor altura = 52

Lower Bound 1 = 46
Lower Bound 2 = 32
Avaliação = 1.13043

Tempo de execução: 1s

---------------------------

Melhor até agora: 58 Geração: 0
Melhor até agora: 55 Geração: 3
Melhor até agora: 54 Geração: 4
Melhor até agora: 53 Geração: 8
Melhor até agora: 52 Geração: 29
Tamanho da população: 300
Fração elite: 0.2
Fração mutante: 0.2
Probabilidade herdar alelo elite: 0.7
Número de populações independentes: 2
Número de threads: 16
Trocar os melhores indivíduos a cada 30 gerações
Número máximo de gerações: 300
Número máximo de iterações sem melhora: 50
Largura da faixa = 32
Melhor altura = 52

Lower Bound 1 = 46
Lower Bound 2 = 32
Avaliação = 1.13043

Tempo de execução: 1s

---------------------------

Melhor até agora: 58 Geração: 0
Melhor até agora: 57 Geração: 1
Melhor até agora: 54 Geração: 2
Melhor até agora: 53 Geração: 11
Melhor até agora: 52 Geração: 20
Tamanho da população: 300
Fração elite: 0.2
Fração mutante: 0.2
Probabilidade herdar alelo elite: 0.7
Número de populações independentes: 2
Número de threads: 16
Trocar os melhores indivíduos a cada 30 gerações
Número máximo de gerações: 300
Número máximo de iterações sem melhora: 50
Largura da faixa = 32
Melhor altura = 52

Lower Bound 1 = 46
Lower Bound 2 = 32
Avaliação = 1.13043

Tempo de execução: 1s

---------------------------

Melhor até agora: 55 Geração: 0
Melhor até agora: 54 Geração: 2
Melhor até agora: 53 Geração: 7
Melhor até agora: 52 Geração: 37
Tamanho da população: 300
Fração elite: 0.2
Fração mutante: 0.2
Probabilidade herdar alelo elite: 0.7
Número de populações independentes: 2
Número de threads: 16
Trocar os melhores indivíduos a cada 30 gerações
Número máximo de gerações: 300
Número máximo de iterações sem melhora: 50
Largura da faixa = 32
Melhor altura = 52

Lower Bound 1 = 46
Lower Bound 2 = 32
Avaliação = 1.13043

Tempo de execução: 1s

---------------------------

Melhor até agora: 58 Geração: 0
Melhor até agora: 56 Geração: 1
Melhor até agora: 54 Geração: 3
Melhor até agora: 53 Geração: 12
Melhor até agora: 52 Geração: 15
Tamanho da população: 300
Fração elite: 0.2
Fração mutante: 0.2
Probabilidade herdar alelo elite: 0.7
Número de populações independentes: 2
Número de threads: 16
Trocar os melhores indivíduos a cada 30 gerações
Número máximo de gerações: 300
Número máximo de iterações sem melhora: 50
Largura da faixa = 32
Melhor altura = 52

Lower Bound 1 = 46
Lower Bound 2 = 32
Avaliação = 1.13043

Tempo de execução: 1s

---------------------------

Melhor até agora: 56 Geração: 0
Melhor até agora: 54 Geração: 1
Melhor até agora: 53 Geração: 19
Melhor até agora: 52 Geração: 49
Tamanho da população: 300
Fração elite: 0.2
Fração mutante: 0.2
Probabilidade herdar alelo elite: 0.7
Número de populações independentes: 2
Número de threads: 16
Trocar os melhores indivíduos a cada 30 gerações
Número máximo de gerações: 300
Número máximo de iterações sem melhora: 50
Largura da faixa = 32
Melhor altura = 52

Lower Bound 1 = 46
Lower Bound 2 = 32
Avaliação = 1.13043

Tempo de execução: 1s

---------------------------

Melhor até agora: 54 Geração: 0
Melhor até agora: 53 Geração: 10
Tamanho da população: 300
Fração elite: 0.2
Fração mutante: 0.2
Probabilidade herdar alelo elite: 0.7
Número de populações independentes: 2
Número de threads: 16
Trocar os melhores indivíduos a cada 30 gerações
Número máximo de gerações: 300
Número máximo de iterações sem melhora: 50
Largura da faixa = 32
Melhor altura = 53

Lower Bound 1 = 46
Lower Bound 2 = 32
Avaliação = 1.15217

Tempo de execução: 1s

---------------------------

Melhor até agora: 55 Geração: 0
Melhor até agora: 54 Geração: 6
Melhor até agora: 53 Geração: 17
Melhor até agora: 52 Geração: 30
Tamanho da população: 300
Fração elite: 0.2
Fração mutante: 0.2
Probabilidade herdar alelo elite: 0.7
Número de populações independentes: 2
Número de threads: 16
Trocar os melhores indivíduos a cada 30 gerações
Número máximo de gerações: 300
Número máximo de iterações sem melhora: 50
Largura da faixa = 32
Melhor altura = 52

Lower Bound 1 = 46
Lower Bound 2 = 32
Avaliação = 1.13043

Tempo de execução: 1s

---------------------------

Melhor até agora: 58 Geração: 0
Melhor até agora: 56 Geração: 1
Melhor até agora: 55 Geração: 2
Melhor até agora: 54 Geração: 6
Melhor até agora: 53 Geração: 13
Melhor até agora: 52 Geração: 50
Tamanho da população: 300
Fração elite: 0.2
Fração mutante: 0.2
Probabilidade herdar alelo elite: 0.7
Número de populações independentes: 2
Número de threads: 16
Trocar os melhores indivíduos a cada 30 gerações
Número máximo de gerações: 300
Número máximo de iterações sem melhora: 50
Largura da faixa = 32
Melhor altura = 52

Lower Bound 1 = 46
Lower Bound 2 = 32
Avaliação = 1.13043

Tempo de execução: 1s

---------------------------

Melhor até agora: 55 Geração: 0
Melhor até agora: 54 Geração: 3
Melhor até agora: 53 Geração: 17
Tamanho da população: 300
Fração elite: 0.2
Fração mutante: 0.2
Probabilidade herdar alelo elite: 0.7
Número de populações independentes: 2
Número de threads: 16
Trocar os melhores indivíduos a cada 30 gerações
Número máximo de gerações: 300
Número máximo de iterações sem melhora: 50
Largura da faixa = 32
Melhor altura = 53

Lower Bound 1 = 46
Lower Bound 2 = 32
Avaliação = 1.15217

Tempo de execução: 1s

---------------------------

Melhor até agora: 55 Geração: 0
Melhor até agora: 54 Geração: 5
Melhor até agora: 53 Geração: 9
Tamanho da população: 300
Fração elite: 0.2
Fração mutante: 0.2
Probabilidade herdar alelo elite: 0.7
Número de populações independentes: 2
Número de threads: 16
Trocar os melhores indivíduos a cada 30 gerações
Número máximo de gerações: 300
Número máximo de iterações sem melhora: 50
Largura da faixa = 32
Melhor altura = 53

Lower Bound 1 = 46
Lower Bound 2 = 32
Avaliação = 1.15217

Tempo de execução: 0s

---------------------------

Melhor até agora: 57 Geração: 0
Melhor até agora: 56 Geração: 1
Melhor até agora: 54 Geração: 3
Melhor até agora: 53 Geração: 24
Tamanho da população: 300
Fração elite: 0.2
Fração mutante: 0.2
Probabilidade herdar alelo elite: 0.7
Número de populações independentes: 2
Número de threads: 16
Trocar os melhores indivíduos a cada 30 gerações
Número máximo de gerações: 300
Número máximo de iterações sem melhora: 50
Largura da faixa = 32
Melhor altura = 53

Lower Bound 1 = 46
Lower Bound 2 = 32
Avaliação = 1.15217

Tempo de execução: 1s

---------------------------

Melhor até agora: 55 Geração: 0
Melhor até agora: 54 Geração: 5
Melhor até agora: 53 Geração: 12
Melhor até agora: 52 Geração: 44
Melhor até agora: 51 Geração: 54
Tamanho da população: 300
Fração elite: 0.2
Fração mutante: 0.2
Probabilidade herdar alelo elite: 0.7
Número de populações independentes: 2
Número de threads: 16
Trocar os melhores indivíduos a cada 30 gerações
Número máximo de gerações: 300
Número máximo de iterações sem melhora: 50
Largura da faixa = 32
Melhor altura = 51

Lower Bound 1 = 46
Lower Bound 2 = 32
Avaliação = 1.1087

Tempo de execução: 1s

---------------------------

Melhor até agora: 56 Geração: 0
Melhor até agora: 54 Geração: 2
Melhor até agora: 53 Geração: 18
Melhor até agora: 52 Geração: 31
Tamanho da população: 300
Fração elite: 0.2
Fração mutante: 0.2
Probabilidade herdar alelo elite: 0.7
Número de populações independentes: 2
Número de threads: 16
Trocar os melhores indivíduos a cada 30 gerações
Número máximo de gerações: 300
Número máximo de iterações sem melhora: 50
Largura da faixa = 32
Melhor altura = 52

Lower Bound 1 = 46
Lower Bound 2 = 32
Avaliação = 1.13043

Tempo de execução: 1s

---------------------------

Melhor até agora: 54 Geração: 0
Melhor até agora: 53 Geração: 16
Tamanho da população: 300
Fração elite: 0.2
Fração mutante: 0.2
Probabilidade herdar alelo elite: 0.7
Número de populações independentes: 2
Número de threads: 16
Trocar os melhores indivíduos a cada 30 gerações
Número máximo de gerações: 300
Número máximo de iterações sem melhora: 50
Largura da faixa = 32
Melhor altura = 53

Lower Bound 1 = 46
Lower Bound 2 = 32
Avaliação = 1.15217

Tempo de execução: 1s

---------------------------

Melhor até agora: 57 Geração: 0
Melhor até agora: 55 Geração: 1
Melhor até agora: 54 Geração: 6
Melhor até agora: 53 Geração: 9
Melhor até agora: 52 Geração: 25
Tamanho da população: 300
Fração elite: 0.2
Fração mutante: 0.2
Probabilidade herdar alelo elite: 0.7
Número de populações independentes: 2
Número de threads: 16
Trocar os melhores indivíduos a cada 30 gerações
Número máximo de gerações: 300
Número máximo de iterações sem melhora: 50
Largura da faixa = 32
Melhor altura = 52

Lower Bound 1 = 46
Lower Bound 2 = 32
Avaliação = 1.13043

Tempo de execução: 1s

---------------------------

Melhor até agora: 63 Geração: 0
Melhor até agora: 54 Geração: 1
Melhor até agora: 53 Geração: 13
Melhor até agora: 52 Geração: 39
Tamanho da população: 300
Fração elite: 0.2
Fração mutante: 0.2
Probabilidade herdar alelo elite: 0.7
Número de populações independentes: 2
Número de threads: 16
Trocar os melhores indivíduos a cada 30 gerações
Número máximo de gerações: 300
Número máximo de iterações sem melhora: 50
Largura da faixa = 32
Melhor altura = 52

Lower Bound 1 = 46
Lower Bound 2 = 32
Avaliação = 1.13043

Tempo de execução: 1s

---------------------------

Melhor até agora: 59 Geração: 0
Melhor até agora: 56 Geração: 1
Melhor até agora: 54 Geração: 2
Melhor até agora: 53 Geração: 14
Melhor até agora: 52 Geração: 31
Melhor até agora: 51 Geração: 80
Tamanho da população: 300
Fração elite: 0.2
Fração mutante: 0.2
Probabilidade herdar alelo elite: 0.7
Número de populações independentes: 2
Número de threads: 16
Trocar os melhores indivíduos a cada 30 gerações
Número máximo de gerações: 300
Número máximo de iterações sem melhora: 50
Largura da faixa = 32
Melhor altura = 51

Lower Bound 1 = 46
Lower Bound 2 = 32
Avaliação = 1.1087

Tempo de execução: 1s

---------------------------
Tamanho da população: 389
Fração elite: 0.5799
Fração mutante: 0.0086
Probabilidade herdar alelo elite: 0.7325
Número de populações independentes: 1
Número de threads: 1
Trocar os melhores indivíduos a cada 30 gerações
Número máximo de gerações: 338
Número máximo de iterações sem melhora: 70
Largura da faixa = 32
Melhor altura = 52

Lower Bound 1 = 46
Lower Bound 2 = 32
Avaliação = 1.13043

Tempo de execução: 3s

---------------------------

Tamanho da população: 389
Fração elite: 0.5799
Fração mutante: 0.0086
Probabilidade herdar alelo elite: 0.7325
Número de populações independentes: 1
Número de threads: 1
Trocar os melhores indivíduos a cada 30 gerações
Número máximo de gerações: 338
Número máximo de iterações sem melhora: 70
Largura da faixa = 32
Melhor altura = 52

Lower Bound 1 = 46
Lower Bound 2 = 32
Avaliação = 1.13043

Tempo de execução: 3s

---------------------------

Tamanho da população: 389
Fração elite: 0.5799
Fração mutante: 0.0086
Probabilidade herdar alelo elite: 0.7325
Número de populações independentes: 1
Número de threads: 1
Trocar os melhores indivíduos a cada 30 gerações
Número máximo de gerações: 338
Número máximo de iterações sem melhora: 70
Largura da faixa = 32
Melhor altura = 52

Lower Bound 1 = 46
Lower Bound 2 = 32
Avaliação = 1.13043

Tempo de execução: 3s

---------------------------

Tamanho da população: 389
Fração elite: 0.5799
Fração mutante: 0.0086
Probabilidade herdar alelo elite: 0.7325
Número de populações independentes: 1
Número de threads: 1
Trocar os melhores indivíduos a cada 30 gerações
Número máximo de gerações: 338
Número máximo de iterações sem melhora: 70
Largura da faixa = 32
Melhor altura = 51

Lower Bound 1 = 46
Lower Bound 2 = 32
Avaliação = 1.1087

Tempo de execução: 3s

---------------------------

Tamanho da população: 389
Fração elite: 0.5799
Fração mutante: 0.0086
Probabilidade herdar alelo elite: 0.7325
Número de populações independentes: 1
Número de threads: 1
Trocar os melhores indivíduos a cada 30 gerações
Número máximo de gerações: 338
Número máximo de iterações sem melhora: 70
Largura da faixa = 32
Melhor altura = 52

Lower Bound 1 = 46
Lower Bound 2 = 32
Avaliação = 1.13043

Tempo de execução: 3s

---------------------------

Tamanho da população: 389
Fração elite: 0.5799
Fração mutante: 0.0086
Probabilidade herdar alelo elite: 0.7325
Número de populações independentes: 1
Número de threads: 1
Trocar os melhores indivíduos a cada 30 gerações
Número máximo de gerações: 338
Número máximo de iterações sem melhora: 70
Largura da faixa = 32
Melhor altura = 52

Lower Bound 1 = 46
Lower Bound 2 = 32
Avaliação = 1.13043

Tempo de execução: 3s

---------------------------

Tamanho da população: 389
Fração elite: 0.5799
Fração mutante: 0.0086
Probabilidade herdar alelo elite: 0.7325
Número de populações independentes: 1
Número de threads: 1
Trocar os melhores indivíduos a cada 30 gerações
Número máximo de gerações: 338
Número máximo de iterações sem melhora: 70
Largura da faixa = 32
Melhor altura = 52

Lower Bound 1 = 46
Lower Bound 2 = 32
Avaliação = 1.13043

Tempo de execução: 3s

---------------------------

Tamanho da população: 389
Fração elite: 0.5799
Fração mutante: 0.0086
Probabilidade herdar alelo elite: 0.7325
Número de populações independentes: 1
Número de threads: 1
Trocar os melhores indivíduos a cada 30 gerações
Número máximo de gerações: 338
Número máximo de iterações sem melhora: 70
Largura da faixa = 32
Melhor altura = 52

Lower Bound 1 = 46
Lower Bound 2 = 32
Avaliação = 1.13043

Tempo de execução: 3s

---------------------------

Tamanho da população: 389
Fração elite: 0.5799
Fração mutante: 0.0086
Probabilidade herdar alelo elite: 0.7325
Número de populações independentes: 1
Número de threads: 1
Trocar os melhores indivíduos a cada 30 gerações
Número máximo de gerações: 338
Número máximo de iterações sem melhora: 70
Largura da faixa = 32
Melhor altura = 52

Lower Bound 1 = 46
Lower Bound 2 = 32
Avaliação = 1.13043

Tempo de execução: 3s

---------------------------

Tamanho da população: 389
Fração elite: 0.5799
Fração mutante: 0.0086
Probabilidade herdar alelo elite: 0.7325
Número de populações independentes: 1
Número de threads: 1
Trocar os melhores indivíduos a cada 30 gerações
Número máximo de gerações: 338
Número máximo de iterações sem melhora: 70
Largura da faixa = 32
Melhor altura = 52

Lower Bound 1 = 46
Lower Bound 2 = 32
Avaliação = 1.13043

Tempo de execução: 3s

---------------------------

Tamanho da população: 389
Fração elite: 0.5799
Fração mutante: 0.0086
Probabilidade herdar alelo elite: 0.7325
Número de populações independentes: 1
Número de threads: 1
Trocar os melhores indivíduos a cada 30 gerações
Número máximo de gerações: 338
Número máximo de iterações sem melhora: 70
Largura da faixa = 32
Melhor altura = 52

Lower Bound 1 = 46
Lower Bound 2 = 32
Avaliação = 1.13043

Tempo de execução: 3s

---------------------------

Tamanho da população: 389
Fração elite: 0.5799
Fração mutante: 0.0086
Probabilidade herdar alelo elite: 0.7325
Número de populações independentes: 1
Número de threads: 1
Trocar os melhores indivíduos a cada 30 gerações
Número máximo de gerações: 338
Número máximo de iterações sem melhora: 70
Largura da faixa = 32
Melhor altura = 53

Lower Bound 1 = 46
Lower Bound 2 = 32
Avaliação = 1.15217

Tempo de execução: 3s

---------------------------

Tamanho da população: 389
Fração elite: 0.5799
Fração mutante: 0.0086
Probabilidade herdar alelo elite: 0.7325
Número de populações independentes: 1
Número de threads: 1
Trocar os melhores indivíduos a cada 30 gerações
Número máximo de gerações: 338
Número máximo de iterações sem melhora: 70
Largura da faixa = 32
Melhor altura = 52

Lower Bound 1 = 46
Lower Bound 2 = 32
Avaliação = 1.13043

Tempo de execução: 3s

---------------------------

Tamanho da população: 389
Fração elite: 0.5799
Fração mutante: 0.0086
Probabilidade herdar alelo elite: 0.7325
Número de populações independentes: 1
Número de threads: 1
Trocar os melhores indivíduos a cada 30 gerações
Número máximo de gerações: 338
Número máximo de iterações sem melhora: 70
Largura da faixa = 32
Melhor altura = 52

Lower Bound 1 = 46
Lower Bound 2 = 32
Avaliação = 1.13043

Tempo de execução: 3s

---------------------------

Tamanho da população: 389
Fração elite: 0.5799
Fração mutante: 0.0086
Probabilidade herdar alelo elite: 0.7325
Número de populações independentes: 1
Número de threads: 1
Trocar os melhores indivíduos a cada 30 gerações
Número máximo de gerações: 338
Número máximo de iterações sem melhora: 70
Largura da faixa = 32
Melhor altura = 52

Lower Bound 1 = 46
Lower Bound 2 = 32
Avaliação = 1.13043

Tempo de execução: 3s

---------------------------

Tamanho da população: 389
Fração elite: 0.5799
Fração mutante: 0.0086
Probabilidade herdar alelo elite: 0.7325
Número de populações independentes: 1
Número de threads: 1
Trocar os melhores indivíduos a cada 30 gerações
Número máximo de gerações: 338
Número máximo de iterações sem melhora: 70
Largura da faixa = 32
Melhor altura = 52

Lower Bound 1 = 46
Lower Bound 2 = 32
Avaliação = 1.13043

Tempo de execução: 3s

---------------------------

Tamanho da população: 389
Fração elite: 0.5799
Fração mutante: 0.0086
Probabilidade herdar alelo elite: 0.7325
Número de populações independentes: 1
Número de threads: 1
Trocar os melhores indivíduos a cada 30 gerações
Número máximo de gerações: 338
Número máximo de iterações sem melhora: 70
Largura da faixa = 32
Melhor altura = 52

Lower Bound 1 = 46
Lower Bound 2 = 32
Avaliação = 1.13043

Tempo de execução: 3s

---------------------------

Tamanho da população: 389
Fração elite: 0.5799
Fração mutante: 0.0086
Probabilidade herdar alelo elite: 0.7325
Número de populações independentes: 1
Número de threads: 1
Trocar os melhores indivíduos a cada 30 gerações
Número máximo de gerações: 338
Número máximo de iterações sem melhora: 70
Largura da faixa = 32
Melhor altura = 52

Lower Bound 1 = 46
Lower Bound 2 = 32
Avaliação = 1.13043

Tempo de execução: 3s

---------------------------

Tamanho da população: 389
Fração elite: 0.5799
Fração mutante: 0.0086
Probabilidade herdar alelo elite: 0.7325
Número de populações independentes: 1
Número de threads: 1
Trocar os melhores indivíduos a cada 30 gerações
Número máximo de gerações: 338
Número máximo de iterações sem melhora: 70
Largura da faixa = 32
Melhor altura = 52

Lower Bound 1 = 46
Lower Bound 2 = 32
Avaliação = 1.13043

Tempo de execução: 3s

---------------------------

Tamanho da população: 389
Fração elite: 0.5799
Fração mutante: 0.0086
Probabilidade herdar alelo elite: 0.7325
Número de populações independentes: 1
Número de threads: 1
Trocar os melhores indivíduos a cada 30 gerações
Número máximo de gerações: 338
Número máximo de iterações sem melhora: 70
Largura da faixa = 32
Melhor altura = 52

Lower Bound 1 = 46
Lower Bound 2 = 32
Avaliação = 1.13043

Tempo de execução: 3s

---------------------------

Tamanho da população: 297
Fração elite: 0.55
Fração mutante: 0.0174
Probabilidade herdar alelo elite: 0.7678
Número de populações independentes: 1
Número de threads: 1
Trocar os melhores indivíduos a cada 30 gerações
Número máximo de gerações: 279

Largura da faixa = 32
Melhor altura = 51

Lower Bound 1 = 46
Lower Bound 2 = 32
Avaliação = 1.1087

Tempo de execução: 2.66805s

---------------------------

Tamanho da população: 297
Fração elite: 0.55
Fração mutante: 0.0174
Probabilidade herdar alelo elite: 0.7678
Número de populações independentes: 1
Número de threads: 1
Trocar os melhores indivíduos a cada 30 gerações
Número máximo de gerações: 279

Largura da faixa = 32
Melhor altura = 52

Lower Bound 1 = 46
Lower Bound 2 = 32
Avaliação = 1.13043

Tempo de execução: 3.56922s

---------------------------

Tamanho da população: 297
Fração elite: 0.55
Fração mutante: 0.0174
Probabilidade herdar alelo elite: 0.7678
Número de populações independentes: 1
Número de threads: 1
Trocar os melhores indivíduos a cada 30 gerações
Número máximo de gerações: 279

Largura da faixa = 32
Melhor altura = 53

Lower Bound 1 = 46
Lower Bound 2 = 32
Avaliação = 1.15217

Tempo de execução: 3.61086s

---------------------------

Tamanho da população: 297
Fração elite: 0.55
Fração mutante: 0.0174
Probabilidade herdar alelo elite: 0.7678
Número de populações independentes: 1
Número de threads: 1
Trocar os melhores indivíduos a cada 30 gerações
Número máximo de gerações: 279

Largura da faixa = 32
Melhor altura = 52

Lower Bound 1 = 46
Lower Bound 2 = 32
Avaliação = 1.13043

Tempo de execução: 3.6752s

---------------------------

Tamanho da população: 297
Fração elite: 0.55
Fração mutante: 0.0174
Probabilidade herdar alelo elite: 0.7678
Número de populações independentes: 1
Número de threads: 1
Trocar os melhores indivíduos a cada 30 gerações
Número máximo de gerações: 279

Largura da faixa = 32
Melhor altura = 52

Lower Bound 1 = 46
Lower Bound 2 = 32
Avaliação = 1.13043

Tempo de execução: 3.74316s

---------------------------

Tamanho da população: 297
Fração elite: 0.55
Fração mutante: 0.0174
Probabilidade herdar alelo elite: 0.7678
Número de populações independentes: 1
Número de threads: 1
Trocar os melhores indivíduos a cada 30 gerações
Número máximo de gerações: 279

Largura da faixa = 32
Melhor altura = 53

Lower Bound 1 = 46
Lower Bound 2 = 32
Avaliação = 1.15217

Tempo de execução: 3.82706s

---------------------------

Tamanho da população: 297
Fração elite: 0.55
Fração mutante: 0.0174
Probabilidade herdar alelo elite: 0.7678
Número de populações independentes: 1
Número de threads: 1
Trocar os melhores indivíduos a cada 30 gerações
Número máximo de gerações: 279

Largura da faixa = 32
Melhor altura = 52

Lower Bound 1 = 46
Lower Bound 2 = 32
Avaliação = 1.13043

Tempo de execução: 3.57717s

---------------------------

Tamanho da população: 297
Fração elite: 0.55
Fração mutante: 0.0174
Probabilidade herdar alelo elite: 0.7678
Número de populações independentes: 1
Número de threads: 1
Trocar os melhores indivíduos a cada 30 gerações
Número máximo de gerações: 279

Largura da faixa = 32
Melhor altura = 52

Lower Bound 1 = 46
Lower Bound 2 = 32
Avaliação = 1.13043

Tempo de execução: 3.69533s

---------------------------

Tamanho da população: 297
Fração elite: 0.55
Fração mutante: 0.0174
Probabilidade herdar alelo elite: 0.7678
Número de populações independentes: 1
Número de threads: 1
Trocar os melhores indivíduos a cada 30 gerações
Número máximo de gerações: 279

Largura da faixa = 32
Melhor altura = 52

Lower Bound 1 = 46
Lower Bound 2 = 32
Avaliação = 1.13043

Tempo de execução: 3.76297s

---------------------------

Tamanho da população: 297
Fração elite: 0.55
Fração mutante: 0.0174
Probabilidade herdar alelo elite: 0.7678
Número de populações independentes: 1
Número de threads: 1
Trocar os melhores indivíduos a cada 30 gerações
Número máximo de gerações: 279

Largura da faixa = 32
Melhor altura = 52

Lower Bound 1 = 46
Lower Bound 2 = 32
Avaliação = 1.13043

Tempo de execução: 2.94164s

---------------------------

Tamanho da população: 297
Fração elite: 0.55
Fração mutante: 0.0174
Probabilidade herdar alelo elite: 0.7678
Número de populações independentes: 1
Número de threads: 1
Trocar os melhores indivíduos a cada 30 gerações
Número máximo de gerações: 279

Largura da faixa = 32
Melhor altura = 53

Lower Bound 1 = 46
Lower Bound 2 = 32
Avaliação = 1.15217

Tempo de execução: 3.51168s

---------------------------

Tamanho da população: 297
Fração elite: 0.55
Fração mutante: 0.0174
Probabilidade herdar alelo elite: 0.7678
Número de populações independentes: 1
Número de threads: 1
Trocar os melhores indivíduos a cada 30 gerações
Número máximo de gerações: 279

Largura da faixa = 32
Melhor altura = 52

Lower Bound 1 = 46
Lower Bound 2 = 32
Avaliação = 1.13043

Tempo de execução: 3.5848s

---------------------------

Tamanho da população: 297
Fração elite: 0.55
Fração mutante: 0.0174
Probabilidade herdar alelo elite: 0.7678
Número de populações independentes: 1
Número de threads: 1
Trocar os melhores indivíduos a cada 30 gerações
Número máximo de gerações: 279

Largura da faixa = 32
Melhor altura = 52

Lower Bound 1 = 46
Lower Bound 2 = 32
Avaliação = 1.13043

Tempo de execução: 3.00151s

---------------------------

Tamanho da população: 297
Fração elite: 0.55
Fração mutante: 0.0174
Probabilidade herdar alelo elite: 0.7678
Número de populações independentes: 1
Número de threads: 1
Trocar os melhores indivíduos a cada 30 gerações
Número máximo de gerações: 279

Largura da faixa = 32
Melhor altura = 52

Lower Bound 1 = 46
Lower Bound 2 = 32
Avaliação = 1.13043

Tempo de execução: 3.42558s

---------------------------

Tamanho da população: 297
Fração elite: 0.55
Fração mutante: 0.0174
Probabilidade herdar alelo elite: 0.7678
Número de populações independentes: 1
Número de threads: 1
Trocar os melhores indivíduos a cada 30 gerações
Número máximo de gerações: 279

Largura da faixa = 32
Melhor altura = 52

Lower Bound 1 = 46
Lower Bound 2 = 32
Avaliação = 1.13043

Tempo de execução: 3.78084s

---------------------------

Tamanho da população: 297
Fração elite: 0.55
Fração mutante: 0.0174
Probabilidade herdar alelo elite: 0.7678
Número de populações independentes: 1
Número de threads: 1
Trocar os melhores indivíduos a cada 30 gerações
Número máximo de gerações: 279

Largura da faixa = 32
Melhor altura = 53

Lower Bound 1 = 46
Lower Bound 2 = 32
Avaliação = 1.15217

Tempo de execução: 3.14506s

---------------------------

Tamanho da população: 297
Fração elite: 0.55
Fração mutante: 0.0174
Probabilidade herdar alelo elite: 0.7678
Número de populações independentes: 1
Número de threads: 1
Trocar os melhores indivíduos a cada 30 gerações
Número máximo de gerações: 279

Largura da faixa = 32
Melhor altura = 52

Lower Bound 1 = 46
Lower Bound 2 = 32
Avaliação = 1.13043

Tempo de execução: 3.35646s

---------------------------

Tamanho da população: 297
Fração elite: 0.55
Fração mutante: 0.0174
Probabilidade herdar alelo elite: 0.7678
Número de populações independentes: 1
Número de threads: 1
Trocar os melhores indivíduos a cada 30 gerações
Número máximo de gerações: 279

Largura da faixa = 32
Melhor altura = 52

Lower Bound 1 = 46
Lower Bound 2 = 32
Avaliação = 1.13043

Tempo de execução: 3.60911s

---------------------------

Tamanho da população: 297
Fração elite: 0.55
Fração mutante: 0.0174
Probabilidade herdar alelo elite: 0.7678
Número de populações independentes: 1
Número de threads: 1
Trocar os melhores indivíduos a cada 30 gerações
Número máximo de gerações: 279

Largura da faixa = 32
Melhor altura = 52

Lower Bound 1 = 46
Lower Bound 2 = 32
Avaliação = 1.13043

Tempo de execução: 3.35996s

---------------------------

Tamanho da população: 297
Fração elite: 0.55
Fração mutante: 0.0174
Probabilidade herdar alelo elite: 0.7678
Número de populações independentes: 1
Número de threads: 1
Trocar os melhores indivíduos a cada 30 gerações
Número máximo de gerações: 279

Largura da faixa = 32
Melhor altura = 52

Lower Bound 1 = 46
Lower Bound 2 = 32
Avaliação = 1.13043

Tempo de execução: 3.50717s

---------------------------

Tamanho da população: 392
Fração elite: 0.2567
Fração mutante: 0.0202
Probabilidade herdar alelo elite: 0.6001
Número de populações independentes: 1
Número de threads: 1
Número máximo de gerações: 364

Largura da faixa = 32
Melhor altura = 52

Lower Bound 1 = 46
Lower Bound 2 = 32
Avaliação = 1.13043

Tempo de execução: 3.88998s

---------------------------

Tamanho da população: 392
Fração elite: 0.2567
Fração mutante: 0.0202
Probabilidade herdar alelo elite: 0.6001
Número de populações independentes: 1
Número de threads: 1
Número máximo de gerações: 364

Largura da faixa = 32
Melhor altura = 52

Lower Bound 1 = 46
Lower Bound 2 = 32
Avaliação = 1.13043

Tempo de execução: 3.94826s

---------------------------

Tamanho da população: 392
Fração elite: 0.2567
Fração mutante: 0.0202
Probabilidade herdar alelo elite: 0.6001
Número de populações independentes: 1
Número de threads: 1
Número máximo de gerações: 364

Largura da faixa = 32
Melhor altura = 52

Lower Bound 1 = 46
Lower Bound 2 = 32
Avaliação = 1.13043

Tempo de execução: 3.96707s

---------------------------

Tamanho da população: 392
Fração elite: 0.2567
Fração mutante: 0.0202
Probabilidade herdar alelo elite: 0.6001
Número de populações independentes: 1
Número de threads: 1
Número máximo de gerações: 364

Largura da faixa = 32
Melhor altura = 52

Lower Bound 1 = 46
Lower Bound 2 = 32
Avaliação = 1.13043

Tempo de execução: 3.95361s

---------------------------

Tamanho da população: 392
Fração elite: 0.2567
Fração mutante: 0.0202
Probabilidade herdar alelo elite: 0.6001
Número de populações independentes: 1
Número de threads: 1
Número máximo de gerações: 364

Largura da faixa = 32
Melhor altura = 52

Lower Bound 1 = 46
Lower Bound 2 = 32
Avaliação = 1.13043

Tempo de execução: 3.96312s

---------------------------

Tamanho da população: 392
Fração elite: 0.2567
Fração mutante: 0.0202
Probabilidade herdar alelo elite: 0.6001
Número de populações independentes: 1
Número de threads: 1
Número máximo de gerações: 364

Largura da faixa = 32
Melhor altura = 52

Lower Bound 1 = 46
Lower Bound 2 = 32
Avaliação = 1.13043

Tempo de execução: 3.97848s

---------------------------

Tamanho da população: 392
Fração elite: 0.2567
Fração mutante: 0.0202
Probabilidade herdar alelo elite: 0.6001
Número de populações independentes: 1
Número de threads: 1
Número máximo de gerações: 364

Largura da faixa = 32
Melhor altura = 52

Lower Bound 1 = 46
Lower Bound 2 = 32
Avaliação = 1.13043

Tempo de execução: 3.97482s

---------------------------

Tamanho da população: 392
Fração elite: 0.2567
Fração mutante: 0.0202
Probabilidade herdar alelo elite: 0.6001
Número de populações independentes: 1
Número de threads: 1
Número máximo de gerações: 364

Largura da faixa = 32
Melhor altura = 51

Lower Bound 1 = 46
Lower Bound 2 = 32
Avaliação = 1.1087

Tempo de execução: 4.02362s

---------------------------

Tamanho da população: 392
Fração elite: 0.2567
Fração mutante: 0.0202
Probabilidade herdar alelo elite: 0.6001
Número de populações independentes: 1
Número de threads: 1
Número máximo de gerações: 364

Largura da faixa = 32
Melhor altura = 52

Lower Bound 1 = 46
Lower Bound 2 = 32
Avaliação = 1.13043

Tempo de execução: 4.35212s

---------------------------

Tamanho da população: 392
Fração elite: 0.2567
Fração mutante: 0.0202
Probabilidade herdar alelo elite: 0.6001
Número de populações independentes: 1
Número de threads: 1
Número máximo de gerações: 364

Largura da faixa = 32
Melhor altura = 52

Lower Bound 1 = 46
Lower Bound 2 = 32
Avaliação = 1.13043

Tempo de execução: 3.90985s

---------------------------

Tamanho da população: 392
Fração elite: 0.2567
Fração mutante: 0.0202
Probabilidade herdar alelo elite: 0.6001
Número de populações independentes: 1
Número de threads: 1
Número máximo de gerações: 364

Largura da faixa = 32
Melhor altura = 52

Lower Bound 1 = 46
Lower Bound 2 = 32
Avaliação = 1.13043

Tempo de execução: 4.15671s

---------------------------

Tamanho da população: 392
Fração elite: 0.2567
Fração mutante: 0.0202
Probabilidade herdar alelo elite: 0.6001
Número de populações independentes: 1
Número de threads: 1
Número máximo de gerações: 364

Largura da faixa = 32
Melhor altura = 53

Lower Bound 1 = 46
Lower Bound 2 = 32
Avaliação = 1.15217

Tempo de execução: 4.17345s

---------------------------

Tamanho da população: 392
Fração elite: 0.2567
Fração mutante: 0.0202
Probabilidade herdar alelo elite: 0.6001
Número de populações independentes: 1
Número de threads: 1
Número máximo de gerações: 364

Largura da faixa = 32
Melhor altura = 52

Lower Bound 1 = 46
Lower Bound 2 = 32
Avaliação = 1.13043

Tempo de execução: 3.98127s

---------------------------

Tamanho da população: 392
Fração elite: 0.2567
Fração mutante: 0.0202
Probabilidade herdar alelo elite: 0.6001
Número de populações independentes: 1
Número de threads: 1
Número máximo de gerações: 364

Largura da faixa = 32
Melhor altura = 52

Lower Bound 1 = 46
Lower Bound 2 = 32
Avaliação = 1.13043

Tempo de execução: 4.03422s

---------------------------

Tamanho da população: 392
Fração elite: 0.2567
Fração mutante: 0.0202
Probabilidade herdar alelo elite: 0.6001
Número de populações independentes: 1
Número de threads: 1
Número máximo de gerações: 364

Largura da faixa = 32
Melhor altura = 51

Lower Bound 1 = 46
Lower Bound 2 = 32
Avaliação = 1.1087

Tempo de execução: 4.08117s

---------------------------

Tamanho da população: 392
Fração elite: 0.2567
Fração mutante: 0.0202
Probabilidade herdar alelo elite: 0.6001
Número de populações independentes: 1
Número de threads: 1
Número máximo de gerações: 364

Largura da faixa = 32
Melhor altura = 52

Lower Bound 1 = 46
Lower Bound 2 = 32
Avaliação = 1.13043

Tempo de execução: 3.92496s

---------------------------

Tamanho da população: 392
Fração elite: 0.2567
Fração mutante: 0.0202
Probabilidade herdar alelo elite: 0.6001
Número de populações independentes: 1
Número de threads: 1
Número máximo de gerações: 364

Largura da faixa = 32
Melhor altura = 52

Lower Bound 1 = 46
Lower Bound 2 = 32
Avaliação = 1.13043

Tempo de execução: 4.26854s

---------------------------

Tamanho da população: 392
Fração elite: 0.2567
Fração mutante: 0.0202
Probabilidade herdar alelo elite: 0.6001
Número de populações independentes: 1
Número de threads: 1
Número máximo de gerações: 364

Largura da faixa = 32
Melhor altura = 52

Lower Bound 1 = 46
Lower Bound 2 = 32
Avaliação = 1.13043

Tempo de execução: 4.47628s

---------------------------

Tamanho da população: 392
Fração elite: 0.2567
Fração mutante: 0.0202
Probabilidade herdar alelo elite: 0.6001
Número de populações independentes: 1
Número de threads: 1
Número máximo de gerações: 364

Largura da faixa = 32
Melhor altura = 52

Lower Bound 1 = 46
Lower Bound 2 = 32
Avaliação = 1.13043

Tempo de execução: 3.94409s

---------------------------

Tamanho da população: 392
Fração elite: 0.2567
Fração mutante: 0.0202
Probabilidade herdar alelo elite: 0.6001
Número de populações independentes: 1
Número de threads: 1
Número máximo de gerações: 364

Largura da faixa = 32
Melhor altura = 52

Lower Bound 1 = 46
Lower Bound 2 = 32
Avaliação = 1.13043

Tempo de execução: 4.05486s

---------------------------

