Número de cromossomos: 40
Tamanho da população: 500
Fração elite: 0.2
Fração mutante: 0.1
Probabilidade herdar alelo elite: 0.7
Número de populações independentes: 3
Número de threads: 1
Melhor até agora: 503 Geração: 0
Largura da faixa = 72
Melhor altura = 503

Lower Bound 1 = 88
Lower Bound 2 = 73
Avaliação = 5.71591
Tempo de execução: 6112ms

---------------------------

Número de cromossomos: 40
Tamanho da população: 1000
Fração elite: 0.2
Fração mutante: 0.1
Probabilidade herdar alelo elite: 0.7
Número de populações independentes: 5
Número de threads: 2
Melhor até agora: 503 Geração: 0
Largura da faixa = 72
Melhor altura = 503

Lower Bound 1 = 88
Lower Bound 2 = 73
Avaliação = 5.71591
Tempo de execução: 12198ms

---------------------------

Número de cromossomos: 40
Tamanho da população: 1000
Fração elite: 0.3
Fração mutante: 0.4
Probabilidade herdar alelo elite: 0.8
Número de populações independentes: 3
Número de threads: 2
Melhor até agora: 503 Geração: 0
Largura da faixa = 72
Melhor altura = 503

Lower Bound 1 = 88
Lower Bound 2 = 73
Avaliação = 5.71591
Tempo de execução: 7009ms

---------------------------

Número de cromossomos: 40
Tamanho da população: 1500
Fração elite: 0.3
Fração mutante: 0.7
Probabilidade herdar alelo elite: 0.7
Número de populações independentes: 6
Número de threads: 14
Trocar os melhores indivíduos a cada 1000 gerações
Número máximo de gerações: 100

Melhor até agora: 245 Geração: 0
Largura da faixa = 72
Melhor altura = 245

Lower Bound 1 = 88
Lower Bound 2 = 73
Avaliação = 2.78409

Tempo de execução: 16764ms

---------------------------

Número de cromossomos: 40
Tamanho da população: 50
Fração elite: 0.3
Fração mutante: 0.7
Probabilidade herdar alelo elite: 0.6
Número de populações independentes: 4
Número de threads: 1
Trocar os melhores indivíduos a cada 600 gerações
Número máximo de gerações: 100

Melhor até agora: 241 Geração: 0
Iteração: 0
Número de swaps entre camadas = 5
Largura da faixa = 72
Melhor altura = 109

Lower Bound 1 = 88
Lower Bound 2 = 73
Avaliação = 1.23864

Tempo de execução: 8s

---------------------------

Número de cromossomos: 40
Tamanho da população: 60
Fração elite: 0.3
Fração mutante: 0.7
Probabilidade herdar alelo elite: 0.6
Número de populações independentes: 2
Número de threads: 1
Trocar os melhores indivíduos a cada 100 gerações
Número máximo de gerações: 100

Melhor até agora: 241 Geração: 0
Iteração: 2
Número de swaps entre camadas = 5
Largura da faixa = 72
Melhor altura = 137

Lower Bound 1 = 88
Lower Bound 2 = 73
Avaliação = 1.55682

Tempo de execução: 7s

---------------------------

Número de cromossomos: 40
Tamanho da população: 60
Fração elite: 0.3
Fração mutante: 0.7
Probabilidade herdar alelo elite: 0.6
Número de populações independentes: 2
Número de threads: 14
Trocar os melhores indivíduos a cada 100 gerações
Número máximo de gerações: 100

Melhor até agora: 222 Geração: 0
Iteração: 0
Número de cromossomos: 40
Tamanho da população: 60
Fração elite: 0.3
Fração mutante: 0.7
Probabilidade herdar alelo elite: 0.6
Número de populações independentes: 2
Número de threads: 14
Trocar os melhores indivíduos a cada 100 gerações
Número máximo de gerações: 100

Tamanho da população: 200
Fração elite: 0.2
Fração mutante: 0.2
Probabilidade herdar alelo elite: 0.5
Número de populações independentes: 3
Número de threads: 14
Trocar os melhores indivíduos a cada 40 gerações
Número máximo de gerações: 60
Número máximo de iterações sem melhora: 50
Melhor até agora: 134 Geração: 0
Iteração: 0
Melhor até agora: 113 Geração: 1
Iteração: 0
Melhor até agora: 109 Geração: 4
Iteração: 0
Melhor até agora: 106 Geração: 5
Iteração: 0
Melhor até agora: 105 Geração: 12
Iteração: 1
Número de swaps entre camadas = 5
Largura da faixa = 72
Melhor altura = 105

Lower Bound 1 = 88
Lower Bound 2 = 73
Avaliação = 1.19318

Tempo de execução: 5s

---------------------------

Número de cromossomos: 40
Tamanho da população: 60
Fração elite: 0.3
Fração mutante: 0.7
Probabilidade herdar alelo elite: 0.6
Número de populações independentes: 2
Número de threads: 14
Trocar os melhores indivíduos a cada 100 gerações
Número máximo de gerações: 100

Melhor até agora: 222 Geração: 5
Iteração: 1
Número de cromossomos: 40
Tamanho da população: 60
Fração elite: 0.3
Fração mutante: 0.7
Probabilidade herdar alelo elite: 0.6
Número de populações independentes: 2
Número de threads: 14
Trocar os melhores indivíduos a cada 100 gerações
Número máximo de gerações: 100

Tamanho da população: 250
Fração elite: 0.15
Fração mutante: 0.2
Probabilidade herdar alelo elite: 0.55
Número de populações independentes: 3
Número de threads: 14
Trocar os melhores indivíduos a cada 40 gerações
Número máximo de gerações: 130
Número máximo de iterações sem melhora: 30
Número de swaps entre camadas = 10
Largura da faixa = 72
Melhor altura = 222

Lower Bound 1 = 88
Lower Bound 2 = 73
Avaliação = 2.52273

Tempo de execução: 2s

---------------------------

Número de cromossomos: 40
Tamanho da população: 60
Fração elite: 0.3
Fração mutante: 0.7
Probabilidade herdar alelo elite: 0.6
Número de populações independentes: 2
Número de threads: 14
Trocar os melhores indivíduos a cada 100 gerações
Número máximo de gerações: 100

Melhor até agora: 241 Geração: 0
Iteração: 1
Número de cromossomos: 40
Tamanho da população: 60
Fração elite: 0.3
Fração mutante: 0.7
Probabilidade herdar alelo elite: 0.6
Número de populações independentes: 2
Número de threads: 14
Trocar os melhores indivíduos a cada 100 gerações
Número máximo de gerações: 100

Tamanho da população: 250
Fração elite: 0.15
Fração mutante: 0.2
Probabilidade herdar alelo elite: 0.55
Número de populações independentes: 3
Número de threads: 14
Trocar os melhores indivíduos a cada 40 gerações
Número máximo de gerações: 130
Número máximo de iterações sem melhora: 30
Melhor até agora: 131 Geração: 13
Iteração: 0
Melhor até agora: 112 Geração: 18
Iteração: 0
Número de swaps entre camadas = 10
Largura da faixa = 72
Melhor altura = 112

Lower Bound 1 = 88
Lower Bound 2 = 73
Avaliação = 1.27273

Tempo de execução: 2s

---------------------------

Número de cromossomos: 40
Tamanho da população: 60
Fração elite: 0.3
Fração mutante: 0.7
Probabilidade herdar alelo elite: 0.6
Número de populações independentes: 2
Número de threads: 14
Trocar os melhores indivíduos a cada 100 gerações
Número máximo de gerações: 100

Melhor até agora: 241 Geração: 0
Iteração: 1
Número de cromossomos: 40
Tamanho da população: 60
Fração elite: 0.3
Fração mutante: 0.7
Probabilidade herdar alelo elite: 0.6
Número de populações independentes: 2
Número de threads: 14
Trocar os melhores indivíduos a cada 100 gerações
Número máximo de gerações: 100

Tamanho da população: 250
Fração elite: 0.15
Fração mutante: 0.2
Probabilidade herdar alelo elite: 0.55
Número de populações independentes: 3
Número de threads: 14
Trocar os melhores indivíduos a cada 40 gerações
Número máximo de gerações: 130
Número máximo de iterações sem melhora: 30
Melhor até agora: 139 Geração: 12
Iteração: 0
Melhor até agora: 136 Geração: 14
Iteração: 0
Melhor até agora: 120 Geração: 19
Iteração: 0
Melhor até agora: 112 Geração: 31
Iteração: 0
Melhor até agora: 110 Geração: 47
Iteração: 0
Melhor até agora: 109 Geração: 55
Iteração: 0
Número de swaps entre camadas = 10
Largura da faixa = 72
Melhor altura = 109

Lower Bound 1 = 88
Lower Bound 2 = 73
Avaliação = 1.23864

Tempo de execução: 3s

---------------------------

Número de cromossomos: 40
Tamanho da população: 60
Fração elite: 0.3
Fração mutante: 0.7
Probabilidade herdar alelo elite: 0.6
Número de populações independentes: 2
Número de threads: 14
Trocar os melhores indivíduos a cada 100 gerações
Número máximo de gerações: 100

Número de cromossomos: 40
Tamanho da população: 60
Fração elite: 0.3
Fração mutante: 0.7
Probabilidade herdar alelo elite: 0.6
Número de populações independentes: 2
Número de threads: 14
Trocar os melhores indivíduos a cada 100 gerações
Número máximo de gerações: 100

Tamanho da população: 250
Fração elite: 0.15
Fração mutante: 0.2
Probabilidade herdar alelo elite: 0.55
Número de populações independentes: 3
Número de threads: 14
Trocar os melhores indivíduos a cada 40 gerações
Número máximo de gerações: 130
Número máximo de iterações sem melhora: 30
Melhor até agora: 140 Geração: 8
Iteração: 0
Melhor até agora: 137 Geração: 18
Iteração: 0
Melhor até agora: 134 Geração: 20
Iteração: 0
Melhor até agora: 112 Geração: 21
Iteração: 0
Número de swaps entre camadas = 10
Largura da faixa = 72
Melhor altura = 112

Lower Bound 1 = 88
Lower Bound 2 = 73
Avaliação = 1.27273

Tempo de execução: 2s

---------------------------

Número de cromossomos: 40
Tamanho da população: 60
Fração elite: 0.3
Fração mutante: 0.7
Probabilidade herdar alelo elite: 0.6
Número de populações independentes: 2
Número de threads: 14
Trocar os melhores indivíduos a cada 100 gerações
Número máximo de gerações: 100

Melhor até agora: 234 Geração: 0
Iteração: 1
Número de cromossomos: 40
Tamanho da população: 60
Fração elite: 0.3
Fração mutante: 0.7
Probabilidade herdar alelo elite: 0.6
Número de populações independentes: 2
Número de threads: 14
Trocar os melhores indivíduos a cada 100 gerações
Número máximo de gerações: 100

Tamanho da população: 250
Fração elite: 0.15
Fração mutante: 0.2
Probabilidade herdar alelo elite: 0.55
Número de populações independentes: 3
Número de threads: 14
Trocar os melhores indivíduos a cada 40 gerações
Número máximo de gerações: 130
Número máximo de iterações sem melhora: 30
Melhor até agora: 134 Geração: 12
Iteração: 0
Melhor até agora: 131 Geração: 14
Iteração: 0
Melhor até agora: 117 Geração: 18
Iteração: 0
Melhor até agora: 112 Geração: 25
Iteração: 0
Número de swaps entre camadas = 10
Largura da faixa = 72
Melhor altura = 112

Lower Bound 1 = 88
Lower Bound 2 = 73
Avaliação = 1.27273

Tempo de execução: 3s

---------------------------

Número de cromossomos: 40
Tamanho da população: 60
Fração elite: 0.3
Fração mutante: 0.7
Probabilidade herdar alelo elite: 0.6
Número de populações independentes: 2
Número de threads: 14
Trocar os melhores indivíduos a cada 100 gerações
Número máximo de gerações: 100

Melhor até agora: 241 Geração: 0
Iteração: 1
Número de cromossomos: 40
Tamanho da população: 60
Fração elite: 0.3
Fração mutante: 0.7
Probabilidade herdar alelo elite: 0.6
Número de populações independentes: 2
Número de threads: 14
Trocar os melhores indivíduos a cada 100 gerações
Número máximo de gerações: 100

Tamanho da população: 250
Fração elite: 0.15
Fração mutante: 0.2
Probabilidade herdar alelo elite: 0.55
Número de populações independentes: 3
Número de threads: 14
Trocar os melhores indivíduos a cada 40 gerações
Número máximo de gerações: 130
Número máximo de iterações sem melhora: 30
Melhor até agora: 155 Geração: 12
Iteração: 0
Melhor até agora: 123 Geração: 18
Iteração: 0
Melhor até agora: 119 Geração: 42
Iteração: 0
Número de swaps entre camadas = 10
Largura da faixa = 72
Melhor altura = 119

Lower Bound 1 = 88
Lower Bound 2 = 73
Avaliação = 1.35227

Tempo de execução: 4s

---------------------------

Número de cromossomos: 40
Tamanho da população: 60
Fração elite: 0.3
Fração mutante: 0.7
Probabilidade herdar alelo elite: 0.6
Número de populações independentes: 2
Número de threads: 14
Trocar os melhores indivíduos a cada 100 gerações
Número máximo de gerações: 100

Número de cromossomos: 40
Tamanho da população: 60
Fração elite: 0.3
Fração mutante: 0.7
Probabilidade herdar alelo elite: 0.6
Número de populações independentes: 2
Número de threads: 14
Trocar os melhores indivíduos a cada 100 gerações
Número máximo de gerações: 100

Tamanho da população: 250
Fração elite: 0.15
Fração mutante: 0.2
Probabilidade herdar alelo elite: 0.55
Número de populações independentes: 3
Número de threads: 14
Trocar os melhores indivíduos a cada 40 gerações
Número máximo de gerações: 130
Número máximo de iterações sem melhora: 30
Melhor até agora: 141 Geração: 9
Iteração: 0
Melhor até agora: 138 Geração: 14
Iteração: 0
Melhor até agora: 117 Geração: 15
Iteração: 0
Melhor até agora: 107 Geração: 34
Iteração: 0
Número de swaps entre camadas = 10
Largura da faixa = 72
Melhor altura = 107

Lower Bound 1 = 88
Lower Bound 2 = 73
Avaliação = 1.21591

Tempo de execução: 2s

---------------------------

Número de cromossomos: 40
Tamanho da população: 60
Fração elite: 0.3
Fração mutante: 0.7
Probabilidade herdar alelo elite: 0.6
Número de populações independentes: 2
Número de threads: 14
Trocar os melhores indivíduos a cada 100 gerações
Número máximo de gerações: 100

Número de cromossomos: 40
Tamanho da população: 60
Fração elite: 0.3
Fração mutante: 0.7
Probabilidade herdar alelo elite: 0.6
Número de populações independentes: 2
Número de threads: 14
Trocar os melhores indivíduos a cada 100 gerações
Número máximo de gerações: 100

Tamanho da população: 250
Fração elite: 0.15
Fração mutante: 0.2
Probabilidade herdar alelo elite: 0.55
Número de populações independentes: 3
Número de threads: 14
Trocar os melhores indivíduos a cada 40 gerações
Número máximo de gerações: 130
Número máximo de iterações sem melhora: 30
Melhor até agora: 162 Geração: 10
Iteração: 0
Melhor até agora: 117 Geração: 12
Iteração: 0
Melhor até agora: 116 Geração: 27
Iteração: 0
Melhor até agora: 112 Geração: 31
Iteração: 0
Número de swaps entre camadas = 10
Largura da faixa = 72
Melhor altura = 112

Lower Bound 1 = 88
Lower Bound 2 = 73
Avaliação = 1.27273

Tempo de execução: 2s

---------------------------

Número de cromossomos: 40
Tamanho da população: 60
Fração elite: 0.3
Fração mutante: 0.7
Probabilidade herdar alelo elite: 0.6
Número de populações independentes: 2
Número de threads: 14
Trocar os melhores indivíduos a cada 100 gerações
Número máximo de gerações: 100

Número de cromossomos: 40
Tamanho da população: 60
Fração elite: 0.3
Fração mutante: 0.7
Probabilidade herdar alelo elite: 0.6
Número de populações independentes: 2
Número de threads: 14
Trocar os melhores indivíduos a cada 100 gerações
Número máximo de gerações: 100

Tamanho da população: 250
Fração elite: 0.15
Fração mutante: 0.2
Probabilidade herdar alelo elite: 0.55
Número de populações independentes: 3
Número de threads: 14
Trocar os melhores indivíduos a cada 40 gerações
Número máximo de gerações: 130
Número máximo de iterações sem melhora: 30
Melhor até agora: 109 Geração: 10
Iteração: 0
Número de swaps entre camadas = 10
Largura da faixa = 72
Melhor altura = 109

Lower Bound 1 = 88
Lower Bound 2 = 73
Avaliação = 1.23864

Tempo de execução: 2s

---------------------------

Número de cromossomos: 40
Tamanho da população: 60
Fração elite: 0.3
Fração mutante: 0.7
Probabilidade herdar alelo elite: 0.6
Número de populações independentes: 2
Número de threads: 14
Trocar os melhores indivíduos a cada 100 gerações
Número máximo de gerações: 100

Melhor até agora: 241 Geração: 0
Iteração: 1
Número de cromossomos: 40
Tamanho da população: 60
Fração elite: 0.3
Fração mutante: 0.7
Probabilidade herdar alelo elite: 0.6
Número de populações independentes: 2
Número de threads: 14
Trocar os melhores indivíduos a cada 100 gerações
Número máximo de gerações: 100

Tamanho da população: 250
Fração elite: 0.15
Fração mutante: 0.2
Probabilidade herdar alelo elite: 0.55
Número de populações independentes: 3
Número de threads: 14
Trocar os melhores indivíduos a cada 40 gerações
Número máximo de gerações: 130
Número máximo de iterações sem melhora: 30
Melhor até agora: 154 Geração: 16
Iteração: 0
Melhor até agora: 136 Geração: 19
Iteração: 0
Melhor até agora: 131 Geração: 33
Iteração: 0
Melhor até agora: 130 Geração: 41
Iteração: 0
Número de swaps entre camadas = 10
Largura da faixa = 72
Melhor altura = 130

Lower Bound 1 = 88
Lower Bound 2 = 73
Avaliação = 1.47727

Tempo de execução: 3s

---------------------------

Número de cromossomos: 40
Tamanho da população: 60
Fração elite: 0.3
Fração mutante: 0.7
Probabilidade herdar alelo elite: 0.6
Número de populações independentes: 2
Número de threads: 14
Trocar os melhores indivíduos a cada 100 gerações
Número máximo de gerações: 100

Melhor até agora: 241 Geração: 0
Iteração: 0
Número de cromossomos: 40
Tamanho da população: 60
Fração elite: 0.3
Fração mutante: 0.7
Probabilidade herdar alelo elite: 0.6
Número de populações independentes: 2
Número de threads: 14
Trocar os melhores indivíduos a cada 100 gerações
Número máximo de gerações: 100

Tamanho da população: 250
Fração elite: 0.15
Fração mutante: 0.2
Probabilidade herdar alelo elite: 0.55
Número de populações independentes: 3
Número de threads: 14
Trocar os melhores indivíduos a cada 40 gerações
Número máximo de gerações: 130
Número máximo de iterações sem melhora: 30
Melhor até agora: 138 Geração: 0
Iteração: 0
Melhor até agora: 131 Geração: 9
Iteração: 0
Melhor até agora: 130 Geração: 13
Iteração: 0
Melhor até agora: 125 Geração: 14
Iteração: 0
Melhor até agora: 123 Geração: 16
Iteração: 0
Melhor até agora: 122 Geração: 21
Iteração: 0
Número de swaps entre camadas = 10
Largura da faixa = 72
Melhor altura = 122

Lower Bound 1 = 88
Lower Bound 2 = 73
Avaliação = 1.38636

Tempo de execução: 2s

---------------------------

Número de cromossomos: 40
Tamanho da população: 60
Fração elite: 0.3
Fração mutante: 0.7
Probabilidade herdar alelo elite: 0.6
Número de populações independentes: 2
Número de threads: 14
Trocar os melhores indivíduos a cada 100 gerações
Número máximo de gerações: 100

Melhor até agora: 241 Geração: 0
Iteração: 0
Número de cromossomos: 40
Tamanho da população: 60
Fração elite: 0.3
Fração mutante: 0.7
Probabilidade herdar alelo elite: 0.6
Número de populações independentes: 2
Número de threads: 14
Trocar os melhores indivíduos a cada 100 gerações
Número máximo de gerações: 100

Tamanho da população: 250
Fração elite: 0.15
Fração mutante: 0.2
Probabilidade herdar alelo elite: 0.55
Número de populações independentes: 3
Número de threads: 14
Trocar os melhores indivíduos a cada 40 gerações
Número máximo de gerações: 130
Número máximo de iterações sem melhora: 30
Melhor até agora: 131 Geração: 15
Iteração: 0
Melhor até agora: 123 Geração: 22
Iteração: 0
Melhor até agora: 116 Geração: 48
Iteração: 0
Melhor até agora: 112 Geração: 72
Iteração: 0
Melhor até agora: 105 Geração: 75
Iteração: 0
Número de swaps entre camadas = 10
Largura da faixa = 72
Melhor altura = 105

Lower Bound 1 = 88
Lower Bound 2 = 73
Avaliação = 1.19318

Tempo de execução: 3s

---------------------------

Número de cromossomos: 40
Tamanho da população: 60
Fração elite: 0.3
Fração mutante: 0.7
Probabilidade herdar alelo elite: 0.6
Número de populações independentes: 2
Número de threads: 14
Trocar os melhores indivíduos a cada 100 gerações
Número máximo de gerações: 100

Melhor até agora: 241 Geração: 0
Iteração: 1
Número de cromossomos: 40
Tamanho da população: 60
Fração elite: 0.3
Fração mutante: 0.7
Probabilidade herdar alelo elite: 0.6
Número de populações independentes: 2
Número de threads: 14
Trocar os melhores indivíduos a cada 100 gerações
Número máximo de gerações: 100

Tamanho da população: 250
Fração elite: 0.15
Fração mutante: 0.2
Probabilidade herdar alelo elite: 0.55
Número de populações independentes: 3
Número de threads: 14
Trocar os melhores indivíduos a cada 40 gerações
Número máximo de gerações: 130
Número máximo de iterações sem melhora: 30
Melhor até agora: 142 Geração: 12
Iteração: 0
Melhor até agora: 131 Geração: 14
Iteração: 0
Melhor até agora: 112 Geração: 23
Iteração: 0
Número de swaps entre camadas = 10
Largura da faixa = 72
Melhor altura = 112

Lower Bound 1 = 88
Lower Bound 2 = 73
Avaliação = 1.27273

Tempo de execução: 3s

---------------------------

Número de cromossomos: 40
Tamanho da população: 60
Fração elite: 0.3
Fração mutante: 0.7
Probabilidade herdar alelo elite: 0.6
Número de populações independentes: 2
Número de threads: 14
Trocar os melhores indivíduos a cada 100 gerações
Número máximo de gerações: 100

Número de cromossomos: 40
Tamanho da população: 60
Fração elite: 0.3
Fração mutante: 0.7
Probabilidade herdar alelo elite: 0.6
Número de populações independentes: 2
Número de threads: 14
Trocar os melhores indivíduos a cada 100 gerações
Número máximo de gerações: 100

Tamanho da população: 250
Fração elite: 0.15
Fração mutante: 0.2
Probabilidade herdar alelo elite: 0.55
Número de populações independentes: 3
Número de threads: 14
Trocar os melhores indivíduos a cada 40 gerações
Número máximo de gerações: 130
Número máximo de iterações sem melhora: 30
Melhor até agora: 145 Geração: 12
Iteração: 0
Melhor até agora: 142 Geração: 13
Iteração: 0
Melhor até agora: 141 Geração: 14
Iteração: 0
Melhor até agora: 140 Geração: 19
Iteração: 0
Melhor até agora: 130 Geração: 20
Iteração: 0
Melhor até agora: 126 Geração: 24
Iteração: 0
Melhor até agora: 114 Geração: 29
Iteração: 0
Número de swaps entre camadas = 10
Largura da faixa = 72
Melhor altura = 114

Lower Bound 1 = 88
Lower Bound 2 = 73
Avaliação = 1.29545

Tempo de execução: 2s

---------------------------

Número de cromossomos: 40
Tamanho da população: 60
Fração elite: 0.3
Fração mutante: 0.7
Probabilidade herdar alelo elite: 0.6
Número de populações independentes: 2
Número de threads: 14
Trocar os melhores indivíduos a cada 100 gerações
Número máximo de gerações: 100

Número de cromossomos: 40
Tamanho da população: 60
Fração elite: 0.3
Fração mutante: 0.7
Probabilidade herdar alelo elite: 0.6
Número de populações independentes: 2
Número de threads: 14
Trocar os melhores indivíduos a cada 100 gerações
Número máximo de gerações: 100

Tamanho da população: 250
Fração elite: 0.15
Fração mutante: 0.2
Probabilidade herdar alelo elite: 0.55
Número de populações independentes: 3
Número de threads: 14
Trocar os melhores indivíduos a cada 40 gerações
Número máximo de gerações: 130
Número máximo de iterações sem melhora: 30
Melhor até agora: 138 Geração: 12
Iteração: 0
Melhor até agora: 137 Geração: 15
Iteração: 0
Melhor até agora: 109 Geração: 30
Iteração: 0
Número de swaps entre camadas = 10
Largura da faixa = 72
Melhor altura = 109

Lower Bound 1 = 88
Lower Bound 2 = 73
Avaliação = 1.23864

Tempo de execução: 2s

---------------------------

Número de cromossomos: 40
Tamanho da população: 60
Fração elite: 0.3
Fração mutante: 0.7
Probabilidade herdar alelo elite: 0.6
Número de populações independentes: 2
Número de threads: 14
Trocar os melhores indivíduos a cada 100 gerações
Número máximo de gerações: 100

Número de cromossomos: 40
Tamanho da população: 60
Fração elite: 0.3
Fração mutante: 0.7
Probabilidade herdar alelo elite: 0.6
Número de populações independentes: 2
Número de threads: 14
Trocar os melhores indivíduos a cada 100 gerações
Número máximo de gerações: 100

Tamanho da população: 250
Fração elite: 0.15
Fração mutante: 0.2
Probabilidade herdar alelo elite: 0.55
Número de populações independentes: 3
Número de threads: 14
Trocar os melhores indivíduos a cada 40 gerações
Número máximo de gerações: 130
Número máximo de iterações sem melhora: 30
Melhor até agora: 150 Geração: 13
Iteração: 0
Melhor até agora: 134 Geração: 19
Iteração: 0
Melhor até agora: 131 Geração: 23
Iteração: 0
Melhor até agora: 123 Geração: 29
Iteração: 0
Melhor até agora: 117 Geração: 34
Iteração: 0
Melhor até agora: 109 Geração: 56
Iteração: 0
Número de swaps entre camadas = 10
Largura da faixa = 72
Melhor altura = 109

Lower Bound 1 = 88
Lower Bound 2 = 73
Avaliação = 1.23864

Tempo de execução: 2s

---------------------------

Número de cromossomos: 40
Tamanho da população: 60
Fração elite: 0.3
Fração mutante: 0.7
Probabilidade herdar alelo elite: 0.6
Número de populações independentes: 2
Número de threads: 14
Trocar os melhores indivíduos a cada 100 gerações
Número máximo de gerações: 100

Número de cromossomos: 40
Tamanho da população: 60
Fração elite: 0.3
Fração mutante: 0.7
Probabilidade herdar alelo elite: 0.6
Número de populações independentes: 2
Número de threads: 14
Trocar os melhores indivíduos a cada 100 gerações
Número máximo de gerações: 100

Tamanho da população: 250
Fração elite: 0.15
Fração mutante: 0.2
Probabilidade herdar alelo elite: 0.55
Número de populações independentes: 3
Número de threads: 14
Trocar os melhores indivíduos a cada 40 gerações
Número máximo de gerações: 130
Número máximo de iterações sem melhora: 30
Melhor até agora: 137 Geração: 15
Iteração: 0
Melhor até agora: 134 Geração: 19
Iteração: 0
Melhor até agora: 119 Geração: 23
Iteração: 0
Melhor até agora: 117 Geração: 27
Iteração: 0
Melhor até agora: 112 Geração: 34
Iteração: 0
Número de swaps entre camadas = 10
Largura da faixa = 72
Melhor altura = 112

Lower Bound 1 = 88
Lower Bound 2 = 73
Avaliação = 1.27273

Tempo de execução: 2s

---------------------------

Número de cromossomos: 40
Tamanho da população: 60
Fração elite: 0.3
Fração mutante: 0.7
Probabilidade herdar alelo elite: 0.6
Número de populações independentes: 2
Número de threads: 14
Trocar os melhores indivíduos a cada 100 gerações
Número máximo de gerações: 100

Número de cromossomos: 40
Tamanho da população: 60
Fração elite: 0.3
Fração mutante: 0.7
Probabilidade herdar alelo elite: 0.6
Número de populações independentes: 2
Número de threads: 14
Trocar os melhores indivíduos a cada 100 gerações
Número máximo de gerações: 100

Tamanho da população: 250
Fração elite: 0.15
Fração mutante: 0.2
Probabilidade herdar alelo elite: 0.55
Número de populações independentes: 3
Número de threads: 14
Trocar os melhores indivíduos a cada 40 gerações
Número máximo de gerações: 130
Número máximo de iterações sem melhora: 30
Melhor até agora: 151 Geração: 10
Iteração: 0
Melhor até agora: 139 Geração: 14
Iteração: 0
Melhor até agora: 138 Geração: 19
Iteração: 0
Melhor até agora: 135 Geração: 21
Iteração: 0
Melhor até agora: 134 Geração: 23
Iteração: 0
Melhor até agora: 109 Geração: 25
Iteração: 0
Melhor até agora: 108 Geração: 41
Iteração: 0
Melhor até agora: 106 Geração: 50
Iteração: 0
Melhor até agora: 105 Geração: 54
Iteração: 0
Número de swaps entre camadas = 10
Largura da faixa = 72
Melhor altura = 105

Lower Bound 1 = 88
Lower Bound 2 = 73
Avaliação = 1.19318

Tempo de execução: 2s

---------------------------

Número de cromossomos: 40
Tamanho da população: 60
Fração elite: 0.3
Fração mutante: 0.7
Probabilidade herdar alelo elite: 0.6
Número de populações independentes: 2
Número de threads: 14
Trocar os melhores indivíduos a cada 100 gerações
Número máximo de gerações: 100

Número de cromossomos: 40
Tamanho da população: 60
Fração elite: 0.3
Fração mutante: 0.7
Probabilidade herdar alelo elite: 0.6
Número de populações independentes: 2
Número de threads: 14
Trocar os melhores indivíduos a cada 100 gerações
Número máximo de gerações: 100

Tamanho da população: 250
Fração elite: 0.15
Fração mutante: 0.2
Probabilidade herdar alelo elite: 0.55
Número de populações independentes: 3
Número de threads: 14
Trocar os melhores indivíduos a cada 40 gerações
Número máximo de gerações: 130
Número máximo de iterações sem melhora: 30
Melhor até agora: 163 Geração: 19
Iteração: 0
Melhor até agora: 159 Geração: 21
Iteração: 0
Melhor até agora: 123 Geração: 22
Iteração: 0
Melhor até agora: 119 Geração: 42
Iteração: 0
Número de swaps entre camadas = 10
Largura da faixa = 72
Melhor altura = 119

Lower Bound 1 = 88
Lower Bound 2 = 73
Avaliação = 1.35227

Tempo de execução: 2s

---------------------------

Número de cromossomos: 40
Tamanho da população: 60
Fração elite: 0.3
Fração mutante: 0.7
Probabilidade herdar alelo elite: 0.6
Número de populações independentes: 2
Número de threads: 14
Trocar os melhores indivíduos a cada 100 gerações
Número máximo de gerações: 100

Número de cromossomos: 40
Tamanho da população: 60
Fração elite: 0.3
Fração mutante: 0.7
Probabilidade herdar alelo elite: 0.6
Número de populações independentes: 2
Número de threads: 14
Trocar os melhores indivíduos a cada 100 gerações
Número máximo de gerações: 100

Tamanho da população: 250
Fração elite: 0.15
Fração mutante: 0.2
Probabilidade herdar alelo elite: 0.55
Número de populações independentes: 3
Número de threads: 14
Trocar os melhores indivíduos a cada 40 gerações
Número máximo de gerações: 130
Número máximo de iterações sem melhora: 30
Melhor até agora: 131 Geração: 0
Iteração: 0
Melhor até agora: 130 Geração: 10
Iteração: 0
Melhor até agora: 112 Geração: 17
Iteração: 0
Número de swaps entre camadas = 10
Largura da faixa = 72
Melhor altura = 112

Lower Bound 1 = 88
Lower Bound 2 = 73
Avaliação = 1.27273

Tempo de execução: 2s

---------------------------

Número de cromossomos: 40
Tamanho da população: 60
Fração elite: 0.3
Fração mutante: 0.7
Probabilidade herdar alelo elite: 0.6
Número de populações independentes: 2
Número de threads: 14
Trocar os melhores indivíduos a cada 100 gerações
Número máximo de gerações: 100

Número de cromossomos: 40
Tamanho da população: 60
Fração elite: 0.3
Fração mutante: 0.7
Probabilidade herdar alelo elite: 0.6
Número de populações independentes: 2
Número de threads: 14
Trocar os melhores indivíduos a cada 100 gerações
Número máximo de gerações: 100

Tamanho da população: 250
Fração elite: 0.15
Fração mutante: 0.2
Probabilidade herdar alelo elite: 0.55
Número de populações independentes: 3
Número de threads: 14
Trocar os melhores indivíduos a cada 40 gerações
Número máximo de gerações: 130
Número máximo de iterações sem melhora: 50
Melhor até agora: 162 Geração: 10
Iteração: 0
Melhor até agora: 131 Geração: 19
Iteração: 0
Melhor até agora: 119 Geração: 21
Iteração: 0
Melhor até agora: 117 Geração: 24
Iteração: 0
Melhor até agora: 116 Geração: 32
Iteração: 0
Melhor até agora: 109 Geração: 35
Iteração: 0
Número de swaps entre camadas = 0
Largura da faixa = 72
Melhor altura = 109

Lower Bound 1 = 88
Lower Bound 2 = 73
Avaliação = 1.23864

Tempo de execução: 2s

---------------------------

Número de cromossomos: 40
Tamanho da população: 60
Fração elite: 0.3
Fração mutante: 0.7
Probabilidade herdar alelo elite: 0.6
Número de populações independentes: 2
Número de threads: 14
Trocar os melhores indivíduos a cada 100 gerações
Número máximo de gerações: 100

Número de cromossomos: 40
Tamanho da população: 60
Fração elite: 0.3
Fração mutante: 0.7
Probabilidade herdar alelo elite: 0.6
Número de populações independentes: 2
Número de threads: 14
Trocar os melhores indivíduos a cada 100 gerações
Número máximo de gerações: 100

Tamanho da população: 250
Fração elite: 0.15
Fração mutante: 0.2
Probabilidade herdar alelo elite: 0.55
Número de populações independentes: 3
Número de threads: 14
Trocar os melhores indivíduos a cada 40 gerações
Número máximo de gerações: 130
Número máximo de iterações sem melhora: 50
Melhor até agora: 107 Geração: 19
Iteração: 0
Número de swaps entre camadas = 0
Largura da faixa = 72
Melhor altura = 107

Lower Bound 1 = 88
Lower Bound 2 = 73
Avaliação = 1.21591

Tempo de execução: 1s

---------------------------

Número de cromossomos: 40
Tamanho da população: 60
Fração elite: 0.3
Fração mutante: 0.7
Probabilidade herdar alelo elite: 0.6
Número de populações independentes: 2
Número de threads: 14
Trocar os melhores indivíduos a cada 100 gerações
Número máximo de gerações: 100

Número de cromossomos: 40
Tamanho da população: 60
Fração elite: 0.3
Fração mutante: 0.7
Probabilidade herdar alelo elite: 0.6
Número de populações independentes: 2
Número de threads: 14
Trocar os melhores indivíduos a cada 100 gerações
Número máximo de gerações: 100

Tamanho da população: 250
Fração elite: 0.15
Fração mutante: 0.2
Probabilidade herdar alelo elite: 0.55
Número de populações independentes: 3
Número de threads: 14
Trocar os melhores indivíduos a cada 40 gerações
Número máximo de gerações: 130
Número máximo de iterações sem melhora: 50
Melhor até agora: 136 Geração: 18
Iteração: 0
Melhor até agora: 131 Geração: 22
Iteração: 0
Melhor até agora: 123 Geração: 29
Iteração: 0
Melhor até agora: 112 Geração: 36
Iteração: 0
Número de swaps entre camadas = 0
Largura da faixa = 72
Melhor altura = 112

Lower Bound 1 = 88
Lower Bound 2 = 73
Avaliação = 1.27273

Tempo de execução: 2s

---------------------------

Número de cromossomos: 40
Tamanho da população: 60
Fração elite: 0.3
Fração mutante: 0.7
Probabilidade herdar alelo elite: 0.6
Número de populações independentes: 2
Número de threads: 14
Trocar os melhores indivíduos a cada 100 gerações
Número máximo de gerações: 100

Número de cromossomos: 40
Tamanho da população: 60
Fração elite: 0.3
Fração mutante: 0.7
Probabilidade herdar alelo elite: 0.6
Número de populações independentes: 2
Número de threads: 14
Trocar os melhores indivíduos a cada 100 gerações
Número máximo de gerações: 100

Tamanho da população: 250
Fração elite: 0.15
Fração mutante: 0.2
Probabilidade herdar alelo elite: 0.55
Número de populações independentes: 3
Número de threads: 14
Trocar os melhores indivíduos a cada 40 gerações
Número máximo de gerações: 130
Número máximo de iterações sem melhora: 50
Melhor até agora: 154 Geração: 13
Iteração: 0
Melhor até agora: 143 Geração: 21
Iteração: 0
Melhor até agora: 140 Geração: 24
Iteração: 0
Melhor até agora: 135 Geração: 25
Iteração: 0
Melhor até agora: 131 Geração: 30
Iteração: 0
Número de swaps entre camadas = 0
Largura da faixa = 72
Melhor altura = 131

Lower Bound 1 = 88
Lower Bound 2 = 73
Avaliação = 1.48864

Tempo de execução: 1s

---------------------------

Número de cromossomos: 40
Tamanho da população: 60
Fração elite: 0.3
Fração mutante: 0.7
Probabilidade herdar alelo elite: 0.6
Número de populações independentes: 2
Número de threads: 14
Trocar os melhores indivíduos a cada 100 gerações
Número máximo de gerações: 100

Número de cromossomos: 40
Tamanho da população: 60
Fração elite: 0.3
Fração mutante: 0.7
Probabilidade herdar alelo elite: 0.6
Número de populações independentes: 2
Número de threads: 14
Trocar os melhores indivíduos a cada 100 gerações
Número máximo de gerações: 100

Tamanho da população: 250
Fração elite: 0.15
Fração mutante: 0.2
Probabilidade herdar alelo elite: 0.55
Número de populações independentes: 3
Número de threads: 14
Trocar os melhores indivíduos a cada 40 gerações
Número máximo de gerações: 130
Número máximo de iterações sem melhora: 50
Melhor até agora: 146 Geração: 11
Iteração: 0
Melhor até agora: 139 Geração: 15
Iteração: 0
Melhor até agora: 131 Geração: 20
Iteração: 0
Melhor até agora: 117 Geração: 24
Iteração: 0
Melhor até agora: 109 Geração: 27
Iteração: 0
Número de swaps entre camadas = 0
Largura da faixa = 72
Melhor altura = 109

Lower Bound 1 = 88
Lower Bound 2 = 73
Avaliação = 1.23864

Tempo de execução: 1s

---------------------------

Número de cromossomos: 40
Tamanho da população: 60
Fração elite: 0.3
Fração mutante: 0.7
Probabilidade herdar alelo elite: 0.6
Número de populações independentes: 2
Número de threads: 14
Trocar os melhores indivíduos a cada 100 gerações
Número máximo de gerações: 100

Número de cromossomos: 40
Tamanho da população: 60
Fração elite: 0.3
Fração mutante: 0.7
Probabilidade herdar alelo elite: 0.6
Número de populações independentes: 2
Número de threads: 14
Trocar os melhores indivíduos a cada 100 gerações
Número máximo de gerações: 100

Tamanho da população: 250
Fração elite: 0.15
Fração mutante: 0.2
Probabilidade herdar alelo elite: 0.55
Número de populações independentes: 3
Número de threads: 14
Trocar os melhores indivíduos a cada 40 gerações
Número máximo de gerações: 130
Número máximo de iterações sem melhora: 50
Melhor até agora: 162 Geração: 10
Iteração: 0
Melhor até agora: 127 Geração: 16
Iteração: 0
Melhor até agora: 123 Geração: 23
Iteração: 0
Melhor até agora: 112 Geração: 25
Iteração: 0
Melhor até agora: 111 Geração: 26
Iteração: 0
Melhor até agora: 109 Geração: 36
Iteração: 0
Melhor até agora: 107 Geração: 47
Iteração: 0
Número de swaps entre camadas = 0
Largura da faixa = 72
Melhor altura = 107

Lower Bound 1 = 88
Lower Bound 2 = 73
Avaliação = 1.21591

Tempo de execução: 2s

---------------------------

Número de cromossomos: 40
Tamanho da população: 60
Fração elite: 0.3
Fração mutante: 0.7
Probabilidade herdar alelo elite: 0.6
Número de populações independentes: 2
Número de threads: 14
Trocar os melhores indivíduos a cada 100 gerações
Número máximo de gerações: 100

Número de cromossomos: 40
Tamanho da população: 60
Fração elite: 0.3
Fração mutante: 0.7
Probabilidade herdar alelo elite: 0.6
Número de populações independentes: 2
Número de threads: 14
Trocar os melhores indivíduos a cada 100 gerações
Número máximo de gerações: 100

Tamanho da população: 250
Fração elite: 0.15
Fração mutante: 0.2
Probabilidade herdar alelo elite: 0.55
Número de populações independentes: 3
Número de threads: 14
Trocar os melhores indivíduos a cada 40 gerações
Número máximo de gerações: 130
Número máximo de iterações sem melhora: 50
Melhor até agora: 150 Geração: 15
Iteração: 0
Melhor até agora: 135 Geração: 16
Iteração: 0
Melhor até agora: 117 Geração: 22
Iteração: 0
Número de swaps entre camadas = 0
Largura da faixa = 72
Melhor altura = 117

Lower Bound 1 = 88
Lower Bound 2 = 73
Avaliação = 1.32955

Tempo de execução: 1s

---------------------------

Número de cromossomos: 40
Tamanho da população: 60
Fração elite: 0.3
Fração mutante: 0.7
Probabilidade herdar alelo elite: 0.6
Número de populações independentes: 2
Número de threads: 14
Trocar os melhores indivíduos a cada 100 gerações
Número máximo de gerações: 100

Número de cromossomos: 40
Tamanho da população: 60
Fração elite: 0.3
Fração mutante: 0.7
Probabilidade herdar alelo elite: 0.6
Número de populações independentes: 2
Número de threads: 14
Trocar os melhores indivíduos a cada 100 gerações
Número máximo de gerações: 100

Tamanho da população: 250
Fração elite: 0.15
Fração mutante: 0.2
Probabilidade herdar alelo elite: 0.55
Número de populações independentes: 3
Número de threads: 14
Trocar os melhores indivíduos a cada 40 gerações
Número máximo de gerações: 130
Número máximo de iterações sem melhora: 50
Melhor até agora: 150 Geração: 9
Iteração: 0
Melhor até agora: 123 Geração: 13
Iteração: 0
Melhor até agora: 114 Geração: 16
Iteração: 0
Número de swaps entre camadas = 0
Largura da faixa = 72
Melhor altura = 114

Lower Bound 1 = 88
Lower Bound 2 = 73
Avaliação = 1.29545

Tempo de execução: 1s

---------------------------

Número de cromossomos: 40
Tamanho da população: 60
Fração elite: 0.3
Fração mutante: 0.7
Probabilidade herdar alelo elite: 0.6
Número de populações independentes: 2
Número de threads: 14
Trocar os melhores indivíduos a cada 100 gerações
Número máximo de gerações: 100

Número de cromossomos: 40
Tamanho da população: 60
Fração elite: 0.3
Fração mutante: 0.7
Probabilidade herdar alelo elite: 0.6
Número de populações independentes: 2
Número de threads: 14
Trocar os melhores indivíduos a cada 100 gerações
Número máximo de gerações: 100

Tamanho da população: 250
Fração elite: 0.15
Fração mutante: 0.2
Probabilidade herdar alelo elite: 0.55
Número de populações independentes: 3
Número de threads: 14
Trocar os melhores indivíduos a cada 40 gerações
Número máximo de gerações: 130
Número máximo de iterações sem melhora: 50
Melhor até agora: 142 Geração: 9
Iteração: 0
Melhor até agora: 140 Geração: 10
Iteração: 0
Melhor até agora: 131 Geração: 18
Iteração: 0
Melhor até agora: 123 Geração: 21
Iteração: 0
Melhor até agora: 119 Geração: 27
Iteração: 0
Melhor até agora: 109 Geração: 29
Iteração: 0
Número de swaps entre camadas = 0
Largura da faixa = 72
Melhor altura = 109

Lower Bound 1 = 88
Lower Bound 2 = 73
Avaliação = 1.23864

Tempo de execução: 1s

---------------------------

Número de cromossomos: 40
Tamanho da população: 60
Fração elite: 0.3
Fração mutante: 0.7
Probabilidade herdar alelo elite: 0.6
Número de populações independentes: 2
Número de threads: 14
Trocar os melhores indivíduos a cada 100 gerações
Número máximo de gerações: 100

Número de cromossomos: 40
Tamanho da população: 60
Fração elite: 0.3
Fração mutante: 0.7
Probabilidade herdar alelo elite: 0.6
Número de populações independentes: 2
Número de threads: 14
Trocar os melhores indivíduos a cada 100 gerações
Número máximo de gerações: 100

Tamanho da população: 250
Fração elite: 0.15
Fração mutante: 0.2
Probabilidade herdar alelo elite: 0.55
Número de populações independentes: 3
Número de threads: 14
Trocar os melhores indivíduos a cada 40 gerações
Número máximo de gerações: 130
Número máximo de iterações sem melhora: 50
Melhor até agora: 150 Geração: 11
Iteração: 0
Melhor até agora: 134 Geração: 16
Iteração: 0
Melhor até agora: 117 Geração: 22
Iteração: 0
Melhor até agora: 112 Geração: 40
Iteração: 0
Número de swaps entre camadas = 0
Largura da faixa = 72
Melhor altura = 112

Lower Bound 1 = 88
Lower Bound 2 = 73
Avaliação = 1.27273

Tempo de execução: 2s

---------------------------

Número de cromossomos: 40
Tamanho da população: 60
Fração elite: 0.3
Fração mutante: 0.7
Probabilidade herdar alelo elite: 0.6
Número de populações independentes: 2
Número de threads: 14
Trocar os melhores indivíduos a cada 100 gerações
Número máximo de gerações: 100

Número de cromossomos: 40
Tamanho da população: 60
Fração elite: 0.3
Fração mutante: 0.7
Probabilidade herdar alelo elite: 0.6
Número de populações independentes: 2
Número de threads: 14
Trocar os melhores indivíduos a cada 100 gerações
Número máximo de gerações: 100

Tamanho da população: 250
Fração elite: 0.15
Fração mutante: 0.2
Probabilidade herdar alelo elite: 0.55
Número de populações independentes: 3
Número de threads: 14
Trocar os melhores indivíduos a cada 40 gerações
Número máximo de gerações: 130
Número máximo de iterações sem melhora: 50
Melhor até agora: 141 Geração: 13
Iteração: 0
Melhor até agora: 119 Geração: 14
Iteração: 0
Melhor até agora: 117 Geração: 50
Iteração: 0
Melhor até agora: 112 Geração: 86
Iteração: 0
Melhor até agora: 108 Geração: 108
Iteração: 0
Melhor até agora: 107 Geração: 124
Iteração: 0
Número de swaps entre camadas = 0
Largura da faixa = 72
Melhor altura = 107

Lower Bound 1 = 88
Lower Bound 2 = 73
Avaliação = 1.21591

Tempo de execução: 2s

---------------------------

Número de cromossomos: 40
Tamanho da população: 60
Fração elite: 0.3
Fração mutante: 0.7
Probabilidade herdar alelo elite: 0.6
Número de populações independentes: 2
Número de threads: 14
Trocar os melhores indivíduos a cada 100 gerações
Número máximo de gerações: 100

Número de cromossomos: 40
Tamanho da população: 60
Fração elite: 0.3
Fração mutante: 0.7
Probabilidade herdar alelo elite: 0.6
Número de populações independentes: 2
Número de threads: 14
Trocar os melhores indivíduos a cada 100 gerações
Número máximo de gerações: 100

Tamanho da população: 250
Fração elite: 0.15
Fração mutante: 0.2
Probabilidade herdar alelo elite: 0.55
Número de populações independentes: 3
Número de threads: 14
Trocar os melhores indivíduos a cada 40 gerações
Número máximo de gerações: 130
Número máximo de iterações sem melhora: 50
Melhor até agora: 156 Geração: 0
Iteração: 0
Melhor até agora: 152 Geração: 17
Iteração: 0
Melhor até agora: 115 Geração: 18
Iteração: 0
Melhor até agora: 112 Geração: 22
Iteração: 0
Número de swaps entre camadas = 0
Largura da faixa = 72
Melhor altura = 112

Lower Bound 1 = 88
Lower Bound 2 = 73
Avaliação = 1.27273

Tempo de execução: 1s

---------------------------

Número de cromossomos: 40
Tamanho da população: 60
Fração elite: 0.3
Fração mutante: 0.7
Probabilidade herdar alelo elite: 0.6
Número de populações independentes: 2
Número de threads: 14
Trocar os melhores indivíduos a cada 100 gerações
Número máximo de gerações: 100

Número de cromossomos: 40
Tamanho da população: 60
Fração elite: 0.3
Fração mutante: 0.7
Probabilidade herdar alelo elite: 0.6
Número de populações independentes: 2
Número de threads: 14
Trocar os melhores indivíduos a cada 100 gerações
Número máximo de gerações: 100

Tamanho da população: 250
Fração elite: 0.15
Fração mutante: 0.2
Probabilidade herdar alelo elite: 0.55
Número de populações independentes: 3
Número de threads: 14
Trocar os melhores indivíduos a cada 40 gerações
Número máximo de gerações: 130
Número máximo de iterações sem melhora: 50
Melhor até agora: 112 Geração: 13
Iteração: 0
Melhor até agora: 108 Geração: 20
Iteração: 0
Melhor até agora: 107 Geração: 59
Iteração: 0
Número de swaps entre camadas = 0
Largura da faixa = 72
Melhor altura = 107

Lower Bound 1 = 88
Lower Bound 2 = 73
Avaliação = 1.21591

Tempo de execução: 2s

---------------------------

Número de cromossomos: 40
Tamanho da população: 60
Fração elite: 0.3
Fração mutante: 0.7
Probabilidade herdar alelo elite: 0.6
Número de populações independentes: 2
Número de threads: 14
Trocar os melhores indivíduos a cada 100 gerações
Número máximo de gerações: 100

Número de cromossomos: 40
Tamanho da população: 60
Fração elite: 0.3
Fração mutante: 0.7
Probabilidade herdar alelo elite: 0.6
Número de populações independentes: 2
Número de threads: 14
Trocar os melhores indivíduos a cada 100 gerações
Número máximo de gerações: 100

Tamanho da população: 250
Fração elite: 0.15
Fração mutante: 0.2
Probabilidade herdar alelo elite: 0.55
Número de populações independentes: 3
Número de threads: 14
Trocar os melhores indivíduos a cada 40 gerações
Número máximo de gerações: 130
Número máximo de iterações sem melhora: 50
Melhor até agora: 147 Geração: 17
Iteração: 0
Melhor até agora: 139 Geração: 18
Iteração: 0
Melhor até agora: 138 Geração: 22
Iteração: 0
Melhor até agora: 131 Geração: 24
Iteração: 0
Melhor até agora: 109 Geração: 41
Iteração: 0
Número de swaps entre camadas = 0
Largura da faixa = 72
Melhor altura = 109

Lower Bound 1 = 88
Lower Bound 2 = 73
Avaliação = 1.23864

Tempo de execução: 2s

---------------------------

Número de cromossomos: 40
Tamanho da população: 60
Fração elite: 0.3
Fração mutante: 0.7
Probabilidade herdar alelo elite: 0.6
Número de populações independentes: 2
Número de threads: 14
Trocar os melhores indivíduos a cada 100 gerações
Número máximo de gerações: 100

Número de cromossomos: 40
Tamanho da população: 60
Fração elite: 0.3
Fração mutante: 0.7
Probabilidade herdar alelo elite: 0.6
Número de populações independentes: 2
Número de threads: 14
Trocar os melhores indivíduos a cada 100 gerações
Número máximo de gerações: 100

Tamanho da população: 250
Fração elite: 0.15
Fração mutante: 0.2
Probabilidade herdar alelo elite: 0.55
Número de populações independentes: 3
Número de threads: 14
Trocar os melhores indivíduos a cada 40 gerações
Número máximo de gerações: 130
Número máximo de iterações sem melhora: 50
Melhor até agora: 156 Geração: 11
Iteração: 0
Melhor até agora: 123 Geração: 14
Iteração: 0
Melhor até agora: 117 Geração: 15
Iteração: 0
Melhor até agora: 112 Geração: 23
Iteração: 0
Número de swaps entre camadas = 0
Largura da faixa = 72
Melhor altura = 112

Lower Bound 1 = 88
Lower Bound 2 = 73
Avaliação = 1.27273

Tempo de execução: 1s

---------------------------

Número de cromossomos: 40
Tamanho da população: 60
Fração elite: 0.3
Fração mutante: 0.7
Probabilidade herdar alelo elite: 0.6
Número de populações independentes: 2
Número de threads: 14
Trocar os melhores indivíduos a cada 100 gerações
Número máximo de gerações: 100

Número de cromossomos: 40
Tamanho da população: 60
Fração elite: 0.3
Fração mutante: 0.7
Probabilidade herdar alelo elite: 0.6
Número de populações independentes: 2
Número de threads: 14
Trocar os melhores indivíduos a cada 100 gerações
Número máximo de gerações: 100

Tamanho da população: 250
Fração elite: 0.15
Fração mutante: 0.2
Probabilidade herdar alelo elite: 0.55
Número de populações independentes: 3
Número de threads: 14
Trocar os melhores indivíduos a cada 40 gerações
Número máximo de gerações: 130
Número máximo de iterações sem melhora: 50
Melhor até agora: 140 Geração: 16
Iteração: 0
Melhor até agora: 138 Geração: 17
Iteração: 0
Melhor até agora: 131 Geração: 18
Iteração: 0
Melhor até agora: 126 Geração: 20
Iteração: 0
Melhor até agora: 125 Geração: 37
Iteração: 0
Melhor até agora: 122 Geração: 81
Iteração: 0
Número de swaps entre camadas = 0
Largura da faixa = 72
Melhor altura = 122

Lower Bound 1 = 88
Lower Bound 2 = 73
Avaliação = 1.38636

Tempo de execução: 3s

---------------------------

Número de cromossomos: 40
Tamanho da população: 60
Fração elite: 0.3
Fração mutante: 0.7
Probabilidade herdar alelo elite: 0.6
Número de populações independentes: 2
Número de threads: 14
Trocar os melhores indivíduos a cada 100 gerações
Número máximo de gerações: 100

Número de cromossomos: 40
Tamanho da população: 60
Fração elite: 0.3
Fração mutante: 0.7
Probabilidade herdar alelo elite: 0.6
Número de populações independentes: 2
Número de threads: 14
Trocar os melhores indivíduos a cada 100 gerações
Número máximo de gerações: 100

Tamanho da população: 250
Fração elite: 0.15
Fração mutante: 0.2
Probabilidade herdar alelo elite: 0.55
Número de populações independentes: 3
Número de threads: 14
Trocar os melhores indivíduos a cada 40 gerações
Número máximo de gerações: 130
Número máximo de iterações sem melhora: 50
Melhor até agora: 131 Geração: 14
Iteração: 0
Melhor até agora: 119 Geração: 15
Iteração: 0
Melhor até agora: 107 Geração: 25
Iteração: 0
Número de swaps entre camadas = 0
Largura da faixa = 72
Melhor altura = 107

Lower Bound 1 = 88
Lower Bound 2 = 73
Avaliação = 1.21591

Tempo de execução: 1s

---------------------------

Número de cromossomos: 40
Tamanho da população: 60
Fração elite: 0.3
Fração mutante: 0.7
Probabilidade herdar alelo elite: 0.6
Número de populações independentes: 2
Número de threads: 14
Trocar os melhores indivíduos a cada 100 gerações
Número máximo de gerações: 100

Número de cromossomos: 40
Tamanho da população: 60
Fração elite: 0.3
Fração mutante: 0.7
Probabilidade herdar alelo elite: 0.6
Número de populações independentes: 2
Número de threads: 14
Trocar os melhores indivíduos a cada 100 gerações
Número máximo de gerações: 100

Tamanho da população: 250
Fração elite: 0.15
Fração mutante: 0.2
Probabilidade herdar alelo elite: 0.55
Número de populações independentes: 3
Número de threads: 14
Trocar os melhores indivíduos a cada 40 gerações
Número máximo de gerações: 130
Número máximo de iterações sem melhora: 50
Melhor até agora: 150 Geração: 13
Iteração: 0
Melhor até agora: 123 Geração: 16
Iteração: 0
Número de swaps entre camadas = 0
Largura da faixa = 72
Melhor altura = 123

Lower Bound 1 = 88
Lower Bound 2 = 73
Avaliação = 1.39773

Tempo de execução: 1s

---------------------------

Número de cromossomos: 40
Tamanho da população: 60
Fração elite: 0.3
Fração mutante: 0.7
Probabilidade herdar alelo elite: 0.6
Número de populações independentes: 2
Número de threads: 14
Trocar os melhores indivíduos a cada 100 gerações
Número máximo de gerações: 100

Número de cromossomos: 40
Tamanho da população: 60
Fração elite: 0.3
Fração mutante: 0.7
Probabilidade herdar alelo elite: 0.6
Número de populações independentes: 2
Número de threads: 14
Trocar os melhores indivíduos a cada 100 gerações
Número máximo de gerações: 100

Tamanho da população: 250
Fração elite: 0.15
Fração mutante: 0.2
Probabilidade herdar alelo elite: 0.55
Número de populações independentes: 3
Número de threads: 14
Trocar os melhores indivíduos a cada 40 gerações
Número máximo de gerações: 130
Número máximo de iterações sem melhora: 50
Melhor até agora: 142 Geração: 16
Iteração: 0
Melhor até agora: 123 Geração: 17
Iteração: 0
Melhor até agora: 119 Geração: 21
Iteração: 0
Melhor até agora: 112 Geração: 23
Iteração: 0
Número de swaps entre camadas = 0
Largura da faixa = 72
Melhor altura = 112

Lower Bound 1 = 88
Lower Bound 2 = 73
Avaliação = 1.27273

Tempo de execução: 1s

---------------------------

Número de cromossomos: 40
Tamanho da população: 60
Fração elite: 0.3
Fração mutante: 0.7
Probabilidade herdar alelo elite: 0.6
Número de populações independentes: 2
Número de threads: 14
Trocar os melhores indivíduos a cada 100 gerações
Número máximo de gerações: 100

Número de cromossomos: 40
Tamanho da população: 60
Fração elite: 0.3
Fração mutante: 0.7
Probabilidade herdar alelo elite: 0.6
Número de populações independentes: 2
Número de threads: 14
Trocar os melhores indivíduos a cada 100 gerações
Número máximo de gerações: 100

Tamanho da população: 250
Fração elite: 0.15
Fração mutante: 0.2
Probabilidade herdar alelo elite: 0.55
Número de populações independentes: 3
Número de threads: 14
Trocar os melhores indivíduos a cada 40 gerações
Número máximo de gerações: 130
Número máximo de iterações sem melhora: 50
Melhor até agora: 140 Geração: 13
Iteração: 0
Melhor até agora: 136 Geração: 18
Iteração: 0
Melhor até agora: 117 Geração: 20
Iteração: 0
Melhor até agora: 116 Geração: 23
Iteração: 0
Melhor até agora: 114 Geração: 24
Iteração: 0
Número de swaps entre camadas = 0
Largura da faixa = 72
Melhor altura = 114

Lower Bound 1 = 88
Lower Bound 2 = 73
Avaliação = 1.29545

Tempo de execução: 1s

---------------------------

