Tamanho da população: 475
Fração elite: 0.2121
Fração mutante: 0.0442
Probabilidade herdar alelo elite: 0.6514
Número de populações independentes: 3
Troca de informação de 4 individuos a cada 241 gerações
Número de threads: 1

Largura da faixa = 74
Melhor altura = 147

Lower Bound 1 = 135
Lower Bound 2 = 104
Avaliação = 1.08889

Tempo de execução: 60.0118s

---------------------------

Tamanho da população: 475
Fração elite: 0.2121
Fração mutante: 0.0442
Probabilidade herdar alelo elite: 0.6514
Número de populações independentes: 3
Troca de informação de 4 individuos a cada 241 gerações
Número de threads: 1

Largura da faixa = 74
Melhor altura = 147

Lower Bound 1 = 135
Lower Bound 2 = 104
Avaliação = 1.08889

Tempo de execução: 60.0343s

---------------------------

Tamanho da população: 475
Fração elite: 0.2121
Fração mutante: 0.0442
Probabilidade herdar alelo elite: 0.6514
Número de populações independentes: 3
Troca de informação de 4 individuos a cada 241 gerações
Número de threads: 1

Largura da faixa = 74
Melhor altura = 147

Lower Bound 1 = 135
Lower Bound 2 = 104
Avaliação = 1.08889

Tempo de execução: 60.0414s

---------------------------

Tamanho da população: 475
Fração elite: 0.2121
Fração mutante: 0.0442
Probabilidade herdar alelo elite: 0.6514
Número de populações independentes: 3
Troca de informação de 4 individuos a cada 241 gerações
Número de threads: 1

Largura da faixa = 74
Melhor altura = 147

Lower Bound 1 = 135
Lower Bound 2 = 104
Avaliação = 1.08889

Tempo de execução: 60.0044s

---------------------------

Tamanho da população: 475
Fração elite: 0.2121
Fração mutante: 0.0442
Probabilidade herdar alelo elite: 0.6514
Número de populações independentes: 3
Troca de informação de 4 individuos a cada 241 gerações
Número de threads: 1

Largura da faixa = 74
Melhor altura = 147

Lower Bound 1 = 135
Lower Bound 2 = 104
Avaliação = 1.08889

Tempo de execução: 60.0209s

---------------------------

Tamanho da população: 475
Fração elite: 0.2121
Fração mutante: 0.0442
Probabilidade herdar alelo elite: 0.6514
Número de populações independentes: 3
Troca de informação de 4 individuos a cada 241 gerações
Número de threads: 1

Largura da faixa = 74
Melhor altura = 147

Lower Bound 1 = 135
Lower Bound 2 = 104
Avaliação = 1.08889

Tempo de execução: 60.0313s

---------------------------

Tamanho da população: 475
Fração elite: 0.2121
Fração mutante: 0.0442
Probabilidade herdar alelo elite: 0.6514
Número de populações independentes: 3
Troca de informação de 4 individuos a cada 241 gerações
Número de threads: 1

Largura da faixa = 74
Melhor altura = 147

Lower Bound 1 = 135
Lower Bound 2 = 104
Avaliação = 1.08889

Tempo de execução: 60.0285s

---------------------------

Tamanho da população: 475
Fração elite: 0.2121
Fração mutante: 0.0442
Probabilidade herdar alelo elite: 0.6514
Número de populações independentes: 3
Troca de informação de 4 individuos a cada 241 gerações
Número de threads: 1

Largura da faixa = 74
Melhor altura = 147

Lower Bound 1 = 135
Lower Bound 2 = 104
Avaliação = 1.08889

Tempo de execução: 60.0384s

---------------------------

Tamanho da população: 475
Fração elite: 0.2121
Fração mutante: 0.0442
Probabilidade herdar alelo elite: 0.6514
Número de populações independentes: 3
Troca de informação de 4 individuos a cada 241 gerações
Número de threads: 1

Largura da faixa = 74
Melhor altura = 147

Lower Bound 1 = 135
Lower Bound 2 = 104
Avaliação = 1.08889

Tempo de execução: 60.042s

---------------------------

Tamanho da população: 475
Fração elite: 0.2121
Fração mutante: 0.0442
Probabilidade herdar alelo elite: 0.6514
Número de populações independentes: 3
Troca de informação de 4 individuos a cada 241 gerações
Número de threads: 1

Largura da faixa = 74
Melhor altura = 147

Lower Bound 1 = 135
Lower Bound 2 = 104
Avaliação = 1.08889

Tempo de execução: 60.0322s

---------------------------

Tamanho da população: 475
Fração elite: 0.2121
Fração mutante: 0.0442
Probabilidade herdar alelo elite: 0.6514
Número de populações independentes: 3
Troca de informação de 4 individuos a cada 241 gerações
Número de threads: 1

Largura da faixa = 74
Melhor altura = 147

Lower Bound 1 = 135
Lower Bound 2 = 104
Avaliação = 1.08889

Tempo de execução: 60.033s

---------------------------

Tamanho da população: 475
Fração elite: 0.2121
Fração mutante: 0.0442
Probabilidade herdar alelo elite: 0.6514
Número de populações independentes: 3
Troca de informação de 4 individuos a cada 241 gerações
Número de threads: 1

Largura da faixa = 74
Melhor altura = 147

Lower Bound 1 = 135
Lower Bound 2 = 104
Avaliação = 1.08889

Tempo de execução: 60.0432s

---------------------------

Tamanho da população: 475
Fração elite: 0.2121
Fração mutante: 0.0442
Probabilidade herdar alelo elite: 0.6514
Número de populações independentes: 3
Troca de informação de 4 individuos a cada 241 gerações
Número de threads: 1

Largura da faixa = 74
Melhor altura = 147

Lower Bound 1 = 135
Lower Bound 2 = 104
Avaliação = 1.08889

Tempo de execução: 60.0042s

---------------------------

Tamanho da população: 475
Fração elite: 0.2121
Fração mutante: 0.0442
Probabilidade herdar alelo elite: 0.6514
Número de populações independentes: 3
Troca de informação de 4 individuos a cada 241 gerações
Número de threads: 1

Largura da faixa = 74
Melhor altura = 147

Lower Bound 1 = 135
Lower Bound 2 = 104
Avaliação = 1.08889

Tempo de execução: 60.0084s

---------------------------

Tamanho da população: 475
Fração elite: 0.2121
Fração mutante: 0.0442
Probabilidade herdar alelo elite: 0.6514
Número de populações independentes: 3
Troca de informação de 4 individuos a cada 241 gerações
Número de threads: 1

Largura da faixa = 74
Melhor altura = 147

Lower Bound 1 = 135
Lower Bound 2 = 104
Avaliação = 1.08889

Tempo de execução: 60.0289s

---------------------------

Tamanho da população: 475
Fração elite: 0.2121
Fração mutante: 0.0442
Probabilidade herdar alelo elite: 0.6514
Número de populações independentes: 3
Troca de informação de 4 individuos a cada 241 gerações
Número de threads: 1

Largura da faixa = 74
Melhor altura = 147

Lower Bound 1 = 135
Lower Bound 2 = 104
Avaliação = 1.08889

Tempo de execução: 60.0054s

---------------------------

Tamanho da população: 475
Fração elite: 0.2121
Fração mutante: 0.0442
Probabilidade herdar alelo elite: 0.6514
Número de populações independentes: 3
Troca de informação de 4 individuos a cada 241 gerações
Número de threads: 1

Largura da faixa = 74
Melhor altura = 147

Lower Bound 1 = 135
Lower Bound 2 = 104
Avaliação = 1.08889

Tempo de execução: 60.0056s

---------------------------

Tamanho da população: 475
Fração elite: 0.2121
Fração mutante: 0.0442
Probabilidade herdar alelo elite: 0.6514
Número de populações independentes: 3
Troca de informação de 4 individuos a cada 241 gerações
Número de threads: 1

Largura da faixa = 74
Melhor altura = 147

Lower Bound 1 = 135
Lower Bound 2 = 104
Avaliação = 1.08889

Tempo de execução: 60.0367s

---------------------------

Tamanho da população: 475
Fração elite: 0.2121
Fração mutante: 0.0442
Probabilidade herdar alelo elite: 0.6514
Número de populações independentes: 3
Troca de informação de 4 individuos a cada 241 gerações
Número de threads: 1

Largura da faixa = 74
Melhor altura = 147

Lower Bound 1 = 135
Lower Bound 2 = 104
Avaliação = 1.08889

Tempo de execução: 60.0083s

---------------------------

Tamanho da população: 475
Fração elite: 0.2121
Fração mutante: 0.0442
Probabilidade herdar alelo elite: 0.6514
Número de populações independentes: 3
Troca de informação de 4 individuos a cada 241 gerações
Número de threads: 1

Largura da faixa = 74
Melhor altura = 147

Lower Bound 1 = 135
Lower Bound 2 = 104
Avaliação = 1.08889

Tempo de execução: 60.0426s
