Tamanho da população: 475
Fração elite: 0.2121
Fração mutante: 0.0442
Probabilidade herdar alelo elite: 0.6514
Número de populações independentes: 3
Troca de informação de 4 individuos a cada 241 gerações
Número de threads: 1

Largura da faixa = 50
Melhor altura = 170

Lower Bound 1 = 160
Lower Bound 2 = 71
Avaliação = 1.0625

Tempo de execução: 60.0016s

---------------------------

Tamanho da população: 475
Fração elite: 0.2121
Fração mutante: 0.0442
Probabilidade herdar alelo elite: 0.6514
Número de populações independentes: 3
Troca de informação de 4 individuos a cada 241 gerações
Número de threads: 1

Largura da faixa = 50
Melhor altura = 171

Lower Bound 1 = 160
Lower Bound 2 = 71
Avaliação = 1.06875

Tempo de execução: 60.0412s

---------------------------

Tamanho da população: 475
Fração elite: 0.2121
Fração mutante: 0.0442
Probabilidade herdar alelo elite: 0.6514
Número de populações independentes: 3
Troca de informação de 4 individuos a cada 241 gerações
Número de threads: 1

Largura da faixa = 50
Melhor altura = 171

Lower Bound 1 = 160
Lower Bound 2 = 71
Avaliação = 1.06875

Tempo de execução: 60.0601s

---------------------------

Tamanho da população: 475
Fração elite: 0.2121
Fração mutante: 0.0442
Probabilidade herdar alelo elite: 0.6514
Número de populações independentes: 3
Troca de informação de 4 individuos a cada 241 gerações
Número de threads: 1

Largura da faixa = 50
Melhor altura = 172

Lower Bound 1 = 160
Lower Bound 2 = 71
Avaliação = 1.075

Tempo de execução: 60.0009s

---------------------------

Tamanho da população: 475
Fração elite: 0.2121
Fração mutante: 0.0442
Probabilidade herdar alelo elite: 0.6514
Número de populações independentes: 3
Troca de informação de 4 individuos a cada 241 gerações
Número de threads: 1

Largura da faixa = 50
Melhor altura = 170

Lower Bound 1 = 160
Lower Bound 2 = 71
Avaliação = 1.0625

Tempo de execução: 60.042s

---------------------------

Tamanho da população: 475
Fração elite: 0.2121
Fração mutante: 0.0442
Probabilidade herdar alelo elite: 0.6514
Número de populações independentes: 3
Troca de informação de 4 individuos a cada 241 gerações
Número de threads: 1

Largura da faixa = 50
Melhor altura = 171

Lower Bound 1 = 160
Lower Bound 2 = 71
Avaliação = 1.06875

Tempo de execução: 60.0792s

---------------------------

Tamanho da população: 475
Fração elite: 0.2121
Fração mutante: 0.0442
Probabilidade herdar alelo elite: 0.6514
Número de populações independentes: 3
Troca de informação de 4 individuos a cada 241 gerações
Número de threads: 1

Largura da faixa = 50
Melhor altura = 170

Lower Bound 1 = 160
Lower Bound 2 = 71
Avaliação = 1.0625

Tempo de execução: 60.0521s

---------------------------

Tamanho da população: 475
Fração elite: 0.2121
Fração mutante: 0.0442
Probabilidade herdar alelo elite: 0.6514
Número de populações independentes: 3
Troca de informação de 4 individuos a cada 241 gerações
Número de threads: 1

Largura da faixa = 50
Melhor altura = 170

Lower Bound 1 = 160
Lower Bound 2 = 71
Avaliação = 1.0625

Tempo de execução: 60.0593s

---------------------------

Tamanho da população: 475
Fração elite: 0.2121
Fração mutante: 0.0442
Probabilidade herdar alelo elite: 0.6514
Número de populações independentes: 3
Troca de informação de 4 individuos a cada 241 gerações
Número de threads: 1

Largura da faixa = 50
Melhor altura = 170

Lower Bound 1 = 160
Lower Bound 2 = 71
Avaliação = 1.0625

Tempo de execução: 60.0683s

---------------------------

Tamanho da população: 475
Fração elite: 0.2121
Fração mutante: 0.0442
Probabilidade herdar alelo elite: 0.6514
Número de populações independentes: 3
Troca de informação de 4 individuos a cada 241 gerações
Número de threads: 1

Largura da faixa = 50
Melhor altura = 171

Lower Bound 1 = 160
Lower Bound 2 = 71
Avaliação = 1.06875

Tempo de execução: 60.0396s

---------------------------

Tamanho da população: 475
Fração elite: 0.2121
Fração mutante: 0.0442
Probabilidade herdar alelo elite: 0.6514
Número de populações independentes: 3
Troca de informação de 4 individuos a cada 241 gerações
Número de threads: 1

Largura da faixa = 50
Melhor altura = 171

Lower Bound 1 = 160
Lower Bound 2 = 71
Avaliação = 1.06875

Tempo de execução: 60.0458s

---------------------------

Tamanho da população: 475
Fração elite: 0.2121
Fração mutante: 0.0442
Probabilidade herdar alelo elite: 0.6514
Número de populações independentes: 3
Troca de informação de 4 individuos a cada 241 gerações
Número de threads: 1

Largura da faixa = 50
Melhor altura = 170

Lower Bound 1 = 160
Lower Bound 2 = 71
Avaliação = 1.0625

Tempo de execução: 60.0761s

---------------------------

Tamanho da população: 475
Fração elite: 0.2121
Fração mutante: 0.0442
Probabilidade herdar alelo elite: 0.6514
Número de populações independentes: 3
Troca de informação de 4 individuos a cada 241 gerações
Número de threads: 1

Largura da faixa = 50
Melhor altura = 170

Lower Bound 1 = 160
Lower Bound 2 = 71
Avaliação = 1.0625

Tempo de execução: 60.0598s

---------------------------

Tamanho da população: 475
Fração elite: 0.2121
Fração mutante: 0.0442
Probabilidade herdar alelo elite: 0.6514
Número de populações independentes: 3
Troca de informação de 4 individuos a cada 241 gerações
Número de threads: 1

Largura da faixa = 50
Melhor altura = 170

Lower Bound 1 = 160
Lower Bound 2 = 71
Avaliação = 1.0625

Tempo de execução: 60.0715s

---------------------------

Tamanho da população: 475
Fração elite: 0.2121
Fração mutante: 0.0442
Probabilidade herdar alelo elite: 0.6514
Número de populações independentes: 3
Troca de informação de 4 individuos a cada 241 gerações
Número de threads: 1

Largura da faixa = 50
Melhor altura = 171

Lower Bound 1 = 160
Lower Bound 2 = 71
Avaliação = 1.06875

Tempo de execução: 60.0795s

---------------------------

Tamanho da população: 475
Fração elite: 0.2121
Fração mutante: 0.0442
Probabilidade herdar alelo elite: 0.6514
Número de populações independentes: 3
Troca de informação de 4 individuos a cada 241 gerações
Número de threads: 1

Largura da faixa = 50
Melhor altura = 171

Lower Bound 1 = 160
Lower Bound 2 = 71
Avaliação = 1.06875

Tempo de execução: 60.0016s

---------------------------

Tamanho da população: 475
Fração elite: 0.2121
Fração mutante: 0.0442
Probabilidade herdar alelo elite: 0.6514
Número de populações independentes: 3
Troca de informação de 4 individuos a cada 241 gerações
Número de threads: 1

Largura da faixa = 50
Melhor altura = 169

Lower Bound 1 = 160
Lower Bound 2 = 71
Avaliação = 1.05625

Tempo de execução: 60.0635s

---------------------------

Tamanho da população: 475
Fração elite: 0.2121
Fração mutante: 0.0442
Probabilidade herdar alelo elite: 0.6514
Número de populações independentes: 3
Troca de informação de 4 individuos a cada 241 gerações
Número de threads: 1

Largura da faixa = 50
Melhor altura = 171

Lower Bound 1 = 160
Lower Bound 2 = 71
Avaliação = 1.06875

Tempo de execução: 60.0822s

---------------------------

Tamanho da população: 475
Fração elite: 0.2121
Fração mutante: 0.0442
Probabilidade herdar alelo elite: 0.6514
Número de populações independentes: 3
Troca de informação de 4 individuos a cada 241 gerações
Número de threads: 1

Largura da faixa = 50
Melhor altura = 172

Lower Bound 1 = 160
Lower Bound 2 = 71
Avaliação = 1.075

Tempo de execução: 60.0126s

---------------------------

Tamanho da população: 475
Fração elite: 0.2121
Fração mutante: 0.0442
Probabilidade herdar alelo elite: 0.6514
Número de populações independentes: 3
Troca de informação de 4 individuos a cada 241 gerações
Número de threads: 1

Largura da faixa = 50
Melhor altura = 171

Lower Bound 1 = 160
Lower Bound 2 = 71
Avaliação = 1.06875

Tempo de execução: 60.0604s
