Tamanho da população: 297
Fração elite: 0.55
Fração mutante: 0.0174
Probabilidade herdar alelo elite: 0.7678
Número de populações independentes: 1
Número de threads: 1
Trocar os melhores indivíduos a cada 30 gerações
Número máximo de gerações: 279

Largura da faixa = 12
Melhor altura = 44

Lower Bound 1 = 33
Lower Bound 2 = 40
Avaliação = 1.1

Tempo de execução: 1.27712s

---------------------------

Tamanho da população: 297
Fração elite: 0.55
Fração mutante: 0.0174
Probabilidade herdar alelo elite: 0.7678
Número de populações independentes: 1
Número de threads: 1
Trocar os melhores indivíduos a cada 30 gerações
Número máximo de gerações: 279

Largura da faixa = 12
Melhor altura = 44

Lower Bound 1 = 33
Lower Bound 2 = 40
Avaliação = 1.1

Tempo de execução: 1.27991s

---------------------------

Tamanho da população: 297
Fração elite: 0.55
Fração mutante: 0.0174
Probabilidade herdar alelo elite: 0.7678
Número de populações independentes: 1
Número de threads: 1
Trocar os melhores indivíduos a cada 30 gerações
Número máximo de gerações: 279

Largura da faixa = 12
Melhor altura = 44

Lower Bound 1 = 33
Lower Bound 2 = 40
Avaliação = 1.1

Tempo de execução: 1.28875s

---------------------------

Tamanho da população: 297
Fração elite: 0.55
Fração mutante: 0.0174
Probabilidade herdar alelo elite: 0.7678
Número de populações independentes: 1
Número de threads: 1
Trocar os melhores indivíduos a cada 30 gerações
Número máximo de gerações: 279

Largura da faixa = 12
Melhor altura = 44

Lower Bound 1 = 33
Lower Bound 2 = 40
Avaliação = 1.1

Tempo de execução: 1.27241s

---------------------------

Tamanho da população: 297
Fração elite: 0.55
Fração mutante: 0.0174
Probabilidade herdar alelo elite: 0.7678
Número de populações independentes: 1
Número de threads: 1
Trocar os melhores indivíduos a cada 30 gerações
Número máximo de gerações: 279

Largura da faixa = 12
Melhor altura = 44

Lower Bound 1 = 33
Lower Bound 2 = 40
Avaliação = 1.1

Tempo de execução: 1.27306s

---------------------------

Tamanho da população: 297
Fração elite: 0.55
Fração mutante: 0.0174
Probabilidade herdar alelo elite: 0.7678
Número de populações independentes: 1
Número de threads: 1
Trocar os melhores indivíduos a cada 30 gerações
Número máximo de gerações: 279

Largura da faixa = 12
Melhor altura = 44

Lower Bound 1 = 33
Lower Bound 2 = 40
Avaliação = 1.1

Tempo de execução: 1.29816s

---------------------------

Tamanho da população: 297
Fração elite: 0.55
Fração mutante: 0.0174
Probabilidade herdar alelo elite: 0.7678
Número de populações independentes: 1
Número de threads: 1
Trocar os melhores indivíduos a cada 30 gerações
Número máximo de gerações: 279

Largura da faixa = 12
Melhor altura = 44

Lower Bound 1 = 33
Lower Bound 2 = 40
Avaliação = 1.1

Tempo de execução: 1.25984s

---------------------------

Tamanho da população: 297
Fração elite: 0.55
Fração mutante: 0.0174
Probabilidade herdar alelo elite: 0.7678
Número de populações independentes: 1
Número de threads: 1
Trocar os melhores indivíduos a cada 30 gerações
Número máximo de gerações: 279

Largura da faixa = 12
Melhor altura = 44

Lower Bound 1 = 33
Lower Bound 2 = 40
Avaliação = 1.1

Tempo de execução: 1.28822s

---------------------------

Tamanho da população: 297
Fração elite: 0.55
Fração mutante: 0.0174
Probabilidade herdar alelo elite: 0.7678
Número de populações independentes: 1
Número de threads: 1
Trocar os melhores indivíduos a cada 30 gerações
Número máximo de gerações: 279

Largura da faixa = 12
Melhor altura = 44

Lower Bound 1 = 33
Lower Bound 2 = 40
Avaliação = 1.1

Tempo de execução: 1.29196s

---------------------------

Tamanho da população: 297
Fração elite: 0.55
Fração mutante: 0.0174
Probabilidade herdar alelo elite: 0.7678
Número de populações independentes: 1
Número de threads: 1
Trocar os melhores indivíduos a cada 30 gerações
Número máximo de gerações: 279

Largura da faixa = 12
Melhor altura = 44

Lower Bound 1 = 33
Lower Bound 2 = 40
Avaliação = 1.1

Tempo de execução: 1.26687s

---------------------------

Tamanho da população: 297
Fração elite: 0.55
Fração mutante: 0.0174
Probabilidade herdar alelo elite: 0.7678
Número de populações independentes: 1
Número de threads: 1
Trocar os melhores indivíduos a cada 30 gerações
Número máximo de gerações: 279

Largura da faixa = 12
Melhor altura = 44

Lower Bound 1 = 33
Lower Bound 2 = 40
Avaliação = 1.1

Tempo de execução: 1.26933s

---------------------------

Tamanho da população: 297
Fração elite: 0.55
Fração mutante: 0.0174
Probabilidade herdar alelo elite: 0.7678
Número de populações independentes: 1
Número de threads: 1
Trocar os melhores indivíduos a cada 30 gerações
Número máximo de gerações: 279

Largura da faixa = 12
Melhor altura = 44

Lower Bound 1 = 33
Lower Bound 2 = 40
Avaliação = 1.1

Tempo de execução: 1.27795s

---------------------------

Tamanho da população: 297
Fração elite: 0.55
Fração mutante: 0.0174
Probabilidade herdar alelo elite: 0.7678
Número de populações independentes: 1
Número de threads: 1
Trocar os melhores indivíduos a cada 30 gerações
Número máximo de gerações: 279

Largura da faixa = 12
Melhor altura = 44

Lower Bound 1 = 33
Lower Bound 2 = 40
Avaliação = 1.1

Tempo de execução: 1.28255s

---------------------------

Tamanho da população: 297
Fração elite: 0.55
Fração mutante: 0.0174
Probabilidade herdar alelo elite: 0.7678
Número de populações independentes: 1
Número de threads: 1
Trocar os melhores indivíduos a cada 30 gerações
Número máximo de gerações: 279

Largura da faixa = 12
Melhor altura = 44

Lower Bound 1 = 33
Lower Bound 2 = 40
Avaliação = 1.1

Tempo de execução: 1.2935s

---------------------------

Tamanho da população: 297
Fração elite: 0.55
Fração mutante: 0.0174
Probabilidade herdar alelo elite: 0.7678
Número de populações independentes: 1
Número de threads: 1
Trocar os melhores indivíduos a cada 30 gerações
Número máximo de gerações: 279

Largura da faixa = 12
Melhor altura = 44

Lower Bound 1 = 33
Lower Bound 2 = 40
Avaliação = 1.1

Tempo de execução: 1.30264s

---------------------------

Tamanho da população: 297
Fração elite: 0.55
Fração mutante: 0.0174
Probabilidade herdar alelo elite: 0.7678
Número de populações independentes: 1
Número de threads: 1
Trocar os melhores indivíduos a cada 30 gerações
Número máximo de gerações: 279

Largura da faixa = 12
Melhor altura = 44

Lower Bound 1 = 33
Lower Bound 2 = 40
Avaliação = 1.1

Tempo de execução: 1.26042s

---------------------------

Tamanho da população: 297
Fração elite: 0.55
Fração mutante: 0.0174
Probabilidade herdar alelo elite: 0.7678
Número de populações independentes: 1
Número de threads: 1
Trocar os melhores indivíduos a cada 30 gerações
Número máximo de gerações: 279

Largura da faixa = 12
Melhor altura = 44

Lower Bound 1 = 33
Lower Bound 2 = 40
Avaliação = 1.1

Tempo de execução: 1.2724s

---------------------------

Tamanho da população: 297
Fração elite: 0.55
Fração mutante: 0.0174
Probabilidade herdar alelo elite: 0.7678
Número de populações independentes: 1
Número de threads: 1
Trocar os melhores indivíduos a cada 30 gerações
Número máximo de gerações: 279

Largura da faixa = 12
Melhor altura = 44

Lower Bound 1 = 33
Lower Bound 2 = 40
Avaliação = 1.1

Tempo de execução: 1.27428s

---------------------------

Tamanho da população: 297
Fração elite: 0.55
Fração mutante: 0.0174
Probabilidade herdar alelo elite: 0.7678
Número de populações independentes: 1
Número de threads: 1
Trocar os melhores indivíduos a cada 30 gerações
Número máximo de gerações: 279

Largura da faixa = 12
Melhor altura = 44

Lower Bound 1 = 33
Lower Bound 2 = 40
Avaliação = 1.1

Tempo de execução: 0.947445s

---------------------------

Tamanho da população: 297
Fração elite: 0.55
Fração mutante: 0.0174
Probabilidade herdar alelo elite: 0.7678
Número de populações independentes: 1
Número de threads: 1
Trocar os melhores indivíduos a cada 30 gerações
Número máximo de gerações: 279

Largura da faixa = 12
Melhor altura = 44

Lower Bound 1 = 33
Lower Bound 2 = 40
Avaliação = 1.1

Tempo de execução: 1.06814s

---------------------------

Tamanho da população: 392
Fração elite: 0.2567
Fração mutante: 0.0202
Probabilidade herdar alelo elite: 0.6001
Número de populações independentes: 1
Número de threads: 1
Número máximo de gerações: 364

Largura da faixa = 12
Melhor altura = 44

Lower Bound 1 = 33
Lower Bound 2 = 40
Avaliação = 1.1

Tempo de execução: 1.27124s

---------------------------

Tamanho da população: 392
Fração elite: 0.2567
Fração mutante: 0.0202
Probabilidade herdar alelo elite: 0.6001
Número de populações independentes: 1
Número de threads: 1
Número máximo de gerações: 364

Largura da faixa = 12
Melhor altura = 44

Lower Bound 1 = 33
Lower Bound 2 = 40
Avaliação = 1.1

Tempo de execução: 1.28898s

---------------------------

Tamanho da população: 392
Fração elite: 0.2567
Fração mutante: 0.0202
Probabilidade herdar alelo elite: 0.6001
Número de populações independentes: 1
Número de threads: 1
Número máximo de gerações: 364

Largura da faixa = 12
Melhor altura = 44

Lower Bound 1 = 33
Lower Bound 2 = 40
Avaliação = 1.1

Tempo de execução: 1.29398s

---------------------------

Tamanho da população: 392
Fração elite: 0.2567
Fração mutante: 0.0202
Probabilidade herdar alelo elite: 0.6001
Número de populações independentes: 1
Número de threads: 1
Número máximo de gerações: 364

Largura da faixa = 12
Melhor altura = 44

Lower Bound 1 = 33
Lower Bound 2 = 40
Avaliação = 1.1

Tempo de execução: 1.2883s

---------------------------

Tamanho da população: 392
Fração elite: 0.2567
Fração mutante: 0.0202
Probabilidade herdar alelo elite: 0.6001
Número de populações independentes: 1
Número de threads: 1
Número máximo de gerações: 364

Largura da faixa = 12
Melhor altura = 44

Lower Bound 1 = 33
Lower Bound 2 = 40
Avaliação = 1.1

Tempo de execução: 1.302s

---------------------------

Tamanho da população: 392
Fração elite: 0.2567
Fração mutante: 0.0202
Probabilidade herdar alelo elite: 0.6001
Número de populações independentes: 1
Número de threads: 1
Número máximo de gerações: 364

Largura da faixa = 12
Melhor altura = 44

Lower Bound 1 = 33
Lower Bound 2 = 40
Avaliação = 1.1

Tempo de execução: 1.32455s

---------------------------

Tamanho da população: 392
Fração elite: 0.2567
Fração mutante: 0.0202
Probabilidade herdar alelo elite: 0.6001
Número de populações independentes: 1
Número de threads: 1
Número máximo de gerações: 364

Largura da faixa = 12
Melhor altura = 44

Lower Bound 1 = 33
Lower Bound 2 = 40
Avaliação = 1.1

Tempo de execução: 1.29605s

---------------------------

Tamanho da população: 392
Fração elite: 0.2567
Fração mutante: 0.0202
Probabilidade herdar alelo elite: 0.6001
Número de populações independentes: 1
Número de threads: 1
Número máximo de gerações: 364

Largura da faixa = 12
Melhor altura = 44

Lower Bound 1 = 33
Lower Bound 2 = 40
Avaliação = 1.1

Tempo de execução: 1.30536s

---------------------------

Tamanho da população: 392
Fração elite: 0.2567
Fração mutante: 0.0202
Probabilidade herdar alelo elite: 0.6001
Número de populações independentes: 1
Número de threads: 1
Número máximo de gerações: 364

Largura da faixa = 12
Melhor altura = 44

Lower Bound 1 = 33
Lower Bound 2 = 40
Avaliação = 1.1

Tempo de execução: 1.32707s

---------------------------

Tamanho da população: 392
Fração elite: 0.2567
Fração mutante: 0.0202
Probabilidade herdar alelo elite: 0.6001
Número de populações independentes: 1
Número de threads: 1
Número máximo de gerações: 364

Largura da faixa = 12
Melhor altura = 44

Lower Bound 1 = 33
Lower Bound 2 = 40
Avaliação = 1.1

Tempo de execução: 1.28968s

---------------------------

Tamanho da população: 392
Fração elite: 0.2567
Fração mutante: 0.0202
Probabilidade herdar alelo elite: 0.6001
Número de populações independentes: 1
Número de threads: 1
Número máximo de gerações: 364

Largura da faixa = 12
Melhor altura = 44

Lower Bound 1 = 33
Lower Bound 2 = 40
Avaliação = 1.1

Tempo de execução: 1.29733s

---------------------------

Tamanho da população: 392
Fração elite: 0.2567
Fração mutante: 0.0202
Probabilidade herdar alelo elite: 0.6001
Número de populações independentes: 1
Número de threads: 1
Número máximo de gerações: 364

Largura da faixa = 12
Melhor altura = 44

Lower Bound 1 = 33
Lower Bound 2 = 40
Avaliação = 1.1

Tempo de execução: 1.29882s

---------------------------

Tamanho da população: 392
Fração elite: 0.2567
Fração mutante: 0.0202
Probabilidade herdar alelo elite: 0.6001
Número de populações independentes: 1
Número de threads: 1
Número máximo de gerações: 364

Largura da faixa = 12
Melhor altura = 44

Lower Bound 1 = 33
Lower Bound 2 = 40
Avaliação = 1.1

Tempo de execução: 1.27155s

---------------------------

Tamanho da população: 392
Fração elite: 0.2567
Fração mutante: 0.0202
Probabilidade herdar alelo elite: 0.6001
Número de populações independentes: 1
Número de threads: 1
Número máximo de gerações: 364

Largura da faixa = 12
Melhor altura = 44

Lower Bound 1 = 33
Lower Bound 2 = 40
Avaliação = 1.1

Tempo de execução: 1.29572s

---------------------------

Tamanho da população: 392
Fração elite: 0.2567
Fração mutante: 0.0202
Probabilidade herdar alelo elite: 0.6001
Número de populações independentes: 1
Número de threads: 1
Número máximo de gerações: 364

Largura da faixa = 12
Melhor altura = 44

Lower Bound 1 = 33
Lower Bound 2 = 40
Avaliação = 1.1

Tempo de execução: 1.32123s

---------------------------

Tamanho da população: 392
Fração elite: 0.2567
Fração mutante: 0.0202
Probabilidade herdar alelo elite: 0.6001
Número de populações independentes: 1
Número de threads: 1
Número máximo de gerações: 364

Largura da faixa = 12
Melhor altura = 44

Lower Bound 1 = 33
Lower Bound 2 = 40
Avaliação = 1.1

Tempo de execução: 1.25089s

---------------------------

Tamanho da população: 392
Fração elite: 0.2567
Fração mutante: 0.0202
Probabilidade herdar alelo elite: 0.6001
Número de populações independentes: 1
Número de threads: 1
Número máximo de gerações: 364

Largura da faixa = 12
Melhor altura = 44

Lower Bound 1 = 33
Lower Bound 2 = 40
Avaliação = 1.1

Tempo de execução: 1.27538s

---------------------------

Tamanho da população: 392
Fração elite: 0.2567
Fração mutante: 0.0202
Probabilidade herdar alelo elite: 0.6001
Número de populações independentes: 1
Número de threads: 1
Número máximo de gerações: 364

Largura da faixa = 12
Melhor altura = 44

Lower Bound 1 = 33
Lower Bound 2 = 40
Avaliação = 1.1

Tempo de execução: 1.28904s

---------------------------

Tamanho da população: 392
Fração elite: 0.2567
Fração mutante: 0.0202
Probabilidade herdar alelo elite: 0.6001
Número de populações independentes: 1
Número de threads: 1
Número máximo de gerações: 364

Largura da faixa = 12
Melhor altura = 44

Lower Bound 1 = 33
Lower Bound 2 = 40
Avaliação = 1.1

Tempo de execução: 1.27341s

---------------------------

Tamanho da população: 392
Fração elite: 0.2567
Fração mutante: 0.0202
Probabilidade herdar alelo elite: 0.6001
Número de populações independentes: 1
Número de threads: 1
Número máximo de gerações: 364

Largura da faixa = 12
Melhor altura = 44

Lower Bound 1 = 33
Lower Bound 2 = 40
Avaliação = 1.1

Tempo de execução: 1.31366s

---------------------------

