Tamanho da população: 297
Fração elite: 0.55
Fração mutante: 0.0174
Probabilidade herdar alelo elite: 0.7678
Número de populações independentes: 1
Número de threads: 1
Trocar os melhores indivíduos a cada 30 gerações
Número máximo de gerações: 279

Largura da faixa = 14
Melhor altura = 34

Lower Bound 1 = 28
Lower Bound 2 = 21
Avaliação = 1.21429

Tempo de execução: 0.987675s

---------------------------

Tamanho da população: 297
Fração elite: 0.55
Fração mutante: 0.0174
Probabilidade herdar alelo elite: 0.7678
Número de populações independentes: 1
Número de threads: 1
Trocar os melhores indivíduos a cada 30 gerações
Número máximo de gerações: 279

Largura da faixa = 14
Melhor altura = 34

Lower Bound 1 = 28
Lower Bound 2 = 21
Avaliação = 1.21429

Tempo de execução: 1.02974s

---------------------------

Tamanho da população: 297
Fração elite: 0.55
Fração mutante: 0.0174
Probabilidade herdar alelo elite: 0.7678
Número de populações independentes: 1
Número de threads: 1
Trocar os melhores indivíduos a cada 30 gerações
Número máximo de gerações: 279

Largura da faixa = 14
Melhor altura = 35

Lower Bound 1 = 28
Lower Bound 2 = 21
Avaliação = 1.25

Tempo de execução: 1.24092s

---------------------------

Tamanho da população: 297
Fração elite: 0.55
Fração mutante: 0.0174
Probabilidade herdar alelo elite: 0.7678
Número de populações independentes: 1
Número de threads: 1
Trocar os melhores indivíduos a cada 30 gerações
Número máximo de gerações: 279

Largura da faixa = 14
Melhor altura = 35

Lower Bound 1 = 28
Lower Bound 2 = 21
Avaliação = 1.25

Tempo de execução: 0.87204s

---------------------------

Tamanho da população: 297
Fração elite: 0.55
Fração mutante: 0.0174
Probabilidade herdar alelo elite: 0.7678
Número de populações independentes: 1
Número de threads: 1
Trocar os melhores indivíduos a cada 30 gerações
Número máximo de gerações: 279

Largura da faixa = 14
Melhor altura = 34

Lower Bound 1 = 28
Lower Bound 2 = 21
Avaliação = 1.21429

Tempo de execução: 1.16852s

---------------------------

Tamanho da população: 297
Fração elite: 0.55
Fração mutante: 0.0174
Probabilidade herdar alelo elite: 0.7678
Número de populações independentes: 1
Número de threads: 1
Trocar os melhores indivíduos a cada 30 gerações
Número máximo de gerações: 279

Largura da faixa = 14
Melhor altura = 35

Lower Bound 1 = 28
Lower Bound 2 = 21
Avaliação = 1.25

Tempo de execução: 1.51133s

---------------------------

Tamanho da população: 297
Fração elite: 0.55
Fração mutante: 0.0174
Probabilidade herdar alelo elite: 0.7678
Número de populações independentes: 1
Número de threads: 1
Trocar os melhores indivíduos a cada 30 gerações
Número máximo de gerações: 279

Largura da faixa = 14
Melhor altura = 34

Lower Bound 1 = 28
Lower Bound 2 = 21
Avaliação = 1.21429

Tempo de execução: 1.42666s

---------------------------

Tamanho da população: 297
Fração elite: 0.55
Fração mutante: 0.0174
Probabilidade herdar alelo elite: 0.7678
Número de populações independentes: 1
Número de threads: 1
Trocar os melhores indivíduos a cada 30 gerações
Número máximo de gerações: 279

Largura da faixa = 14
Melhor altura = 34

Lower Bound 1 = 28
Lower Bound 2 = 21
Avaliação = 1.21429

Tempo de execução: 1.44196s

---------------------------

Tamanho da população: 297
Fração elite: 0.55
Fração mutante: 0.0174
Probabilidade herdar alelo elite: 0.7678
Número de populações independentes: 1
Número de threads: 1
Trocar os melhores indivíduos a cada 30 gerações
Número máximo de gerações: 279

Largura da faixa = 14
Melhor altura = 35

Lower Bound 1 = 28
Lower Bound 2 = 21
Avaliação = 1.25

Tempo de execução: 1.55025s

---------------------------

Tamanho da população: 297
Fração elite: 0.55
Fração mutante: 0.0174
Probabilidade herdar alelo elite: 0.7678
Número de populações independentes: 1
Número de threads: 1
Trocar os melhores indivíduos a cada 30 gerações
Número máximo de gerações: 279

Largura da faixa = 14
Melhor altura = 34

Lower Bound 1 = 28
Lower Bound 2 = 21
Avaliação = 1.21429

Tempo de execução: 1.37852s

---------------------------

Tamanho da população: 297
Fração elite: 0.55
Fração mutante: 0.0174
Probabilidade herdar alelo elite: 0.7678
Número de populações independentes: 1
Número de threads: 1
Trocar os melhores indivíduos a cada 30 gerações
Número máximo de gerações: 279

Largura da faixa = 14
Melhor altura = 34

Lower Bound 1 = 28
Lower Bound 2 = 21
Avaliação = 1.21429

Tempo de execução: 1.45976s

---------------------------

Tamanho da população: 297
Fração elite: 0.55
Fração mutante: 0.0174
Probabilidade herdar alelo elite: 0.7678
Número de populações independentes: 1
Número de threads: 1
Trocar os melhores indivíduos a cada 30 gerações
Número máximo de gerações: 279

Largura da faixa = 14
Melhor altura = 35

Lower Bound 1 = 28
Lower Bound 2 = 21
Avaliação = 1.25

Tempo de execução: 1.56783s

---------------------------

Tamanho da população: 297
Fração elite: 0.55
Fração mutante: 0.0174
Probabilidade herdar alelo elite: 0.7678
Número de populações independentes: 1
Número de threads: 1
Trocar os melhores indivíduos a cada 30 gerações
Número máximo de gerações: 279

Largura da faixa = 14
Melhor altura = 34

Lower Bound 1 = 28
Lower Bound 2 = 21
Avaliação = 1.21429

Tempo de execução: 1.4153s

---------------------------

Tamanho da população: 297
Fração elite: 0.55
Fração mutante: 0.0174
Probabilidade herdar alelo elite: 0.7678
Número de populações independentes: 1
Número de threads: 1
Trocar os melhores indivíduos a cada 30 gerações
Número máximo de gerações: 279

Largura da faixa = 14
Melhor altura = 35

Lower Bound 1 = 28
Lower Bound 2 = 21
Avaliação = 1.25

Tempo de execução: 1.50538s

---------------------------

Tamanho da população: 297
Fração elite: 0.55
Fração mutante: 0.0174
Probabilidade herdar alelo elite: 0.7678
Número de populações independentes: 1
Número de threads: 1
Trocar os melhores indivíduos a cada 30 gerações
Número máximo de gerações: 279

Largura da faixa = 14
Melhor altura = 35

Lower Bound 1 = 28
Lower Bound 2 = 21
Avaliação = 1.25

Tempo de execução: 1.54357s

---------------------------

Tamanho da população: 297
Fração elite: 0.55
Fração mutante: 0.0174
Probabilidade herdar alelo elite: 0.7678
Número de populações independentes: 1
Número de threads: 1
Trocar os melhores indivíduos a cada 30 gerações
Número máximo de gerações: 279

Largura da faixa = 14
Melhor altura = 35

Lower Bound 1 = 28
Lower Bound 2 = 21
Avaliação = 1.25

Tempo de execução: 1.48s

---------------------------

Tamanho da população: 297
Fração elite: 0.55
Fração mutante: 0.0174
Probabilidade herdar alelo elite: 0.7678
Número de populações independentes: 1
Número de threads: 1
Trocar os melhores indivíduos a cada 30 gerações
Número máximo de gerações: 279

Largura da faixa = 14
Melhor altura = 34

Lower Bound 1 = 28
Lower Bound 2 = 21
Avaliação = 1.21429

Tempo de execução: 1.48694s

---------------------------

Tamanho da população: 297
Fração elite: 0.55
Fração mutante: 0.0174
Probabilidade herdar alelo elite: 0.7678
Número de populações independentes: 1
Número de threads: 1
Trocar os melhores indivíduos a cada 30 gerações
Número máximo de gerações: 279

Largura da faixa = 14
Melhor altura = 35

Lower Bound 1 = 28
Lower Bound 2 = 21
Avaliação = 1.25

Tempo de execução: 1.53111s

---------------------------

Tamanho da população: 297
Fração elite: 0.55
Fração mutante: 0.0174
Probabilidade herdar alelo elite: 0.7678
Número de populações independentes: 1
Número de threads: 1
Trocar os melhores indivíduos a cada 30 gerações
Número máximo de gerações: 279

Largura da faixa = 14
Melhor altura = 34

Lower Bound 1 = 28
Lower Bound 2 = 21
Avaliação = 1.21429

Tempo de execução: 1.39209s

---------------------------

Tamanho da população: 297
Fração elite: 0.55
Fração mutante: 0.0174
Probabilidade herdar alelo elite: 0.7678
Número de populações independentes: 1
Número de threads: 1
Trocar os melhores indivíduos a cada 30 gerações
Número máximo de gerações: 279

Largura da faixa = 14
Melhor altura = 35

Lower Bound 1 = 28
Lower Bound 2 = 21
Avaliação = 1.25

Tempo de execução: 1.45471s

---------------------------

Tamanho da população: 392
Fração elite: 0.2567
Fração mutante: 0.0202
Probabilidade herdar alelo elite: 0.6001
Número de populações independentes: 1
Número de threads: 1
Número máximo de gerações: 364

Largura da faixa = 14
Melhor altura = 35

Lower Bound 1 = 28
Lower Bound 2 = 21
Avaliação = 1.25

Tempo de execução: 1.46278s

---------------------------

Tamanho da população: 392
Fração elite: 0.2567
Fração mutante: 0.0202
Probabilidade herdar alelo elite: 0.6001
Número de populações independentes: 1
Número de threads: 1
Número máximo de gerações: 364

Largura da faixa = 14
Melhor altura = 34

Lower Bound 1 = 28
Lower Bound 2 = 21
Avaliação = 1.21429

Tempo de execução: 1.48608s

---------------------------

Tamanho da população: 392
Fração elite: 0.2567
Fração mutante: 0.0202
Probabilidade herdar alelo elite: 0.6001
Número de populações independentes: 1
Número de threads: 1
Número máximo de gerações: 364

Largura da faixa = 14
Melhor altura = 35

Lower Bound 1 = 28
Lower Bound 2 = 21
Avaliação = 1.25

Tempo de execução: 1.55517s

---------------------------

Tamanho da população: 392
Fração elite: 0.2567
Fração mutante: 0.0202
Probabilidade herdar alelo elite: 0.6001
Número de populações independentes: 1
Número de threads: 1
Número máximo de gerações: 364

Largura da faixa = 14
Melhor altura = 34

Lower Bound 1 = 28
Lower Bound 2 = 21
Avaliação = 1.21429

Tempo de execução: 1.49743s

---------------------------

Tamanho da população: 392
Fração elite: 0.2567
Fração mutante: 0.0202
Probabilidade herdar alelo elite: 0.6001
Número de populações independentes: 1
Número de threads: 1
Número máximo de gerações: 364

Largura da faixa = 14
Melhor altura = 34

Lower Bound 1 = 28
Lower Bound 2 = 21
Avaliação = 1.21429

Tempo de execução: 1.53296s

---------------------------

Tamanho da população: 392
Fração elite: 0.2567
Fração mutante: 0.0202
Probabilidade herdar alelo elite: 0.6001
Número de populações independentes: 1
Número de threads: 1
Número máximo de gerações: 364

Largura da faixa = 14
Melhor altura = 35

Lower Bound 1 = 28
Lower Bound 2 = 21
Avaliação = 1.25

Tempo de execução: 1.57757s

---------------------------

Tamanho da população: 392
Fração elite: 0.2567
Fração mutante: 0.0202
Probabilidade herdar alelo elite: 0.6001
Número de populações independentes: 1
Número de threads: 1
Número máximo de gerações: 364

Largura da faixa = 14
Melhor altura = 34

Lower Bound 1 = 28
Lower Bound 2 = 21
Avaliação = 1.21429

Tempo de execução: 1.50221s

---------------------------

Tamanho da população: 392
Fração elite: 0.2567
Fração mutante: 0.0202
Probabilidade herdar alelo elite: 0.6001
Número de populações independentes: 1
Número de threads: 1
Número máximo de gerações: 364

Largura da faixa = 14
Melhor altura = 35

Lower Bound 1 = 28
Lower Bound 2 = 21
Avaliação = 1.25

Tempo de execução: 1.56286s

---------------------------

Tamanho da população: 392
Fração elite: 0.2567
Fração mutante: 0.0202
Probabilidade herdar alelo elite: 0.6001
Número de populações independentes: 1
Número de threads: 1
Número máximo de gerações: 364

Largura da faixa = 14
Melhor altura = 35

Lower Bound 1 = 28
Lower Bound 2 = 21
Avaliação = 1.25

Tempo de execução: 1.62026s

---------------------------

Tamanho da população: 392
Fração elite: 0.2567
Fração mutante: 0.0202
Probabilidade herdar alelo elite: 0.6001
Número de populações independentes: 1
Número de threads: 1
Número máximo de gerações: 364

Largura da faixa = 14
Melhor altura = 35

Lower Bound 1 = 28
Lower Bound 2 = 21
Avaliação = 1.25

Tempo de execução: 1.428s

---------------------------

Tamanho da população: 392
Fração elite: 0.2567
Fração mutante: 0.0202
Probabilidade herdar alelo elite: 0.6001
Número de populações independentes: 1
Número de threads: 1
Número máximo de gerações: 364

Largura da faixa = 14
Melhor altura = 34

Lower Bound 1 = 28
Lower Bound 2 = 21
Avaliação = 1.21429

Tempo de execução: 1.47551s

---------------------------

Tamanho da população: 392
Fração elite: 0.2567
Fração mutante: 0.0202
Probabilidade herdar alelo elite: 0.6001
Número de populações independentes: 1
Número de threads: 1
Número máximo de gerações: 364

Largura da faixa = 14
Melhor altura = 35

Lower Bound 1 = 28
Lower Bound 2 = 21
Avaliação = 1.25

Tempo de execução: 1.61776s

---------------------------

Tamanho da população: 392
Fração elite: 0.2567
Fração mutante: 0.0202
Probabilidade herdar alelo elite: 0.6001
Número de populações independentes: 1
Número de threads: 1
Número máximo de gerações: 364

Largura da faixa = 14
Melhor altura = 35

Lower Bound 1 = 28
Lower Bound 2 = 21
Avaliação = 1.25

Tempo de execução: 1.51337s

---------------------------

Tamanho da população: 392
Fração elite: 0.2567
Fração mutante: 0.0202
Probabilidade herdar alelo elite: 0.6001
Número de populações independentes: 1
Número de threads: 1
Número máximo de gerações: 364

Largura da faixa = 14
Melhor altura = 34

Lower Bound 1 = 28
Lower Bound 2 = 21
Avaliação = 1.21429

Tempo de execução: 1.52398s

---------------------------

Tamanho da população: 392
Fração elite: 0.2567
Fração mutante: 0.0202
Probabilidade herdar alelo elite: 0.6001
Número de populações independentes: 1
Número de threads: 1
Número máximo de gerações: 364

Largura da faixa = 14
Melhor altura = 35

Lower Bound 1 = 28
Lower Bound 2 = 21
Avaliação = 1.25

Tempo de execução: 1.5324s

---------------------------

Tamanho da população: 392
Fração elite: 0.2567
Fração mutante: 0.0202
Probabilidade herdar alelo elite: 0.6001
Número de populações independentes: 1
Número de threads: 1
Número máximo de gerações: 364

Largura da faixa = 14
Melhor altura = 34

Lower Bound 1 = 28
Lower Bound 2 = 21
Avaliação = 1.21429

Tempo de execução: 1.40587s

---------------------------

Tamanho da população: 392
Fração elite: 0.2567
Fração mutante: 0.0202
Probabilidade herdar alelo elite: 0.6001
Número de populações independentes: 1
Número de threads: 1
Número máximo de gerações: 364

Largura da faixa = 14
Melhor altura = 35

Lower Bound 1 = 28
Lower Bound 2 = 21
Avaliação = 1.25

Tempo de execução: 1.62994s

---------------------------

Tamanho da população: 392
Fração elite: 0.2567
Fração mutante: 0.0202
Probabilidade herdar alelo elite: 0.6001
Número de populações independentes: 1
Número de threads: 1
Número máximo de gerações: 364

Largura da faixa = 14
Melhor altura = 35

Lower Bound 1 = 28
Lower Bound 2 = 21
Avaliação = 1.25

Tempo de execução: 1.66167s

---------------------------

Tamanho da população: 392
Fração elite: 0.2567
Fração mutante: 0.0202
Probabilidade herdar alelo elite: 0.6001
Número de populações independentes: 1
Número de threads: 1
Número máximo de gerações: 364

Largura da faixa = 14
Melhor altura = 34

Lower Bound 1 = 28
Lower Bound 2 = 21
Avaliação = 1.21429

Tempo de execução: 1.46477s

---------------------------

Tamanho da população: 392
Fração elite: 0.2567
Fração mutante: 0.0202
Probabilidade herdar alelo elite: 0.6001
Número de populações independentes: 1
Número de threads: 1
Número máximo de gerações: 364

Largura da faixa = 14
Melhor altura = 35

Lower Bound 1 = 28
Lower Bound 2 = 21
Avaliação = 1.25

Tempo de execução: 1.58497s

---------------------------

