Tamanho da população: 297
Fração elite: 0.55
Fração mutante: 0.0174
Probabilidade herdar alelo elite: 0.7678
Número de populações independentes: 1
Número de threads: 1
Trocar os melhores indivíduos a cada 30 gerações
Número máximo de gerações: 279

Largura da faixa = 16
Melhor altura = 40

Lower Bound 1 = 37
Lower Bound 2 = 16
Avaliação = 1.08108

Tempo de execução: 2.04636s

---------------------------

Tamanho da população: 297
Fração elite: 0.55
Fração mutante: 0.0174
Probabilidade herdar alelo elite: 0.7678
Número de populações independentes: 1
Número de threads: 1
Trocar os melhores indivíduos a cada 30 gerações
Número máximo de gerações: 279

Largura da faixa = 16
Melhor altura = 40

Lower Bound 1 = 37
Lower Bound 2 = 16
Avaliação = 1.08108

Tempo de execução: 2.33301s

---------------------------

Tamanho da população: 297
Fração elite: 0.55
Fração mutante: 0.0174
Probabilidade herdar alelo elite: 0.7678
Número de populações independentes: 1
Número de threads: 1
Trocar os melhores indivíduos a cada 30 gerações
Número máximo de gerações: 279

Largura da faixa = 16
Melhor altura = 40

Lower Bound 1 = 37
Lower Bound 2 = 16
Avaliação = 1.08108

Tempo de execução: 2.62712s

---------------------------

Tamanho da população: 297
Fração elite: 0.55
Fração mutante: 0.0174
Probabilidade herdar alelo elite: 0.7678
Número de populações independentes: 1
Número de threads: 1
Trocar os melhores indivíduos a cada 30 gerações
Número máximo de gerações: 279

Largura da faixa = 16
Melhor altura = 40

Lower Bound 1 = 37
Lower Bound 2 = 16
Avaliação = 1.08108

Tempo de execução: 2.36611s

---------------------------

Tamanho da população: 297
Fração elite: 0.55
Fração mutante: 0.0174
Probabilidade herdar alelo elite: 0.7678
Número de populações independentes: 1
Número de threads: 1
Trocar os melhores indivíduos a cada 30 gerações
Número máximo de gerações: 279

Largura da faixa = 16
Melhor altura = 40

Lower Bound 1 = 37
Lower Bound 2 = 16
Avaliação = 1.08108

Tempo de execução: 2.38335s

---------------------------

Tamanho da população: 297
Fração elite: 0.55
Fração mutante: 0.0174
Probabilidade herdar alelo elite: 0.7678
Número de populações independentes: 1
Número de threads: 1
Trocar os melhores indivíduos a cada 30 gerações
Número máximo de gerações: 279

Largura da faixa = 16
Melhor altura = 40

Lower Bound 1 = 37
Lower Bound 2 = 16
Avaliação = 1.08108

Tempo de execução: 2.51686s

---------------------------

Tamanho da população: 297
Fração elite: 0.55
Fração mutante: 0.0174
Probabilidade herdar alelo elite: 0.7678
Número de populações independentes: 1
Número de threads: 1
Trocar os melhores indivíduos a cada 30 gerações
Número máximo de gerações: 279

Largura da faixa = 16
Melhor altura = 40

Lower Bound 1 = 37
Lower Bound 2 = 16
Avaliação = 1.08108

Tempo de execução: 2.45012s

---------------------------

Tamanho da população: 297
Fração elite: 0.55
Fração mutante: 0.0174
Probabilidade herdar alelo elite: 0.7678
Número de populações independentes: 1
Número de threads: 1
Trocar os melhores indivíduos a cada 30 gerações
Número máximo de gerações: 279

Largura da faixa = 16
Melhor altura = 40

Lower Bound 1 = 37
Lower Bound 2 = 16
Avaliação = 1.08108

Tempo de execução: 2.57621s

---------------------------

Tamanho da população: 297
Fração elite: 0.55
Fração mutante: 0.0174
Probabilidade herdar alelo elite: 0.7678
Número de populações independentes: 1
Número de threads: 1
Trocar os melhores indivíduos a cada 30 gerações
Número máximo de gerações: 279

Largura da faixa = 16
Melhor altura = 40

Lower Bound 1 = 37
Lower Bound 2 = 16
Avaliação = 1.08108

Tempo de execução: 2.63227s

---------------------------

Tamanho da população: 297
Fração elite: 0.55
Fração mutante: 0.0174
Probabilidade herdar alelo elite: 0.7678
Número de populações independentes: 1
Número de threads: 1
Trocar os melhores indivíduos a cada 30 gerações
Número máximo de gerações: 279

Largura da faixa = 16
Melhor altura = 40

Lower Bound 1 = 37
Lower Bound 2 = 16
Avaliação = 1.08108

Tempo de execução: 2.52017s

---------------------------

Tamanho da população: 297
Fração elite: 0.55
Fração mutante: 0.0174
Probabilidade herdar alelo elite: 0.7678
Número de populações independentes: 1
Número de threads: 1
Trocar os melhores indivíduos a cada 30 gerações
Número máximo de gerações: 279

Largura da faixa = 16
Melhor altura = 40

Lower Bound 1 = 37
Lower Bound 2 = 16
Avaliação = 1.08108

Tempo de execução: 2.55599s

---------------------------

Tamanho da população: 297
Fração elite: 0.55
Fração mutante: 0.0174
Probabilidade herdar alelo elite: 0.7678
Número de populações independentes: 1
Número de threads: 1
Trocar os melhores indivíduos a cada 30 gerações
Número máximo de gerações: 279

Largura da faixa = 16
Melhor altura = 40

Lower Bound 1 = 37
Lower Bound 2 = 16
Avaliação = 1.08108

Tempo de execução: 2.59722s

---------------------------

Tamanho da população: 297
Fração elite: 0.55
Fração mutante: 0.0174
Probabilidade herdar alelo elite: 0.7678
Número de populações independentes: 1
Número de threads: 1
Trocar os melhores indivíduos a cada 30 gerações
Número máximo de gerações: 279

Largura da faixa = 16
Melhor altura = 40

Lower Bound 1 = 37
Lower Bound 2 = 16
Avaliação = 1.08108

Tempo de execução: 1.6899s

---------------------------

Tamanho da população: 297
Fração elite: 0.55
Fração mutante: 0.0174
Probabilidade herdar alelo elite: 0.7678
Número de populações independentes: 1
Número de threads: 1
Trocar os melhores indivíduos a cada 30 gerações
Número máximo de gerações: 279

Largura da faixa = 16
Melhor altura = 40

Lower Bound 1 = 37
Lower Bound 2 = 16
Avaliação = 1.08108

Tempo de execução: 2.03466s

---------------------------

Tamanho da população: 297
Fração elite: 0.55
Fração mutante: 0.0174
Probabilidade herdar alelo elite: 0.7678
Número de populações independentes: 1
Número de threads: 1
Trocar os melhores indivíduos a cada 30 gerações
Número máximo de gerações: 279

Largura da faixa = 16
Melhor altura = 40

Lower Bound 1 = 37
Lower Bound 2 = 16
Avaliação = 1.08108

Tempo de execução: 2.13806s

---------------------------

Tamanho da população: 297
Fração elite: 0.55
Fração mutante: 0.0174
Probabilidade herdar alelo elite: 0.7678
Número de populações independentes: 1
Número de threads: 1
Trocar os melhores indivíduos a cada 30 gerações
Número máximo de gerações: 279

Largura da faixa = 16
Melhor altura = 40

Lower Bound 1 = 37
Lower Bound 2 = 16
Avaliação = 1.08108

Tempo de execução: 1.48488s

---------------------------

Tamanho da população: 297
Fração elite: 0.55
Fração mutante: 0.0174
Probabilidade herdar alelo elite: 0.7678
Número de populações independentes: 1
Número de threads: 1
Trocar os melhores indivíduos a cada 30 gerações
Número máximo de gerações: 279

Largura da faixa = 16
Melhor altura = 40

Lower Bound 1 = 37
Lower Bound 2 = 16
Avaliação = 1.08108

Tempo de execução: 1.92056s

---------------------------

Tamanho da população: 297
Fração elite: 0.55
Fração mutante: 0.0174
Probabilidade herdar alelo elite: 0.7678
Número de populações independentes: 1
Número de threads: 1
Trocar os melhores indivíduos a cada 30 gerações
Número máximo de gerações: 279

Largura da faixa = 16
Melhor altura = 40

Lower Bound 1 = 37
Lower Bound 2 = 16
Avaliação = 1.08108

Tempo de execução: 2.10227s

---------------------------

Tamanho da população: 297
Fração elite: 0.55
Fração mutante: 0.0174
Probabilidade herdar alelo elite: 0.7678
Número de populações independentes: 1
Número de threads: 1
Trocar os melhores indivíduos a cada 30 gerações
Número máximo de gerações: 279

Largura da faixa = 16
Melhor altura = 40

Lower Bound 1 = 37
Lower Bound 2 = 16
Avaliação = 1.08108

Tempo de execução: 2.34381s

---------------------------

Tamanho da população: 297
Fração elite: 0.55
Fração mutante: 0.0174
Probabilidade herdar alelo elite: 0.7678
Número de populações independentes: 1
Número de threads: 1
Trocar os melhores indivíduos a cada 30 gerações
Número máximo de gerações: 279

Largura da faixa = 16
Melhor altura = 40

Lower Bound 1 = 37
Lower Bound 2 = 16
Avaliação = 1.08108

Tempo de execução: 2.512s

---------------------------

Tamanho da população: 392
Fração elite: 0.2567
Fração mutante: 0.0202
Probabilidade herdar alelo elite: 0.6001
Número de populações independentes: 1
Número de threads: 1
Número máximo de gerações: 364

Largura da faixa = 16
Melhor altura = 40

Lower Bound 1 = 37
Lower Bound 2 = 16
Avaliação = 1.08108

Tempo de execução: 2.62948s

---------------------------

Tamanho da população: 392
Fração elite: 0.2567
Fração mutante: 0.0202
Probabilidade herdar alelo elite: 0.6001
Número de populações independentes: 1
Número de threads: 1
Número máximo de gerações: 364

Largura da faixa = 16
Melhor altura = 40

Lower Bound 1 = 37
Lower Bound 2 = 16
Avaliação = 1.08108

Tempo de execução: 2.6364s

---------------------------

Tamanho da população: 392
Fração elite: 0.2567
Fração mutante: 0.0202
Probabilidade herdar alelo elite: 0.6001
Número de populações independentes: 1
Número de threads: 1
Número máximo de gerações: 364

Largura da faixa = 16
Melhor altura = 40

Lower Bound 1 = 37
Lower Bound 2 = 16
Avaliação = 1.08108

Tempo de execução: 2.73948s

---------------------------

Tamanho da população: 392
Fração elite: 0.2567
Fração mutante: 0.0202
Probabilidade herdar alelo elite: 0.6001
Número de populações independentes: 1
Número de threads: 1
Número máximo de gerações: 364

Largura da faixa = 16
Melhor altura = 40

Lower Bound 1 = 37
Lower Bound 2 = 16
Avaliação = 1.08108

Tempo de execução: 2.58876s

---------------------------

Tamanho da população: 392
Fração elite: 0.2567
Fração mutante: 0.0202
Probabilidade herdar alelo elite: 0.6001
Número de populações independentes: 1
Número de threads: 1
Número máximo de gerações: 364

Largura da faixa = 16
Melhor altura = 40

Lower Bound 1 = 37
Lower Bound 2 = 16
Avaliação = 1.08108

Tempo de execução: 2.71206s

---------------------------

Tamanho da população: 392
Fração elite: 0.2567
Fração mutante: 0.0202
Probabilidade herdar alelo elite: 0.6001
Número de populações independentes: 1
Número de threads: 1
Número máximo de gerações: 364

Largura da faixa = 16
Melhor altura = 40

Lower Bound 1 = 37
Lower Bound 2 = 16
Avaliação = 1.08108

Tempo de execução: 2.73077s

---------------------------

Tamanho da população: 392
Fração elite: 0.2567
Fração mutante: 0.0202
Probabilidade herdar alelo elite: 0.6001
Número de populações independentes: 1
Número de threads: 1
Número máximo de gerações: 364

Largura da faixa = 16
Melhor altura = 40

Lower Bound 1 = 37
Lower Bound 2 = 16
Avaliação = 1.08108

Tempo de execução: 2.61555s

---------------------------

Tamanho da população: 392
Fração elite: 0.2567
Fração mutante: 0.0202
Probabilidade herdar alelo elite: 0.6001
Número de populações independentes: 1
Número de threads: 1
Número máximo de gerações: 364

Largura da faixa = 16
Melhor altura = 40

Lower Bound 1 = 37
Lower Bound 2 = 16
Avaliação = 1.08108

Tempo de execução: 2.75102s

---------------------------

Tamanho da população: 392
Fração elite: 0.2567
Fração mutante: 0.0202
Probabilidade herdar alelo elite: 0.6001
Número de populações independentes: 1
Número de threads: 1
Número máximo de gerações: 364

Largura da faixa = 16
Melhor altura = 40

Lower Bound 1 = 37
Lower Bound 2 = 16
Avaliação = 1.08108

Tempo de execução: 2.7708s

---------------------------

Tamanho da população: 392
Fração elite: 0.2567
Fração mutante: 0.0202
Probabilidade herdar alelo elite: 0.6001
Número de populações independentes: 1
Número de threads: 1
Número máximo de gerações: 364

Largura da faixa = 16
Melhor altura = 40

Lower Bound 1 = 37
Lower Bound 2 = 16
Avaliação = 1.08108

Tempo de execução: 2.62093s

---------------------------

Tamanho da população: 392
Fração elite: 0.2567
Fração mutante: 0.0202
Probabilidade herdar alelo elite: 0.6001
Número de populações independentes: 1
Número de threads: 1
Número máximo de gerações: 364

Largura da faixa = 16
Melhor altura = 40

Lower Bound 1 = 37
Lower Bound 2 = 16
Avaliação = 1.08108

Tempo de execução: 2.89747s

---------------------------

Tamanho da população: 392
Fração elite: 0.2567
Fração mutante: 0.0202
Probabilidade herdar alelo elite: 0.6001
Número de populações independentes: 1
Número de threads: 1
Número máximo de gerações: 364

Largura da faixa = 16
Melhor altura = 40

Lower Bound 1 = 37
Lower Bound 2 = 16
Avaliação = 1.08108

Tempo de execução: 2.92122s

---------------------------

Tamanho da população: 392
Fração elite: 0.2567
Fração mutante: 0.0202
Probabilidade herdar alelo elite: 0.6001
Número de populações independentes: 1
Número de threads: 1
Número máximo de gerações: 364

Largura da faixa = 16
Melhor altura = 40

Lower Bound 1 = 37
Lower Bound 2 = 16
Avaliação = 1.08108

Tempo de execução: 2.75791s

---------------------------

Tamanho da população: 392
Fração elite: 0.2567
Fração mutante: 0.0202
Probabilidade herdar alelo elite: 0.6001
Número de populações independentes: 1
Número de threads: 1
Número máximo de gerações: 364

Largura da faixa = 16
Melhor altura = 40

Lower Bound 1 = 37
Lower Bound 2 = 16
Avaliação = 1.08108

Tempo de execução: 2.84151s

---------------------------

Tamanho da população: 392
Fração elite: 0.2567
Fração mutante: 0.0202
Probabilidade herdar alelo elite: 0.6001
Número de populações independentes: 1
Número de threads: 1
Número máximo de gerações: 364

Largura da faixa = 16
Melhor altura = 39

Lower Bound 1 = 37
Lower Bound 2 = 16
Avaliação = 1.05405

Tempo de execução: 2.90907s

---------------------------

Tamanho da população: 392
Fração elite: 0.2567
Fração mutante: 0.0202
Probabilidade herdar alelo elite: 0.6001
Número de populações independentes: 1
Número de threads: 1
Número máximo de gerações: 364

Largura da faixa = 16
Melhor altura = 40

Lower Bound 1 = 37
Lower Bound 2 = 16
Avaliação = 1.08108

Tempo de execução: 2.64703s

---------------------------

Tamanho da população: 392
Fração elite: 0.2567
Fração mutante: 0.0202
Probabilidade herdar alelo elite: 0.6001
Número de populações independentes: 1
Número de threads: 1
Número máximo de gerações: 364

Largura da faixa = 16
Melhor altura = 40

Lower Bound 1 = 37
Lower Bound 2 = 16
Avaliação = 1.08108

Tempo de execução: 2.67181s

---------------------------

Tamanho da população: 392
Fração elite: 0.2567
Fração mutante: 0.0202
Probabilidade herdar alelo elite: 0.6001
Número de populações independentes: 1
Número de threads: 1
Número máximo de gerações: 364

Largura da faixa = 16
Melhor altura = 40

Lower Bound 1 = 37
Lower Bound 2 = 16
Avaliação = 1.08108

Tempo de execução: 2.81338s

---------------------------

Tamanho da população: 392
Fração elite: 0.2567
Fração mutante: 0.0202
Probabilidade herdar alelo elite: 0.6001
Número de populações independentes: 1
Número de threads: 1
Número máximo de gerações: 364

Largura da faixa = 16
Melhor altura = 40

Lower Bound 1 = 37
Lower Bound 2 = 16
Avaliação = 1.08108

Tempo de execução: 2.5938s

---------------------------

Tamanho da população: 392
Fração elite: 0.2567
Fração mutante: 0.0202
Probabilidade herdar alelo elite: 0.6001
Número de populações independentes: 1
Número de threads: 1
Número máximo de gerações: 364

Largura da faixa = 16
Melhor altura = 40

Lower Bound 1 = 37
Lower Bound 2 = 16
Avaliação = 1.08108

Tempo de execução: 2.72827s

---------------------------

