Tamanho da população: 475
Fração elite: 0.2121
Fração mutante: 0.0442
Probabilidade herdar alelo elite: 0.6514
Número de populações independentes: 3
Troca de informação de 4 individuos a cada 241 gerações
Número de threads: 1

Largura da faixa = 26
Melhor altura = 26

Lower Bound 1 = 23
Lower Bound 2 = 26
Avaliação = 1

Tempo de execução: 60.0049s

---------------------------

Tamanho da população: 475
Fração elite: 0.2121
Fração mutante: 0.0442
Probabilidade herdar alelo elite: 0.6514
Número de populações independentes: 3
Troca de informação de 4 individuos a cada 241 gerações
Número de threads: 1

Largura da faixa = 26
Melhor altura = 26

Lower Bound 1 = 23
Lower Bound 2 = 26
Avaliação = 1

Tempo de execução: 60.0117s

---------------------------

Tamanho da população: 475
Fração elite: 0.2121
Fração mutante: 0.0442
Probabilidade herdar alelo elite: 0.6514
Número de populações independentes: 3
Troca de informação de 4 individuos a cada 241 gerações
Número de threads: 1

Largura da faixa = 26
Melhor altura = 26

Lower Bound 1 = 23
Lower Bound 2 = 26
Avaliação = 1

Tempo de execução: 60.0237s

---------------------------

Tamanho da população: 475
Fração elite: 0.2121
Fração mutante: 0.0442
Probabilidade herdar alelo elite: 0.6514
Número de populações independentes: 3
Troca de informação de 4 individuos a cada 241 gerações
Número de threads: 1

Largura da faixa = 26
Melhor altura = 26

Lower Bound 1 = 23
Lower Bound 2 = 26
Avaliação = 1

Tempo de execução: 60.0066s

---------------------------

Tamanho da população: 475
Fração elite: 0.2121
Fração mutante: 0.0442
Probabilidade herdar alelo elite: 0.6514
Número de populações independentes: 3
Troca de informação de 4 individuos a cada 241 gerações
Número de threads: 1

Largura da faixa = 26
Melhor altura = 26

Lower Bound 1 = 23
Lower Bound 2 = 26
Avaliação = 1

Tempo de execução: 60.01s

---------------------------

Tamanho da população: 475
Fração elite: 0.2121
Fração mutante: 0.0442
Probabilidade herdar alelo elite: 0.6514
Número de populações independentes: 3
Troca de informação de 4 individuos a cada 241 gerações
Número de threads: 1

Largura da faixa = 26
Melhor altura = 26

Lower Bound 1 = 23
Lower Bound 2 = 26
Avaliação = 1

Tempo de execução: 60.0219s

---------------------------

Tamanho da população: 475
Fração elite: 0.2121
Fração mutante: 0.0442
Probabilidade herdar alelo elite: 0.6514
Número de populações independentes: 3
Troca de informação de 4 individuos a cada 241 gerações
Número de threads: 1

Largura da faixa = 26
Melhor altura = 26

Lower Bound 1 = 23
Lower Bound 2 = 26
Avaliação = 1

Tempo de execução: 60.0013s

---------------------------

Tamanho da população: 475
Fração elite: 0.2121
Fração mutante: 0.0442
Probabilidade herdar alelo elite: 0.6514
Número de populações independentes: 3
Troca de informação de 4 individuos a cada 241 gerações
Número de threads: 1

Largura da faixa = 26
Melhor altura = 26

Lower Bound 1 = 23
Lower Bound 2 = 26
Avaliação = 1

Tempo de execução: 60.026s

---------------------------

Tamanho da população: 475
Fração elite: 0.2121
Fração mutante: 0.0442
Probabilidade herdar alelo elite: 0.6514
Número de populações independentes: 3
Troca de informação de 4 individuos a cada 241 gerações
Número de threads: 1

Largura da faixa = 26
Melhor altura = 26

Lower Bound 1 = 23
Lower Bound 2 = 26
Avaliação = 1

Tempo de execução: 60.026s

---------------------------

Tamanho da população: 475
Fração elite: 0.2121
Fração mutante: 0.0442
Probabilidade herdar alelo elite: 0.6514
Número de populações independentes: 3
Troca de informação de 4 individuos a cada 241 gerações
Número de threads: 1

Largura da faixa = 26
Melhor altura = 26

Lower Bound 1 = 23
Lower Bound 2 = 26
Avaliação = 1

Tempo de execução: 60.0071s

---------------------------

Tamanho da população: 475
Fração elite: 0.2121
Fração mutante: 0.0442
Probabilidade herdar alelo elite: 0.6514
Número de populações independentes: 3
Troca de informação de 4 individuos a cada 241 gerações
Número de threads: 1

Largura da faixa = 26
Melhor altura = 26

Lower Bound 1 = 23
Lower Bound 2 = 26
Avaliação = 1

Tempo de execução: 60.0245s

---------------------------

Tamanho da população: 475
Fração elite: 0.2121
Fração mutante: 0.0442
Probabilidade herdar alelo elite: 0.6514
Número de populações independentes: 3
Troca de informação de 4 individuos a cada 241 gerações
Número de threads: 1

Largura da faixa = 26
Melhor altura = 26

Lower Bound 1 = 23
Lower Bound 2 = 26
Avaliação = 1

Tempo de execução: 60.026s

---------------------------

Tamanho da população: 475
Fração elite: 0.2121
Fração mutante: 0.0442
Probabilidade herdar alelo elite: 0.6514
Número de populações independentes: 3
Troca de informação de 4 individuos a cada 241 gerações
Número de threads: 1

Largura da faixa = 26
Melhor altura = 26

Lower Bound 1 = 23
Lower Bound 2 = 26
Avaliação = 1

Tempo de execução: 60.0027s

---------------------------

Tamanho da população: 475
Fração elite: 0.2121
Fração mutante: 0.0442
Probabilidade herdar alelo elite: 0.6514
Número de populações independentes: 3
Troca de informação de 4 individuos a cada 241 gerações
Número de threads: 1

Largura da faixa = 26
Melhor altura = 26

Lower Bound 1 = 23
Lower Bound 2 = 26
Avaliação = 1

Tempo de execução: 60.0109s

---------------------------

Tamanho da população: 475
Fração elite: 0.2121
Fração mutante: 0.0442
Probabilidade herdar alelo elite: 0.6514
Número de populações independentes: 3
Troca de informação de 4 individuos a cada 241 gerações
Número de threads: 1

Largura da faixa = 26
Melhor altura = 26

Lower Bound 1 = 23
Lower Bound 2 = 26
Avaliação = 1

Tempo de execução: 60.023s

---------------------------

Tamanho da população: 475
Fração elite: 0.2121
Fração mutante: 0.0442
Probabilidade herdar alelo elite: 0.6514
Número de populações independentes: 3
Troca de informação de 4 individuos a cada 241 gerações
Número de threads: 1

Largura da faixa = 26
Melhor altura = 26

Lower Bound 1 = 23
Lower Bound 2 = 26
Avaliação = 1

Tempo de execução: 60.0034s

---------------------------

Tamanho da população: 475
Fração elite: 0.2121
Fração mutante: 0.0442
Probabilidade herdar alelo elite: 0.6514
Número de populações independentes: 3
Troca de informação de 4 individuos a cada 241 gerações
Número de threads: 1

Largura da faixa = 26
Melhor altura = 26

Lower Bound 1 = 23
Lower Bound 2 = 26
Avaliação = 1

Tempo de execução: 60.0054s

---------------------------

Tamanho da população: 475
Fração elite: 0.2121
Fração mutante: 0.0442
Probabilidade herdar alelo elite: 0.6514
Número de populações independentes: 3
Troca de informação de 4 individuos a cada 241 gerações
Número de threads: 1

Largura da faixa = 26
Melhor altura = 26

Lower Bound 1 = 23
Lower Bound 2 = 26
Avaliação = 1

Tempo de execução: 60.0064s

---------------------------

Tamanho da população: 475
Fração elite: 0.2121
Fração mutante: 0.0442
Probabilidade herdar alelo elite: 0.6514
Número de populações independentes: 3
Troca de informação de 4 individuos a cada 241 gerações
Número de threads: 1

Largura da faixa = 26
Melhor altura = 26

Lower Bound 1 = 23
Lower Bound 2 = 26
Avaliação = 1

Tempo de execução: 60.0098s

---------------------------

Tamanho da população: 475
Fração elite: 0.2121
Fração mutante: 0.0442
Probabilidade herdar alelo elite: 0.6514
Número de populações independentes: 3
Troca de informação de 4 individuos a cada 241 gerações
Número de threads: 1

Largura da faixa = 26
Melhor altura = 26

Lower Bound 1 = 23
Lower Bound 2 = 26
Avaliação = 1

Tempo de execução: 60.018s
