Tamanho da população: 297
Fração elite: 0.55
Fração mutante: 0.0174
Probabilidade herdar alelo elite: 0.7678
Número de populações independentes: 1
Número de threads: 1
Trocar os melhores indivíduos a cada 30 gerações
Número máximo de gerações: 279

Largura da faixa = 13
Melhor altura = 48

Lower Bound 1 = 46
Lower Bound 2 = 13
Avaliação = 1.04348

Tempo de execução: 1.37088s

---------------------------

Tamanho da população: 297
Fração elite: 0.55
Fração mutante: 0.0174
Probabilidade herdar alelo elite: 0.7678
Número de populações independentes: 1
Número de threads: 1
Trocar os melhores indivíduos a cada 30 gerações
Número máximo de gerações: 279

Largura da faixa = 13
Melhor altura = 48

Lower Bound 1 = 46
Lower Bound 2 = 13
Avaliação = 1.04348

Tempo de execução: 2.27833s

---------------------------

Tamanho da população: 297
Fração elite: 0.55
Fração mutante: 0.0174
Probabilidade herdar alelo elite: 0.7678
Número de populações independentes: 1
Número de threads: 1
Trocar os melhores indivíduos a cada 30 gerações
Número máximo de gerações: 279

Largura da faixa = 13
Melhor altura = 48

Lower Bound 1 = 46
Lower Bound 2 = 13
Avaliação = 1.04348

Tempo de execução: 2.31836s

---------------------------

Tamanho da população: 297
Fração elite: 0.55
Fração mutante: 0.0174
Probabilidade herdar alelo elite: 0.7678
Número de populações independentes: 1
Número de threads: 1
Trocar os melhores indivíduos a cada 30 gerações
Número máximo de gerações: 279

Largura da faixa = 13
Melhor altura = 48

Lower Bound 1 = 46
Lower Bound 2 = 13
Avaliação = 1.04348

Tempo de execução: 1.5437s

---------------------------

Tamanho da população: 297
Fração elite: 0.55
Fração mutante: 0.0174
Probabilidade herdar alelo elite: 0.7678
Número de populações independentes: 1
Número de threads: 1
Trocar os melhores indivíduos a cada 30 gerações
Número máximo de gerações: 279

Largura da faixa = 13
Melhor altura = 48

Lower Bound 1 = 46
Lower Bound 2 = 13
Avaliação = 1.04348

Tempo de execução: 2.18146s

---------------------------

Tamanho da população: 297
Fração elite: 0.55
Fração mutante: 0.0174
Probabilidade herdar alelo elite: 0.7678
Número de populações independentes: 1
Número de threads: 1
Trocar os melhores indivíduos a cada 30 gerações
Número máximo de gerações: 279

Largura da faixa = 13
Melhor altura = 49

Lower Bound 1 = 46
Lower Bound 2 = 13
Avaliação = 1.06522

Tempo de execução: 2.23052s

---------------------------

Tamanho da população: 297
Fração elite: 0.55
Fração mutante: 0.0174
Probabilidade herdar alelo elite: 0.7678
Número de populações independentes: 1
Número de threads: 1
Trocar os melhores indivíduos a cada 30 gerações
Número máximo de gerações: 279

Largura da faixa = 13
Melhor altura = 48

Lower Bound 1 = 46
Lower Bound 2 = 13
Avaliação = 1.04348

Tempo de execução: 1.53062s

---------------------------

Tamanho da população: 297
Fração elite: 0.55
Fração mutante: 0.0174
Probabilidade herdar alelo elite: 0.7678
Número de populações independentes: 1
Número de threads: 1
Trocar os melhores indivíduos a cada 30 gerações
Número máximo de gerações: 279

Largura da faixa = 13
Melhor altura = 48

Lower Bound 1 = 46
Lower Bound 2 = 13
Avaliação = 1.04348

Tempo de execução: 1.57277s

---------------------------

Tamanho da população: 297
Fração elite: 0.55
Fração mutante: 0.0174
Probabilidade herdar alelo elite: 0.7678
Número de populações independentes: 1
Número de threads: 1
Trocar os melhores indivíduos a cada 30 gerações
Número máximo de gerações: 279

Largura da faixa = 13
Melhor altura = 48

Lower Bound 1 = 46
Lower Bound 2 = 13
Avaliação = 1.04348

Tempo de execução: 1.60334s

---------------------------

Tamanho da população: 297
Fração elite: 0.55
Fração mutante: 0.0174
Probabilidade herdar alelo elite: 0.7678
Número de populações independentes: 1
Número de threads: 1
Trocar os melhores indivíduos a cada 30 gerações
Número máximo de gerações: 279

Largura da faixa = 13
Melhor altura = 48

Lower Bound 1 = 46
Lower Bound 2 = 13
Avaliação = 1.04348

Tempo de execução: 1.43688s

---------------------------

Tamanho da população: 297
Fração elite: 0.55
Fração mutante: 0.0174
Probabilidade herdar alelo elite: 0.7678
Número de populações independentes: 1
Número de threads: 1
Trocar os melhores indivíduos a cada 30 gerações
Número máximo de gerações: 279

Largura da faixa = 13
Melhor altura = 48

Lower Bound 1 = 46
Lower Bound 2 = 13
Avaliação = 1.04348

Tempo de execução: 1.93587s

---------------------------

Tamanho da população: 297
Fração elite: 0.55
Fração mutante: 0.0174
Probabilidade herdar alelo elite: 0.7678
Número de populações independentes: 1
Número de threads: 1
Trocar os melhores indivíduos a cada 30 gerações
Número máximo de gerações: 279

Largura da faixa = 13
Melhor altura = 48

Lower Bound 1 = 46
Lower Bound 2 = 13
Avaliação = 1.04348

Tempo de execução: 2.21972s

---------------------------

Tamanho da população: 297
Fração elite: 0.55
Fração mutante: 0.0174
Probabilidade herdar alelo elite: 0.7678
Número de populações independentes: 1
Número de threads: 1
Trocar os melhores indivíduos a cada 30 gerações
Número máximo de gerações: 279

Largura da faixa = 13
Melhor altura = 48

Lower Bound 1 = 46
Lower Bound 2 = 13
Avaliação = 1.04348

Tempo de execução: 1.74863s

---------------------------

Tamanho da população: 297
Fração elite: 0.55
Fração mutante: 0.0174
Probabilidade herdar alelo elite: 0.7678
Número de populações independentes: 1
Número de threads: 1
Trocar os melhores indivíduos a cada 30 gerações
Número máximo de gerações: 279

Largura da faixa = 13
Melhor altura = 48

Lower Bound 1 = 46
Lower Bound 2 = 13
Avaliação = 1.04348

Tempo de execução: 2.1737s

---------------------------

Tamanho da população: 297
Fração elite: 0.55
Fração mutante: 0.0174
Probabilidade herdar alelo elite: 0.7678
Número de populações independentes: 1
Número de threads: 1
Trocar os melhores indivíduos a cada 30 gerações
Número máximo de gerações: 279

Largura da faixa = 13
Melhor altura = 48

Lower Bound 1 = 46
Lower Bound 2 = 13
Avaliação = 1.04348

Tempo de execução: 2.4281s

---------------------------

Tamanho da população: 297
Fração elite: 0.55
Fração mutante: 0.0174
Probabilidade herdar alelo elite: 0.7678
Número de populações independentes: 1
Número de threads: 1
Trocar os melhores indivíduos a cada 30 gerações
Número máximo de gerações: 279

Largura da faixa = 13
Melhor altura = 48

Lower Bound 1 = 46
Lower Bound 2 = 13
Avaliação = 1.04348

Tempo de execução: 2.06346s

---------------------------

Tamanho da população: 297
Fração elite: 0.55
Fração mutante: 0.0174
Probabilidade herdar alelo elite: 0.7678
Número de populações independentes: 1
Número de threads: 1
Trocar os melhores indivíduos a cada 30 gerações
Número máximo de gerações: 279

Largura da faixa = 13
Melhor altura = 48

Lower Bound 1 = 46
Lower Bound 2 = 13
Avaliação = 1.04348

Tempo de execução: 2.08486s

---------------------------

Tamanho da população: 297
Fração elite: 0.55
Fração mutante: 0.0174
Probabilidade herdar alelo elite: 0.7678
Número de populações independentes: 1
Número de threads: 1
Trocar os melhores indivíduos a cada 30 gerações
Número máximo de gerações: 279

Largura da faixa = 13
Melhor altura = 48

Lower Bound 1 = 46
Lower Bound 2 = 13
Avaliação = 1.04348

Tempo de execução: 2.26655s

---------------------------

Tamanho da população: 297
Fração elite: 0.55
Fração mutante: 0.0174
Probabilidade herdar alelo elite: 0.7678
Número de populações independentes: 1
Número de threads: 1
Trocar os melhores indivíduos a cada 30 gerações
Número máximo de gerações: 279

Largura da faixa = 13
Melhor altura = 49

Lower Bound 1 = 46
Lower Bound 2 = 13
Avaliação = 1.06522

Tempo de execução: 2.08449s

---------------------------

Tamanho da população: 297
Fração elite: 0.55
Fração mutante: 0.0174
Probabilidade herdar alelo elite: 0.7678
Número de populações independentes: 1
Número de threads: 1
Trocar os melhores indivíduos a cada 30 gerações
Número máximo de gerações: 279

Largura da faixa = 13
Melhor altura = 48

Lower Bound 1 = 46
Lower Bound 2 = 13
Avaliação = 1.04348

Tempo de execução: 2.34212s

---------------------------

Tamanho da população: 392
Fração elite: 0.2567
Fração mutante: 0.0202
Probabilidade herdar alelo elite: 0.6001
Número de populações independentes: 1
Número de threads: 1
Número máximo de gerações: 364

Largura da faixa = 13
Melhor altura = 48

Lower Bound 1 = 46
Lower Bound 2 = 13
Avaliação = 1.04348

Tempo de execução: 2.50365s

---------------------------

Tamanho da população: 392
Fração elite: 0.2567
Fração mutante: 0.0202
Probabilidade herdar alelo elite: 0.6001
Número de populações independentes: 1
Número de threads: 1
Número máximo de gerações: 364

Largura da faixa = 13
Melhor altura = 48

Lower Bound 1 = 46
Lower Bound 2 = 13
Avaliação = 1.04348

Tempo de execução: 2.52536s

---------------------------

Tamanho da população: 392
Fração elite: 0.2567
Fração mutante: 0.0202
Probabilidade herdar alelo elite: 0.6001
Número de populações independentes: 1
Número de threads: 1
Número máximo de gerações: 364

Largura da faixa = 13
Melhor altura = 48

Lower Bound 1 = 46
Lower Bound 2 = 13
Avaliação = 1.04348

Tempo de execução: 2.53001s

---------------------------

Tamanho da população: 392
Fração elite: 0.2567
Fração mutante: 0.0202
Probabilidade herdar alelo elite: 0.6001
Número de populações independentes: 1
Número de threads: 1
Número máximo de gerações: 364

Largura da faixa = 13
Melhor altura = 48

Lower Bound 1 = 46
Lower Bound 2 = 13
Avaliação = 1.04348

Tempo de execução: 2.51208s

---------------------------

Tamanho da população: 392
Fração elite: 0.2567
Fração mutante: 0.0202
Probabilidade herdar alelo elite: 0.6001
Número de populações independentes: 1
Número de threads: 1
Número máximo de gerações: 364

Largura da faixa = 13
Melhor altura = 49

Lower Bound 1 = 46
Lower Bound 2 = 13
Avaliação = 1.06522

Tempo de execução: 2.51788s

---------------------------

Tamanho da população: 392
Fração elite: 0.2567
Fração mutante: 0.0202
Probabilidade herdar alelo elite: 0.6001
Número de populações independentes: 1
Número de threads: 1
Número máximo de gerações: 364

Largura da faixa = 13
Melhor altura = 48

Lower Bound 1 = 46
Lower Bound 2 = 13
Avaliação = 1.04348

Tempo de execução: 2.66757s

---------------------------

Tamanho da população: 392
Fração elite: 0.2567
Fração mutante: 0.0202
Probabilidade herdar alelo elite: 0.6001
Número de populações independentes: 1
Número de threads: 1
Número máximo de gerações: 364

Largura da faixa = 13
Melhor altura = 49

Lower Bound 1 = 46
Lower Bound 2 = 13
Avaliação = 1.06522

Tempo de execução: 2.3228s

---------------------------

Tamanho da população: 392
Fração elite: 0.2567
Fração mutante: 0.0202
Probabilidade herdar alelo elite: 0.6001
Número de populações independentes: 1
Número de threads: 1
Número máximo de gerações: 364

Largura da faixa = 13
Melhor altura = 48

Lower Bound 1 = 46
Lower Bound 2 = 13
Avaliação = 1.04348

Tempo de execução: 2.49206s

---------------------------

Tamanho da população: 392
Fração elite: 0.2567
Fração mutante: 0.0202
Probabilidade herdar alelo elite: 0.6001
Número de populações independentes: 1
Número de threads: 1
Número máximo de gerações: 364

Largura da faixa = 13
Melhor altura = 49

Lower Bound 1 = 46
Lower Bound 2 = 13
Avaliação = 1.06522

Tempo de execução: 2.58614s

---------------------------

Tamanho da população: 392
Fração elite: 0.2567
Fração mutante: 0.0202
Probabilidade herdar alelo elite: 0.6001
Número de populações independentes: 1
Número de threads: 1
Número máximo de gerações: 364

Largura da faixa = 13
Melhor altura = 48

Lower Bound 1 = 46
Lower Bound 2 = 13
Avaliação = 1.04348

Tempo de execução: 2.52777s

---------------------------

Tamanho da população: 392
Fração elite: 0.2567
Fração mutante: 0.0202
Probabilidade herdar alelo elite: 0.6001
Número de populações independentes: 1
Número de threads: 1
Número máximo de gerações: 364

Largura da faixa = 13
Melhor altura = 48

Lower Bound 1 = 46
Lower Bound 2 = 13
Avaliação = 1.04348

Tempo de execução: 2.5741s

---------------------------

Tamanho da população: 392
Fração elite: 0.2567
Fração mutante: 0.0202
Probabilidade herdar alelo elite: 0.6001
Número de populações independentes: 1
Número de threads: 1
Número máximo de gerações: 364

Largura da faixa = 13
Melhor altura = 48

Lower Bound 1 = 46
Lower Bound 2 = 13
Avaliação = 1.04348

Tempo de execução: 2.66455s

---------------------------

Tamanho da população: 392
Fração elite: 0.2567
Fração mutante: 0.0202
Probabilidade herdar alelo elite: 0.6001
Número de populações independentes: 1
Número de threads: 1
Número máximo de gerações: 364

Largura da faixa = 13
Melhor altura = 48

Lower Bound 1 = 46
Lower Bound 2 = 13
Avaliação = 1.04348

Tempo de execução: 2.5296s

---------------------------

Tamanho da população: 392
Fração elite: 0.2567
Fração mutante: 0.0202
Probabilidade herdar alelo elite: 0.6001
Número de populações independentes: 1
Número de threads: 1
Número máximo de gerações: 364

Largura da faixa = 13
Melhor altura = 48

Lower Bound 1 = 46
Lower Bound 2 = 13
Avaliação = 1.04348

Tempo de execução: 2.66172s

---------------------------

Tamanho da população: 392
Fração elite: 0.2567
Fração mutante: 0.0202
Probabilidade herdar alelo elite: 0.6001
Número de populações independentes: 1
Número de threads: 1
Número máximo de gerações: 364

Largura da faixa = 13
Melhor altura = 48

Lower Bound 1 = 46
Lower Bound 2 = 13
Avaliação = 1.04348

Tempo de execução: 2.66841s

---------------------------

Tamanho da população: 392
Fração elite: 0.2567
Fração mutante: 0.0202
Probabilidade herdar alelo elite: 0.6001
Número de populações independentes: 1
Número de threads: 1
Número máximo de gerações: 364

Largura da faixa = 13
Melhor altura = 48

Lower Bound 1 = 46
Lower Bound 2 = 13
Avaliação = 1.04348

Tempo de execução: 2.47463s

---------------------------

Tamanho da população: 392
Fração elite: 0.2567
Fração mutante: 0.0202
Probabilidade herdar alelo elite: 0.6001
Número de populações independentes: 1
Número de threads: 1
Número máximo de gerações: 364

Largura da faixa = 13
Melhor altura = 49

Lower Bound 1 = 46
Lower Bound 2 = 13
Avaliação = 1.06522

Tempo de execução: 2.48473s

---------------------------

Tamanho da população: 392
Fração elite: 0.2567
Fração mutante: 0.0202
Probabilidade herdar alelo elite: 0.6001
Número de populações independentes: 1
Número de threads: 1
Número máximo de gerações: 364

Largura da faixa = 13
Melhor altura = 48

Lower Bound 1 = 46
Lower Bound 2 = 13
Avaliação = 1.04348

Tempo de execução: 2.50629s

---------------------------

Tamanho da população: 392
Fração elite: 0.2567
Fração mutante: 0.0202
Probabilidade herdar alelo elite: 0.6001
Número de populações independentes: 1
Número de threads: 1
Número máximo de gerações: 364

Largura da faixa = 13
Melhor altura = 48

Lower Bound 1 = 46
Lower Bound 2 = 13
Avaliação = 1.04348

Tempo de execução: 2.58936s

---------------------------

Tamanho da população: 392
Fração elite: 0.2567
Fração mutante: 0.0202
Probabilidade herdar alelo elite: 0.6001
Número de populações independentes: 1
Número de threads: 1
Número máximo de gerações: 364

Largura da faixa = 13
Melhor altura = 48

Lower Bound 1 = 46
Lower Bound 2 = 13
Avaliação = 1.04348

Tempo de execução: 2.63955s

---------------------------

