Tamanho da população: 297
Fração elite: 0.55
Fração mutante: 0.0174
Probabilidade herdar alelo elite: 0.7678
Número de populações independentes: 1
Número de threads: 1
Trocar os melhores indivíduos a cada 30 gerações
Número máximo de gerações: 279

Largura da faixa = 25
Melhor altura = 78

Lower Bound 1 = 72
Lower Bound 2 = 25
Avaliação = 1.08333

Tempo de execução: 2.09276s

---------------------------

Tamanho da população: 297
Fração elite: 0.55
Fração mutante: 0.0174
Probabilidade herdar alelo elite: 0.7678
Número de populações independentes: 1
Número de threads: 1
Trocar os melhores indivíduos a cada 30 gerações
Número máximo de gerações: 279

Largura da faixa = 25
Melhor altura = 78

Lower Bound 1 = 72
Lower Bound 2 = 25
Avaliação = 1.08333

Tempo de execução: 2.21436s

---------------------------

Tamanho da população: 297
Fração elite: 0.55
Fração mutante: 0.0174
Probabilidade herdar alelo elite: 0.7678
Número de populações independentes: 1
Número de threads: 1
Trocar os melhores indivíduos a cada 30 gerações
Número máximo de gerações: 279

Largura da faixa = 25
Melhor altura = 79

Lower Bound 1 = 72
Lower Bound 2 = 25
Avaliação = 1.09722

Tempo de execução: 2.82507s

---------------------------

Tamanho da população: 297
Fração elite: 0.55
Fração mutante: 0.0174
Probabilidade herdar alelo elite: 0.7678
Número de populações independentes: 1
Número de threads: 1
Trocar os melhores indivíduos a cada 30 gerações
Número máximo de gerações: 279

Largura da faixa = 25
Melhor altura = 79

Lower Bound 1 = 72
Lower Bound 2 = 25
Avaliação = 1.09722

Tempo de execução: 2.03807s

---------------------------

Tamanho da população: 297
Fração elite: 0.55
Fração mutante: 0.0174
Probabilidade herdar alelo elite: 0.7678
Número de populações independentes: 1
Número de threads: 1
Trocar os melhores indivíduos a cada 30 gerações
Número máximo de gerações: 279

Largura da faixa = 25
Melhor altura = 78

Lower Bound 1 = 72
Lower Bound 2 = 25
Avaliação = 1.08333

Tempo de execução: 2.92801s

---------------------------

Tamanho da população: 297
Fração elite: 0.55
Fração mutante: 0.0174
Probabilidade herdar alelo elite: 0.7678
Número de populações independentes: 1
Número de threads: 1
Trocar os melhores indivíduos a cada 30 gerações
Número máximo de gerações: 279

Largura da faixa = 25
Melhor altura = 78

Lower Bound 1 = 72
Lower Bound 2 = 25
Avaliação = 1.08333

Tempo de execução: 3.27123s

---------------------------

Tamanho da população: 297
Fração elite: 0.55
Fração mutante: 0.0174
Probabilidade herdar alelo elite: 0.7678
Número de populações independentes: 1
Número de threads: 1
Trocar os melhores indivíduos a cada 30 gerações
Número máximo de gerações: 279

Largura da faixa = 25
Melhor altura = 79

Lower Bound 1 = 72
Lower Bound 2 = 25
Avaliação = 1.09722

Tempo de execução: 2.49983s

---------------------------

Tamanho da população: 297
Fração elite: 0.55
Fração mutante: 0.0174
Probabilidade herdar alelo elite: 0.7678
Número de populações independentes: 1
Número de threads: 1
Trocar os melhores indivíduos a cada 30 gerações
Número máximo de gerações: 279

Largura da faixa = 25
Melhor altura = 79

Lower Bound 1 = 72
Lower Bound 2 = 25
Avaliação = 1.09722

Tempo de execução: 3.0381s

---------------------------

Tamanho da população: 297
Fração elite: 0.55
Fração mutante: 0.0174
Probabilidade herdar alelo elite: 0.7678
Número de populações independentes: 1
Número de threads: 1
Trocar os melhores indivíduos a cada 30 gerações
Número máximo de gerações: 279

Largura da faixa = 25
Melhor altura = 78

Lower Bound 1 = 72
Lower Bound 2 = 25
Avaliação = 1.08333

Tempo de execução: 3.20813s

---------------------------

Tamanho da população: 297
Fração elite: 0.55
Fração mutante: 0.0174
Probabilidade herdar alelo elite: 0.7678
Número de populações independentes: 1
Número de threads: 1
Trocar os melhores indivíduos a cada 30 gerações
Número máximo de gerações: 279

Largura da faixa = 25
Melhor altura = 79

Lower Bound 1 = 72
Lower Bound 2 = 25
Avaliação = 1.09722

Tempo de execução: 2.60991s

---------------------------

Tamanho da população: 297
Fração elite: 0.55
Fração mutante: 0.0174
Probabilidade herdar alelo elite: 0.7678
Número de populações independentes: 1
Número de threads: 1
Trocar os melhores indivíduos a cada 30 gerações
Número máximo de gerações: 279

Largura da faixa = 25
Melhor altura = 78

Lower Bound 1 = 72
Lower Bound 2 = 25
Avaliação = 1.08333

Tempo de execução: 3.10878s

---------------------------

Tamanho da população: 297
Fração elite: 0.55
Fração mutante: 0.0174
Probabilidade herdar alelo elite: 0.7678
Número de populações independentes: 1
Número de threads: 1
Trocar os melhores indivíduos a cada 30 gerações
Número máximo de gerações: 279

Largura da faixa = 25
Melhor altura = 80

Lower Bound 1 = 72
Lower Bound 2 = 25
Avaliação = 1.11111

Tempo de execução: 3.246s

---------------------------

Tamanho da população: 297
Fração elite: 0.55
Fração mutante: 0.0174
Probabilidade herdar alelo elite: 0.7678
Número de populações independentes: 1
Número de threads: 1
Trocar os melhores indivíduos a cada 30 gerações
Número máximo de gerações: 279

Largura da faixa = 25
Melhor altura = 78

Lower Bound 1 = 72
Lower Bound 2 = 25
Avaliação = 1.08333

Tempo de execução: 1.97406s

---------------------------

Tamanho da população: 297
Fração elite: 0.55
Fração mutante: 0.0174
Probabilidade herdar alelo elite: 0.7678
Número de populações independentes: 1
Número de threads: 1
Trocar os melhores indivíduos a cada 30 gerações
Número máximo de gerações: 279

Largura da faixa = 25
Melhor altura = 79

Lower Bound 1 = 72
Lower Bound 2 = 25
Avaliação = 1.09722

Tempo de execução: 2.81609s

---------------------------

Tamanho da população: 297
Fração elite: 0.55
Fração mutante: 0.0174
Probabilidade herdar alelo elite: 0.7678
Número de populações independentes: 1
Número de threads: 1
Trocar os melhores indivíduos a cada 30 gerações
Número máximo de gerações: 279

Largura da faixa = 25
Melhor altura = 79

Lower Bound 1 = 72
Lower Bound 2 = 25
Avaliação = 1.09722

Tempo de execução: 3.13843s

---------------------------

Tamanho da população: 297
Fração elite: 0.55
Fração mutante: 0.0174
Probabilidade herdar alelo elite: 0.7678
Número de populações independentes: 1
Número de threads: 1
Trocar os melhores indivíduos a cada 30 gerações
Número máximo de gerações: 279

Largura da faixa = 25
Melhor altura = 80

Lower Bound 1 = 72
Lower Bound 2 = 25
Avaliação = 1.11111

Tempo de execução: 1.95384s

---------------------------

Tamanho da população: 297
Fração elite: 0.55
Fração mutante: 0.0174
Probabilidade herdar alelo elite: 0.7678
Número de populações independentes: 1
Número de threads: 1
Trocar os melhores indivíduos a cada 30 gerações
Número máximo de gerações: 279

Largura da faixa = 25
Melhor altura = 79

Lower Bound 1 = 72
Lower Bound 2 = 25
Avaliação = 1.09722

Tempo de execução: 2.81212s

---------------------------

Tamanho da população: 297
Fração elite: 0.55
Fração mutante: 0.0174
Probabilidade herdar alelo elite: 0.7678
Número de populações independentes: 1
Número de threads: 1
Trocar os melhores indivíduos a cada 30 gerações
Número máximo de gerações: 279

Largura da faixa = 25
Melhor altura = 79

Lower Bound 1 = 72
Lower Bound 2 = 25
Avaliação = 1.09722

Tempo de execução: 3.1777s

---------------------------

Tamanho da população: 297
Fração elite: 0.55
Fração mutante: 0.0174
Probabilidade herdar alelo elite: 0.7678
Número de populações independentes: 1
Número de threads: 1
Trocar os melhores indivíduos a cada 30 gerações
Número máximo de gerações: 279

Largura da faixa = 25
Melhor altura = 79

Lower Bound 1 = 72
Lower Bound 2 = 25
Avaliação = 1.09722

Tempo de execução: 1.99344s

---------------------------

Tamanho da população: 297
Fração elite: 0.55
Fração mutante: 0.0174
Probabilidade herdar alelo elite: 0.7678
Número de populações independentes: 1
Número de threads: 1
Trocar os melhores indivíduos a cada 30 gerações
Número máximo de gerações: 279

Largura da faixa = 25
Melhor altura = 80

Lower Bound 1 = 72
Lower Bound 2 = 25
Avaliação = 1.11111

Tempo de execução: 3.37792s

---------------------------

Tamanho da população: 392
Fração elite: 0.2567
Fração mutante: 0.0202
Probabilidade herdar alelo elite: 0.6001
Número de populações independentes: 1
Número de threads: 1
Número máximo de gerações: 364

Largura da faixa = 25
Melhor altura = 79

Lower Bound 1 = 72
Lower Bound 2 = 25
Avaliação = 1.09722

Tempo de execução: 3.65888s

---------------------------

Tamanho da população: 392
Fração elite: 0.2567
Fração mutante: 0.0202
Probabilidade herdar alelo elite: 0.6001
Número de populações independentes: 1
Número de threads: 1
Número máximo de gerações: 364

Largura da faixa = 25
Melhor altura = 79

Lower Bound 1 = 72
Lower Bound 2 = 25
Avaliação = 1.09722

Tempo de execução: 3.69452s

---------------------------

Tamanho da população: 392
Fração elite: 0.2567
Fração mutante: 0.0202
Probabilidade herdar alelo elite: 0.6001
Número de populações independentes: 1
Número de threads: 1
Número máximo de gerações: 364

Largura da faixa = 25
Melhor altura = 78

Lower Bound 1 = 72
Lower Bound 2 = 25
Avaliação = 1.08333

Tempo de execução: 3.77047s

---------------------------

Tamanho da população: 392
Fração elite: 0.2567
Fração mutante: 0.0202
Probabilidade herdar alelo elite: 0.6001
Número de populações independentes: 1
Número de threads: 1
Número máximo de gerações: 364

Largura da faixa = 25
Melhor altura = 79

Lower Bound 1 = 72
Lower Bound 2 = 25
Avaliação = 1.09722

Tempo de execução: 3.71404s

---------------------------

Tamanho da população: 392
Fração elite: 0.2567
Fração mutante: 0.0202
Probabilidade herdar alelo elite: 0.6001
Número de populações independentes: 1
Número de threads: 1
Número máximo de gerações: 364

Largura da faixa = 25
Melhor altura = 80

Lower Bound 1 = 72
Lower Bound 2 = 25
Avaliação = 1.11111

Tempo de execução: 3.71839s

---------------------------

Tamanho da população: 392
Fração elite: 0.2567
Fração mutante: 0.0202
Probabilidade herdar alelo elite: 0.6001
Número de populações independentes: 1
Número de threads: 1
Número máximo de gerações: 364

Largura da faixa = 25
Melhor altura = 78

Lower Bound 1 = 72
Lower Bound 2 = 25
Avaliação = 1.08333

Tempo de execução: 3.74811s

---------------------------

Tamanho da população: 392
Fração elite: 0.2567
Fração mutante: 0.0202
Probabilidade herdar alelo elite: 0.6001
Número de populações independentes: 1
Número de threads: 1
Número máximo de gerações: 364

Largura da faixa = 25
Melhor altura = 78

Lower Bound 1 = 72
Lower Bound 2 = 25
Avaliação = 1.08333

Tempo de execução: 3.55388s

---------------------------

Tamanho da população: 392
Fração elite: 0.2567
Fração mutante: 0.0202
Probabilidade herdar alelo elite: 0.6001
Número de populações independentes: 1
Número de threads: 1
Número máximo de gerações: 364

Largura da faixa = 25
Melhor altura = 79

Lower Bound 1 = 72
Lower Bound 2 = 25
Avaliação = 1.09722

Tempo de execução: 3.70931s

---------------------------

Tamanho da população: 392
Fração elite: 0.2567
Fração mutante: 0.0202
Probabilidade herdar alelo elite: 0.6001
Número de populações independentes: 1
Número de threads: 1
Número máximo de gerações: 364

Largura da faixa = 25
Melhor altura = 78

Lower Bound 1 = 72
Lower Bound 2 = 25
Avaliação = 1.08333

Tempo de execução: 3.84483s

---------------------------

Tamanho da população: 392
Fração elite: 0.2567
Fração mutante: 0.0202
Probabilidade herdar alelo elite: 0.6001
Número de populações independentes: 1
Número de threads: 1
Número máximo de gerações: 364

Largura da faixa = 25
Melhor altura = 79

Lower Bound 1 = 72
Lower Bound 2 = 25
Avaliação = 1.09722

Tempo de execução: 3.66333s

---------------------------

Tamanho da população: 392
Fração elite: 0.2567
Fração mutante: 0.0202
Probabilidade herdar alelo elite: 0.6001
Número de populações independentes: 1
Número de threads: 1
Número máximo de gerações: 364

Largura da faixa = 25
Melhor altura = 79

Lower Bound 1 = 72
Lower Bound 2 = 25
Avaliação = 1.09722

Tempo de execução: 3.80665s

---------------------------

Tamanho da população: 392
Fração elite: 0.2567
Fração mutante: 0.0202
Probabilidade herdar alelo elite: 0.6001
Número de populações independentes: 1
Número de threads: 1
Número máximo de gerações: 364

Largura da faixa = 25
Melhor altura = 79

Lower Bound 1 = 72
Lower Bound 2 = 25
Avaliação = 1.09722

Tempo de execução: 3.87179s

---------------------------

Tamanho da população: 392
Fração elite: 0.2567
Fração mutante: 0.0202
Probabilidade herdar alelo elite: 0.6001
Número de populações independentes: 1
Número de threads: 1
Número máximo de gerações: 364

Largura da faixa = 25
Melhor altura = 79

Lower Bound 1 = 72
Lower Bound 2 = 25
Avaliação = 1.09722

Tempo de execução: 3.72496s

---------------------------

Tamanho da população: 392
Fração elite: 0.2567
Fração mutante: 0.0202
Probabilidade herdar alelo elite: 0.6001
Número de populações independentes: 1
Número de threads: 1
Número máximo de gerações: 364

Largura da faixa = 25
Melhor altura = 79

Lower Bound 1 = 72
Lower Bound 2 = 25
Avaliação = 1.09722

Tempo de execução: 3.73386s

---------------------------

Tamanho da população: 392
Fração elite: 0.2567
Fração mutante: 0.0202
Probabilidade herdar alelo elite: 0.6001
Número de populações independentes: 1
Número de threads: 1
Número máximo de gerações: 364

Largura da faixa = 25
Melhor altura = 79

Lower Bound 1 = 72
Lower Bound 2 = 25
Avaliação = 1.09722

Tempo de execução: 3.74518s

---------------------------

Tamanho da população: 392
Fração elite: 0.2567
Fração mutante: 0.0202
Probabilidade herdar alelo elite: 0.6001
Número de populações independentes: 1
Número de threads: 1
Número máximo de gerações: 364

Largura da faixa = 25
Melhor altura = 79

Lower Bound 1 = 72
Lower Bound 2 = 25
Avaliação = 1.09722

Tempo de execução: 3.69081s

---------------------------

Tamanho da população: 392
Fração elite: 0.2567
Fração mutante: 0.0202
Probabilidade herdar alelo elite: 0.6001
Número de populações independentes: 1
Número de threads: 1
Número máximo de gerações: 364

Largura da faixa = 25
Melhor altura = 78

Lower Bound 1 = 72
Lower Bound 2 = 25
Avaliação = 1.08333

Tempo de execução: 3.6973s

---------------------------

Tamanho da população: 392
Fração elite: 0.2567
Fração mutante: 0.0202
Probabilidade herdar alelo elite: 0.6001
Número de populações independentes: 1
Número de threads: 1
Número máximo de gerações: 364

Largura da faixa = 25
Melhor altura = 78

Lower Bound 1 = 72
Lower Bound 2 = 25
Avaliação = 1.08333

Tempo de execução: 3.80185s

---------------------------

Tamanho da população: 392
Fração elite: 0.2567
Fração mutante: 0.0202
Probabilidade herdar alelo elite: 0.6001
Número de populações independentes: 1
Número de threads: 1
Número máximo de gerações: 364

Largura da faixa = 25
Melhor altura = 79

Lower Bound 1 = 72
Lower Bound 2 = 25
Avaliação = 1.09722

Tempo de execução: 3.61951s

---------------------------

Tamanho da população: 392
Fração elite: 0.2567
Fração mutante: 0.0202
Probabilidade herdar alelo elite: 0.6001
Número de populações independentes: 1
Número de threads: 1
Número máximo de gerações: 364

Largura da faixa = 25
Melhor altura = 79

Lower Bound 1 = 72
Lower Bound 2 = 25
Avaliação = 1.09722

Tempo de execução: 3.72642s

---------------------------

