Tamanho da população: 475
Fração elite: 0.2121
Fração mutante: 0.0442
Probabilidade herdar alelo elite: 0.6514
Número de populações independentes: 3
Troca de informação de 4 individuos a cada 241 gerações
Número de threads: 1

Largura da faixa = 24
Melhor altura = 82

Lower Bound 1 = 75
Lower Bound 2 = 33
Avaliação = 1.09333

Tempo de execução: 60.0082s

---------------------------

Tamanho da população: 475
Fração elite: 0.2121
Fração mutante: 0.0442
Probabilidade herdar alelo elite: 0.6514
Número de populações independentes: 3
Troca de informação de 4 individuos a cada 241 gerações
Número de threads: 1

Largura da faixa = 24
Melhor altura = 81

Lower Bound 1 = 75
Lower Bound 2 = 33
Avaliação = 1.08

Tempo de execução: 60.0107s

---------------------------

Tamanho da população: 475
Fração elite: 0.2121
Fração mutante: 0.0442
Probabilidade herdar alelo elite: 0.6514
Número de populações independentes: 3
Troca de informação de 4 individuos a cada 241 gerações
Número de threads: 1

Largura da faixa = 24
Melhor altura = 81

Lower Bound 1 = 75
Lower Bound 2 = 33
Avaliação = 1.08

Tempo de execução: 60.0141s

---------------------------

Tamanho da população: 475
Fração elite: 0.2121
Fração mutante: 0.0442
Probabilidade herdar alelo elite: 0.6514
Número de populações independentes: 3
Troca de informação de 4 individuos a cada 241 gerações
Número de threads: 1

Largura da faixa = 24
Melhor altura = 81

Lower Bound 1 = 75
Lower Bound 2 = 33
Avaliação = 1.08

Tempo de execução: 60.0008s

---------------------------

Tamanho da população: 475
Fração elite: 0.2121
Fração mutante: 0.0442
Probabilidade herdar alelo elite: 0.6514
Número de populações independentes: 3
Troca de informação de 4 individuos a cada 241 gerações
Número de threads: 1

Largura da faixa = 24
Melhor altura = 81

Lower Bound 1 = 75
Lower Bound 2 = 33
Avaliação = 1.08

Tempo de execução: 60.0038s

---------------------------

Tamanho da população: 475
Fração elite: 0.2121
Fração mutante: 0.0442
Probabilidade herdar alelo elite: 0.6514
Número de populações independentes: 3
Troca de informação de 4 individuos a cada 241 gerações
Número de threads: 1

Largura da faixa = 24
Melhor altura = 81

Lower Bound 1 = 75
Lower Bound 2 = 33
Avaliação = 1.08

Tempo de execução: 60.0062s

---------------------------

Tamanho da população: 475
Fração elite: 0.2121
Fração mutante: 0.0442
Probabilidade herdar alelo elite: 0.6514
Número de populações independentes: 3
Troca de informação de 4 individuos a cada 241 gerações
Número de threads: 1

Largura da faixa = 24
Melhor altura = 81

Lower Bound 1 = 75
Lower Bound 2 = 33
Avaliação = 1.08

Tempo de execução: 60.0036s

---------------------------

Tamanho da população: 475
Fração elite: 0.2121
Fração mutante: 0.0442
Probabilidade herdar alelo elite: 0.6514
Número de populações independentes: 3
Troca de informação de 4 individuos a cada 241 gerações
Número de threads: 1

Largura da faixa = 24
Melhor altura = 81

Lower Bound 1 = 75
Lower Bound 2 = 33
Avaliação = 1.08

Tempo de execução: 60.0123s

---------------------------

Tamanho da população: 475
Fração elite: 0.2121
Fração mutante: 0.0442
Probabilidade herdar alelo elite: 0.6514
Número de populações independentes: 3
Troca de informação de 4 individuos a cada 241 gerações
Número de threads: 1

Largura da faixa = 24
Melhor altura = 82

Lower Bound 1 = 75
Lower Bound 2 = 33
Avaliação = 1.09333

Tempo de execução: 60.0237s

---------------------------

Tamanho da população: 475
Fração elite: 0.2121
Fração mutante: 0.0442
Probabilidade herdar alelo elite: 0.6514
Número de populações independentes: 3
Troca de informação de 4 individuos a cada 241 gerações
Número de threads: 1

Largura da faixa = 24
Melhor altura = 81

Lower Bound 1 = 75
Lower Bound 2 = 33
Avaliação = 1.08

Tempo de execução: 60.01s

---------------------------

Tamanho da população: 475
Fração elite: 0.2121
Fração mutante: 0.0442
Probabilidade herdar alelo elite: 0.6514
Número de populações independentes: 3
Troca de informação de 4 individuos a cada 241 gerações
Número de threads: 1

Largura da faixa = 24
Melhor altura = 81

Lower Bound 1 = 75
Lower Bound 2 = 33
Avaliação = 1.08

Tempo de execução: 60.0132s

---------------------------

Tamanho da população: 475
Fração elite: 0.2121
Fração mutante: 0.0442
Probabilidade herdar alelo elite: 0.6514
Número de populações independentes: 3
Troca de informação de 4 individuos a cada 241 gerações
Número de threads: 1

Largura da faixa = 24
Melhor altura = 82

Lower Bound 1 = 75
Lower Bound 2 = 33
Avaliação = 1.09333

Tempo de execução: 60.0248s

---------------------------

Tamanho da população: 475
Fração elite: 0.2121
Fração mutante: 0.0442
Probabilidade herdar alelo elite: 0.6514
Número de populações independentes: 3
Troca de informação de 4 individuos a cada 241 gerações
Número de threads: 1

Largura da faixa = 24
Melhor altura = 81

Lower Bound 1 = 75
Lower Bound 2 = 33
Avaliação = 1.08

Tempo de execução: 60.0044s

---------------------------

Tamanho da população: 475
Fração elite: 0.2121
Fração mutante: 0.0442
Probabilidade herdar alelo elite: 0.6514
Número de populações independentes: 3
Troca de informação de 4 individuos a cada 241 gerações
Número de threads: 1

Largura da faixa = 24
Melhor altura = 82

Lower Bound 1 = 75
Lower Bound 2 = 33
Avaliação = 1.09333

Tempo de execução: 60.0103s

---------------------------

Tamanho da população: 475
Fração elite: 0.2121
Fração mutante: 0.0442
Probabilidade herdar alelo elite: 0.6514
Número de populações independentes: 3
Troca de informação de 4 individuos a cada 241 gerações
Número de threads: 1

Largura da faixa = 24
Melhor altura = 81

Lower Bound 1 = 75
Lower Bound 2 = 33
Avaliação = 1.08

Tempo de execução: 60.0145s

---------------------------

Tamanho da população: 475
Fração elite: 0.2121
Fração mutante: 0.0442
Probabilidade herdar alelo elite: 0.6514
Número de populações independentes: 3
Troca de informação de 4 individuos a cada 241 gerações
Número de threads: 1

Largura da faixa = 24
Melhor altura = 81

Lower Bound 1 = 75
Lower Bound 2 = 33
Avaliação = 1.08

Tempo de execução: 60.0082s

---------------------------

Tamanho da população: 475
Fração elite: 0.2121
Fração mutante: 0.0442
Probabilidade herdar alelo elite: 0.6514
Número de populações independentes: 3
Troca de informação de 4 individuos a cada 241 gerações
Número de threads: 1

Largura da faixa = 24
Melhor altura = 82

Lower Bound 1 = 75
Lower Bound 2 = 33
Avaliação = 1.09333

Tempo de execução: 60.0089s

---------------------------

Tamanho da população: 475
Fração elite: 0.2121
Fração mutante: 0.0442
Probabilidade herdar alelo elite: 0.6514
Número de populações independentes: 3
Troca de informação de 4 individuos a cada 241 gerações
Número de threads: 1

Largura da faixa = 24
Melhor altura = 82

Lower Bound 1 = 75
Lower Bound 2 = 33
Avaliação = 1.09333

Tempo de execução: 60.0095s

---------------------------

Tamanho da população: 475
Fração elite: 0.2121
Fração mutante: 0.0442
Probabilidade herdar alelo elite: 0.6514
Número de populações independentes: 3
Troca de informação de 4 individuos a cada 241 gerações
Número de threads: 1

Largura da faixa = 24
Melhor altura = 82

Lower Bound 1 = 75
Lower Bound 2 = 33
Avaliação = 1.09333

Tempo de execução: 60.0112s

---------------------------

Tamanho da população: 475
Fração elite: 0.2121
Fração mutante: 0.0442
Probabilidade herdar alelo elite: 0.6514
Número de populações independentes: 3
Troca de informação de 4 individuos a cada 241 gerações
Número de threads: 1

Largura da faixa = 24
Melhor altura = 81

Lower Bound 1 = 75
Lower Bound 2 = 33
Avaliação = 1.08

Tempo de execução: 60.0228s
