Tamanho da população: 475
Fração elite: 0.2121
Fração mutante: 0.0442
Probabilidade herdar alelo elite: 0.6514
Número de populações independentes: 3
Troca de informação de 4 individuos a cada 241 gerações
Número de threads: 1

Largura da faixa = 35
Melhor altura = 112

Lower Bound 1 = 102
Lower Bound 2 = 83
Avaliação = 1.09804

Tempo de execução: 60.0087s

---------------------------

Tamanho da população: 475
Fração elite: 0.2121
Fração mutante: 0.0442
Probabilidade herdar alelo elite: 0.6514
Número de populações independentes: 3
Troca de informação de 4 individuos a cada 241 gerações
Número de threads: 1

Largura da faixa = 35
Melhor altura = 112

Lower Bound 1 = 102
Lower Bound 2 = 83
Avaliação = 1.09804

Tempo de execução: 60.0348s

---------------------------

Tamanho da população: 475
Fração elite: 0.2121
Fração mutante: 0.0442
Probabilidade herdar alelo elite: 0.6514
Número de populações independentes: 3
Troca de informação de 4 individuos a cada 241 gerações
Número de threads: 1

Largura da faixa = 35
Melhor altura = 112

Lower Bound 1 = 102
Lower Bound 2 = 83
Avaliação = 1.09804

Tempo de execução: 60.0379s

---------------------------

Tamanho da população: 475
Fração elite: 0.2121
Fração mutante: 0.0442
Probabilidade herdar alelo elite: 0.6514
Número de populações independentes: 3
Troca de informação de 4 individuos a cada 241 gerações
Número de threads: 1

Largura da faixa = 35
Melhor altura = 112

Lower Bound 1 = 102
Lower Bound 2 = 83
Avaliação = 1.09804

Tempo de execução: 60.0052s

---------------------------

Tamanho da população: 475
Fração elite: 0.2121
Fração mutante: 0.0442
Probabilidade herdar alelo elite: 0.6514
Número de populações independentes: 3
Troca de informação de 4 individuos a cada 241 gerações
Número de threads: 1

Largura da faixa = 35
Melhor altura = 113

Lower Bound 1 = 102
Lower Bound 2 = 83
Avaliação = 1.10784

Tempo de execução: 60.014s

---------------------------

Tamanho da população: 475
Fração elite: 0.2121
Fração mutante: 0.0442
Probabilidade herdar alelo elite: 0.6514
Número de populações independentes: 3
Troca de informação de 4 individuos a cada 241 gerações
Número de threads: 1

Largura da faixa = 35
Melhor altura = 113

Lower Bound 1 = 102
Lower Bound 2 = 83
Avaliação = 1.10784

Tempo de execução: 60.0274s

---------------------------

Tamanho da população: 475
Fração elite: 0.2121
Fração mutante: 0.0442
Probabilidade herdar alelo elite: 0.6514
Número de populações independentes: 3
Troca de informação de 4 individuos a cada 241 gerações
Número de threads: 1

Largura da faixa = 35
Melhor altura = 112

Lower Bound 1 = 102
Lower Bound 2 = 83
Avaliação = 1.09804

Tempo de execução: 60.0128s

---------------------------

Tamanho da população: 475
Fração elite: 0.2121
Fração mutante: 0.0442
Probabilidade herdar alelo elite: 0.6514
Número de populações independentes: 3
Troca de informação de 4 individuos a cada 241 gerações
Número de threads: 1

Largura da faixa = 35
Melhor altura = 112

Lower Bound 1 = 102
Lower Bound 2 = 83
Avaliação = 1.09804

Tempo de execução: 60.0326s

---------------------------

Tamanho da população: 475
Fração elite: 0.2121
Fração mutante: 0.0442
Probabilidade herdar alelo elite: 0.6514
Número de populações independentes: 3
Troca de informação de 4 individuos a cada 241 gerações
Número de threads: 1

Largura da faixa = 35
Melhor altura = 112

Lower Bound 1 = 102
Lower Bound 2 = 83
Avaliação = 1.09804

Tempo de execução: 60.0416s

---------------------------

Tamanho da população: 475
Fração elite: 0.2121
Fração mutante: 0.0442
Probabilidade herdar alelo elite: 0.6514
Número de populações independentes: 3
Troca de informação de 4 individuos a cada 241 gerações
Número de threads: 1

Largura da faixa = 35
Melhor altura = 112

Lower Bound 1 = 102
Lower Bound 2 = 83
Avaliação = 1.09804

Tempo de execução: 60.0008s

---------------------------

Tamanho da população: 475
Fração elite: 0.2121
Fração mutante: 0.0442
Probabilidade herdar alelo elite: 0.6514
Número de populações independentes: 3
Troca de informação de 4 individuos a cada 241 gerações
Número de threads: 1

Largura da faixa = 35
Melhor altura = 111

Lower Bound 1 = 102
Lower Bound 2 = 83
Avaliação = 1.08824

Tempo de execução: 60.0222s

---------------------------

Tamanho da população: 475
Fração elite: 0.2121
Fração mutante: 0.0442
Probabilidade herdar alelo elite: 0.6514
Número de populações independentes: 3
Troca de informação de 4 individuos a cada 241 gerações
Número de threads: 1

Largura da faixa = 35
Melhor altura = 111

Lower Bound 1 = 102
Lower Bound 2 = 83
Avaliação = 1.08824

Tempo de execução: 60.0344s

---------------------------

Tamanho da população: 475
Fração elite: 0.2121
Fração mutante: 0.0442
Probabilidade herdar alelo elite: 0.6514
Número de populações independentes: 3
Troca de informação de 4 individuos a cada 241 gerações
Número de threads: 1

Largura da faixa = 35
Melhor altura = 112

Lower Bound 1 = 102
Lower Bound 2 = 83
Avaliação = 1.09804

Tempo de execução: 60.0228s

---------------------------

Tamanho da população: 475
Fração elite: 0.2121
Fração mutante: 0.0442
Probabilidade herdar alelo elite: 0.6514
Número de populações independentes: 3
Troca de informação de 4 individuos a cada 241 gerações
Número de threads: 1

Largura da faixa = 35
Melhor altura = 111

Lower Bound 1 = 102
Lower Bound 2 = 83
Avaliação = 1.08824

Tempo de execução: 60.039s

---------------------------

Tamanho da população: 475
Fração elite: 0.2121
Fração mutante: 0.0442
Probabilidade herdar alelo elite: 0.6514
Número de populações independentes: 3
Troca de informação de 4 individuos a cada 241 gerações
Número de threads: 1

Largura da faixa = 35
Melhor altura = 112

Lower Bound 1 = 102
Lower Bound 2 = 83
Avaliação = 1.09804

Tempo de execução: 60.0414s

---------------------------

Tamanho da população: 475
Fração elite: 0.2121
Fração mutante: 0.0442
Probabilidade herdar alelo elite: 0.6514
Número de populações independentes: 3
Troca de informação de 4 individuos a cada 241 gerações
Número de threads: 1

Largura da faixa = 35
Melhor altura = 112

Lower Bound 1 = 102
Lower Bound 2 = 83
Avaliação = 1.09804

Tempo de execução: 60.0235s

---------------------------

Tamanho da população: 475
Fração elite: 0.2121
Fração mutante: 0.0442
Probabilidade herdar alelo elite: 0.6514
Número de populações independentes: 3
Troca de informação de 4 individuos a cada 241 gerações
Número de threads: 1

Largura da faixa = 35
Melhor altura = 111

Lower Bound 1 = 102
Lower Bound 2 = 83
Avaliação = 1.08824

Tempo de execução: 60.0284s

---------------------------

Tamanho da população: 475
Fração elite: 0.2121
Fração mutante: 0.0442
Probabilidade herdar alelo elite: 0.6514
Número de populações independentes: 3
Troca de informação de 4 individuos a cada 241 gerações
Número de threads: 1

Largura da faixa = 35
Melhor altura = 112

Lower Bound 1 = 102
Lower Bound 2 = 83
Avaliação = 1.09804

Tempo de execução: 60.0406s

---------------------------

Tamanho da população: 475
Fração elite: 0.2121
Fração mutante: 0.0442
Probabilidade herdar alelo elite: 0.6514
Número de populações independentes: 3
Troca de informação de 4 individuos a cada 241 gerações
Número de threads: 1

Largura da faixa = 35
Melhor altura = 112

Lower Bound 1 = 102
Lower Bound 2 = 83
Avaliação = 1.09804

Tempo de execução: 60.0197s

---------------------------

Tamanho da população: 475
Fração elite: 0.2121
Fração mutante: 0.0442
Probabilidade herdar alelo elite: 0.6514
Número de populações independentes: 3
Troca de informação de 4 individuos a cada 241 gerações
Número de threads: 1

Largura da faixa = 35
Melhor altura = 112

Lower Bound 1 = 102
Lower Bound 2 = 83
Avaliação = 1.09804

Tempo de execução: 60.0438s
