Tamanho da população: 475
Fração elite: 0.2121
Fração mutante: 0.0442
Probabilidade herdar alelo elite: 0.6514
Número de populações independentes: 3
Troca de informação de 4 individuos a cada 241 gerações
Número de threads: 1

Largura da faixa = 37
Melhor altura = 164

Lower Bound 1 = 145
Lower Bound 2 = 67
Avaliação = 1.13103

Tempo de execução: 60.0183s

---------------------------

Tamanho da população: 475
Fração elite: 0.2121
Fração mutante: 0.0442
Probabilidade herdar alelo elite: 0.6514
Número de populações independentes: 3
Troca de informação de 4 individuos a cada 241 gerações
Número de threads: 1

Largura da faixa = 37
Melhor altura = 164

Lower Bound 1 = 145
Lower Bound 2 = 67
Avaliação = 1.13103

Tempo de execução: 60.0425s

---------------------------

Tamanho da população: 475
Fração elite: 0.2121
Fração mutante: 0.0442
Probabilidade herdar alelo elite: 0.6514
Número de populações independentes: 3
Troca de informação de 4 individuos a cada 241 gerações
Número de threads: 1

Largura da faixa = 37
Melhor altura = 164

Lower Bound 1 = 145
Lower Bound 2 = 67
Avaliação = 1.13103

Tempo de execução: 60.0546s

---------------------------

Tamanho da população: 475
Fração elite: 0.2121
Fração mutante: 0.0442
Probabilidade herdar alelo elite: 0.6514
Número de populações independentes: 3
Troca de informação de 4 individuos a cada 241 gerações
Número de threads: 1

Largura da faixa = 37
Melhor altura = 162

Lower Bound 1 = 145
Lower Bound 2 = 67
Avaliação = 1.11724

Tempo de execução: 60.0145s

---------------------------

Tamanho da população: 475
Fração elite: 0.2121
Fração mutante: 0.0442
Probabilidade herdar alelo elite: 0.6514
Número de populações independentes: 3
Troca de informação de 4 individuos a cada 241 gerações
Número de threads: 1

Largura da faixa = 37
Melhor altura = 164

Lower Bound 1 = 145
Lower Bound 2 = 67
Avaliação = 1.13103

Tempo de execução: 60.0285s

---------------------------

Tamanho da população: 475
Fração elite: 0.2121
Fração mutante: 0.0442
Probabilidade herdar alelo elite: 0.6514
Número de populações independentes: 3
Troca de informação de 4 individuos a cada 241 gerações
Número de threads: 1

Largura da faixa = 37
Melhor altura = 163

Lower Bound 1 = 145
Lower Bound 2 = 67
Avaliação = 1.12414

Tempo de execução: 60.0393s

---------------------------

Tamanho da população: 475
Fração elite: 0.2121
Fração mutante: 0.0442
Probabilidade herdar alelo elite: 0.6514
Número de populações independentes: 3
Troca de informação de 4 individuos a cada 241 gerações
Número de threads: 1

Largura da faixa = 37
Melhor altura = 165

Lower Bound 1 = 145
Lower Bound 2 = 67
Avaliação = 1.13793

Tempo de execução: 60.0199s

---------------------------

Tamanho da população: 475
Fração elite: 0.2121
Fração mutante: 0.0442
Probabilidade herdar alelo elite: 0.6514
Número de populações independentes: 3
Troca de informação de 4 individuos a cada 241 gerações
Número de threads: 1

Largura da faixa = 37
Melhor altura = 162

Lower Bound 1 = 145
Lower Bound 2 = 67
Avaliação = 1.11724

Tempo de execução: 60.0281s

---------------------------

Tamanho da população: 475
Fração elite: 0.2121
Fração mutante: 0.0442
Probabilidade herdar alelo elite: 0.6514
Número de populações independentes: 3
Troca de informação de 4 individuos a cada 241 gerações
Número de threads: 1

Largura da faixa = 37
Melhor altura = 162

Lower Bound 1 = 145
Lower Bound 2 = 67
Avaliação = 1.11724

Tempo de execução: 60.045s

---------------------------

Tamanho da população: 475
Fração elite: 0.2121
Fração mutante: 0.0442
Probabilidade herdar alelo elite: 0.6514
Número de populações independentes: 3
Troca de informação de 4 individuos a cada 241 gerações
Número de threads: 1

Largura da faixa = 37
Melhor altura = 163

Lower Bound 1 = 145
Lower Bound 2 = 67
Avaliação = 1.12414

Tempo de execução: 60.0151s

---------------------------

Tamanho da população: 475
Fração elite: 0.2121
Fração mutante: 0.0442
Probabilidade herdar alelo elite: 0.6514
Número de populações independentes: 3
Troca de informação de 4 individuos a cada 241 gerações
Número de threads: 1

Largura da faixa = 37
Melhor altura = 163

Lower Bound 1 = 145
Lower Bound 2 = 67
Avaliação = 1.12414

Tempo de execução: 60.0401s

---------------------------

Tamanho da população: 475
Fração elite: 0.2121
Fração mutante: 0.0442
Probabilidade herdar alelo elite: 0.6514
Número de populações independentes: 3
Troca de informação de 4 individuos a cada 241 gerações
Número de threads: 1

Largura da faixa = 37
Melhor altura = 162

Lower Bound 1 = 145
Lower Bound 2 = 67
Avaliação = 1.11724

Tempo de execução: 60.0579s

---------------------------

Tamanho da população: 475
Fração elite: 0.2121
Fração mutante: 0.0442
Probabilidade herdar alelo elite: 0.6514
Número de populações independentes: 3
Troca de informação de 4 individuos a cada 241 gerações
Número de threads: 1

Largura da faixa = 37
Melhor altura = 164

Lower Bound 1 = 145
Lower Bound 2 = 67
Avaliação = 1.13103

Tempo de execução: 60.036s

---------------------------

Tamanho da população: 475
Fração elite: 0.2121
Fração mutante: 0.0442
Probabilidade herdar alelo elite: 0.6514
Número de populações independentes: 3
Troca de informação de 4 individuos a cada 241 gerações
Número de threads: 1

Largura da faixa = 37
Melhor altura = 164

Lower Bound 1 = 145
Lower Bound 2 = 67
Avaliação = 1.13103

Tempo de execução: 60.0363s

---------------------------

Tamanho da população: 475
Fração elite: 0.2121
Fração mutante: 0.0442
Probabilidade herdar alelo elite: 0.6514
Número de populações independentes: 3
Troca de informação de 4 individuos a cada 241 gerações
Número de threads: 1

Largura da faixa = 37
Melhor altura = 163

Lower Bound 1 = 145
Lower Bound 2 = 67
Avaliação = 1.12414

Tempo de execução: 60.0592s

---------------------------

Tamanho da população: 475
Fração elite: 0.2121
Fração mutante: 0.0442
Probabilidade herdar alelo elite: 0.6514
Número de populações independentes: 3
Troca de informação de 4 individuos a cada 241 gerações
Número de threads: 1

Largura da faixa = 37
Melhor altura = 164

Lower Bound 1 = 145
Lower Bound 2 = 67
Avaliação = 1.13103

Tempo de execução: 60.0349s

---------------------------

Tamanho da população: 475
Fração elite: 0.2121
Fração mutante: 0.0442
Probabilidade herdar alelo elite: 0.6514
Número de populações independentes: 3
Troca de informação de 4 individuos a cada 241 gerações
Número de threads: 1

Largura da faixa = 37
Melhor altura = 164

Lower Bound 1 = 145
Lower Bound 2 = 67
Avaliação = 1.13103

Tempo de execução: 60.0428s

---------------------------

Tamanho da população: 475
Fração elite: 0.2121
Fração mutante: 0.0442
Probabilidade herdar alelo elite: 0.6514
Número de populações independentes: 3
Troca de informação de 4 individuos a cada 241 gerações
Número de threads: 1

Largura da faixa = 37
Melhor altura = 162

Lower Bound 1 = 145
Lower Bound 2 = 67
Avaliação = 1.11724

Tempo de execução: 60.0515s

---------------------------

Tamanho da população: 475
Fração elite: 0.2121
Fração mutante: 0.0442
Probabilidade herdar alelo elite: 0.6514
Número de populações independentes: 3
Troca de informação de 4 individuos a cada 241 gerações
Número de threads: 1

Largura da faixa = 37
Melhor altura = 164

Lower Bound 1 = 145
Lower Bound 2 = 67
Avaliação = 1.13103

Tempo de execução: 60.0128s

---------------------------

Tamanho da população: 475
Fração elite: 0.2121
Fração mutante: 0.0442
Probabilidade herdar alelo elite: 0.6514
Número de populações independentes: 3
Troca de informação de 4 individuos a cada 241 gerações
Número de threads: 1

Largura da faixa = 37
Melhor altura = 164

Lower Bound 1 = 145
Lower Bound 2 = 67
Avaliação = 1.13103

Tempo de execução: 60.0204s
