Tamanho da população: 475
Fração elite: 0.2121
Fração mutante: 0.0442
Probabilidade herdar alelo elite: 0.6514
Número de populações independentes: 3
Troca de informação de 4 individuos a cada 241 gerações
Número de threads: 1

Largura da faixa = 62
Melhor altura = 168

Lower Bound 1 = 154
Lower Bound 2 = 82
Avaliação = 1.09091

Tempo de execução: 60.0013s

---------------------------

Tamanho da população: 475
Fração elite: 0.2121
Fração mutante: 0.0442
Probabilidade herdar alelo elite: 0.6514
Número de populações independentes: 3
Troca de informação de 4 individuos a cada 241 gerações
Número de threads: 1

Largura da faixa = 62
Melhor altura = 170

Lower Bound 1 = 154
Lower Bound 2 = 82
Avaliação = 1.1039

Tempo de execução: 60.0567s

---------------------------

Tamanho da população: 475
Fração elite: 0.2121
Fração mutante: 0.0442
Probabilidade herdar alelo elite: 0.6514
Número de populações independentes: 3
Troca de informação de 4 individuos a cada 241 gerações
Número de threads: 1

Largura da faixa = 62
Melhor altura = 169

Lower Bound 1 = 154
Lower Bound 2 = 82
Avaliação = 1.0974

Tempo de execução: 60.0901s

---------------------------

Tamanho da população: 475
Fração elite: 0.2121
Fração mutante: 0.0442
Probabilidade herdar alelo elite: 0.6514
Número de populações independentes: 3
Troca de informação de 4 individuos a cada 241 gerações
Número de threads: 1

Largura da faixa = 62
Melhor altura = 171

Lower Bound 1 = 154
Lower Bound 2 = 82
Avaliação = 1.11039

Tempo de execução: 60.038s

---------------------------

Tamanho da população: 475
Fração elite: 0.2121
Fração mutante: 0.0442
Probabilidade herdar alelo elite: 0.6514
Número de populações independentes: 3
Troca de informação de 4 individuos a cada 241 gerações
Número de threads: 1

Largura da faixa = 62
Melhor altura = 169

Lower Bound 1 = 154
Lower Bound 2 = 82
Avaliação = 1.0974

Tempo de execução: 60.0783s

---------------------------

Tamanho da população: 475
Fração elite: 0.2121
Fração mutante: 0.0442
Probabilidade herdar alelo elite: 0.6514
Número de populações independentes: 3
Troca de informação de 4 individuos a cada 241 gerações
Número de threads: 1

Largura da faixa = 62
Melhor altura = 170

Lower Bound 1 = 154
Lower Bound 2 = 82
Avaliação = 1.1039

Tempo de execução: 60.1107s

---------------------------

Tamanho da população: 475
Fração elite: 0.2121
Fração mutante: 0.0442
Probabilidade herdar alelo elite: 0.6514
Número de populações independentes: 3
Troca de informação de 4 individuos a cada 241 gerações
Número de threads: 1

Largura da faixa = 62
Melhor altura = 170

Lower Bound 1 = 154
Lower Bound 2 = 82
Avaliação = 1.1039

Tempo de execução: 60.0145s

---------------------------

Tamanho da população: 475
Fração elite: 0.2121
Fração mutante: 0.0442
Probabilidade herdar alelo elite: 0.6514
Número de populações independentes: 3
Troca de informação de 4 individuos a cada 241 gerações
Número de threads: 1

Largura da faixa = 62
Melhor altura = 171

Lower Bound 1 = 154
Lower Bound 2 = 82
Avaliação = 1.11039

Tempo de execução: 60.0701s

---------------------------

Tamanho da população: 475
Fração elite: 0.2121
Fração mutante: 0.0442
Probabilidade herdar alelo elite: 0.6514
Número de populações independentes: 3
Troca de informação de 4 individuos a cada 241 gerações
Número de threads: 1

Largura da faixa = 62
Melhor altura = 168

Lower Bound 1 = 154
Lower Bound 2 = 82
Avaliação = 1.09091

Tempo de execução: 60.1116s

---------------------------

Tamanho da população: 475
Fração elite: 0.2121
Fração mutante: 0.0442
Probabilidade herdar alelo elite: 0.6514
Número de populações independentes: 3
Troca de informação de 4 individuos a cada 241 gerações
Número de threads: 1

Largura da faixa = 62
Melhor altura = 168

Lower Bound 1 = 154
Lower Bound 2 = 82
Avaliação = 1.09091

Tempo de execução: 60.0749s

---------------------------

Tamanho da população: 475
Fração elite: 0.2121
Fração mutante: 0.0442
Probabilidade herdar alelo elite: 0.6514
Número de populações independentes: 3
Troca de informação de 4 individuos a cada 241 gerações
Número de threads: 1

Largura da faixa = 62
Melhor altura = 169

Lower Bound 1 = 154
Lower Bound 2 = 82
Avaliação = 1.0974

Tempo de execução: 60.0811s

---------------------------

Tamanho da população: 475
Fração elite: 0.2121
Fração mutante: 0.0442
Probabilidade herdar alelo elite: 0.6514
Número de populações independentes: 3
Troca de informação de 4 individuos a cada 241 gerações
Número de threads: 1

Largura da faixa = 62
Melhor altura = 169

Lower Bound 1 = 154
Lower Bound 2 = 82
Avaliação = 1.0974

Tempo de execução: 60.1204s

---------------------------

Tamanho da população: 475
Fração elite: 0.2121
Fração mutante: 0.0442
Probabilidade herdar alelo elite: 0.6514
Número de populações independentes: 3
Troca de informação de 4 individuos a cada 241 gerações
Número de threads: 1

Largura da faixa = 62
Melhor altura = 171

Lower Bound 1 = 154
Lower Bound 2 = 82
Avaliação = 1.11039

Tempo de execução: 60.0181s

---------------------------

Tamanho da população: 475
Fração elite: 0.2121
Fração mutante: 0.0442
Probabilidade herdar alelo elite: 0.6514
Número de populações independentes: 3
Troca de informação de 4 individuos a cada 241 gerações
Número de threads: 1

Largura da faixa = 62
Melhor altura = 171

Lower Bound 1 = 154
Lower Bound 2 = 82
Avaliação = 1.11039

Tempo de execução: 60.0646s

---------------------------

Tamanho da população: 475
Fração elite: 0.2121
Fração mutante: 0.0442
Probabilidade herdar alelo elite: 0.6514
Número de populações independentes: 3
Troca de informação de 4 individuos a cada 241 gerações
Número de threads: 1

Largura da faixa = 62
Melhor altura = 173

Lower Bound 1 = 154
Lower Bound 2 = 82
Avaliação = 1.12338

Tempo de execução: 60.0885s

---------------------------

Tamanho da população: 475
Fração elite: 0.2121
Fração mutante: 0.0442
Probabilidade herdar alelo elite: 0.6514
Número de populações independentes: 3
Troca de informação de 4 individuos a cada 241 gerações
Número de threads: 1

Largura da faixa = 62
Melhor altura = 170

Lower Bound 1 = 154
Lower Bound 2 = 82
Avaliação = 1.1039

Tempo de execução: 60.0451s

---------------------------

Tamanho da população: 475
Fração elite: 0.2121
Fração mutante: 0.0442
Probabilidade herdar alelo elite: 0.6514
Número de populações independentes: 3
Troca de informação de 4 individuos a cada 241 gerações
Número de threads: 1

Largura da faixa = 62
Melhor altura = 169

Lower Bound 1 = 154
Lower Bound 2 = 82
Avaliação = 1.0974

Tempo de execução: 60.0985s

---------------------------

Tamanho da população: 475
Fração elite: 0.2121
Fração mutante: 0.0442
Probabilidade herdar alelo elite: 0.6514
Número de populações independentes: 3
Troca de informação de 4 individuos a cada 241 gerações
Número de threads: 1

Largura da faixa = 62
Melhor altura = 171

Lower Bound 1 = 154
Lower Bound 2 = 82
Avaliação = 1.11039

Tempo de execução: 60.1049s

---------------------------

Tamanho da população: 475
Fração elite: 0.2121
Fração mutante: 0.0442
Probabilidade herdar alelo elite: 0.6514
Número de populações independentes: 3
Troca de informação de 4 individuos a cada 241 gerações
Número de threads: 1

Largura da faixa = 62
Melhor altura = 170

Lower Bound 1 = 154
Lower Bound 2 = 82
Avaliação = 1.1039

Tempo de execução: 60.0081s

---------------------------

Tamanho da população: 475
Fração elite: 0.2121
Fração mutante: 0.0442
Probabilidade herdar alelo elite: 0.6514
Número de populações independentes: 3
Troca de informação de 4 individuos a cada 241 gerações
Número de threads: 1

Largura da faixa = 62
Melhor altura = 169

Lower Bound 1 = 154
Lower Bound 2 = 82
Avaliação = 1.0974

Tempo de execução: 60.1165s
