Tamanho da população: 475
Fração elite: 0.2121
Fração mutante: 0.0442
Probabilidade herdar alelo elite: 0.6514
Número de populações independentes: 3
Troca de informação de 4 individuos a cada 241 gerações
Número de threads: 1

Largura da faixa = 61
Melhor altura = 174

Lower Bound 1 = 157
Lower Bound 2 = 73
Avaliação = 1.10828

Tempo de execução: 60.0176s

---------------------------

Tamanho da população: 475
Fração elite: 0.2121
Fração mutante: 0.0442
Probabilidade herdar alelo elite: 0.6514
Número de populações independentes: 3
Troca de informação de 4 individuos a cada 241 gerações
Número de threads: 1

Largura da faixa = 61
Melhor altura = 173

Lower Bound 1 = 157
Lower Bound 2 = 73
Avaliação = 1.10191

Tempo de execução: 60.0378s

---------------------------

Tamanho da população: 475
Fração elite: 0.2121
Fração mutante: 0.0442
Probabilidade herdar alelo elite: 0.6514
Número de populações independentes: 3
Troca de informação de 4 individuos a cada 241 gerações
Número de threads: 1

Largura da faixa = 61
Melhor altura = 175

Lower Bound 1 = 157
Lower Bound 2 = 73
Avaliação = 1.11465

Tempo de execução: 60.0593s

---------------------------

Tamanho da população: 475
Fração elite: 0.2121
Fração mutante: 0.0442
Probabilidade herdar alelo elite: 0.6514
Número de populações independentes: 3
Troca de informação de 4 individuos a cada 241 gerações
Número de threads: 1

Largura da faixa = 61
Melhor altura = 173

Lower Bound 1 = 157
Lower Bound 2 = 73
Avaliação = 1.10191

Tempo de execução: 60.0091s

---------------------------

Tamanho da população: 475
Fração elite: 0.2121
Fração mutante: 0.0442
Probabilidade herdar alelo elite: 0.6514
Número de populações independentes: 3
Troca de informação de 4 individuos a cada 241 gerações
Número de threads: 1

Largura da faixa = 61
Melhor altura = 173

Lower Bound 1 = 157
Lower Bound 2 = 73
Avaliação = 1.10191

Tempo de execução: 60.0414s

---------------------------

Tamanho da população: 475
Fração elite: 0.2121
Fração mutante: 0.0442
Probabilidade herdar alelo elite: 0.6514
Número de populações independentes: 3
Troca de informação de 4 individuos a cada 241 gerações
Número de threads: 1

Largura da faixa = 61
Melhor altura = 173

Lower Bound 1 = 157
Lower Bound 2 = 73
Avaliação = 1.10191

Tempo de execução: 60.052s

---------------------------

Tamanho da população: 475
Fração elite: 0.2121
Fração mutante: 0.0442
Probabilidade herdar alelo elite: 0.6514
Número de populações independentes: 3
Troca de informação de 4 individuos a cada 241 gerações
Número de threads: 1

Largura da faixa = 61
Melhor altura = 172

Lower Bound 1 = 157
Lower Bound 2 = 73
Avaliação = 1.09554

Tempo de execução: 60.0038s

---------------------------

Tamanho da população: 475
Fração elite: 0.2121
Fração mutante: 0.0442
Probabilidade herdar alelo elite: 0.6514
Número de populações independentes: 3
Troca de informação de 4 individuos a cada 241 gerações
Número de threads: 1

Largura da faixa = 61
Melhor altura = 174

Lower Bound 1 = 157
Lower Bound 2 = 73
Avaliação = 1.10828

Tempo de execução: 60.0164s

---------------------------

Tamanho da população: 475
Fração elite: 0.2121
Fração mutante: 0.0442
Probabilidade herdar alelo elite: 0.6514
Número de populações independentes: 3
Troca de informação de 4 individuos a cada 241 gerações
Número de threads: 1

Largura da faixa = 61
Melhor altura = 174

Lower Bound 1 = 157
Lower Bound 2 = 73
Avaliação = 1.10828

Tempo de execução: 60.053s

---------------------------

Tamanho da população: 475
Fração elite: 0.2121
Fração mutante: 0.0442
Probabilidade herdar alelo elite: 0.6514
Número de populações independentes: 3
Troca de informação de 4 individuos a cada 241 gerações
Número de threads: 1

Largura da faixa = 61
Melhor altura = 174

Lower Bound 1 = 157
Lower Bound 2 = 73
Avaliação = 1.10828

Tempo de execução: 60.0116s

---------------------------

Tamanho da população: 475
Fração elite: 0.2121
Fração mutante: 0.0442
Probabilidade herdar alelo elite: 0.6514
Número de populações independentes: 3
Troca de informação de 4 individuos a cada 241 gerações
Número de threads: 1

Largura da faixa = 61
Melhor altura = 172

Lower Bound 1 = 157
Lower Bound 2 = 73
Avaliação = 1.09554

Tempo de execução: 60.025s

---------------------------

Tamanho da população: 475
Fração elite: 0.2121
Fração mutante: 0.0442
Probabilidade herdar alelo elite: 0.6514
Número de populações independentes: 3
Troca de informação de 4 individuos a cada 241 gerações
Número de threads: 1

Largura da faixa = 61
Melhor altura = 174

Lower Bound 1 = 157
Lower Bound 2 = 73
Avaliação = 1.10828

Tempo de execução: 60.0369s

---------------------------

Tamanho da população: 475
Fração elite: 0.2121
Fração mutante: 0.0442
Probabilidade herdar alelo elite: 0.6514
Número de populações independentes: 3
Troca de informação de 4 individuos a cada 241 gerações
Número de threads: 1

Largura da faixa = 61
Melhor altura = 173

Lower Bound 1 = 157
Lower Bound 2 = 73
Avaliação = 1.10191

Tempo de execução: 60.0079s

---------------------------

Tamanho da população: 475
Fração elite: 0.2121
Fração mutante: 0.0442
Probabilidade herdar alelo elite: 0.6514
Número de populações independentes: 3
Troca de informação de 4 individuos a cada 241 gerações
Número de threads: 1

Largura da faixa = 61
Melhor altura = 174

Lower Bound 1 = 157
Lower Bound 2 = 73
Avaliação = 1.10828

Tempo de execução: 60.0167s

---------------------------

Tamanho da população: 475
Fração elite: 0.2121
Fração mutante: 0.0442
Probabilidade herdar alelo elite: 0.6514
Número de populações independentes: 3
Troca de informação de 4 individuos a cada 241 gerações
Número de threads: 1

Largura da faixa = 61
Melhor altura = 172

Lower Bound 1 = 157
Lower Bound 2 = 73
Avaliação = 1.09554

Tempo de execução: 60.0877s

---------------------------

Tamanho da população: 475
Fração elite: 0.2121
Fração mutante: 0.0442
Probabilidade herdar alelo elite: 0.6514
Número de populações independentes: 3
Troca de informação de 4 individuos a cada 241 gerações
Número de threads: 1

Largura da faixa = 61
Melhor altura = 175

Lower Bound 1 = 157
Lower Bound 2 = 73
Avaliação = 1.11465

Tempo de execução: 60.0079s

---------------------------

Tamanho da população: 475
Fração elite: 0.2121
Fração mutante: 0.0442
Probabilidade herdar alelo elite: 0.6514
Número de populações independentes: 3
Troca de informação de 4 individuos a cada 241 gerações
Número de threads: 1

Largura da faixa = 61
Melhor altura = 174

Lower Bound 1 = 157
Lower Bound 2 = 73
Avaliação = 1.10828

Tempo de execução: 60.0105s

---------------------------

Tamanho da população: 475
Fração elite: 0.2121
Fração mutante: 0.0442
Probabilidade herdar alelo elite: 0.6514
Número de populações independentes: 3
Troca de informação de 4 individuos a cada 241 gerações
Número de threads: 1

Largura da faixa = 61
Melhor altura = 174

Lower Bound 1 = 157
Lower Bound 2 = 73
Avaliação = 1.10828

Tempo de execução: 60.0268s

---------------------------

Tamanho da população: 475
Fração elite: 0.2121
Fração mutante: 0.0442
Probabilidade herdar alelo elite: 0.6514
Número de populações independentes: 3
Troca de informação de 4 individuos a cada 241 gerações
Número de threads: 1

Largura da faixa = 61
Melhor altura = 174

Lower Bound 1 = 157
Lower Bound 2 = 73
Avaliação = 1.10828

Tempo de execução: 60.0691s

---------------------------

Tamanho da população: 475
Fração elite: 0.2121
Fração mutante: 0.0442
Probabilidade herdar alelo elite: 0.6514
Número de populações independentes: 3
Troca de informação de 4 individuos a cada 241 gerações
Número de threads: 1

Largura da faixa = 61
Melhor altura = 172

Lower Bound 1 = 157
Lower Bound 2 = 73
Avaliação = 1.09554

Tempo de execução: 60.0775s
