Tamanho da população: 297
Fração elite: 0.55
Fração mutante: 0.0174
Probabilidade herdar alelo elite: 0.7678
Número de populações independentes: 1
Número de threads: 1
Trocar os melhores indivíduos a cada 30 gerações
Número máximo de gerações: 279

Largura da faixa = 113
Melhor altura = 392

Lower Bound 1 = 339
Lower Bound 2 = 219
Avaliação = 1.15634

Tempo de execução: 26.3272s

---------------------------

Tamanho da população: 297
Fração elite: 0.55
Fração mutante: 0.0174
Probabilidade herdar alelo elite: 0.7678
Número de populações independentes: 1
Número de threads: 1
Trocar os melhores indivíduos a cada 30 gerações
Número máximo de gerações: 279

Largura da faixa = 113
Melhor altura = 391

Lower Bound 1 = 339
Lower Bound 2 = 219
Avaliação = 1.15339

Tempo de execução: 34.9651s

---------------------------

Tamanho da população: 297
Fração elite: 0.55
Fração mutante: 0.0174
Probabilidade herdar alelo elite: 0.7678
Número de populações independentes: 1
Número de threads: 1
Trocar os melhores indivíduos a cada 30 gerações
Número máximo de gerações: 279

Largura da faixa = 113
Melhor altura = 395

Lower Bound 1 = 339
Lower Bound 2 = 219
Avaliação = 1.16519

Tempo de execução: 39.3703s

---------------------------

Tamanho da população: 297
Fração elite: 0.55
Fração mutante: 0.0174
Probabilidade herdar alelo elite: 0.7678
Número de populações independentes: 1
Número de threads: 1
Trocar os melhores indivíduos a cada 30 gerações
Número máximo de gerações: 279

Largura da faixa = 113
Melhor altura = 392

Lower Bound 1 = 339
Lower Bound 2 = 219
Avaliação = 1.15634

Tempo de execução: 31.5196s

---------------------------

Tamanho da população: 297
Fração elite: 0.55
Fração mutante: 0.0174
Probabilidade herdar alelo elite: 0.7678
Número de populações independentes: 1
Número de threads: 1
Trocar os melhores indivíduos a cada 30 gerações
Número máximo de gerações: 279

Largura da faixa = 113
Melhor altura = 394

Lower Bound 1 = 339
Lower Bound 2 = 219
Avaliação = 1.16224

Tempo de execução: 32.4638s

---------------------------

Tamanho da população: 297
Fração elite: 0.55
Fração mutante: 0.0174
Probabilidade herdar alelo elite: 0.7678
Número de populações independentes: 1
Número de threads: 1
Trocar os melhores indivíduos a cada 30 gerações
Número máximo de gerações: 279

Largura da faixa = 113
Melhor altura = 399

Lower Bound 1 = 339
Lower Bound 2 = 219
Avaliação = 1.17699

Tempo de execução: 32.6337s

---------------------------

Tamanho da população: 297
Fração elite: 0.55
Fração mutante: 0.0174
Probabilidade herdar alelo elite: 0.7678
Número de populações independentes: 1
Número de threads: 1
Trocar os melhores indivíduos a cada 30 gerações
Número máximo de gerações: 279

Largura da faixa = 113
Melhor altura = 400

Lower Bound 1 = 339
Lower Bound 2 = 219
Avaliação = 1.17994

Tempo de execução: 34.5983s

---------------------------

Tamanho da população: 297
Fração elite: 0.55
Fração mutante: 0.0174
Probabilidade herdar alelo elite: 0.7678
Número de populações independentes: 1
Número de threads: 1
Trocar os melhores indivíduos a cada 30 gerações
Número máximo de gerações: 279

Largura da faixa = 113
Melhor altura = 397

Lower Bound 1 = 339
Lower Bound 2 = 219
Avaliação = 1.17109

Tempo de execução: 36.2365s

---------------------------

Tamanho da população: 297
Fração elite: 0.55
Fração mutante: 0.0174
Probabilidade herdar alelo elite: 0.7678
Número de populações independentes: 1
Número de threads: 1
Trocar os melhores indivíduos a cada 30 gerações
Número máximo de gerações: 279

Largura da faixa = 113
Melhor altura = 389

Lower Bound 1 = 339
Lower Bound 2 = 219
Avaliação = 1.14749

Tempo de execução: 37.6706s

---------------------------

Tamanho da população: 297
Fração elite: 0.55
Fração mutante: 0.0174
Probabilidade herdar alelo elite: 0.7678
Número de populações independentes: 1
Número de threads: 1
Trocar os melhores indivíduos a cada 30 gerações
Número máximo de gerações: 279

Largura da faixa = 113
Melhor altura = 393

Lower Bound 1 = 339
Lower Bound 2 = 219
Avaliação = 1.15929

Tempo de execução: 30.0452s

---------------------------

Tamanho da população: 297
Fração elite: 0.55
Fração mutante: 0.0174
Probabilidade herdar alelo elite: 0.7678
Número de populações independentes: 1
Número de threads: 1
Trocar os melhores indivíduos a cada 30 gerações
Número máximo de gerações: 279

Largura da faixa = 113
Melhor altura = 388

Lower Bound 1 = 339
Lower Bound 2 = 219
Avaliação = 1.14454

Tempo de execução: 36.8243s

---------------------------

Tamanho da população: 297
Fração elite: 0.55
Fração mutante: 0.0174
Probabilidade herdar alelo elite: 0.7678
Número de populações independentes: 1
Número de threads: 1
Trocar os melhores indivíduos a cada 30 gerações
Número máximo de gerações: 279

Largura da faixa = 113
Melhor altura = 388

Lower Bound 1 = 339
Lower Bound 2 = 219
Avaliação = 1.14454

Tempo de execução: 36.984s

---------------------------

Tamanho da população: 297
Fração elite: 0.55
Fração mutante: 0.0174
Probabilidade herdar alelo elite: 0.7678
Número de populações independentes: 1
Número de threads: 1
Trocar os melhores indivíduos a cada 30 gerações
Número máximo de gerações: 279

Largura da faixa = 113
Melhor altura = 392

Lower Bound 1 = 339
Lower Bound 2 = 219
Avaliação = 1.15634

Tempo de execução: 27.3237s

---------------------------

Tamanho da população: 297
Fração elite: 0.55
Fração mutante: 0.0174
Probabilidade herdar alelo elite: 0.7678
Número de populações independentes: 1
Número de threads: 1
Trocar os melhores indivíduos a cada 30 gerações
Número máximo de gerações: 279

Largura da faixa = 113
Melhor altura = 394

Lower Bound 1 = 339
Lower Bound 2 = 219
Avaliação = 1.16224

Tempo de execução: 35.4523s

---------------------------

Tamanho da população: 297
Fração elite: 0.55
Fração mutante: 0.0174
Probabilidade herdar alelo elite: 0.7678
Número de populações independentes: 1
Número de threads: 1
Trocar os melhores indivíduos a cada 30 gerações
Número máximo de gerações: 279

Largura da faixa = 113
Melhor altura = 395

Lower Bound 1 = 339
Lower Bound 2 = 219
Avaliação = 1.16519

Tempo de execução: 37.9761s

---------------------------

Tamanho da população: 297
Fração elite: 0.55
Fração mutante: 0.0174
Probabilidade herdar alelo elite: 0.7678
Número de populações independentes: 1
Número de threads: 1
Trocar os melhores indivíduos a cada 30 gerações
Número máximo de gerações: 279

Largura da faixa = 113
Melhor altura = 398

Lower Bound 1 = 339
Lower Bound 2 = 219
Avaliação = 1.17404

Tempo de execução: 35.1569s

---------------------------

Tamanho da população: 297
Fração elite: 0.55
Fração mutante: 0.0174
Probabilidade herdar alelo elite: 0.7678
Número de populações independentes: 1
Número de threads: 1
Trocar os melhores indivíduos a cada 30 gerações
Número máximo de gerações: 279

Largura da faixa = 113
Melhor altura = 392

Lower Bound 1 = 339
Lower Bound 2 = 219
Avaliação = 1.15634

Tempo de execução: 37.4997s

---------------------------

Tamanho da população: 297
Fração elite: 0.55
Fração mutante: 0.0174
Probabilidade herdar alelo elite: 0.7678
Número de populações independentes: 1
Número de threads: 1
Trocar os melhores indivíduos a cada 30 gerações
Número máximo de gerações: 279

Largura da faixa = 113
Melhor altura = 392

Lower Bound 1 = 339
Lower Bound 2 = 219
Avaliação = 1.15634

Tempo de execução: 37.6128s

---------------------------

Tamanho da população: 297
Fração elite: 0.55
Fração mutante: 0.0174
Probabilidade herdar alelo elite: 0.7678
Número de populações independentes: 1
Número de threads: 1
Trocar os melhores indivíduos a cada 30 gerações
Número máximo de gerações: 279

Largura da faixa = 113
Melhor altura = 398

Lower Bound 1 = 339
Lower Bound 2 = 219
Avaliação = 1.17404

Tempo de execução: 25.9161s

---------------------------

Tamanho da população: 297
Fração elite: 0.55
Fração mutante: 0.0174
Probabilidade herdar alelo elite: 0.7678
Número de populações independentes: 1
Número de threads: 1
Trocar os melhores indivíduos a cada 30 gerações
Número máximo de gerações: 279

Largura da faixa = 113
Melhor altura = 397

Lower Bound 1 = 339
Lower Bound 2 = 219
Avaliação = 1.17109

Tempo de execução: 32.6277s

---------------------------

Tamanho da população: 392
Fração elite: 0.2567
Fração mutante: 0.0202
Probabilidade herdar alelo elite: 0.6001
Número de populações independentes: 1
Número de threads: 1
Número máximo de gerações: 364

Largura da faixa = 113
Melhor altura = 390

Lower Bound 1 = 339
Lower Bound 2 = 219
Avaliação = 1.15044

Tempo de execução: 46.119s

---------------------------

Tamanho da população: 392
Fração elite: 0.2567
Fração mutante: 0.0202
Probabilidade herdar alelo elite: 0.6001
Número de populações independentes: 1
Número de threads: 1
Número máximo de gerações: 364

Largura da faixa = 113
Melhor altura = 394

Lower Bound 1 = 339
Lower Bound 2 = 219
Avaliação = 1.16224

Tempo de execução: 47.5693s

---------------------------

Tamanho da população: 392
Fração elite: 0.2567
Fração mutante: 0.0202
Probabilidade herdar alelo elite: 0.6001
Número de populações independentes: 1
Número de threads: 1
Número máximo de gerações: 364

Largura da faixa = 113
Melhor altura = 389

Lower Bound 1 = 339
Lower Bound 2 = 219
Avaliação = 1.14749

Tempo de execução: 48.1019s

---------------------------

Tamanho da população: 392
Fração elite: 0.2567
Fração mutante: 0.0202
Probabilidade herdar alelo elite: 0.6001
Número de populações independentes: 1
Número de threads: 1
Número máximo de gerações: 364

Largura da faixa = 113
Melhor altura = 388

Lower Bound 1 = 339
Lower Bound 2 = 219
Avaliação = 1.14454

Tempo de execução: 47.5735s

---------------------------

Tamanho da população: 392
Fração elite: 0.2567
Fração mutante: 0.0202
Probabilidade herdar alelo elite: 0.6001
Número de populações independentes: 1
Número de threads: 1
Número máximo de gerações: 364

Largura da faixa = 113
Melhor altura = 396

Lower Bound 1 = 339
Lower Bound 2 = 219
Avaliação = 1.16814

Tempo de execução: 47.7319s

---------------------------

Tamanho da população: 392
Fração elite: 0.2567
Fração mutante: 0.0202
Probabilidade herdar alelo elite: 0.6001
Número de populações independentes: 1
Número de threads: 1
Número máximo de gerações: 364

Largura da faixa = 113
Melhor altura = 392

Lower Bound 1 = 339
Lower Bound 2 = 219
Avaliação = 1.15634

Tempo de execução: 48.8397s

---------------------------

Tamanho da população: 392
Fração elite: 0.2567
Fração mutante: 0.0202
Probabilidade herdar alelo elite: 0.6001
Número de populações independentes: 1
Número de threads: 1
Número máximo de gerações: 364

Largura da faixa = 113
Melhor altura = 392

Lower Bound 1 = 339
Lower Bound 2 = 219
Avaliação = 1.15634

Tempo de execução: 47.4074s

---------------------------

Tamanho da população: 392
Fração elite: 0.2567
Fração mutante: 0.0202
Probabilidade herdar alelo elite: 0.6001
Número de populações independentes: 1
Número de threads: 1
Número máximo de gerações: 364

Largura da faixa = 113
Melhor altura = 393

Lower Bound 1 = 339
Lower Bound 2 = 219
Avaliação = 1.15929

Tempo de execução: 49.3129s

---------------------------

Tamanho da população: 392
Fração elite: 0.2567
Fração mutante: 0.0202
Probabilidade herdar alelo elite: 0.6001
Número de populações independentes: 1
Número de threads: 1
Número máximo de gerações: 364

Largura da faixa = 113
Melhor altura = 388

Lower Bound 1 = 339
Lower Bound 2 = 219
Avaliação = 1.14454

Tempo de execução: 49.4376s

---------------------------

Tamanho da população: 392
Fração elite: 0.2567
Fração mutante: 0.0202
Probabilidade herdar alelo elite: 0.6001
Número de populações independentes: 1
Número de threads: 1
Número máximo de gerações: 364

Largura da faixa = 113
Melhor altura = 392

Lower Bound 1 = 339
Lower Bound 2 = 219
Avaliação = 1.15634

Tempo de execução: 47.242s

---------------------------

Tamanho da população: 392
Fração elite: 0.2567
Fração mutante: 0.0202
Probabilidade herdar alelo elite: 0.6001
Número de populações independentes: 1
Número de threads: 1
Número máximo de gerações: 364

Largura da faixa = 113
Melhor altura = 394

Lower Bound 1 = 339
Lower Bound 2 = 219
Avaliação = 1.16224

Tempo de execução: 47.4194s

---------------------------

Tamanho da população: 392
Fração elite: 0.2567
Fração mutante: 0.0202
Probabilidade herdar alelo elite: 0.6001
Número de populações independentes: 1
Número de threads: 1
Número máximo de gerações: 364

Largura da faixa = 113
Melhor altura = 389

Lower Bound 1 = 339
Lower Bound 2 = 219
Avaliação = 1.14749

Tempo de execução: 48.8509s

---------------------------

Tamanho da população: 392
Fração elite: 0.2567
Fração mutante: 0.0202
Probabilidade herdar alelo elite: 0.6001
Número de populações independentes: 1
Número de threads: 1
Número máximo de gerações: 364

Largura da faixa = 113
Melhor altura = 393

Lower Bound 1 = 339
Lower Bound 2 = 219
Avaliação = 1.15929

Tempo de execução: 45.1817s

---------------------------

Tamanho da população: 392
Fração elite: 0.2567
Fração mutante: 0.0202
Probabilidade herdar alelo elite: 0.6001
Número de populações independentes: 1
Número de threads: 1
Número máximo de gerações: 364

Largura da faixa = 113
Melhor altura = 393

Lower Bound 1 = 339
Lower Bound 2 = 219
Avaliação = 1.15929

Tempo de execução: 48.3381s

---------------------------

Tamanho da população: 392
Fração elite: 0.2567
Fração mutante: 0.0202
Probabilidade herdar alelo elite: 0.6001
Número de populações independentes: 1
Número de threads: 1
Número máximo de gerações: 364

Largura da faixa = 113
Melhor altura = 387

Lower Bound 1 = 339
Lower Bound 2 = 219
Avaliação = 1.14159

Tempo de execução: 49.2586s

---------------------------

Tamanho da população: 392
Fração elite: 0.2567
Fração mutante: 0.0202
Probabilidade herdar alelo elite: 0.6001
Número de populações independentes: 1
Número de threads: 1
Número máximo de gerações: 364

Largura da faixa = 113
Melhor altura = 381

Lower Bound 1 = 339
Lower Bound 2 = 219
Avaliação = 1.12389

Tempo de execução: 46.8183s

---------------------------

Tamanho da população: 392
Fração elite: 0.2567
Fração mutante: 0.0202
Probabilidade herdar alelo elite: 0.6001
Número de populações independentes: 1
Número de threads: 1
Número máximo de gerações: 364

Largura da faixa = 113
Melhor altura = 393

Lower Bound 1 = 339
Lower Bound 2 = 219
Avaliação = 1.15929

Tempo de execução: 47.2835s

---------------------------

Tamanho da população: 392
Fração elite: 0.2567
Fração mutante: 0.0202
Probabilidade herdar alelo elite: 0.6001
Número de populações independentes: 1
Número de threads: 1
Número máximo de gerações: 364

Largura da faixa = 113
Melhor altura = 389

Lower Bound 1 = 339
Lower Bound 2 = 219
Avaliação = 1.14749

Tempo de execução: 47.7377s

---------------------------

Tamanho da população: 392
Fração elite: 0.2567
Fração mutante: 0.0202
Probabilidade herdar alelo elite: 0.6001
Número de populações independentes: 1
Número de threads: 1
Número máximo de gerações: 364

Largura da faixa = 113
Melhor altura = 395

Lower Bound 1 = 339
Lower Bound 2 = 219
Avaliação = 1.16519

Tempo de execução: 48.0459s

---------------------------

Tamanho da população: 392
Fração elite: 0.2567
Fração mutante: 0.0202
Probabilidade herdar alelo elite: 0.6001
Número de populações independentes: 1
Número de threads: 1
Número máximo de gerações: 364

Largura da faixa = 113
Melhor altura = 391

Lower Bound 1 = 339
Lower Bound 2 = 219
Avaliação = 1.15339

Tempo de execução: 48.9555s

---------------------------

