Tamanho da população: 475
Fração elite: 0.2121
Fração mutante: 0.0442
Probabilidade herdar alelo elite: 0.6514
Número de populações independentes: 3
Troca de informação de 4 individuos a cada 241 gerações
Número de threads: 1

Largura da faixa = 92
Melhor altura = 471

Lower Bound 1 = 417
Lower Bound 2 = 191
Avaliação = 1.1295

Tempo de execução: 60.0349s

---------------------------

Tamanho da população: 475
Fração elite: 0.2121
Fração mutante: 0.0442
Probabilidade herdar alelo elite: 0.6514
Número de populações independentes: 3
Troca de informação de 4 individuos a cada 241 gerações
Número de threads: 1

Largura da faixa = 92
Melhor altura = 478

Lower Bound 1 = 417
Lower Bound 2 = 191
Avaliação = 1.14628

Tempo de execução: 60.0765s

---------------------------

Tamanho da população: 475
Fração elite: 0.2121
Fração mutante: 0.0442
Probabilidade herdar alelo elite: 0.6514
Número de populações independentes: 3
Troca de informação de 4 individuos a cada 241 gerações
Número de threads: 1

Largura da faixa = 92
Melhor altura = 475

Lower Bound 1 = 417
Lower Bound 2 = 191
Avaliação = 1.13909

Tempo de execução: 60.2108s

---------------------------

Tamanho da população: 475
Fração elite: 0.2121
Fração mutante: 0.0442
Probabilidade herdar alelo elite: 0.6514
Número de populações independentes: 3
Troca de informação de 4 individuos a cada 241 gerações
Número de threads: 1

Largura da faixa = 92
Melhor altura = 468

Lower Bound 1 = 417
Lower Bound 2 = 191
Avaliação = 1.1223

Tempo de execução: 60.1293s

---------------------------

Tamanho da população: 475
Fração elite: 0.2121
Fração mutante: 0.0442
Probabilidade herdar alelo elite: 0.6514
Número de populações independentes: 3
Troca de informação de 4 individuos a cada 241 gerações
Número de threads: 1

Largura da faixa = 92
Melhor altura = 472

Lower Bound 1 = 417
Lower Bound 2 = 191
Avaliação = 1.13189

Tempo de execução: 60.2249s

---------------------------

Tamanho da população: 475
Fração elite: 0.2121
Fração mutante: 0.0442
Probabilidade herdar alelo elite: 0.6514
Número de populações independentes: 3
Troca de informação de 4 individuos a cada 241 gerações
Número de threads: 1

Largura da faixa = 92
Melhor altura = 469

Lower Bound 1 = 417
Lower Bound 2 = 191
Avaliação = 1.1247

Tempo de execução: 60.2661s

---------------------------

Tamanho da população: 475
Fração elite: 0.2121
Fração mutante: 0.0442
Probabilidade herdar alelo elite: 0.6514
Número de populações independentes: 3
Troca de informação de 4 individuos a cada 241 gerações
Número de threads: 1

Largura da faixa = 92
Melhor altura = 474

Lower Bound 1 = 417
Lower Bound 2 = 191
Avaliação = 1.13669

Tempo de execução: 60.0172s

---------------------------

Tamanho da população: 475
Fração elite: 0.2121
Fração mutante: 0.0442
Probabilidade herdar alelo elite: 0.6514
Número de populações independentes: 3
Troca de informação de 4 individuos a cada 241 gerações
Número de threads: 1

Largura da faixa = 92
Melhor altura = 473

Lower Bound 1 = 417
Lower Bound 2 = 191
Avaliação = 1.13429

Tempo de execução: 60.1153s

---------------------------

Tamanho da população: 475
Fração elite: 0.2121
Fração mutante: 0.0442
Probabilidade herdar alelo elite: 0.6514
Número de populações independentes: 3
Troca de informação de 4 individuos a cada 241 gerações
Número de threads: 1

Largura da faixa = 92
Melhor altura = 469

Lower Bound 1 = 417
Lower Bound 2 = 191
Avaliação = 1.1247

Tempo de execução: 60.298s

---------------------------

Tamanho da população: 475
Fração elite: 0.2121
Fração mutante: 0.0442
Probabilidade herdar alelo elite: 0.6514
Número de populações independentes: 3
Troca de informação de 4 individuos a cada 241 gerações
Número de threads: 1

Largura da faixa = 92
Melhor altura = 477

Lower Bound 1 = 417
Lower Bound 2 = 191
Avaliação = 1.14388

Tempo de execução: 60.0468s

---------------------------

Tamanho da população: 475
Fração elite: 0.2121
Fração mutante: 0.0442
Probabilidade herdar alelo elite: 0.6514
Número de populações independentes: 3
Troca de informação de 4 individuos a cada 241 gerações
Número de threads: 1

Largura da faixa = 92
Melhor altura = 477

Lower Bound 1 = 417
Lower Bound 2 = 191
Avaliação = 1.14388

Tempo de execução: 60.0485s

---------------------------

Tamanho da população: 475
Fração elite: 0.2121
Fração mutante: 0.0442
Probabilidade herdar alelo elite: 0.6514
Número de populações independentes: 3
Troca de informação de 4 individuos a cada 241 gerações
Número de threads: 1

Largura da faixa = 92
Melhor altura = 478

Lower Bound 1 = 417
Lower Bound 2 = 191
Avaliação = 1.14628

Tempo de execução: 60.1415s

---------------------------

Tamanho da população: 475
Fração elite: 0.2121
Fração mutante: 0.0442
Probabilidade herdar alelo elite: 0.6514
Número de populações independentes: 3
Troca de informação de 4 individuos a cada 241 gerações
Número de threads: 1

Largura da faixa = 92
Melhor altura = 475

Lower Bound 1 = 417
Lower Bound 2 = 191
Avaliação = 1.13909

Tempo de execução: 60.0035s

---------------------------

Tamanho da população: 475
Fração elite: 0.2121
Fração mutante: 0.0442
Probabilidade herdar alelo elite: 0.6514
Número de populações independentes: 3
Troca de informação de 4 individuos a cada 241 gerações
Número de threads: 1

Largura da faixa = 92
Melhor altura = 472

Lower Bound 1 = 417
Lower Bound 2 = 191
Avaliação = 1.13189

Tempo de execução: 60.0433s

---------------------------

Tamanho da população: 475
Fração elite: 0.2121
Fração mutante: 0.0442
Probabilidade herdar alelo elite: 0.6514
Número de populações independentes: 3
Troca de informação de 4 individuos a cada 241 gerações
Número de threads: 1

Largura da faixa = 92
Melhor altura = 473

Lower Bound 1 = 417
Lower Bound 2 = 191
Avaliação = 1.13429

Tempo de execução: 60.2047s

---------------------------

Tamanho da população: 475
Fração elite: 0.2121
Fração mutante: 0.0442
Probabilidade herdar alelo elite: 0.6514
Número de populações independentes: 3
Troca de informação de 4 individuos a cada 241 gerações
Número de threads: 1

Largura da faixa = 92
Melhor altura = 476

Lower Bound 1 = 417
Lower Bound 2 = 191
Avaliação = 1.14149

Tempo de execução: 60.1058s

---------------------------

Tamanho da população: 475
Fração elite: 0.2121
Fração mutante: 0.0442
Probabilidade herdar alelo elite: 0.6514
Número de populações independentes: 3
Troca de informação de 4 individuos a cada 241 gerações
Número de threads: 1

Largura da faixa = 92
Melhor altura = 476

Lower Bound 1 = 417
Lower Bound 2 = 191
Avaliação = 1.14149

Tempo de execução: 60.136s

---------------------------

Tamanho da população: 475
Fração elite: 0.2121
Fração mutante: 0.0442
Probabilidade herdar alelo elite: 0.6514
Número de populações independentes: 3
Troca de informação de 4 individuos a cada 241 gerações
Número de threads: 1

Largura da faixa = 92
Melhor altura = 468

Lower Bound 1 = 417
Lower Bound 2 = 191
Avaliação = 1.1223

Tempo de execução: 60.2961s

---------------------------

Tamanho da população: 475
Fração elite: 0.2121
Fração mutante: 0.0442
Probabilidade herdar alelo elite: 0.6514
Número de populações independentes: 3
Troca de informação de 4 individuos a cada 241 gerações
Número de threads: 1

Largura da faixa = 92
Melhor altura = 471

Lower Bound 1 = 417
Lower Bound 2 = 191
Avaliação = 1.1295

Tempo de execução: 60.2483s

---------------------------

Tamanho da população: 475
Fração elite: 0.2121
Fração mutante: 0.0442
Probabilidade herdar alelo elite: 0.6514
Número de populações independentes: 3
Troca de informação de 4 individuos a cada 241 gerações
Número de threads: 1

Largura da faixa = 92
Melhor altura = 473

Lower Bound 1 = 417
Lower Bound 2 = 191
Avaliação = 1.13429

Tempo de execução: 60.2547s
Tamanho da população: 475
Fração elite: 0.2121
Fração mutante: 0.0442
Probabilidade herdar alelo elite: 0.6514
Número de populações independentes: 3
Troca de informação de 4 individuos a cada 241 gerações
Número de threads: 1

Largura da faixa = 92
Melhor altura = 473

Lower Bound 1 = 417
Lower Bound 2 = 191
Avaliação = 1.13429

Tempo de execução: 60.012s

---------------------------

