Número de cromossomos: 10
Tamanho da população: 50
Fração elite: 0.3
Fração mutante: 0.7
Probabilidade herdar alelo elite: 0.6
Número de populações independentes: 4
Número de threads: 1
Trocar os melhores indivíduos a cada 600 gerações
Número máximo de gerações: 100

Número de swaps entre camadas = 5
Largura da faixa = 364
Melhor altura = 1704

Lower Bound 1 = 1498
Lower Bound 2 = 606
Avaliação = 1.13752

Tempo de execução: 2s

---------------------------

Melhor até agora: 1685 Geração: 0
Tamanho da população: 300
Fração elite: 0.2
Fração mutante: 0.2
Probabilidade herdar alelo elite: 0.7
Número de populações independentes: 2
Número de threads: 16
Trocar os melhores indivíduos a cada 30 gerações
Número máximo de gerações: 300
Número máximo de iterações sem melhora: 50
Largura da faixa = 364
Melhor altura = 1685

Lower Bound 1 = 1498
Lower Bound 2 = 606
Avaliação = 1.12483

Tempo de execução: 1s

---------------------------

Melhor até agora: 1685 Geração: 0
Tamanho da população: 300
Fração elite: 0.2
Fração mutante: 0.2
Probabilidade herdar alelo elite: 0.7
Número de populações independentes: 2
Número de threads: 16
Trocar os melhores indivíduos a cada 30 gerações
Número máximo de gerações: 300
Número máximo de iterações sem melhora: 50
Largura da faixa = 364
Melhor altura = 1685

Lower Bound 1 = 1498
Lower Bound 2 = 606
Avaliação = 1.12483

Tempo de execução: 2s

---------------------------

Melhor até agora: 1685 Geração: 0
Tamanho da população: 300
Fração elite: 0.2
Fração mutante: 0.2
Probabilidade herdar alelo elite: 0.7
Número de populações independentes: 2
Número de threads: 16
Trocar os melhores indivíduos a cada 30 gerações
Número máximo de gerações: 300
Número máximo de iterações sem melhora: 50
Largura da faixa = 364
Melhor altura = 1685

Lower Bound 1 = 1498
Lower Bound 2 = 606
Avaliação = 1.12483

Tempo de execução: 2s

---------------------------

Melhor até agora: 1685 Geração: 0
Tamanho da população: 300
Fração elite: 0.2
Fração mutante: 0.2
Probabilidade herdar alelo elite: 0.7
Número de populações independentes: 2
Número de threads: 16
Trocar os melhores indivíduos a cada 30 gerações
Número máximo de gerações: 300
Número máximo de iterações sem melhora: 50
Largura da faixa = 364
Melhor altura = 1685

Lower Bound 1 = 1498
Lower Bound 2 = 606
Avaliação = 1.12483

Tempo de execução: 1s

---------------------------

Melhor até agora: 1685 Geração: 0
Tamanho da população: 300
Fração elite: 0.2
Fração mutante: 0.2
Probabilidade herdar alelo elite: 0.7
Número de populações independentes: 2
Número de threads: 16
Trocar os melhores indivíduos a cada 30 gerações
Número máximo de gerações: 300
Número máximo de iterações sem melhora: 50
Largura da faixa = 364
Melhor altura = 1685

Lower Bound 1 = 1498
Lower Bound 2 = 606
Avaliação = 1.12483

Tempo de execução: 2s

---------------------------

Melhor até agora: 1685 Geração: 0
Tamanho da população: 300
Fração elite: 0.2
Fração mutante: 0.2
Probabilidade herdar alelo elite: 0.7
Número de populações independentes: 2
Número de threads: 16
Trocar os melhores indivíduos a cada 30 gerações
Número máximo de gerações: 300
Número máximo de iterações sem melhora: 50
Largura da faixa = 364
Melhor altura = 1685

Lower Bound 1 = 1498
Lower Bound 2 = 606
Avaliação = 1.12483

Tempo de execução: 1s

---------------------------

Melhor até agora: 1685 Geração: 0
Tamanho da população: 300
Fração elite: 0.2
Fração mutante: 0.2
Probabilidade herdar alelo elite: 0.7
Número de populações independentes: 2
Número de threads: 16
Trocar os melhores indivíduos a cada 30 gerações
Número máximo de gerações: 300
Número máximo de iterações sem melhora: 50
Largura da faixa = 364
Melhor altura = 1685

Lower Bound 1 = 1498
Lower Bound 2 = 606
Avaliação = 1.12483

Tempo de execução: 1s

---------------------------

Melhor até agora: 1685 Geração: 0
Tamanho da população: 300
Fração elite: 0.2
Fração mutante: 0.2
Probabilidade herdar alelo elite: 0.7
Número de populações independentes: 2
Número de threads: 16
Trocar os melhores indivíduos a cada 30 gerações
Número máximo de gerações: 300
Número máximo de iterações sem melhora: 50
Largura da faixa = 364
Melhor altura = 1685

Lower Bound 1 = 1498
Lower Bound 2 = 606
Avaliação = 1.12483

Tempo de execução: 2s

---------------------------

Melhor até agora: 1685 Geração: 0
Tamanho da população: 300
Fração elite: 0.2
Fração mutante: 0.2
Probabilidade herdar alelo elite: 0.7
Número de populações independentes: 2
Número de threads: 16
Trocar os melhores indivíduos a cada 30 gerações
Número máximo de gerações: 300
Número máximo de iterações sem melhora: 50
Largura da faixa = 364
Melhor altura = 1685

Lower Bound 1 = 1498
Lower Bound 2 = 606
Avaliação = 1.12483

Tempo de execução: 1s

---------------------------

Melhor até agora: 1685 Geração: 0
Tamanho da população: 300
Fração elite: 0.2
Fração mutante: 0.2
Probabilidade herdar alelo elite: 0.7
Número de populações independentes: 2
Número de threads: 16
Trocar os melhores indivíduos a cada 30 gerações
Número máximo de gerações: 300
Número máximo de iterações sem melhora: 50
Largura da faixa = 364
Melhor altura = 1685

Lower Bound 1 = 1498
Lower Bound 2 = 606
Avaliação = 1.12483

Tempo de execução: 1s

---------------------------

Melhor até agora: 1685 Geração: 0
Tamanho da população: 300
Fração elite: 0.2
Fração mutante: 0.2
Probabilidade herdar alelo elite: 0.7
Número de populações independentes: 2
Número de threads: 16
Trocar os melhores indivíduos a cada 30 gerações
Número máximo de gerações: 300
Número máximo de iterações sem melhora: 50
Largura da faixa = 364
Melhor altura = 1685

Lower Bound 1 = 1498
Lower Bound 2 = 606
Avaliação = 1.12483

Tempo de execução: 1s

---------------------------

Melhor até agora: 1685 Geração: 0
Tamanho da população: 300
Fração elite: 0.2
Fração mutante: 0.2
Probabilidade herdar alelo elite: 0.7
Número de populações independentes: 2
Número de threads: 16
Trocar os melhores indivíduos a cada 30 gerações
Número máximo de gerações: 300
Número máximo de iterações sem melhora: 50
Largura da faixa = 364
Melhor altura = 1685

Lower Bound 1 = 1498
Lower Bound 2 = 606
Avaliação = 1.12483

Tempo de execução: 1s

---------------------------

Melhor até agora: 1685 Geração: 0
Tamanho da população: 300
Fração elite: 0.2
Fração mutante: 0.2
Probabilidade herdar alelo elite: 0.7
Número de populações independentes: 2
Número de threads: 16
Trocar os melhores indivíduos a cada 30 gerações
Número máximo de gerações: 300
Número máximo de iterações sem melhora: 50
Largura da faixa = 364
Melhor altura = 1685

Lower Bound 1 = 1498
Lower Bound 2 = 606
Avaliação = 1.12483

Tempo de execução: 3s

---------------------------

Melhor até agora: 1685 Geração: 0
Tamanho da população: 300
Fração elite: 0.2
Fração mutante: 0.2
Probabilidade herdar alelo elite: 0.7
Número de populações independentes: 2
Número de threads: 16
Trocar os melhores indivíduos a cada 30 gerações
Número máximo de gerações: 300
Número máximo de iterações sem melhora: 50
Largura da faixa = 364
Melhor altura = 1685

Lower Bound 1 = 1498
Lower Bound 2 = 606
Avaliação = 1.12483

Tempo de execução: 1s

---------------------------

Melhor até agora: 1685 Geração: 0
Tamanho da população: 300
Fração elite: 0.2
Fração mutante: 0.2
Probabilidade herdar alelo elite: 0.7
Número de populações independentes: 2
Número de threads: 16
Trocar os melhores indivíduos a cada 30 gerações
Número máximo de gerações: 300
Número máximo de iterações sem melhora: 50
Largura da faixa = 364
Melhor altura = 1685

Lower Bound 1 = 1498
Lower Bound 2 = 606
Avaliação = 1.12483

Tempo de execução: 1s

---------------------------

Melhor até agora: 1685 Geração: 0
Tamanho da população: 300
Fração elite: 0.2
Fração mutante: 0.2
Probabilidade herdar alelo elite: 0.7
Número de populações independentes: 2
Número de threads: 16
Trocar os melhores indivíduos a cada 30 gerações
Número máximo de gerações: 300
Número máximo de iterações sem melhora: 50
Largura da faixa = 364
Melhor altura = 1685

Lower Bound 1 = 1498
Lower Bound 2 = 606
Avaliação = 1.12483

Tempo de execução: 3s

---------------------------

Melhor até agora: 1685 Geração: 0
Tamanho da população: 300
Fração elite: 0.2
Fração mutante: 0.2
Probabilidade herdar alelo elite: 0.7
Número de populações independentes: 2
Número de threads: 16
Trocar os melhores indivíduos a cada 30 gerações
Número máximo de gerações: 300
Número máximo de iterações sem melhora: 50
Largura da faixa = 364
Melhor altura = 1685

Lower Bound 1 = 1498
Lower Bound 2 = 606
Avaliação = 1.12483

Tempo de execução: 2s

---------------------------

Melhor até agora: 1685 Geração: 0
Tamanho da população: 300
Fração elite: 0.2
Fração mutante: 0.2
Probabilidade herdar alelo elite: 0.7
Número de populações independentes: 2
Número de threads: 16
Trocar os melhores indivíduos a cada 30 gerações
Número máximo de gerações: 300
Número máximo de iterações sem melhora: 50
Largura da faixa = 364
Melhor altura = 1685

Lower Bound 1 = 1498
Lower Bound 2 = 606
Avaliação = 1.12483

Tempo de execução: 2s

---------------------------

Melhor até agora: 1685 Geração: 0
Tamanho da população: 300
Fração elite: 0.2
Fração mutante: 0.2
Probabilidade herdar alelo elite: 0.7
Número de populações independentes: 2
Número de threads: 16
Trocar os melhores indivíduos a cada 30 gerações
Número máximo de gerações: 300
Número máximo de iterações sem melhora: 50
Largura da faixa = 364
Melhor altura = 1685

Lower Bound 1 = 1498
Lower Bound 2 = 606
Avaliação = 1.12483

Tempo de execução: 1s

---------------------------

Melhor até agora: 1685 Geração: 0
Tamanho da população: 300
Fração elite: 0.2
Fração mutante: 0.2
Probabilidade herdar alelo elite: 0.7
Número de populações independentes: 2
Número de threads: 16
Trocar os melhores indivíduos a cada 30 gerações
Número máximo de gerações: 300
Número máximo de iterações sem melhora: 50
Largura da faixa = 364
Melhor altura = 1685

Lower Bound 1 = 1498
Lower Bound 2 = 606
Avaliação = 1.12483

Tempo de execução: 1s

---------------------------

Melhor até agora: 1685 Geração: 0
Tamanho da população: 300
Fração elite: 0.2
Fração mutante: 0.2
Probabilidade herdar alelo elite: 0.7
Número de populações independentes: 2
Número de threads: 16
Trocar os melhores indivíduos a cada 30 gerações
Número máximo de gerações: 300
Número máximo de iterações sem melhora: 50
Largura da faixa = 364
Melhor altura = 1685

Lower Bound 1 = 1498
Lower Bound 2 = 606
Avaliação = 1.12483

Tempo de execução: 0s

---------------------------

Melhor até agora: 1685 Geração: 0
Tamanho da população: 300
Fração elite: 0.2
Fração mutante: 0.2
Probabilidade herdar alelo elite: 0.7
Número de populações independentes: 2
Número de threads: 16
Trocar os melhores indivíduos a cada 30 gerações
Número máximo de gerações: 300
Número máximo de iterações sem melhora: 50
Largura da faixa = 364
Melhor altura = 1685

Lower Bound 1 = 1498
Lower Bound 2 = 606
Avaliação = 1.12483

Tempo de execução: 0s

---------------------------

Melhor até agora: 1685 Geração: 0
Tamanho da população: 300
Fração elite: 0.2
Fração mutante: 0.2
Probabilidade herdar alelo elite: 0.7
Número de populações independentes: 2
Número de threads: 16
Trocar os melhores indivíduos a cada 30 gerações
Número máximo de gerações: 300
Número máximo de iterações sem melhora: 50
Largura da faixa = 364
Melhor altura = 1685

Lower Bound 1 = 1498
Lower Bound 2 = 606
Avaliação = 1.12483

Tempo de execução: 1s

---------------------------

Melhor até agora: 1685 Geração: 0
Tamanho da população: 300
Fração elite: 0.2
Fração mutante: 0.2
Probabilidade herdar alelo elite: 0.7
Número de populações independentes: 2
Número de threads: 16
Trocar os melhores indivíduos a cada 30 gerações
Número máximo de gerações: 300
Número máximo de iterações sem melhora: 50
Largura da faixa = 364
Melhor altura = 1685

Lower Bound 1 = 1498
Lower Bound 2 = 606
Avaliação = 1.12483

Tempo de execução: 0s

---------------------------

Melhor até agora: 1685 Geração: 0
Tamanho da população: 300
Fração elite: 0.2
Fração mutante: 0.2
Probabilidade herdar alelo elite: 0.7
Número de populações independentes: 2
Número de threads: 16
Trocar os melhores indivíduos a cada 30 gerações
Número máximo de gerações: 300
Número máximo de iterações sem melhora: 50
Largura da faixa = 364
Melhor altura = 1685

Lower Bound 1 = 1498
Lower Bound 2 = 606
Avaliação = 1.12483

Tempo de execução: 0s

---------------------------

Melhor até agora: 1685 Geração: 0
Tamanho da população: 300
Fração elite: 0.2
Fração mutante: 0.2
Probabilidade herdar alelo elite: 0.7
Número de populações independentes: 2
Número de threads: 16
Trocar os melhores indivíduos a cada 30 gerações
Número máximo de gerações: 300
Número máximo de iterações sem melhora: 50
Largura da faixa = 364
Melhor altura = 1685

Lower Bound 1 = 1498
Lower Bound 2 = 606
Avaliação = 1.12483

Tempo de execução: 0s

---------------------------

Melhor até agora: 1704 Geração: 0
Melhor até agora: 1685 Geração: 1
Tamanho da população: 300
Fração elite: 0.2
Fração mutante: 0.2
Probabilidade herdar alelo elite: 0.7
Número de populações independentes: 2
Número de threads: 16
Trocar os melhores indivíduos a cada 30 gerações
Número máximo de gerações: 300
Número máximo de iterações sem melhora: 50
Largura da faixa = 364
Melhor altura = 1685

Lower Bound 1 = 1498
Lower Bound 2 = 606
Avaliação = 1.12483

Tempo de execução: 1s

---------------------------

Melhor até agora: 1685 Geração: 0
Tamanho da população: 300
Fração elite: 0.2
Fração mutante: 0.2
Probabilidade herdar alelo elite: 0.7
Número de populações independentes: 2
Número de threads: 16
Trocar os melhores indivíduos a cada 30 gerações
Número máximo de gerações: 300
Número máximo de iterações sem melhora: 50
Largura da faixa = 364
Melhor altura = 1685

Lower Bound 1 = 1498
Lower Bound 2 = 606
Avaliação = 1.12483

Tempo de execução: 0s

---------------------------

Melhor até agora: 1685 Geração: 0
Tamanho da população: 300
Fração elite: 0.2
Fração mutante: 0.2
Probabilidade herdar alelo elite: 0.7
Número de populações independentes: 2
Número de threads: 16
Trocar os melhores indivíduos a cada 30 gerações
Número máximo de gerações: 300
Número máximo de iterações sem melhora: 50
Largura da faixa = 364
Melhor altura = 1685

Lower Bound 1 = 1498
Lower Bound 2 = 606
Avaliação = 1.12483

Tempo de execução: 1s

---------------------------

Melhor até agora: 1685 Geração: 0
Tamanho da população: 300
Fração elite: 0.2
Fração mutante: 0.2
Probabilidade herdar alelo elite: 0.7
Número de populações independentes: 2
Número de threads: 16
Trocar os melhores indivíduos a cada 30 gerações
Número máximo de gerações: 300
Número máximo de iterações sem melhora: 50
Largura da faixa = 364
Melhor altura = 1685

Lower Bound 1 = 1498
Lower Bound 2 = 606
Avaliação = 1.12483

Tempo de execução: 1s

---------------------------

Melhor até agora: 1685 Geração: 0
Tamanho da população: 300
Fração elite: 0.2
Fração mutante: 0.2
Probabilidade herdar alelo elite: 0.7
Número de populações independentes: 2
Número de threads: 16
Trocar os melhores indivíduos a cada 30 gerações
Número máximo de gerações: 300
Número máximo de iterações sem melhora: 50
Largura da faixa = 364
Melhor altura = 1685

Lower Bound 1 = 1498
Lower Bound 2 = 606
Avaliação = 1.12483

Tempo de execução: 1s

---------------------------

Melhor até agora: 1685 Geração: 0
Tamanho da população: 300
Fração elite: 0.2
Fração mutante: 0.2
Probabilidade herdar alelo elite: 0.7
Número de populações independentes: 2
Número de threads: 16
Trocar os melhores indivíduos a cada 30 gerações
Número máximo de gerações: 300
Número máximo de iterações sem melhora: 50
Largura da faixa = 364
Melhor altura = 1685

Lower Bound 1 = 1498
Lower Bound 2 = 606
Avaliação = 1.12483

Tempo de execução: 0s

---------------------------

Melhor até agora: 1685 Geração: 0
Tamanho da população: 300
Fração elite: 0.2
Fração mutante: 0.2
Probabilidade herdar alelo elite: 0.7
Número de populações independentes: 2
Número de threads: 16
Trocar os melhores indivíduos a cada 30 gerações
Número máximo de gerações: 300
Número máximo de iterações sem melhora: 50
Largura da faixa = 364
Melhor altura = 1685

Lower Bound 1 = 1498
Lower Bound 2 = 606
Avaliação = 1.12483

Tempo de execução: 0s

---------------------------

Melhor até agora: 1685 Geração: 0
Tamanho da população: 300
Fração elite: 0.2
Fração mutante: 0.2
Probabilidade herdar alelo elite: 0.7
Número de populações independentes: 2
Número de threads: 16
Trocar os melhores indivíduos a cada 30 gerações
Número máximo de gerações: 300
Número máximo de iterações sem melhora: 50
Largura da faixa = 364
Melhor altura = 1685

Lower Bound 1 = 1498
Lower Bound 2 = 606
Avaliação = 1.12483

Tempo de execução: 0s

---------------------------

Melhor até agora: 1685 Geração: 0
Tamanho da população: 300
Fração elite: 0.2
Fração mutante: 0.2
Probabilidade herdar alelo elite: 0.7
Número de populações independentes: 2
Número de threads: 16
Trocar os melhores indivíduos a cada 30 gerações
Número máximo de gerações: 300
Número máximo de iterações sem melhora: 50
Largura da faixa = 364
Melhor altura = 1685

Lower Bound 1 = 1498
Lower Bound 2 = 606
Avaliação = 1.12483

Tempo de execução: 1s

---------------------------

Melhor até agora: 1685 Geração: 0
Tamanho da população: 300
Fração elite: 0.2
Fração mutante: 0.2
Probabilidade herdar alelo elite: 0.7
Número de populações independentes: 2
Número de threads: 16
Trocar os melhores indivíduos a cada 30 gerações
Número máximo de gerações: 300
Número máximo de iterações sem melhora: 50
Largura da faixa = 364
Melhor altura = 1685

Lower Bound 1 = 1498
Lower Bound 2 = 606
Avaliação = 1.12483

Tempo de execução: 0s

---------------------------

Melhor até agora: 1685 Geração: 0
Tamanho da população: 300
Fração elite: 0.2
Fração mutante: 0.2
Probabilidade herdar alelo elite: 0.7
Número de populações independentes: 2
Número de threads: 16
Trocar os melhores indivíduos a cada 30 gerações
Número máximo de gerações: 300
Número máximo de iterações sem melhora: 50
Largura da faixa = 364
Melhor altura = 1685

Lower Bound 1 = 1498
Lower Bound 2 = 606
Avaliação = 1.12483

Tempo de execução: 1s

---------------------------

Melhor até agora: 1685 Geração: 0
Tamanho da população: 300
Fração elite: 0.2
Fração mutante: 0.2
Probabilidade herdar alelo elite: 0.7
Número de populações independentes: 2
Número de threads: 16
Trocar os melhores indivíduos a cada 30 gerações
Número máximo de gerações: 300
Número máximo de iterações sem melhora: 50
Largura da faixa = 364
Melhor altura = 1685

Lower Bound 1 = 1498
Lower Bound 2 = 606
Avaliação = 1.12483

Tempo de execução: 1s

---------------------------

Melhor até agora: 1685 Geração: 0
Tamanho da população: 300
Fração elite: 0.2
Fração mutante: 0.2
Probabilidade herdar alelo elite: 0.7
Número de populações independentes: 2
Número de threads: 16
Trocar os melhores indivíduos a cada 30 gerações
Número máximo de gerações: 300
Número máximo de iterações sem melhora: 50
Largura da faixa = 364
Melhor altura = 1685

Lower Bound 1 = 1498
Lower Bound 2 = 606
Avaliação = 1.12483

Tempo de execução: 0s

---------------------------

Melhor até agora: 1685 Geração: 0
Tamanho da população: 300
Fração elite: 0.2
Fração mutante: 0.2
Probabilidade herdar alelo elite: 0.7
Número de populações independentes: 2
Número de threads: 16
Trocar os melhores indivíduos a cada 30 gerações
Número máximo de gerações: 300
Número máximo de iterações sem melhora: 50
Largura da faixa = 364
Melhor altura = 1685

Lower Bound 1 = 1498
Lower Bound 2 = 606
Avaliação = 1.12483

Tempo de execução: 0s

---------------------------

Tamanho da população: 297
Fração elite: 0.55
Fração mutante: 0.0174
Probabilidade herdar alelo elite: 0.7678
Número de populações independentes: 1
Número de threads: 1
Trocar os melhores indivíduos a cada 30 gerações
Número máximo de gerações: 279

Largura da faixa = 364
Melhor altura = 1685

Lower Bound 1 = 1498
Lower Bound 2 = 606
Avaliação = 1.12483

Tempo de execução: 0.662497s

---------------------------

Tamanho da população: 297
Fração elite: 0.55
Fração mutante: 0.0174
Probabilidade herdar alelo elite: 0.7678
Número de populações independentes: 1
Número de threads: 1
Trocar os melhores indivíduos a cada 30 gerações
Número máximo de gerações: 279

Largura da faixa = 364
Melhor altura = 1685

Lower Bound 1 = 1498
Lower Bound 2 = 606
Avaliação = 1.12483

Tempo de execução: 1.10116s

---------------------------

Tamanho da população: 297
Fração elite: 0.55
Fração mutante: 0.0174
Probabilidade herdar alelo elite: 0.7678
Número de populações independentes: 1
Número de threads: 1
Trocar os melhores indivíduos a cada 30 gerações
Número máximo de gerações: 279

Largura da faixa = 364
Melhor altura = 1685

Lower Bound 1 = 1498
Lower Bound 2 = 606
Avaliação = 1.12483

Tempo de execução: 1.202s

---------------------------

Tamanho da população: 297
Fração elite: 0.55
Fração mutante: 0.0174
Probabilidade herdar alelo elite: 0.7678
Número de populações independentes: 1
Número de threads: 1
Trocar os melhores indivíduos a cada 30 gerações
Número máximo de gerações: 279

Largura da faixa = 364
Melhor altura = 1685

Lower Bound 1 = 1498
Lower Bound 2 = 606
Avaliação = 1.12483

Tempo de execução: 1.17186s

---------------------------

Tamanho da população: 297
Fração elite: 0.55
Fração mutante: 0.0174
Probabilidade herdar alelo elite: 0.7678
Número de populações independentes: 1
Número de threads: 1
Trocar os melhores indivíduos a cada 30 gerações
Número máximo de gerações: 279

Largura da faixa = 364
Melhor altura = 1685

Lower Bound 1 = 1498
Lower Bound 2 = 606
Avaliação = 1.12483

Tempo de execução: 1.17823s

---------------------------

Tamanho da população: 297
Fração elite: 0.55
Fração mutante: 0.0174
Probabilidade herdar alelo elite: 0.7678
Número de populações independentes: 1
Número de threads: 1
Trocar os melhores indivíduos a cada 30 gerações
Número máximo de gerações: 279

Largura da faixa = 364
Melhor altura = 1685

Lower Bound 1 = 1498
Lower Bound 2 = 606
Avaliação = 1.12483

Tempo de execução: 1.17877s

---------------------------

Tamanho da população: 297
Fração elite: 0.55
Fração mutante: 0.0174
Probabilidade herdar alelo elite: 0.7678
Número de populações independentes: 1
Número de threads: 1
Trocar os melhores indivíduos a cada 30 gerações
Número máximo de gerações: 279

Largura da faixa = 364
Melhor altura = 1685

Lower Bound 1 = 1498
Lower Bound 2 = 606
Avaliação = 1.12483

Tempo de execução: 1.15546s

---------------------------

Tamanho da população: 297
Fração elite: 0.55
Fração mutante: 0.0174
Probabilidade herdar alelo elite: 0.7678
Número de populações independentes: 1
Número de threads: 1
Trocar os melhores indivíduos a cada 30 gerações
Número máximo de gerações: 279

Largura da faixa = 364
Melhor altura = 1685

Lower Bound 1 = 1498
Lower Bound 2 = 606
Avaliação = 1.12483

Tempo de execução: 1.16671s

---------------------------

Tamanho da população: 297
Fração elite: 0.55
Fração mutante: 0.0174
Probabilidade herdar alelo elite: 0.7678
Número de populações independentes: 1
Número de threads: 1
Trocar os melhores indivíduos a cada 30 gerações
Número máximo de gerações: 279

Largura da faixa = 364
Melhor altura = 1685

Lower Bound 1 = 1498
Lower Bound 2 = 606
Avaliação = 1.12483

Tempo de execução: 1.19321s

---------------------------

Tamanho da população: 297
Fração elite: 0.55
Fração mutante: 0.0174
Probabilidade herdar alelo elite: 0.7678
Número de populações independentes: 1
Número de threads: 1
Trocar os melhores indivíduos a cada 30 gerações
Número máximo de gerações: 279

Largura da faixa = 364
Melhor altura = 1685

Lower Bound 1 = 1498
Lower Bound 2 = 606
Avaliação = 1.12483

Tempo de execução: 1.14972s

---------------------------

Tamanho da população: 297
Fração elite: 0.55
Fração mutante: 0.0174
Probabilidade herdar alelo elite: 0.7678
Número de populações independentes: 1
Número de threads: 1
Trocar os melhores indivíduos a cada 30 gerações
Número máximo de gerações: 279

Largura da faixa = 364
Melhor altura = 1685

Lower Bound 1 = 1498
Lower Bound 2 = 606
Avaliação = 1.12483

Tempo de execução: 1.17089s

---------------------------

Tamanho da população: 297
Fração elite: 0.55
Fração mutante: 0.0174
Probabilidade herdar alelo elite: 0.7678
Número de populações independentes: 1
Número de threads: 1
Trocar os melhores indivíduos a cada 30 gerações
Número máximo de gerações: 279

Largura da faixa = 364
Melhor altura = 1685

Lower Bound 1 = 1498
Lower Bound 2 = 606
Avaliação = 1.12483

Tempo de execução: 1.18923s

---------------------------

Tamanho da população: 297
Fração elite: 0.55
Fração mutante: 0.0174
Probabilidade herdar alelo elite: 0.7678
Número de populações independentes: 1
Número de threads: 1
Trocar os melhores indivíduos a cada 30 gerações
Número máximo de gerações: 279

Largura da faixa = 364
Melhor altura = 1685

Lower Bound 1 = 1498
Lower Bound 2 = 606
Avaliação = 1.12483

Tempo de execução: 0.697058s

---------------------------

Tamanho da população: 297
Fração elite: 0.55
Fração mutante: 0.0174
Probabilidade herdar alelo elite: 0.7678
Número de populações independentes: 1
Número de threads: 1
Trocar os melhores indivíduos a cada 30 gerações
Número máximo de gerações: 279

Largura da faixa = 364
Melhor altura = 1685

Lower Bound 1 = 1498
Lower Bound 2 = 606
Avaliação = 1.12483

Tempo de execução: 0.995761s

---------------------------

Tamanho da população: 297
Fração elite: 0.55
Fração mutante: 0.0174
Probabilidade herdar alelo elite: 0.7678
Número de populações independentes: 1
Número de threads: 1
Trocar os melhores indivíduos a cada 30 gerações
Número máximo de gerações: 279

Largura da faixa = 364
Melhor altura = 1685

Lower Bound 1 = 1498
Lower Bound 2 = 606
Avaliação = 1.12483

Tempo de execução: 1.08262s

---------------------------

Tamanho da população: 297
Fração elite: 0.55
Fração mutante: 0.0174
Probabilidade herdar alelo elite: 0.7678
Número de populações independentes: 1
Número de threads: 1
Trocar os melhores indivíduos a cada 30 gerações
Número máximo de gerações: 279

Largura da faixa = 364
Melhor altura = 1685

Lower Bound 1 = 1498
Lower Bound 2 = 606
Avaliação = 1.12483

Tempo de execução: 0.616322s

---------------------------

Tamanho da população: 297
Fração elite: 0.55
Fração mutante: 0.0174
Probabilidade herdar alelo elite: 0.7678
Número de populações independentes: 1
Número de threads: 1
Trocar os melhores indivíduos a cada 30 gerações
Número máximo de gerações: 279

Largura da faixa = 364
Melhor altura = 1685

Lower Bound 1 = 1498
Lower Bound 2 = 606
Avaliação = 1.12483

Tempo de execução: 0.651417s

---------------------------

Tamanho da população: 297
Fração elite: 0.55
Fração mutante: 0.0174
Probabilidade herdar alelo elite: 0.7678
Número de populações independentes: 1
Número de threads: 1
Trocar os melhores indivíduos a cada 30 gerações
Número máximo de gerações: 279

Largura da faixa = 364
Melhor altura = 1685

Lower Bound 1 = 1498
Lower Bound 2 = 606
Avaliação = 1.12483

Tempo de execução: 0.655184s

---------------------------

Tamanho da população: 297
Fração elite: 0.55
Fração mutante: 0.0174
Probabilidade herdar alelo elite: 0.7678
Número de populações independentes: 1
Número de threads: 1
Trocar os melhores indivíduos a cada 30 gerações
Número máximo de gerações: 279

Largura da faixa = 364
Melhor altura = 1685

Lower Bound 1 = 1498
Lower Bound 2 = 606
Avaliação = 1.12483

Tempo de execução: 0.902578s

---------------------------

Tamanho da população: 297
Fração elite: 0.55
Fração mutante: 0.0174
Probabilidade herdar alelo elite: 0.7678
Número de populações independentes: 1
Número de threads: 1
Trocar os melhores indivíduos a cada 30 gerações
Número máximo de gerações: 279

Largura da faixa = 364
Melhor altura = 1685

Lower Bound 1 = 1498
Lower Bound 2 = 606
Avaliação = 1.12483

Tempo de execução: 0.915853s

---------------------------

Tamanho da população: 392
Fração elite: 0.2567
Fração mutante: 0.0202
Probabilidade herdar alelo elite: 0.6001
Número de populações independentes: 1
Número de threads: 1
Número máximo de gerações: 364

Largura da faixa = 364
Melhor altura = 1685

Lower Bound 1 = 1498
Lower Bound 2 = 606
Avaliação = 1.12483

Tempo de execução: 1.21935s

---------------------------

Tamanho da população: 392
Fração elite: 0.2567
Fração mutante: 0.0202
Probabilidade herdar alelo elite: 0.6001
Número de populações independentes: 1
Número de threads: 1
Número máximo de gerações: 364

Largura da faixa = 364
Melhor altura = 1685

Lower Bound 1 = 1498
Lower Bound 2 = 606
Avaliação = 1.12483

Tempo de execução: 1.2571s

---------------------------

Tamanho da população: 392
Fração elite: 0.2567
Fração mutante: 0.0202
Probabilidade herdar alelo elite: 0.6001
Número de populações independentes: 1
Número de threads: 1
Número máximo de gerações: 364

Largura da faixa = 364
Melhor altura = 1685

Lower Bound 1 = 1498
Lower Bound 2 = 606
Avaliação = 1.12483

Tempo de execução: 1.26675s

---------------------------

Tamanho da população: 392
Fração elite: 0.2567
Fração mutante: 0.0202
Probabilidade herdar alelo elite: 0.6001
Número de populações independentes: 1
Número de threads: 1
Número máximo de gerações: 364

Largura da faixa = 364
Melhor altura = 1685

Lower Bound 1 = 1498
Lower Bound 2 = 606
Avaliação = 1.12483

Tempo de execução: 1.24788s

---------------------------

Tamanho da população: 392
Fração elite: 0.2567
Fração mutante: 0.0202
Probabilidade herdar alelo elite: 0.6001
Número de populações independentes: 1
Número de threads: 1
Número máximo de gerações: 364

Largura da faixa = 364
Melhor altura = 1685

Lower Bound 1 = 1498
Lower Bound 2 = 606
Avaliação = 1.12483

Tempo de execução: 1.25039s

---------------------------

Tamanho da população: 392
Fração elite: 0.2567
Fração mutante: 0.0202
Probabilidade herdar alelo elite: 0.6001
Número de populações independentes: 1
Número de threads: 1
Número máximo de gerações: 364

Largura da faixa = 364
Melhor altura = 1685

Lower Bound 1 = 1498
Lower Bound 2 = 606
Avaliação = 1.12483

Tempo de execução: 1.26796s

---------------------------

Tamanho da população: 392
Fração elite: 0.2567
Fração mutante: 0.0202
Probabilidade herdar alelo elite: 0.6001
Número de populações independentes: 1
Número de threads: 1
Número máximo de gerações: 364

Largura da faixa = 364
Melhor altura = 1685

Lower Bound 1 = 1498
Lower Bound 2 = 606
Avaliação = 1.12483

Tempo de execução: 1.23477s

---------------------------

Tamanho da população: 392
Fração elite: 0.2567
Fração mutante: 0.0202
Probabilidade herdar alelo elite: 0.6001
Número de populações independentes: 1
Número de threads: 1
Número máximo de gerações: 364

Largura da faixa = 364
Melhor altura = 1685

Lower Bound 1 = 1498
Lower Bound 2 = 606
Avaliação = 1.12483

Tempo de execução: 1.23778s

---------------------------

Tamanho da população: 392
Fração elite: 0.2567
Fração mutante: 0.0202
Probabilidade herdar alelo elite: 0.6001
Número de populações independentes: 1
Número de threads: 1
Número máximo de gerações: 364

Largura da faixa = 364
Melhor altura = 1685

Lower Bound 1 = 1498
Lower Bound 2 = 606
Avaliação = 1.12483

Tempo de execução: 1.24599s

---------------------------

Tamanho da população: 392
Fração elite: 0.2567
Fração mutante: 0.0202
Probabilidade herdar alelo elite: 0.6001
Número de populações independentes: 1
Número de threads: 1
Número máximo de gerações: 364

Largura da faixa = 364
Melhor altura = 1685

Lower Bound 1 = 1498
Lower Bound 2 = 606
Avaliação = 1.12483

Tempo de execução: 1.22873s

---------------------------

Tamanho da população: 392
Fração elite: 0.2567
Fração mutante: 0.0202
Probabilidade herdar alelo elite: 0.6001
Número de populações independentes: 1
Número de threads: 1
Número máximo de gerações: 364

Largura da faixa = 364
Melhor altura = 1685

Lower Bound 1 = 1498
Lower Bound 2 = 606
Avaliação = 1.12483

Tempo de execução: 1.26298s

---------------------------

Tamanho da população: 392
Fração elite: 0.2567
Fração mutante: 0.0202
Probabilidade herdar alelo elite: 0.6001
Número de populações independentes: 1
Número de threads: 1
Número máximo de gerações: 364

Largura da faixa = 364
Melhor altura = 1685

Lower Bound 1 = 1498
Lower Bound 2 = 606
Avaliação = 1.12483

Tempo de execução: 1.26748s

---------------------------

Tamanho da população: 392
Fração elite: 0.2567
Fração mutante: 0.0202
Probabilidade herdar alelo elite: 0.6001
Número de populações independentes: 1
Número de threads: 1
Número máximo de gerações: 364

Largura da faixa = 364
Melhor altura = 1685

Lower Bound 1 = 1498
Lower Bound 2 = 606
Avaliação = 1.12483

Tempo de execução: 1.23123s

---------------------------

Tamanho da população: 392
Fração elite: 0.2567
Fração mutante: 0.0202
Probabilidade herdar alelo elite: 0.6001
Número de populações independentes: 1
Número de threads: 1
Número máximo de gerações: 364

Largura da faixa = 364
Melhor altura = 1685

Lower Bound 1 = 1498
Lower Bound 2 = 606
Avaliação = 1.12483

Tempo de execução: 1.23269s

---------------------------

Tamanho da população: 392
Fração elite: 0.2567
Fração mutante: 0.0202
Probabilidade herdar alelo elite: 0.6001
Número de populações independentes: 1
Número de threads: 1
Número máximo de gerações: 364

Largura da faixa = 364
Melhor altura = 1685

Lower Bound 1 = 1498
Lower Bound 2 = 606
Avaliação = 1.12483

Tempo de execução: 1.27164s

---------------------------

Tamanho da população: 392
Fração elite: 0.2567
Fração mutante: 0.0202
Probabilidade herdar alelo elite: 0.6001
Número de populações independentes: 1
Número de threads: 1
Número máximo de gerações: 364

Largura da faixa = 364
Melhor altura = 1685

Lower Bound 1 = 1498
Lower Bound 2 = 606
Avaliação = 1.12483

Tempo de execução: 1.23762s

---------------------------

Tamanho da população: 392
Fração elite: 0.2567
Fração mutante: 0.0202
Probabilidade herdar alelo elite: 0.6001
Número de populações independentes: 1
Número de threads: 1
Número máximo de gerações: 364

Largura da faixa = 364
Melhor altura = 1685

Lower Bound 1 = 1498
Lower Bound 2 = 606
Avaliação = 1.12483

Tempo de execução: 1.24409s

---------------------------

Tamanho da população: 392
Fração elite: 0.2567
Fração mutante: 0.0202
Probabilidade herdar alelo elite: 0.6001
Número de populações independentes: 1
Número de threads: 1
Número máximo de gerações: 364

Largura da faixa = 364
Melhor altura = 1685

Lower Bound 1 = 1498
Lower Bound 2 = 606
Avaliação = 1.12483

Tempo de execução: 1.27806s

---------------------------

Tamanho da população: 392
Fração elite: 0.2567
Fração mutante: 0.0202
Probabilidade herdar alelo elite: 0.6001
Número de populações independentes: 1
Número de threads: 1
Número máximo de gerações: 364

Largura da faixa = 364
Melhor altura = 1685

Lower Bound 1 = 1498
Lower Bound 2 = 606
Avaliação = 1.12483

Tempo de execução: 1.2372s

---------------------------

Tamanho da população: 392
Fração elite: 0.2567
Fração mutante: 0.0202
Probabilidade herdar alelo elite: 0.6001
Número de populações independentes: 1
Número de threads: 1
Número máximo de gerações: 364

Largura da faixa = 364
Melhor altura = 1685

Lower Bound 1 = 1498
Lower Bound 2 = 606
Avaliação = 1.12483

Tempo de execução: 1.24618s

---------------------------

