Número de cromossomos: 20
Tamanho da população: 50
Fração elite: 0.3
Fração mutante: 0.7
Probabilidade herdar alelo elite: 0.6
Número de populações independentes: 4
Número de threads: 1
Trocar os melhores indivíduos a cada 600 gerações
Número máximo de gerações: 100

Número de swaps entre camadas = 5
Largura da faixa = 186
Melhor altura = 1706

Lower Bound 1 = 1476
Lower Bound 2 = 578
Avaliação = 1.15583

Tempo de execução: 4s

---------------------------

Melhor até agora: 1702 Geração: 0
Melhor até agora: 1671 Geração: 1
Melhor até agora: 1670 Geração: 5
Melhor até agora: 1655 Geração: 6
Melhor até agora: 1638 Geração: 8
Tamanho da população: 300
Fração elite: 0.2
Fração mutante: 0.2
Probabilidade herdar alelo elite: 0.7
Número de populações independentes: 2
Número de threads: 16
Trocar os melhores indivíduos a cada 30 gerações
Número máximo de gerações: 300
Número máximo de iterações sem melhora: 50
Largura da faixa = 186
Melhor altura = 1638

Lower Bound 1 = 1476
Lower Bound 2 = 578
Avaliação = 1.10976

Tempo de execução: 0s

---------------------------

Melhor até agora: 1690 Geração: 0
Melhor até agora: 1653 Geração: 1
Melhor até agora: 1638 Geração: 11
Tamanho da população: 300
Fração elite: 0.2
Fração mutante: 0.2
Probabilidade herdar alelo elite: 0.7
Número de populações independentes: 2
Número de threads: 16
Trocar os melhores indivíduos a cada 30 gerações
Número máximo de gerações: 300
Número máximo de iterações sem melhora: 50
Largura da faixa = 186
Melhor altura = 1638

Lower Bound 1 = 1476
Lower Bound 2 = 578
Avaliação = 1.10976

Tempo de execução: 0s

---------------------------

Melhor até agora: 1737 Geração: 0
Melhor até agora: 1721 Geração: 1
Melhor até agora: 1672 Geração: 2
Melhor até agora: 1655 Geração: 8
Melhor até agora: 1653 Geração: 9
Melhor até agora: 1638 Geração: 59
Tamanho da população: 300
Fração elite: 0.2
Fração mutante: 0.2
Probabilidade herdar alelo elite: 0.7
Número de populações independentes: 2
Número de threads: 16
Trocar os melhores indivíduos a cada 30 gerações
Número máximo de gerações: 300
Número máximo de iterações sem melhora: 50
Largura da faixa = 186
Melhor altura = 1638

Lower Bound 1 = 1476
Lower Bound 2 = 578
Avaliação = 1.10976

Tempo de execução: 1s

---------------------------

Melhor até agora: 1672 Geração: 0
Melhor até agora: 1668 Geração: 1
Melhor até agora: 1650 Geração: 4
Melhor até agora: 1638 Geração: 9
Tamanho da população: 300
Fração elite: 0.2
Fração mutante: 0.2
Probabilidade herdar alelo elite: 0.7
Número de populações independentes: 2
Número de threads: 16
Trocar os melhores indivíduos a cada 30 gerações
Número máximo de gerações: 300
Número máximo de iterações sem melhora: 50
Largura da faixa = 186
Melhor altura = 1638

Lower Bound 1 = 1476
Lower Bound 2 = 578
Avaliação = 1.10976

Tempo de execução: 0s

---------------------------

Melhor até agora: 1672 Geração: 0
Melhor até agora: 1653 Geração: 3
Melhor até agora: 1638 Geração: 31
Tamanho da população: 300
Fração elite: 0.2
Fração mutante: 0.2
Probabilidade herdar alelo elite: 0.7
Número de populações independentes: 2
Número de threads: 16
Trocar os melhores indivíduos a cada 30 gerações
Número máximo de gerações: 300
Número máximo de iterações sem melhora: 50
Largura da faixa = 186
Melhor altura = 1638

Lower Bound 1 = 1476
Lower Bound 2 = 578
Avaliação = 1.10976

Tempo de execução: 0s

---------------------------

Melhor até agora: 1720 Geração: 0
Melhor até agora: 1670 Geração: 1
Melhor até agora: 1653 Geração: 5
Melhor até agora: 1638 Geração: 35
Tamanho da população: 300
Fração elite: 0.2
Fração mutante: 0.2
Probabilidade herdar alelo elite: 0.7
Número de populações independentes: 2
Número de threads: 16
Trocar os melhores indivíduos a cada 30 gerações
Número máximo de gerações: 300
Número máximo de iterações sem melhora: 50
Largura da faixa = 186
Melhor altura = 1638

Lower Bound 1 = 1476
Lower Bound 2 = 578
Avaliação = 1.10976

Tempo de execução: 0s

---------------------------

Melhor até agora: 1687 Geração: 0
Melhor até agora: 1672 Geração: 2
Melhor até agora: 1652 Geração: 3
Melhor até agora: 1638 Geração: 10
Tamanho da população: 300
Fração elite: 0.2
Fração mutante: 0.2
Probabilidade herdar alelo elite: 0.7
Número de populações independentes: 2
Número de threads: 16
Trocar os melhores indivíduos a cada 30 gerações
Número máximo de gerações: 300
Número máximo de iterações sem melhora: 50
Largura da faixa = 186
Melhor altura = 1638

Lower Bound 1 = 1476
Lower Bound 2 = 578
Avaliação = 1.10976

Tempo de execução: 0s

---------------------------

Melhor até agora: 1672 Geração: 0
Melhor até agora: 1655 Geração: 3
Melhor até agora: 1653 Geração: 5
Melhor até agora: 1638 Geração: 8
Tamanho da população: 300
Fração elite: 0.2
Fração mutante: 0.2
Probabilidade herdar alelo elite: 0.7
Número de populações independentes: 2
Número de threads: 16
Trocar os melhores indivíduos a cada 30 gerações
Número máximo de gerações: 300
Número máximo de iterações sem melhora: 50
Largura da faixa = 186
Melhor altura = 1638

Lower Bound 1 = 1476
Lower Bound 2 = 578
Avaliação = 1.10976

Tempo de execução: 0s

---------------------------

Melhor até agora: 1702 Geração: 0
Melhor até agora: 1672 Geração: 1
Melhor até agora: 1652 Geração: 4
Melhor até agora: 1650 Geração: 25
Tamanho da população: 300
Fração elite: 0.2
Fração mutante: 0.2
Probabilidade herdar alelo elite: 0.7
Número de populações independentes: 2
Número de threads: 16
Trocar os melhores indivíduos a cada 30 gerações
Número máximo de gerações: 300
Número máximo de iterações sem melhora: 50
Largura da faixa = 186
Melhor altura = 1650

Lower Bound 1 = 1476
Lower Bound 2 = 578
Avaliação = 1.11789

Tempo de execução: 0s

---------------------------

Melhor até agora: 1684 Geração: 0
Melhor até agora: 1672 Geração: 1
Melhor até agora: 1670 Geração: 2
Melhor até agora: 1655 Geração: 3
Tamanho da população: 300
Fração elite: 0.2
Fração mutante: 0.2
Probabilidade herdar alelo elite: 0.7
Número de populações independentes: 2
Número de threads: 16
Trocar os melhores indivíduos a cada 30 gerações
Número máximo de gerações: 300
Número máximo de iterações sem melhora: 50
Largura da faixa = 186
Melhor altura = 1655

Lower Bound 1 = 1476
Lower Bound 2 = 578
Avaliação = 1.12127

Tempo de execução: 0s

---------------------------

Melhor até agora: 1672 Geração: 0
Melhor até agora: 1670 Geração: 1
Melhor até agora: 1655 Geração: 5
Melhor até agora: 1638 Geração: 7
Tamanho da população: 300
Fração elite: 0.2
Fração mutante: 0.2
Probabilidade herdar alelo elite: 0.7
Número de populações independentes: 2
Número de threads: 16
Trocar os melhores indivíduos a cada 30 gerações
Número máximo de gerações: 300
Número máximo de iterações sem melhora: 50
Largura da faixa = 186
Melhor altura = 1638

Lower Bound 1 = 1476
Lower Bound 2 = 578
Avaliação = 1.10976

Tempo de execução: 0s

---------------------------

Melhor até agora: 1757 Geração: 0
Melhor até agora: 1687 Geração: 1
Melhor até agora: 1686 Geração: 3
Melhor até agora: 1670 Geração: 4
Melhor até agora: 1668 Geração: 6
Melhor até agora: 1653 Geração: 7
Melhor até agora: 1638 Geração: 11
Tamanho da população: 300
Fração elite: 0.2
Fração mutante: 0.2
Probabilidade herdar alelo elite: 0.7
Número de populações independentes: 2
Número de threads: 16
Trocar os melhores indivíduos a cada 30 gerações
Número máximo de gerações: 300
Número máximo de iterações sem melhora: 50
Largura da faixa = 186
Melhor altura = 1638

Lower Bound 1 = 1476
Lower Bound 2 = 578
Avaliação = 1.10976

Tempo de execução: 0s

---------------------------

Melhor até agora: 1687 Geração: 0
Melhor até agora: 1671 Geração: 1
Melhor até agora: 1669 Geração: 4
Melhor até agora: 1653 Geração: 5
Melhor até agora: 1638 Geração: 10
Tamanho da população: 300
Fração elite: 0.2
Fração mutante: 0.2
Probabilidade herdar alelo elite: 0.7
Número de populações independentes: 2
Número de threads: 16
Trocar os melhores indivíduos a cada 30 gerações
Número máximo de gerações: 300
Número máximo de iterações sem melhora: 50
Largura da faixa = 186
Melhor altura = 1638

Lower Bound 1 = 1476
Lower Bound 2 = 578
Avaliação = 1.10976

Tempo de execução: 0s

---------------------------

Melhor até agora: 1687 Geração: 0
Melhor até agora: 1672 Geração: 2
Melhor até agora: 1655 Geração: 4
Melhor até agora: 1653 Geração: 6
Melhor até agora: 1638 Geração: 7
Tamanho da população: 300
Fração elite: 0.2
Fração mutante: 0.2
Probabilidade herdar alelo elite: 0.7
Número de populações independentes: 2
Número de threads: 16
Trocar os melhores indivíduos a cada 30 gerações
Número máximo de gerações: 300
Número máximo de iterações sem melhora: 50
Largura da faixa = 186
Melhor altura = 1638

Lower Bound 1 = 1476
Lower Bound 2 = 578
Avaliação = 1.10976

Tempo de execução: 0s

---------------------------

Melhor até agora: 1684 Geração: 0
Melhor até agora: 1672 Geração: 1
Melhor até agora: 1638 Geração: 5
Tamanho da população: 300
Fração elite: 0.2
Fração mutante: 0.2
Probabilidade herdar alelo elite: 0.7
Número de populações independentes: 2
Número de threads: 16
Trocar os melhores indivíduos a cada 30 gerações
Número máximo de gerações: 300
Número máximo de iterações sem melhora: 50
Largura da faixa = 186
Melhor altura = 1638

Lower Bound 1 = 1476
Lower Bound 2 = 578
Avaliação = 1.10976

Tempo de execução: 0s

---------------------------

Melhor até agora: 1687 Geração: 0
Melhor até agora: 1653 Geração: 1
Melhor até agora: 1638 Geração: 6
Tamanho da população: 300
Fração elite: 0.2
Fração mutante: 0.2
Probabilidade herdar alelo elite: 0.7
Número de populações independentes: 2
Número de threads: 16
Trocar os melhores indivíduos a cada 30 gerações
Número máximo de gerações: 300
Número máximo de iterações sem melhora: 50
Largura da faixa = 186
Melhor altura = 1638

Lower Bound 1 = 1476
Lower Bound 2 = 578
Avaliação = 1.10976

Tempo de execução: 0s

---------------------------

Melhor até agora: 1736 Geração: 0
Melhor até agora: 1672 Geração: 1
Melhor até agora: 1638 Geração: 3
Tamanho da população: 300
Fração elite: 0.2
Fração mutante: 0.2
Probabilidade herdar alelo elite: 0.7
Número de populações independentes: 2
Número de threads: 16
Trocar os melhores indivíduos a cada 30 gerações
Número máximo de gerações: 300
Número máximo de iterações sem melhora: 50
Largura da faixa = 186
Melhor altura = 1638

Lower Bound 1 = 1476
Lower Bound 2 = 578
Avaliação = 1.10976

Tempo de execução: 0s

---------------------------

Melhor até agora: 1704 Geração: 0
Melhor até agora: 1702 Geração: 1
Melhor até agora: 1672 Geração: 2
Melhor até agora: 1651 Geração: 4
Melhor até agora: 1638 Geração: 9
Tamanho da população: 300
Fração elite: 0.2
Fração mutante: 0.2
Probabilidade herdar alelo elite: 0.7
Número de populações independentes: 2
Número de threads: 16
Trocar os melhores indivíduos a cada 30 gerações
Número máximo de gerações: 300
Número máximo de iterações sem melhora: 50
Largura da faixa = 186
Melhor altura = 1638

Lower Bound 1 = 1476
Lower Bound 2 = 578
Avaliação = 1.10976

Tempo de execução: 0s

---------------------------

Melhor até agora: 1653 Geração: 0
Melhor até agora: 1638 Geração: 2
Tamanho da população: 300
Fração elite: 0.2
Fração mutante: 0.2
Probabilidade herdar alelo elite: 0.7
Número de populações independentes: 2
Número de threads: 16
Trocar os melhores indivíduos a cada 30 gerações
Número máximo de gerações: 300
Número máximo de iterações sem melhora: 50
Largura da faixa = 186
Melhor altura = 1638

Lower Bound 1 = 1476
Lower Bound 2 = 578
Avaliação = 1.10976

Tempo de execução: 0s

---------------------------

Melhor até agora: 1672 Geração: 0
Melhor até agora: 1669 Geração: 2
Melhor até agora: 1653 Geração: 6
Melhor até agora: 1650 Geração: 20
Melhor até agora: 1638 Geração: 22
Tamanho da população: 300
Fração elite: 0.2
Fração mutante: 0.2
Probabilidade herdar alelo elite: 0.7
Número de populações independentes: 2
Número de threads: 16
Trocar os melhores indivíduos a cada 30 gerações
Número máximo de gerações: 300
Número máximo de iterações sem melhora: 50
Largura da faixa = 186
Melhor altura = 1638

Lower Bound 1 = 1476
Lower Bound 2 = 578
Avaliação = 1.10976

Tempo de execução: 0s

---------------------------

Melhor até agora: 1706 Geração: 0
Melhor até agora: 1704 Geração: 1
Melhor até agora: 1687 Geração: 2
Melhor até agora: 1672 Geração: 7
Melhor até agora: 1671 Geração: 10
Melhor até agora: 1669 Geração: 22
Tamanho da população: 300
Fração elite: 0.2
Fração mutante: 0.2
Probabilidade herdar alelo elite: 0.7
Número de populações independentes: 2
Número de threads: 16
Trocar os melhores indivíduos a cada 30 gerações
Número máximo de gerações: 300
Número máximo de iterações sem melhora: 50
Largura da faixa = 186
Melhor altura = 1669

Lower Bound 1 = 1476
Lower Bound 2 = 578
Avaliação = 1.13076

Tempo de execução: 2s

---------------------------

Melhor até agora: 1705 Geração: 0
Melhor até agora: 1687 Geração: 1
Melhor até agora: 1673 Geração: 3
Melhor até agora: 1672 Geração: 5
Melhor até agora: 1671 Geração: 6
Melhor até agora: 1669 Geração: 29
Tamanho da população: 300
Fração elite: 0.2
Fração mutante: 0.2
Probabilidade herdar alelo elite: 0.7
Número de populações independentes: 2
Número de threads: 16
Trocar os melhores indivíduos a cada 30 gerações
Número máximo de gerações: 300
Número máximo de iterações sem melhora: 50
Largura da faixa = 186
Melhor altura = 1669

Lower Bound 1 = 1476
Lower Bound 2 = 578
Avaliação = 1.13076

Tempo de execução: 2s

---------------------------

Melhor até agora: 1737 Geração: 0
Melhor até agora: 1721 Geração: 1
Melhor até agora: 1703 Geração: 2
Melhor até agora: 1702 Geração: 4
Melhor até agora: 1688 Geração: 5
Melhor até agora: 1684 Geração: 6
Melhor até agora: 1670 Geração: 8
Melhor até agora: 1655 Geração: 15
Tamanho da população: 300
Fração elite: 0.2
Fração mutante: 0.2
Probabilidade herdar alelo elite: 0.7
Número de populações independentes: 2
Número de threads: 16
Trocar os melhores indivíduos a cada 30 gerações
Número máximo de gerações: 300
Número máximo de iterações sem melhora: 50
Largura da faixa = 186
Melhor altura = 1655

Lower Bound 1 = 1476
Lower Bound 2 = 578
Avaliação = 1.12127

Tempo de execução: 2s

---------------------------

Melhor até agora: 1702 Geração: 0
Melhor até agora: 1688 Geração: 1
Melhor até agora: 1671 Geração: 2
Melhor até agora: 1668 Geração: 7
Melhor até agora: 1638 Geração: 12
Tamanho da população: 300
Fração elite: 0.2
Fração mutante: 0.2
Probabilidade herdar alelo elite: 0.7
Número de populações independentes: 2
Número de threads: 16
Trocar os melhores indivíduos a cada 30 gerações
Número máximo de gerações: 300
Número máximo de iterações sem melhora: 50
Largura da faixa = 186
Melhor altura = 1638

Lower Bound 1 = 1476
Lower Bound 2 = 578
Avaliação = 1.10976

Tempo de execução: 1s

---------------------------

Melhor até agora: 1736 Geração: 0
Melhor até agora: 1721 Geração: 4
Melhor até agora: 1687 Geração: 6
Melhor até agora: 1668 Geração: 11
Melhor até agora: 1653 Geração: 14
Tamanho da população: 300
Fração elite: 0.2
Fração mutante: 0.2
Probabilidade herdar alelo elite: 0.7
Número de populações independentes: 2
Número de threads: 16
Trocar os melhores indivíduos a cada 30 gerações
Número máximo de gerações: 300
Número máximo de iterações sem melhora: 50
Largura da faixa = 186
Melhor altura = 1653

Lower Bound 1 = 1476
Lower Bound 2 = 578
Avaliação = 1.11992

Tempo de execução: 1s

---------------------------

Melhor até agora: 1737 Geração: 0
Melhor até agora: 1720 Geração: 1
Melhor até agora: 1706 Geração: 3
Melhor até agora: 1687 Geração: 4
Melhor até agora: 1672 Geração: 6
Melhor até agora: 1668 Geração: 9
Melhor até agora: 1655 Geração: 13
Melhor até agora: 1638 Geração: 14
Tamanho da população: 300
Fração elite: 0.2
Fração mutante: 0.2
Probabilidade herdar alelo elite: 0.7
Número de populações independentes: 2
Número de threads: 16
Trocar os melhores indivíduos a cada 30 gerações
Número máximo de gerações: 300
Número máximo de iterações sem melhora: 50
Largura da faixa = 186
Melhor altura = 1638

Lower Bound 1 = 1476
Lower Bound 2 = 578
Avaliação = 1.10976

Tempo de execução: 1s

---------------------------

Melhor até agora: 1705 Geração: 0
Melhor até agora: 1702 Geração: 3
Melhor até agora: 1653 Geração: 5
Melhor até agora: 1638 Geração: 36
Tamanho da população: 300
Fração elite: 0.2
Fração mutante: 0.2
Probabilidade herdar alelo elite: 0.7
Número de populações independentes: 2
Número de threads: 16
Trocar os melhores indivíduos a cada 30 gerações
Número máximo de gerações: 300
Número máximo de iterações sem melhora: 50
Largura da faixa = 186
Melhor altura = 1638

Lower Bound 1 = 1476
Lower Bound 2 = 578
Avaliação = 1.10976

Tempo de execução: 2s

---------------------------

Melhor até agora: 1786 Geração: 0
Melhor até agora: 1720 Geração: 1
Melhor até agora: 1687 Geração: 5
Melhor até agora: 1672 Geração: 6
Melhor até agora: 1653 Geração: 11
Melhor até agora: 1638 Geração: 22
Tamanho da população: 300
Fração elite: 0.2
Fração mutante: 0.2
Probabilidade herdar alelo elite: 0.7
Número de populações independentes: 2
Número de threads: 16
Trocar os melhores indivíduos a cada 30 gerações
Número máximo de gerações: 300
Número máximo de iterações sem melhora: 50
Largura da faixa = 186
Melhor altura = 1638

Lower Bound 1 = 1476
Lower Bound 2 = 578
Avaliação = 1.10976

Tempo de execução: 2s

---------------------------

Melhor até agora: 1720 Geração: 0
Melhor até agora: 1687 Geração: 3
Melhor até agora: 1668 Geração: 4
Melhor até agora: 1653 Geração: 12
Tamanho da população: 300
Fração elite: 0.2
Fração mutante: 0.2
Probabilidade herdar alelo elite: 0.7
Número de populações independentes: 2
Número de threads: 16
Trocar os melhores indivíduos a cada 30 gerações
Número máximo de gerações: 300
Número máximo de iterações sem melhora: 50
Largura da faixa = 186
Melhor altura = 1653

Lower Bound 1 = 1476
Lower Bound 2 = 578
Avaliação = 1.11992

Tempo de execução: 1s

---------------------------

Melhor até agora: 1751 Geração: 0
Melhor até agora: 1721 Geração: 1
Melhor até agora: 1720 Geração: 2
Melhor até agora: 1668 Geração: 3
Melhor até agora: 1655 Geração: 14
Melhor até agora: 1638 Geração: 18
Tamanho da população: 300
Fração elite: 0.2
Fração mutante: 0.2
Probabilidade herdar alelo elite: 0.7
Número de populações independentes: 2
Número de threads: 16
Trocar os melhores indivíduos a cada 30 gerações
Número máximo de gerações: 300
Número máximo de iterações sem melhora: 50
Largura da faixa = 186
Melhor altura = 1638

Lower Bound 1 = 1476
Lower Bound 2 = 578
Avaliação = 1.10976

Tempo de execução: 1s

---------------------------

Melhor até agora: 1702 Geração: 0
Melhor até agora: 1687 Geração: 1
Melhor até agora: 1682 Geração: 3
Melhor até agora: 1669 Geração: 7
Melhor até agora: 1668 Geração: 17
Melhor até agora: 1653 Geração: 27
Tamanho da população: 300
Fração elite: 0.2
Fração mutante: 0.2
Probabilidade herdar alelo elite: 0.7
Número de populações independentes: 2
Número de threads: 16
Trocar os melhores indivíduos a cada 30 gerações
Número máximo de gerações: 300
Número máximo de iterações sem melhora: 50
Largura da faixa = 186
Melhor altura = 1653

Lower Bound 1 = 1476
Lower Bound 2 = 578
Avaliação = 1.11992

Tempo de execução: 2s

---------------------------

Melhor até agora: 1840 Geração: 0
Melhor até agora: 1723 Geração: 1
Melhor até agora: 1720 Geração: 4
Melhor até agora: 1708 Geração: 7
Melhor até agora: 1671 Geração: 8
Melhor até agora: 1668 Geração: 9
Melhor até agora: 1653 Geração: 14
Tamanho da população: 300
Fração elite: 0.2
Fração mutante: 0.2
Probabilidade herdar alelo elite: 0.7
Número de populações independentes: 2
Número de threads: 16
Trocar os melhores indivíduos a cada 30 gerações
Número máximo de gerações: 300
Número máximo de iterações sem melhora: 50
Largura da faixa = 186
Melhor altura = 1653

Lower Bound 1 = 1476
Lower Bound 2 = 578
Avaliação = 1.11992

Tempo de execução: 2s

---------------------------

Melhor até agora: 1688 Geração: 0
Melhor até agora: 1687 Geração: 5
Melhor até agora: 1656 Geração: 7
Melhor até agora: 1653 Geração: 10
Melhor até agora: 1638 Geração: 13
Tamanho da população: 300
Fração elite: 0.2
Fração mutante: 0.2
Probabilidade herdar alelo elite: 0.7
Número de populações independentes: 2
Número de threads: 16
Trocar os melhores indivíduos a cada 30 gerações
Número máximo de gerações: 300
Número máximo de iterações sem melhora: 50
Largura da faixa = 186
Melhor altura = 1638

Lower Bound 1 = 1476
Lower Bound 2 = 578
Avaliação = 1.10976

Tempo de execução: 1s

---------------------------

Melhor até agora: 1738 Geração: 0
Melhor até agora: 1735 Geração: 3
Melhor até agora: 1720 Geração: 4
Melhor até agora: 1668 Geração: 5
Melhor até agora: 1653 Geração: 12
Melhor até agora: 1638 Geração: 18
Tamanho da população: 300
Fração elite: 0.2
Fração mutante: 0.2
Probabilidade herdar alelo elite: 0.7
Número de populações independentes: 2
Número de threads: 16
Trocar os melhores indivíduos a cada 30 gerações
Número máximo de gerações: 300
Número máximo de iterações sem melhora: 50
Largura da faixa = 186
Melhor altura = 1638

Lower Bound 1 = 1476
Lower Bound 2 = 578
Avaliação = 1.10976

Tempo de execução: 2s

---------------------------

Melhor até agora: 1721 Geração: 0
Melhor até agora: 1719 Geração: 1
Melhor até agora: 1690 Geração: 2
Melhor até agora: 1672 Geração: 3
Melhor até agora: 1669 Geração: 9
Tamanho da população: 300
Fração elite: 0.2
Fração mutante: 0.2
Probabilidade herdar alelo elite: 0.7
Número de populações independentes: 2
Número de threads: 16
Trocar os melhores indivíduos a cada 30 gerações
Número máximo de gerações: 300
Número máximo de iterações sem melhora: 50
Largura da faixa = 186
Melhor altura = 1669

Lower Bound 1 = 1476
Lower Bound 2 = 578
Avaliação = 1.13076

Tempo de execução: 1s

---------------------------

Melhor até agora: 1687 Geração: 0
Melhor até agora: 1686 Geração: 5
Melhor até agora: 1671 Geração: 7
Melhor até agora: 1669 Geração: 10
Tamanho da população: 300
Fração elite: 0.2
Fração mutante: 0.2
Probabilidade herdar alelo elite: 0.7
Número de populações independentes: 2
Número de threads: 16
Trocar os melhores indivíduos a cada 30 gerações
Número máximo de gerações: 300
Número máximo de iterações sem melhora: 50
Largura da faixa = 186
Melhor altura = 1669

Lower Bound 1 = 1476
Lower Bound 2 = 578
Avaliação = 1.13076

Tempo de execução: 1s

---------------------------

Melhor até agora: 1751 Geração: 0
Melhor até agora: 1705 Geração: 1
Melhor até agora: 1687 Geração: 3
Melhor até agora: 1672 Geração: 6
Melhor até agora: 1669 Geração: 17
Tamanho da população: 300
Fração elite: 0.2
Fração mutante: 0.2
Probabilidade herdar alelo elite: 0.7
Número de populações independentes: 2
Número de threads: 16
Trocar os melhores indivíduos a cada 30 gerações
Número máximo de gerações: 300
Número máximo de iterações sem melhora: 50
Largura da faixa = 186
Melhor altura = 1669

Lower Bound 1 = 1476
Lower Bound 2 = 578
Avaliação = 1.13076

Tempo de execução: 1s

---------------------------

Melhor até agora: 1720 Geração: 0
Melhor até agora: 1687 Geração: 3
Melhor até agora: 1672 Geração: 7
Tamanho da população: 300
Fração elite: 0.2
Fração mutante: 0.2
Probabilidade herdar alelo elite: 0.7
Número de populações independentes: 2
Número de threads: 16
Trocar os melhores indivíduos a cada 30 gerações
Número máximo de gerações: 300
Número máximo de iterações sem melhora: 50
Largura da faixa = 186
Melhor altura = 1672

Lower Bound 1 = 1476
Lower Bound 2 = 578
Avaliação = 1.13279

Tempo de execução: 1s

---------------------------

Melhor até agora: 1721 Geração: 0
Melhor até agora: 1687 Geração: 2
Melhor até agora: 1668 Geração: 4
Melhor até agora: 1656 Geração: 8
Melhor até agora: 1653 Geração: 11
Melhor até agora: 1638 Geração: 19
Tamanho da população: 300
Fração elite: 0.2
Fração mutante: 0.2
Probabilidade herdar alelo elite: 0.7
Número de populações independentes: 2
Número de threads: 16
Trocar os melhores indivíduos a cada 30 gerações
Número máximo de gerações: 300
Número máximo de iterações sem melhora: 50
Largura da faixa = 186
Melhor altura = 1638

Lower Bound 1 = 1476
Lower Bound 2 = 578
Avaliação = 1.10976

Tempo de execução: 2s

---------------------------

Melhor até agora: 1751 Geração: 0
Melhor até agora: 1720 Geração: 2
Melhor até agora: 1705 Geração: 3
Melhor até agora: 1686 Geração: 4
Melhor até agora: 1668 Geração: 7
Melhor até agora: 1653 Geração: 8
Tamanho da população: 300
Fração elite: 0.2
Fração mutante: 0.2
Probabilidade herdar alelo elite: 0.7
Número de populações independentes: 2
Número de threads: 16
Trocar os melhores indivíduos a cada 30 gerações
Número máximo de gerações: 300
Número máximo de iterações sem melhora: 50
Largura da faixa = 186
Melhor altura = 1653

Lower Bound 1 = 1476
Lower Bound 2 = 578
Avaliação = 1.11992

Tempo de execução: 1s

---------------------------

Tamanho da população: 297
Fração elite: 0.55
Fração mutante: 0.0174
Probabilidade herdar alelo elite: 0.7678
Número de populações independentes: 1
Número de threads: 1
Trocar os melhores indivíduos a cada 30 gerações
Número máximo de gerações: 279

Largura da faixa = 186
Melhor altura = 1638

Lower Bound 1 = 1476
Lower Bound 2 = 578
Avaliação = 1.10976

Tempo de execução: 2.21416s

---------------------------

Tamanho da população: 297
Fração elite: 0.55
Fração mutante: 0.0174
Probabilidade herdar alelo elite: 0.7678
Número de populações independentes: 1
Número de threads: 1
Trocar os melhores indivíduos a cada 30 gerações
Número máximo de gerações: 279

Largura da faixa = 186
Melhor altura = 1655

Lower Bound 1 = 1476
Lower Bound 2 = 578
Avaliação = 1.12127

Tempo de execução: 2.2964s

---------------------------

Tamanho da população: 297
Fração elite: 0.55
Fração mutante: 0.0174
Probabilidade herdar alelo elite: 0.7678
Número de populações independentes: 1
Número de threads: 1
Trocar os melhores indivíduos a cada 30 gerações
Número máximo de gerações: 279

Largura da faixa = 186
Melhor altura = 1653

Lower Bound 1 = 1476
Lower Bound 2 = 578
Avaliação = 1.11992

Tempo de execução: 2.33998s

---------------------------

Tamanho da população: 297
Fração elite: 0.55
Fração mutante: 0.0174
Probabilidade herdar alelo elite: 0.7678
Número de populações independentes: 1
Número de threads: 1
Trocar os melhores indivíduos a cada 30 gerações
Número máximo de gerações: 279

Largura da faixa = 186
Melhor altura = 1638

Lower Bound 1 = 1476
Lower Bound 2 = 578
Avaliação = 1.10976

Tempo de execução: 2.2458s

---------------------------

Tamanho da população: 297
Fração elite: 0.55
Fração mutante: 0.0174
Probabilidade herdar alelo elite: 0.7678
Número de populações independentes: 1
Número de threads: 1
Trocar os melhores indivíduos a cada 30 gerações
Número máximo de gerações: 279

Largura da faixa = 186
Melhor altura = 1672

Lower Bound 1 = 1476
Lower Bound 2 = 578
Avaliação = 1.13279

Tempo de execução: 2.26943s

---------------------------

Tamanho da população: 297
Fração elite: 0.55
Fração mutante: 0.0174
Probabilidade herdar alelo elite: 0.7678
Número de populações independentes: 1
Número de threads: 1
Trocar os melhores indivíduos a cada 30 gerações
Número máximo de gerações: 279

Largura da faixa = 186
Melhor altura = 1650

Lower Bound 1 = 1476
Lower Bound 2 = 578
Avaliação = 1.11789

Tempo de execução: 2.31885s

---------------------------

Tamanho da população: 297
Fração elite: 0.55
Fração mutante: 0.0174
Probabilidade herdar alelo elite: 0.7678
Número de populações independentes: 1
Número de threads: 1
Trocar os melhores indivíduos a cada 30 gerações
Número máximo de gerações: 279

Largura da faixa = 186
Melhor altura = 1638

Lower Bound 1 = 1476
Lower Bound 2 = 578
Avaliação = 1.10976

Tempo de execução: 2.21324s

---------------------------

Tamanho da população: 297
Fração elite: 0.55
Fração mutante: 0.0174
Probabilidade herdar alelo elite: 0.7678
Número de populações independentes: 1
Número de threads: 1
Trocar os melhores indivíduos a cada 30 gerações
Número máximo de gerações: 279

Largura da faixa = 186
Melhor altura = 1638

Lower Bound 1 = 1476
Lower Bound 2 = 578
Avaliação = 1.10976

Tempo de execução: 2.23656s

---------------------------

Tamanho da população: 297
Fração elite: 0.55
Fração mutante: 0.0174
Probabilidade herdar alelo elite: 0.7678
Número de populações independentes: 1
Número de threads: 1
Trocar os melhores indivíduos a cada 30 gerações
Número máximo de gerações: 279

Largura da faixa = 186
Melhor altura = 1653

Lower Bound 1 = 1476
Lower Bound 2 = 578
Avaliação = 1.11992

Tempo de execução: 2.32547s

---------------------------

Tamanho da população: 297
Fração elite: 0.55
Fração mutante: 0.0174
Probabilidade herdar alelo elite: 0.7678
Número de populações independentes: 1
Número de threads: 1
Trocar os melhores indivíduos a cada 30 gerações
Número máximo de gerações: 279

Largura da faixa = 186
Melhor altura = 1638

Lower Bound 1 = 1476
Lower Bound 2 = 578
Avaliação = 1.10976

Tempo de execução: 2.20906s

---------------------------

Tamanho da população: 297
Fração elite: 0.55
Fração mutante: 0.0174
Probabilidade herdar alelo elite: 0.7678
Número de populações independentes: 1
Número de threads: 1
Trocar os melhores indivíduos a cada 30 gerações
Número máximo de gerações: 279

Largura da faixa = 186
Melhor altura = 1638

Lower Bound 1 = 1476
Lower Bound 2 = 578
Avaliação = 1.10976

Tempo de execução: 2.21362s

---------------------------

Tamanho da população: 297
Fração elite: 0.55
Fração mutante: 0.0174
Probabilidade herdar alelo elite: 0.7678
Número de populações independentes: 1
Número de threads: 1
Trocar os melhores indivíduos a cada 30 gerações
Número máximo de gerações: 279

Largura da faixa = 186
Melhor altura = 1638

Lower Bound 1 = 1476
Lower Bound 2 = 578
Avaliação = 1.10976

Tempo de execução: 2.27661s

---------------------------

Tamanho da população: 297
Fração elite: 0.55
Fração mutante: 0.0174
Probabilidade herdar alelo elite: 0.7678
Número de populações independentes: 1
Número de threads: 1
Trocar os melhores indivíduos a cada 30 gerações
Número máximo de gerações: 279

Largura da faixa = 186
Melhor altura = 1638

Lower Bound 1 = 1476
Lower Bound 2 = 578
Avaliação = 1.10976

Tempo de execução: 2.23283s

---------------------------

Tamanho da população: 297
Fração elite: 0.55
Fração mutante: 0.0174
Probabilidade herdar alelo elite: 0.7678
Número de populações independentes: 1
Número de threads: 1
Trocar os melhores indivíduos a cada 30 gerações
Número máximo de gerações: 279

Largura da faixa = 186
Melhor altura = 1638

Lower Bound 1 = 1476
Lower Bound 2 = 578
Avaliação = 1.10976

Tempo de execução: 2.28538s

---------------------------

Tamanho da população: 297
Fração elite: 0.55
Fração mutante: 0.0174
Probabilidade herdar alelo elite: 0.7678
Número de populações independentes: 1
Número de threads: 1
Trocar os melhores indivíduos a cada 30 gerações
Número máximo de gerações: 279

Largura da faixa = 186
Melhor altura = 1650

Lower Bound 1 = 1476
Lower Bound 2 = 578
Avaliação = 1.11789

Tempo de execução: 2.28848s

---------------------------

Tamanho da população: 297
Fração elite: 0.55
Fração mutante: 0.0174
Probabilidade herdar alelo elite: 0.7678
Número de populações independentes: 1
Número de threads: 1
Trocar os melhores indivíduos a cada 30 gerações
Número máximo de gerações: 279

Largura da faixa = 186
Melhor altura = 1638

Lower Bound 1 = 1476
Lower Bound 2 = 578
Avaliação = 1.10976

Tempo de execução: 2.17405s

---------------------------

Tamanho da população: 297
Fração elite: 0.55
Fração mutante: 0.0174
Probabilidade herdar alelo elite: 0.7678
Número de populações independentes: 1
Número de threads: 1
Trocar os melhores indivíduos a cada 30 gerações
Número máximo de gerações: 279

Largura da faixa = 186
Melhor altura = 1638

Lower Bound 1 = 1476
Lower Bound 2 = 578
Avaliação = 1.10976

Tempo de execução: 2.1959s

---------------------------

Tamanho da população: 297
Fração elite: 0.55
Fração mutante: 0.0174
Probabilidade herdar alelo elite: 0.7678
Número de populações independentes: 1
Número de threads: 1
Trocar os melhores indivíduos a cada 30 gerações
Número máximo de gerações: 279

Largura da faixa = 186
Melhor altura = 1638

Lower Bound 1 = 1476
Lower Bound 2 = 578
Avaliação = 1.10976

Tempo de execução: 2.26234s

---------------------------

Tamanho da população: 297
Fração elite: 0.55
Fração mutante: 0.0174
Probabilidade herdar alelo elite: 0.7678
Número de populações independentes: 1
Número de threads: 1
Trocar os melhores indivíduos a cada 30 gerações
Número máximo de gerações: 279

Largura da faixa = 186
Melhor altura = 1638

Lower Bound 1 = 1476
Lower Bound 2 = 578
Avaliação = 1.10976

Tempo de execução: 2.20268s

---------------------------

Tamanho da população: 297
Fração elite: 0.55
Fração mutante: 0.0174
Probabilidade herdar alelo elite: 0.7678
Número de populações independentes: 1
Número de threads: 1
Trocar os melhores indivíduos a cada 30 gerações
Número máximo de gerações: 279

Largura da faixa = 186
Melhor altura = 1653

Lower Bound 1 = 1476
Lower Bound 2 = 578
Avaliação = 1.11992

Tempo de execução: 2.32773s

---------------------------

Tamanho da população: 392
Fração elite: 0.2567
Fração mutante: 0.0202
Probabilidade herdar alelo elite: 0.6001
Número de populações independentes: 1
Número de threads: 1
Número máximo de gerações: 364

Largura da faixa = 186
Melhor altura = 1638

Lower Bound 1 = 1476
Lower Bound 2 = 578
Avaliação = 1.10976

Tempo de execução: 2.29657s

---------------------------

Tamanho da população: 392
Fração elite: 0.2567
Fração mutante: 0.0202
Probabilidade herdar alelo elite: 0.6001
Número de populações independentes: 1
Número de threads: 1
Número máximo de gerações: 364

Largura da faixa = 186
Melhor altura = 1650

Lower Bound 1 = 1476
Lower Bound 2 = 578
Avaliação = 1.11789

Tempo de execução: 2.39248s

---------------------------

Tamanho da população: 392
Fração elite: 0.2567
Fração mutante: 0.0202
Probabilidade herdar alelo elite: 0.6001
Número de populações independentes: 1
Número de threads: 1
Número máximo de gerações: 364

Largura da faixa = 186
Melhor altura = 1653

Lower Bound 1 = 1476
Lower Bound 2 = 578
Avaliação = 1.11992

Tempo de execução: 2.39835s

---------------------------

Tamanho da população: 392
Fração elite: 0.2567
Fração mutante: 0.0202
Probabilidade herdar alelo elite: 0.6001
Número de populações independentes: 1
Número de threads: 1
Número máximo de gerações: 364

Largura da faixa = 186
Melhor altura = 1638

Lower Bound 1 = 1476
Lower Bound 2 = 578
Avaliação = 1.10976

Tempo de execução: 2.29632s

---------------------------

Tamanho da população: 392
Fração elite: 0.2567
Fração mutante: 0.0202
Probabilidade herdar alelo elite: 0.6001
Número de populações independentes: 1
Número de threads: 1
Número máximo de gerações: 364

Largura da faixa = 186
Melhor altura = 1638

Lower Bound 1 = 1476
Lower Bound 2 = 578
Avaliação = 1.10976

Tempo de execução: 2.30957s

---------------------------

Tamanho da população: 392
Fração elite: 0.2567
Fração mutante: 0.0202
Probabilidade herdar alelo elite: 0.6001
Número de populações independentes: 1
Número de threads: 1
Número máximo de gerações: 364

Largura da faixa = 186
Melhor altura = 1638

Lower Bound 1 = 1476
Lower Bound 2 = 578
Avaliação = 1.10976

Tempo de execução: 2.37956s

---------------------------

Tamanho da população: 392
Fração elite: 0.2567
Fração mutante: 0.0202
Probabilidade herdar alelo elite: 0.6001
Número de populações independentes: 1
Número de threads: 1
Número máximo de gerações: 364

Largura da faixa = 186
Melhor altura = 1638

Lower Bound 1 = 1476
Lower Bound 2 = 578
Avaliação = 1.10976

Tempo de execução: 2.30866s

---------------------------

Tamanho da população: 392
Fração elite: 0.2567
Fração mutante: 0.0202
Probabilidade herdar alelo elite: 0.6001
Número de populações independentes: 1
Número de threads: 1
Número máximo de gerações: 364

Largura da faixa = 186
Melhor altura = 1638

Lower Bound 1 = 1476
Lower Bound 2 = 578
Avaliação = 1.10976

Tempo de execução: 2.34949s

---------------------------

Tamanho da população: 392
Fração elite: 0.2567
Fração mutante: 0.0202
Probabilidade herdar alelo elite: 0.6001
Número de populações independentes: 1
Número de threads: 1
Número máximo de gerações: 364

Largura da faixa = 186
Melhor altura = 1652

Lower Bound 1 = 1476
Lower Bound 2 = 578
Avaliação = 1.11924

Tempo de execução: 2.44462s

---------------------------

Tamanho da população: 392
Fração elite: 0.2567
Fração mutante: 0.0202
Probabilidade herdar alelo elite: 0.6001
Número de populações independentes: 1
Número de threads: 1
Número máximo de gerações: 364

Largura da faixa = 186
Melhor altura = 1653

Lower Bound 1 = 1476
Lower Bound 2 = 578
Avaliação = 1.11992

Tempo de execução: 2.3593s

---------------------------

Tamanho da população: 392
Fração elite: 0.2567
Fração mutante: 0.0202
Probabilidade herdar alelo elite: 0.6001
Número de populações independentes: 1
Número de threads: 1
Número máximo de gerações: 364

Largura da faixa = 186
Melhor altura = 1653

Lower Bound 1 = 1476
Lower Bound 2 = 578
Avaliação = 1.11992

Tempo de execução: 2.36193s

---------------------------

Tamanho da população: 392
Fração elite: 0.2567
Fração mutante: 0.0202
Probabilidade herdar alelo elite: 0.6001
Número de populações independentes: 1
Número de threads: 1
Número máximo de gerações: 364

Largura da faixa = 186
Melhor altura = 1638

Lower Bound 1 = 1476
Lower Bound 2 = 578
Avaliação = 1.10976

Tempo de execução: 2.36521s

---------------------------

Tamanho da população: 392
Fração elite: 0.2567
Fração mutante: 0.0202
Probabilidade herdar alelo elite: 0.6001
Número de populações independentes: 1
Número de threads: 1
Número máximo de gerações: 364

Largura da faixa = 186
Melhor altura = 1638

Lower Bound 1 = 1476
Lower Bound 2 = 578
Avaliação = 1.10976

Tempo de execução: 2.31121s

---------------------------

Tamanho da população: 392
Fração elite: 0.2567
Fração mutante: 0.0202
Probabilidade herdar alelo elite: 0.6001
Número de populações independentes: 1
Número de threads: 1
Número máximo de gerações: 364

Largura da faixa = 186
Melhor altura = 1653

Lower Bound 1 = 1476
Lower Bound 2 = 578
Avaliação = 1.11992

Tempo de execução: 2.37408s

---------------------------

Tamanho da população: 392
Fração elite: 0.2567
Fração mutante: 0.0202
Probabilidade herdar alelo elite: 0.6001
Número de populações independentes: 1
Número de threads: 1
Número máximo de gerações: 364

Largura da faixa = 186
Melhor altura = 1653

Lower Bound 1 = 1476
Lower Bound 2 = 578
Avaliação = 1.11992

Tempo de execução: 2.39492s

---------------------------

Tamanho da população: 392
Fração elite: 0.2567
Fração mutante: 0.0202
Probabilidade herdar alelo elite: 0.6001
Número de populações independentes: 1
Número de threads: 1
Número máximo de gerações: 364

Largura da faixa = 186
Melhor altura = 1638

Lower Bound 1 = 1476
Lower Bound 2 = 578
Avaliação = 1.10976

Tempo de execução: 2.28491s

---------------------------

Tamanho da população: 392
Fração elite: 0.2567
Fração mutante: 0.0202
Probabilidade herdar alelo elite: 0.6001
Número de populações independentes: 1
Número de threads: 1
Número máximo de gerações: 364

Largura da faixa = 186
Melhor altura = 1638

Lower Bound 1 = 1476
Lower Bound 2 = 578
Avaliação = 1.10976

Tempo de execução: 2.30309s

---------------------------

Tamanho da população: 392
Fração elite: 0.2567
Fração mutante: 0.0202
Probabilidade herdar alelo elite: 0.6001
Número de populações independentes: 1
Número de threads: 1
Número máximo de gerações: 364

Largura da faixa = 186
Melhor altura = 1638

Lower Bound 1 = 1476
Lower Bound 2 = 578
Avaliação = 1.10976

Tempo de execução: 2.32863s

---------------------------

Tamanho da população: 392
Fração elite: 0.2567
Fração mutante: 0.0202
Probabilidade herdar alelo elite: 0.6001
Número de populações independentes: 1
Número de threads: 1
Número máximo de gerações: 364

Largura da faixa = 186
Melhor altura = 1638

Lower Bound 1 = 1476
Lower Bound 2 = 578
Avaliação = 1.10976

Tempo de execução: 2.27692s

---------------------------

Tamanho da população: 392
Fração elite: 0.2567
Fração mutante: 0.0202
Probabilidade herdar alelo elite: 0.6001
Número de populações independentes: 1
Número de threads: 1
Número máximo de gerações: 364

Largura da faixa = 186
Melhor altura = 1638

Lower Bound 1 = 1476
Lower Bound 2 = 578
Avaliação = 1.10976

Tempo de execução: 2.28932s

---------------------------

