Número de cromossomos: 100
Tamanho da população: 1000
Fração elite: 0.3
Fração mutante: 0.4
Probabilidade herdar alelo elite: 0.8
Número de populações independentes: 3
Número de threads: 2
Melhor até agora: 367 Geração: 0
Melhor até agora: 359 Geração: 1
Melhor até agora: 356 Geração: 4
Melhor até agora: 350 Geração: 7
Melhor até agora: 346 Geração: 8
Melhor até agora: 344 Geração: 20
Melhor até agora: 342 Geração: 36
Melhor até agora: 341 Geração: 43
Melhor até agora: 339 Geração: 52
Melhor até agora: 338 Geração: 70
Melhor até agora: 336 Geração: 85
Melhor até agora: 333 Geração: 90
Largura da faixa = 12
Melhor altura = 333

Lower Bound 1 = 277
Lower Bound 2 = 140
Avaliação = 1.20217
Tempo de execução: 17869ms

---------------------------

