Tamanho da população: 475
Fração elite: 0.2121
Fração mutante: 0.0442
Probabilidade herdar alelo elite: 0.6514
Número de populações independentes: 3
Troca de informação de 4 individuos a cada 241 gerações
Número de threads: 1

Largura da faixa = 43
Melhor altura = 1306

Lower Bound 1 = 1034
Lower Bound 2 = 871
Avaliação = 1.26306

Tempo de execução: 60.0009s

---------------------------

Tamanho da população: 475
Fração elite: 0.2121
Fração mutante: 0.0442
Probabilidade herdar alelo elite: 0.6514
Número de populações independentes: 3
Troca de informação de 4 individuos a cada 241 gerações
Número de threads: 1

Largura da faixa = 43
Melhor altura = 1306

Lower Bound 1 = 1034
Lower Bound 2 = 871
Avaliação = 1.26306

Tempo de execução: 60.0016s

---------------------------

Tamanho da população: 475
Fração elite: 0.2121
Fração mutante: 0.0442
Probabilidade herdar alelo elite: 0.6514
Número de populações independentes: 3
Troca de informação de 4 individuos a cada 241 gerações
Número de threads: 1

Largura da faixa = 43
Melhor altura = 1306

Lower Bound 1 = 1034
Lower Bound 2 = 871
Avaliação = 1.26306

Tempo de execução: 60.0446s

---------------------------

Tamanho da população: 475
Fração elite: 0.2121
Fração mutante: 0.0442
Probabilidade herdar alelo elite: 0.6514
Número de populações independentes: 3
Troca de informação de 4 individuos a cada 241 gerações
Número de threads: 1

Largura da faixa = 43
Melhor altura = 1306

Lower Bound 1 = 1034
Lower Bound 2 = 871
Avaliação = 1.26306

Tempo de execução: 60.0115s

---------------------------

Tamanho da população: 475
Fração elite: 0.2121
Fração mutante: 0.0442
Probabilidade herdar alelo elite: 0.6514
Número de populações independentes: 3
Troca de informação de 4 individuos a cada 241 gerações
Número de threads: 1

Largura da faixa = 43
Melhor altura = 1306

Lower Bound 1 = 1034
Lower Bound 2 = 871
Avaliação = 1.26306

Tempo de execução: 60.0166s

---------------------------

Tamanho da população: 475
Fração elite: 0.2121
Fração mutante: 0.0442
Probabilidade herdar alelo elite: 0.6514
Número de populações independentes: 3
Troca de informação de 4 individuos a cada 241 gerações
Número de threads: 1

Largura da faixa = 43
Melhor altura = 1306

Lower Bound 1 = 1034
Lower Bound 2 = 871
Avaliação = 1.26306

Tempo de execução: 60.0236s

---------------------------

Tamanho da população: 475
Fração elite: 0.2121
Fração mutante: 0.0442
Probabilidade herdar alelo elite: 0.6514
Número de populações independentes: 3
Troca de informação de 4 individuos a cada 241 gerações
Número de threads: 1

Largura da faixa = 43
Melhor altura = 1306

Lower Bound 1 = 1034
Lower Bound 2 = 871
Avaliação = 1.26306

Tempo de execução: 60.009s

---------------------------

Tamanho da população: 475
Fração elite: 0.2121
Fração mutante: 0.0442
Probabilidade herdar alelo elite: 0.6514
Número de populações independentes: 3
Troca de informação de 4 individuos a cada 241 gerações
Número de threads: 1

Largura da faixa = 43
Melhor altura = 1306

Lower Bound 1 = 1034
Lower Bound 2 = 871
Avaliação = 1.26306

Tempo de execução: 60.0385s

---------------------------

Tamanho da população: 475
Fração elite: 0.2121
Fração mutante: 0.0442
Probabilidade herdar alelo elite: 0.6514
Número de populações independentes: 3
Troca de informação de 4 individuos a cada 241 gerações
Número de threads: 1

Largura da faixa = 43
Melhor altura = 1306

Lower Bound 1 = 1034
Lower Bound 2 = 871
Avaliação = 1.26306

Tempo de execução: 60.0417s

---------------------------

Tamanho da população: 475
Fração elite: 0.2121
Fração mutante: 0.0442
Probabilidade herdar alelo elite: 0.6514
Número de populações independentes: 3
Troca de informação de 4 individuos a cada 241 gerações
Número de threads: 1

Largura da faixa = 43
Melhor altura = 1306

Lower Bound 1 = 1034
Lower Bound 2 = 871
Avaliação = 1.26306

Tempo de execução: 60.0097s

---------------------------

Tamanho da população: 475
Fração elite: 0.2121
Fração mutante: 0.0442
Probabilidade herdar alelo elite: 0.6514
Número de populações independentes: 3
Troca de informação de 4 individuos a cada 241 gerações
Número de threads: 1

Largura da faixa = 43
Melhor altura = 1306

Lower Bound 1 = 1034
Lower Bound 2 = 871
Avaliação = 1.26306

Tempo de execução: 60.026s

---------------------------

Tamanho da população: 475
Fração elite: 0.2121
Fração mutante: 0.0442
Probabilidade herdar alelo elite: 0.6514
Número de populações independentes: 3
Troca de informação de 4 individuos a cada 241 gerações
Número de threads: 1

Largura da faixa = 43
Melhor altura = 1306

Lower Bound 1 = 1034
Lower Bound 2 = 871
Avaliação = 1.26306

Tempo de execução: 60.0409s

---------------------------

Tamanho da população: 475
Fração elite: 0.2121
Fração mutante: 0.0442
Probabilidade herdar alelo elite: 0.6514
Número de populações independentes: 3
Troca de informação de 4 individuos a cada 241 gerações
Número de threads: 1

Largura da faixa = 43
Melhor altura = 1306

Lower Bound 1 = 1034
Lower Bound 2 = 871
Avaliação = 1.26306

Tempo de execução: 60.0121s

---------------------------

Tamanho da população: 475
Fração elite: 0.2121
Fração mutante: 0.0442
Probabilidade herdar alelo elite: 0.6514
Número de populações independentes: 3
Troca de informação de 4 individuos a cada 241 gerações
Número de threads: 1

Largura da faixa = 43
Melhor altura = 1306

Lower Bound 1 = 1034
Lower Bound 2 = 871
Avaliação = 1.26306

Tempo de execução: 60.0344s

---------------------------

Tamanho da população: 475
Fração elite: 0.2121
Fração mutante: 0.0442
Probabilidade herdar alelo elite: 0.6514
Número de populações independentes: 3
Troca de informação de 4 individuos a cada 241 gerações
Número de threads: 1

Largura da faixa = 43
Melhor altura = 1306

Lower Bound 1 = 1034
Lower Bound 2 = 871
Avaliação = 1.26306

Tempo de execução: 60.0438s

---------------------------

Tamanho da população: 475
Fração elite: 0.2121
Fração mutante: 0.0442
Probabilidade herdar alelo elite: 0.6514
Número de populações independentes: 3
Troca de informação de 4 individuos a cada 241 gerações
Número de threads: 1

Largura da faixa = 43
Melhor altura = 1306

Lower Bound 1 = 1034
Lower Bound 2 = 871
Avaliação = 1.26306

Tempo de execução: 60.0089s

---------------------------

Tamanho da população: 475
Fração elite: 0.2121
Fração mutante: 0.0442
Probabilidade herdar alelo elite: 0.6514
Número de populações independentes: 3
Troca de informação de 4 individuos a cada 241 gerações
Número de threads: 1

Largura da faixa = 43
Melhor altura = 1306

Lower Bound 1 = 1034
Lower Bound 2 = 871
Avaliação = 1.26306

Tempo de execução: 60.0179s

---------------------------

Tamanho da população: 475
Fração elite: 0.2121
Fração mutante: 0.0442
Probabilidade herdar alelo elite: 0.6514
Número de populações independentes: 3
Troca de informação de 4 individuos a cada 241 gerações
Número de threads: 1

Largura da faixa = 43
Melhor altura = 1306

Lower Bound 1 = 1034
Lower Bound 2 = 871
Avaliação = 1.26306

Tempo de execução: 60.0395s

---------------------------

Tamanho da população: 475
Fração elite: 0.2121
Fração mutante: 0.0442
Probabilidade herdar alelo elite: 0.6514
Número de populações independentes: 3
Troca de informação de 4 individuos a cada 241 gerações
Número de threads: 1

Largura da faixa = 43
Melhor altura = 1306

Lower Bound 1 = 1034
Lower Bound 2 = 871
Avaliação = 1.26306

Tempo de execução: 60.0118s

---------------------------

Tamanho da população: 475
Fração elite: 0.2121
Fração mutante: 0.0442
Probabilidade herdar alelo elite: 0.6514
Número de populações independentes: 3
Troca de informação de 4 individuos a cada 241 gerações
Número de threads: 1

Largura da faixa = 43
Melhor altura = 1306

Lower Bound 1 = 1034
Lower Bound 2 = 871
Avaliação = 1.26306

Tempo de execução: 60.0295s
