Melhor até agora: 143 Geração: 0
Melhor até agora: 140 Geração: 1
Melhor até agora: 138 Geração: 10
Melhor até agora: 137 Geração: 13
Melhor até agora: 134 Geração: 17
Tamanho da população: 300
Fração elite: 0.25
Fração mutante: 0.2
Probabilidade herdar alelo elite: 0.7
Número de populações independentes: 2
Número de threads: 16
Trocar os melhores indivíduos a cada 30 gerações
Número máximo de gerações: 300
Número máximo de iterações sem melhora: 50
Largura da faixa = 12
Melhor altura = 134

Lower Bound 1 = 118
Lower Bound 2 = 120
Avaliação = 1.11667

Tempo de execução: 0s

---------------------------

Melhor até agora: 142 Geração: 0
Melhor até agora: 141 Geração: 9
Melhor até agora: 138 Geração: 10
Melhor até agora: 137 Geração: 11
Melhor até agora: 134 Geração: 16
Tamanho da população: 300
Fração elite: 0.25
Fração mutante: 0.2
Probabilidade herdar alelo elite: 0.7
Número de populações independentes: 2
Número de threads: 16
Trocar os melhores indivíduos a cada 30 gerações
Número máximo de gerações: 300
Número máximo de iterações sem melhora: 50
Largura da faixa = 12
Melhor altura = 134

Lower Bound 1 = 118
Lower Bound 2 = 120
Avaliação = 1.11667

Tempo de execução: 0s

---------------------------

Melhor até agora: 143 Geração: 0
Melhor até agora: 140 Geração: 3
Melhor até agora: 135 Geração: 12
Melhor até agora: 134 Geração: 14
Tamanho da população: 300
Fração elite: 0.25
Fração mutante: 0.2
Probabilidade herdar alelo elite: 0.7
Número de populações independentes: 2
Número de threads: 16
Trocar os melhores indivíduos a cada 30 gerações
Número máximo de gerações: 300
Número máximo de iterações sem melhora: 50
Largura da faixa = 12
Melhor altura = 134

Lower Bound 1 = 118
Lower Bound 2 = 120
Avaliação = 1.11667

Tempo de execução: 0s

---------------------------

Melhor até agora: 142 Geração: 0
Melhor até agora: 140 Geração: 6
Melhor até agora: 134 Geração: 8
Tamanho da população: 300
Fração elite: 0.25
Fração mutante: 0.2
Probabilidade herdar alelo elite: 0.7
Número de populações independentes: 2
Número de threads: 16
Trocar os melhores indivíduos a cada 30 gerações
Número máximo de gerações: 300
Número máximo de iterações sem melhora: 50
Largura da faixa = 12
Melhor altura = 134

Lower Bound 1 = 118
Lower Bound 2 = 120
Avaliação = 1.11667

Tempo de execução: 0s

---------------------------

Melhor até agora: 143 Geração: 0
Melhor até agora: 140 Geração: 1
Melhor até agora: 137 Geração: 11
Melhor até agora: 134 Geração: 19
Tamanho da população: 300
Fração elite: 0.25
Fração mutante: 0.2
Probabilidade herdar alelo elite: 0.7
Número de populações independentes: 2
Número de threads: 16
Trocar os melhores indivíduos a cada 30 gerações
Número máximo de gerações: 300
Número máximo de iterações sem melhora: 50
Largura da faixa = 12
Melhor altura = 134

Lower Bound 1 = 118
Lower Bound 2 = 120
Avaliação = 1.11667

Tempo de execução: 0s

---------------------------

Melhor até agora: 140 Geração: 0
Melhor até agora: 138 Geração: 6
Melhor até agora: 137 Geração: 14
Melhor até agora: 135 Geração: 17
Melhor até agora: 134 Geração: 18
Tamanho da população: 300
Fração elite: 0.25
Fração mutante: 0.2
Probabilidade herdar alelo elite: 0.7
Número de populações independentes: 2
Número de threads: 16
Trocar os melhores indivíduos a cada 30 gerações
Número máximo de gerações: 300
Número máximo de iterações sem melhora: 50
Largura da faixa = 12
Melhor altura = 134

Lower Bound 1 = 118
Lower Bound 2 = 120
Avaliação = 1.11667

Tempo de execução: 0s

---------------------------

Melhor até agora: 143 Geração: 0
Melhor até agora: 140 Geração: 2
Melhor até agora: 137 Geração: 11
Melhor até agora: 134 Geração: 14
Tamanho da população: 300
Fração elite: 0.25
Fração mutante: 0.2
Probabilidade herdar alelo elite: 0.7
Número de populações independentes: 2
Número de threads: 16
Trocar os melhores indivíduos a cada 30 gerações
Número máximo de gerações: 300
Número máximo de iterações sem melhora: 50
Largura da faixa = 12
Melhor altura = 134

Lower Bound 1 = 118
Lower Bound 2 = 120
Avaliação = 1.11667

Tempo de execução: 0s

---------------------------

Melhor até agora: 143 Geração: 0
Melhor até agora: 142 Geração: 2
Melhor até agora: 138 Geração: 6
Melhor até agora: 137 Geração: 8
Melhor até agora: 134 Geração: 12
Tamanho da população: 300
Fração elite: 0.25
Fração mutante: 0.2
Probabilidade herdar alelo elite: 0.7
Número de populações independentes: 2
Número de threads: 16
Trocar os melhores indivíduos a cada 30 gerações
Número máximo de gerações: 300
Número máximo de iterações sem melhora: 50
Largura da faixa = 12
Melhor altura = 134

Lower Bound 1 = 118
Lower Bound 2 = 120
Avaliação = 1.11667

Tempo de execução: 0s

---------------------------

Melhor até agora: 143 Geração: 0
Melhor até agora: 140 Geração: 2
Melhor até agora: 137 Geração: 7
Melhor até agora: 135 Geração: 14
Melhor até agora: 134 Geração: 17
Tamanho da população: 300
Fração elite: 0.25
Fração mutante: 0.2
Probabilidade herdar alelo elite: 0.7
Número de populações independentes: 2
Número de threads: 16
Trocar os melhores indivíduos a cada 30 gerações
Número máximo de gerações: 300
Número máximo de iterações sem melhora: 50
Largura da faixa = 12
Melhor altura = 134

Lower Bound 1 = 118
Lower Bound 2 = 120
Avaliação = 1.11667

Tempo de execução: 0s

---------------------------

Melhor até agora: 143 Geração: 0
Melhor até agora: 142 Geração: 3
Melhor até agora: 140 Geração: 4
Melhor até agora: 137 Geração: 6
Melhor até agora: 134 Geração: 13
Tamanho da população: 300
Fração elite: 0.25
Fração mutante: 0.2
Probabilidade herdar alelo elite: 0.7
Número de populações independentes: 2
Número de threads: 16
Trocar os melhores indivíduos a cada 30 gerações
Número máximo de gerações: 300
Número máximo de iterações sem melhora: 50
Largura da faixa = 12
Melhor altura = 134

Lower Bound 1 = 118
Lower Bound 2 = 120
Avaliação = 1.11667

Tempo de execução: 0s

---------------------------

Melhor até agora: 140 Geração: 0
Melhor até agora: 138 Geração: 2
Melhor até agora: 137 Geração: 9
Melhor até agora: 134 Geração: 11
Tamanho da população: 300
Fração elite: 0.25
Fração mutante: 0.2
Probabilidade herdar alelo elite: 0.7
Número de populações independentes: 2
Número de threads: 16
Trocar os melhores indivíduos a cada 30 gerações
Número máximo de gerações: 300
Número máximo de iterações sem melhora: 50
Largura da faixa = 12
Melhor altura = 134

Lower Bound 1 = 118
Lower Bound 2 = 120
Avaliação = 1.11667

Tempo de execução: 0s

---------------------------

Melhor até agora: 143 Geração: 0
Melhor até agora: 142 Geração: 2
Melhor até agora: 140 Geração: 5
Melhor até agora: 137 Geração: 10
Melhor até agora: 134 Geração: 16
Tamanho da população: 300
Fração elite: 0.25
Fração mutante: 0.2
Probabilidade herdar alelo elite: 0.7
Número de populações independentes: 2
Número de threads: 16
Trocar os melhores indivíduos a cada 30 gerações
Número máximo de gerações: 300
Número máximo de iterações sem melhora: 50
Largura da faixa = 12
Melhor altura = 134

Lower Bound 1 = 118
Lower Bound 2 = 120
Avaliação = 1.11667

Tempo de execução: 0s

---------------------------

Melhor até agora: 140 Geração: 0
Melhor até agora: 137 Geração: 10
Melhor até agora: 134 Geração: 12
Tamanho da população: 300
Fração elite: 0.25
Fração mutante: 0.2
Probabilidade herdar alelo elite: 0.7
Número de populações independentes: 2
Número de threads: 16
Trocar os melhores indivíduos a cada 30 gerações
Número máximo de gerações: 300
Número máximo de iterações sem melhora: 50
Largura da faixa = 12
Melhor altura = 134

Lower Bound 1 = 118
Lower Bound 2 = 120
Avaliação = 1.11667

Tempo de execução: 0s

---------------------------

Melhor até agora: 143 Geração: 0
Melhor até agora: 142 Geração: 7
Melhor até agora: 137 Geração: 9
Melhor até agora: 134 Geração: 12
Tamanho da população: 300
Fração elite: 0.25
Fração mutante: 0.2
Probabilidade herdar alelo elite: 0.7
Número de populações independentes: 2
Número de threads: 16
Trocar os melhores indivíduos a cada 30 gerações
Número máximo de gerações: 300
Número máximo de iterações sem melhora: 50
Largura da faixa = 12
Melhor altura = 134

Lower Bound 1 = 118
Lower Bound 2 = 120
Avaliação = 1.11667

Tempo de execução: 0s

---------------------------

Melhor até agora: 143 Geração: 0
Melhor até agora: 140 Geração: 2
Melhor até agora: 137 Geração: 8
Melhor até agora: 135 Geração: 14
Melhor até agora: 134 Geração: 15
Tamanho da população: 300
Fração elite: 0.25
Fração mutante: 0.2
Probabilidade herdar alelo elite: 0.7
Número de populações independentes: 2
Número de threads: 16
Trocar os melhores indivíduos a cada 30 gerações
Número máximo de gerações: 300
Número máximo de iterações sem melhora: 50
Largura da faixa = 12
Melhor altura = 134

Lower Bound 1 = 118
Lower Bound 2 = 120
Avaliação = 1.11667

Tempo de execução: 0s

---------------------------

Melhor até agora: 140 Geração: 0
Melhor até agora: 137 Geração: 10
Melhor até agora: 134 Geração: 18
Tamanho da população: 300
Fração elite: 0.25
Fração mutante: 0.2
Probabilidade herdar alelo elite: 0.7
Número de populações independentes: 2
Número de threads: 16
Trocar os melhores indivíduos a cada 30 gerações
Número máximo de gerações: 300
Número máximo de iterações sem melhora: 50
Largura da faixa = 12
Melhor altura = 134

Lower Bound 1 = 118
Lower Bound 2 = 120
Avaliação = 1.11667

Tempo de execução: 0s

---------------------------

Melhor até agora: 143 Geração: 0
Melhor até agora: 141 Geração: 3
Melhor até agora: 140 Geração: 5
Melhor até agora: 138 Geração: 9
Melhor até agora: 137 Geração: 10
Melhor até agora: 134 Geração: 14
Tamanho da população: 300
Fração elite: 0.25
Fração mutante: 0.2
Probabilidade herdar alelo elite: 0.7
Número de populações independentes: 2
Número de threads: 16
Trocar os melhores indivíduos a cada 30 gerações
Número máximo de gerações: 300
Número máximo de iterações sem melhora: 50
Largura da faixa = 12
Melhor altura = 134

Lower Bound 1 = 118
Lower Bound 2 = 120
Avaliação = 1.11667

Tempo de execução: 0s

---------------------------

Melhor até agora: 143 Geração: 0
Melhor até agora: 142 Geração: 4
Melhor até agora: 138 Geração: 6
Melhor até agora: 137 Geração: 11
Melhor até agora: 134 Geração: 14
Tamanho da população: 300
Fração elite: 0.25
Fração mutante: 0.2
Probabilidade herdar alelo elite: 0.7
Número de populações independentes: 2
Número de threads: 16
Trocar os melhores indivíduos a cada 30 gerações
Número máximo de gerações: 300
Número máximo de iterações sem melhora: 50
Largura da faixa = 12
Melhor altura = 134

Lower Bound 1 = 118
Lower Bound 2 = 120
Avaliação = 1.11667

Tempo de execução: 0s

---------------------------

Melhor até agora: 137 Geração: 0
Melhor até agora: 135 Geração: 9
Melhor até agora: 134 Geração: 11
Tamanho da população: 300
Fração elite: 0.25
Fração mutante: 0.2
Probabilidade herdar alelo elite: 0.7
Número de populações independentes: 2
Número de threads: 16
Trocar os melhores indivíduos a cada 30 gerações
Número máximo de gerações: 300
Número máximo de iterações sem melhora: 50
Largura da faixa = 12
Melhor altura = 134

Lower Bound 1 = 118
Lower Bound 2 = 120
Avaliação = 1.11667

Tempo de execução: 0s

---------------------------

Melhor até agora: 140 Geração: 0
Melhor até agora: 134 Geração: 5
Tamanho da população: 300
Fração elite: 0.25
Fração mutante: 0.2
Probabilidade herdar alelo elite: 0.7
Número de populações independentes: 2
Número de threads: 16
Trocar os melhores indivíduos a cada 30 gerações
Número máximo de gerações: 300
Número máximo de iterações sem melhora: 50
Largura da faixa = 12
Melhor altura = 134

Lower Bound 1 = 118
Lower Bound 2 = 120
Avaliação = 1.11667

Tempo de execução: 0s

---------------------------

Melhor até agora: 143 Geração: 0
Melhor até agora: 137 Geração: 2
Melhor até agora: 136 Geração: 12
Melhor até agora: 134 Geração: 15
Tamanho da população: 300
Fração elite: 0.25
Fração mutante: 0.2
Probabilidade herdar alelo elite: 0.7
Número de populações independentes: 2
Número de threads: 16
Trocar os melhores indivíduos a cada 30 gerações
Número máximo de gerações: 300
Número máximo de iterações sem melhora: 50
Largura da faixa = 12
Melhor altura = 134

Lower Bound 1 = 118
Lower Bound 2 = 120
Avaliação = 1.11667

Tempo de execução: 0s

---------------------------

Melhor até agora: 142 Geração: 0
Melhor até agora: 140 Geração: 4
Melhor até agora: 137 Geração: 11
Melhor até agora: 134 Geração: 15
Tamanho da população: 300
Fração elite: 0.25
Fração mutante: 0.2
Probabilidade herdar alelo elite: 0.7
Número de populações independentes: 2
Número de threads: 16
Trocar os melhores indivíduos a cada 30 gerações
Número máximo de gerações: 300
Número máximo de iterações sem melhora: 50
Largura da faixa = 12
Melhor altura = 134

Lower Bound 1 = 118
Lower Bound 2 = 120
Avaliação = 1.11667

Tempo de execução: 0s

---------------------------

Melhor até agora: 143 Geração: 0
Melhor até agora: 140 Geração: 2
Melhor até agora: 134 Geração: 9
Tamanho da população: 300
Fração elite: 0.25
Fração mutante: 0.2
Probabilidade herdar alelo elite: 0.7
Número de populações independentes: 2
Número de threads: 16
Trocar os melhores indivíduos a cada 30 gerações
Número máximo de gerações: 300
Número máximo de iterações sem melhora: 50
Largura da faixa = 12
Melhor altura = 134

Lower Bound 1 = 118
Lower Bound 2 = 120
Avaliação = 1.11667

Tempo de execução: 0s

---------------------------

Melhor até agora: 143 Geração: 0
Melhor até agora: 142 Geração: 1
Melhor até agora: 140 Geração: 2
Melhor até agora: 134 Geração: 9
Tamanho da população: 300
Fração elite: 0.25
Fração mutante: 0.2
Probabilidade herdar alelo elite: 0.7
Número de populações independentes: 2
Número de threads: 16
Trocar os melhores indivíduos a cada 30 gerações
Número máximo de gerações: 300
Número máximo de iterações sem melhora: 50
Largura da faixa = 12
Melhor altura = 134

Lower Bound 1 = 118
Lower Bound 2 = 120
Avaliação = 1.11667

Tempo de execução: 0s

---------------------------

Melhor até agora: 143 Geração: 0
Melhor até agora: 142 Geração: 2
Melhor até agora: 140 Geração: 7
Melhor até agora: 137 Geração: 10
Melhor até agora: 134 Geração: 13
Tamanho da população: 300
Fração elite: 0.25
Fração mutante: 0.2
Probabilidade herdar alelo elite: 0.7
Número de populações independentes: 2
Número de threads: 16
Trocar os melhores indivíduos a cada 30 gerações
Número máximo de gerações: 300
Número máximo de iterações sem melhora: 50
Largura da faixa = 12
Melhor altura = 134

Lower Bound 1 = 118
Lower Bound 2 = 120
Avaliação = 1.11667

Tempo de execução: 0s

---------------------------

Melhor até agora: 143 Geração: 0
Melhor até agora: 142 Geração: 3
Melhor até agora: 140 Geração: 4
Melhor até agora: 135 Geração: 5
Melhor até agora: 134 Geração: 7
Tamanho da população: 300
Fração elite: 0.25
Fração mutante: 0.2
Probabilidade herdar alelo elite: 0.7
Número de populações independentes: 2
Número de threads: 16
Trocar os melhores indivíduos a cada 30 gerações
Número máximo de gerações: 300
Número máximo de iterações sem melhora: 50
Largura da faixa = 12
Melhor altura = 134

Lower Bound 1 = 118
Lower Bound 2 = 120
Avaliação = 1.11667

Tempo de execução: 0s

---------------------------

Melhor até agora: 143 Geração: 0
Melhor até agora: 140 Geração: 2
Melhor até agora: 137 Geração: 10
Melhor até agora: 134 Geração: 16
Tamanho da população: 300
Fração elite: 0.25
Fração mutante: 0.2
Probabilidade herdar alelo elite: 0.7
Número de populações independentes: 2
Número de threads: 16
Trocar os melhores indivíduos a cada 30 gerações
Número máximo de gerações: 300
Número máximo de iterações sem melhora: 50
Largura da faixa = 12
Melhor altura = 134

Lower Bound 1 = 118
Lower Bound 2 = 120
Avaliação = 1.11667

Tempo de execução: 0s

---------------------------

Melhor até agora: 143 Geração: 0
Melhor até agora: 138 Geração: 5
Melhor até agora: 134 Geração: 14
Tamanho da população: 300
Fração elite: 0.25
Fração mutante: 0.2
Probabilidade herdar alelo elite: 0.7
Número de populações independentes: 2
Número de threads: 16
Trocar os melhores indivíduos a cada 30 gerações
Número máximo de gerações: 300
Número máximo de iterações sem melhora: 50
Largura da faixa = 12
Melhor altura = 134

Lower Bound 1 = 118
Lower Bound 2 = 120
Avaliação = 1.11667

Tempo de execução: 0s

---------------------------

Melhor até agora: 143 Geração: 0
Melhor até agora: 141 Geração: 1
Melhor até agora: 140 Geração: 2
Melhor até agora: 137 Geração: 8
Melhor até agora: 134 Geração: 14
Tamanho da população: 300
Fração elite: 0.25
Fração mutante: 0.2
Probabilidade herdar alelo elite: 0.7
Número de populações independentes: 2
Número de threads: 16
Trocar os melhores indivíduos a cada 30 gerações
Número máximo de gerações: 300
Número máximo de iterações sem melhora: 50
Largura da faixa = 12
Melhor altura = 134

Lower Bound 1 = 118
Lower Bound 2 = 120
Avaliação = 1.11667

Tempo de execução: 0s

---------------------------

Melhor até agora: 140 Geração: 0
Melhor até agora: 138 Geração: 1
Melhor até agora: 137 Geração: 7
Melhor até agora: 134 Geração: 18
Tamanho da população: 300
Fração elite: 0.25
Fração mutante: 0.2
Probabilidade herdar alelo elite: 0.7
Número de populações independentes: 2
Número de threads: 16
Trocar os melhores indivíduos a cada 30 gerações
Número máximo de gerações: 300
Número máximo de iterações sem melhora: 50
Largura da faixa = 12
Melhor altura = 134

Lower Bound 1 = 118
Lower Bound 2 = 120
Avaliação = 1.11667

Tempo de execução: 0s

---------------------------

Melhor até agora: 143 Geração: 0
Melhor até agora: 140 Geração: 2
Melhor até agora: 138 Geração: 6
Melhor até agora: 137 Geração: 8
Melhor até agora: 134 Geração: 9
Tamanho da população: 300
Fração elite: 0.25
Fração mutante: 0.2
Probabilidade herdar alelo elite: 0.7
Número de populações independentes: 2
Número de threads: 16
Trocar os melhores indivíduos a cada 30 gerações
Número máximo de gerações: 300
Número máximo de iterações sem melhora: 50
Largura da faixa = 12
Melhor altura = 134

Lower Bound 1 = 118
Lower Bound 2 = 120
Avaliação = 1.11667

Tempo de execução: 0s

---------------------------

Melhor até agora: 143 Geração: 0
Melhor até agora: 140 Geração: 1
Melhor até agora: 138 Geração: 9
Melhor até agora: 134 Geração: 10
Tamanho da população: 300
Fração elite: 0.25
Fração mutante: 0.2
Probabilidade herdar alelo elite: 0.7
Número de populações independentes: 2
Número de threads: 16
Trocar os melhores indivíduos a cada 30 gerações
Número máximo de gerações: 300
Número máximo de iterações sem melhora: 50
Largura da faixa = 12
Melhor altura = 134

Lower Bound 1 = 118
Lower Bound 2 = 120
Avaliação = 1.11667

Tempo de execução: 0s

---------------------------

Melhor até agora: 134 Geração: 0
Tamanho da população: 300
Fração elite: 0.25
Fração mutante: 0.2
Probabilidade herdar alelo elite: 0.7
Número de populações independentes: 2
Número de threads: 16
Trocar os melhores indivíduos a cada 30 gerações
Número máximo de gerações: 300
Número máximo de iterações sem melhora: 50
Largura da faixa = 12
Melhor altura = 134

Lower Bound 1 = 118
Lower Bound 2 = 120
Avaliação = 1.11667

Tempo de execução: 0s

---------------------------

Melhor até agora: 143 Geração: 0
Melhor até agora: 142 Geração: 1
Melhor até agora: 138 Geração: 4
Melhor até agora: 134 Geração: 8
Tamanho da população: 300
Fração elite: 0.25
Fração mutante: 0.2
Probabilidade herdar alelo elite: 0.7
Número de populações independentes: 2
Número de threads: 16
Trocar os melhores indivíduos a cada 30 gerações
Número máximo de gerações: 300
Número máximo de iterações sem melhora: 50
Largura da faixa = 12
Melhor altura = 134

Lower Bound 1 = 118
Lower Bound 2 = 120
Avaliação = 1.11667

Tempo de execução: 0s

---------------------------

Melhor até agora: 140 Geração: 0
Melhor até agora: 138 Geração: 9
Melhor até agora: 134 Geração: 10
Tamanho da população: 300
Fração elite: 0.25
Fração mutante: 0.2
Probabilidade herdar alelo elite: 0.7
Número de populações independentes: 2
Número de threads: 16
Trocar os melhores indivíduos a cada 30 gerações
Número máximo de gerações: 300
Número máximo de iterações sem melhora: 50
Largura da faixa = 12
Melhor altura = 134

Lower Bound 1 = 118
Lower Bound 2 = 120
Avaliação = 1.11667

Tempo de execução: 0s

---------------------------

Melhor até agora: 140 Geração: 0
Melhor até agora: 135 Geração: 9
Melhor até agora: 134 Geração: 16
Tamanho da população: 300
Fração elite: 0.25
Fração mutante: 0.2
Probabilidade herdar alelo elite: 0.7
Número de populações independentes: 2
Número de threads: 16
Trocar os melhores indivíduos a cada 30 gerações
Número máximo de gerações: 300
Número máximo de iterações sem melhora: 50
Largura da faixa = 12
Melhor altura = 134

Lower Bound 1 = 118
Lower Bound 2 = 120
Avaliação = 1.11667

Tempo de execução: 0s

---------------------------

Melhor até agora: 142 Geração: 0
Melhor até agora: 134 Geração: 4
Tamanho da população: 300
Fração elite: 0.25
Fração mutante: 0.2
Probabilidade herdar alelo elite: 0.7
Número de populações independentes: 2
Número de threads: 16
Trocar os melhores indivíduos a cada 30 gerações
Número máximo de gerações: 300
Número máximo de iterações sem melhora: 50
Largura da faixa = 12
Melhor altura = 134

Lower Bound 1 = 118
Lower Bound 2 = 120
Avaliação = 1.11667

Tempo de execução: 0s

---------------------------

Melhor até agora: 143 Geração: 0
Melhor até agora: 140 Geração: 1
Melhor até agora: 137 Geração: 3
Melhor até agora: 134 Geração: 11
Tamanho da população: 300
Fração elite: 0.25
Fração mutante: 0.2
Probabilidade herdar alelo elite: 0.7
Número de populações independentes: 2
Número de threads: 16
Trocar os melhores indivíduos a cada 30 gerações
Número máximo de gerações: 300
Número máximo de iterações sem melhora: 50
Largura da faixa = 12
Melhor altura = 134

Lower Bound 1 = 118
Lower Bound 2 = 120
Avaliação = 1.11667

Tempo de execução: 0s

---------------------------

Melhor até agora: 137 Geração: 0
Melhor até agora: 135 Geração: 3
Melhor até agora: 134 Geração: 11
Tamanho da população: 300
Fração elite: 0.25
Fração mutante: 0.2
Probabilidade herdar alelo elite: 0.7
Número de populações independentes: 2
Número de threads: 16
Trocar os melhores indivíduos a cada 30 gerações
Número máximo de gerações: 300
Número máximo de iterações sem melhora: 50
Largura da faixa = 12
Melhor altura = 134

Lower Bound 1 = 118
Lower Bound 2 = 120
Avaliação = 1.11667

Tempo de execução: 0s

---------------------------

Melhor até agora: 143 Geração: 0
Melhor até agora: 142 Geração: 1
Melhor até agora: 137 Geração: 5
Melhor até agora: 135 Geração: 9
Melhor até agora: 134 Geração: 14
Tamanho da população: 300
Fração elite: 0.25
Fração mutante: 0.2
Probabilidade herdar alelo elite: 0.7
Número de populações independentes: 2
Número de threads: 16
Trocar os melhores indivíduos a cada 30 gerações
Número máximo de gerações: 300
Número máximo de iterações sem melhora: 50
Largura da faixa = 12
Melhor altura = 134

Lower Bound 1 = 118
Lower Bound 2 = 120
Avaliação = 1.11667

Tempo de execução: 0s

---------------------------

Tamanho da população: 297
Fração elite: 0.55
Fração mutante: 0.0174
Probabilidade herdar alelo elite: 0.7678
Número de populações independentes: 1
Número de threads: 1
Trocar os melhores indivíduos a cada 30 gerações
Número máximo de gerações: 279

Largura da faixa = 12
Melhor altura = 134

Lower Bound 1 = 118
Lower Bound 2 = 120
Avaliação = 1.11667

Tempo de execução: 1.51338s

---------------------------

Tamanho da população: 297
Fração elite: 0.55
Fração mutante: 0.0174
Probabilidade herdar alelo elite: 0.7678
Número de populações independentes: 1
Número de threads: 1
Trocar os melhores indivíduos a cada 30 gerações
Número máximo de gerações: 279

Largura da faixa = 12
Melhor altura = 134

Lower Bound 1 = 118
Lower Bound 2 = 120
Avaliação = 1.11667

Tempo de execução: 1.53227s

---------------------------

Tamanho da população: 297
Fração elite: 0.55
Fração mutante: 0.0174
Probabilidade herdar alelo elite: 0.7678
Número de populações independentes: 1
Número de threads: 1
Trocar os melhores indivíduos a cada 30 gerações
Número máximo de gerações: 279

Largura da faixa = 12
Melhor altura = 134

Lower Bound 1 = 118
Lower Bound 2 = 120
Avaliação = 1.11667

Tempo de execução: 1.5632s

---------------------------

Tamanho da população: 297
Fração elite: 0.55
Fração mutante: 0.0174
Probabilidade herdar alelo elite: 0.7678
Número de populações independentes: 1
Número de threads: 1
Trocar os melhores indivíduos a cada 30 gerações
Número máximo de gerações: 279

Largura da faixa = 12
Melhor altura = 134

Lower Bound 1 = 118
Lower Bound 2 = 120
Avaliação = 1.11667

Tempo de execução: 1.52164s

---------------------------

Tamanho da população: 297
Fração elite: 0.55
Fração mutante: 0.0174
Probabilidade herdar alelo elite: 0.7678
Número de populações independentes: 1
Número de threads: 1
Trocar os melhores indivíduos a cada 30 gerações
Número máximo de gerações: 279

Largura da faixa = 12
Melhor altura = 134

Lower Bound 1 = 118
Lower Bound 2 = 120
Avaliação = 1.11667

Tempo de execução: 1.53205s

---------------------------

Tamanho da população: 297
Fração elite: 0.55
Fração mutante: 0.0174
Probabilidade herdar alelo elite: 0.7678
Número de populações independentes: 1
Número de threads: 1
Trocar os melhores indivíduos a cada 30 gerações
Número máximo de gerações: 279

Largura da faixa = 12
Melhor altura = 134

Lower Bound 1 = 118
Lower Bound 2 = 120
Avaliação = 1.11667

Tempo de execução: 1.53845s

---------------------------

Tamanho da população: 297
Fração elite: 0.55
Fração mutante: 0.0174
Probabilidade herdar alelo elite: 0.7678
Número de populações independentes: 1
Número de threads: 1
Trocar os melhores indivíduos a cada 30 gerações
Número máximo de gerações: 279

Largura da faixa = 12
Melhor altura = 134

Lower Bound 1 = 118
Lower Bound 2 = 120
Avaliação = 1.11667

Tempo de execução: 1.55336s

---------------------------

Tamanho da população: 297
Fração elite: 0.55
Fração mutante: 0.0174
Probabilidade herdar alelo elite: 0.7678
Número de populações independentes: 1
Número de threads: 1
Trocar os melhores indivíduos a cada 30 gerações
Número máximo de gerações: 279

Largura da faixa = 12
Melhor altura = 134

Lower Bound 1 = 118
Lower Bound 2 = 120
Avaliação = 1.11667

Tempo de execução: 1.55375s

---------------------------

Tamanho da população: 297
Fração elite: 0.55
Fração mutante: 0.0174
Probabilidade herdar alelo elite: 0.7678
Número de populações independentes: 1
Número de threads: 1
Trocar os melhores indivíduos a cada 30 gerações
Número máximo de gerações: 279

Largura da faixa = 12
Melhor altura = 134

Lower Bound 1 = 118
Lower Bound 2 = 120
Avaliação = 1.11667

Tempo de execução: 1.55929s

---------------------------

Tamanho da população: 297
Fração elite: 0.55
Fração mutante: 0.0174
Probabilidade herdar alelo elite: 0.7678
Número de populações independentes: 1
Número de threads: 1
Trocar os melhores indivíduos a cada 30 gerações
Número máximo de gerações: 279

Largura da faixa = 12
Melhor altura = 134

Lower Bound 1 = 118
Lower Bound 2 = 120
Avaliação = 1.11667

Tempo de execução: 1.49783s

---------------------------

Tamanho da população: 297
Fração elite: 0.55
Fração mutante: 0.0174
Probabilidade herdar alelo elite: 0.7678
Número de populações independentes: 1
Número de threads: 1
Trocar os melhores indivíduos a cada 30 gerações
Número máximo de gerações: 279

Largura da faixa = 12
Melhor altura = 134

Lower Bound 1 = 118
Lower Bound 2 = 120
Avaliação = 1.11667

Tempo de execução: 1.50724s

---------------------------

Tamanho da população: 297
Fração elite: 0.55
Fração mutante: 0.0174
Probabilidade herdar alelo elite: 0.7678
Número de populações independentes: 1
Número de threads: 1
Trocar os melhores indivíduos a cada 30 gerações
Número máximo de gerações: 279

Largura da faixa = 12
Melhor altura = 134

Lower Bound 1 = 118
Lower Bound 2 = 120
Avaliação = 1.11667

Tempo de execução: 1.61867s

---------------------------

Tamanho da população: 297
Fração elite: 0.55
Fração mutante: 0.0174
Probabilidade herdar alelo elite: 0.7678
Número de populações independentes: 1
Número de threads: 1
Trocar os melhores indivíduos a cada 30 gerações
Número máximo de gerações: 279

Largura da faixa = 12
Melhor altura = 134

Lower Bound 1 = 118
Lower Bound 2 = 120
Avaliação = 1.11667

Tempo de execução: 1.49244s

---------------------------

Tamanho da população: 297
Fração elite: 0.55
Fração mutante: 0.0174
Probabilidade herdar alelo elite: 0.7678
Número de populações independentes: 1
Número de threads: 1
Trocar os melhores indivíduos a cada 30 gerações
Número máximo de gerações: 279

Largura da faixa = 12
Melhor altura = 134

Lower Bound 1 = 118
Lower Bound 2 = 120
Avaliação = 1.11667

Tempo de execução: 1.53573s

---------------------------

Tamanho da população: 297
Fração elite: 0.55
Fração mutante: 0.0174
Probabilidade herdar alelo elite: 0.7678
Número de populações independentes: 1
Número de threads: 1
Trocar os melhores indivíduos a cada 30 gerações
Número máximo de gerações: 279

Largura da faixa = 12
Melhor altura = 134

Lower Bound 1 = 118
Lower Bound 2 = 120
Avaliação = 1.11667

Tempo de execução: 1.53928s

---------------------------

Tamanho da população: 297
Fração elite: 0.55
Fração mutante: 0.0174
Probabilidade herdar alelo elite: 0.7678
Número de populações independentes: 1
Número de threads: 1
Trocar os melhores indivíduos a cada 30 gerações
Número máximo de gerações: 279

Largura da faixa = 12
Melhor altura = 134

Lower Bound 1 = 118
Lower Bound 2 = 120
Avaliação = 1.11667

Tempo de execução: 1.51419s

---------------------------

Tamanho da população: 297
Fração elite: 0.55
Fração mutante: 0.0174
Probabilidade herdar alelo elite: 0.7678
Número de populações independentes: 1
Número de threads: 1
Trocar os melhores indivíduos a cada 30 gerações
Número máximo de gerações: 279

Largura da faixa = 12
Melhor altura = 134

Lower Bound 1 = 118
Lower Bound 2 = 120
Avaliação = 1.11667

Tempo de execução: 1.51626s

---------------------------

Tamanho da população: 297
Fração elite: 0.55
Fração mutante: 0.0174
Probabilidade herdar alelo elite: 0.7678
Número de populações independentes: 1
Número de threads: 1
Trocar os melhores indivíduos a cada 30 gerações
Número máximo de gerações: 279

Largura da faixa = 12
Melhor altura = 134

Lower Bound 1 = 118
Lower Bound 2 = 120
Avaliação = 1.11667

Tempo de execução: 1.5279s

---------------------------

Tamanho da população: 297
Fração elite: 0.55
Fração mutante: 0.0174
Probabilidade herdar alelo elite: 0.7678
Número de populações independentes: 1
Número de threads: 1
Trocar os melhores indivíduos a cada 30 gerações
Número máximo de gerações: 279

Largura da faixa = 12
Melhor altura = 134

Lower Bound 1 = 118
Lower Bound 2 = 120
Avaliação = 1.11667

Tempo de execução: 1.48197s

---------------------------

Tamanho da população: 297
Fração elite: 0.55
Fração mutante: 0.0174
Probabilidade herdar alelo elite: 0.7678
Número de populações independentes: 1
Número de threads: 1
Trocar os melhores indivíduos a cada 30 gerações
Número máximo de gerações: 279

Largura da faixa = 12
Melhor altura = 134

Lower Bound 1 = 118
Lower Bound 2 = 120
Avaliação = 1.11667

Tempo de execução: 1.52488s

---------------------------

