Tamanho da população: 475
Fração elite: 0.2121
Fração mutante: 0.0442
Probabilidade herdar alelo elite: 0.6514
Número de populações independentes: 3
Troca de informação de 4 individuos a cada 241 gerações
Número de threads: 1

Largura da faixa = 12
Melhor altura = 373

Lower Bound 1 = 335
Lower Bound 2 = 276
Avaliação = 1.11343

Tempo de execução: 60.017s

---------------------------

Tamanho da população: 475
Fração elite: 0.2121
Fração mutante: 0.0442
Probabilidade herdar alelo elite: 0.6514
Número de populações independentes: 3
Troca de informação de 4 individuos a cada 241 gerações
Número de threads: 1

Largura da faixa = 12
Melhor altura = 375

Lower Bound 1 = 335
Lower Bound 2 = 276
Avaliação = 1.1194

Tempo de execução: 60.0199s

---------------------------

Tamanho da população: 475
Fração elite: 0.2121
Fração mutante: 0.0442
Probabilidade herdar alelo elite: 0.6514
Número de populações independentes: 3
Troca de informação de 4 individuos a cada 241 gerações
Número de threads: 1

Largura da faixa = 12
Melhor altura = 373

Lower Bound 1 = 335
Lower Bound 2 = 276
Avaliação = 1.11343

Tempo de execução: 60.0249s

---------------------------

Tamanho da população: 475
Fração elite: 0.2121
Fração mutante: 0.0442
Probabilidade herdar alelo elite: 0.6514
Número de populações independentes: 3
Troca de informação de 4 individuos a cada 241 gerações
Número de threads: 1

Largura da faixa = 12
Melhor altura = 375

Lower Bound 1 = 335
Lower Bound 2 = 276
Avaliação = 1.1194

Tempo de execução: 60.0503s

---------------------------

Tamanho da população: 475
Fração elite: 0.2121
Fração mutante: 0.0442
Probabilidade herdar alelo elite: 0.6514
Número de populações independentes: 3
Troca de informação de 4 individuos a cada 241 gerações
Número de threads: 1

Largura da faixa = 12
Melhor altura = 370

Lower Bound 1 = 335
Lower Bound 2 = 276
Avaliação = 1.10448

Tempo de execução: 60.064s

---------------------------

Tamanho da população: 475
Fração elite: 0.2121
Fração mutante: 0.0442
Probabilidade herdar alelo elite: 0.6514
Número de populações independentes: 3
Troca de informação de 4 individuos a cada 241 gerações
Número de threads: 1

Largura da faixa = 12
Melhor altura = 372

Lower Bound 1 = 335
Lower Bound 2 = 276
Avaliação = 1.11045

Tempo de execução: 60.0761s

---------------------------

Tamanho da população: 475
Fração elite: 0.2121
Fração mutante: 0.0442
Probabilidade herdar alelo elite: 0.6514
Número de populações independentes: 3
Troca de informação de 4 individuos a cada 241 gerações
Número de threads: 1

Largura da faixa = 12
Melhor altura = 372

Lower Bound 1 = 335
Lower Bound 2 = 276
Avaliação = 1.11045

Tempo de execução: 60.0279s

---------------------------

Tamanho da população: 475
Fração elite: 0.2121
Fração mutante: 0.0442
Probabilidade herdar alelo elite: 0.6514
Número de populações independentes: 3
Troca de informação de 4 individuos a cada 241 gerações
Número de threads: 1

Largura da faixa = 12
Melhor altura = 377

Lower Bound 1 = 335
Lower Bound 2 = 276
Avaliação = 1.12537

Tempo de execução: 60.039s

---------------------------

Tamanho da população: 475
Fração elite: 0.2121
Fração mutante: 0.0442
Probabilidade herdar alelo elite: 0.6514
Número de populações independentes: 3
Troca de informação de 4 individuos a cada 241 gerações
Número de threads: 1

Largura da faixa = 12
Melhor altura = 377

Lower Bound 1 = 335
Lower Bound 2 = 276
Avaliação = 1.12537

Tempo de execução: 60.0542s

---------------------------

Tamanho da população: 475
Fração elite: 0.2121
Fração mutante: 0.0442
Probabilidade herdar alelo elite: 0.6514
Número de populações independentes: 3
Troca de informação de 4 individuos a cada 241 gerações
Número de threads: 1

Largura da faixa = 12
Melhor altura = 375

Lower Bound 1 = 335
Lower Bound 2 = 276
Avaliação = 1.1194

Tempo de execução: 60.0648s

---------------------------

Tamanho da população: 475
Fração elite: 0.2121
Fração mutante: 0.0442
Probabilidade herdar alelo elite: 0.6514
Número de populações independentes: 3
Troca de informação de 4 individuos a cada 241 gerações
Número de threads: 1

Largura da faixa = 12
Melhor altura = 374

Lower Bound 1 = 335
Lower Bound 2 = 276
Avaliação = 1.11642

Tempo de execução: 60.0685s

---------------------------

Tamanho da população: 475
Fração elite: 0.2121
Fração mutante: 0.0442
Probabilidade herdar alelo elite: 0.6514
Número de populações independentes: 3
Troca de informação de 4 individuos a cada 241 gerações
Número de threads: 1

Largura da faixa = 12
Melhor altura = 377

Lower Bound 1 = 335
Lower Bound 2 = 276
Avaliação = 1.12537

Tempo de execução: 60.075s

---------------------------

Tamanho da população: 475
Fração elite: 0.2121
Fração mutante: 0.0442
Probabilidade herdar alelo elite: 0.6514
Número de populações independentes: 3
Troca de informação de 4 individuos a cada 241 gerações
Número de threads: 1

Largura da faixa = 12
Melhor altura = 377

Lower Bound 1 = 335
Lower Bound 2 = 276
Avaliação = 1.12537

Tempo de execução: 60.012s

---------------------------

Tamanho da população: 475
Fração elite: 0.2121
Fração mutante: 0.0442
Probabilidade herdar alelo elite: 0.6514
Número de populações independentes: 3
Troca de informação de 4 individuos a cada 241 gerações
Número de threads: 1

Largura da faixa = 12
Melhor altura = 373

Lower Bound 1 = 335
Lower Bound 2 = 276
Avaliação = 1.11343

Tempo de execução: 60.0396s

---------------------------

Tamanho da população: 475
Fração elite: 0.2121
Fração mutante: 0.0442
Probabilidade herdar alelo elite: 0.6514
Número de populações independentes: 3
Troca de informação de 4 individuos a cada 241 gerações
Número de threads: 1

Largura da faixa = 12
Melhor altura = 373

Lower Bound 1 = 335
Lower Bound 2 = 276
Avaliação = 1.11343

Tempo de execução: 60.0423s

---------------------------

Tamanho da população: 475
Fração elite: 0.2121
Fração mutante: 0.0442
Probabilidade herdar alelo elite: 0.6514
Número de populações independentes: 3
Troca de informação de 4 individuos a cada 241 gerações
Número de threads: 1

Largura da faixa = 12
Melhor altura = 375

Lower Bound 1 = 335
Lower Bound 2 = 276
Avaliação = 1.1194

Tempo de execução: 60.0585s

---------------------------

Tamanho da população: 475
Fração elite: 0.2121
Fração mutante: 0.0442
Probabilidade herdar alelo elite: 0.6514
Número de populações independentes: 3
Troca de informação de 4 individuos a cada 241 gerações
Número de threads: 1

Largura da faixa = 12
Melhor altura = 372

Lower Bound 1 = 335
Lower Bound 2 = 276
Avaliação = 1.11045

Tempo de execução: 60.0627s

---------------------------

Tamanho da população: 475
Fração elite: 0.2121
Fração mutante: 0.0442
Probabilidade herdar alelo elite: 0.6514
Número de populações independentes: 3
Troca de informação de 4 individuos a cada 241 gerações
Número de threads: 1

Largura da faixa = 12
Melhor altura = 372

Lower Bound 1 = 335
Lower Bound 2 = 276
Avaliação = 1.11045

Tempo de execução: 60.0664s

---------------------------

Tamanho da população: 475
Fração elite: 0.2121
Fração mutante: 0.0442
Probabilidade herdar alelo elite: 0.6514
Número de populações independentes: 3
Troca de informação de 4 individuos a cada 241 gerações
Número de threads: 1

Largura da faixa = 12
Melhor altura = 371

Lower Bound 1 = 335
Lower Bound 2 = 276
Avaliação = 1.10746

Tempo de execução: 60.02s

---------------------------

Tamanho da população: 475
Fração elite: 0.2121
Fração mutante: 0.0442
Probabilidade herdar alelo elite: 0.6514
Número de populações independentes: 3
Troca de informação de 4 individuos a cada 241 gerações
Número de threads: 1

Largura da faixa = 12
Melhor altura = 372

Lower Bound 1 = 335
Lower Bound 2 = 276
Avaliação = 1.11045

Tempo de execução: 60.0468s
