Melhor até agora: 81 Geração: 0
Tamanho da população: 300
Fração elite: 0.25
Fração mutante: 0.2
Probabilidade herdar alelo elite: 0.7
Número de populações independentes: 2
Número de threads: 16
Trocar os melhores indivíduos a cada 30 gerações
Número máximo de gerações: 300
Número máximo de iterações sem melhora: 50
Largura da faixa = 12
Melhor altura = 81

Lower Bound 1 = 61
Lower Bound 2 = 78
Avaliação = 1.03846

Tempo de execução: 0s

---------------------------

Melhor até agora: 81 Geração: 0
Tamanho da população: 300
Fração elite: 0.25
Fração mutante: 0.2
Probabilidade herdar alelo elite: 0.7
Número de populações independentes: 2
Número de threads: 16
Trocar os melhores indivíduos a cada 30 gerações
Número máximo de gerações: 300
Número máximo de iterações sem melhora: 50
Largura da faixa = 12
Melhor altura = 81

Lower Bound 1 = 61
Lower Bound 2 = 78
Avaliação = 1.03846

Tempo de execução: 0s

---------------------------

Melhor até agora: 81 Geração: 0
Tamanho da população: 300
Fração elite: 0.25
Fração mutante: 0.2
Probabilidade herdar alelo elite: 0.7
Número de populações independentes: 2
Número de threads: 16
Trocar os melhores indivíduos a cada 30 gerações
Número máximo de gerações: 300
Número máximo de iterações sem melhora: 50
Largura da faixa = 12
Melhor altura = 81

Lower Bound 1 = 61
Lower Bound 2 = 78
Avaliação = 1.03846

Tempo de execução: 0s

---------------------------

Melhor até agora: 81 Geração: 0
Tamanho da população: 300
Fração elite: 0.25
Fração mutante: 0.2
Probabilidade herdar alelo elite: 0.7
Número de populações independentes: 2
Número de threads: 16
Trocar os melhores indivíduos a cada 30 gerações
Número máximo de gerações: 300
Número máximo de iterações sem melhora: 50
Largura da faixa = 12
Melhor altura = 81

Lower Bound 1 = 61
Lower Bound 2 = 78
Avaliação = 1.03846

Tempo de execução: 0s

---------------------------

Melhor até agora: 89 Geração: 0
Melhor até agora: 82 Geração: 1
Melhor até agora: 81 Geração: 2
Tamanho da população: 300
Fração elite: 0.25
Fração mutante: 0.2
Probabilidade herdar alelo elite: 0.7
Número de populações independentes: 2
Número de threads: 16
Trocar os melhores indivíduos a cada 30 gerações
Número máximo de gerações: 300
Número máximo de iterações sem melhora: 50
Largura da faixa = 12
Melhor altura = 81

Lower Bound 1 = 61
Lower Bound 2 = 78
Avaliação = 1.03846

Tempo de execução: 0s

---------------------------

Melhor até agora: 87 Geração: 0
Melhor até agora: 81 Geração: 2
Tamanho da população: 300
Fração elite: 0.25
Fração mutante: 0.2
Probabilidade herdar alelo elite: 0.7
Número de populações independentes: 2
Número de threads: 16
Trocar os melhores indivíduos a cada 30 gerações
Número máximo de gerações: 300
Número máximo de iterações sem melhora: 50
Largura da faixa = 12
Melhor altura = 81

Lower Bound 1 = 61
Lower Bound 2 = 78
Avaliação = 1.03846

Tempo de execução: 0s

---------------------------

Melhor até agora: 81 Geração: 0
Tamanho da população: 300
Fração elite: 0.25
Fração mutante: 0.2
Probabilidade herdar alelo elite: 0.7
Número de populações independentes: 2
Número de threads: 16
Trocar os melhores indivíduos a cada 30 gerações
Número máximo de gerações: 300
Número máximo de iterações sem melhora: 50
Largura da faixa = 12
Melhor altura = 81

Lower Bound 1 = 61
Lower Bound 2 = 78
Avaliação = 1.03846

Tempo de execução: 0s

---------------------------

Melhor até agora: 81 Geração: 0
Tamanho da população: 300
Fração elite: 0.25
Fração mutante: 0.2
Probabilidade herdar alelo elite: 0.7
Número de populações independentes: 2
Número de threads: 16
Trocar os melhores indivíduos a cada 30 gerações
Número máximo de gerações: 300
Número máximo de iterações sem melhora: 50
Largura da faixa = 12
Melhor altura = 81

Lower Bound 1 = 61
Lower Bound 2 = 78
Avaliação = 1.03846

Tempo de execução: 0s

---------------------------

Melhor até agora: 81 Geração: 0
Tamanho da população: 300
Fração elite: 0.25
Fração mutante: 0.2
Probabilidade herdar alelo elite: 0.7
Número de populações independentes: 2
Número de threads: 16
Trocar os melhores indivíduos a cada 30 gerações
Número máximo de gerações: 300
Número máximo de iterações sem melhora: 50
Largura da faixa = 12
Melhor altura = 81

Lower Bound 1 = 61
Lower Bound 2 = 78
Avaliação = 1.03846

Tempo de execução: 0s

---------------------------

Melhor até agora: 81 Geração: 0
Melhor até agora: 80 Geração: 4
Tamanho da população: 300
Fração elite: 0.25
Fração mutante: 0.2
Probabilidade herdar alelo elite: 0.7
Número de populações independentes: 2
Número de threads: 16
Trocar os melhores indivíduos a cada 30 gerações
Número máximo de gerações: 300
Número máximo de iterações sem melhora: 50
Largura da faixa = 12
Melhor altura = 80

Lower Bound 1 = 61
Lower Bound 2 = 78
Avaliação = 1.02564

Tempo de execução: 0s

---------------------------

Melhor até agora: 82 Geração: 0
Melhor até agora: 81 Geração: 2
Tamanho da população: 300
Fração elite: 0.25
Fração mutante: 0.2
Probabilidade herdar alelo elite: 0.7
Número de populações independentes: 2
Número de threads: 16
Trocar os melhores indivíduos a cada 30 gerações
Número máximo de gerações: 300
Número máximo de iterações sem melhora: 50
Largura da faixa = 12
Melhor altura = 81

Lower Bound 1 = 61
Lower Bound 2 = 78
Avaliação = 1.03846

Tempo de execução: 0s

---------------------------

Melhor até agora: 89 Geração: 0
Melhor até agora: 82 Geração: 1
Melhor até agora: 81 Geração: 2
Tamanho da população: 300
Fração elite: 0.25
Fração mutante: 0.2
Probabilidade herdar alelo elite: 0.7
Número de populações independentes: 2
Número de threads: 16
Trocar os melhores indivíduos a cada 30 gerações
Número máximo de gerações: 300
Número máximo de iterações sem melhora: 50
Largura da faixa = 12
Melhor altura = 81

Lower Bound 1 = 61
Lower Bound 2 = 78
Avaliação = 1.03846

Tempo de execução: 0s

---------------------------

Melhor até agora: 81 Geração: 0
Tamanho da população: 300
Fração elite: 0.25
Fração mutante: 0.2
Probabilidade herdar alelo elite: 0.7
Número de populações independentes: 2
Número de threads: 16
Trocar os melhores indivíduos a cada 30 gerações
Número máximo de gerações: 300
Número máximo de iterações sem melhora: 50
Largura da faixa = 12
Melhor altura = 81

Lower Bound 1 = 61
Lower Bound 2 = 78
Avaliação = 1.03846

Tempo de execução: 0s

---------------------------

Melhor até agora: 82 Geração: 0
Melhor até agora: 81 Geração: 2
Tamanho da população: 300
Fração elite: 0.25
Fração mutante: 0.2
Probabilidade herdar alelo elite: 0.7
Número de populações independentes: 2
Número de threads: 16
Trocar os melhores indivíduos a cada 30 gerações
Número máximo de gerações: 300
Número máximo de iterações sem melhora: 50
Largura da faixa = 12
Melhor altura = 81

Lower Bound 1 = 61
Lower Bound 2 = 78
Avaliação = 1.03846

Tempo de execução: 0s

---------------------------

Melhor até agora: 81 Geração: 0
Tamanho da população: 300
Fração elite: 0.25
Fração mutante: 0.2
Probabilidade herdar alelo elite: 0.7
Número de populações independentes: 2
Número de threads: 16
Trocar os melhores indivíduos a cada 30 gerações
Número máximo de gerações: 300
Número máximo de iterações sem melhora: 50
Largura da faixa = 12
Melhor altura = 81

Lower Bound 1 = 61
Lower Bound 2 = 78
Avaliação = 1.03846

Tempo de execução: 0s

---------------------------

Melhor até agora: 81 Geração: 0
Tamanho da população: 300
Fração elite: 0.25
Fração mutante: 0.2
Probabilidade herdar alelo elite: 0.7
Número de populações independentes: 2
Número de threads: 16
Trocar os melhores indivíduos a cada 30 gerações
Número máximo de gerações: 300
Número máximo de iterações sem melhora: 50
Largura da faixa = 12
Melhor altura = 81

Lower Bound 1 = 61
Lower Bound 2 = 78
Avaliação = 1.03846

Tempo de execução: 0s

---------------------------

Melhor até agora: 89 Geração: 0
Melhor até agora: 81 Geração: 1
Tamanho da população: 300
Fração elite: 0.25
Fração mutante: 0.2
Probabilidade herdar alelo elite: 0.7
Número de populações independentes: 2
Número de threads: 16
Trocar os melhores indivíduos a cada 30 gerações
Número máximo de gerações: 300
Número máximo de iterações sem melhora: 50
Largura da faixa = 12
Melhor altura = 81

Lower Bound 1 = 61
Lower Bound 2 = 78
Avaliação = 1.03846

Tempo de execução: 0s

---------------------------

Melhor até agora: 87 Geração: 0
Melhor até agora: 81 Geração: 1
Tamanho da população: 300
Fração elite: 0.25
Fração mutante: 0.2
Probabilidade herdar alelo elite: 0.7
Número de populações independentes: 2
Número de threads: 16
Trocar os melhores indivíduos a cada 30 gerações
Número máximo de gerações: 300
Número máximo de iterações sem melhora: 50
Largura da faixa = 12
Melhor altura = 81

Lower Bound 1 = 61
Lower Bound 2 = 78
Avaliação = 1.03846

Tempo de execução: 0s

---------------------------

Melhor até agora: 81 Geração: 0
Tamanho da população: 300
Fração elite: 0.25
Fração mutante: 0.2
Probabilidade herdar alelo elite: 0.7
Número de populações independentes: 2
Número de threads: 16
Trocar os melhores indivíduos a cada 30 gerações
Número máximo de gerações: 300
Número máximo de iterações sem melhora: 50
Largura da faixa = 12
Melhor altura = 81

Lower Bound 1 = 61
Lower Bound 2 = 78
Avaliação = 1.03846

Tempo de execução: 0s

---------------------------

Melhor até agora: 89 Geração: 0
Melhor até agora: 81 Geração: 1
Tamanho da população: 300
Fração elite: 0.25
Fração mutante: 0.2
Probabilidade herdar alelo elite: 0.7
Número de populações independentes: 2
Número de threads: 16
Trocar os melhores indivíduos a cada 30 gerações
Número máximo de gerações: 300
Número máximo de iterações sem melhora: 50
Largura da faixa = 12
Melhor altura = 81

Lower Bound 1 = 61
Lower Bound 2 = 78
Avaliação = 1.03846

Tempo de execução: 0s

---------------------------

Melhor até agora: 81 Geração: 0
Tamanho da população: 300
Fração elite: 0.25
Fração mutante: 0.2
Probabilidade herdar alelo elite: 0.7
Número de populações independentes: 2
Número de threads: 16
Trocar os melhores indivíduos a cada 30 gerações
Número máximo de gerações: 300
Número máximo de iterações sem melhora: 50
Largura da faixa = 12
Melhor altura = 81

Lower Bound 1 = 61
Lower Bound 2 = 78
Avaliação = 1.03846

Tempo de execução: 0s

---------------------------

Melhor até agora: 81 Geração: 0
Tamanho da população: 300
Fração elite: 0.25
Fração mutante: 0.2
Probabilidade herdar alelo elite: 0.7
Número de populações independentes: 2
Número de threads: 16
Trocar os melhores indivíduos a cada 30 gerações
Número máximo de gerações: 300
Número máximo de iterações sem melhora: 50
Largura da faixa = 12
Melhor altura = 81

Lower Bound 1 = 61
Lower Bound 2 = 78
Avaliação = 1.03846

Tempo de execução: 0s

---------------------------

Melhor até agora: 81 Geração: 0
Tamanho da população: 300
Fração elite: 0.25
Fração mutante: 0.2
Probabilidade herdar alelo elite: 0.7
Número de populações independentes: 2
Número de threads: 16
Trocar os melhores indivíduos a cada 30 gerações
Número máximo de gerações: 300
Número máximo de iterações sem melhora: 50
Largura da faixa = 12
Melhor altura = 81

Lower Bound 1 = 61
Lower Bound 2 = 78
Avaliação = 1.03846

Tempo de execução: 0s

---------------------------

Melhor até agora: 89 Geração: 0
Melhor até agora: 81 Geração: 1
Tamanho da população: 300
Fração elite: 0.25
Fração mutante: 0.2
Probabilidade herdar alelo elite: 0.7
Número de populações independentes: 2
Número de threads: 16
Trocar os melhores indivíduos a cada 30 gerações
Número máximo de gerações: 300
Número máximo de iterações sem melhora: 50
Largura da faixa = 12
Melhor altura = 81

Lower Bound 1 = 61
Lower Bound 2 = 78
Avaliação = 1.03846

Tempo de execução: 0s

---------------------------

Melhor até agora: 81 Geração: 0
Tamanho da população: 300
Fração elite: 0.25
Fração mutante: 0.2
Probabilidade herdar alelo elite: 0.7
Número de populações independentes: 2
Número de threads: 16
Trocar os melhores indivíduos a cada 30 gerações
Número máximo de gerações: 300
Número máximo de iterações sem melhora: 50
Largura da faixa = 12
Melhor altura = 81

Lower Bound 1 = 61
Lower Bound 2 = 78
Avaliação = 1.03846

Tempo de execução: 0s

---------------------------

Melhor até agora: 87 Geração: 0
Melhor até agora: 81 Geração: 1
Tamanho da população: 300
Fração elite: 0.25
Fração mutante: 0.2
Probabilidade herdar alelo elite: 0.7
Número de populações independentes: 2
Número de threads: 16
Trocar os melhores indivíduos a cada 30 gerações
Número máximo de gerações: 300
Número máximo de iterações sem melhora: 50
Largura da faixa = 12
Melhor altura = 81

Lower Bound 1 = 61
Lower Bound 2 = 78
Avaliação = 1.03846

Tempo de execução: 0s

---------------------------

Melhor até agora: 81 Geração: 0
Tamanho da população: 300
Fração elite: 0.25
Fração mutante: 0.2
Probabilidade herdar alelo elite: 0.7
Número de populações independentes: 2
Número de threads: 16
Trocar os melhores indivíduos a cada 30 gerações
Número máximo de gerações: 300
Número máximo de iterações sem melhora: 50
Largura da faixa = 12
Melhor altura = 81

Lower Bound 1 = 61
Lower Bound 2 = 78
Avaliação = 1.03846

Tempo de execução: 0s

---------------------------

Melhor até agora: 81 Geração: 0
Tamanho da população: 300
Fração elite: 0.25
Fração mutante: 0.2
Probabilidade herdar alelo elite: 0.7
Número de populações independentes: 2
Número de threads: 16
Trocar os melhores indivíduos a cada 30 gerações
Número máximo de gerações: 300
Número máximo de iterações sem melhora: 50
Largura da faixa = 12
Melhor altura = 81

Lower Bound 1 = 61
Lower Bound 2 = 78
Avaliação = 1.03846

Tempo de execução: 0s

---------------------------

Melhor até agora: 81 Geração: 0
Tamanho da população: 300
Fração elite: 0.25
Fração mutante: 0.2
Probabilidade herdar alelo elite: 0.7
Número de populações independentes: 2
Número de threads: 16
Trocar os melhores indivíduos a cada 30 gerações
Número máximo de gerações: 300
Número máximo de iterações sem melhora: 50
Largura da faixa = 12
Melhor altura = 81

Lower Bound 1 = 61
Lower Bound 2 = 78
Avaliação = 1.03846

Tempo de execução: 0s

---------------------------

Melhor até agora: 81 Geração: 0
Tamanho da população: 300
Fração elite: 0.25
Fração mutante: 0.2
Probabilidade herdar alelo elite: 0.7
Número de populações independentes: 2
Número de threads: 16
Trocar os melhores indivíduos a cada 30 gerações
Número máximo de gerações: 300
Número máximo de iterações sem melhora: 50
Largura da faixa = 12
Melhor altura = 81

Lower Bound 1 = 61
Lower Bound 2 = 78
Avaliação = 1.03846

Tempo de execução: 0s

---------------------------

Melhor até agora: 81 Geração: 0
Tamanho da população: 300
Fração elite: 0.25
Fração mutante: 0.2
Probabilidade herdar alelo elite: 0.7
Número de populações independentes: 2
Número de threads: 16
Trocar os melhores indivíduos a cada 30 gerações
Número máximo de gerações: 300
Número máximo de iterações sem melhora: 50
Largura da faixa = 12
Melhor altura = 81

Lower Bound 1 = 61
Lower Bound 2 = 78
Avaliação = 1.03846

Tempo de execução: 0s

---------------------------

Melhor até agora: 81 Geração: 0
Tamanho da população: 300
Fração elite: 0.25
Fração mutante: 0.2
Probabilidade herdar alelo elite: 0.7
Número de populações independentes: 2
Número de threads: 16
Trocar os melhores indivíduos a cada 30 gerações
Número máximo de gerações: 300
Número máximo de iterações sem melhora: 50
Largura da faixa = 12
Melhor altura = 81

Lower Bound 1 = 61
Lower Bound 2 = 78
Avaliação = 1.03846

Tempo de execução: 0s

---------------------------

Melhor até agora: 81 Geração: 0
Tamanho da população: 300
Fração elite: 0.25
Fração mutante: 0.2
Probabilidade herdar alelo elite: 0.7
Número de populações independentes: 2
Número de threads: 16
Trocar os melhores indivíduos a cada 30 gerações
Número máximo de gerações: 300
Número máximo de iterações sem melhora: 50
Largura da faixa = 12
Melhor altura = 81

Lower Bound 1 = 61
Lower Bound 2 = 78
Avaliação = 1.03846

Tempo de execução: 0s

---------------------------

Melhor até agora: 81 Geração: 0
Tamanho da população: 300
Fração elite: 0.25
Fração mutante: 0.2
Probabilidade herdar alelo elite: 0.7
Número de populações independentes: 2
Número de threads: 16
Trocar os melhores indivíduos a cada 30 gerações
Número máximo de gerações: 300
Número máximo de iterações sem melhora: 50
Largura da faixa = 12
Melhor altura = 81

Lower Bound 1 = 61
Lower Bound 2 = 78
Avaliação = 1.03846

Tempo de execução: 0s

---------------------------

Melhor até agora: 81 Geração: 0
Tamanho da população: 300
Fração elite: 0.25
Fração mutante: 0.2
Probabilidade herdar alelo elite: 0.7
Número de populações independentes: 2
Número de threads: 16
Trocar os melhores indivíduos a cada 30 gerações
Número máximo de gerações: 300
Número máximo de iterações sem melhora: 50
Largura da faixa = 12
Melhor altura = 81

Lower Bound 1 = 61
Lower Bound 2 = 78
Avaliação = 1.03846

Tempo de execução: 0s

---------------------------

Melhor até agora: 81 Geração: 0
Tamanho da população: 300
Fração elite: 0.25
Fração mutante: 0.2
Probabilidade herdar alelo elite: 0.7
Número de populações independentes: 2
Número de threads: 16
Trocar os melhores indivíduos a cada 30 gerações
Número máximo de gerações: 300
Número máximo de iterações sem melhora: 50
Largura da faixa = 12
Melhor altura = 81

Lower Bound 1 = 61
Lower Bound 2 = 78
Avaliação = 1.03846

Tempo de execução: 0s

---------------------------

Melhor até agora: 81 Geração: 0
Tamanho da população: 300
Fração elite: 0.25
Fração mutante: 0.2
Probabilidade herdar alelo elite: 0.7
Número de populações independentes: 2
Número de threads: 16
Trocar os melhores indivíduos a cada 30 gerações
Número máximo de gerações: 300
Número máximo de iterações sem melhora: 50
Largura da faixa = 12
Melhor altura = 81

Lower Bound 1 = 61
Lower Bound 2 = 78
Avaliação = 1.03846

Tempo de execução: 0s

---------------------------

Melhor até agora: 87 Geração: 0
Melhor até agora: 81 Geração: 1
Tamanho da população: 300
Fração elite: 0.25
Fração mutante: 0.2
Probabilidade herdar alelo elite: 0.7
Número de populações independentes: 2
Número de threads: 16
Trocar os melhores indivíduos a cada 30 gerações
Número máximo de gerações: 300
Número máximo de iterações sem melhora: 50
Largura da faixa = 12
Melhor altura = 81

Lower Bound 1 = 61
Lower Bound 2 = 78
Avaliação = 1.03846

Tempo de execução: 0s

---------------------------

Melhor até agora: 81 Geração: 0
Tamanho da população: 300
Fração elite: 0.25
Fração mutante: 0.2
Probabilidade herdar alelo elite: 0.7
Número de populações independentes: 2
Número de threads: 16
Trocar os melhores indivíduos a cada 30 gerações
Número máximo de gerações: 300
Número máximo de iterações sem melhora: 50
Largura da faixa = 12
Melhor altura = 81

Lower Bound 1 = 61
Lower Bound 2 = 78
Avaliação = 1.03846

Tempo de execução: 0s

---------------------------

Melhor até agora: 81 Geração: 0
Tamanho da população: 300
Fração elite: 0.25
Fração mutante: 0.2
Probabilidade herdar alelo elite: 0.7
Número de populações independentes: 2
Número de threads: 16
Trocar os melhores indivíduos a cada 30 gerações
Número máximo de gerações: 300
Número máximo de iterações sem melhora: 50
Largura da faixa = 12
Melhor altura = 81

Lower Bound 1 = 61
Lower Bound 2 = 78
Avaliação = 1.03846

Tempo de execução: 0s

---------------------------

Tamanho da população: 297
Fração elite: 0.55
Fração mutante: 0.0174
Probabilidade herdar alelo elite: 0.7678
Número de populações independentes: 1
Número de threads: 1
Trocar os melhores indivíduos a cada 30 gerações
Número máximo de gerações: 279

Largura da faixa = 12
Melhor altura = 81

Lower Bound 1 = 61
Lower Bound 2 = 78
Avaliação = 1.03846

Tempo de execução: 0.829583s

---------------------------

Tamanho da população: 297
Fração elite: 0.55
Fração mutante: 0.0174
Probabilidade herdar alelo elite: 0.7678
Número de populações independentes: 1
Número de threads: 1
Trocar os melhores indivíduos a cada 30 gerações
Número máximo de gerações: 279

Largura da faixa = 12
Melhor altura = 81

Lower Bound 1 = 61
Lower Bound 2 = 78
Avaliação = 1.03846

Tempo de execução: 0.83301s

---------------------------

Tamanho da população: 297
Fração elite: 0.55
Fração mutante: 0.0174
Probabilidade herdar alelo elite: 0.7678
Número de populações independentes: 1
Número de threads: 1
Trocar os melhores indivíduos a cada 30 gerações
Número máximo de gerações: 279

Largura da faixa = 12
Melhor altura = 81

Lower Bound 1 = 61
Lower Bound 2 = 78
Avaliação = 1.03846

Tempo de execução: 0.847663s

---------------------------

Tamanho da população: 297
Fração elite: 0.55
Fração mutante: 0.0174
Probabilidade herdar alelo elite: 0.7678
Número de populações independentes: 1
Número de threads: 1
Trocar os melhores indivíduos a cada 30 gerações
Número máximo de gerações: 279

Largura da faixa = 12
Melhor altura = 81

Lower Bound 1 = 61
Lower Bound 2 = 78
Avaliação = 1.03846

Tempo de execução: 0.848753s

---------------------------

Tamanho da população: 297
Fração elite: 0.55
Fração mutante: 0.0174
Probabilidade herdar alelo elite: 0.7678
Número de populações independentes: 1
Número de threads: 1
Trocar os melhores indivíduos a cada 30 gerações
Número máximo de gerações: 279

Largura da faixa = 12
Melhor altura = 81

Lower Bound 1 = 61
Lower Bound 2 = 78
Avaliação = 1.03846

Tempo de execução: 0.857052s

---------------------------

Tamanho da população: 297
Fração elite: 0.55
Fração mutante: 0.0174
Probabilidade herdar alelo elite: 0.7678
Número de populações independentes: 1
Número de threads: 1
Trocar os melhores indivíduos a cada 30 gerações
Número máximo de gerações: 279

Largura da faixa = 12
Melhor altura = 81

Lower Bound 1 = 61
Lower Bound 2 = 78
Avaliação = 1.03846

Tempo de execução: 0.860642s

---------------------------

Tamanho da população: 297
Fração elite: 0.55
Fração mutante: 0.0174
Probabilidade herdar alelo elite: 0.7678
Número de populações independentes: 1
Número de threads: 1
Trocar os melhores indivíduos a cada 30 gerações
Número máximo de gerações: 279

Largura da faixa = 12
Melhor altura = 81

Lower Bound 1 = 61
Lower Bound 2 = 78
Avaliação = 1.03846

Tempo de execução: 0.842295s

---------------------------

Tamanho da população: 297
Fração elite: 0.55
Fração mutante: 0.0174
Probabilidade herdar alelo elite: 0.7678
Número de populações independentes: 1
Número de threads: 1
Trocar os melhores indivíduos a cada 30 gerações
Número máximo de gerações: 279

Largura da faixa = 12
Melhor altura = 81

Lower Bound 1 = 61
Lower Bound 2 = 78
Avaliação = 1.03846

Tempo de execução: 0.861439s

---------------------------

Tamanho da população: 297
Fração elite: 0.55
Fração mutante: 0.0174
Probabilidade herdar alelo elite: 0.7678
Número de populações independentes: 1
Número de threads: 1
Trocar os melhores indivíduos a cada 30 gerações
Número máximo de gerações: 279

Largura da faixa = 12
Melhor altura = 81

Lower Bound 1 = 61
Lower Bound 2 = 78
Avaliação = 1.03846

Tempo de execução: 0.864195s

---------------------------

Tamanho da população: 297
Fração elite: 0.55
Fração mutante: 0.0174
Probabilidade herdar alelo elite: 0.7678
Número de populações independentes: 1
Número de threads: 1
Trocar os melhores indivíduos a cada 30 gerações
Número máximo de gerações: 279

Largura da faixa = 12
Melhor altura = 81

Lower Bound 1 = 61
Lower Bound 2 = 78
Avaliação = 1.03846

Tempo de execução: 0.83076s

---------------------------

Tamanho da população: 297
Fração elite: 0.55
Fração mutante: 0.0174
Probabilidade herdar alelo elite: 0.7678
Número de populações independentes: 1
Número de threads: 1
Trocar os melhores indivíduos a cada 30 gerações
Número máximo de gerações: 279

Largura da faixa = 12
Melhor altura = 81

Lower Bound 1 = 61
Lower Bound 2 = 78
Avaliação = 1.03846

Tempo de execução: 0.832722s

---------------------------

Tamanho da população: 297
Fração elite: 0.55
Fração mutante: 0.0174
Probabilidade herdar alelo elite: 0.7678
Número de populações independentes: 1
Número de threads: 1
Trocar os melhores indivíduos a cada 30 gerações
Número máximo de gerações: 279

Largura da faixa = 12
Melhor altura = 81

Lower Bound 1 = 61
Lower Bound 2 = 78
Avaliação = 1.03846

Tempo de execução: 0.849145s

---------------------------

Tamanho da população: 297
Fração elite: 0.55
Fração mutante: 0.0174
Probabilidade herdar alelo elite: 0.7678
Número de populações independentes: 1
Número de threads: 1
Trocar os melhores indivíduos a cada 30 gerações
Número máximo de gerações: 279

Largura da faixa = 12
Melhor altura = 81

Lower Bound 1 = 61
Lower Bound 2 = 78
Avaliação = 1.03846

Tempo de execução: 0.854477s

---------------------------

Tamanho da população: 297
Fração elite: 0.55
Fração mutante: 0.0174
Probabilidade herdar alelo elite: 0.7678
Número de populações independentes: 1
Número de threads: 1
Trocar os melhores indivíduos a cada 30 gerações
Número máximo de gerações: 279

Largura da faixa = 12
Melhor altura = 81

Lower Bound 1 = 61
Lower Bound 2 = 78
Avaliação = 1.03846

Tempo de execução: 0.858917s

---------------------------

Tamanho da população: 297
Fração elite: 0.55
Fração mutante: 0.0174
Probabilidade herdar alelo elite: 0.7678
Número de populações independentes: 1
Número de threads: 1
Trocar os melhores indivíduos a cada 30 gerações
Número máximo de gerações: 279

Largura da faixa = 12
Melhor altura = 81

Lower Bound 1 = 61
Lower Bound 2 = 78
Avaliação = 1.03846

Tempo de execução: 0.861798s

---------------------------

Tamanho da população: 297
Fração elite: 0.55
Fração mutante: 0.0174
Probabilidade herdar alelo elite: 0.7678
Número de populações independentes: 1
Número de threads: 1
Trocar os melhores indivíduos a cada 30 gerações
Número máximo de gerações: 279

Largura da faixa = 12
Melhor altura = 81

Lower Bound 1 = 61
Lower Bound 2 = 78
Avaliação = 1.03846

Tempo de execução: 0.841679s

---------------------------

Tamanho da população: 297
Fração elite: 0.55
Fração mutante: 0.0174
Probabilidade herdar alelo elite: 0.7678
Número de populações independentes: 1
Número de threads: 1
Trocar os melhores indivíduos a cada 30 gerações
Número máximo de gerações: 279

Largura da faixa = 12
Melhor altura = 81

Lower Bound 1 = 61
Lower Bound 2 = 78
Avaliação = 1.03846

Tempo de execução: 0.842676s

---------------------------

Tamanho da população: 297
Fração elite: 0.55
Fração mutante: 0.0174
Probabilidade herdar alelo elite: 0.7678
Número de populações independentes: 1
Número de threads: 1
Trocar os melhores indivíduos a cada 30 gerações
Número máximo de gerações: 279

Largura da faixa = 12
Melhor altura = 81

Lower Bound 1 = 61
Lower Bound 2 = 78
Avaliação = 1.03846

Tempo de execução: 0.846573s

---------------------------

Tamanho da população: 297
Fração elite: 0.55
Fração mutante: 0.0174
Probabilidade herdar alelo elite: 0.7678
Número de populações independentes: 1
Número de threads: 1
Trocar os melhores indivíduos a cada 30 gerações
Número máximo de gerações: 279

Largura da faixa = 12
Melhor altura = 81

Lower Bound 1 = 61
Lower Bound 2 = 78
Avaliação = 1.03846

Tempo de execução: 0.841287s

---------------------------

Tamanho da população: 297
Fração elite: 0.55
Fração mutante: 0.0174
Probabilidade herdar alelo elite: 0.7678
Número de populações independentes: 1
Número de threads: 1
Trocar os melhores indivíduos a cada 30 gerações
Número máximo de gerações: 279

Largura da faixa = 12
Melhor altura = 81

Lower Bound 1 = 61
Lower Bound 2 = 78
Avaliação = 1.03846

Tempo de execução: 0.843056s

---------------------------

