Melhor até agora: 538 Geração: 0
Melhor até agora: 529 Geração: 13
Melhor até agora: 527 Geração: 16
Melhor até agora: 523 Geração: 19
Melhor até agora: 517 Geração: 21
Melhor até agora: 514 Geração: 24
Melhor até agora: 513 Geração: 26
Melhor até agora: 510 Geração: 28
Melhor até agora: 508 Geração: 40
Melhor até agora: 507 Geração: 43
Melhor até agora: 506 Geração: 62
Melhor até agora: 504 Geração: 71
Melhor até agora: 503 Geração: 84
Tamanho da população: 300
Fração elite: 0.25
Fração mutante: 0.2
Probabilidade herdar alelo elite: 0.7
Número de populações independentes: 2
Número de threads: 16
Trocar os melhores indivíduos a cada 30 gerações
Número máximo de gerações: 300
Número máximo de iterações sem melhora: 50
Largura da faixa = 12
Melhor altura = 503

Lower Bound 1 = 417
Lower Bound 2 = 408
Avaliação = 1.20624

Tempo de execução: 2s

---------------------------

Melhor até agora: 538 Geração: 0
Melhor até agora: 532 Geração: 8
Melhor até agora: 528 Geração: 9
Melhor até agora: 527 Geração: 10
Melhor até agora: 521 Geração: 14
Melhor até agora: 518 Geração: 17
Melhor até agora: 517 Geração: 19
Melhor até agora: 516 Geração: 20
Melhor até agora: 510 Geração: 26
Melhor até agora: 507 Geração: 32
Melhor até agora: 506 Geração: 37
Melhor até agora: 504 Geração: 50
Melhor até agora: 503 Geração: 60
Melhor até agora: 502 Geração: 82
Tamanho da população: 300
Fração elite: 0.25
Fração mutante: 0.2
Probabilidade herdar alelo elite: 0.7
Número de populações independentes: 2
Número de threads: 16
Trocar os melhores indivíduos a cada 30 gerações
Número máximo de gerações: 300
Número máximo de iterações sem melhora: 50
Largura da faixa = 12
Melhor altura = 502

Lower Bound 1 = 417
Lower Bound 2 = 408
Avaliação = 1.20384

Tempo de execução: 2s

---------------------------

Melhor até agora: 538 Geração: 0
Melhor até agora: 535 Geração: 3
Melhor até agora: 534 Geração: 6
Melhor até agora: 527 Geração: 11
Melhor até agora: 526 Geração: 12
Melhor até agora: 521 Geração: 13
Melhor até agora: 520 Geração: 21
Melhor até agora: 517 Geração: 24
Melhor até agora: 516 Geração: 28
Melhor até agora: 511 Geração: 30
Melhor até agora: 509 Geração: 39
Melhor até agora: 508 Geração: 40
Melhor até agora: 505 Geração: 58
Melhor até agora: 504 Geração: 78
Melhor até agora: 503 Geração: 91
Melhor até agora: 502 Geração: 105
Melhor até agora: 501 Geração: 135
Tamanho da população: 300
Fração elite: 0.25
Fração mutante: 0.2
Probabilidade herdar alelo elite: 0.7
Número de populações independentes: 2
Número de threads: 16
Trocar os melhores indivíduos a cada 30 gerações
Número máximo de gerações: 300
Número máximo de iterações sem melhora: 50
Largura da faixa = 12
Melhor altura = 501

Lower Bound 1 = 417
Lower Bound 2 = 408
Avaliação = 1.20144

Tempo de execução: 3s

---------------------------

Melhor até agora: 532 Geração: 0
Melhor até agora: 529 Geração: 13
Melhor até agora: 524 Geração: 16
Melhor até agora: 520 Geração: 19
Melhor até agora: 511 Geração: 23
Melhor até agora: 510 Geração: 42
Melhor até agora: 509 Geração: 55
Melhor até agora: 508 Geração: 62
Melhor até agora: 507 Geração: 65
Melhor até agora: 506 Geração: 70
Melhor até agora: 505 Geração: 75
Melhor até agora: 504 Geração: 79
Melhor até agora: 503 Geração: 112
Melhor até agora: 502 Geração: 120
Melhor até agora: 501 Geração: 148
Melhor até agora: 498 Geração: 152
Melhor até agora: 497 Geração: 159
Tamanho da população: 300
Fração elite: 0.25
Fração mutante: 0.2
Probabilidade herdar alelo elite: 0.7
Número de populações independentes: 2
Número de threads: 16
Trocar os melhores indivíduos a cada 30 gerações
Número máximo de gerações: 300
Número máximo de iterações sem melhora: 50
Largura da faixa = 12
Melhor altura = 497

Lower Bound 1 = 417
Lower Bound 2 = 408
Avaliação = 1.19185

Tempo de execução: 4s

---------------------------

Melhor até agora: 538 Geração: 0
Melhor até agora: 534 Geração: 12
Melhor até agora: 528 Geração: 13
Melhor até agora: 523 Geração: 16
Melhor até agora: 518 Geração: 20
Melhor até agora: 514 Geração: 28
Melhor até agora: 512 Geração: 30
Melhor até agora: 511 Geração: 33
Melhor até agora: 510 Geração: 39
Melhor até agora: 507 Geração: 45
Melhor até agora: 506 Geração: 62
Melhor até agora: 505 Geração: 82
Melhor até agora: 504 Geração: 88
Melhor até agora: 502 Geração: 97
Melhor até agora: 501 Geração: 120
Tamanho da população: 300
Fração elite: 0.25
Fração mutante: 0.2
Probabilidade herdar alelo elite: 0.7
Número de populações independentes: 2
Número de threads: 16
Trocar os melhores indivíduos a cada 30 gerações
Número máximo de gerações: 300
Número máximo de iterações sem melhora: 50
Largura da faixa = 12
Melhor altura = 501

Lower Bound 1 = 417
Lower Bound 2 = 408
Avaliação = 1.20144

Tempo de execução: 3s

---------------------------

Melhor até agora: 538 Geração: 0
Melhor até agora: 536 Geração: 1
Melhor até agora: 528 Geração: 5
Melhor até agora: 522 Geração: 8
Melhor até agora: 519 Geração: 27
Melhor até agora: 518 Geração: 30
Melhor até agora: 517 Geração: 32
Melhor até agora: 510 Geração: 37
Melhor até agora: 509 Geração: 40
Melhor até agora: 506 Geração: 50
Melhor até agora: 504 Geração: 73
Melhor até agora: 503 Geração: 108
Melhor até agora: 502 Geração: 150
Tamanho da população: 300
Fração elite: 0.25
Fração mutante: 0.2
Probabilidade herdar alelo elite: 0.7
Número de populações independentes: 2
Número de threads: 16
Trocar os melhores indivíduos a cada 30 gerações
Número máximo de gerações: 300
Número máximo de iterações sem melhora: 50
Largura da faixa = 12
Melhor altura = 502

Lower Bound 1 = 417
Lower Bound 2 = 408
Avaliação = 1.20384

Tempo de execução: 4s

---------------------------

Melhor até agora: 538 Geração: 0
Melhor até agora: 537 Geração: 1
Melhor até agora: 527 Geração: 9
Melhor até agora: 523 Geração: 15
Melhor até agora: 522 Geração: 17
Melhor até agora: 519 Geração: 19
Melhor até agora: 518 Geração: 22
Melhor até agora: 516 Geração: 25
Melhor até agora: 511 Geração: 30
Melhor até agora: 509 Geração: 32
Melhor até agora: 508 Geração: 40
Melhor até agora: 507 Geração: 43
Melhor até agora: 506 Geração: 47
Melhor até agora: 505 Geração: 49
Melhor até agora: 504 Geração: 54
Melhor até agora: 503 Geração: 61
Melhor até agora: 502 Geração: 82
Melhor até agora: 501 Geração: 95
Melhor até agora: 500 Geração: 112
Tamanho da população: 300
Fração elite: 0.25
Fração mutante: 0.2
Probabilidade herdar alelo elite: 0.7
Número de populações independentes: 2
Número de threads: 16
Trocar os melhores indivíduos a cada 30 gerações
Número máximo de gerações: 300
Número máximo de iterações sem melhora: 50
Largura da faixa = 12
Melhor altura = 500

Lower Bound 1 = 417
Lower Bound 2 = 408
Avaliação = 1.19904

Tempo de execução: 3s

---------------------------

Melhor até agora: 538 Geração: 0
Melhor até agora: 531 Geração: 9
Melhor até agora: 530 Geração: 11
Melhor até agora: 526 Geração: 16
Melhor até agora: 517 Geração: 18
Melhor até agora: 516 Geração: 19
Melhor até agora: 510 Geração: 22
Melhor até agora: 509 Geração: 34
Melhor até agora: 506 Geração: 35
Melhor até agora: 504 Geração: 48
Melhor até agora: 503 Geração: 58
Melhor até agora: 502 Geração: 62
Melhor até agora: 501 Geração: 66
Melhor até agora: 500 Geração: 76
Melhor até agora: 499 Geração: 102
Melhor até agora: 498 Geração: 112
Melhor até agora: 497 Geração: 121
Melhor até agora: 496 Geração: 141
Tamanho da população: 300
Fração elite: 0.25
Fração mutante: 0.2
Probabilidade herdar alelo elite: 0.7
Número de populações independentes: 2
Número de threads: 16
Trocar os melhores indivíduos a cada 30 gerações
Número máximo de gerações: 300
Número máximo de iterações sem melhora: 50
Largura da faixa = 12
Melhor altura = 496

Lower Bound 1 = 417
Lower Bound 2 = 408
Avaliação = 1.18945

Tempo de execução: 4s

---------------------------

Melhor até agora: 538 Geração: 0
Melhor até agora: 537 Geração: 5
Melhor até agora: 534 Geração: 9
Melhor até agora: 527 Geração: 14
Melhor até agora: 525 Geração: 20
Melhor até agora: 524 Geração: 21
Melhor até agora: 519 Geração: 23
Melhor até agora: 518 Geração: 26
Melhor até agora: 513 Geração: 29
Melhor até agora: 510 Geração: 32
Melhor até agora: 509 Geração: 39
Melhor até agora: 508 Geração: 42
Melhor até agora: 507 Geração: 44
Melhor até agora: 505 Geração: 54
Melhor até agora: 504 Geração: 73
Melhor até agora: 503 Geração: 92
Melhor até agora: 502 Geração: 109
Tamanho da população: 300
Fração elite: 0.25
Fração mutante: 0.2
Probabilidade herdar alelo elite: 0.7
Número de populações independentes: 2
Número de threads: 16
Trocar os melhores indivíduos a cada 30 gerações
Número máximo de gerações: 300
Número máximo de iterações sem melhora: 50
Largura da faixa = 12
Melhor altura = 502

Lower Bound 1 = 417
Lower Bound 2 = 408
Avaliação = 1.20384

Tempo de execução: 3s

---------------------------

Melhor até agora: 538 Geração: 0
Melhor até agora: 536 Geração: 6
Melhor até agora: 531 Geração: 16
Melhor até agora: 529 Geração: 18
Melhor até agora: 511 Geração: 20
Melhor até agora: 510 Geração: 30
Melhor até agora: 509 Geração: 33
Melhor até agora: 508 Geração: 43
Melhor até agora: 507 Geração: 48
Melhor até agora: 506 Geração: 54
Melhor até agora: 505 Geração: 58
Melhor até agora: 504 Geração: 66
Melhor até agora: 503 Geração: 78
Melhor até agora: 502 Geração: 98
Melhor até agora: 501 Geração: 136
Tamanho da população: 300
Fração elite: 0.25
Fração mutante: 0.2
Probabilidade herdar alelo elite: 0.7
Número de populações independentes: 2
Número de threads: 16
Trocar os melhores indivíduos a cada 30 gerações
Número máximo de gerações: 300
Número máximo de iterações sem melhora: 50
Largura da faixa = 12
Melhor altura = 501

Lower Bound 1 = 417
Lower Bound 2 = 408
Avaliação = 1.20144

Tempo de execução: 3s

---------------------------

Melhor até agora: 538 Geração: 0
Melhor até agora: 535 Geração: 7
Melhor até agora: 527 Geração: 12
Melhor até agora: 524 Geração: 15
Melhor até agora: 520 Geração: 16
Melhor até agora: 519 Geração: 22
Melhor até agora: 515 Geração: 23
Melhor até agora: 514 Geração: 24
Melhor até agora: 513 Geração: 25
Melhor até agora: 511 Geração: 30
Melhor até agora: 508 Geração: 32
Melhor até agora: 507 Geração: 34
Melhor até agora: 506 Geração: 48
Melhor até agora: 505 Geração: 65
Melhor até agora: 504 Geração: 69
Melhor até agora: 503 Geração: 80
Tamanho da população: 300
Fração elite: 0.25
Fração mutante: 0.2
Probabilidade herdar alelo elite: 0.7
Número de populações independentes: 2
Número de threads: 16
Trocar os melhores indivíduos a cada 30 gerações
Número máximo de gerações: 300
Número máximo de iterações sem melhora: 50
Largura da faixa = 12
Melhor altura = 503

Lower Bound 1 = 417
Lower Bound 2 = 408
Avaliação = 1.20624

Tempo de execução: 2s

---------------------------

Melhor até agora: 535 Geração: 0
Melhor até agora: 532 Geração: 8
Melhor até agora: 528 Geração: 13
Melhor até agora: 524 Geração: 18
Melhor até agora: 521 Geração: 24
Melhor até agora: 517 Geração: 25
Melhor até agora: 515 Geração: 29
Melhor até agora: 514 Geração: 30
Melhor até agora: 513 Geração: 31
Melhor até agora: 510 Geração: 34
Melhor até agora: 506 Geração: 41
Melhor até agora: 504 Geração: 51
Melhor até agora: 503 Geração: 60
Melhor até agora: 501 Geração: 69
Melhor até agora: 500 Geração: 83
Tamanho da população: 300
Fração elite: 0.25
Fração mutante: 0.2
Probabilidade herdar alelo elite: 0.7
Número de populações independentes: 2
Número de threads: 16
Trocar os melhores indivíduos a cada 30 gerações
Número máximo de gerações: 300
Número máximo de iterações sem melhora: 50
Largura da faixa = 12
Melhor altura = 500

Lower Bound 1 = 417
Lower Bound 2 = 408
Avaliação = 1.19904

Tempo de execução: 2s

---------------------------

Melhor até agora: 538 Geração: 0
Melhor até agora: 536 Geração: 7
Melhor até agora: 534 Geração: 8
Melhor até agora: 532 Geração: 17
Melhor até agora: 527 Geração: 19
Melhor até agora: 525 Geração: 22
Melhor até agora: 523 Geração: 27
Melhor até agora: 522 Geração: 28
Melhor até agora: 521 Geração: 29
Melhor até agora: 515 Geração: 32
Melhor até agora: 511 Geração: 35
Melhor até agora: 510 Geração: 41
Melhor até agora: 508 Geração: 49
Melhor até agora: 507 Geração: 54
Melhor até agora: 506 Geração: 69
Melhor até agora: 505 Geração: 82
Melhor até agora: 503 Geração: 130
Melhor até agora: 501 Geração: 164
Tamanho da população: 300
Fração elite: 0.25
Fração mutante: 0.2
Probabilidade herdar alelo elite: 0.7
Número de populações independentes: 2
Número de threads: 16
Trocar os melhores indivíduos a cada 30 gerações
Número máximo de gerações: 300
Número máximo de iterações sem melhora: 50
Largura da faixa = 12
Melhor altura = 501

Lower Bound 1 = 417
Lower Bound 2 = 408
Avaliação = 1.20144

Tempo de execução: 4s

---------------------------

Melhor até agora: 538 Geração: 0
Melhor até agora: 537 Geração: 7
Melhor até agora: 531 Geração: 11
Melhor até agora: 529 Geração: 14
Melhor até agora: 527 Geração: 16
Melhor até agora: 524 Geração: 18
Melhor até agora: 519 Geração: 21
Melhor até agora: 518 Geração: 22
Melhor até agora: 517 Geração: 29
Melhor até agora: 510 Geração: 32
Melhor até agora: 508 Geração: 36
Melhor até agora: 507 Geração: 42
Melhor até agora: 506 Geração: 51
Melhor até agora: 504 Geração: 57
Melhor até agora: 503 Geração: 65
Melhor até agora: 502 Geração: 94
Melhor até agora: 500 Geração: 101
Tamanho da população: 300
Fração elite: 0.25
Fração mutante: 0.2
Probabilidade herdar alelo elite: 0.7
Número de populações independentes: 2
Número de threads: 16
Trocar os melhores indivíduos a cada 30 gerações
Número máximo de gerações: 300
Número máximo de iterações sem melhora: 50
Largura da faixa = 12
Melhor altura = 500

Lower Bound 1 = 417
Lower Bound 2 = 408
Avaliação = 1.19904

Tempo de execução: 3s

---------------------------

Melhor até agora: 538 Geração: 0
Melhor até agora: 532 Geração: 4
Melhor até agora: 531 Geração: 7
Melhor até agora: 527 Geração: 11
Melhor até agora: 522 Geração: 17
Melhor até agora: 515 Geração: 18
Melhor até agora: 512 Geração: 21
Melhor até agora: 510 Geração: 25
Melhor até agora: 505 Geração: 29
Melhor até agora: 504 Geração: 49
Melhor até agora: 502 Geração: 51
Melhor até agora: 501 Geração: 76
Melhor até agora: 500 Geração: 96
Tamanho da população: 300
Fração elite: 0.25
Fração mutante: 0.2
Probabilidade herdar alelo elite: 0.7
Número de populações independentes: 2
Número de threads: 16
Trocar os melhores indivíduos a cada 30 gerações
Número máximo de gerações: 300
Número máximo de iterações sem melhora: 50
Largura da faixa = 12
Melhor altura = 500

Lower Bound 1 = 417
Lower Bound 2 = 408
Avaliação = 1.19904

Tempo de execução: 3s

---------------------------

Melhor até agora: 538 Geração: 0
Melhor até agora: 537 Geração: 2
Melhor até agora: 534 Geração: 4
Melhor até agora: 532 Geração: 5
Melhor até agora: 527 Geração: 6
Melhor até agora: 523 Geração: 15
Melhor até agora: 517 Geração: 21
Melhor até agora: 515 Geração: 25
Melhor até agora: 514 Geração: 30
Melhor até agora: 510 Geração: 35
Melhor até agora: 508 Geração: 38
Melhor até agora: 507 Geração: 44
Melhor até agora: 506 Geração: 48
Melhor até agora: 505 Geração: 49
Melhor até agora: 504 Geração: 54
Melhor até agora: 503 Geração: 68
Melhor até agora: 502 Geração: 82
Tamanho da população: 300
Fração elite: 0.25
Fração mutante: 0.2
Probabilidade herdar alelo elite: 0.7
Número de populações independentes: 2
Número de threads: 16
Trocar os melhores indivíduos a cada 30 gerações
Número máximo de gerações: 300
Número máximo de iterações sem melhora: 50
Largura da faixa = 12
Melhor altura = 502

Lower Bound 1 = 417
Lower Bound 2 = 408
Avaliação = 1.20384

Tempo de execução: 2s

---------------------------

Melhor até agora: 534 Geração: 0
Melhor até agora: 531 Geração: 5
Melhor até agora: 529 Geração: 8
Melhor até agora: 527 Geração: 9
Melhor até agora: 521 Geração: 16
Melhor até agora: 518 Geração: 23
Melhor até agora: 517 Geração: 25
Melhor até agora: 515 Geração: 31
Melhor até agora: 513 Geração: 40
Melhor até agora: 511 Geração: 42
Melhor até agora: 510 Geração: 44
Melhor até agora: 509 Geração: 47
Melhor até agora: 507 Geração: 52
Melhor até agora: 506 Geração: 56
Melhor até agora: 505 Geração: 67
Melhor até agora: 504 Geração: 73
Melhor até agora: 503 Geração: 88
Melhor até agora: 502 Geração: 118
Tamanho da população: 300
Fração elite: 0.25
Fração mutante: 0.2
Probabilidade herdar alelo elite: 0.7
Número de populações independentes: 2
Número de threads: 16
Trocar os melhores indivíduos a cada 30 gerações
Número máximo de gerações: 300
Número máximo de iterações sem melhora: 50
Largura da faixa = 12
Melhor altura = 502

Lower Bound 1 = 417
Lower Bound 2 = 408
Avaliação = 1.20384

Tempo de execução: 3s

---------------------------

Melhor até agora: 532 Geração: 0
Melhor até agora: 531 Geração: 15
Melhor até agora: 527 Geração: 18
Melhor até agora: 518 Geração: 19
Melhor até agora: 516 Geração: 30
Melhor até agora: 514 Geração: 32
Melhor até agora: 512 Geração: 38
Melhor até agora: 511 Geração: 39
Melhor até agora: 510 Geração: 41
Melhor até agora: 508 Geração: 45
Melhor até agora: 507 Geração: 47
Melhor até agora: 505 Geração: 50
Melhor até agora: 504 Geração: 69
Melhor até agora: 503 Geração: 76
Melhor até agora: 502 Geração: 83
Melhor até agora: 501 Geração: 109
Tamanho da população: 300
Fração elite: 0.25
Fração mutante: 0.2
Probabilidade herdar alelo elite: 0.7
Número de populações independentes: 2
Número de threads: 16
Trocar os melhores indivíduos a cada 30 gerações
Número máximo de gerações: 300
Número máximo de iterações sem melhora: 50
Largura da faixa = 12
Melhor altura = 501

Lower Bound 1 = 417
Lower Bound 2 = 408
Avaliação = 1.20144

Tempo de execução: 3s

---------------------------

Melhor até agora: 538 Geração: 0
Melhor até agora: 532 Geração: 11
Melhor até agora: 529 Geração: 12
Melhor até agora: 527 Geração: 16
Melhor até agora: 522 Geração: 21
Melhor até agora: 521 Geração: 22
Melhor até agora: 519 Geração: 23
Melhor até agora: 517 Geração: 24
Melhor até agora: 516 Geração: 28
Melhor até agora: 515 Geração: 30
Melhor até agora: 513 Geração: 36
Melhor até agora: 512 Geração: 42
Melhor até agora: 509 Geração: 45
Melhor até agora: 505 Geração: 57
Melhor até agora: 504 Geração: 74
Melhor até agora: 503 Geração: 95
Melhor até agora: 502 Geração: 108
Tamanho da população: 300
Fração elite: 0.25
Fração mutante: 0.2
Probabilidade herdar alelo elite: 0.7
Número de populações independentes: 2
Número de threads: 16
Trocar os melhores indivíduos a cada 30 gerações
Número máximo de gerações: 300
Número máximo de iterações sem melhora: 50
Largura da faixa = 12
Melhor altura = 502

Lower Bound 1 = 417
Lower Bound 2 = 408
Avaliação = 1.20384

Tempo de execução: 3s

---------------------------

Melhor até agora: 538 Geração: 0
Melhor até agora: 535 Geração: 2
Melhor até agora: 532 Geração: 9
Melhor até agora: 527 Geração: 11
Melhor até agora: 526 Geração: 20
Melhor até agora: 518 Geração: 22
Melhor até agora: 516 Geração: 29
Melhor até agora: 515 Geração: 32
Melhor até agora: 511 Geração: 37
Melhor até agora: 510 Geração: 40
Melhor até agora: 509 Geração: 44
Melhor até agora: 508 Geração: 50
Melhor até agora: 507 Geração: 55
Melhor até agora: 505 Geração: 57
Melhor até agora: 504 Geração: 65
Melhor até agora: 503 Geração: 76
Melhor até agora: 502 Geração: 104
Tamanho da população: 300
Fração elite: 0.25
Fração mutante: 0.2
Probabilidade herdar alelo elite: 0.7
Número de populações independentes: 2
Número de threads: 16
Trocar os melhores indivíduos a cada 30 gerações
Número máximo de gerações: 300
Número máximo de iterações sem melhora: 50
Largura da faixa = 12
Melhor altura = 502

Lower Bound 1 = 417
Lower Bound 2 = 408
Avaliação = 1.20384

Tempo de execução: 3s

---------------------------

Melhor até agora: 538 Geração: 0
Melhor até agora: 536 Geração: 2
Melhor até agora: 531 Geração: 11
Melhor até agora: 528 Geração: 17
Melhor até agora: 527 Geração: 19
Melhor até agora: 520 Geração: 23
Melhor até agora: 517 Geração: 27
Melhor até agora: 515 Geração: 31
Melhor até agora: 514 Geração: 32
Melhor até agora: 513 Geração: 34
Melhor até agora: 510 Geração: 37
Melhor até agora: 508 Geração: 43
Melhor até agora: 507 Geração: 54
Melhor até agora: 506 Geração: 55
Melhor até agora: 504 Geração: 61
Melhor até agora: 503 Geração: 65
Melhor até agora: 502 Geração: 67
Melhor até agora: 500 Geração: 78
Melhor até agora: 499 Geração: 80
Melhor até agora: 498 Geração: 94
Melhor até agora: 497 Geração: 107
Melhor até agora: 496 Geração: 118
Melhor até agora: 495 Geração: 134
Melhor até agora: 494 Geração: 142
Melhor até agora: 492 Geração: 160
Tamanho da população: 300
Fração elite: 0.25
Fração mutante: 0.2
Probabilidade herdar alelo elite: 0.7
Número de populações independentes: 2
Número de threads: 16
Trocar os melhores indivíduos a cada 30 gerações
Número máximo de gerações: 300
Número máximo de iterações sem melhora: 50
Largura da faixa = 12
Melhor altura = 492

Lower Bound 1 = 417
Lower Bound 2 = 408
Avaliação = 1.17986

Tempo de execução: 4s

---------------------------

Melhor até agora: 538 Geração: 0
Melhor até agora: 532 Geração: 5
Melhor até agora: 527 Geração: 7
Melhor até agora: 520 Geração: 18
Melhor até agora: 517 Geração: 20
Melhor até agora: 516 Geração: 25
Melhor até agora: 515 Geração: 29
Melhor até agora: 511 Geração: 31
Melhor até agora: 510 Geração: 34
Melhor até agora: 509 Geração: 40
Melhor até agora: 508 Geração: 44
Melhor até agora: 507 Geração: 47
Melhor até agora: 505 Geração: 52
Melhor até agora: 504 Geração: 57
Melhor até agora: 502 Geração: 65
Melhor até agora: 499 Geração: 66
Melhor até agora: 497 Geração: 84
Melhor até agora: 496 Geração: 91
Melhor até agora: 495 Geração: 109
Tamanho da população: 300
Fração elite: 0.25
Fração mutante: 0.2
Probabilidade herdar alelo elite: 0.7
Número de populações independentes: 2
Número de threads: 16
Trocar os melhores indivíduos a cada 30 gerações
Número máximo de gerações: 300
Número máximo de iterações sem melhora: 50
Largura da faixa = 12
Melhor altura = 495

Lower Bound 1 = 417
Lower Bound 2 = 408
Avaliação = 1.18705

Tempo de execução: 3s

---------------------------

Melhor até agora: 537 Geração: 0
Melhor até agora: 532 Geração: 7
Melhor até agora: 523 Geração: 9
Melhor até agora: 522 Geração: 13
Melhor até agora: 519 Geração: 23
Melhor até agora: 518 Geração: 26
Melhor até agora: 516 Geração: 28
Melhor até agora: 514 Geração: 29
Melhor até agora: 509 Geração: 31
Melhor até agora: 508 Geração: 38
Melhor até agora: 507 Geração: 46
Melhor até agora: 506 Geração: 61
Melhor até agora: 505 Geração: 66
Melhor até agora: 504 Geração: 72
Melhor até agora: 503 Geração: 79
Melhor até agora: 502 Geração: 90
Melhor até agora: 501 Geração: 104
Tamanho da população: 300
Fração elite: 0.25
Fração mutante: 0.2
Probabilidade herdar alelo elite: 0.7
Número de populações independentes: 2
Número de threads: 16
Trocar os melhores indivíduos a cada 30 gerações
Número máximo de gerações: 300
Número máximo de iterações sem melhora: 50
Largura da faixa = 12
Melhor altura = 501

Lower Bound 1 = 417
Lower Bound 2 = 408
Avaliação = 1.20144

Tempo de execução: 3s

---------------------------

Melhor até agora: 538 Geração: 0
Melhor até agora: 535 Geração: 2
Melhor até agora: 530 Geração: 15
Melhor até agora: 526 Geração: 19
Melhor até agora: 524 Geração: 20
Melhor até agora: 522 Geração: 21
Melhor até agora: 521 Geração: 27
Melhor até agora: 515 Geração: 28
Melhor até agora: 513 Geração: 33
Melhor até agora: 511 Geração: 34
Melhor até agora: 510 Geração: 42
Melhor até agora: 508 Geração: 48
Melhor até agora: 507 Geração: 59
Melhor até agora: 505 Geração: 65
Melhor até agora: 504 Geração: 98
Melhor até agora: 503 Geração: 103
Melhor até agora: 502 Geração: 125
Tamanho da população: 300
Fração elite: 0.25
Fração mutante: 0.2
Probabilidade herdar alelo elite: 0.7
Número de populações independentes: 2
Número de threads: 16
Trocar os melhores indivíduos a cada 30 gerações
Número máximo de gerações: 300
Número máximo de iterações sem melhora: 50
Largura da faixa = 12
Melhor altura = 502

Lower Bound 1 = 417
Lower Bound 2 = 408
Avaliação = 1.20384

Tempo de execução: 3s

---------------------------

Melhor até agora: 538 Geração: 0
Melhor até agora: 528 Geração: 1
Melhor até agora: 527 Geração: 13
Melhor até agora: 519 Geração: 15
Melhor até agora: 511 Geração: 21
Melhor até agora: 510 Geração: 31
Melhor até agora: 508 Geração: 42
Melhor até agora: 507 Geração: 50
Melhor até agora: 505 Geração: 54
Melhor até agora: 504 Geração: 62
Melhor até agora: 503 Geração: 78
Melhor até agora: 502 Geração: 92
Melhor até agora: 501 Geração: 93
Melhor até agora: 500 Geração: 104
Tamanho da população: 300
Fração elite: 0.25
Fração mutante: 0.2
Probabilidade herdar alelo elite: 0.7
Número de populações independentes: 2
Número de threads: 16
Trocar os melhores indivíduos a cada 30 gerações
Número máximo de gerações: 300
Número máximo de iterações sem melhora: 50
Largura da faixa = 12
Melhor altura = 500

Lower Bound 1 = 417
Lower Bound 2 = 408
Avaliação = 1.19904

Tempo de execução: 3s

---------------------------

Melhor até agora: 538 Geração: 0
Melhor até agora: 537 Geração: 8
Melhor até agora: 534 Geração: 12
Melhor até agora: 530 Geração: 15
Melhor até agora: 527 Geração: 16
Melhor até agora: 525 Geração: 18
Melhor até agora: 524 Geração: 21
Melhor até agora: 518 Geração: 22
Melhor até agora: 515 Geração: 23
Melhor até agora: 511 Geração: 29
Melhor até agora: 510 Geração: 33
Melhor até agora: 509 Geração: 42
Melhor até agora: 507 Geração: 47
Melhor até agora: 506 Geração: 57
Melhor até agora: 504 Geração: 66
Melhor até agora: 503 Geração: 94
Melhor até agora: 502 Geração: 113
Melhor até agora: 501 Geração: 125
Melhor até agora: 500 Geração: 127
Tamanho da população: 300
Fração elite: 0.25
Fração mutante: 0.2
Probabilidade herdar alelo elite: 0.7
Número de populações independentes: 2
Número de threads: 16
Trocar os melhores indivíduos a cada 30 gerações
Número máximo de gerações: 300
Número máximo de iterações sem melhora: 50
Largura da faixa = 12
Melhor altura = 500

Lower Bound 1 = 417
Lower Bound 2 = 408
Avaliação = 1.19904

Tempo de execução: 4s

---------------------------

Melhor até agora: 538 Geração: 0
Melhor até agora: 537 Geração: 3
Melhor até agora: 527 Geração: 8
Melhor até agora: 524 Geração: 13
Melhor até agora: 517 Geração: 15
Melhor até agora: 511 Geração: 20
Melhor até agora: 510 Geração: 30
Melhor até agora: 509 Geração: 32
Melhor até agora: 508 Geração: 35
Melhor até agora: 507 Geração: 42
Melhor até agora: 502 Geração: 48
Melhor até agora: 501 Geração: 60
Melhor até agora: 500 Geração: 63
Melhor até agora: 499 Geração: 79
Melhor até agora: 498 Geração: 89
Melhor até agora: 497 Geração: 103
Melhor até agora: 496 Geração: 108
Tamanho da população: 300
Fração elite: 0.25
Fração mutante: 0.2
Probabilidade herdar alelo elite: 0.7
Número de populações independentes: 2
Número de threads: 16
Trocar os melhores indivíduos a cada 30 gerações
Número máximo de gerações: 300
Número máximo de iterações sem melhora: 50
Largura da faixa = 12
Melhor altura = 496

Lower Bound 1 = 417
Lower Bound 2 = 408
Avaliação = 1.18945

Tempo de execução: 3s

---------------------------

Melhor até agora: 538 Geração: 0
Melhor até agora: 529 Geração: 4
Melhor até agora: 527 Geração: 16
Melhor até agora: 522 Geração: 19
Melhor até agora: 520 Geração: 23
Melhor até agora: 518 Geração: 24
Melhor até agora: 513 Geração: 25
Melhor até agora: 511 Geração: 28
Melhor até agora: 509 Geração: 32
Melhor até agora: 508 Geração: 41
Melhor até agora: 506 Geração: 49
Melhor até agora: 505 Geração: 51
Melhor até agora: 504 Geração: 57
Melhor até agora: 503 Geração: 80
Melhor até agora: 502 Geração: 99
Tamanho da população: 300
Fração elite: 0.25
Fração mutante: 0.2
Probabilidade herdar alelo elite: 0.7
Número de populações independentes: 2
Número de threads: 16
Trocar os melhores indivíduos a cada 30 gerações
Número máximo de gerações: 300
Número máximo de iterações sem melhora: 50
Largura da faixa = 12
Melhor altura = 502

Lower Bound 1 = 417
Lower Bound 2 = 408
Avaliação = 1.20384

Tempo de execução: 3s

---------------------------

Melhor até agora: 538 Geração: 0
Melhor até agora: 537 Geração: 2
Melhor até agora: 528 Geração: 4
Melhor até agora: 525 Geração: 11
Melhor até agora: 518 Geração: 15
Melhor até agora: 517 Geração: 24
Melhor até agora: 516 Geração: 31
Melhor até agora: 514 Geração: 32
Melhor até agora: 513 Geração: 33
Melhor até agora: 509 Geração: 38
Melhor até agora: 508 Geração: 46
Melhor até agora: 507 Geração: 52
Melhor até agora: 506 Geração: 58
Melhor até agora: 504 Geração: 71
Melhor até agora: 503 Geração: 92
Melhor até agora: 502 Geração: 129
Melhor até agora: 499 Geração: 136
Melhor até agora: 498 Geração: 143
Melhor até agora: 497 Geração: 154
Melhor até agora: 496 Geração: 166
Melhor até agora: 495 Geração: 180
Melhor até agora: 494 Geração: 199
Tamanho da população: 300
Fração elite: 0.25
Fração mutante: 0.2
Probabilidade herdar alelo elite: 0.7
Número de populações independentes: 2
Número de threads: 16
Trocar os melhores indivíduos a cada 30 gerações
Número máximo de gerações: 300
Número máximo de iterações sem melhora: 50
Largura da faixa = 12
Melhor altura = 494

Lower Bound 1 = 417
Lower Bound 2 = 408
Avaliação = 1.18465

Tempo de execução: 5s

---------------------------

Melhor até agora: 538 Geração: 0
Melhor até agora: 527 Geração: 6
Melhor até agora: 525 Geração: 8
Melhor até agora: 523 Geração: 18
Melhor até agora: 518 Geração: 19
Melhor até agora: 511 Geração: 25
Melhor até agora: 506 Geração: 33
Melhor até agora: 505 Geração: 49
Melhor até agora: 504 Geração: 61
Melhor até agora: 503 Geração: 67
Melhor até agora: 502 Geração: 88
Melhor até agora: 501 Geração: 92
Melhor até agora: 500 Geração: 102
Melhor até agora: 499 Geração: 143
Tamanho da população: 300
Fração elite: 0.25
Fração mutante: 0.2
Probabilidade herdar alelo elite: 0.7
Número de populações independentes: 2
Número de threads: 16
Trocar os melhores indivíduos a cada 30 gerações
Número máximo de gerações: 300
Número máximo de iterações sem melhora: 50
Largura da faixa = 12
Melhor altura = 499

Lower Bound 1 = 417
Lower Bound 2 = 408
Avaliação = 1.19664

Tempo de execução: 4s

---------------------------

Melhor até agora: 538 Geração: 0
Melhor até agora: 534 Geração: 5
Melhor até agora: 532 Geração: 7
Melhor até agora: 531 Geração: 9
Melhor até agora: 528 Geração: 10
Melhor até agora: 526 Geração: 11
Melhor até agora: 524 Geração: 13
Melhor até agora: 514 Geração: 21
Melhor até agora: 513 Geração: 31
Melhor até agora: 512 Geração: 32
Melhor até agora: 511 Geração: 35
Melhor até agora: 510 Geração: 41
Melhor até agora: 507 Geração: 42
Melhor até agora: 506 Geração: 49
Melhor até agora: 504 Geração: 59
Melhor até agora: 503 Geração: 69
Melhor até agora: 502 Geração: 96
Tamanho da população: 300
Fração elite: 0.25
Fração mutante: 0.2
Probabilidade herdar alelo elite: 0.7
Número de populações independentes: 2
Número de threads: 16
Trocar os melhores indivíduos a cada 30 gerações
Número máximo de gerações: 300
Número máximo de iterações sem melhora: 50
Largura da faixa = 12
Melhor altura = 502

Lower Bound 1 = 417
Lower Bound 2 = 408
Avaliação = 1.20384

Tempo de execução: 3s

---------------------------

Melhor até agora: 535 Geração: 0
Melhor até agora: 532 Geração: 5
Melhor até agora: 529 Geração: 9
Melhor até agora: 527 Geração: 12
Melhor até agora: 523 Geração: 16
Melhor até agora: 520 Geração: 18
Melhor até agora: 518 Geração: 21
Melhor até agora: 510 Geração: 22
Melhor até agora: 509 Geração: 33
Melhor até agora: 508 Geração: 37
Melhor até agora: 507 Geração: 40
Melhor até agora: 505 Geração: 47
Melhor até agora: 504 Geração: 64
Melhor até agora: 503 Geração: 78
Tamanho da população: 300
Fração elite: 0.25
Fração mutante: 0.2
Probabilidade herdar alelo elite: 0.7
Número de populações independentes: 2
Número de threads: 16
Trocar os melhores indivíduos a cada 30 gerações
Número máximo de gerações: 300
Número máximo de iterações sem melhora: 50
Largura da faixa = 12
Melhor altura = 503

Lower Bound 1 = 417
Lower Bound 2 = 408
Avaliação = 1.20624

Tempo de execução: 2s

---------------------------

Melhor até agora: 538 Geração: 0
Melhor até agora: 534 Geração: 2
Melhor até agora: 532 Geração: 14
Melhor até agora: 523 Geração: 15
Melhor até agora: 522 Geração: 25
Melhor até agora: 516 Geração: 26
Melhor até agora: 510 Geração: 33
Melhor até agora: 509 Geração: 41
Melhor até agora: 506 Geração: 44
Melhor até agora: 505 Geração: 47
Melhor até agora: 504 Geração: 55
Melhor até agora: 501 Geração: 56
Melhor até agora: 499 Geração: 78
Melhor até agora: 498 Geração: 85
Melhor até agora: 497 Geração: 88
Melhor até agora: 496 Geração: 107
Tamanho da população: 300
Fração elite: 0.25
Fração mutante: 0.2
Probabilidade herdar alelo elite: 0.7
Número de populações independentes: 2
Número de threads: 16
Trocar os melhores indivíduos a cada 30 gerações
Número máximo de gerações: 300
Número máximo de iterações sem melhora: 50
Largura da faixa = 12
Melhor altura = 496

Lower Bound 1 = 417
Lower Bound 2 = 408
Avaliação = 1.18945

Tempo de execução: 3s

---------------------------

Melhor até agora: 538 Geração: 0
Melhor até agora: 537 Geração: 3
Melhor até agora: 531 Geração: 4
Melhor até agora: 527 Geração: 11
Melhor até agora: 520 Geração: 14
Melhor até agora: 518 Geração: 22
Melhor até agora: 517 Geração: 24
Melhor até agora: 510 Geração: 28
Melhor até agora: 509 Geração: 35
Melhor até agora: 508 Geração: 40
Melhor até agora: 507 Geração: 47
Melhor até agora: 506 Geração: 58
Melhor até agora: 505 Geração: 68
Melhor até agora: 504 Geração: 81
Melhor até agora: 503 Geração: 94
Melhor até agora: 502 Geração: 110
Melhor até agora: 501 Geração: 111
Tamanho da população: 300
Fração elite: 0.25
Fração mutante: 0.2
Probabilidade herdar alelo elite: 0.7
Número de populações independentes: 2
Número de threads: 16
Trocar os melhores indivíduos a cada 30 gerações
Número máximo de gerações: 300
Número máximo de iterações sem melhora: 50
Largura da faixa = 12
Melhor altura = 501

Lower Bound 1 = 417
Lower Bound 2 = 408
Avaliação = 1.20144

Tempo de execução: 3s

---------------------------

Melhor até agora: 538 Geração: 0
Melhor até agora: 529 Geração: 1
Melhor até agora: 520 Geração: 11
Melhor até agora: 519 Geração: 14
Melhor até agora: 518 Geração: 18
Melhor até agora: 517 Geração: 19
Melhor até agora: 510 Geração: 23
Melhor até agora: 509 Geração: 29
Melhor até agora: 507 Geração: 32
Melhor até agora: 506 Geração: 38
Melhor até agora: 504 Geração: 40
Melhor até agora: 503 Geração: 42
Melhor até agora: 502 Geração: 47
Melhor até agora: 501 Geração: 62
Melhor até agora: 500 Geração: 92
Tamanho da população: 300
Fração elite: 0.25
Fração mutante: 0.2
Probabilidade herdar alelo elite: 0.7
Número de populações independentes: 2
Número de threads: 16
Trocar os melhores indivíduos a cada 30 gerações
Número máximo de gerações: 300
Número máximo de iterações sem melhora: 50
Largura da faixa = 12
Melhor altura = 500

Lower Bound 1 = 417
Lower Bound 2 = 408
Avaliação = 1.19904

Tempo de execução: 3s

---------------------------

Melhor até agora: 538 Geração: 0
Melhor até agora: 537 Geração: 5
Melhor até agora: 535 Geração: 10
Melhor até agora: 529 Geração: 11
Melhor até agora: 528 Geração: 15
Melhor até agora: 521 Geração: 16
Melhor até agora: 518 Geração: 20
Melhor até agora: 515 Geração: 25
Melhor até agora: 512 Geração: 26
Melhor até agora: 511 Geração: 31
Melhor até agora: 510 Geração: 36
Melhor até agora: 509 Geração: 44
Melhor até agora: 508 Geração: 46
Melhor até agora: 507 Geração: 52
Melhor até agora: 505 Geração: 62
Melhor até agora: 504 Geração: 80
Melhor até agora: 503 Geração: 92
Melhor até agora: 502 Geração: 105
Tamanho da população: 300
Fração elite: 0.25
Fração mutante: 0.2
Probabilidade herdar alelo elite: 0.7
Número de populações independentes: 2
Número de threads: 16
Trocar os melhores indivíduos a cada 30 gerações
Número máximo de gerações: 300
Número máximo de iterações sem melhora: 50
Largura da faixa = 12
Melhor altura = 502

Lower Bound 1 = 417
Lower Bound 2 = 408
Avaliação = 1.20384

Tempo de execução: 3s

---------------------------

Melhor até agora: 538 Geração: 0
Melhor até agora: 529 Geração: 3
Melhor até agora: 527 Geração: 13
Melhor até agora: 526 Geração: 15
Melhor até agora: 525 Geração: 17
Melhor até agora: 524 Geração: 19
Melhor até agora: 517 Geração: 22
Melhor até agora: 516 Geração: 31
Melhor até agora: 513 Geração: 34
Melhor até agora: 512 Geração: 37
Melhor até agora: 511 Geração: 38
Melhor até agora: 510 Geração: 40
Melhor até agora: 509 Geração: 42
Melhor até agora: 508 Geração: 48
Melhor até agora: 507 Geração: 53
Melhor até agora: 505 Geração: 61
Melhor até agora: 504 Geração: 71
Melhor até agora: 503 Geração: 89
Melhor até agora: 502 Geração: 112
Tamanho da população: 300
Fração elite: 0.25
Fração mutante: 0.2
Probabilidade herdar alelo elite: 0.7
Número de populações independentes: 2
Número de threads: 16
Trocar os melhores indivíduos a cada 30 gerações
Número máximo de gerações: 300
Número máximo de iterações sem melhora: 50
Largura da faixa = 12
Melhor altura = 502

Lower Bound 1 = 417
Lower Bound 2 = 408
Avaliação = 1.20384

Tempo de execução: 3s

---------------------------

Melhor até agora: 538 Geração: 0
Melhor até agora: 527 Geração: 10
Melhor até agora: 525 Geração: 11
Melhor até agora: 524 Geração: 15
Melhor até agora: 523 Geração: 19
Melhor até agora: 521 Geração: 23
Melhor até agora: 518 Geração: 25
Melhor até agora: 515 Geração: 27
Melhor até agora: 514 Geração: 29
Melhor até agora: 513 Geração: 42
Melhor até agora: 512 Geração: 44
Melhor até agora: 508 Geração: 46
Melhor até agora: 507 Geração: 47
Melhor até agora: 503 Geração: 53
Melhor até agora: 501 Geração: 64
Melhor até agora: 500 Geração: 65
Melhor até agora: 499 Geração: 74
Melhor até agora: 498 Geração: 102
Melhor até agora: 497 Geração: 115
Tamanho da população: 300
Fração elite: 0.25
Fração mutante: 0.2
Probabilidade herdar alelo elite: 0.7
Número de populações independentes: 2
Número de threads: 16
Trocar os melhores indivíduos a cada 30 gerações
Número máximo de gerações: 300
Número máximo de iterações sem melhora: 50
Largura da faixa = 12
Melhor altura = 497

Lower Bound 1 = 417
Lower Bound 2 = 408
Avaliação = 1.19185

Tempo de execução: 3s

---------------------------

Melhor até agora: 538 Geração: 0
Melhor até agora: 536 Geração: 9
Melhor até agora: 533 Geração: 11
Melhor até agora: 526 Geração: 17
Melhor até agora: 521 Geração: 19
Melhor até agora: 519 Geração: 23
Melhor até agora: 517 Geração: 26
Melhor até agora: 516 Geração: 28
Melhor até agora: 515 Geração: 34
Melhor até agora: 511 Geração: 35
Melhor até agora: 509 Geração: 39
Melhor até agora: 508 Geração: 42
Melhor até agora: 507 Geração: 45
Melhor até agora: 503 Geração: 57
Melhor até agora: 502 Geração: 67
Melhor até agora: 501 Geração: 77
Melhor até agora: 500 Geração: 80
Melhor até agora: 499 Geração: 92
Tamanho da população: 300
Fração elite: 0.25
Fração mutante: 0.2
Probabilidade herdar alelo elite: 0.7
Número de populações independentes: 2
Número de threads: 16
Trocar os melhores indivíduos a cada 30 gerações
Número máximo de gerações: 300
Número máximo de iterações sem melhora: 50
Largura da faixa = 12
Melhor altura = 499

Lower Bound 1 = 417
Lower Bound 2 = 408
Avaliação = 1.19664

Tempo de execução: 3s

---------------------------

Melhor até agora: 538 Geração: 0
Melhor até agora: 537 Geração: 5
Melhor até agora: 526 Geração: 16
Melhor até agora: 525 Geração: 17
Melhor até agora: 523 Geração: 21
Melhor até agora: 513 Geração: 22
Melhor até agora: 511 Geração: 34
Melhor até agora: 510 Geração: 38
Melhor até agora: 507 Geração: 44
Melhor até agora: 506 Geração: 59
Melhor até agora: 505 Geração: 60
Melhor até agora: 504 Geração: 62
Melhor até agora: 503 Geração: 86
Melhor até agora: 502 Geração: 91
Tamanho da população: 300
Fração elite: 0.25
Fração mutante: 0.2
Probabilidade herdar alelo elite: 0.7
Número de populações independentes: 2
Número de threads: 16
Trocar os melhores indivíduos a cada 30 gerações
Número máximo de gerações: 300
Número máximo de iterações sem melhora: 50
Largura da faixa = 12
Melhor altura = 502

Lower Bound 1 = 417
Lower Bound 2 = 408
Avaliação = 1.20384

Tempo de execução: 3s

---------------------------

Tamanho da população: 297
Fração elite: 0.55
Fração mutante: 0.0174
Probabilidade herdar alelo elite: 0.7678
Número de populações independentes: 1
Número de threads: 1
Trocar os melhores indivíduos a cada 30 gerações
Número máximo de gerações: 279

Largura da faixa = 12
Melhor altura = 499

Lower Bound 1 = 417
Lower Bound 2 = 408
Avaliação = 1.19664

Tempo de execução: 6.54502s

---------------------------

Tamanho da população: 297
Fração elite: 0.55
Fração mutante: 0.0174
Probabilidade herdar alelo elite: 0.7678
Número de populações independentes: 1
Número de threads: 1
Trocar os melhores indivíduos a cada 30 gerações
Número máximo de gerações: 279

Largura da faixa = 12
Melhor altura = 492

Lower Bound 1 = 417
Lower Bound 2 = 408
Avaliação = 1.17986

Tempo de execução: 6.57694s

---------------------------

Tamanho da população: 297
Fração elite: 0.55
Fração mutante: 0.0174
Probabilidade herdar alelo elite: 0.7678
Número de populações independentes: 1
Número de threads: 1
Trocar os melhores indivíduos a cada 30 gerações
Número máximo de gerações: 279

Largura da faixa = 12
Melhor altura = 503

Lower Bound 1 = 417
Lower Bound 2 = 408
Avaliação = 1.20624

Tempo de execução: 6.67452s

---------------------------

Tamanho da população: 297
Fração elite: 0.55
Fração mutante: 0.0174
Probabilidade herdar alelo elite: 0.7678
Número de populações independentes: 1
Número de threads: 1
Trocar os melhores indivíduos a cada 30 gerações
Número máximo de gerações: 279

Largura da faixa = 12
Melhor altura = 499

Lower Bound 1 = 417
Lower Bound 2 = 408
Avaliação = 1.19664

Tempo de execução: 6.70501s

---------------------------

Tamanho da população: 297
Fração elite: 0.55
Fração mutante: 0.0174
Probabilidade herdar alelo elite: 0.7678
Número de populações independentes: 1
Número de threads: 1
Trocar os melhores indivíduos a cada 30 gerações
Número máximo de gerações: 279

Largura da faixa = 12
Melhor altura = 495

Lower Bound 1 = 417
Lower Bound 2 = 408
Avaliação = 1.18705

Tempo de execução: 6.73386s

---------------------------

Tamanho da população: 297
Fração elite: 0.55
Fração mutante: 0.0174
Probabilidade herdar alelo elite: 0.7678
Número de populações independentes: 1
Número de threads: 1
Trocar os melhores indivíduos a cada 30 gerações
Número máximo de gerações: 279

Largura da faixa = 12
Melhor altura = 505

Lower Bound 1 = 417
Lower Bound 2 = 408
Avaliação = 1.21103

Tempo de execução: 6.77236s

---------------------------

Tamanho da população: 297
Fração elite: 0.55
Fração mutante: 0.0174
Probabilidade herdar alelo elite: 0.7678
Número de populações independentes: 1
Número de threads: 1
Trocar os melhores indivíduos a cada 30 gerações
Número máximo de gerações: 279

Largura da faixa = 12
Melhor altura = 504

Lower Bound 1 = 417
Lower Bound 2 = 408
Avaliação = 1.20863

Tempo de execução: 6.59601s

---------------------------

Tamanho da população: 297
Fração elite: 0.55
Fração mutante: 0.0174
Probabilidade herdar alelo elite: 0.7678
Número de populações independentes: 1
Número de threads: 1
Trocar os melhores indivíduos a cada 30 gerações
Número máximo de gerações: 279

Largura da faixa = 12
Melhor altura = 495

Lower Bound 1 = 417
Lower Bound 2 = 408
Avaliação = 1.18705

Tempo de execução: 6.64463s

---------------------------

Tamanho da população: 297
Fração elite: 0.55
Fração mutante: 0.0174
Probabilidade herdar alelo elite: 0.7678
Número de populações independentes: 1
Número de threads: 1
Trocar os melhores indivíduos a cada 30 gerações
Número máximo de gerações: 279

Largura da faixa = 12
Melhor altura = 499

Lower Bound 1 = 417
Lower Bound 2 = 408
Avaliação = 1.19664

Tempo de execução: 6.66086s

---------------------------

Tamanho da população: 297
Fração elite: 0.55
Fração mutante: 0.0174
Probabilidade herdar alelo elite: 0.7678
Número de populações independentes: 1
Número de threads: 1
Trocar os melhores indivíduos a cada 30 gerações
Número máximo de gerações: 279

Largura da faixa = 12
Melhor altura = 500

Lower Bound 1 = 417
Lower Bound 2 = 408
Avaliação = 1.19904

Tempo de execução: 6.49898s

---------------------------

Tamanho da população: 297
Fração elite: 0.55
Fração mutante: 0.0174
Probabilidade herdar alelo elite: 0.7678
Número de populações independentes: 1
Número de threads: 1
Trocar os melhores indivíduos a cada 30 gerações
Número máximo de gerações: 279

Largura da faixa = 12
Melhor altura = 493

Lower Bound 1 = 417
Lower Bound 2 = 408
Avaliação = 1.18225

Tempo de execução: 6.54216s

---------------------------

Tamanho da população: 297
Fração elite: 0.55
Fração mutante: 0.0174
Probabilidade herdar alelo elite: 0.7678
Número de populações independentes: 1
Número de threads: 1
Trocar os melhores indivíduos a cada 30 gerações
Número máximo de gerações: 279

Largura da faixa = 12
Melhor altura = 494

Lower Bound 1 = 417
Lower Bound 2 = 408
Avaliação = 1.18465

Tempo de execução: 6.60869s

---------------------------

Tamanho da população: 297
Fração elite: 0.55
Fração mutante: 0.0174
Probabilidade herdar alelo elite: 0.7678
Número de populações independentes: 1
Número de threads: 1
Trocar os melhores indivíduos a cada 30 gerações
Número máximo de gerações: 279

Largura da faixa = 12
Melhor altura = 501

Lower Bound 1 = 417
Lower Bound 2 = 408
Avaliação = 1.20144

Tempo de execução: 6.62696s

---------------------------

Tamanho da população: 297
Fração elite: 0.55
Fração mutante: 0.0174
Probabilidade herdar alelo elite: 0.7678
Número de populações independentes: 1
Número de threads: 1
Trocar os melhores indivíduos a cada 30 gerações
Número máximo de gerações: 279

Largura da faixa = 12
Melhor altura = 496

Lower Bound 1 = 417
Lower Bound 2 = 408
Avaliação = 1.18945

Tempo de execução: 6.67615s

---------------------------

Tamanho da população: 297
Fração elite: 0.55
Fração mutante: 0.0174
Probabilidade herdar alelo elite: 0.7678
Número de populações independentes: 1
Número de threads: 1
Trocar os melhores indivíduos a cada 30 gerações
Número máximo de gerações: 279

Largura da faixa = 12
Melhor altura = 500

Lower Bound 1 = 417
Lower Bound 2 = 408
Avaliação = 1.19904

Tempo de execução: 6.76562s

---------------------------

Tamanho da população: 297
Fração elite: 0.55
Fração mutante: 0.0174
Probabilidade herdar alelo elite: 0.7678
Número de populações independentes: 1
Número de threads: 1
Trocar os melhores indivíduos a cada 30 gerações
Número máximo de gerações: 279

Largura da faixa = 12
Melhor altura = 506

Lower Bound 1 = 417
Lower Bound 2 = 408
Avaliação = 1.21343

Tempo de execução: 6.45703s

---------------------------

Tamanho da população: 297
Fração elite: 0.55
Fração mutante: 0.0174
Probabilidade herdar alelo elite: 0.7678
Número de populações independentes: 1
Número de threads: 1
Trocar os melhores indivíduos a cada 30 gerações
Número máximo de gerações: 279

Largura da faixa = 12
Melhor altura = 499

Lower Bound 1 = 417
Lower Bound 2 = 408
Avaliação = 1.19664

Tempo de execução: 6.60534s

---------------------------

Tamanho da população: 297
Fração elite: 0.55
Fração mutante: 0.0174
Probabilidade herdar alelo elite: 0.7678
Número de populações independentes: 1
Número de threads: 1
Trocar os melhores indivíduos a cada 30 gerações
Número máximo de gerações: 279

Largura da faixa = 12
Melhor altura = 496

Lower Bound 1 = 417
Lower Bound 2 = 408
Avaliação = 1.18945

Tempo de execução: 6.69963s

---------------------------

Tamanho da população: 297
Fração elite: 0.55
Fração mutante: 0.0174
Probabilidade herdar alelo elite: 0.7678
Número de populações independentes: 1
Número de threads: 1
Trocar os melhores indivíduos a cada 30 gerações
Número máximo de gerações: 279

Largura da faixa = 12
Melhor altura = 498

Lower Bound 1 = 417
Lower Bound 2 = 408
Avaliação = 1.19424

Tempo de execução: 6.5256s

---------------------------

Tamanho da população: 297
Fração elite: 0.55
Fração mutante: 0.0174
Probabilidade herdar alelo elite: 0.7678
Número de populações independentes: 1
Número de threads: 1
Trocar os melhores indivíduos a cada 30 gerações
Número máximo de gerações: 279

Largura da faixa = 12
Melhor altura = 496

Lower Bound 1 = 417
Lower Bound 2 = 408
Avaliação = 1.18945

Tempo de execução: 6.53456s

---------------------------

