Tamanho da população: 475
Fração elite: 0.2121
Fração mutante: 0.0442
Probabilidade herdar alelo elite: 0.6514
Número de populações independentes: 3
Troca de informação de 4 individuos a cada 241 gerações
Número de threads: 1

Largura da faixa = 14
Melhor altura = 33

Lower Bound 1 = 28
Lower Bound 2 = 20
Avaliação = 1.17857

Tempo de execução: 60.0073s

---------------------------

Tamanho da população: 475
Fração elite: 0.2121
Fração mutante: 0.0442
Probabilidade herdar alelo elite: 0.6514
Número de populações independentes: 3
Troca de informação de 4 individuos a cada 241 gerações
Número de threads: 1

Largura da faixa = 14
Melhor altura = 33

Lower Bound 1 = 28
Lower Bound 2 = 20
Avaliação = 1.17857

Tempo de execução: 60.0076s

---------------------------

Tamanho da população: 475
Fração elite: 0.2121
Fração mutante: 0.0442
Probabilidade herdar alelo elite: 0.6514
Número de populações independentes: 3
Troca de informação de 4 individuos a cada 241 gerações
Número de threads: 1

Largura da faixa = 14
Melhor altura = 33

Lower Bound 1 = 28
Lower Bound 2 = 20
Avaliação = 1.17857

Tempo de execução: 60.0099s

---------------------------

Tamanho da população: 475
Fração elite: 0.2121
Fração mutante: 0.0442
Probabilidade herdar alelo elite: 0.6514
Número de populações independentes: 3
Troca de informação de 4 individuos a cada 241 gerações
Número de threads: 1

Largura da faixa = 14
Melhor altura = 33

Lower Bound 1 = 28
Lower Bound 2 = 20
Avaliação = 1.17857

Tempo de execução: 60s

---------------------------

Tamanho da população: 475
Fração elite: 0.2121
Fração mutante: 0.0442
Probabilidade herdar alelo elite: 0.6514
Número de populações independentes: 3
Troca de informação de 4 individuos a cada 241 gerações
Número de threads: 1

Largura da faixa = 14
Melhor altura = 33

Lower Bound 1 = 28
Lower Bound 2 = 20
Avaliação = 1.17857

Tempo de execução: 60.0022s

---------------------------

Tamanho da população: 475
Fração elite: 0.2121
Fração mutante: 0.0442
Probabilidade herdar alelo elite: 0.6514
Número de populações independentes: 3
Troca de informação de 4 individuos a cada 241 gerações
Número de threads: 1

Largura da faixa = 14
Melhor altura = 33

Lower Bound 1 = 28
Lower Bound 2 = 20
Avaliação = 1.17857

Tempo de execução: 60.0033s

---------------------------

Tamanho da população: 475
Fração elite: 0.2121
Fração mutante: 0.0442
Probabilidade herdar alelo elite: 0.6514
Número de populações independentes: 3
Troca de informação de 4 individuos a cada 241 gerações
Número de threads: 1

Largura da faixa = 14
Melhor altura = 33

Lower Bound 1 = 28
Lower Bound 2 = 20
Avaliação = 1.17857

Tempo de execução: 60.0002s

---------------------------

Tamanho da população: 475
Fração elite: 0.2121
Fração mutante: 0.0442
Probabilidade herdar alelo elite: 0.6514
Número de populações independentes: 3
Troca de informação de 4 individuos a cada 241 gerações
Número de threads: 1

Largura da faixa = 14
Melhor altura = 33

Lower Bound 1 = 28
Lower Bound 2 = 20
Avaliação = 1.17857

Tempo de execução: 60.002s

---------------------------

Tamanho da população: 475
Fração elite: 0.2121
Fração mutante: 0.0442
Probabilidade herdar alelo elite: 0.6514
Número de populações independentes: 3
Troca de informação de 4 individuos a cada 241 gerações
Número de threads: 1

Largura da faixa = 14
Melhor altura = 33

Lower Bound 1 = 28
Lower Bound 2 = 20
Avaliação = 1.17857

Tempo de execução: 60.0057s

---------------------------

Tamanho da população: 475
Fração elite: 0.2121
Fração mutante: 0.0442
Probabilidade herdar alelo elite: 0.6514
Número de populações independentes: 3
Troca de informação de 4 individuos a cada 241 gerações
Número de threads: 1

Largura da faixa = 14
Melhor altura = 33

Lower Bound 1 = 28
Lower Bound 2 = 20
Avaliação = 1.17857

Tempo de execução: 60.0021s

---------------------------

Tamanho da população: 475
Fração elite: 0.2121
Fração mutante: 0.0442
Probabilidade herdar alelo elite: 0.6514
Número de populações independentes: 3
Troca de informação de 4 individuos a cada 241 gerações
Número de threads: 1

Largura da faixa = 14
Melhor altura = 33

Lower Bound 1 = 28
Lower Bound 2 = 20
Avaliação = 1.17857

Tempo de execução: 60.0036s

---------------------------

Tamanho da população: 475
Fração elite: 0.2121
Fração mutante: 0.0442
Probabilidade herdar alelo elite: 0.6514
Número de populações independentes: 3
Troca de informação de 4 individuos a cada 241 gerações
Número de threads: 1

Largura da faixa = 14
Melhor altura = 33

Lower Bound 1 = 28
Lower Bound 2 = 20
Avaliação = 1.17857

Tempo de execução: 60.0063s

---------------------------

Tamanho da população: 475
Fração elite: 0.2121
Fração mutante: 0.0442
Probabilidade herdar alelo elite: 0.6514
Número de populações independentes: 3
Troca de informação de 4 individuos a cada 241 gerações
Número de threads: 1

Largura da faixa = 14
Melhor altura = 33

Lower Bound 1 = 28
Lower Bound 2 = 20
Avaliação = 1.17857

Tempo de execução: 60.0006s

---------------------------

Tamanho da população: 475
Fração elite: 0.2121
Fração mutante: 0.0442
Probabilidade herdar alelo elite: 0.6514
Número de populações independentes: 3
Troca de informação de 4 individuos a cada 241 gerações
Número de threads: 1

Largura da faixa = 14
Melhor altura = 33

Lower Bound 1 = 28
Lower Bound 2 = 20
Avaliação = 1.17857

Tempo de execução: 60.0029s

---------------------------

Tamanho da população: 475
Fração elite: 0.2121
Fração mutante: 0.0442
Probabilidade herdar alelo elite: 0.6514
Número de populações independentes: 3
Troca de informação de 4 individuos a cada 241 gerações
Número de threads: 1

Largura da faixa = 14
Melhor altura = 33

Lower Bound 1 = 28
Lower Bound 2 = 20
Avaliação = 1.17857

Tempo de execução: 60.0087s

---------------------------

Tamanho da população: 475
Fração elite: 0.2121
Fração mutante: 0.0442
Probabilidade herdar alelo elite: 0.6514
Número de populações independentes: 3
Troca de informação de 4 individuos a cada 241 gerações
Número de threads: 1

Largura da faixa = 14
Melhor altura = 33

Lower Bound 1 = 28
Lower Bound 2 = 20
Avaliação = 1.17857

Tempo de execução: 60.0045s

---------------------------

Tamanho da população: 475
Fração elite: 0.2121
Fração mutante: 0.0442
Probabilidade herdar alelo elite: 0.6514
Número de populações independentes: 3
Troca de informação de 4 individuos a cada 241 gerações
Número de threads: 1

Largura da faixa = 14
Melhor altura = 33

Lower Bound 1 = 28
Lower Bound 2 = 20
Avaliação = 1.17857

Tempo de execução: 60.0073s

---------------------------

Tamanho da população: 475
Fração elite: 0.2121
Fração mutante: 0.0442
Probabilidade herdar alelo elite: 0.6514
Número de populações independentes: 3
Troca de informação de 4 individuos a cada 241 gerações
Número de threads: 1

Largura da faixa = 14
Melhor altura = 33

Lower Bound 1 = 28
Lower Bound 2 = 20
Avaliação = 1.17857

Tempo de execução: 60.0084s

---------------------------

Tamanho da população: 475
Fração elite: 0.2121
Fração mutante: 0.0442
Probabilidade herdar alelo elite: 0.6514
Número de populações independentes: 3
Troca de informação de 4 individuos a cada 241 gerações
Número de threads: 1

Largura da faixa = 14
Melhor altura = 33

Lower Bound 1 = 28
Lower Bound 2 = 20
Avaliação = 1.17857

Tempo de execução: 60.0013s

---------------------------

Tamanho da população: 475
Fração elite: 0.2121
Fração mutante: 0.0442
Probabilidade herdar alelo elite: 0.6514
Número de populações independentes: 3
Troca de informação de 4 individuos a cada 241 gerações
Número de threads: 1

Largura da faixa = 14
Melhor altura = 34

Lower Bound 1 = 28
Lower Bound 2 = 20
Avaliação = 1.21429

Tempo de execução: 60.0027s
