Tamanho da população: 475
Fração elite: 0.2121
Fração mutante: 0.0442
Probabilidade herdar alelo elite: 0.6514
Número de populações independentes: 3
Troca de informação de 4 individuos a cada 241 gerações
Número de threads: 1

Largura da faixa = 12
Melhor altura = 38

Lower Bound 1 = 33
Lower Bound 2 = 34
Avaliação = 1.11765

Tempo de execução: 60.0017s

---------------------------

Tamanho da população: 475
Fração elite: 0.2121
Fração mutante: 0.0442
Probabilidade herdar alelo elite: 0.6514
Número de populações independentes: 3
Troca de informação de 4 individuos a cada 241 gerações
Número de threads: 1

Largura da faixa = 12
Melhor altura = 38

Lower Bound 1 = 33
Lower Bound 2 = 34
Avaliação = 1.11765

Tempo de execução: 60.0061s

---------------------------

Tamanho da população: 475
Fração elite: 0.2121
Fração mutante: 0.0442
Probabilidade herdar alelo elite: 0.6514
Número de populações independentes: 3
Troca de informação de 4 individuos a cada 241 gerações
Número de threads: 1

Largura da faixa = 12
Melhor altura = 38

Lower Bound 1 = 33
Lower Bound 2 = 34
Avaliação = 1.11765

Tempo de execução: 60.0083s

---------------------------

Tamanho da população: 475
Fração elite: 0.2121
Fração mutante: 0.0442
Probabilidade herdar alelo elite: 0.6514
Número de populações independentes: 3
Troca de informação de 4 individuos a cada 241 gerações
Número de threads: 1

Largura da faixa = 12
Melhor altura = 38

Lower Bound 1 = 33
Lower Bound 2 = 34
Avaliação = 1.11765

Tempo de execução: 60.0055s

---------------------------

Tamanho da população: 475
Fração elite: 0.2121
Fração mutante: 0.0442
Probabilidade herdar alelo elite: 0.6514
Número de populações independentes: 3
Troca de informação de 4 individuos a cada 241 gerações
Número de threads: 1

Largura da faixa = 12
Melhor altura = 38

Lower Bound 1 = 33
Lower Bound 2 = 34
Avaliação = 1.11765

Tempo de execução: 60.0055s

---------------------------

Tamanho da população: 475
Fração elite: 0.2121
Fração mutante: 0.0442
Probabilidade herdar alelo elite: 0.6514
Número de populações independentes: 3
Troca de informação de 4 individuos a cada 241 gerações
Número de threads: 1

Largura da faixa = 12
Melhor altura = 38

Lower Bound 1 = 33
Lower Bound 2 = 34
Avaliação = 1.11765

Tempo de execução: 60.0074s

---------------------------

Tamanho da população: 475
Fração elite: 0.2121
Fração mutante: 0.0442
Probabilidade herdar alelo elite: 0.6514
Número de populações independentes: 3
Troca de informação de 4 individuos a cada 241 gerações
Número de threads: 1

Largura da faixa = 12
Melhor altura = 38

Lower Bound 1 = 33
Lower Bound 2 = 34
Avaliação = 1.11765

Tempo de execução: 60.006s

---------------------------

Tamanho da população: 475
Fração elite: 0.2121
Fração mutante: 0.0442
Probabilidade herdar alelo elite: 0.6514
Número de populações independentes: 3
Troca de informação de 4 individuos a cada 241 gerações
Número de threads: 1

Largura da faixa = 12
Melhor altura = 38

Lower Bound 1 = 33
Lower Bound 2 = 34
Avaliação = 1.11765

Tempo de execução: 60.0065s

---------------------------

Tamanho da população: 475
Fração elite: 0.2121
Fração mutante: 0.0442
Probabilidade herdar alelo elite: 0.6514
Número de populações independentes: 3
Troca de informação de 4 individuos a cada 241 gerações
Número de threads: 1

Largura da faixa = 12
Melhor altura = 38

Lower Bound 1 = 33
Lower Bound 2 = 34
Avaliação = 1.11765

Tempo de execução: 60.0061s

---------------------------

Tamanho da população: 475
Fração elite: 0.2121
Fração mutante: 0.0442
Probabilidade herdar alelo elite: 0.6514
Número de populações independentes: 3
Troca de informação de 4 individuos a cada 241 gerações
Número de threads: 1

Largura da faixa = 12
Melhor altura = 38

Lower Bound 1 = 33
Lower Bound 2 = 34
Avaliação = 1.11765

Tempo de execução: 60.0012s

---------------------------

Tamanho da população: 475
Fração elite: 0.2121
Fração mutante: 0.0442
Probabilidade herdar alelo elite: 0.6514
Número de populações independentes: 3
Troca de informação de 4 individuos a cada 241 gerações
Número de threads: 1

Largura da faixa = 12
Melhor altura = 38

Lower Bound 1 = 33
Lower Bound 2 = 34
Avaliação = 1.11765

Tempo de execução: 60.002s

---------------------------

Tamanho da população: 475
Fração elite: 0.2121
Fração mutante: 0.0442
Probabilidade herdar alelo elite: 0.6514
Número de populações independentes: 3
Troca de informação de 4 individuos a cada 241 gerações
Número de threads: 1

Largura da faixa = 12
Melhor altura = 38

Lower Bound 1 = 33
Lower Bound 2 = 34
Avaliação = 1.11765

Tempo de execução: 60.0041s

---------------------------

Tamanho da população: 475
Fração elite: 0.2121
Fração mutante: 0.0442
Probabilidade herdar alelo elite: 0.6514
Número de populações independentes: 3
Troca de informação de 4 individuos a cada 241 gerações
Número de threads: 1

Largura da faixa = 12
Melhor altura = 38

Lower Bound 1 = 33
Lower Bound 2 = 34
Avaliação = 1.11765

Tempo de execução: 60.0035s

---------------------------

Tamanho da população: 475
Fração elite: 0.2121
Fração mutante: 0.0442
Probabilidade herdar alelo elite: 0.6514
Número de populações independentes: 3
Troca de informação de 4 individuos a cada 241 gerações
Número de threads: 1

Largura da faixa = 12
Melhor altura = 38

Lower Bound 1 = 33
Lower Bound 2 = 34
Avaliação = 1.11765

Tempo de execução: 60.0086s

---------------------------

Tamanho da população: 475
Fração elite: 0.2121
Fração mutante: 0.0442
Probabilidade herdar alelo elite: 0.6514
Número de populações independentes: 3
Troca de informação de 4 individuos a cada 241 gerações
Número de threads: 1

Largura da faixa = 12
Melhor altura = 38

Lower Bound 1 = 33
Lower Bound 2 = 34
Avaliação = 1.11765

Tempo de execução: 60.0095s

---------------------------

Tamanho da população: 475
Fração elite: 0.2121
Fração mutante: 0.0442
Probabilidade herdar alelo elite: 0.6514
Número de populações independentes: 3
Troca de informação de 4 individuos a cada 241 gerações
Número de threads: 1

Largura da faixa = 12
Melhor altura = 38

Lower Bound 1 = 33
Lower Bound 2 = 34
Avaliação = 1.11765

Tempo de execução: 60.0034s

---------------------------

Tamanho da população: 475
Fração elite: 0.2121
Fração mutante: 0.0442
Probabilidade herdar alelo elite: 0.6514
Número de populações independentes: 3
Troca de informação de 4 individuos a cada 241 gerações
Número de threads: 1

Largura da faixa = 12
Melhor altura = 38

Lower Bound 1 = 33
Lower Bound 2 = 34
Avaliação = 1.11765

Tempo de execução: 60.0046s

---------------------------

Tamanho da população: 475
Fração elite: 0.2121
Fração mutante: 0.0442
Probabilidade herdar alelo elite: 0.6514
Número de populações independentes: 3
Troca de informação de 4 individuos a cada 241 gerações
Número de threads: 1

Largura da faixa = 12
Melhor altura = 38

Lower Bound 1 = 33
Lower Bound 2 = 34
Avaliação = 1.11765

Tempo de execução: 60.0091s

---------------------------

Tamanho da população: 475
Fração elite: 0.2121
Fração mutante: 0.0442
Probabilidade herdar alelo elite: 0.6514
Número de populações independentes: 3
Troca de informação de 4 individuos a cada 241 gerações
Número de threads: 1

Largura da faixa = 12
Melhor altura = 38

Lower Bound 1 = 33
Lower Bound 2 = 34
Avaliação = 1.11765

Tempo de execução: 60.0028s

---------------------------

Tamanho da população: 475
Fração elite: 0.2121
Fração mutante: 0.0442
Probabilidade herdar alelo elite: 0.6514
Número de populações independentes: 3
Troca de informação de 4 individuos a cada 241 gerações
Número de threads: 1

Largura da faixa = 12
Melhor altura = 38

Lower Bound 1 = 33
Lower Bound 2 = 34
Avaliação = 1.11765

Tempo de execução: 60.0074s
