Tamanho da população: 475
Fração elite: 0.2121
Fração mutante: 0.0442
Probabilidade herdar alelo elite: 0.6514
Número de populações independentes: 3
Troca de informação de 4 individuos a cada 241 gerações
Número de threads: 1

Largura da faixa = 26
Melhor altura = 26

Lower Bound 1 = 23
Lower Bound 2 = 26
Avaliação = 1

Tempo de execução: 60.0097s

---------------------------

Tamanho da população: 475
Fração elite: 0.2121
Fração mutante: 0.0442
Probabilidade herdar alelo elite: 0.6514
Número de populações independentes: 3
Troca de informação de 4 individuos a cada 241 gerações
Número de threads: 1

Largura da faixa = 26
Melhor altura = 26

Lower Bound 1 = 23
Lower Bound 2 = 26
Avaliação = 1

Tempo de execução: 60.018s

---------------------------

Tamanho da população: 475
Fração elite: 0.2121
Fração mutante: 0.0442
Probabilidade herdar alelo elite: 0.6514
Número de populações independentes: 3
Troca de informação de 4 individuos a cada 241 gerações
Número de threads: 1

Largura da faixa = 26
Melhor altura = 26

Lower Bound 1 = 23
Lower Bound 2 = 26
Avaliação = 1

Tempo de execução: 60.0216s

---------------------------

Tamanho da população: 475
Fração elite: 0.2121
Fração mutante: 0.0442
Probabilidade herdar alelo elite: 0.6514
Número de populações independentes: 3
Troca de informação de 4 individuos a cada 241 gerações
Número de threads: 1

Largura da faixa = 26
Melhor altura = 26

Lower Bound 1 = 23
Lower Bound 2 = 26
Avaliação = 1

Tempo de execução: 60.0067s

---------------------------

Tamanho da população: 475
Fração elite: 0.2121
Fração mutante: 0.0442
Probabilidade herdar alelo elite: 0.6514
Número de populações independentes: 3
Troca de informação de 4 individuos a cada 241 gerações
Número de threads: 1

Largura da faixa = 26
Melhor altura = 26

Lower Bound 1 = 23
Lower Bound 2 = 26
Avaliação = 1

Tempo de execução: 60.0146s

---------------------------

Tamanho da população: 475
Fração elite: 0.2121
Fração mutante: 0.0442
Probabilidade herdar alelo elite: 0.6514
Número de populações independentes: 3
Troca de informação de 4 individuos a cada 241 gerações
Número de threads: 1

Largura da faixa = 26
Melhor altura = 26

Lower Bound 1 = 23
Lower Bound 2 = 26
Avaliação = 1

Tempo de execução: 60.0226s

---------------------------

Tamanho da população: 475
Fração elite: 0.2121
Fração mutante: 0.0442
Probabilidade herdar alelo elite: 0.6514
Número de populações independentes: 3
Troca de informação de 4 individuos a cada 241 gerações
Número de threads: 1

Largura da faixa = 26
Melhor altura = 26

Lower Bound 1 = 23
Lower Bound 2 = 26
Avaliação = 1

Tempo de execução: 60.0055s

---------------------------

Tamanho da população: 475
Fração elite: 0.2121
Fração mutante: 0.0442
Probabilidade herdar alelo elite: 0.6514
Número de populações independentes: 3
Troca de informação de 4 individuos a cada 241 gerações
Número de threads: 1

Largura da faixa = 26
Melhor altura = 26

Lower Bound 1 = 23
Lower Bound 2 = 26
Avaliação = 1

Tempo de execução: 60.0116s

---------------------------

Tamanho da população: 475
Fração elite: 0.2121
Fração mutante: 0.0442
Probabilidade herdar alelo elite: 0.6514
Número de populações independentes: 3
Troca de informação de 4 individuos a cada 241 gerações
Número de threads: 1

Largura da faixa = 26
Melhor altura = 26

Lower Bound 1 = 23
Lower Bound 2 = 26
Avaliação = 1

Tempo de execução: 60.0144s

---------------------------

Tamanho da população: 475
Fração elite: 0.2121
Fração mutante: 0.0442
Probabilidade herdar alelo elite: 0.6514
Número de populações independentes: 3
Troca de informação de 4 individuos a cada 241 gerações
Número de threads: 1

Largura da faixa = 26
Melhor altura = 26

Lower Bound 1 = 23
Lower Bound 2 = 26
Avaliação = 1

Tempo de execução: 60.0096s

---------------------------

Tamanho da população: 475
Fração elite: 0.2121
Fração mutante: 0.0442
Probabilidade herdar alelo elite: 0.6514
Número de populações independentes: 3
Troca de informação de 4 individuos a cada 241 gerações
Número de threads: 1

Largura da faixa = 26
Melhor altura = 26

Lower Bound 1 = 23
Lower Bound 2 = 26
Avaliação = 1

Tempo de execução: 60.0112s

---------------------------

Tamanho da população: 475
Fração elite: 0.2121
Fração mutante: 0.0442
Probabilidade herdar alelo elite: 0.6514
Número de populações independentes: 3
Troca de informação de 4 individuos a cada 241 gerações
Número de threads: 1

Largura da faixa = 26
Melhor altura = 26

Lower Bound 1 = 23
Lower Bound 2 = 26
Avaliação = 1

Tempo de execução: 60.0115s

---------------------------

Tamanho da população: 475
Fração elite: 0.2121
Fração mutante: 0.0442
Probabilidade herdar alelo elite: 0.6514
Número de populações independentes: 3
Troca de informação de 4 individuos a cada 241 gerações
Número de threads: 1

Largura da faixa = 26
Melhor altura = 26

Lower Bound 1 = 23
Lower Bound 2 = 26
Avaliação = 1

Tempo de execução: 60.0027s

---------------------------

Tamanho da população: 475
Fração elite: 0.2121
Fração mutante: 0.0442
Probabilidade herdar alelo elite: 0.6514
Número de populações independentes: 3
Troca de informação de 4 individuos a cada 241 gerações
Número de threads: 1

Largura da faixa = 26
Melhor altura = 26

Lower Bound 1 = 23
Lower Bound 2 = 26
Avaliação = 1

Tempo de execução: 60.0092s

---------------------------

Tamanho da população: 475
Fração elite: 0.2121
Fração mutante: 0.0442
Probabilidade herdar alelo elite: 0.6514
Número de populações independentes: 3
Troca de informação de 4 individuos a cada 241 gerações
Número de threads: 1

Largura da faixa = 26
Melhor altura = 26

Lower Bound 1 = 23
Lower Bound 2 = 26
Avaliação = 1

Tempo de execução: 60.0206s

---------------------------

Tamanho da população: 475
Fração elite: 0.2121
Fração mutante: 0.0442
Probabilidade herdar alelo elite: 0.6514
Número de populações independentes: 3
Troca de informação de 4 individuos a cada 241 gerações
Número de threads: 1

Largura da faixa = 26
Melhor altura = 26

Lower Bound 1 = 23
Lower Bound 2 = 26
Avaliação = 1

Tempo de execução: 60.0047s

---------------------------

Tamanho da população: 475
Fração elite: 0.2121
Fração mutante: 0.0442
Probabilidade herdar alelo elite: 0.6514
Número de populações independentes: 3
Troca de informação de 4 individuos a cada 241 gerações
Número de threads: 1

Largura da faixa = 26
Melhor altura = 26

Lower Bound 1 = 23
Lower Bound 2 = 26
Avaliação = 1

Tempo de execução: 60.0077s

---------------------------

Tamanho da população: 475
Fração elite: 0.2121
Fração mutante: 0.0442
Probabilidade herdar alelo elite: 0.6514
Número de populações independentes: 3
Troca de informação de 4 individuos a cada 241 gerações
Número de threads: 1

Largura da faixa = 26
Melhor altura = 26

Lower Bound 1 = 23
Lower Bound 2 = 26
Avaliação = 1

Tempo de execução: 60.0263s

---------------------------

Tamanho da população: 475
Fração elite: 0.2121
Fração mutante: 0.0442
Probabilidade herdar alelo elite: 0.6514
Número de populações independentes: 3
Troca de informação de 4 individuos a cada 241 gerações
Número de threads: 1

Largura da faixa = 26
Melhor altura = 26

Lower Bound 1 = 23
Lower Bound 2 = 26
Avaliação = 1

Tempo de execução: 60.0107s

---------------------------

Tamanho da população: 475
Fração elite: 0.2121
Fração mutante: 0.0442
Probabilidade herdar alelo elite: 0.6514
Número de populações independentes: 3
Troca de informação de 4 individuos a cada 241 gerações
Número de threads: 1

Largura da faixa = 26
Melhor altura = 26

Lower Bound 1 = 23
Lower Bound 2 = 26
Avaliação = 1

Tempo de execução: 60.0159s
