Tamanho da população: 297
Fração elite: 0.55
Fração mutante: 0.0174
Probabilidade herdar alelo elite: 0.7678
Número de populações independentes: 1
Número de threads: 1
Trocar os melhores indivíduos a cada 30 gerações
Número máximo de gerações: 279

Largura da faixa = 21
Melhor altura = 91

Lower Bound 1 = 85
Lower Bound 2 = 63
Avaliação = 1.07059

Tempo de execução: 1.74957s

---------------------------

Tamanho da população: 297
Fração elite: 0.55
Fração mutante: 0.0174
Probabilidade herdar alelo elite: 0.7678
Número de populações independentes: 1
Número de threads: 1
Trocar os melhores indivíduos a cada 30 gerações
Número máximo de gerações: 279

Largura da faixa = 21
Melhor altura = 91

Lower Bound 1 = 85
Lower Bound 2 = 63
Avaliação = 1.07059

Tempo de execução: 1.76639s

---------------------------

Tamanho da população: 297
Fração elite: 0.55
Fração mutante: 0.0174
Probabilidade herdar alelo elite: 0.7678
Número de populações independentes: 1
Número de threads: 1
Trocar os melhores indivíduos a cada 30 gerações
Número máximo de gerações: 279

Largura da faixa = 21
Melhor altura = 91

Lower Bound 1 = 85
Lower Bound 2 = 63
Avaliação = 1.07059

Tempo de execução: 2.46557s

---------------------------

Tamanho da população: 297
Fração elite: 0.55
Fração mutante: 0.0174
Probabilidade herdar alelo elite: 0.7678
Número de populações independentes: 1
Número de threads: 1
Trocar os melhores indivíduos a cada 30 gerações
Número máximo de gerações: 279

Largura da faixa = 21
Melhor altura = 91

Lower Bound 1 = 85
Lower Bound 2 = 63
Avaliação = 1.07059

Tempo de execução: 2.89645s

---------------------------

Tamanho da população: 297
Fração elite: 0.55
Fração mutante: 0.0174
Probabilidade herdar alelo elite: 0.7678
Número de populações independentes: 1
Número de threads: 1
Trocar os melhores indivíduos a cada 30 gerações
Número máximo de gerações: 279

Largura da faixa = 21
Melhor altura = 91

Lower Bound 1 = 85
Lower Bound 2 = 63
Avaliação = 1.07059

Tempo de execução: 2.94013s

---------------------------

Tamanho da população: 297
Fração elite: 0.55
Fração mutante: 0.0174
Probabilidade herdar alelo elite: 0.7678
Número de populações independentes: 1
Número de threads: 1
Trocar os melhores indivíduos a cada 30 gerações
Número máximo de gerações: 279

Largura da faixa = 21
Melhor altura = 92

Lower Bound 1 = 85
Lower Bound 2 = 63
Avaliação = 1.08235

Tempo de execução: 2.94762s

---------------------------

Tamanho da população: 297
Fração elite: 0.55
Fração mutante: 0.0174
Probabilidade herdar alelo elite: 0.7678
Número de populações independentes: 1
Número de threads: 1
Trocar os melhores indivíduos a cada 30 gerações
Número máximo de gerações: 279

Largura da faixa = 21
Melhor altura = 91

Lower Bound 1 = 85
Lower Bound 2 = 63
Avaliação = 1.07059

Tempo de execução: 2.86145s

---------------------------

Tamanho da população: 297
Fração elite: 0.55
Fração mutante: 0.0174
Probabilidade herdar alelo elite: 0.7678
Número de populações independentes: 1
Número de threads: 1
Trocar os melhores indivíduos a cada 30 gerações
Número máximo de gerações: 279

Largura da faixa = 21
Melhor altura = 91

Lower Bound 1 = 85
Lower Bound 2 = 63
Avaliação = 1.07059

Tempo de execução: 2.90755s

---------------------------

Tamanho da população: 297
Fração elite: 0.55
Fração mutante: 0.0174
Probabilidade herdar alelo elite: 0.7678
Número de populações independentes: 1
Número de threads: 1
Trocar os melhores indivíduos a cada 30 gerações
Número máximo de gerações: 279

Largura da faixa = 21
Melhor altura = 91

Lower Bound 1 = 85
Lower Bound 2 = 63
Avaliação = 1.07059

Tempo de execução: 2.97855s

---------------------------

Tamanho da população: 297
Fração elite: 0.55
Fração mutante: 0.0174
Probabilidade herdar alelo elite: 0.7678
Número de populações independentes: 1
Número de threads: 1
Trocar os melhores indivíduos a cada 30 gerações
Número máximo de gerações: 279

Largura da faixa = 21
Melhor altura = 91

Lower Bound 1 = 85
Lower Bound 2 = 63
Avaliação = 1.07059

Tempo de execução: 2.89128s

---------------------------

Tamanho da população: 297
Fração elite: 0.55
Fração mutante: 0.0174
Probabilidade herdar alelo elite: 0.7678
Número de populações independentes: 1
Número de threads: 1
Trocar os melhores indivíduos a cada 30 gerações
Número máximo de gerações: 279

Largura da faixa = 21
Melhor altura = 92

Lower Bound 1 = 85
Lower Bound 2 = 63
Avaliação = 1.08235

Tempo de execução: 2.9191s

---------------------------

Tamanho da população: 297
Fração elite: 0.55
Fração mutante: 0.0174
Probabilidade herdar alelo elite: 0.7678
Número de populações independentes: 1
Número de threads: 1
Trocar os melhores indivíduos a cada 30 gerações
Número máximo de gerações: 279

Largura da faixa = 21
Melhor altura = 91

Lower Bound 1 = 85
Lower Bound 2 = 63
Avaliação = 1.07059

Tempo de execução: 2.92395s

---------------------------

Tamanho da população: 297
Fração elite: 0.55
Fração mutante: 0.0174
Probabilidade herdar alelo elite: 0.7678
Número de populações independentes: 1
Número de threads: 1
Trocar os melhores indivíduos a cada 30 gerações
Número máximo de gerações: 279

Largura da faixa = 21
Melhor altura = 91

Lower Bound 1 = 85
Lower Bound 2 = 63
Avaliação = 1.07059

Tempo de execução: 1.74838s

---------------------------

Tamanho da população: 297
Fração elite: 0.55
Fração mutante: 0.0174
Probabilidade herdar alelo elite: 0.7678
Número de populações independentes: 1
Número de threads: 1
Trocar os melhores indivíduos a cada 30 gerações
Número máximo de gerações: 279

Largura da faixa = 21
Melhor altura = 92

Lower Bound 1 = 85
Lower Bound 2 = 63
Avaliação = 1.08235

Tempo de execução: 2.87888s

---------------------------

Tamanho da população: 297
Fração elite: 0.55
Fração mutante: 0.0174
Probabilidade herdar alelo elite: 0.7678
Número de populações independentes: 1
Número de threads: 1
Trocar os melhores indivíduos a cada 30 gerações
Número máximo de gerações: 279

Largura da faixa = 21
Melhor altura = 91

Lower Bound 1 = 85
Lower Bound 2 = 63
Avaliação = 1.07059

Tempo de execução: 2.88368s

---------------------------

Tamanho da população: 297
Fração elite: 0.55
Fração mutante: 0.0174
Probabilidade herdar alelo elite: 0.7678
Número de populações independentes: 1
Número de threads: 1
Trocar os melhores indivíduos a cada 30 gerações
Número máximo de gerações: 279

Largura da faixa = 21
Melhor altura = 91

Lower Bound 1 = 85
Lower Bound 2 = 63
Avaliação = 1.07059

Tempo de execução: 2.40655s

---------------------------

Tamanho da população: 297
Fração elite: 0.55
Fração mutante: 0.0174
Probabilidade herdar alelo elite: 0.7678
Número de populações independentes: 1
Número de threads: 1
Trocar os melhores indivíduos a cada 30 gerações
Número máximo de gerações: 279

Largura da faixa = 21
Melhor altura = 91

Lower Bound 1 = 85
Lower Bound 2 = 63
Avaliação = 1.07059

Tempo de execução: 2.79857s

---------------------------

Tamanho da população: 297
Fração elite: 0.55
Fração mutante: 0.0174
Probabilidade herdar alelo elite: 0.7678
Número de populações independentes: 1
Número de threads: 1
Trocar os melhores indivíduos a cada 30 gerações
Número máximo de gerações: 279

Largura da faixa = 21
Melhor altura = 91

Lower Bound 1 = 85
Lower Bound 2 = 63
Avaliação = 1.07059

Tempo de execução: 2.84332s

---------------------------

Tamanho da população: 297
Fração elite: 0.55
Fração mutante: 0.0174
Probabilidade herdar alelo elite: 0.7678
Número de populações independentes: 1
Número de threads: 1
Trocar os melhores indivíduos a cada 30 gerações
Número máximo de gerações: 279

Largura da faixa = 21
Melhor altura = 91

Lower Bound 1 = 85
Lower Bound 2 = 63
Avaliação = 1.07059

Tempo de execução: 1.66846s

---------------------------

Tamanho da população: 297
Fração elite: 0.55
Fração mutante: 0.0174
Probabilidade herdar alelo elite: 0.7678
Número de populações independentes: 1
Número de threads: 1
Trocar os melhores indivíduos a cada 30 gerações
Número máximo de gerações: 279

Largura da faixa = 21
Melhor altura = 91

Lower Bound 1 = 85
Lower Bound 2 = 63
Avaliação = 1.07059

Tempo de execução: 2.11871s

---------------------------

Tamanho da população: 392
Fração elite: 0.2567
Fração mutante: 0.0202
Probabilidade herdar alelo elite: 0.6001
Número de populações independentes: 1
Número de threads: 1
Número máximo de gerações: 364

Largura da faixa = 21
Melhor altura = 91

Lower Bound 1 = 85
Lower Bound 2 = 63
Avaliação = 1.07059

Tempo de execução: 2.97351s

---------------------------

Tamanho da população: 392
Fração elite: 0.2567
Fração mutante: 0.0202
Probabilidade herdar alelo elite: 0.6001
Número de populações independentes: 1
Número de threads: 1
Número máximo de gerações: 364

Largura da faixa = 21
Melhor altura = 91

Lower Bound 1 = 85
Lower Bound 2 = 63
Avaliação = 1.07059

Tempo de execução: 3.04113s

---------------------------

Tamanho da população: 392
Fração elite: 0.2567
Fração mutante: 0.0202
Probabilidade herdar alelo elite: 0.6001
Número de populações independentes: 1
Número de threads: 1
Número máximo de gerações: 364

Largura da faixa = 21
Melhor altura = 91

Lower Bound 1 = 85
Lower Bound 2 = 63
Avaliação = 1.07059

Tempo de execução: 3.05092s

---------------------------

Tamanho da população: 392
Fração elite: 0.2567
Fração mutante: 0.0202
Probabilidade herdar alelo elite: 0.6001
Número de populações independentes: 1
Número de threads: 1
Número máximo de gerações: 364

Largura da faixa = 21
Melhor altura = 91

Lower Bound 1 = 85
Lower Bound 2 = 63
Avaliação = 1.07059

Tempo de execução: 2.90874s

---------------------------

Tamanho da população: 392
Fração elite: 0.2567
Fração mutante: 0.0202
Probabilidade herdar alelo elite: 0.6001
Número de populações independentes: 1
Número de threads: 1
Número máximo de gerações: 364

Largura da faixa = 21
Melhor altura = 91

Lower Bound 1 = 85
Lower Bound 2 = 63
Avaliação = 1.07059

Tempo de execução: 3.0152s

---------------------------

Tamanho da população: 392
Fração elite: 0.2567
Fração mutante: 0.0202
Probabilidade herdar alelo elite: 0.6001
Número de populações independentes: 1
Número de threads: 1
Número máximo de gerações: 364

Largura da faixa = 21
Melhor altura = 91

Lower Bound 1 = 85
Lower Bound 2 = 63
Avaliação = 1.07059

Tempo de execução: 3.07876s

---------------------------

Tamanho da população: 392
Fração elite: 0.2567
Fração mutante: 0.0202
Probabilidade herdar alelo elite: 0.6001
Número de populações independentes: 1
Número de threads: 1
Número máximo de gerações: 364

Largura da faixa = 21
Melhor altura = 91

Lower Bound 1 = 85
Lower Bound 2 = 63
Avaliação = 1.07059

Tempo de execução: 2.95718s

---------------------------

Tamanho da população: 392
Fração elite: 0.2567
Fração mutante: 0.0202
Probabilidade herdar alelo elite: 0.6001
Número de populações independentes: 1
Número de threads: 1
Número máximo de gerações: 364

Largura da faixa = 21
Melhor altura = 91

Lower Bound 1 = 85
Lower Bound 2 = 63
Avaliação = 1.07059

Tempo de execução: 2.98301s

---------------------------

Tamanho da população: 392
Fração elite: 0.2567
Fração mutante: 0.0202
Probabilidade herdar alelo elite: 0.6001
Número de populações independentes: 1
Número de threads: 1
Número máximo de gerações: 364

Largura da faixa = 21
Melhor altura = 91

Lower Bound 1 = 85
Lower Bound 2 = 63
Avaliação = 1.07059

Tempo de execução: 3.0166s

---------------------------

Tamanho da população: 392
Fração elite: 0.2567
Fração mutante: 0.0202
Probabilidade herdar alelo elite: 0.6001
Número de populações independentes: 1
Número de threads: 1
Número máximo de gerações: 364

Largura da faixa = 21
Melhor altura = 91

Lower Bound 1 = 85
Lower Bound 2 = 63
Avaliação = 1.07059

Tempo de execução: 2.95988s

---------------------------

Tamanho da população: 392
Fração elite: 0.2567
Fração mutante: 0.0202
Probabilidade herdar alelo elite: 0.6001
Número de populações independentes: 1
Número de threads: 1
Número máximo de gerações: 364

Largura da faixa = 21
Melhor altura = 91

Lower Bound 1 = 85
Lower Bound 2 = 63
Avaliação = 1.07059

Tempo de execução: 3.00808s

---------------------------

Tamanho da população: 392
Fração elite: 0.2567
Fração mutante: 0.0202
Probabilidade herdar alelo elite: 0.6001
Número de populações independentes: 1
Número de threads: 1
Número máximo de gerações: 364

Largura da faixa = 21
Melhor altura = 91

Lower Bound 1 = 85
Lower Bound 2 = 63
Avaliação = 1.07059

Tempo de execução: 3.01702s

---------------------------

Tamanho da população: 392
Fração elite: 0.2567
Fração mutante: 0.0202
Probabilidade herdar alelo elite: 0.6001
Número de populações independentes: 1
Número de threads: 1
Número máximo de gerações: 364

Largura da faixa = 21
Melhor altura = 91

Lower Bound 1 = 85
Lower Bound 2 = 63
Avaliação = 1.07059

Tempo de execução: 2.97123s

---------------------------

Tamanho da população: 392
Fração elite: 0.2567
Fração mutante: 0.0202
Probabilidade herdar alelo elite: 0.6001
Número de populações independentes: 1
Número de threads: 1
Número máximo de gerações: 364

Largura da faixa = 21
Melhor altura = 91

Lower Bound 1 = 85
Lower Bound 2 = 63
Avaliação = 1.07059

Tempo de execução: 3.04649s

---------------------------

Tamanho da população: 392
Fração elite: 0.2567
Fração mutante: 0.0202
Probabilidade herdar alelo elite: 0.6001
Número de populações independentes: 1
Número de threads: 1
Número máximo de gerações: 364

Largura da faixa = 21
Melhor altura = 91

Lower Bound 1 = 85
Lower Bound 2 = 63
Avaliação = 1.07059

Tempo de execução: 3.08675s

---------------------------

Tamanho da população: 392
Fração elite: 0.2567
Fração mutante: 0.0202
Probabilidade herdar alelo elite: 0.6001
Número de populações independentes: 1
Número de threads: 1
Número máximo de gerações: 364

Largura da faixa = 21
Melhor altura = 91

Lower Bound 1 = 85
Lower Bound 2 = 63
Avaliação = 1.07059

Tempo de execução: 2.94482s

---------------------------

Tamanho da população: 392
Fração elite: 0.2567
Fração mutante: 0.0202
Probabilidade herdar alelo elite: 0.6001
Número de populações independentes: 1
Número de threads: 1
Número máximo de gerações: 364

Largura da faixa = 21
Melhor altura = 91

Lower Bound 1 = 85
Lower Bound 2 = 63
Avaliação = 1.07059

Tempo de execução: 2.97241s

---------------------------

Tamanho da população: 392
Fração elite: 0.2567
Fração mutante: 0.0202
Probabilidade herdar alelo elite: 0.6001
Número de populações independentes: 1
Número de threads: 1
Número máximo de gerações: 364

Largura da faixa = 21
Melhor altura = 91

Lower Bound 1 = 85
Lower Bound 2 = 63
Avaliação = 1.07059

Tempo de execução: 3.00987s

---------------------------

Tamanho da população: 392
Fração elite: 0.2567
Fração mutante: 0.0202
Probabilidade herdar alelo elite: 0.6001
Número de populações independentes: 1
Número de threads: 1
Número máximo de gerações: 364

Largura da faixa = 21
Melhor altura = 91

Lower Bound 1 = 85
Lower Bound 2 = 63
Avaliação = 1.07059

Tempo de execução: 2.92584s

---------------------------

Tamanho da população: 392
Fração elite: 0.2567
Fração mutante: 0.0202
Probabilidade herdar alelo elite: 0.6001
Número de populações independentes: 1
Número de threads: 1
Número máximo de gerações: 364

Largura da faixa = 21
Melhor altura = 91

Lower Bound 1 = 85
Lower Bound 2 = 63
Avaliação = 1.07059

Tempo de execução: 3.01048s

---------------------------

