Tamanho da população: 475
Fração elite: 0.2121
Fração mutante: 0.0442
Probabilidade herdar alelo elite: 0.6514
Número de populações independentes: 3
Troca de informação de 4 individuos a cada 241 gerações
Número de threads: 1

Largura da faixa = 30
Melhor altura = 140

Lower Bound 1 = 120
Lower Bound 2 = 113
Avaliação = 1.16667

Tempo de execução: 60.0032s

---------------------------

Tamanho da população: 475
Fração elite: 0.2121
Fração mutante: 0.0442
Probabilidade herdar alelo elite: 0.6514
Número de populações independentes: 3
Troca de informação de 4 individuos a cada 241 gerações
Número de threads: 1

Largura da faixa = 30
Melhor altura = 139

Lower Bound 1 = 120
Lower Bound 2 = 113
Avaliação = 1.15833

Tempo de execução: 60.0224s

---------------------------

Tamanho da população: 475
Fração elite: 0.2121
Fração mutante: 0.0442
Probabilidade herdar alelo elite: 0.6514
Número de populações independentes: 3
Troca de informação de 4 individuos a cada 241 gerações
Número de threads: 1

Largura da faixa = 30
Melhor altura = 140

Lower Bound 1 = 120
Lower Bound 2 = 113
Avaliação = 1.16667

Tempo de execução: 60.0293s

---------------------------

Tamanho da população: 475
Fração elite: 0.2121
Fração mutante: 0.0442
Probabilidade herdar alelo elite: 0.6514
Número de populações independentes: 3
Troca de informação de 4 individuos a cada 241 gerações
Número de threads: 1

Largura da faixa = 30
Melhor altura = 140

Lower Bound 1 = 120
Lower Bound 2 = 113
Avaliação = 1.16667

Tempo de execução: 60.0186s

---------------------------

Tamanho da população: 475
Fração elite: 0.2121
Fração mutante: 0.0442
Probabilidade herdar alelo elite: 0.6514
Número de populações independentes: 3
Troca de informação de 4 individuos a cada 241 gerações
Número de threads: 1

Largura da faixa = 30
Melhor altura = 141

Lower Bound 1 = 120
Lower Bound 2 = 113
Avaliação = 1.175

Tempo de execução: 60.0415s

---------------------------

Tamanho da população: 475
Fração elite: 0.2121
Fração mutante: 0.0442
Probabilidade herdar alelo elite: 0.6514
Número de populações independentes: 3
Troca de informação de 4 individuos a cada 241 gerações
Número de threads: 1

Largura da faixa = 30
Melhor altura = 140

Lower Bound 1 = 120
Lower Bound 2 = 113
Avaliação = 1.16667

Tempo de execução: 60.0425s

---------------------------

Tamanho da população: 475
Fração elite: 0.2121
Fração mutante: 0.0442
Probabilidade herdar alelo elite: 0.6514
Número de populações independentes: 3
Troca de informação de 4 individuos a cada 241 gerações
Número de threads: 1

Largura da faixa = 30
Melhor altura = 141

Lower Bound 1 = 120
Lower Bound 2 = 113
Avaliação = 1.175

Tempo de execução: 60.0029s

---------------------------

Tamanho da população: 475
Fração elite: 0.2121
Fração mutante: 0.0442
Probabilidade herdar alelo elite: 0.6514
Número de populações independentes: 3
Troca de informação de 4 individuos a cada 241 gerações
Número de threads: 1

Largura da faixa = 30
Melhor altura = 139

Lower Bound 1 = 120
Lower Bound 2 = 113
Avaliação = 1.15833

Tempo de execução: 60.0163s

---------------------------

Tamanho da população: 475
Fração elite: 0.2121
Fração mutante: 0.0442
Probabilidade herdar alelo elite: 0.6514
Número de populações independentes: 3
Troca de informação de 4 individuos a cada 241 gerações
Número de threads: 1

Largura da faixa = 30
Melhor altura = 140

Lower Bound 1 = 120
Lower Bound 2 = 113
Avaliação = 1.16667

Tempo de execução: 60.033s

---------------------------

Tamanho da população: 475
Fração elite: 0.2121
Fração mutante: 0.0442
Probabilidade herdar alelo elite: 0.6514
Número de populações independentes: 3
Troca de informação de 4 individuos a cada 241 gerações
Número de threads: 1

Largura da faixa = 30
Melhor altura = 139

Lower Bound 1 = 120
Lower Bound 2 = 113
Avaliação = 1.15833

Tempo de execução: 60.0246s

---------------------------

Tamanho da população: 475
Fração elite: 0.2121
Fração mutante: 0.0442
Probabilidade herdar alelo elite: 0.6514
Número de populações independentes: 3
Troca de informação de 4 individuos a cada 241 gerações
Número de threads: 1

Largura da faixa = 30
Melhor altura = 140

Lower Bound 1 = 120
Lower Bound 2 = 113
Avaliação = 1.16667

Tempo de execução: 60.029s

---------------------------

Tamanho da população: 475
Fração elite: 0.2121
Fração mutante: 0.0442
Probabilidade herdar alelo elite: 0.6514
Número de populações independentes: 3
Troca de informação de 4 individuos a cada 241 gerações
Número de threads: 1

Largura da faixa = 30
Melhor altura = 141

Lower Bound 1 = 120
Lower Bound 2 = 113
Avaliação = 1.175

Tempo de execução: 60.0317s

---------------------------

Tamanho da população: 475
Fração elite: 0.2121
Fração mutante: 0.0442
Probabilidade herdar alelo elite: 0.6514
Número de populações independentes: 3
Troca de informação de 4 individuos a cada 241 gerações
Número de threads: 1

Largura da faixa = 30
Melhor altura = 140

Lower Bound 1 = 120
Lower Bound 2 = 113
Avaliação = 1.16667

Tempo de execução: 60.0308s

---------------------------

Tamanho da população: 475
Fração elite: 0.2121
Fração mutante: 0.0442
Probabilidade herdar alelo elite: 0.6514
Número de populações independentes: 3
Troca de informação de 4 individuos a cada 241 gerações
Número de threads: 1

Largura da faixa = 30
Melhor altura = 141

Lower Bound 1 = 120
Lower Bound 2 = 113
Avaliação = 1.175

Tempo de execução: 60.0317s

---------------------------

Tamanho da população: 475
Fração elite: 0.2121
Fração mutante: 0.0442
Probabilidade herdar alelo elite: 0.6514
Número de populações independentes: 3
Troca de informação de 4 individuos a cada 241 gerações
Número de threads: 1

Largura da faixa = 30
Melhor altura = 141

Lower Bound 1 = 120
Lower Bound 2 = 113
Avaliação = 1.175

Tempo de execução: 60.0354s

---------------------------

Tamanho da população: 475
Fração elite: 0.2121
Fração mutante: 0.0442
Probabilidade herdar alelo elite: 0.6514
Número de populações independentes: 3
Troca de informação de 4 individuos a cada 241 gerações
Número de threads: 1

Largura da faixa = 30
Melhor altura = 141

Lower Bound 1 = 120
Lower Bound 2 = 113
Avaliação = 1.175

Tempo de execução: 60.0126s

---------------------------

Tamanho da população: 475
Fração elite: 0.2121
Fração mutante: 0.0442
Probabilidade herdar alelo elite: 0.6514
Número de populações independentes: 3
Troca de informação de 4 individuos a cada 241 gerações
Número de threads: 1

Largura da faixa = 30
Melhor altura = 141

Lower Bound 1 = 120
Lower Bound 2 = 113
Avaliação = 1.175

Tempo de execução: 60.035s

---------------------------

Tamanho da população: 475
Fração elite: 0.2121
Fração mutante: 0.0442
Probabilidade herdar alelo elite: 0.6514
Número de populações independentes: 3
Troca de informação de 4 individuos a cada 241 gerações
Número de threads: 1

Largura da faixa = 30
Melhor altura = 140

Lower Bound 1 = 120
Lower Bound 2 = 113
Avaliação = 1.16667

Tempo de execução: 60.0393s

---------------------------

Tamanho da população: 475
Fração elite: 0.2121
Fração mutante: 0.0442
Probabilidade herdar alelo elite: 0.6514
Número de populações independentes: 3
Troca de informação de 4 individuos a cada 241 gerações
Número de threads: 1

Largura da faixa = 30
Melhor altura = 141

Lower Bound 1 = 120
Lower Bound 2 = 113
Avaliação = 1.175

Tempo de execução: 60.0024s

---------------------------

Tamanho da população: 475
Fração elite: 0.2121
Fração mutante: 0.0442
Probabilidade herdar alelo elite: 0.6514
Número de populações independentes: 3
Troca de informação de 4 individuos a cada 241 gerações
Número de threads: 1

Largura da faixa = 30
Melhor altura = 141

Lower Bound 1 = 120
Lower Bound 2 = 113
Avaliação = 1.175

Tempo de execução: 60.0198s
