Tamanho da população: 297
Fração elite: 0.55
Fração mutante: 0.0174
Probabilidade herdar alelo elite: 0.7678
Número de populações independentes: 1
Número de threads: 1
Trocar os melhores indivíduos a cada 30 gerações
Número máximo de gerações: 279

Largura da faixa = 37
Melhor altura = 160

Lower Bound 1 = 145
Lower Bound 2 = 95
Avaliação = 1.10345

Tempo de execução: 5.63023s

---------------------------

Tamanho da população: 297
Fração elite: 0.55
Fração mutante: 0.0174
Probabilidade herdar alelo elite: 0.7678
Número de populações independentes: 1
Número de threads: 1
Trocar os melhores indivíduos a cada 30 gerações
Número máximo de gerações: 279

Largura da faixa = 37
Melhor altura = 161

Lower Bound 1 = 145
Lower Bound 2 = 95
Avaliação = 1.11034

Tempo de execução: 6.12924s

---------------------------

Tamanho da população: 297
Fração elite: 0.55
Fração mutante: 0.0174
Probabilidade herdar alelo elite: 0.7678
Número de populações independentes: 1
Número de threads: 1
Trocar os melhores indivíduos a cada 30 gerações
Número máximo de gerações: 279

Largura da faixa = 37
Melhor altura = 162

Lower Bound 1 = 145
Lower Bound 2 = 95
Avaliação = 1.11724

Tempo de execução: 7.19482s

---------------------------

Tamanho da população: 297
Fração elite: 0.55
Fração mutante: 0.0174
Probabilidade herdar alelo elite: 0.7678
Número de populações independentes: 1
Número de threads: 1
Trocar os melhores indivíduos a cada 30 gerações
Número máximo de gerações: 279

Largura da faixa = 37
Melhor altura = 161

Lower Bound 1 = 145
Lower Bound 2 = 95
Avaliação = 1.11034

Tempo de execução: 7.35067s

---------------------------

Tamanho da população: 297
Fração elite: 0.55
Fração mutante: 0.0174
Probabilidade herdar alelo elite: 0.7678
Número de populações independentes: 1
Número de threads: 1
Trocar os melhores indivíduos a cada 30 gerações
Número máximo de gerações: 279

Largura da faixa = 37
Melhor altura = 163

Lower Bound 1 = 145
Lower Bound 2 = 95
Avaliação = 1.12414

Tempo de execução: 8.32152s

---------------------------

Tamanho da população: 297
Fração elite: 0.55
Fração mutante: 0.0174
Probabilidade herdar alelo elite: 0.7678
Número de populações independentes: 1
Número de threads: 1
Trocar os melhores indivíduos a cada 30 gerações
Número máximo de gerações: 279

Largura da faixa = 37
Melhor altura = 163

Lower Bound 1 = 145
Lower Bound 2 = 95
Avaliação = 1.12414

Tempo de execução: 8.43238s

---------------------------

Tamanho da população: 297
Fração elite: 0.55
Fração mutante: 0.0174
Probabilidade herdar alelo elite: 0.7678
Número de populações independentes: 1
Número de threads: 1
Trocar os melhores indivíduos a cada 30 gerações
Número máximo de gerações: 279

Largura da faixa = 37
Melhor altura = 160

Lower Bound 1 = 145
Lower Bound 2 = 95
Avaliação = 1.10345

Tempo de execução: 5.55449s

---------------------------

Tamanho da população: 297
Fração elite: 0.55
Fração mutante: 0.0174
Probabilidade herdar alelo elite: 0.7678
Número de populações independentes: 1
Número de threads: 1
Trocar os melhores indivíduos a cada 30 gerações
Número máximo de gerações: 279

Largura da faixa = 37
Melhor altura = 160

Lower Bound 1 = 145
Lower Bound 2 = 95
Avaliação = 1.10345

Tempo de execução: 6.91362s

---------------------------

Tamanho da população: 297
Fração elite: 0.55
Fração mutante: 0.0174
Probabilidade herdar alelo elite: 0.7678
Número de populações independentes: 1
Número de threads: 1
Trocar os melhores indivíduos a cada 30 gerações
Número máximo de gerações: 279

Largura da faixa = 37
Melhor altura = 162

Lower Bound 1 = 145
Lower Bound 2 = 95
Avaliação = 1.11724

Tempo de execução: 7.38536s

---------------------------

Tamanho da população: 297
Fração elite: 0.55
Fração mutante: 0.0174
Probabilidade herdar alelo elite: 0.7678
Número de populações independentes: 1
Número de threads: 1
Trocar os melhores indivíduos a cada 30 gerações
Número máximo de gerações: 279

Largura da faixa = 37
Melhor altura = 161

Lower Bound 1 = 145
Lower Bound 2 = 95
Avaliação = 1.11034

Tempo de execução: 6.50522s

---------------------------

Tamanho da população: 297
Fração elite: 0.55
Fração mutante: 0.0174
Probabilidade herdar alelo elite: 0.7678
Número de populações independentes: 1
Número de threads: 1
Trocar os melhores indivíduos a cada 30 gerações
Número máximo de gerações: 279

Largura da faixa = 37
Melhor altura = 162

Lower Bound 1 = 145
Lower Bound 2 = 95
Avaliação = 1.11724

Tempo de execução: 7.55564s

---------------------------

Tamanho da população: 297
Fração elite: 0.55
Fração mutante: 0.0174
Probabilidade herdar alelo elite: 0.7678
Número de populações independentes: 1
Número de threads: 1
Trocar os melhores indivíduos a cada 30 gerações
Número máximo de gerações: 279

Largura da faixa = 37
Melhor altura = 163

Lower Bound 1 = 145
Lower Bound 2 = 95
Avaliação = 1.12414

Tempo de execução: 7.96242s

---------------------------

Tamanho da população: 297
Fração elite: 0.55
Fração mutante: 0.0174
Probabilidade herdar alelo elite: 0.7678
Número de populações independentes: 1
Número de threads: 1
Trocar os melhores indivíduos a cada 30 gerações
Número máximo de gerações: 279

Largura da faixa = 37
Melhor altura = 162

Lower Bound 1 = 145
Lower Bound 2 = 95
Avaliação = 1.11724

Tempo de execução: 5.44836s

---------------------------

Tamanho da população: 297
Fração elite: 0.55
Fração mutante: 0.0174
Probabilidade herdar alelo elite: 0.7678
Número de populações independentes: 1
Número de threads: 1
Trocar os melhores indivíduos a cada 30 gerações
Número máximo de gerações: 279

Largura da faixa = 37
Melhor altura = 164

Lower Bound 1 = 145
Lower Bound 2 = 95
Avaliação = 1.13103

Tempo de execução: 7.08893s

---------------------------

Tamanho da população: 297
Fração elite: 0.55
Fração mutante: 0.0174
Probabilidade herdar alelo elite: 0.7678
Número de populações independentes: 1
Número de threads: 1
Trocar os melhores indivíduos a cada 30 gerações
Número máximo de gerações: 279

Largura da faixa = 37
Melhor altura = 160

Lower Bound 1 = 145
Lower Bound 2 = 95
Avaliação = 1.10345

Tempo de execução: 8.4192s

---------------------------

Tamanho da população: 297
Fração elite: 0.55
Fração mutante: 0.0174
Probabilidade herdar alelo elite: 0.7678
Número de populações independentes: 1
Número de threads: 1
Trocar os melhores indivíduos a cada 30 gerações
Número máximo de gerações: 279

Largura da faixa = 37
Melhor altura = 167

Lower Bound 1 = 145
Lower Bound 2 = 95
Avaliação = 1.15172

Tempo de execução: 5.39116s

---------------------------

Tamanho da população: 297
Fração elite: 0.55
Fração mutante: 0.0174
Probabilidade herdar alelo elite: 0.7678
Número de populações independentes: 1
Número de threads: 1
Trocar os melhores indivíduos a cada 30 gerações
Número máximo de gerações: 279

Largura da faixa = 37
Melhor altura = 165

Lower Bound 1 = 145
Lower Bound 2 = 95
Avaliação = 1.13793

Tempo de execução: 5.94775s

---------------------------

Tamanho da população: 297
Fração elite: 0.55
Fração mutante: 0.0174
Probabilidade herdar alelo elite: 0.7678
Número de populações independentes: 1
Número de threads: 1
Trocar os melhores indivíduos a cada 30 gerações
Número máximo de gerações: 279

Largura da faixa = 37
Melhor altura = 162

Lower Bound 1 = 145
Lower Bound 2 = 95
Avaliação = 1.11724

Tempo de execução: 6.5229s

---------------------------

Tamanho da população: 297
Fração elite: 0.55
Fração mutante: 0.0174
Probabilidade herdar alelo elite: 0.7678
Número de populações independentes: 1
Número de threads: 1
Trocar os melhores indivíduos a cada 30 gerações
Número máximo de gerações: 279

Largura da faixa = 37
Melhor altura = 161

Lower Bound 1 = 145
Lower Bound 2 = 95
Avaliação = 1.11034

Tempo de execução: 4.82104s

---------------------------

Tamanho da população: 297
Fração elite: 0.55
Fração mutante: 0.0174
Probabilidade herdar alelo elite: 0.7678
Número de populações independentes: 1
Número de threads: 1
Trocar os melhores indivíduos a cada 30 gerações
Número máximo de gerações: 279

Largura da faixa = 37
Melhor altura = 161

Lower Bound 1 = 145
Lower Bound 2 = 95
Avaliação = 1.11034

Tempo de execução: 6.35425s

---------------------------

Tamanho da população: 392
Fração elite: 0.2567
Fração mutante: 0.0202
Probabilidade herdar alelo elite: 0.6001
Número de populações independentes: 1
Número de threads: 1
Número máximo de gerações: 364

Largura da faixa = 37
Melhor altura = 160

Lower Bound 1 = 145
Lower Bound 2 = 95
Avaliação = 1.10345

Tempo de execução: 8.78877s

---------------------------

Tamanho da população: 392
Fração elite: 0.2567
Fração mutante: 0.0202
Probabilidade herdar alelo elite: 0.6001
Número de populações independentes: 1
Número de threads: 1
Número máximo de gerações: 364

Largura da faixa = 37
Melhor altura = 161

Lower Bound 1 = 145
Lower Bound 2 = 95
Avaliação = 1.11034

Tempo de execução: 8.82297s

---------------------------

Tamanho da população: 392
Fração elite: 0.2567
Fração mutante: 0.0202
Probabilidade herdar alelo elite: 0.6001
Número de populações independentes: 1
Número de threads: 1
Número máximo de gerações: 364

Largura da faixa = 37
Melhor altura = 160

Lower Bound 1 = 145
Lower Bound 2 = 95
Avaliação = 1.10345

Tempo de execução: 8.8713s

---------------------------

Tamanho da população: 392
Fração elite: 0.2567
Fração mutante: 0.0202
Probabilidade herdar alelo elite: 0.6001
Número de populações independentes: 1
Número de threads: 1
Número máximo de gerações: 364

Largura da faixa = 37
Melhor altura = 161

Lower Bound 1 = 145
Lower Bound 2 = 95
Avaliação = 1.11034

Tempo de execução: 8.70701s

---------------------------

Tamanho da população: 392
Fração elite: 0.2567
Fração mutante: 0.0202
Probabilidade herdar alelo elite: 0.6001
Número de populações independentes: 1
Número de threads: 1
Número máximo de gerações: 364

Largura da faixa = 37
Melhor altura = 162

Lower Bound 1 = 145
Lower Bound 2 = 95
Avaliação = 1.11724

Tempo de execução: 8.91105s

---------------------------

Tamanho da população: 392
Fração elite: 0.2567
Fração mutante: 0.0202
Probabilidade herdar alelo elite: 0.6001
Número de populações independentes: 1
Número de threads: 1
Número máximo de gerações: 364

Largura da faixa = 37
Melhor altura = 162

Lower Bound 1 = 145
Lower Bound 2 = 95
Avaliação = 1.11724

Tempo de execução: 8.91392s

---------------------------

Tamanho da população: 392
Fração elite: 0.2567
Fração mutante: 0.0202
Probabilidade herdar alelo elite: 0.6001
Número de populações independentes: 1
Número de threads: 1
Número máximo de gerações: 364

Largura da faixa = 37
Melhor altura = 160

Lower Bound 1 = 145
Lower Bound 2 = 95
Avaliação = 1.10345

Tempo de execução: 8.81123s

---------------------------

Tamanho da população: 392
Fração elite: 0.2567
Fração mutante: 0.0202
Probabilidade herdar alelo elite: 0.6001
Número de populações independentes: 1
Número de threads: 1
Número máximo de gerações: 364

Largura da faixa = 37
Melhor altura = 162

Lower Bound 1 = 145
Lower Bound 2 = 95
Avaliação = 1.11724

Tempo de execução: 8.83416s

---------------------------

Tamanho da população: 392
Fração elite: 0.2567
Fração mutante: 0.0202
Probabilidade herdar alelo elite: 0.6001
Número de populações independentes: 1
Número de threads: 1
Número máximo de gerações: 364

Largura da faixa = 37
Melhor altura = 161

Lower Bound 1 = 145
Lower Bound 2 = 95
Avaliação = 1.11034

Tempo de execução: 8.85808s

---------------------------

Tamanho da população: 392
Fração elite: 0.2567
Fração mutante: 0.0202
Probabilidade herdar alelo elite: 0.6001
Número de populações independentes: 1
Número de threads: 1
Número máximo de gerações: 364

Largura da faixa = 37
Melhor altura = 164

Lower Bound 1 = 145
Lower Bound 2 = 95
Avaliação = 1.13103

Tempo de execução: 8.72171s

---------------------------

Tamanho da população: 392
Fração elite: 0.2567
Fração mutante: 0.0202
Probabilidade herdar alelo elite: 0.6001
Número de populações independentes: 1
Número de threads: 1
Número máximo de gerações: 364

Largura da faixa = 37
Melhor altura = 160

Lower Bound 1 = 145
Lower Bound 2 = 95
Avaliação = 1.10345

Tempo de execução: 8.73434s

---------------------------

Tamanho da população: 392
Fração elite: 0.2567
Fração mutante: 0.0202
Probabilidade herdar alelo elite: 0.6001
Número de populações independentes: 1
Número de threads: 1
Número máximo de gerações: 364

Largura da faixa = 37
Melhor altura = 162

Lower Bound 1 = 145
Lower Bound 2 = 95
Avaliação = 1.11724

Tempo de execução: 8.88827s

---------------------------

Tamanho da população: 392
Fração elite: 0.2567
Fração mutante: 0.0202
Probabilidade herdar alelo elite: 0.6001
Número de populações independentes: 1
Número de threads: 1
Número máximo de gerações: 364

Largura da faixa = 37
Melhor altura = 161

Lower Bound 1 = 145
Lower Bound 2 = 95
Avaliação = 1.11034

Tempo de execução: 8.70742s

---------------------------

Tamanho da população: 392
Fração elite: 0.2567
Fração mutante: 0.0202
Probabilidade herdar alelo elite: 0.6001
Número de populações independentes: 1
Número de threads: 1
Número máximo de gerações: 364

Largura da faixa = 37
Melhor altura = 159

Lower Bound 1 = 145
Lower Bound 2 = 95
Avaliação = 1.09655

Tempo de execução: 8.73532s

---------------------------

Tamanho da população: 392
Fração elite: 0.2567
Fração mutante: 0.0202
Probabilidade herdar alelo elite: 0.6001
Número de populações independentes: 1
Número de threads: 1
Número máximo de gerações: 364

Largura da faixa = 37
Melhor altura = 160

Lower Bound 1 = 145
Lower Bound 2 = 95
Avaliação = 1.10345

Tempo de execução: 8.92409s

---------------------------

Tamanho da população: 392
Fração elite: 0.2567
Fração mutante: 0.0202
Probabilidade herdar alelo elite: 0.6001
Número de populações independentes: 1
Número de threads: 1
Número máximo de gerações: 364

Largura da faixa = 37
Melhor altura = 162

Lower Bound 1 = 145
Lower Bound 2 = 95
Avaliação = 1.11724

Tempo de execução: 8.76186s

---------------------------

Tamanho da população: 392
Fração elite: 0.2567
Fração mutante: 0.0202
Probabilidade herdar alelo elite: 0.6001
Número de populações independentes: 1
Número de threads: 1
Número máximo de gerações: 364

Largura da faixa = 37
Melhor altura = 163

Lower Bound 1 = 145
Lower Bound 2 = 95
Avaliação = 1.12414

Tempo de execução: 8.90455s

---------------------------

Tamanho da população: 392
Fração elite: 0.2567
Fração mutante: 0.0202
Probabilidade herdar alelo elite: 0.6001
Número de populações independentes: 1
Número de threads: 1
Número máximo de gerações: 364

Largura da faixa = 37
Melhor altura = 162

Lower Bound 1 = 145
Lower Bound 2 = 95
Avaliação = 1.11724

Tempo de execução: 9.00284s

---------------------------

Tamanho da população: 392
Fração elite: 0.2567
Fração mutante: 0.0202
Probabilidade herdar alelo elite: 0.6001
Número de populações independentes: 1
Número de threads: 1
Número máximo de gerações: 364

Largura da faixa = 37
Melhor altura = 160

Lower Bound 1 = 145
Lower Bound 2 = 95
Avaliação = 1.10345

Tempo de execução: 8.58166s

---------------------------

Tamanho da população: 392
Fração elite: 0.2567
Fração mutante: 0.0202
Probabilidade herdar alelo elite: 0.6001
Número de populações independentes: 1
Número de threads: 1
Número máximo de gerações: 364

Largura da faixa = 37
Melhor altura = 163

Lower Bound 1 = 145
Lower Bound 2 = 95
Avaliação = 1.12414

Tempo de execução: 8.79827s

---------------------------

