Tamanho da população: 297
Fração elite: 0.55
Fração mutante: 0.0174
Probabilidade herdar alelo elite: 0.7678
Número de populações independentes: 1
Número de threads: 1
Trocar os melhores indivíduos a cada 30 gerações
Número máximo de gerações: 279

Largura da faixa = 55
Melhor altura = 208

Lower Bound 1 = 174
Lower Bound 2 = 136
Avaliação = 1.1954

Tempo de execução: 11.4744s

---------------------------

Tamanho da população: 297
Fração elite: 0.55
Fração mutante: 0.0174
Probabilidade herdar alelo elite: 0.7678
Número de populações independentes: 1
Número de threads: 1
Trocar os melhores indivíduos a cada 30 gerações
Número máximo de gerações: 279

Largura da faixa = 55
Melhor altura = 208

Lower Bound 1 = 174
Lower Bound 2 = 136
Avaliação = 1.1954

Tempo de execução: 12.0855s

---------------------------

Tamanho da população: 297
Fração elite: 0.55
Fração mutante: 0.0174
Probabilidade herdar alelo elite: 0.7678
Número de populações independentes: 1
Número de threads: 1
Trocar os melhores indivíduos a cada 30 gerações
Número máximo de gerações: 279

Largura da faixa = 55
Melhor altura = 211

Lower Bound 1 = 174
Lower Bound 2 = 136
Avaliação = 1.21264

Tempo de execução: 12.9065s

---------------------------

Tamanho da população: 297
Fração elite: 0.55
Fração mutante: 0.0174
Probabilidade herdar alelo elite: 0.7678
Número de populações independentes: 1
Número de threads: 1
Trocar os melhores indivíduos a cada 30 gerações
Número máximo de gerações: 279

Largura da faixa = 55
Melhor altura = 211

Lower Bound 1 = 174
Lower Bound 2 = 136
Avaliação = 1.21264

Tempo de execução: 8.38193s

---------------------------

Tamanho da população: 297
Fração elite: 0.55
Fração mutante: 0.0174
Probabilidade herdar alelo elite: 0.7678
Número de populações independentes: 1
Número de threads: 1
Trocar os melhores indivíduos a cada 30 gerações
Número máximo de gerações: 279

Largura da faixa = 55
Melhor altura = 210

Lower Bound 1 = 174
Lower Bound 2 = 136
Avaliação = 1.2069

Tempo de execução: 13.4964s

---------------------------

Tamanho da população: 297
Fração elite: 0.55
Fração mutante: 0.0174
Probabilidade herdar alelo elite: 0.7678
Número de populações independentes: 1
Número de threads: 1
Trocar os melhores indivíduos a cada 30 gerações
Número máximo de gerações: 279

Largura da faixa = 55
Melhor altura = 210

Lower Bound 1 = 174
Lower Bound 2 = 136
Avaliação = 1.2069

Tempo de execução: 13.6063s

---------------------------

Tamanho da população: 297
Fração elite: 0.55
Fração mutante: 0.0174
Probabilidade herdar alelo elite: 0.7678
Número de populações independentes: 1
Número de threads: 1
Trocar os melhores indivíduos a cada 30 gerações
Número máximo de gerações: 279

Largura da faixa = 55
Melhor altura = 210

Lower Bound 1 = 174
Lower Bound 2 = 136
Avaliação = 1.2069

Tempo de execução: 10.6296s

---------------------------

Tamanho da população: 297
Fração elite: 0.55
Fração mutante: 0.0174
Probabilidade herdar alelo elite: 0.7678
Número de populações independentes: 1
Número de threads: 1
Trocar os melhores indivíduos a cada 30 gerações
Número máximo de gerações: 279

Largura da faixa = 55
Melhor altura = 209

Lower Bound 1 = 174
Lower Bound 2 = 136
Avaliação = 1.20115

Tempo de execução: 11.5849s

---------------------------

Tamanho da população: 297
Fração elite: 0.55
Fração mutante: 0.0174
Probabilidade herdar alelo elite: 0.7678
Número de populações independentes: 1
Número de threads: 1
Trocar os melhores indivíduos a cada 30 gerações
Número máximo de gerações: 279

Largura da faixa = 55
Melhor altura = 208

Lower Bound 1 = 174
Lower Bound 2 = 136
Avaliação = 1.1954

Tempo de execução: 12.8905s

---------------------------

Tamanho da população: 297
Fração elite: 0.55
Fração mutante: 0.0174
Probabilidade herdar alelo elite: 0.7678
Número de populações independentes: 1
Número de threads: 1
Trocar os melhores indivíduos a cada 30 gerações
Número máximo de gerações: 279

Largura da faixa = 55
Melhor altura = 209

Lower Bound 1 = 174
Lower Bound 2 = 136
Avaliação = 1.20115

Tempo de execução: 8.39902s

---------------------------

Tamanho da população: 297
Fração elite: 0.55
Fração mutante: 0.0174
Probabilidade herdar alelo elite: 0.7678
Número de populações independentes: 1
Número de threads: 1
Trocar os melhores indivíduos a cada 30 gerações
Número máximo de gerações: 279

Largura da faixa = 55
Melhor altura = 211

Lower Bound 1 = 174
Lower Bound 2 = 136
Avaliação = 1.21264

Tempo de execução: 10.0081s

---------------------------

Tamanho da população: 297
Fração elite: 0.55
Fração mutante: 0.0174
Probabilidade herdar alelo elite: 0.7678
Número de populações independentes: 1
Número de threads: 1
Trocar os melhores indivíduos a cada 30 gerações
Número máximo de gerações: 279

Largura da faixa = 55
Melhor altura = 211

Lower Bound 1 = 174
Lower Bound 2 = 136
Avaliação = 1.21264

Tempo de execução: 12.2383s

---------------------------

Tamanho da população: 297
Fração elite: 0.55
Fração mutante: 0.0174
Probabilidade herdar alelo elite: 0.7678
Número de populações independentes: 1
Número de threads: 1
Trocar os melhores indivíduos a cada 30 gerações
Número máximo de gerações: 279

Largura da faixa = 55
Melhor altura = 209

Lower Bound 1 = 174
Lower Bound 2 = 136
Avaliação = 1.20115

Tempo de execução: 9.12956s

---------------------------

Tamanho da população: 297
Fração elite: 0.55
Fração mutante: 0.0174
Probabilidade herdar alelo elite: 0.7678
Número de populações independentes: 1
Número de threads: 1
Trocar os melhores indivíduos a cada 30 gerações
Número máximo de gerações: 279

Largura da faixa = 55
Melhor altura = 211

Lower Bound 1 = 174
Lower Bound 2 = 136
Avaliação = 1.21264

Tempo de execução: 10.49s

---------------------------

Tamanho da população: 297
Fração elite: 0.55
Fração mutante: 0.0174
Probabilidade herdar alelo elite: 0.7678
Número de populações independentes: 1
Número de threads: 1
Trocar os melhores indivíduos a cada 30 gerações
Número máximo de gerações: 279

Largura da faixa = 55
Melhor altura = 212

Lower Bound 1 = 174
Lower Bound 2 = 136
Avaliação = 1.21839

Tempo de execução: 12.3576s

---------------------------

Tamanho da população: 297
Fração elite: 0.55
Fração mutante: 0.0174
Probabilidade herdar alelo elite: 0.7678
Número de populações independentes: 1
Número de threads: 1
Trocar os melhores indivíduos a cada 30 gerações
Número máximo de gerações: 279

Largura da faixa = 55
Melhor altura = 210

Lower Bound 1 = 174
Lower Bound 2 = 136
Avaliação = 1.2069

Tempo de execução: 9.82724s

---------------------------

Tamanho da população: 297
Fração elite: 0.55
Fração mutante: 0.0174
Probabilidade herdar alelo elite: 0.7678
Número de populações independentes: 1
Número de threads: 1
Trocar os melhores indivíduos a cada 30 gerações
Número máximo de gerações: 279

Largura da faixa = 55
Melhor altura = 209

Lower Bound 1 = 174
Lower Bound 2 = 136
Avaliação = 1.20115

Tempo de execução: 9.8806s

---------------------------

Tamanho da população: 297
Fração elite: 0.55
Fração mutante: 0.0174
Probabilidade herdar alelo elite: 0.7678
Número de populações independentes: 1
Número de threads: 1
Trocar os melhores indivíduos a cada 30 gerações
Número máximo de gerações: 279

Largura da faixa = 55
Melhor altura = 208

Lower Bound 1 = 174
Lower Bound 2 = 136
Avaliação = 1.1954

Tempo de execução: 10.9474s

---------------------------

Tamanho da população: 297
Fração elite: 0.55
Fração mutante: 0.0174
Probabilidade herdar alelo elite: 0.7678
Número de populações independentes: 1
Número de threads: 1
Trocar os melhores indivíduos a cada 30 gerações
Número máximo de gerações: 279

Largura da faixa = 55
Melhor altura = 213

Lower Bound 1 = 174
Lower Bound 2 = 136
Avaliação = 1.22414

Tempo de execução: 8.19474s

---------------------------

Tamanho da população: 297
Fração elite: 0.55
Fração mutante: 0.0174
Probabilidade herdar alelo elite: 0.7678
Número de populações independentes: 1
Número de threads: 1
Trocar os melhores indivíduos a cada 30 gerações
Número máximo de gerações: 279

Largura da faixa = 55
Melhor altura = 208

Lower Bound 1 = 174
Lower Bound 2 = 136
Avaliação = 1.1954

Tempo de execução: 10.1464s

---------------------------

Tamanho da população: 392
Fração elite: 0.2567
Fração mutante: 0.0202
Probabilidade herdar alelo elite: 0.6001
Número de populações independentes: 1
Número de threads: 1
Número máximo de gerações: 364

Largura da faixa = 55
Melhor altura = 208

Lower Bound 1 = 174
Lower Bound 2 = 136
Avaliação = 1.1954

Tempo de execução: 14.9082s

---------------------------

Tamanho da população: 392
Fração elite: 0.2567
Fração mutante: 0.0202
Probabilidade herdar alelo elite: 0.6001
Número de populações independentes: 1
Número de threads: 1
Número máximo de gerações: 364

Largura da faixa = 55
Melhor altura = 210

Lower Bound 1 = 174
Lower Bound 2 = 136
Avaliação = 1.2069

Tempo de execução: 14.9703s

---------------------------

Tamanho da população: 392
Fração elite: 0.2567
Fração mutante: 0.0202
Probabilidade herdar alelo elite: 0.6001
Número de populações independentes: 1
Número de threads: 1
Número máximo de gerações: 364

Largura da faixa = 55
Melhor altura = 212

Lower Bound 1 = 174
Lower Bound 2 = 136
Avaliação = 1.21839

Tempo de execução: 15.1488s

---------------------------

Tamanho da população: 392
Fração elite: 0.2567
Fração mutante: 0.0202
Probabilidade herdar alelo elite: 0.6001
Número de populações independentes: 1
Número de threads: 1
Número máximo de gerações: 364

Largura da faixa = 55
Melhor altura = 211

Lower Bound 1 = 174
Lower Bound 2 = 136
Avaliação = 1.21264

Tempo de execução: 15.0208s

---------------------------

Tamanho da população: 392
Fração elite: 0.2567
Fração mutante: 0.0202
Probabilidade herdar alelo elite: 0.6001
Número de populações independentes: 1
Número de threads: 1
Número máximo de gerações: 364

Largura da faixa = 55
Melhor altura = 210

Lower Bound 1 = 174
Lower Bound 2 = 136
Avaliação = 1.2069

Tempo de execução: 15.2067s

---------------------------

Tamanho da população: 392
Fração elite: 0.2567
Fração mutante: 0.0202
Probabilidade herdar alelo elite: 0.6001
Número de populações independentes: 1
Número de threads: 1
Número máximo de gerações: 364

Largura da faixa = 55
Melhor altura = 208

Lower Bound 1 = 174
Lower Bound 2 = 136
Avaliação = 1.1954

Tempo de execução: 15.5806s

---------------------------

Tamanho da população: 392
Fração elite: 0.2567
Fração mutante: 0.0202
Probabilidade herdar alelo elite: 0.6001
Número de populações independentes: 1
Número de threads: 1
Número máximo de gerações: 364

Largura da faixa = 55
Melhor altura = 210

Lower Bound 1 = 174
Lower Bound 2 = 136
Avaliação = 1.2069

Tempo de execução: 14.8506s

---------------------------

Tamanho da população: 392
Fração elite: 0.2567
Fração mutante: 0.0202
Probabilidade herdar alelo elite: 0.6001
Número de populações independentes: 1
Número de threads: 1
Número máximo de gerações: 364

Largura da faixa = 55
Melhor altura = 209

Lower Bound 1 = 174
Lower Bound 2 = 136
Avaliação = 1.20115

Tempo de execução: 14.8854s

---------------------------

Tamanho da população: 392
Fração elite: 0.2567
Fração mutante: 0.0202
Probabilidade herdar alelo elite: 0.6001
Número de populações independentes: 1
Número de threads: 1
Número máximo de gerações: 364

Largura da faixa = 55
Melhor altura = 208

Lower Bound 1 = 174
Lower Bound 2 = 136
Avaliação = 1.1954

Tempo de execução: 15.0876s

---------------------------

Tamanho da população: 392
Fração elite: 0.2567
Fração mutante: 0.0202
Probabilidade herdar alelo elite: 0.6001
Número de populações independentes: 1
Número de threads: 1
Número máximo de gerações: 364

Largura da faixa = 55
Melhor altura = 209

Lower Bound 1 = 174
Lower Bound 2 = 136
Avaliação = 1.20115

Tempo de execução: 14.7053s

---------------------------

Tamanho da população: 392
Fração elite: 0.2567
Fração mutante: 0.0202
Probabilidade herdar alelo elite: 0.6001
Número de populações independentes: 1
Número de threads: 1
Número máximo de gerações: 364

Largura da faixa = 55
Melhor altura = 206

Lower Bound 1 = 174
Lower Bound 2 = 136
Avaliação = 1.18391

Tempo de execução: 14.9815s

---------------------------

Tamanho da população: 392
Fração elite: 0.2567
Fração mutante: 0.0202
Probabilidade herdar alelo elite: 0.6001
Número de populações independentes: 1
Número de threads: 1
Número máximo de gerações: 364

Largura da faixa = 55
Melhor altura = 208

Lower Bound 1 = 174
Lower Bound 2 = 136
Avaliação = 1.1954

Tempo de execução: 15.2268s

---------------------------

Tamanho da população: 392
Fração elite: 0.2567
Fração mutante: 0.0202
Probabilidade herdar alelo elite: 0.6001
Número de populações independentes: 1
Número de threads: 1
Número máximo de gerações: 364

Largura da faixa = 55
Melhor altura = 211

Lower Bound 1 = 174
Lower Bound 2 = 136
Avaliação = 1.21264

Tempo de execução: 14.6411s

---------------------------

Tamanho da população: 392
Fração elite: 0.2567
Fração mutante: 0.0202
Probabilidade herdar alelo elite: 0.6001
Número de populações independentes: 1
Número de threads: 1
Número máximo de gerações: 364

Largura da faixa = 55
Melhor altura = 209

Lower Bound 1 = 174
Lower Bound 2 = 136
Avaliação = 1.20115

Tempo de execução: 14.9854s

---------------------------

Tamanho da população: 392
Fração elite: 0.2567
Fração mutante: 0.0202
Probabilidade herdar alelo elite: 0.6001
Número de populações independentes: 1
Número de threads: 1
Número máximo de gerações: 364

Largura da faixa = 55
Melhor altura = 210

Lower Bound 1 = 174
Lower Bound 2 = 136
Avaliação = 1.2069

Tempo de execução: 15.4287s

---------------------------

Tamanho da população: 392
Fração elite: 0.2567
Fração mutante: 0.0202
Probabilidade herdar alelo elite: 0.6001
Número de populações independentes: 1
Número de threads: 1
Número máximo de gerações: 364

Largura da faixa = 55
Melhor altura = 206

Lower Bound 1 = 174
Lower Bound 2 = 136
Avaliação = 1.18391

Tempo de execução: 15.0082s

---------------------------

Tamanho da população: 392
Fração elite: 0.2567
Fração mutante: 0.0202
Probabilidade herdar alelo elite: 0.6001
Número de populações independentes: 1
Número de threads: 1
Número máximo de gerações: 364

Largura da faixa = 55
Melhor altura = 209

Lower Bound 1 = 174
Lower Bound 2 = 136
Avaliação = 1.20115

Tempo de execução: 15.204s

---------------------------

Tamanho da população: 392
Fração elite: 0.2567
Fração mutante: 0.0202
Probabilidade herdar alelo elite: 0.6001
Número de populações independentes: 1
Número de threads: 1
Número máximo de gerações: 364

Largura da faixa = 55
Melhor altura = 209

Lower Bound 1 = 174
Lower Bound 2 = 136
Avaliação = 1.20115

Tempo de execução: 15.4556s

---------------------------

Tamanho da população: 392
Fração elite: 0.2567
Fração mutante: 0.0202
Probabilidade herdar alelo elite: 0.6001
Número de populações independentes: 1
Número de threads: 1
Número máximo de gerações: 364

Largura da faixa = 55
Melhor altura = 210

Lower Bound 1 = 174
Lower Bound 2 = 136
Avaliação = 1.2069

Tempo de execução: 14.9955s

---------------------------

Tamanho da população: 392
Fração elite: 0.2567
Fração mutante: 0.0202
Probabilidade herdar alelo elite: 0.6001
Número de populações independentes: 1
Número de threads: 1
Número máximo de gerações: 364

Largura da faixa = 55
Melhor altura = 206

Lower Bound 1 = 174
Lower Bound 2 = 136
Avaliação = 1.18391

Tempo de execução: 15.0826s

---------------------------

