Tamanho da população: 475
Fração elite: 0.2121
Fração mutante: 0.0442
Probabilidade herdar alelo elite: 0.6514
Número de populações independentes: 3
Troca de informação de 4 individuos a cada 241 gerações
Número de threads: 1

Largura da faixa = 184
Melhor altura = 1086

Lower Bound 1 = 888
Lower Bound 2 = 591
Avaliação = 1.22297

Tempo de execução: 60.0046s

---------------------------

Tamanho da população: 475
Fração elite: 0.2121
Fração mutante: 0.0442
Probabilidade herdar alelo elite: 0.6514
Número de populações independentes: 3
Troca de informação de 4 individuos a cada 241 gerações
Número de threads: 1

Largura da faixa = 184
Melhor altura = 1086

Lower Bound 1 = 888
Lower Bound 2 = 591
Avaliação = 1.22297

Tempo de execução: 60.0049s

---------------------------

Tamanho da população: 475
Fração elite: 0.2121
Fração mutante: 0.0442
Probabilidade herdar alelo elite: 0.6514
Número de populações independentes: 3
Troca de informação de 4 individuos a cada 241 gerações
Número de threads: 1

Largura da faixa = 184
Melhor altura = 1086

Lower Bound 1 = 888
Lower Bound 2 = 591
Avaliação = 1.22297

Tempo de execução: 60.0055s

---------------------------

Tamanho da população: 475
Fração elite: 0.2121
Fração mutante: 0.0442
Probabilidade herdar alelo elite: 0.6514
Número de populações independentes: 3
Troca de informação de 4 individuos a cada 241 gerações
Número de threads: 1

Largura da faixa = 184
Melhor altura = 1086

Lower Bound 1 = 888
Lower Bound 2 = 591
Avaliação = 1.22297

Tempo de execução: 60.0022s

---------------------------

Tamanho da população: 475
Fração elite: 0.2121
Fração mutante: 0.0442
Probabilidade herdar alelo elite: 0.6514
Número de populações independentes: 3
Troca de informação de 4 individuos a cada 241 gerações
Número de threads: 1

Largura da faixa = 184
Melhor altura = 1086

Lower Bound 1 = 888
Lower Bound 2 = 591
Avaliação = 1.22297

Tempo de execução: 60.0048s

---------------------------

Tamanho da população: 475
Fração elite: 0.2121
Fração mutante: 0.0442
Probabilidade herdar alelo elite: 0.6514
Número de populações independentes: 3
Troca de informação de 4 individuos a cada 241 gerações
Número de threads: 1

Largura da faixa = 184
Melhor altura = 1086

Lower Bound 1 = 888
Lower Bound 2 = 591
Avaliação = 1.22297

Tempo de execução: 60.0054s

---------------------------

Tamanho da população: 475
Fração elite: 0.2121
Fração mutante: 0.0442
Probabilidade herdar alelo elite: 0.6514
Número de populações independentes: 3
Troca de informação de 4 individuos a cada 241 gerações
Número de threads: 1

Largura da faixa = 184
Melhor altura = 1086

Lower Bound 1 = 888
Lower Bound 2 = 591
Avaliação = 1.22297

Tempo de execução: 60.002s

---------------------------

Tamanho da população: 475
Fração elite: 0.2121
Fração mutante: 0.0442
Probabilidade herdar alelo elite: 0.6514
Número de populações independentes: 3
Troca de informação de 4 individuos a cada 241 gerações
Número de threads: 1

Largura da faixa = 184
Melhor altura = 1086

Lower Bound 1 = 888
Lower Bound 2 = 591
Avaliação = 1.22297

Tempo de execução: 60.0027s

---------------------------

Tamanho da população: 475
Fração elite: 0.2121
Fração mutante: 0.0442
Probabilidade herdar alelo elite: 0.6514
Número de populações independentes: 3
Troca de informação de 4 individuos a cada 241 gerações
Número de threads: 1

Largura da faixa = 184
Melhor altura = 1086

Lower Bound 1 = 888
Lower Bound 2 = 591
Avaliação = 1.22297

Tempo de execução: 60.0032s

---------------------------

Tamanho da população: 475
Fração elite: 0.2121
Fração mutante: 0.0442
Probabilidade herdar alelo elite: 0.6514
Número de populações independentes: 3
Troca de informação de 4 individuos a cada 241 gerações
Número de threads: 1

Largura da faixa = 184
Melhor altura = 1086

Lower Bound 1 = 888
Lower Bound 2 = 591
Avaliação = 1.22297

Tempo de execução: 60.0017s

---------------------------

Tamanho da população: 475
Fração elite: 0.2121
Fração mutante: 0.0442
Probabilidade herdar alelo elite: 0.6514
Número de populações independentes: 3
Troca de informação de 4 individuos a cada 241 gerações
Número de threads: 1

Largura da faixa = 184
Melhor altura = 1086

Lower Bound 1 = 888
Lower Bound 2 = 591
Avaliação = 1.22297

Tempo de execução: 60.0052s

---------------------------

Tamanho da população: 475
Fração elite: 0.2121
Fração mutante: 0.0442
Probabilidade herdar alelo elite: 0.6514
Número de populações independentes: 3
Troca de informação de 4 individuos a cada 241 gerações
Número de threads: 1

Largura da faixa = 184
Melhor altura = 1086

Lower Bound 1 = 888
Lower Bound 2 = 591
Avaliação = 1.22297

Tempo de execução: 60.0065s

---------------------------

Tamanho da população: 475
Fração elite: 0.2121
Fração mutante: 0.0442
Probabilidade herdar alelo elite: 0.6514
Número de populações independentes: 3
Troca de informação de 4 individuos a cada 241 gerações
Número de threads: 1

Largura da faixa = 184
Melhor altura = 1086

Lower Bound 1 = 888
Lower Bound 2 = 591
Avaliação = 1.22297

Tempo de execução: 60.0003s

---------------------------

Tamanho da população: 475
Fração elite: 0.2121
Fração mutante: 0.0442
Probabilidade herdar alelo elite: 0.6514
Número de populações independentes: 3
Troca de informação de 4 individuos a cada 241 gerações
Número de threads: 1

Largura da faixa = 184
Melhor altura = 1086

Lower Bound 1 = 888
Lower Bound 2 = 591
Avaliação = 1.22297

Tempo de execução: 60.0023s

---------------------------

Tamanho da população: 475
Fração elite: 0.2121
Fração mutante: 0.0442
Probabilidade herdar alelo elite: 0.6514
Número de populações independentes: 3
Troca de informação de 4 individuos a cada 241 gerações
Número de threads: 1

Largura da faixa = 184
Melhor altura = 1086

Lower Bound 1 = 888
Lower Bound 2 = 591
Avaliação = 1.22297

Tempo de execução: 60.0061s

---------------------------

Tamanho da população: 475
Fração elite: 0.2121
Fração mutante: 0.0442
Probabilidade herdar alelo elite: 0.6514
Número de populações independentes: 3
Troca de informação de 4 individuos a cada 241 gerações
Número de threads: 1

Largura da faixa = 184
Melhor altura = 1086

Lower Bound 1 = 888
Lower Bound 2 = 591
Avaliação = 1.22297

Tempo de execução: 60.0056s

---------------------------

Tamanho da população: 475
Fração elite: 0.2121
Fração mutante: 0.0442
Probabilidade herdar alelo elite: 0.6514
Número de populações independentes: 3
Troca de informação de 4 individuos a cada 241 gerações
Número de threads: 1

Largura da faixa = 184
Melhor altura = 1086

Lower Bound 1 = 888
Lower Bound 2 = 591
Avaliação = 1.22297

Tempo de execução: 60.0055s

---------------------------

Tamanho da população: 475
Fração elite: 0.2121
Fração mutante: 0.0442
Probabilidade herdar alelo elite: 0.6514
Número de populações independentes: 3
Troca de informação de 4 individuos a cada 241 gerações
Número de threads: 1

Largura da faixa = 184
Melhor altura = 1086

Lower Bound 1 = 888
Lower Bound 2 = 591
Avaliação = 1.22297

Tempo de execução: 60.007s

---------------------------

Tamanho da população: 475
Fração elite: 0.2121
Fração mutante: 0.0442
Probabilidade herdar alelo elite: 0.6514
Número de populações independentes: 3
Troca de informação de 4 individuos a cada 241 gerações
Número de threads: 1

Largura da faixa = 184
Melhor altura = 1086

Lower Bound 1 = 888
Lower Bound 2 = 591
Avaliação = 1.22297

Tempo de execução: 60.0036s

---------------------------

Tamanho da população: 475
Fração elite: 0.2121
Fração mutante: 0.0442
Probabilidade herdar alelo elite: 0.6514
Número de populações independentes: 3
Troca de informação de 4 individuos a cada 241 gerações
Número de threads: 1

Largura da faixa = 184
Melhor altura = 1086

Lower Bound 1 = 888
Lower Bound 2 = 591
Avaliação = 1.22297

Tempo de execução: 60.0039s
