Tamanho da população: 475
Fração elite: 0.2121
Fração mutante: 0.0442
Probabilidade herdar alelo elite: 0.6514
Número de populações independentes: 3
Troca de informação de 4 individuos a cada 241 gerações
Número de threads: 1

Largura da faixa = 1890
Melhor altura = 8609

Lower Bound 1 = 7574
Lower Bound 2 = 1890
Avaliação = 1.13665

Tempo de execução: 60.0105s

---------------------------

Tamanho da população: 475
Fração elite: 0.2121
Fração mutante: 0.0442
Probabilidade herdar alelo elite: 0.6514
Número de populações independentes: 3
Troca de informação de 4 individuos a cada 241 gerações
Número de threads: 1

Largura da faixa = 1890
Melhor altura = 8715

Lower Bound 1 = 7574
Lower Bound 2 = 1890
Avaliação = 1.15065

Tempo de execução: 60.0259s

---------------------------

Tamanho da população: 475
Fração elite: 0.2121
Fração mutante: 0.0442
Probabilidade herdar alelo elite: 0.6514
Número de populações independentes: 3
Troca de informação de 4 individuos a cada 241 gerações
Número de threads: 1

Largura da faixa = 1890
Melhor altura = 8565

Lower Bound 1 = 7574
Lower Bound 2 = 1890
Avaliação = 1.13084

Tempo de execução: 60.049s

---------------------------

Tamanho da população: 475
Fração elite: 0.2121
Fração mutante: 0.0442
Probabilidade herdar alelo elite: 0.6514
Número de populações independentes: 3
Troca de informação de 4 individuos a cada 241 gerações
Número de threads: 1

Largura da faixa = 1890
Melhor altura = 8584

Lower Bound 1 = 7574
Lower Bound 2 = 1890
Avaliação = 1.13335

Tempo de execução: 60.0105s

---------------------------

Tamanho da população: 475
Fração elite: 0.2121
Fração mutante: 0.0442
Probabilidade herdar alelo elite: 0.6514
Número de populações independentes: 3
Troca de informação de 4 individuos a cada 241 gerações
Número de threads: 1

Largura da faixa = 1890
Melhor altura = 8587

Lower Bound 1 = 7574
Lower Bound 2 = 1890
Avaliação = 1.13375

Tempo de execução: 60.0212s

---------------------------

Tamanho da população: 475
Fração elite: 0.2121
Fração mutante: 0.0442
Probabilidade herdar alelo elite: 0.6514
Número de populações independentes: 3
Troca de informação de 4 individuos a cada 241 gerações
Número de threads: 1

Largura da faixa = 1890
Melhor altura = 8584

Lower Bound 1 = 7574
Lower Bound 2 = 1890
Avaliação = 1.13335

Tempo de execução: 60.031s

---------------------------

Tamanho da população: 475
Fração elite: 0.2121
Fração mutante: 0.0442
Probabilidade herdar alelo elite: 0.6514
Número de populações independentes: 3
Troca de informação de 4 individuos a cada 241 gerações
Número de threads: 1

Largura da faixa = 1890
Melhor altura = 8589

Lower Bound 1 = 7574
Lower Bound 2 = 1890
Avaliação = 1.13401

Tempo de execução: 60.0116s

---------------------------

Tamanho da população: 475
Fração elite: 0.2121
Fração mutante: 0.0442
Probabilidade herdar alelo elite: 0.6514
Número de populações independentes: 3
Troca de informação de 4 individuos a cada 241 gerações
Número de threads: 1

Largura da faixa = 1890
Melhor altura = 8563

Lower Bound 1 = 7574
Lower Bound 2 = 1890
Avaliação = 1.13058

Tempo de execução: 60.0314s

---------------------------

Tamanho da população: 475
Fração elite: 0.2121
Fração mutante: 0.0442
Probabilidade herdar alelo elite: 0.6514
Número de populações independentes: 3
Troca de informação de 4 individuos a cada 241 gerações
Número de threads: 1

Largura da faixa = 1890
Melhor altura = 8595

Lower Bound 1 = 7574
Lower Bound 2 = 1890
Avaliação = 1.1348

Tempo de execução: 60.0361s

---------------------------

Tamanho da população: 475
Fração elite: 0.2121
Fração mutante: 0.0442
Probabilidade herdar alelo elite: 0.6514
Número de populações independentes: 3
Troca de informação de 4 individuos a cada 241 gerações
Número de threads: 1

Largura da faixa = 1890
Melhor altura = 8652

Lower Bound 1 = 7574
Lower Bound 2 = 1890
Avaliação = 1.14233

Tempo de execução: 60.0397s

---------------------------

Tamanho da população: 475
Fração elite: 0.2121
Fração mutante: 0.0442
Probabilidade herdar alelo elite: 0.6514
Número de populações independentes: 3
Troca de informação de 4 individuos a cada 241 gerações
Número de threads: 1

Largura da faixa = 1890
Melhor altura = 8743

Lower Bound 1 = 7574
Lower Bound 2 = 1890
Avaliação = 1.15434

Tempo de execução: 60.0408s

---------------------------

Tamanho da população: 475
Fração elite: 0.2121
Fração mutante: 0.0442
Probabilidade herdar alelo elite: 0.6514
Número de populações independentes: 3
Troca de informação de 4 individuos a cada 241 gerações
Número de threads: 1

Largura da faixa = 1890
Melhor altura = 8640

Lower Bound 1 = 7574
Lower Bound 2 = 1890
Avaliação = 1.14074

Tempo de execução: 60.054s

---------------------------

Tamanho da população: 475
Fração elite: 0.2121
Fração mutante: 0.0442
Probabilidade herdar alelo elite: 0.6514
Número de populações independentes: 3
Troca de informação de 4 individuos a cada 241 gerações
Número de threads: 1

Largura da faixa = 1890
Melhor altura = 8686

Lower Bound 1 = 7574
Lower Bound 2 = 1890
Avaliação = 1.14682

Tempo de execução: 60.0224s

---------------------------

Tamanho da população: 475
Fração elite: 0.2121
Fração mutante: 0.0442
Probabilidade herdar alelo elite: 0.6514
Número de populações independentes: 3
Troca de informação de 4 individuos a cada 241 gerações
Número de threads: 1

Largura da faixa = 1890
Melhor altura = 8648

Lower Bound 1 = 7574
Lower Bound 2 = 1890
Avaliação = 1.1418

Tempo de execução: 60.0388s

---------------------------

Tamanho da população: 475
Fração elite: 0.2121
Fração mutante: 0.0442
Probabilidade herdar alelo elite: 0.6514
Número de populações independentes: 3
Troca de informação de 4 individuos a cada 241 gerações
Número de threads: 1

Largura da faixa = 1890
Melhor altura = 8602

Lower Bound 1 = 7574
Lower Bound 2 = 1890
Avaliação = 1.13573

Tempo de execução: 60.0423s

---------------------------

Tamanho da população: 475
Fração elite: 0.2121
Fração mutante: 0.0442
Probabilidade herdar alelo elite: 0.6514
Número de populações independentes: 3
Troca de informação de 4 individuos a cada 241 gerações
Número de threads: 1

Largura da faixa = 1890
Melhor altura = 8587

Lower Bound 1 = 7574
Lower Bound 2 = 1890
Avaliação = 1.13375

Tempo de execução: 60.0037s

---------------------------

Tamanho da população: 475
Fração elite: 0.2121
Fração mutante: 0.0442
Probabilidade herdar alelo elite: 0.6514
Número de populações independentes: 3
Troca de informação de 4 individuos a cada 241 gerações
Número de threads: 1

Largura da faixa = 1890
Melhor altura = 8660

Lower Bound 1 = 7574
Lower Bound 2 = 1890
Avaliação = 1.14339

Tempo de execução: 60.019s

---------------------------

Tamanho da população: 475
Fração elite: 0.2121
Fração mutante: 0.0442
Probabilidade herdar alelo elite: 0.6514
Número de populações independentes: 3
Troca de informação de 4 individuos a cada 241 gerações
Número de threads: 1

Largura da faixa = 1890
Melhor altura = 8565

Lower Bound 1 = 7574
Lower Bound 2 = 1890
Avaliação = 1.13084

Tempo de execução: 60.0299s

---------------------------

Tamanho da população: 475
Fração elite: 0.2121
Fração mutante: 0.0442
Probabilidade herdar alelo elite: 0.6514
Número de populações independentes: 3
Troca de informação de 4 individuos a cada 241 gerações
Número de threads: 1

Largura da faixa = 1890
Melhor altura = 8565

Lower Bound 1 = 7574
Lower Bound 2 = 1890
Avaliação = 1.13084

Tempo de execução: 60.037s

---------------------------

Tamanho da população: 475
Fração elite: 0.2121
Fração mutante: 0.0442
Probabilidade herdar alelo elite: 0.6514
Número de populações independentes: 3
Troca de informação de 4 individuos a cada 241 gerações
Número de threads: 1

Largura da faixa = 1890
Melhor altura = 8686

Lower Bound 1 = 7574
Lower Bound 2 = 1890
Avaliação = 1.14682

Tempo de execução: 60.0408s
