Tamanho da população: 297
Fração elite: 0.55
Fração mutante: 0.0174
Probabilidade herdar alelo elite: 0.7678
Número de populações independentes: 1
Número de threads: 1
Trocar os melhores indivíduos a cada 30 gerações
Número máximo de gerações: 279

Largura da faixa = 364
Melhor altura = 1704

Lower Bound 1 = 1498
Lower Bound 2 = 922
Avaliação = 1.13752

Tempo de execução: 0.602899s

---------------------------

Tamanho da população: 297
Fração elite: 0.55
Fração mutante: 0.0174
Probabilidade herdar alelo elite: 0.7678
Número de populações independentes: 1
Número de threads: 1
Trocar os melhores indivíduos a cada 30 gerações
Número máximo de gerações: 279

Largura da faixa = 364
Melhor altura = 1704

Lower Bound 1 = 1498
Lower Bound 2 = 922
Avaliação = 1.13752

Tempo de execução: 0.894027s

---------------------------

Tamanho da população: 297
Fração elite: 0.55
Fração mutante: 0.0174
Probabilidade herdar alelo elite: 0.7678
Número de populações independentes: 1
Número de threads: 1
Trocar os melhores indivíduos a cada 30 gerações
Número máximo de gerações: 279

Largura da faixa = 364
Melhor altura = 1704

Lower Bound 1 = 1498
Lower Bound 2 = 922
Avaliação = 1.13752

Tempo de execução: 1.13287s

---------------------------

Tamanho da população: 297
Fração elite: 0.55
Fração mutante: 0.0174
Probabilidade herdar alelo elite: 0.7678
Número de populações independentes: 1
Número de threads: 1
Trocar os melhores indivíduos a cada 30 gerações
Número máximo de gerações: 279

Largura da faixa = 364
Melhor altura = 1704

Lower Bound 1 = 1498
Lower Bound 2 = 922
Avaliação = 1.13752

Tempo de execução: 1.1203s

---------------------------

Tamanho da população: 297
Fração elite: 0.55
Fração mutante: 0.0174
Probabilidade herdar alelo elite: 0.7678
Número de populações independentes: 1
Número de threads: 1
Trocar os melhores indivíduos a cada 30 gerações
Número máximo de gerações: 279

Largura da faixa = 364
Melhor altura = 1704

Lower Bound 1 = 1498
Lower Bound 2 = 922
Avaliação = 1.13752

Tempo de execução: 1.12668s

---------------------------

Tamanho da população: 297
Fração elite: 0.55
Fração mutante: 0.0174
Probabilidade herdar alelo elite: 0.7678
Número de populações independentes: 1
Número de threads: 1
Trocar os melhores indivíduos a cada 30 gerações
Número máximo de gerações: 279

Largura da faixa = 364
Melhor altura = 1704

Lower Bound 1 = 1498
Lower Bound 2 = 922
Avaliação = 1.13752

Tempo de execução: 1.13788s

---------------------------

Tamanho da população: 297
Fração elite: 0.55
Fração mutante: 0.0174
Probabilidade herdar alelo elite: 0.7678
Número de populações independentes: 1
Número de threads: 1
Trocar os melhores indivíduos a cada 30 gerações
Número máximo de gerações: 279

Largura da faixa = 364
Melhor altura = 1704

Lower Bound 1 = 1498
Lower Bound 2 = 922
Avaliação = 1.13752

Tempo de execução: 1.118s

---------------------------

Tamanho da população: 297
Fração elite: 0.55
Fração mutante: 0.0174
Probabilidade herdar alelo elite: 0.7678
Número de populações independentes: 1
Número de threads: 1
Trocar os melhores indivíduos a cada 30 gerações
Número máximo de gerações: 279

Largura da faixa = 364
Melhor altura = 1704

Lower Bound 1 = 1498
Lower Bound 2 = 922
Avaliação = 1.13752

Tempo de execução: 1.12701s

---------------------------

Tamanho da população: 297
Fração elite: 0.55
Fração mutante: 0.0174
Probabilidade herdar alelo elite: 0.7678
Número de populações independentes: 1
Número de threads: 1
Trocar os melhores indivíduos a cada 30 gerações
Número máximo de gerações: 279

Largura da faixa = 364
Melhor altura = 1704

Lower Bound 1 = 1498
Lower Bound 2 = 922
Avaliação = 1.13752

Tempo de execução: 1.1274s

---------------------------

Tamanho da população: 297
Fração elite: 0.55
Fração mutante: 0.0174
Probabilidade herdar alelo elite: 0.7678
Número de populações independentes: 1
Número de threads: 1
Trocar os melhores indivíduos a cada 30 gerações
Número máximo de gerações: 279

Largura da faixa = 364
Melhor altura = 1704

Lower Bound 1 = 1498
Lower Bound 2 = 922
Avaliação = 1.13752

Tempo de execução: 1.10311s

---------------------------

Tamanho da população: 297
Fração elite: 0.55
Fração mutante: 0.0174
Probabilidade herdar alelo elite: 0.7678
Número de populações independentes: 1
Número de threads: 1
Trocar os melhores indivíduos a cada 30 gerações
Número máximo de gerações: 279

Largura da faixa = 364
Melhor altura = 1704

Lower Bound 1 = 1498
Lower Bound 2 = 922
Avaliação = 1.13752

Tempo de execução: 1.1308s

---------------------------

Tamanho da população: 297
Fração elite: 0.55
Fração mutante: 0.0174
Probabilidade herdar alelo elite: 0.7678
Número de populações independentes: 1
Número de threads: 1
Trocar os melhores indivíduos a cada 30 gerações
Número máximo de gerações: 279

Largura da faixa = 364
Melhor altura = 1704

Lower Bound 1 = 1498
Lower Bound 2 = 922
Avaliação = 1.13752

Tempo de execução: 1.13542s

---------------------------

Tamanho da população: 297
Fração elite: 0.55
Fração mutante: 0.0174
Probabilidade herdar alelo elite: 0.7678
Número de populações independentes: 1
Número de threads: 1
Trocar os melhores indivíduos a cada 30 gerações
Número máximo de gerações: 279

Largura da faixa = 364
Melhor altura = 1704

Lower Bound 1 = 1498
Lower Bound 2 = 922
Avaliação = 1.13752

Tempo de execução: 1.09994s

---------------------------

Tamanho da população: 297
Fração elite: 0.55
Fração mutante: 0.0174
Probabilidade herdar alelo elite: 0.7678
Número de populações independentes: 1
Número de threads: 1
Trocar os melhores indivíduos a cada 30 gerações
Número máximo de gerações: 279

Largura da faixa = 364
Melhor altura = 1704

Lower Bound 1 = 1498
Lower Bound 2 = 922
Avaliação = 1.13752

Tempo de execução: 1.12573s

---------------------------

Tamanho da população: 297
Fração elite: 0.55
Fração mutante: 0.0174
Probabilidade herdar alelo elite: 0.7678
Número de populações independentes: 1
Número de threads: 1
Trocar os melhores indivíduos a cada 30 gerações
Número máximo de gerações: 279

Largura da faixa = 364
Melhor altura = 1704

Lower Bound 1 = 1498
Lower Bound 2 = 922
Avaliação = 1.13752

Tempo de execução: 1.13161s

---------------------------

Tamanho da população: 297
Fração elite: 0.55
Fração mutante: 0.0174
Probabilidade herdar alelo elite: 0.7678
Número de populações independentes: 1
Número de threads: 1
Trocar os melhores indivíduos a cada 30 gerações
Número máximo de gerações: 279

Largura da faixa = 364
Melhor altura = 1704

Lower Bound 1 = 1498
Lower Bound 2 = 922
Avaliação = 1.13752

Tempo de execução: 0.590806s

---------------------------

Tamanho da população: 297
Fração elite: 0.55
Fração mutante: 0.0174
Probabilidade herdar alelo elite: 0.7678
Número de populações independentes: 1
Número de threads: 1
Trocar os melhores indivíduos a cada 30 gerações
Número máximo de gerações: 279

Largura da faixa = 364
Melhor altura = 1704

Lower Bound 1 = 1498
Lower Bound 2 = 922
Avaliação = 1.13752

Tempo de execução: 0.867042s

---------------------------

Tamanho da população: 297
Fração elite: 0.55
Fração mutante: 0.0174
Probabilidade herdar alelo elite: 0.7678
Número de populações independentes: 1
Número de threads: 1
Trocar os melhores indivíduos a cada 30 gerações
Número máximo de gerações: 279

Largura da faixa = 364
Melhor altura = 1704

Lower Bound 1 = 1498
Lower Bound 2 = 922
Avaliação = 1.13752

Tempo de execução: 1.03164s

---------------------------

Tamanho da população: 297
Fração elite: 0.55
Fração mutante: 0.0174
Probabilidade herdar alelo elite: 0.7678
Número de populações independentes: 1
Número de threads: 1
Trocar os melhores indivíduos a cada 30 gerações
Número máximo de gerações: 279

Largura da faixa = 364
Melhor altura = 1704

Lower Bound 1 = 1498
Lower Bound 2 = 922
Avaliação = 1.13752

Tempo de execução: 0.61507s

---------------------------

Tamanho da população: 297
Fração elite: 0.55
Fração mutante: 0.0174
Probabilidade herdar alelo elite: 0.7678
Número de populações independentes: 1
Número de threads: 1
Trocar os melhores indivíduos a cada 30 gerações
Número máximo de gerações: 279

Largura da faixa = 364
Melhor altura = 1704

Lower Bound 1 = 1498
Lower Bound 2 = 922
Avaliação = 1.13752

Tempo de execução: 0.642503s

---------------------------

Tamanho da população: 392
Fração elite: 0.2567
Fração mutante: 0.0202
Probabilidade herdar alelo elite: 0.6001
Número de populações independentes: 1
Número de threads: 1
Número máximo de gerações: 364

Largura da faixa = 364
Melhor altura = 1704

Lower Bound 1 = 1498
Lower Bound 2 = 922
Avaliação = 1.13752

Tempo de execução: 1.1531s

---------------------------

Tamanho da população: 392
Fração elite: 0.2567
Fração mutante: 0.0202
Probabilidade herdar alelo elite: 0.6001
Número de populações independentes: 1
Número de threads: 1
Número máximo de gerações: 364

Largura da faixa = 364
Melhor altura = 1704

Lower Bound 1 = 1498
Lower Bound 2 = 922
Avaliação = 1.13752

Tempo de execução: 1.17545s

---------------------------

Tamanho da população: 392
Fração elite: 0.2567
Fração mutante: 0.0202
Probabilidade herdar alelo elite: 0.6001
Número de populações independentes: 1
Número de threads: 1
Número máximo de gerações: 364

Largura da faixa = 364
Melhor altura = 1704

Lower Bound 1 = 1498
Lower Bound 2 = 922
Avaliação = 1.13752

Tempo de execução: 1.18974s

---------------------------

Tamanho da população: 392
Fração elite: 0.2567
Fração mutante: 0.0202
Probabilidade herdar alelo elite: 0.6001
Número de populações independentes: 1
Número de threads: 1
Número máximo de gerações: 364

Largura da faixa = 364
Melhor altura = 1704

Lower Bound 1 = 1498
Lower Bound 2 = 922
Avaliação = 1.13752

Tempo de execução: 1.18645s

---------------------------

Tamanho da população: 392
Fração elite: 0.2567
Fração mutante: 0.0202
Probabilidade herdar alelo elite: 0.6001
Número de populações independentes: 1
Número de threads: 1
Número máximo de gerações: 364

Largura da faixa = 364
Melhor altura = 1704

Lower Bound 1 = 1498
Lower Bound 2 = 922
Avaliação = 1.13752

Tempo de execução: 1.20029s

---------------------------

Tamanho da população: 392
Fração elite: 0.2567
Fração mutante: 0.0202
Probabilidade herdar alelo elite: 0.6001
Número de populações independentes: 1
Número de threads: 1
Número máximo de gerações: 364

Largura da faixa = 364
Melhor altura = 1704

Lower Bound 1 = 1498
Lower Bound 2 = 922
Avaliação = 1.13752

Tempo de execução: 1.20082s

---------------------------

Tamanho da população: 392
Fração elite: 0.2567
Fração mutante: 0.0202
Probabilidade herdar alelo elite: 0.6001
Número de populações independentes: 1
Número de threads: 1
Número máximo de gerações: 364

Largura da faixa = 364
Melhor altura = 1704

Lower Bound 1 = 1498
Lower Bound 2 = 922
Avaliação = 1.13752

Tempo de execução: 1.17122s

---------------------------

Tamanho da população: 392
Fração elite: 0.2567
Fração mutante: 0.0202
Probabilidade herdar alelo elite: 0.6001
Número de populações independentes: 1
Número de threads: 1
Número máximo de gerações: 364

Largura da faixa = 364
Melhor altura = 1704

Lower Bound 1 = 1498
Lower Bound 2 = 922
Avaliação = 1.13752

Tempo de execução: 1.20828s

---------------------------

Tamanho da população: 392
Fração elite: 0.2567
Fração mutante: 0.0202
Probabilidade herdar alelo elite: 0.6001
Número de populações independentes: 1
Número de threads: 1
Número máximo de gerações: 364

Largura da faixa = 364
Melhor altura = 1704

Lower Bound 1 = 1498
Lower Bound 2 = 922
Avaliação = 1.13752

Tempo de execução: 1.2125s

---------------------------

Tamanho da população: 392
Fração elite: 0.2567
Fração mutante: 0.0202
Probabilidade herdar alelo elite: 0.6001
Número de populações independentes: 1
Número de threads: 1
Número máximo de gerações: 364

Largura da faixa = 364
Melhor altura = 1704

Lower Bound 1 = 1498
Lower Bound 2 = 922
Avaliação = 1.13752

Tempo de execução: 1.17935s

---------------------------

Tamanho da população: 392
Fração elite: 0.2567
Fração mutante: 0.0202
Probabilidade herdar alelo elite: 0.6001
Número de populações independentes: 1
Número de threads: 1
Número máximo de gerações: 364

Largura da faixa = 364
Melhor altura = 1704

Lower Bound 1 = 1498
Lower Bound 2 = 922
Avaliação = 1.13752

Tempo de execução: 1.1902s

---------------------------

Tamanho da população: 392
Fração elite: 0.2567
Fração mutante: 0.0202
Probabilidade herdar alelo elite: 0.6001
Número de populações independentes: 1
Número de threads: 1
Número máximo de gerações: 364

Largura da faixa = 364
Melhor altura = 1704

Lower Bound 1 = 1498
Lower Bound 2 = 922
Avaliação = 1.13752

Tempo de execução: 1.19488s

---------------------------

Tamanho da população: 392
Fração elite: 0.2567
Fração mutante: 0.0202
Probabilidade herdar alelo elite: 0.6001
Número de populações independentes: 1
Número de threads: 1
Número máximo de gerações: 364

Largura da faixa = 364
Melhor altura = 1704

Lower Bound 1 = 1498
Lower Bound 2 = 922
Avaliação = 1.13752

Tempo de execução: 1.18118s

---------------------------

Tamanho da população: 392
Fração elite: 0.2567
Fração mutante: 0.0202
Probabilidade herdar alelo elite: 0.6001
Número de populações independentes: 1
Número de threads: 1
Número máximo de gerações: 364

Largura da faixa = 364
Melhor altura = 1704

Lower Bound 1 = 1498
Lower Bound 2 = 922
Avaliação = 1.13752

Tempo de execução: 1.19007s

---------------------------

Tamanho da população: 392
Fração elite: 0.2567
Fração mutante: 0.0202
Probabilidade herdar alelo elite: 0.6001
Número de populações independentes: 1
Número de threads: 1
Número máximo de gerações: 364

Largura da faixa = 364
Melhor altura = 1704

Lower Bound 1 = 1498
Lower Bound 2 = 922
Avaliação = 1.13752

Tempo de execução: 1.20979s

---------------------------

Tamanho da população: 392
Fração elite: 0.2567
Fração mutante: 0.0202
Probabilidade herdar alelo elite: 0.6001
Número de populações independentes: 1
Número de threads: 1
Número máximo de gerações: 364

Largura da faixa = 364
Melhor altura = 1704

Lower Bound 1 = 1498
Lower Bound 2 = 922
Avaliação = 1.13752

Tempo de execução: 1.17289s

---------------------------

Tamanho da população: 392
Fração elite: 0.2567
Fração mutante: 0.0202
Probabilidade herdar alelo elite: 0.6001
Número de populações independentes: 1
Número de threads: 1
Número máximo de gerações: 364

Largura da faixa = 364
Melhor altura = 1704

Lower Bound 1 = 1498
Lower Bound 2 = 922
Avaliação = 1.13752

Tempo de execução: 1.17746s

---------------------------

Tamanho da população: 392
Fração elite: 0.2567
Fração mutante: 0.0202
Probabilidade herdar alelo elite: 0.6001
Número de populações independentes: 1
Número de threads: 1
Número máximo de gerações: 364

Largura da faixa = 364
Melhor altura = 1704

Lower Bound 1 = 1498
Lower Bound 2 = 922
Avaliação = 1.13752

Tempo de execução: 1.33989s

---------------------------

Tamanho da população: 392
Fração elite: 0.2567
Fração mutante: 0.0202
Probabilidade herdar alelo elite: 0.6001
Número de populações independentes: 1
Número de threads: 1
Número máximo de gerações: 364

Largura da faixa = 364
Melhor altura = 1704

Lower Bound 1 = 1498
Lower Bound 2 = 922
Avaliação = 1.13752

Tempo de execução: 1.14178s

---------------------------

Tamanho da população: 392
Fração elite: 0.2567
Fração mutante: 0.0202
Probabilidade herdar alelo elite: 0.6001
Número de populações independentes: 1
Número de threads: 1
Número máximo de gerações: 364

Largura da faixa = 364
Melhor altura = 1704

Lower Bound 1 = 1498
Lower Bound 2 = 922
Avaliação = 1.13752

Tempo de execução: 1.17358s

---------------------------

