Tamanho da população: 475
Fração elite: 0.2121
Fração mutante: 0.0442
Probabilidade herdar alelo elite: 0.6514
Número de populações independentes: 3
Troca de informação de 4 individuos a cada 241 gerações
Número de threads: 1

Largura da faixa = 688
Melhor altura = 3719

Lower Bound 1 = 2938
Lower Bound 2 = 2041
Avaliação = 1.26583

Tempo de execução: 60.0004s

---------------------------

Tamanho da população: 475
Fração elite: 0.2121
Fração mutante: 0.0442
Probabilidade herdar alelo elite: 0.6514
Número de populações independentes: 3
Troca de informação de 4 individuos a cada 241 gerações
Número de threads: 1

Largura da faixa = 688
Melhor altura = 3719

Lower Bound 1 = 2938
Lower Bound 2 = 2041
Avaliação = 1.26583

Tempo de execução: 60.004s

---------------------------

Tamanho da população: 475
Fração elite: 0.2121
Fração mutante: 0.0442
Probabilidade herdar alelo elite: 0.6514
Número de populações independentes: 3
Troca de informação de 4 individuos a cada 241 gerações
Número de threads: 1

Largura da faixa = 688
Melhor altura = 3719

Lower Bound 1 = 2938
Lower Bound 2 = 2041
Avaliação = 1.26583

Tempo de execução: 60.0118s

---------------------------

Tamanho da população: 475
Fração elite: 0.2121
Fração mutante: 0.0442
Probabilidade herdar alelo elite: 0.6514
Número de populações independentes: 3
Troca de informação de 4 individuos a cada 241 gerações
Número de threads: 1

Largura da faixa = 688
Melhor altura = 3719

Lower Bound 1 = 2938
Lower Bound 2 = 2041
Avaliação = 1.26583

Tempo de execução: 60.0064s

---------------------------

Tamanho da população: 475
Fração elite: 0.2121
Fração mutante: 0.0442
Probabilidade herdar alelo elite: 0.6514
Número de populações independentes: 3
Troca de informação de 4 individuos a cada 241 gerações
Número de threads: 1

Largura da faixa = 688
Melhor altura = 3719

Lower Bound 1 = 2938
Lower Bound 2 = 2041
Avaliação = 1.26583

Tempo de execução: 60.0063s

---------------------------

Tamanho da população: 475
Fração elite: 0.2121
Fração mutante: 0.0442
Probabilidade herdar alelo elite: 0.6514
Número de populações independentes: 3
Troca de informação de 4 individuos a cada 241 gerações
Número de threads: 1

Largura da faixa = 688
Melhor altura = 3719

Lower Bound 1 = 2938
Lower Bound 2 = 2041
Avaliação = 1.26583

Tempo de execução: 60.0123s

---------------------------

Tamanho da população: 475
Fração elite: 0.2121
Fração mutante: 0.0442
Probabilidade herdar alelo elite: 0.6514
Número de populações independentes: 3
Troca de informação de 4 individuos a cada 241 gerações
Número de threads: 1

Largura da faixa = 688
Melhor altura = 3719

Lower Bound 1 = 2938
Lower Bound 2 = 2041
Avaliação = 1.26583

Tempo de execução: 60.0034s

---------------------------

Tamanho da população: 475
Fração elite: 0.2121
Fração mutante: 0.0442
Probabilidade herdar alelo elite: 0.6514
Número de populações independentes: 3
Troca de informação de 4 individuos a cada 241 gerações
Número de threads: 1

Largura da faixa = 688
Melhor altura = 3719

Lower Bound 1 = 2938
Lower Bound 2 = 2041
Avaliação = 1.26583

Tempo de execução: 60.004s

---------------------------

Tamanho da população: 475
Fração elite: 0.2121
Fração mutante: 0.0442
Probabilidade herdar alelo elite: 0.6514
Número de populações independentes: 3
Troca de informação de 4 individuos a cada 241 gerações
Número de threads: 1

Largura da faixa = 688
Melhor altura = 3719

Lower Bound 1 = 2938
Lower Bound 2 = 2041
Avaliação = 1.26583

Tempo de execução: 60.0068s

---------------------------

Tamanho da população: 475
Fração elite: 0.2121
Fração mutante: 0.0442
Probabilidade herdar alelo elite: 0.6514
Número de populações independentes: 3
Troca de informação de 4 individuos a cada 241 gerações
Número de threads: 1

Largura da faixa = 688
Melhor altura = 3719

Lower Bound 1 = 2938
Lower Bound 2 = 2041
Avaliação = 1.26583

Tempo de execução: 60.0016s

---------------------------

Tamanho da população: 475
Fração elite: 0.2121
Fração mutante: 0.0442
Probabilidade herdar alelo elite: 0.6514
Número de populações independentes: 3
Troca de informação de 4 individuos a cada 241 gerações
Número de threads: 1

Largura da faixa = 688
Melhor altura = 3719

Lower Bound 1 = 2938
Lower Bound 2 = 2041
Avaliação = 1.26583

Tempo de execução: 60.0099s

---------------------------

Tamanho da população: 475
Fração elite: 0.2121
Fração mutante: 0.0442
Probabilidade herdar alelo elite: 0.6514
Número de populações independentes: 3
Troca de informação de 4 individuos a cada 241 gerações
Número de threads: 1

Largura da faixa = 688
Melhor altura = 3719

Lower Bound 1 = 2938
Lower Bound 2 = 2041
Avaliação = 1.26583

Tempo de execução: 60.0124s

---------------------------

Tamanho da população: 475
Fração elite: 0.2121
Fração mutante: 0.0442
Probabilidade herdar alelo elite: 0.6514
Número de populações independentes: 3
Troca de informação de 4 individuos a cada 241 gerações
Número de threads: 1

Largura da faixa = 688
Melhor altura = 3719

Lower Bound 1 = 2938
Lower Bound 2 = 2041
Avaliação = 1.26583

Tempo de execução: 60.0014s

---------------------------

Tamanho da população: 475
Fração elite: 0.2121
Fração mutante: 0.0442
Probabilidade herdar alelo elite: 0.6514
Número de populações independentes: 3
Troca de informação de 4 individuos a cada 241 gerações
Número de threads: 1

Largura da faixa = 688
Melhor altura = 3719

Lower Bound 1 = 2938
Lower Bound 2 = 2041
Avaliação = 1.26583

Tempo de execução: 60.0034s

---------------------------

Tamanho da população: 475
Fração elite: 0.2121
Fração mutante: 0.0442
Probabilidade herdar alelo elite: 0.6514
Número de populações independentes: 3
Troca de informação de 4 individuos a cada 241 gerações
Número de threads: 1

Largura da faixa = 688
Melhor altura = 3719

Lower Bound 1 = 2938
Lower Bound 2 = 2041
Avaliação = 1.26583

Tempo de execução: 60.0094s

---------------------------

Tamanho da população: 475
Fração elite: 0.2121
Fração mutante: 0.0442
Probabilidade herdar alelo elite: 0.6514
Número de populações independentes: 3
Troca de informação de 4 individuos a cada 241 gerações
Número de threads: 1

Largura da faixa = 688
Melhor altura = 3719

Lower Bound 1 = 2938
Lower Bound 2 = 2041
Avaliação = 1.26583

Tempo de execução: 60.0016s

---------------------------

Tamanho da população: 475
Fração elite: 0.2121
Fração mutante: 0.0442
Probabilidade herdar alelo elite: 0.6514
Número de populações independentes: 3
Troca de informação de 4 individuos a cada 241 gerações
Número de threads: 1

Largura da faixa = 688
Melhor altura = 3719

Lower Bound 1 = 2938
Lower Bound 2 = 2041
Avaliação = 1.26583

Tempo de execução: 60.0075s

---------------------------

Tamanho da população: 475
Fração elite: 0.2121
Fração mutante: 0.0442
Probabilidade herdar alelo elite: 0.6514
Número de populações independentes: 3
Troca de informação de 4 individuos a cada 241 gerações
Número de threads: 1

Largura da faixa = 688
Melhor altura = 3719

Lower Bound 1 = 2938
Lower Bound 2 = 2041
Avaliação = 1.26583

Tempo de execução: 60.0096s

---------------------------

Tamanho da população: 475
Fração elite: 0.2121
Fração mutante: 0.0442
Probabilidade herdar alelo elite: 0.6514
Número de populações independentes: 3
Troca de informação de 4 individuos a cada 241 gerações
Número de threads: 1

Largura da faixa = 688
Melhor altura = 3719

Lower Bound 1 = 2938
Lower Bound 2 = 2041
Avaliação = 1.26583

Tempo de execução: 60.0019s

---------------------------

Tamanho da população: 475
Fração elite: 0.2121
Fração mutante: 0.0442
Probabilidade herdar alelo elite: 0.6514
Número de populações independentes: 3
Troca de informação de 4 individuos a cada 241 gerações
Número de threads: 1

Largura da faixa = 688
Melhor altura = 3719

Lower Bound 1 = 2938
Lower Bound 2 = 2041
Avaliação = 1.26583

Tempo de execução: 60.0032s
