Tamanho da população: 475
Fração elite: 0.2121
Fração mutante: 0.0442
Probabilidade herdar alelo elite: 0.6514
Número de populações independentes: 3
Troca de informação de 4 individuos a cada 241 gerações
Número de threads: 1

Largura da faixa = 186
Melhor altura = 1770

Lower Bound 1 = 1476
Lower Bound 2 = 1069
Avaliação = 1.19919

Tempo de execução: 60.0013s

---------------------------

Tamanho da população: 475
Fração elite: 0.2121
Fração mutante: 0.0442
Probabilidade herdar alelo elite: 0.6514
Número de populações independentes: 3
Troca de informação de 4 individuos a cada 241 gerações
Número de threads: 1

Largura da faixa = 186
Melhor altura = 1770

Lower Bound 1 = 1476
Lower Bound 2 = 1069
Avaliação = 1.19919

Tempo de execução: 60.0042s

---------------------------

Tamanho da população: 475
Fração elite: 0.2121
Fração mutante: 0.0442
Probabilidade herdar alelo elite: 0.6514
Número de populações independentes: 3
Troca de informação de 4 individuos a cada 241 gerações
Número de threads: 1

Largura da faixa = 186
Melhor altura = 1770

Lower Bound 1 = 1476
Lower Bound 2 = 1069
Avaliação = 1.19919

Tempo de execução: 60.0111s

---------------------------

Tamanho da população: 475
Fração elite: 0.2121
Fração mutante: 0.0442
Probabilidade herdar alelo elite: 0.6514
Número de populações independentes: 3
Troca de informação de 4 individuos a cada 241 gerações
Número de threads: 1

Largura da faixa = 186
Melhor altura = 1770

Lower Bound 1 = 1476
Lower Bound 2 = 1069
Avaliação = 1.19919

Tempo de execução: 60.0007s

---------------------------

Tamanho da população: 475
Fração elite: 0.2121
Fração mutante: 0.0442
Probabilidade herdar alelo elite: 0.6514
Número de populações independentes: 3
Troca de informação de 4 individuos a cada 241 gerações
Número de threads: 1

Largura da faixa = 186
Melhor altura = 1770

Lower Bound 1 = 1476
Lower Bound 2 = 1069
Avaliação = 1.19919

Tempo de execução: 60.0034s

---------------------------

Tamanho da população: 475
Fração elite: 0.2121
Fração mutante: 0.0442
Probabilidade herdar alelo elite: 0.6514
Número de populações independentes: 3
Troca de informação de 4 individuos a cada 241 gerações
Número de threads: 1

Largura da faixa = 186
Melhor altura = 1770

Lower Bound 1 = 1476
Lower Bound 2 = 1069
Avaliação = 1.19919

Tempo de execução: 60.0104s

---------------------------

Tamanho da população: 475
Fração elite: 0.2121
Fração mutante: 0.0442
Probabilidade herdar alelo elite: 0.6514
Número de populações independentes: 3
Troca de informação de 4 individuos a cada 241 gerações
Número de threads: 1

Largura da faixa = 186
Melhor altura = 1770

Lower Bound 1 = 1476
Lower Bound 2 = 1069
Avaliação = 1.19919

Tempo de execução: 60.0051s

---------------------------

Tamanho da população: 475
Fração elite: 0.2121
Fração mutante: 0.0442
Probabilidade herdar alelo elite: 0.6514
Número de populações independentes: 3
Troca de informação de 4 individuos a cada 241 gerações
Número de threads: 1

Largura da faixa = 186
Melhor altura = 1770

Lower Bound 1 = 1476
Lower Bound 2 = 1069
Avaliação = 1.19919

Tempo de execução: 60.0128s

---------------------------

Tamanho da população: 475
Fração elite: 0.2121
Fração mutante: 0.0442
Probabilidade herdar alelo elite: 0.6514
Número de populações independentes: 3
Troca de informação de 4 individuos a cada 241 gerações
Número de threads: 1

Largura da faixa = 186
Melhor altura = 1770

Lower Bound 1 = 1476
Lower Bound 2 = 1069
Avaliação = 1.19919

Tempo de execução: 60.0167s

---------------------------

Tamanho da população: 475
Fração elite: 0.2121
Fração mutante: 0.0442
Probabilidade herdar alelo elite: 0.6514
Número de populações independentes: 3
Troca de informação de 4 individuos a cada 241 gerações
Número de threads: 1

Largura da faixa = 186
Melhor altura = 1770

Lower Bound 1 = 1476
Lower Bound 2 = 1069
Avaliação = 1.19919

Tempo de execução: 60.0005s

---------------------------

Tamanho da população: 475
Fração elite: 0.2121
Fração mutante: 0.0442
Probabilidade herdar alelo elite: 0.6514
Número de populações independentes: 3
Troca de informação de 4 individuos a cada 241 gerações
Número de threads: 1

Largura da faixa = 186
Melhor altura = 1770

Lower Bound 1 = 1476
Lower Bound 2 = 1069
Avaliação = 1.19919

Tempo de execução: 60.0077s

---------------------------

Tamanho da população: 475
Fração elite: 0.2121
Fração mutante: 0.0442
Probabilidade herdar alelo elite: 0.6514
Número de populações independentes: 3
Troca de informação de 4 individuos a cada 241 gerações
Número de threads: 1

Largura da faixa = 186
Melhor altura = 1770

Lower Bound 1 = 1476
Lower Bound 2 = 1069
Avaliação = 1.19919

Tempo de execução: 60.0086s

---------------------------

Tamanho da população: 475
Fração elite: 0.2121
Fração mutante: 0.0442
Probabilidade herdar alelo elite: 0.6514
Número de populações independentes: 3
Troca de informação de 4 individuos a cada 241 gerações
Número de threads: 1

Largura da faixa = 186
Melhor altura = 1770

Lower Bound 1 = 1476
Lower Bound 2 = 1069
Avaliação = 1.19919

Tempo de execução: 60.0031s

---------------------------

Tamanho da população: 475
Fração elite: 0.2121
Fração mutante: 0.0442
Probabilidade herdar alelo elite: 0.6514
Número de populações independentes: 3
Troca de informação de 4 individuos a cada 241 gerações
Número de threads: 1

Largura da faixa = 186
Melhor altura = 1770

Lower Bound 1 = 1476
Lower Bound 2 = 1069
Avaliação = 1.19919

Tempo de execução: 60.0082s

---------------------------

Tamanho da população: 475
Fração elite: 0.2121
Fração mutante: 0.0442
Probabilidade herdar alelo elite: 0.6514
Número de populações independentes: 3
Troca de informação de 4 individuos a cada 241 gerações
Número de threads: 1

Largura da faixa = 186
Melhor altura = 1770

Lower Bound 1 = 1476
Lower Bound 2 = 1069
Avaliação = 1.19919

Tempo de execução: 60.0158s

---------------------------

Tamanho da população: 475
Fração elite: 0.2121
Fração mutante: 0.0442
Probabilidade herdar alelo elite: 0.6514
Número de populações independentes: 3
Troca de informação de 4 individuos a cada 241 gerações
Número de threads: 1

Largura da faixa = 186
Melhor altura = 1770

Lower Bound 1 = 1476
Lower Bound 2 = 1069
Avaliação = 1.19919

Tempo de execução: 60.0023s

---------------------------

Tamanho da população: 475
Fração elite: 0.2121
Fração mutante: 0.0442
Probabilidade herdar alelo elite: 0.6514
Número de populações independentes: 3
Troca de informação de 4 individuos a cada 241 gerações
Número de threads: 1

Largura da faixa = 186
Melhor altura = 1770

Lower Bound 1 = 1476
Lower Bound 2 = 1069
Avaliação = 1.19919

Tempo de execução: 60.0066s

---------------------------

Tamanho da população: 475
Fração elite: 0.2121
Fração mutante: 0.0442
Probabilidade herdar alelo elite: 0.6514
Número de populações independentes: 3
Troca de informação de 4 individuos a cada 241 gerações
Número de threads: 1

Largura da faixa = 186
Melhor altura = 1770

Lower Bound 1 = 1476
Lower Bound 2 = 1069
Avaliação = 1.19919

Tempo de execução: 60.0159s

---------------------------

Tamanho da população: 475
Fração elite: 0.2121
Fração mutante: 0.0442
Probabilidade herdar alelo elite: 0.6514
Número de populações independentes: 3
Troca de informação de 4 individuos a cada 241 gerações
Número de threads: 1

Largura da faixa = 186
Melhor altura = 1770

Lower Bound 1 = 1476
Lower Bound 2 = 1069
Avaliação = 1.19919

Tempo de execução: 60.0017s

---------------------------

Tamanho da população: 475
Fração elite: 0.2121
Fração mutante: 0.0442
Probabilidade herdar alelo elite: 0.6514
Número de populações independentes: 3
Troca de informação de 4 individuos a cada 241 gerações
Número de threads: 1

Largura da faixa = 186
Melhor altura = 1770

Lower Bound 1 = 1476
Lower Bound 2 = 1069
Avaliação = 1.19919

Tempo de execução: 60.0028s
