Tamanho da população: 297
Fração elite: 0.55
Fração mutante: 0.0174
Probabilidade herdar alelo elite: 0.7678
Número de populações independentes: 1
Número de threads: 1
Trocar os melhores indivíduos a cada 30 gerações
Número máximo de gerações: 279

Largura da faixa = 372
Melhor altura = 4480

Lower Bound 1 = 3311
Lower Bound 2 = 2332
Avaliação = 1.35307

Tempo de execução: 1.23005s

---------------------------

Tamanho da população: 297
Fração elite: 0.55
Fração mutante: 0.0174
Probabilidade herdar alelo elite: 0.7678
Número de populações independentes: 1
Número de threads: 1
Trocar os melhores indivíduos a cada 30 gerações
Número máximo de gerações: 279

Largura da faixa = 372
Melhor altura = 4480

Lower Bound 1 = 3311
Lower Bound 2 = 2332
Avaliação = 1.35307

Tempo de execução: 1.48911s

---------------------------

Tamanho da população: 297
Fração elite: 0.55
Fração mutante: 0.0174
Probabilidade herdar alelo elite: 0.7678
Número de populações independentes: 1
Número de threads: 1
Trocar os melhores indivíduos a cada 30 gerações
Número máximo de gerações: 279

Largura da faixa = 372
Melhor altura = 4480

Lower Bound 1 = 3311
Lower Bound 2 = 2332
Avaliação = 1.35307

Tempo de execução: 1.7179s

---------------------------

Tamanho da população: 297
Fração elite: 0.55
Fração mutante: 0.0174
Probabilidade herdar alelo elite: 0.7678
Número de populações independentes: 1
Número de threads: 1
Trocar os melhores indivíduos a cada 30 gerações
Número máximo de gerações: 279

Largura da faixa = 372
Melhor altura = 4480

Lower Bound 1 = 3311
Lower Bound 2 = 2332
Avaliação = 1.35307

Tempo de execução: 2.29753s

---------------------------

Tamanho da população: 297
Fração elite: 0.55
Fração mutante: 0.0174
Probabilidade herdar alelo elite: 0.7678
Número de populações independentes: 1
Número de threads: 1
Trocar os melhores indivíduos a cada 30 gerações
Número máximo de gerações: 279

Largura da faixa = 372
Melhor altura = 4480

Lower Bound 1 = 3311
Lower Bound 2 = 2332
Avaliação = 1.35307

Tempo de execução: 2.35007s

---------------------------

Tamanho da população: 297
Fração elite: 0.55
Fração mutante: 0.0174
Probabilidade herdar alelo elite: 0.7678
Número de populações independentes: 1
Número de threads: 1
Trocar os melhores indivíduos a cada 30 gerações
Número máximo de gerações: 279

Largura da faixa = 372
Melhor altura = 4480

Lower Bound 1 = 3311
Lower Bound 2 = 2332
Avaliação = 1.35307

Tempo de execução: 2.35066s

---------------------------

Tamanho da população: 297
Fração elite: 0.55
Fração mutante: 0.0174
Probabilidade herdar alelo elite: 0.7678
Número de populações independentes: 1
Número de threads: 1
Trocar os melhores indivíduos a cada 30 gerações
Número máximo de gerações: 279

Largura da faixa = 372
Melhor altura = 4480

Lower Bound 1 = 3311
Lower Bound 2 = 2332
Avaliação = 1.35307

Tempo de execução: 1.25796s

---------------------------

Tamanho da população: 297
Fração elite: 0.55
Fração mutante: 0.0174
Probabilidade herdar alelo elite: 0.7678
Número de populações independentes: 1
Número de threads: 1
Trocar os melhores indivíduos a cada 30 gerações
Número máximo de gerações: 279

Largura da faixa = 372
Melhor altura = 4480

Lower Bound 1 = 3311
Lower Bound 2 = 2332
Avaliação = 1.35307

Tempo de execução: 2.36185s

---------------------------

Tamanho da população: 297
Fração elite: 0.55
Fração mutante: 0.0174
Probabilidade herdar alelo elite: 0.7678
Número de populações independentes: 1
Número de threads: 1
Trocar os melhores indivíduos a cada 30 gerações
Número máximo de gerações: 279

Largura da faixa = 372
Melhor altura = 4480

Lower Bound 1 = 3311
Lower Bound 2 = 2332
Avaliação = 1.35307

Tempo de execução: 2.39816s

---------------------------

Tamanho da população: 297
Fração elite: 0.55
Fração mutante: 0.0174
Probabilidade herdar alelo elite: 0.7678
Número de populações independentes: 1
Número de threads: 1
Trocar os melhores indivíduos a cada 30 gerações
Número máximo de gerações: 279

Largura da faixa = 372
Melhor altura = 4480

Lower Bound 1 = 3311
Lower Bound 2 = 2332
Avaliação = 1.35307

Tempo de execução: 2.2939s

---------------------------

Tamanho da população: 297
Fração elite: 0.55
Fração mutante: 0.0174
Probabilidade herdar alelo elite: 0.7678
Número de populações independentes: 1
Número de threads: 1
Trocar os melhores indivíduos a cada 30 gerações
Número máximo de gerações: 279

Largura da faixa = 372
Melhor altura = 4480

Lower Bound 1 = 3311
Lower Bound 2 = 2332
Avaliação = 1.35307

Tempo de execução: 2.33481s

---------------------------

Tamanho da população: 297
Fração elite: 0.55
Fração mutante: 0.0174
Probabilidade herdar alelo elite: 0.7678
Número de populações independentes: 1
Número de threads: 1
Trocar os melhores indivíduos a cada 30 gerações
Número máximo de gerações: 279

Largura da faixa = 372
Melhor altura = 4480

Lower Bound 1 = 3311
Lower Bound 2 = 2332
Avaliação = 1.35307

Tempo de execução: 2.36537s

---------------------------

Tamanho da população: 297
Fração elite: 0.55
Fração mutante: 0.0174
Probabilidade herdar alelo elite: 0.7678
Número de populações independentes: 1
Número de threads: 1
Trocar os melhores indivíduos a cada 30 gerações
Número máximo de gerações: 279

Largura da faixa = 372
Melhor altura = 4480

Lower Bound 1 = 3311
Lower Bound 2 = 2332
Avaliação = 1.35307

Tempo de execução: 1.65029s

---------------------------

Tamanho da população: 297
Fração elite: 0.55
Fração mutante: 0.0174
Probabilidade herdar alelo elite: 0.7678
Número de populações independentes: 1
Número de threads: 1
Trocar os melhores indivíduos a cada 30 gerações
Número máximo de gerações: 279

Largura da faixa = 372
Melhor altura = 4480

Lower Bound 1 = 3311
Lower Bound 2 = 2332
Avaliação = 1.35307

Tempo de execução: 1.99884s

---------------------------

Tamanho da população: 297
Fração elite: 0.55
Fração mutante: 0.0174
Probabilidade herdar alelo elite: 0.7678
Número de populações independentes: 1
Número de threads: 1
Trocar os melhores indivíduos a cada 30 gerações
Número máximo de gerações: 279

Largura da faixa = 372
Melhor altura = 4480

Lower Bound 1 = 3311
Lower Bound 2 = 2332
Avaliação = 1.35307

Tempo de execução: 2.03335s

---------------------------

Tamanho da população: 297
Fração elite: 0.55
Fração mutante: 0.0174
Probabilidade herdar alelo elite: 0.7678
Número de populações independentes: 1
Número de threads: 1
Trocar os melhores indivíduos a cada 30 gerações
Número máximo de gerações: 279

Largura da faixa = 372
Melhor altura = 4480

Lower Bound 1 = 3311
Lower Bound 2 = 2332
Avaliação = 1.35307

Tempo de execução: 2.08303s

---------------------------

Tamanho da população: 297
Fração elite: 0.55
Fração mutante: 0.0174
Probabilidade herdar alelo elite: 0.7678
Número de populações independentes: 1
Número de threads: 1
Trocar os melhores indivíduos a cada 30 gerações
Número máximo de gerações: 279

Largura da faixa = 372
Melhor altura = 4480

Lower Bound 1 = 3311
Lower Bound 2 = 2332
Avaliação = 1.35307

Tempo de execução: 2.09763s

---------------------------

Tamanho da população: 297
Fração elite: 0.55
Fração mutante: 0.0174
Probabilidade herdar alelo elite: 0.7678
Número de populações independentes: 1
Número de threads: 1
Trocar os melhores indivíduos a cada 30 gerações
Número máximo de gerações: 279

Largura da faixa = 372
Melhor altura = 4480

Lower Bound 1 = 3311
Lower Bound 2 = 2332
Avaliação = 1.35307

Tempo de execução: 2.2994s

---------------------------

Tamanho da população: 297
Fração elite: 0.55
Fração mutante: 0.0174
Probabilidade herdar alelo elite: 0.7678
Número de populações independentes: 1
Número de threads: 1
Trocar os melhores indivíduos a cada 30 gerações
Número máximo de gerações: 279

Largura da faixa = 372
Melhor altura = 4480

Lower Bound 1 = 3311
Lower Bound 2 = 2332
Avaliação = 1.35307

Tempo de execução: 2.27958s

---------------------------

Tamanho da população: 297
Fração elite: 0.55
Fração mutante: 0.0174
Probabilidade herdar alelo elite: 0.7678
Número de populações independentes: 1
Número de threads: 1
Trocar os melhores indivíduos a cada 30 gerações
Número máximo de gerações: 279

Largura da faixa = 372
Melhor altura = 4480

Lower Bound 1 = 3311
Lower Bound 2 = 2332
Avaliação = 1.35307

Tempo de execução: 2.28929s

---------------------------

Tamanho da população: 392
Fração elite: 0.2567
Fração mutante: 0.0202
Probabilidade herdar alelo elite: 0.6001
Número de populações independentes: 1
Número de threads: 1
Número máximo de gerações: 364

Largura da faixa = 372
Melhor altura = 4480

Lower Bound 1 = 3311
Lower Bound 2 = 2332
Avaliação = 1.35307

Tempo de execução: 2.36694s

---------------------------

Tamanho da população: 392
Fração elite: 0.2567
Fração mutante: 0.0202
Probabilidade herdar alelo elite: 0.6001
Número de populações independentes: 1
Número de threads: 1
Número máximo de gerações: 364

Largura da faixa = 372
Melhor altura = 4480

Lower Bound 1 = 3311
Lower Bound 2 = 2332
Avaliação = 1.35307

Tempo de execução: 2.41391s

---------------------------

Tamanho da população: 392
Fração elite: 0.2567
Fração mutante: 0.0202
Probabilidade herdar alelo elite: 0.6001
Número de populações independentes: 1
Número de threads: 1
Número máximo de gerações: 364

Largura da faixa = 372
Melhor altura = 4480

Lower Bound 1 = 3311
Lower Bound 2 = 2332
Avaliação = 1.35307

Tempo de execução: 2.42317s

---------------------------

Tamanho da população: 392
Fração elite: 0.2567
Fração mutante: 0.0202
Probabilidade herdar alelo elite: 0.6001
Número de populações independentes: 1
Número de threads: 1
Número máximo de gerações: 364

Largura da faixa = 372
Melhor altura = 4480

Lower Bound 1 = 3311
Lower Bound 2 = 2332
Avaliação = 1.35307

Tempo de execução: 2.3787s

---------------------------

Tamanho da população: 392
Fração elite: 0.2567
Fração mutante: 0.0202
Probabilidade herdar alelo elite: 0.6001
Número de populações independentes: 1
Número de threads: 1
Número máximo de gerações: 364

Largura da faixa = 372
Melhor altura = 4480

Lower Bound 1 = 3311
Lower Bound 2 = 2332
Avaliação = 1.35307

Tempo de execução: 2.39896s

---------------------------

Tamanho da população: 392
Fração elite: 0.2567
Fração mutante: 0.0202
Probabilidade herdar alelo elite: 0.6001
Número de populações independentes: 1
Número de threads: 1
Número máximo de gerações: 364

Largura da faixa = 372
Melhor altura = 4480

Lower Bound 1 = 3311
Lower Bound 2 = 2332
Avaliação = 1.35307

Tempo de execução: 2.44662s

---------------------------

Tamanho da população: 392
Fração elite: 0.2567
Fração mutante: 0.0202
Probabilidade herdar alelo elite: 0.6001
Número de populações independentes: 1
Número de threads: 1
Número máximo de gerações: 364

Largura da faixa = 372
Melhor altura = 4480

Lower Bound 1 = 3311
Lower Bound 2 = 2332
Avaliação = 1.35307

Tempo de execução: 2.39953s

---------------------------

Tamanho da população: 392
Fração elite: 0.2567
Fração mutante: 0.0202
Probabilidade herdar alelo elite: 0.6001
Número de populações independentes: 1
Número de threads: 1
Número máximo de gerações: 364

Largura da faixa = 372
Melhor altura = 4480

Lower Bound 1 = 3311
Lower Bound 2 = 2332
Avaliação = 1.35307

Tempo de execução: 2.41312s

---------------------------

Tamanho da população: 392
Fração elite: 0.2567
Fração mutante: 0.0202
Probabilidade herdar alelo elite: 0.6001
Número de populações independentes: 1
Número de threads: 1
Número máximo de gerações: 364

Largura da faixa = 372
Melhor altura = 4480

Lower Bound 1 = 3311
Lower Bound 2 = 2332
Avaliação = 1.35307

Tempo de execução: 2.44617s

---------------------------

Tamanho da população: 392
Fração elite: 0.2567
Fração mutante: 0.0202
Probabilidade herdar alelo elite: 0.6001
Número de populações independentes: 1
Número de threads: 1
Número máximo de gerações: 364

Largura da faixa = 372
Melhor altura = 4480

Lower Bound 1 = 3311
Lower Bound 2 = 2332
Avaliação = 1.35307

Tempo de execução: 2.41034s

---------------------------

Tamanho da população: 392
Fração elite: 0.2567
Fração mutante: 0.0202
Probabilidade herdar alelo elite: 0.6001
Número de populações independentes: 1
Número de threads: 1
Número máximo de gerações: 364

Largura da faixa = 372
Melhor altura = 4480

Lower Bound 1 = 3311
Lower Bound 2 = 2332
Avaliação = 1.35307

Tempo de execução: 2.42588s

---------------------------

Tamanho da população: 392
Fração elite: 0.2567
Fração mutante: 0.0202
Probabilidade herdar alelo elite: 0.6001
Número de populações independentes: 1
Número de threads: 1
Número máximo de gerações: 364

Largura da faixa = 372
Melhor altura = 4480

Lower Bound 1 = 3311
Lower Bound 2 = 2332
Avaliação = 1.35307

Tempo de execução: 2.44211s

---------------------------

Tamanho da população: 392
Fração elite: 0.2567
Fração mutante: 0.0202
Probabilidade herdar alelo elite: 0.6001
Número de populações independentes: 1
Número de threads: 1
Número máximo de gerações: 364

Largura da faixa = 372
Melhor altura = 4480

Lower Bound 1 = 3311
Lower Bound 2 = 2332
Avaliação = 1.35307

Tempo de execução: 2.38725s

---------------------------

Tamanho da população: 392
Fração elite: 0.2567
Fração mutante: 0.0202
Probabilidade herdar alelo elite: 0.6001
Número de populações independentes: 1
Número de threads: 1
Número máximo de gerações: 364

Largura da faixa = 372
Melhor altura = 4480

Lower Bound 1 = 3311
Lower Bound 2 = 2332
Avaliação = 1.35307

Tempo de execução: 2.45508s

---------------------------

Tamanho da população: 392
Fração elite: 0.2567
Fração mutante: 0.0202
Probabilidade herdar alelo elite: 0.6001
Número de populações independentes: 1
Número de threads: 1
Número máximo de gerações: 364

Largura da faixa = 372
Melhor altura = 4480

Lower Bound 1 = 3311
Lower Bound 2 = 2332
Avaliação = 1.35307

Tempo de execução: 2.45906s

---------------------------

Tamanho da população: 392
Fração elite: 0.2567
Fração mutante: 0.0202
Probabilidade herdar alelo elite: 0.6001
Número de populações independentes: 1
Número de threads: 1
Número máximo de gerações: 364

Largura da faixa = 372
Melhor altura = 4480

Lower Bound 1 = 3311
Lower Bound 2 = 2332
Avaliação = 1.35307

Tempo de execução: 2.40506s

---------------------------

Tamanho da população: 392
Fração elite: 0.2567
Fração mutante: 0.0202
Probabilidade herdar alelo elite: 0.6001
Número de populações independentes: 1
Número de threads: 1
Número máximo de gerações: 364

Largura da faixa = 372
Melhor altura = 4480

Lower Bound 1 = 3311
Lower Bound 2 = 2332
Avaliação = 1.35307

Tempo de execução: 2.40779s

---------------------------

Tamanho da população: 392
Fração elite: 0.2567
Fração mutante: 0.0202
Probabilidade herdar alelo elite: 0.6001
Número de populações independentes: 1
Número de threads: 1
Número máximo de gerações: 364

Largura da faixa = 372
Melhor altura = 4480

Lower Bound 1 = 3311
Lower Bound 2 = 2332
Avaliação = 1.35307

Tempo de execução: 2.42242s

---------------------------

Tamanho da população: 392
Fração elite: 0.2567
Fração mutante: 0.0202
Probabilidade herdar alelo elite: 0.6001
Número de populações independentes: 1
Número de threads: 1
Número máximo de gerações: 364

Largura da faixa = 372
Melhor altura = 4480

Lower Bound 1 = 3311
Lower Bound 2 = 2332
Avaliação = 1.35307

Tempo de execução: 2.33464s

---------------------------

Tamanho da população: 392
Fração elite: 0.2567
Fração mutante: 0.0202
Probabilidade herdar alelo elite: 0.6001
Número de populações independentes: 1
Número de threads: 1
Número máximo de gerações: 364

Largura da faixa = 372
Melhor altura = 4480

Lower Bound 1 = 3311
Lower Bound 2 = 2332
Avaliação = 1.35307

Tempo de execução: 2.36629s

---------------------------

