Tamanho da população: 475
Fração elite: 0.2121
Fração mutante: 0.0442
Probabilidade herdar alelo elite: 0.6514
Número de populações independentes: 3
Troca de informação de 4 individuos a cada 241 gerações
Número de threads: 1

Largura da faixa = 14
Melhor altura = 32

Lower Bound 1 = 28
Lower Bound 2 = 21
Avaliação = 1.14286

Tempo de execução: 60.0006s

---------------------------

Tamanho da população: 475
Fração elite: 0.2121
Fração mutante: 0.0442
Probabilidade herdar alelo elite: 0.6514
Número de populações independentes: 3
Troca de informação de 4 individuos a cada 241 gerações
Número de threads: 1

Largura da faixa = 14
Melhor altura = 32

Lower Bound 1 = 28
Lower Bound 2 = 21
Avaliação = 1.14286

Tempo de execução: 60.0018s

---------------------------

Tamanho da população: 475
Fração elite: 0.2121
Fração mutante: 0.0442
Probabilidade herdar alelo elite: 0.6514
Número de populações independentes: 3
Troca de informação de 4 individuos a cada 241 gerações
Número de threads: 1

Largura da faixa = 14
Melhor altura = 32

Lower Bound 1 = 28
Lower Bound 2 = 21
Avaliação = 1.14286

Tempo de execução: 60.0098s

---------------------------

Tamanho da população: 475
Fração elite: 0.2121
Fração mutante: 0.0442
Probabilidade herdar alelo elite: 0.6514
Número de populações independentes: 3
Troca de informação de 4 individuos a cada 241 gerações
Número de threads: 1

Largura da faixa = 14
Melhor altura = 32

Lower Bound 1 = 28
Lower Bound 2 = 21
Avaliação = 1.14286

Tempo de execução: 60.0012s

---------------------------

Tamanho da população: 475
Fração elite: 0.2121
Fração mutante: 0.0442
Probabilidade herdar alelo elite: 0.6514
Número de populações independentes: 3
Troca de informação de 4 individuos a cada 241 gerações
Número de threads: 1

Largura da faixa = 14
Melhor altura = 32

Lower Bound 1 = 28
Lower Bound 2 = 21
Avaliação = 1.14286

Tempo de execução: 60.0022s

---------------------------

Tamanho da população: 475
Fração elite: 0.2121
Fração mutante: 0.0442
Probabilidade herdar alelo elite: 0.6514
Número de populações independentes: 3
Troca de informação de 4 individuos a cada 241 gerações
Número de threads: 1

Largura da faixa = 14
Melhor altura = 32

Lower Bound 1 = 28
Lower Bound 2 = 21
Avaliação = 1.14286

Tempo de execução: 60.0059s

---------------------------

Tamanho da população: 475
Fração elite: 0.2121
Fração mutante: 0.0442
Probabilidade herdar alelo elite: 0.6514
Número de populações independentes: 3
Troca de informação de 4 individuos a cada 241 gerações
Número de threads: 1

Largura da faixa = 14
Melhor altura = 32

Lower Bound 1 = 28
Lower Bound 2 = 21
Avaliação = 1.14286

Tempo de execução: 60.0072s

---------------------------

Tamanho da população: 475
Fração elite: 0.2121
Fração mutante: 0.0442
Probabilidade herdar alelo elite: 0.6514
Número de populações independentes: 3
Troca de informação de 4 individuos a cada 241 gerações
Número de threads: 1

Largura da faixa = 14
Melhor altura = 32

Lower Bound 1 = 28
Lower Bound 2 = 21
Avaliação = 1.14286

Tempo de execução: 60.0084s

---------------------------

Tamanho da população: 475
Fração elite: 0.2121
Fração mutante: 0.0442
Probabilidade herdar alelo elite: 0.6514
Número de populações independentes: 3
Troca de informação de 4 individuos a cada 241 gerações
Número de threads: 1

Largura da faixa = 14
Melhor altura = 32

Lower Bound 1 = 28
Lower Bound 2 = 21
Avaliação = 1.14286

Tempo de execução: 60.0101s

---------------------------

Tamanho da população: 475
Fração elite: 0.2121
Fração mutante: 0.0442
Probabilidade herdar alelo elite: 0.6514
Número de populações independentes: 3
Troca de informação de 4 individuos a cada 241 gerações
Número de threads: 1

Largura da faixa = 14
Melhor altura = 32

Lower Bound 1 = 28
Lower Bound 2 = 21
Avaliação = 1.14286

Tempo de execução: 60.0005s

---------------------------

Tamanho da população: 475
Fração elite: 0.2121
Fração mutante: 0.0442
Probabilidade herdar alelo elite: 0.6514
Número de populações independentes: 3
Troca de informação de 4 individuos a cada 241 gerações
Número de threads: 1

Largura da faixa = 14
Melhor altura = 32

Lower Bound 1 = 28
Lower Bound 2 = 21
Avaliação = 1.14286

Tempo de execução: 60.005s

---------------------------

Tamanho da população: 475
Fração elite: 0.2121
Fração mutante: 0.0442
Probabilidade herdar alelo elite: 0.6514
Número de populações independentes: 3
Troca de informação de 4 individuos a cada 241 gerações
Número de threads: 1

Largura da faixa = 14
Melhor altura = 32

Lower Bound 1 = 28
Lower Bound 2 = 21
Avaliação = 1.14286

Tempo de execução: 60.0069s

---------------------------

Tamanho da população: 475
Fração elite: 0.2121
Fração mutante: 0.0442
Probabilidade herdar alelo elite: 0.6514
Número de populações independentes: 3
Troca de informação de 4 individuos a cada 241 gerações
Número de threads: 1

Largura da faixa = 14
Melhor altura = 32

Lower Bound 1 = 28
Lower Bound 2 = 21
Avaliação = 1.14286

Tempo de execução: 60.0033s

---------------------------

Tamanho da população: 475
Fração elite: 0.2121
Fração mutante: 0.0442
Probabilidade herdar alelo elite: 0.6514
Número de populações independentes: 3
Troca de informação de 4 individuos a cada 241 gerações
Número de threads: 1

Largura da faixa = 14
Melhor altura = 32

Lower Bound 1 = 28
Lower Bound 2 = 21
Avaliação = 1.14286

Tempo de execução: 60.0042s

---------------------------

Tamanho da população: 475
Fração elite: 0.2121
Fração mutante: 0.0442
Probabilidade herdar alelo elite: 0.6514
Número de populações independentes: 3
Troca de informação de 4 individuos a cada 241 gerações
Número de threads: 1

Largura da faixa = 14
Melhor altura = 32

Lower Bound 1 = 28
Lower Bound 2 = 21
Avaliação = 1.14286

Tempo de execução: 60.0049s

---------------------------

Tamanho da população: 475
Fração elite: 0.2121
Fração mutante: 0.0442
Probabilidade herdar alelo elite: 0.6514
Número de populações independentes: 3
Troca de informação de 4 individuos a cada 241 gerações
Número de threads: 1

Largura da faixa = 14
Melhor altura = 32

Lower Bound 1 = 28
Lower Bound 2 = 21
Avaliação = 1.14286

Tempo de execução: 60.0016s

---------------------------

Tamanho da população: 475
Fração elite: 0.2121
Fração mutante: 0.0442
Probabilidade herdar alelo elite: 0.6514
Número de populações independentes: 3
Troca de informação de 4 individuos a cada 241 gerações
Número de threads: 1

Largura da faixa = 14
Melhor altura = 32

Lower Bound 1 = 28
Lower Bound 2 = 21
Avaliação = 1.14286

Tempo de execução: 60.0023s

---------------------------

Tamanho da população: 475
Fração elite: 0.2121
Fração mutante: 0.0442
Probabilidade herdar alelo elite: 0.6514
Número de populações independentes: 3
Troca de informação de 4 individuos a cada 241 gerações
Número de threads: 1

Largura da faixa = 14
Melhor altura = 32

Lower Bound 1 = 28
Lower Bound 2 = 21
Avaliação = 1.14286

Tempo de execução: 60.01s

---------------------------

Tamanho da população: 475
Fração elite: 0.2121
Fração mutante: 0.0442
Probabilidade herdar alelo elite: 0.6514
Número de populações independentes: 3
Troca de informação de 4 individuos a cada 241 gerações
Número de threads: 1

Largura da faixa = 14
Melhor altura = 32

Lower Bound 1 = 28
Lower Bound 2 = 21
Avaliação = 1.14286

Tempo de execução: 60.0026s

---------------------------

Tamanho da população: 475
Fração elite: 0.2121
Fração mutante: 0.0442
Probabilidade herdar alelo elite: 0.6514
Número de populações independentes: 3
Troca de informação de 4 individuos a cada 241 gerações
Número de threads: 1

Largura da faixa = 14
Melhor altura = 32

Lower Bound 1 = 28
Lower Bound 2 = 21
Avaliação = 1.14286

Tempo de execução: 60.0033s
