Tamanho da população: 271
Fração elite: 0.4562
Fração mutante: 0.0223
Probabilidade herdar alelo elite: 0.7359
Número de populações independentes: 1
Número de threads: 1
Trocar os melhores indivíduos a cada 30 gerações
Número máximo de gerações: 400

Largura da faixa = 25
Melhor altura = 78

Lower Bound 1 = 72
Lower Bound 2 = 25
Avaliação = 1.08333

Tempo de execução: 4.87016s

---------------------------

Tamanho da população: 271
Fração elite: 0.4562
Fração mutante: 0.0223
Probabilidade herdar alelo elite: 0.7359
Número de populações independentes: 1
Número de threads: 1
Trocar os melhores indivíduos a cada 30 gerações
Número máximo de gerações: 400

Largura da faixa = 25
Melhor altura = 77

Lower Bound 1 = 72
Lower Bound 2 = 25
Avaliação = 1.06944

Tempo de execução: 4.94512s

---------------------------

Tamanho da população: 271
Fração elite: 0.4562
Fração mutante: 0.0223
Probabilidade herdar alelo elite: 0.7359
Número de populações independentes: 1
Número de threads: 1
Trocar os melhores indivíduos a cada 30 gerações
Número máximo de gerações: 400

Largura da faixa = 25
Melhor altura = 75

Lower Bound 1 = 72
Lower Bound 2 = 25
Avaliação = 1.04167

Tempo de execução: 5.70954s

---------------------------

Tamanho da população: 271
Fração elite: 0.4562
Fração mutante: 0.0223
Probabilidade herdar alelo elite: 0.7359
Número de populações independentes: 1
Número de threads: 1
Trocar os melhores indivíduos a cada 30 gerações
Número máximo de gerações: 400

Largura da faixa = 25
Melhor altura = 77

Lower Bound 1 = 72
Lower Bound 2 = 25
Avaliação = 1.06944

Tempo de execução: 6.04722s

---------------------------

Tamanho da população: 271
Fração elite: 0.4562
Fração mutante: 0.0223
Probabilidade herdar alelo elite: 0.7359
Número de populações independentes: 1
Número de threads: 1
Trocar os melhores indivíduos a cada 30 gerações
Número máximo de gerações: 400

Largura da faixa = 25
Melhor altura = 77

Lower Bound 1 = 72
Lower Bound 2 = 25
Avaliação = 1.06944

Tempo de execução: 6.09158s

---------------------------

Tamanho da população: 271
Fração elite: 0.4562
Fração mutante: 0.0223
Probabilidade herdar alelo elite: 0.7359
Número de populações independentes: 1
Número de threads: 1
Trocar os melhores indivíduos a cada 30 gerações
Número máximo de gerações: 400

Largura da faixa = 25
Melhor altura = 78

Lower Bound 1 = 72
Lower Bound 2 = 25
Avaliação = 1.08333

Tempo de execução: 6.22464s

---------------------------

Tamanho da população: 271
Fração elite: 0.4562
Fração mutante: 0.0223
Probabilidade herdar alelo elite: 0.7359
Número de populações independentes: 1
Número de threads: 1
Trocar os melhores indivíduos a cada 30 gerações
Número máximo de gerações: 400

Largura da faixa = 25
Melhor altura = 77

Lower Bound 1 = 72
Lower Bound 2 = 25
Avaliação = 1.06944

Tempo de execução: 5.29084s

---------------------------

Tamanho da população: 271
Fração elite: 0.4562
Fração mutante: 0.0223
Probabilidade herdar alelo elite: 0.7359
Número de populações independentes: 1
Número de threads: 1
Trocar os melhores indivíduos a cada 30 gerações
Número máximo de gerações: 400

Largura da faixa = 25
Melhor altura = 77

Lower Bound 1 = 72
Lower Bound 2 = 25
Avaliação = 1.06944

Tempo de execução: 5.80098s

---------------------------

Tamanho da população: 271
Fração elite: 0.4562
Fração mutante: 0.0223
Probabilidade herdar alelo elite: 0.7359
Número de populações independentes: 1
Número de threads: 1
Trocar os melhores indivíduos a cada 30 gerações
Número máximo de gerações: 400

Largura da faixa = 25
Melhor altura = 79

Lower Bound 1 = 72
Lower Bound 2 = 25
Avaliação = 1.09722

Tempo de execução: 5.95825s

---------------------------

Tamanho da população: 271
Fração elite: 0.4562
Fração mutante: 0.0223
Probabilidade herdar alelo elite: 0.7359
Número de populações independentes: 1
Número de threads: 1
Trocar os melhores indivíduos a cada 30 gerações
Número máximo de gerações: 400

Largura da faixa = 25
Melhor altura = 77

Lower Bound 1 = 72
Lower Bound 2 = 25
Avaliação = 1.06944

Tempo de execução: 6.12011s

---------------------------

Tamanho da população: 271
Fração elite: 0.4562
Fração mutante: 0.0223
Probabilidade herdar alelo elite: 0.7359
Número de populações independentes: 1
Número de threads: 1
Trocar os melhores indivíduos a cada 30 gerações
Número máximo de gerações: 400

Largura da faixa = 25
Melhor altura = 77

Lower Bound 1 = 72
Lower Bound 2 = 25
Avaliação = 1.06944

Tempo de execução: 6.3607s

---------------------------

Tamanho da população: 271
Fração elite: 0.4562
Fração mutante: 0.0223
Probabilidade herdar alelo elite: 0.7359
Número de populações independentes: 1
Número de threads: 1
Trocar os melhores indivíduos a cada 30 gerações
Número máximo de gerações: 400

Largura da faixa = 25
Melhor altura = 77

Lower Bound 1 = 72
Lower Bound 2 = 25
Avaliação = 1.06944

Tempo de execução: 6.40676s

---------------------------

Tamanho da população: 271
Fração elite: 0.4562
Fração mutante: 0.0223
Probabilidade herdar alelo elite: 0.7359
Número de populações independentes: 1
Número de threads: 1
Trocar os melhores indivíduos a cada 30 gerações
Número máximo de gerações: 400

Largura da faixa = 25
Melhor altura = 77

Lower Bound 1 = 72
Lower Bound 2 = 25
Avaliação = 1.06944

Tempo de execução: 4.80999s

---------------------------

Tamanho da população: 271
Fração elite: 0.4562
Fração mutante: 0.0223
Probabilidade herdar alelo elite: 0.7359
Número de populações independentes: 1
Número de threads: 1
Trocar os melhores indivíduos a cada 30 gerações
Número máximo de gerações: 400

Largura da faixa = 25
Melhor altura = 76

Lower Bound 1 = 72
Lower Bound 2 = 25
Avaliação = 1.05556

Tempo de execução: 5.60251s

---------------------------

Tamanho da população: 271
Fração elite: 0.4562
Fração mutante: 0.0223
Probabilidade herdar alelo elite: 0.7359
Número de populações independentes: 1
Número de threads: 1
Trocar os melhores indivíduos a cada 30 gerações
Número máximo de gerações: 400

Largura da faixa = 25
Melhor altura = 77

Lower Bound 1 = 72
Lower Bound 2 = 25
Avaliação = 1.06944

Tempo de execução: 5.76064s

---------------------------

Tamanho da população: 271
Fração elite: 0.4562
Fração mutante: 0.0223
Probabilidade herdar alelo elite: 0.7359
Número de populações independentes: 1
Número de threads: 1
Trocar os melhores indivíduos a cada 30 gerações
Número máximo de gerações: 400

Largura da faixa = 25
Melhor altura = 77

Lower Bound 1 = 72
Lower Bound 2 = 25
Avaliação = 1.06944

Tempo de execução: 5.94155s

---------------------------

Tamanho da população: 271
Fração elite: 0.4562
Fração mutante: 0.0223
Probabilidade herdar alelo elite: 0.7359
Número de populações independentes: 1
Número de threads: 1
Trocar os melhores indivíduos a cada 30 gerações
Número máximo de gerações: 400

Largura da faixa = 25
Melhor altura = 77

Lower Bound 1 = 72
Lower Bound 2 = 25
Avaliação = 1.06944

Tempo de execução: 5.9599s

---------------------------

Tamanho da população: 271
Fração elite: 0.4562
Fração mutante: 0.0223
Probabilidade herdar alelo elite: 0.7359
Número de populações independentes: 1
Número de threads: 1
Trocar os melhores indivíduos a cada 30 gerações
Número máximo de gerações: 400

Largura da faixa = 25
Melhor altura = 77

Lower Bound 1 = 72
Lower Bound 2 = 25
Avaliação = 1.06944

Tempo de execução: 6.5452s

---------------------------

Tamanho da população: 271
Fração elite: 0.4562
Fração mutante: 0.0223
Probabilidade herdar alelo elite: 0.7359
Número de populações independentes: 1
Número de threads: 1
Trocar os melhores indivíduos a cada 30 gerações
Número máximo de gerações: 400

Largura da faixa = 25
Melhor altura = 78

Lower Bound 1 = 72
Lower Bound 2 = 25
Avaliação = 1.08333

Tempo de execução: 4.03125s

---------------------------

Tamanho da população: 271
Fração elite: 0.4562
Fração mutante: 0.0223
Probabilidade herdar alelo elite: 0.7359
Número de populações independentes: 1
Número de threads: 1
Trocar os melhores indivíduos a cada 30 gerações
Número máximo de gerações: 400

Largura da faixa = 25
Melhor altura = 75

Lower Bound 1 = 72
Lower Bound 2 = 25
Avaliação = 1.04167

Tempo de execução: 4.07967s

---------------------------

Tamanho da população: 271
Fração elite: 0.4562
Fração mutante: 0.0223
Probabilidade herdar alelo elite: 0.7359
Número de populações independentes: 1
Número de threads: 1
Trocar os melhores indivíduos a cada 30 gerações
Número máximo de gerações: 400

Largura da faixa = 25
Melhor altura = 80

Lower Bound 1 = 72
Lower Bound 2 = 25
Avaliação = 1.11111

Tempo de execução: 4.93037s

---------------------------

Tamanho da população: 271
Fração elite: 0.4562
Fração mutante: 0.0223
Probabilidade herdar alelo elite: 0.7359
Número de populações independentes: 1
Número de threads: 1
Trocar os melhores indivíduos a cada 30 gerações
Número máximo de gerações: 400

Largura da faixa = 25
Melhor altura = 80

Lower Bound 1 = 72
Lower Bound 2 = 25
Avaliação = 1.11111

Tempo de execução: 5.44007s

---------------------------

Tamanho da população: 271
Fração elite: 0.4562
Fração mutante: 0.0223
Probabilidade herdar alelo elite: 0.7359
Número de populações independentes: 1
Número de threads: 1
Trocar os melhores indivíduos a cada 30 gerações
Número máximo de gerações: 400

Largura da faixa = 25
Melhor altura = 77

Lower Bound 1 = 72
Lower Bound 2 = 25
Avaliação = 1.06944

Tempo de execução: 5.86121s

---------------------------

Tamanho da população: 271
Fração elite: 0.4562
Fração mutante: 0.0223
Probabilidade herdar alelo elite: 0.7359
Número de populações independentes: 1
Número de threads: 1
Trocar os melhores indivíduos a cada 30 gerações
Número máximo de gerações: 400

Largura da faixa = 25
Melhor altura = 83

Lower Bound 1 = 72
Lower Bound 2 = 25
Avaliação = 1.15278

Tempo de execução: 6.31964s

---------------------------

Tamanho da população: 271
Fração elite: 0.4562
Fração mutante: 0.0223
Probabilidade herdar alelo elite: 0.7359
Número de populações independentes: 1
Número de threads: 1
Trocar os melhores indivíduos a cada 30 gerações
Número máximo de gerações: 400

Largura da faixa = 25
Melhor altura = 82

Lower Bound 1 = 72
Lower Bound 2 = 25
Avaliação = 1.13889

Tempo de execução: 6.59783s

---------------------------

Tamanho da população: 271
Fração elite: 0.4562
Fração mutante: 0.0223
Probabilidade herdar alelo elite: 0.7359
Número de populações independentes: 1
Número de threads: 1
Trocar os melhores indivíduos a cada 30 gerações
Número máximo de gerações: 400

Largura da faixa = 25
Melhor altura = 78

Lower Bound 1 = 72
Lower Bound 2 = 25
Avaliação = 1.08333

Tempo de execução: 6.74351s

---------------------------

Tamanho da população: 271
Fração elite: 0.4562
Fração mutante: 0.0223
Probabilidade herdar alelo elite: 0.7359
Número de populações independentes: 1
Número de threads: 1
Trocar os melhores indivíduos a cada 30 gerações
Número máximo de gerações: 400

Largura da faixa = 25
Melhor altura = 86

Lower Bound 1 = 72
Lower Bound 2 = 25
Avaliação = 1.19444

Tempo de execução: 4.51479s

---------------------------

Tamanho da população: 271
Fração elite: 0.4562
Fração mutante: 0.0223
Probabilidade herdar alelo elite: 0.7359
Número de populações independentes: 1
Número de threads: 1
Trocar os melhores indivíduos a cada 30 gerações
Número máximo de gerações: 400

Largura da faixa = 25
Melhor altura = 78

Lower Bound 1 = 72
Lower Bound 2 = 25
Avaliação = 1.08333

Tempo de execução: 4.64113s

---------------------------

Tamanho da população: 271
Fração elite: 0.4562
Fração mutante: 0.0223
Probabilidade herdar alelo elite: 0.7359
Número de populações independentes: 1
Número de threads: 1
Trocar os melhores indivíduos a cada 30 gerações
Número máximo de gerações: 400

Largura da faixa = 25
Melhor altura = 83

Lower Bound 1 = 72
Lower Bound 2 = 25
Avaliação = 1.15278

Tempo de execução: 6.3538s

---------------------------

Tamanho da população: 271
Fração elite: 0.4562
Fração mutante: 0.0223
Probabilidade herdar alelo elite: 0.7359
Número de populações independentes: 1
Número de threads: 1
Trocar os melhores indivíduos a cada 30 gerações
Número máximo de gerações: 400

Largura da faixa = 25
Melhor altura = 79

Lower Bound 1 = 72
Lower Bound 2 = 25
Avaliação = 1.09722

Tempo de execução: 6.41068s

---------------------------

Tamanho da população: 271
Fração elite: 0.4562
Fração mutante: 0.0223
Probabilidade herdar alelo elite: 0.7359
Número de populações independentes: 1
Número de threads: 1
Trocar os melhores indivíduos a cada 30 gerações
Número máximo de gerações: 400

Largura da faixa = 25
Melhor altura = 77

Lower Bound 1 = 72
Lower Bound 2 = 25
Avaliação = 1.06944

Tempo de execução: 6.43314s

---------------------------

Tamanho da população: 271
Fração elite: 0.4562
Fração mutante: 0.0223
Probabilidade herdar alelo elite: 0.7359
Número de populações independentes: 1
Número de threads: 1
Trocar os melhores indivíduos a cada 30 gerações
Número máximo de gerações: 400

Largura da faixa = 25
Melhor altura = 81

Lower Bound 1 = 72
Lower Bound 2 = 25
Avaliação = 1.125

Tempo de execução: 6.44915s

---------------------------

Tamanho da população: 271
Fração elite: 0.4562
Fração mutante: 0.0223
Probabilidade herdar alelo elite: 0.7359
Número de populações independentes: 1
Número de threads: 1
Trocar os melhores indivíduos a cada 30 gerações
Número máximo de gerações: 400

Largura da faixa = 25
Melhor altura = 80

Lower Bound 1 = 72
Lower Bound 2 = 25
Avaliação = 1.11111

Tempo de execução: 4.3985s

---------------------------

Tamanho da população: 271
Fração elite: 0.4562
Fração mutante: 0.0223
Probabilidade herdar alelo elite: 0.7359
Número de populações independentes: 1
Número de threads: 1
Trocar os melhores indivíduos a cada 30 gerações
Número máximo de gerações: 400

Largura da faixa = 25
Melhor altura = 82

Lower Bound 1 = 72
Lower Bound 2 = 25
Avaliação = 1.13889

Tempo de execução: 4.79601s

---------------------------

Tamanho da população: 271
Fração elite: 0.4562
Fração mutante: 0.0223
Probabilidade herdar alelo elite: 0.7359
Número de populações independentes: 1
Número de threads: 1
Trocar os melhores indivíduos a cada 30 gerações
Número máximo de gerações: 400

Largura da faixa = 25
Melhor altura = 86

Lower Bound 1 = 72
Lower Bound 2 = 25
Avaliação = 1.19444

Tempo de execução: 6.34901s

---------------------------

Tamanho da população: 271
Fração elite: 0.4562
Fração mutante: 0.0223
Probabilidade herdar alelo elite: 0.7359
Número de populações independentes: 1
Número de threads: 1
Trocar os melhores indivíduos a cada 30 gerações
Número máximo de gerações: 400

Largura da faixa = 25
Melhor altura = 77

Lower Bound 1 = 72
Lower Bound 2 = 25
Avaliação = 1.06944

Tempo de execução: 6.39682s

---------------------------

Tamanho da população: 271
Fração elite: 0.4562
Fração mutante: 0.0223
Probabilidade herdar alelo elite: 0.7359
Número de populações independentes: 1
Número de threads: 1
Trocar os melhores indivíduos a cada 30 gerações
Número máximo de gerações: 400

Largura da faixa = 25
Melhor altura = 78

Lower Bound 1 = 72
Lower Bound 2 = 25
Avaliação = 1.08333

Tempo de execução: 6.44495s

---------------------------

Tamanho da população: 271
Fração elite: 0.4562
Fração mutante: 0.0223
Probabilidade herdar alelo elite: 0.7359
Número de populações independentes: 1
Número de threads: 1
Trocar os melhores indivíduos a cada 30 gerações
Número máximo de gerações: 400

Largura da faixa = 25
Melhor altura = 78

Lower Bound 1 = 72
Lower Bound 2 = 25
Avaliação = 1.08333

Tempo de execução: 6.4668s

---------------------------

Tamanho da população: 271
Fração elite: 0.4562
Fração mutante: 0.0223
Probabilidade herdar alelo elite: 0.7359
Número de populações independentes: 1
Número de threads: 1
Trocar os melhores indivíduos a cada 30 gerações
Número máximo de gerações: 400

Largura da faixa = 25
Melhor altura = 82

Lower Bound 1 = 72
Lower Bound 2 = 25
Avaliação = 1.13889

Tempo de execução: 4.26981s

---------------------------

Tamanho da população: 271
Fração elite: 0.4562
Fração mutante: 0.0223
Probabilidade herdar alelo elite: 0.7359
Número de populações independentes: 1
Número de threads: 1
Trocar os melhores indivíduos a cada 30 gerações
Número máximo de gerações: 400

Largura da faixa = 25
Melhor altura = 79

Lower Bound 1 = 72
Lower Bound 2 = 25
Avaliação = 1.09722

Tempo de execução: 4.30653s

---------------------------

Tamanho da população: 297
Fração elite: 0.55
Fração mutante: 0.0174
Probabilidade herdar alelo elite: 0.7678
Número de populações independentes: 1
Número de threads: 1
Trocar os melhores indivíduos a cada 30 gerações
Número máximo de gerações: 279

Largura da faixa = 25
Melhor altura = 75

Lower Bound 1 = 72
Lower Bound 2 = 25
Avaliação = 1.04167

Tempo de execução: 2.09499s

---------------------------

Tamanho da população: 297
Fração elite: 0.55
Fração mutante: 0.0174
Probabilidade herdar alelo elite: 0.7678
Número de populações independentes: 1
Número de threads: 1
Trocar os melhores indivíduos a cada 30 gerações
Número máximo de gerações: 279

Largura da faixa = 25
Melhor altura = 75

Lower Bound 1 = 72
Lower Bound 2 = 25
Avaliação = 1.04167

Tempo de execução: 2.70014s

---------------------------

Tamanho da população: 297
Fração elite: 0.55
Fração mutante: 0.0174
Probabilidade herdar alelo elite: 0.7678
Número de populações independentes: 1
Número de threads: 1
Trocar os melhores indivíduos a cada 30 gerações
Número máximo de gerações: 279

Largura da faixa = 25
Melhor altura = 77

Lower Bound 1 = 72
Lower Bound 2 = 25
Avaliação = 1.06944

Tempo de execução: 3.29408s

---------------------------

Tamanho da população: 297
Fração elite: 0.55
Fração mutante: 0.0174
Probabilidade herdar alelo elite: 0.7678
Número de populações independentes: 1
Número de threads: 1
Trocar os melhores indivíduos a cada 30 gerações
Número máximo de gerações: 279

Largura da faixa = 25
Melhor altura = 77

Lower Bound 1 = 72
Lower Bound 2 = 25
Avaliação = 1.06944

Tempo de execução: 2.1707s

---------------------------

Tamanho da população: 297
Fração elite: 0.55
Fração mutante: 0.0174
Probabilidade herdar alelo elite: 0.7678
Número de populações independentes: 1
Número de threads: 1
Trocar os melhores indivíduos a cada 30 gerações
Número máximo de gerações: 279

Largura da faixa = 25
Melhor altura = 78

Lower Bound 1 = 72
Lower Bound 2 = 25
Avaliação = 1.08333

Tempo de execução: 2.90373s

---------------------------

Tamanho da população: 297
Fração elite: 0.55
Fração mutante: 0.0174
Probabilidade herdar alelo elite: 0.7678
Número de populações independentes: 1
Número de threads: 1
Trocar os melhores indivíduos a cada 30 gerações
Número máximo de gerações: 279

Largura da faixa = 25
Melhor altura = 77

Lower Bound 1 = 72
Lower Bound 2 = 25
Avaliação = 1.06944

Tempo de execução: 3.1134s

---------------------------

Tamanho da população: 297
Fração elite: 0.55
Fração mutante: 0.0174
Probabilidade herdar alelo elite: 0.7678
Número de populações independentes: 1
Número de threads: 1
Trocar os melhores indivíduos a cada 30 gerações
Número máximo de gerações: 279

Largura da faixa = 25
Melhor altura = 76

Lower Bound 1 = 72
Lower Bound 2 = 25
Avaliação = 1.05556

Tempo de execução: 2.11927s

---------------------------

Tamanho da população: 297
Fração elite: 0.55
Fração mutante: 0.0174
Probabilidade herdar alelo elite: 0.7678
Número de populações independentes: 1
Número de threads: 1
Trocar os melhores indivíduos a cada 30 gerações
Número máximo de gerações: 279

Largura da faixa = 25
Melhor altura = 77

Lower Bound 1 = 72
Lower Bound 2 = 25
Avaliação = 1.06944

Tempo de execução: 2.41549s

---------------------------

Tamanho da população: 297
Fração elite: 0.55
Fração mutante: 0.0174
Probabilidade herdar alelo elite: 0.7678
Número de populações independentes: 1
Número de threads: 1
Trocar os melhores indivíduos a cada 30 gerações
Número máximo de gerações: 279

Largura da faixa = 25
Melhor altura = 77

Lower Bound 1 = 72
Lower Bound 2 = 25
Avaliação = 1.06944

Tempo de execução: 2.9556s

---------------------------

Tamanho da população: 297
Fração elite: 0.55
Fração mutante: 0.0174
Probabilidade herdar alelo elite: 0.7678
Número de populações independentes: 1
Número de threads: 1
Trocar os melhores indivíduos a cada 30 gerações
Número máximo de gerações: 279

Largura da faixa = 25
Melhor altura = 77

Lower Bound 1 = 72
Lower Bound 2 = 25
Avaliação = 1.06944

Tempo de execução: 2.91819s

---------------------------

Tamanho da população: 297
Fração elite: 0.55
Fração mutante: 0.0174
Probabilidade herdar alelo elite: 0.7678
Número de populações independentes: 1
Número de threads: 1
Trocar os melhores indivíduos a cada 30 gerações
Número máximo de gerações: 279

Largura da faixa = 25
Melhor altura = 76

Lower Bound 1 = 72
Lower Bound 2 = 25
Avaliação = 1.05556

Tempo de execução: 2.94585s

---------------------------

Tamanho da população: 297
Fração elite: 0.55
Fração mutante: 0.0174
Probabilidade herdar alelo elite: 0.7678
Número de populações independentes: 1
Número de threads: 1
Trocar os melhores indivíduos a cada 30 gerações
Número máximo de gerações: 279

Largura da faixa = 25
Melhor altura = 75

Lower Bound 1 = 72
Lower Bound 2 = 25
Avaliação = 1.04167

Tempo de execução: 3.1842s

---------------------------

Tamanho da população: 297
Fração elite: 0.55
Fração mutante: 0.0174
Probabilidade herdar alelo elite: 0.7678
Número de populações independentes: 1
Número de threads: 1
Trocar os melhores indivíduos a cada 30 gerações
Número máximo de gerações: 279

Largura da faixa = 25
Melhor altura = 77

Lower Bound 1 = 72
Lower Bound 2 = 25
Avaliação = 1.06944

Tempo de execução: 2.12053s

---------------------------

Tamanho da população: 297
Fração elite: 0.55
Fração mutante: 0.0174
Probabilidade herdar alelo elite: 0.7678
Número de populações independentes: 1
Número de threads: 1
Trocar os melhores indivíduos a cada 30 gerações
Número máximo de gerações: 279

Largura da faixa = 25
Melhor altura = 77

Lower Bound 1 = 72
Lower Bound 2 = 25
Avaliação = 1.06944

Tempo de execução: 3.2463s

---------------------------

Tamanho da população: 297
Fração elite: 0.55
Fração mutante: 0.0174
Probabilidade herdar alelo elite: 0.7678
Número de populações independentes: 1
Número de threads: 1
Trocar os melhores indivíduos a cada 30 gerações
Número máximo de gerações: 279

Largura da faixa = 25
Melhor altura = 77

Lower Bound 1 = 72
Lower Bound 2 = 25
Avaliação = 1.06944

Tempo de execução: 3.2592s

---------------------------

Tamanho da população: 297
Fração elite: 0.55
Fração mutante: 0.0174
Probabilidade herdar alelo elite: 0.7678
Número de populações independentes: 1
Número de threads: 1
Trocar os melhores indivíduos a cada 30 gerações
Número máximo de gerações: 279

Largura da faixa = 25
Melhor altura = 77

Lower Bound 1 = 72
Lower Bound 2 = 25
Avaliação = 1.06944

Tempo de execução: 3.18875s

---------------------------

Tamanho da população: 297
Fração elite: 0.55
Fração mutante: 0.0174
Probabilidade herdar alelo elite: 0.7678
Número de populações independentes: 1
Número de threads: 1
Trocar os melhores indivíduos a cada 30 gerações
Número máximo de gerações: 279

Largura da faixa = 25
Melhor altura = 78

Lower Bound 1 = 72
Lower Bound 2 = 25
Avaliação = 1.08333

Tempo de execução: 3.24114s

---------------------------

Tamanho da população: 297
Fração elite: 0.55
Fração mutante: 0.0174
Probabilidade herdar alelo elite: 0.7678
Número de populações independentes: 1
Número de threads: 1
Trocar os melhores indivíduos a cada 30 gerações
Número máximo de gerações: 279

Largura da faixa = 25
Melhor altura = 75

Lower Bound 1 = 72
Lower Bound 2 = 25
Avaliação = 1.04167

Tempo de execução: 3.33624s

---------------------------

Tamanho da população: 297
Fração elite: 0.55
Fração mutante: 0.0174
Probabilidade herdar alelo elite: 0.7678
Número de populações independentes: 1
Número de threads: 1
Trocar os melhores indivíduos a cada 30 gerações
Número máximo de gerações: 279

Largura da faixa = 25
Melhor altura = 76

Lower Bound 1 = 72
Lower Bound 2 = 25
Avaliação = 1.05556

Tempo de execução: 2.58596s

---------------------------

Tamanho da população: 297
Fração elite: 0.55
Fração mutante: 0.0174
Probabilidade herdar alelo elite: 0.7678
Número de populações independentes: 1
Número de threads: 1
Trocar os melhores indivíduos a cada 30 gerações
Número máximo de gerações: 279

Largura da faixa = 25
Melhor altura = 77

Lower Bound 1 = 72
Lower Bound 2 = 25
Avaliação = 1.06944

Tempo de execução: 3.19179s

---------------------------

Tamanho da população: 392
Fração elite: 0.2567
Fração mutante: 0.0202
Probabilidade herdar alelo elite: 0.6001
Número de populações independentes: 1
Número de threads: 1
Número máximo de gerações: 364

Largura da faixa = 25
Melhor altura = 77

Lower Bound 1 = 72
Lower Bound 2 = 25
Avaliação = 1.06944

Tempo de execução: 3.44476s

---------------------------

Tamanho da população: 392
Fração elite: 0.2567
Fração mutante: 0.0202
Probabilidade herdar alelo elite: 0.6001
Número de populações independentes: 1
Número de threads: 1
Número máximo de gerações: 364

Largura da faixa = 25
Melhor altura = 76

Lower Bound 1 = 72
Lower Bound 2 = 25
Avaliação = 1.05556

Tempo de execução: 3.63169s

---------------------------

Tamanho da população: 392
Fração elite: 0.2567
Fração mutante: 0.0202
Probabilidade herdar alelo elite: 0.6001
Número de populações independentes: 1
Número de threads: 1
Número máximo de gerações: 364

Largura da faixa = 25
Melhor altura = 77

Lower Bound 1 = 72
Lower Bound 2 = 25
Avaliação = 1.06944

Tempo de execução: 3.65707s

---------------------------

Tamanho da população: 392
Fração elite: 0.2567
Fração mutante: 0.0202
Probabilidade herdar alelo elite: 0.6001
Número de populações independentes: 1
Número de threads: 1
Número máximo de gerações: 364

Largura da faixa = 25
Melhor altura = 77

Lower Bound 1 = 72
Lower Bound 2 = 25
Avaliação = 1.06944

Tempo de execução: 3.53887s

---------------------------

Tamanho da população: 392
Fração elite: 0.2567
Fração mutante: 0.0202
Probabilidade herdar alelo elite: 0.6001
Número de populações independentes: 1
Número de threads: 1
Número máximo de gerações: 364

Largura da faixa = 25
Melhor altura = 77

Lower Bound 1 = 72
Lower Bound 2 = 25
Avaliação = 1.06944

Tempo de execução: 3.56295s

---------------------------

Tamanho da população: 392
Fração elite: 0.2567
Fração mutante: 0.0202
Probabilidade herdar alelo elite: 0.6001
Número de populações independentes: 1
Número de threads: 1
Número máximo de gerações: 364

Largura da faixa = 25
Melhor altura = 77

Lower Bound 1 = 72
Lower Bound 2 = 25
Avaliação = 1.06944

Tempo de execução: 3.65246s

---------------------------

Tamanho da população: 392
Fração elite: 0.2567
Fração mutante: 0.0202
Probabilidade herdar alelo elite: 0.6001
Número de populações independentes: 1
Número de threads: 1
Número máximo de gerações: 364

Largura da faixa = 25
Melhor altura = 75

Lower Bound 1 = 72
Lower Bound 2 = 25
Avaliação = 1.04167

Tempo de execução: 3.60499s

---------------------------

Tamanho da população: 392
Fração elite: 0.2567
Fração mutante: 0.0202
Probabilidade herdar alelo elite: 0.6001
Número de populações independentes: 1
Número de threads: 1
Número máximo de gerações: 364

Largura da faixa = 25
Melhor altura = 77

Lower Bound 1 = 72
Lower Bound 2 = 25
Avaliação = 1.06944

Tempo de execução: 3.61293s

---------------------------

Tamanho da população: 392
Fração elite: 0.2567
Fração mutante: 0.0202
Probabilidade herdar alelo elite: 0.6001
Número de populações independentes: 1
Número de threads: 1
Número máximo de gerações: 364

Largura da faixa = 25
Melhor altura = 77

Lower Bound 1 = 72
Lower Bound 2 = 25
Avaliação = 1.06944

Tempo de execução: 3.68767s

---------------------------

Tamanho da população: 392
Fração elite: 0.2567
Fração mutante: 0.0202
Probabilidade herdar alelo elite: 0.6001
Número de populações independentes: 1
Número de threads: 1
Número máximo de gerações: 364

Largura da faixa = 25
Melhor altura = 75

Lower Bound 1 = 72
Lower Bound 2 = 25
Avaliação = 1.04167

Tempo de execução: 3.51857s

---------------------------

Tamanho da população: 392
Fração elite: 0.2567
Fração mutante: 0.0202
Probabilidade herdar alelo elite: 0.6001
Número de populações independentes: 1
Número de threads: 1
Número máximo de gerações: 364

Largura da faixa = 25
Melhor altura = 78

Lower Bound 1 = 72
Lower Bound 2 = 25
Avaliação = 1.08333

Tempo de execução: 3.60659s

---------------------------

Tamanho da população: 392
Fração elite: 0.2567
Fração mutante: 0.0202
Probabilidade herdar alelo elite: 0.6001
Número de populações independentes: 1
Número de threads: 1
Número máximo de gerações: 364

Largura da faixa = 25
Melhor altura = 77

Lower Bound 1 = 72
Lower Bound 2 = 25
Avaliação = 1.06944

Tempo de execução: 3.61775s

---------------------------

Tamanho da população: 392
Fração elite: 0.2567
Fração mutante: 0.0202
Probabilidade herdar alelo elite: 0.6001
Número de populações independentes: 1
Número de threads: 1
Número máximo de gerações: 364

Largura da faixa = 25
Melhor altura = 75

Lower Bound 1 = 72
Lower Bound 2 = 25
Avaliação = 1.04167

Tempo de execução: 3.64641s

---------------------------

Tamanho da população: 392
Fração elite: 0.2567
Fração mutante: 0.0202
Probabilidade herdar alelo elite: 0.6001
Número de populações independentes: 1
Número de threads: 1
Número máximo de gerações: 364

Largura da faixa = 25
Melhor altura = 76

Lower Bound 1 = 72
Lower Bound 2 = 25
Avaliação = 1.05556

Tempo de execução: 3.69389s

---------------------------

Tamanho da população: 392
Fração elite: 0.2567
Fração mutante: 0.0202
Probabilidade herdar alelo elite: 0.6001
Número de populações independentes: 1
Número de threads: 1
Número máximo de gerações: 364

Largura da faixa = 25
Melhor altura = 76

Lower Bound 1 = 72
Lower Bound 2 = 25
Avaliação = 1.05556

Tempo de execução: 3.70185s

---------------------------

Tamanho da população: 392
Fração elite: 0.2567
Fração mutante: 0.0202
Probabilidade herdar alelo elite: 0.6001
Número de populações independentes: 1
Número de threads: 1
Número máximo de gerações: 364

Largura da faixa = 25
Melhor altura = 77

Lower Bound 1 = 72
Lower Bound 2 = 25
Avaliação = 1.06944

Tempo de execução: 3.48637s

---------------------------

Tamanho da população: 392
Fração elite: 0.2567
Fração mutante: 0.0202
Probabilidade herdar alelo elite: 0.6001
Número de populações independentes: 1
Número de threads: 1
Número máximo de gerações: 364

Largura da faixa = 25
Melhor altura = 75

Lower Bound 1 = 72
Lower Bound 2 = 25
Avaliação = 1.04167

Tempo de execução: 3.49753s

---------------------------

Tamanho da população: 392
Fração elite: 0.2567
Fração mutante: 0.0202
Probabilidade herdar alelo elite: 0.6001
Número de populações independentes: 1
Número de threads: 1
Número máximo de gerações: 364

Largura da faixa = 25
Melhor altura = 77

Lower Bound 1 = 72
Lower Bound 2 = 25
Avaliação = 1.06944

Tempo de execução: 3.52724s

---------------------------

Tamanho da população: 392
Fração elite: 0.2567
Fração mutante: 0.0202
Probabilidade herdar alelo elite: 0.6001
Número de populações independentes: 1
Número de threads: 1
Número máximo de gerações: 364

Largura da faixa = 25
Melhor altura = 76

Lower Bound 1 = 72
Lower Bound 2 = 25
Avaliação = 1.05556

Tempo de execução: 3.47859s

---------------------------

Tamanho da população: 392
Fração elite: 0.2567
Fração mutante: 0.0202
Probabilidade herdar alelo elite: 0.6001
Número de populações independentes: 1
Número de threads: 1
Número máximo de gerações: 364

Largura da faixa = 25
Melhor altura = 75

Lower Bound 1 = 72
Lower Bound 2 = 25
Avaliação = 1.04167

Tempo de execução: 3.56562s

---------------------------

