Tamanho da população: 271
Fração elite: 0.4562
Fração mutante: 0.0223
Probabilidade herdar alelo elite: 0.7359
Número de populações independentes: 1
Número de threads: 1
Trocar os melhores indivíduos a cada 30 gerações
Número máximo de gerações: 400

Largura da faixa = 24
Melhor altura = 80

Lower Bound 1 = 75
Lower Bound 2 = 28
Avaliação = 1.06667

Tempo de execução: 3.75021s

---------------------------

Tamanho da população: 271
Fração elite: 0.4562
Fração mutante: 0.0223
Probabilidade herdar alelo elite: 0.7359
Número de populações independentes: 1
Número de threads: 1
Trocar os melhores indivíduos a cada 30 gerações
Número máximo de gerações: 400

Largura da faixa = 24
Melhor altura = 79

Lower Bound 1 = 75
Lower Bound 2 = 28
Avaliação = 1.05333

Tempo de execução: 4.1045s

---------------------------

Tamanho da população: 271
Fração elite: 0.4562
Fração mutante: 0.0223
Probabilidade herdar alelo elite: 0.7359
Número de populações independentes: 1
Número de threads: 1
Trocar os melhores indivíduos a cada 30 gerações
Número máximo de gerações: 400

Largura da faixa = 24
Melhor altura = 79

Lower Bound 1 = 75
Lower Bound 2 = 28
Avaliação = 1.05333

Tempo de execução: 4.4444s

---------------------------

Tamanho da população: 271
Fração elite: 0.4562
Fração mutante: 0.0223
Probabilidade herdar alelo elite: 0.7359
Número de populações independentes: 1
Número de threads: 1
Trocar os melhores indivíduos a cada 30 gerações
Número máximo de gerações: 400

Largura da faixa = 24
Melhor altura = 79

Lower Bound 1 = 75
Lower Bound 2 = 28
Avaliação = 1.05333

Tempo de execução: 4.921s

---------------------------

Tamanho da população: 271
Fração elite: 0.4562
Fração mutante: 0.0223
Probabilidade herdar alelo elite: 0.7359
Número de populações independentes: 1
Número de threads: 1
Trocar os melhores indivíduos a cada 30 gerações
Número máximo de gerações: 400

Largura da faixa = 24
Melhor altura = 79

Lower Bound 1 = 75
Lower Bound 2 = 28
Avaliação = 1.05333

Tempo de execução: 5.25757s

---------------------------

Tamanho da população: 271
Fração elite: 0.4562
Fração mutante: 0.0223
Probabilidade herdar alelo elite: 0.7359
Número de populações independentes: 1
Número de threads: 1
Trocar os melhores indivíduos a cada 30 gerações
Número máximo de gerações: 400

Largura da faixa = 24
Melhor altura = 80

Lower Bound 1 = 75
Lower Bound 2 = 28
Avaliação = 1.06667

Tempo de execução: 5.28247s

---------------------------

Tamanho da população: 271
Fração elite: 0.4562
Fração mutante: 0.0223
Probabilidade herdar alelo elite: 0.7359
Número de populações independentes: 1
Número de threads: 1
Trocar os melhores indivíduos a cada 30 gerações
Número máximo de gerações: 400

Largura da faixa = 24
Melhor altura = 79

Lower Bound 1 = 75
Lower Bound 2 = 28
Avaliação = 1.05333

Tempo de execução: 4.60526s

---------------------------

Tamanho da população: 271
Fração elite: 0.4562
Fração mutante: 0.0223
Probabilidade herdar alelo elite: 0.7359
Número de populações independentes: 1
Número de threads: 1
Trocar os melhores indivíduos a cada 30 gerações
Número máximo de gerações: 400

Largura da faixa = 24
Melhor altura = 79

Lower Bound 1 = 75
Lower Bound 2 = 28
Avaliação = 1.05333

Tempo de execução: 4.98s

---------------------------

Tamanho da população: 271
Fração elite: 0.4562
Fração mutante: 0.0223
Probabilidade herdar alelo elite: 0.7359
Número de populações independentes: 1
Número de threads: 1
Trocar os melhores indivíduos a cada 30 gerações
Número máximo de gerações: 400

Largura da faixa = 24
Melhor altura = 78

Lower Bound 1 = 75
Lower Bound 2 = 28
Avaliação = 1.04

Tempo de execução: 5.22248s

---------------------------

Tamanho da população: 271
Fração elite: 0.4562
Fração mutante: 0.0223
Probabilidade herdar alelo elite: 0.7359
Número de populações independentes: 1
Número de threads: 1
Trocar os melhores indivíduos a cada 30 gerações
Número máximo de gerações: 400

Largura da faixa = 24
Melhor altura = 79

Lower Bound 1 = 75
Lower Bound 2 = 28
Avaliação = 1.05333

Tempo de execução: 5.4459s

---------------------------

Tamanho da população: 271
Fração elite: 0.4562
Fração mutante: 0.0223
Probabilidade herdar alelo elite: 0.7359
Número de populações independentes: 1
Número de threads: 1
Trocar os melhores indivíduos a cada 30 gerações
Número máximo de gerações: 400

Largura da faixa = 24
Melhor altura = 79

Lower Bound 1 = 75
Lower Bound 2 = 28
Avaliação = 1.05333

Tempo de execução: 5.53048s

---------------------------

Tamanho da população: 271
Fração elite: 0.4562
Fração mutante: 0.0223
Probabilidade herdar alelo elite: 0.7359
Número de populações independentes: 1
Número de threads: 1
Trocar os melhores indivíduos a cada 30 gerações
Número máximo de gerações: 400

Largura da faixa = 24
Melhor altura = 79

Lower Bound 1 = 75
Lower Bound 2 = 28
Avaliação = 1.05333

Tempo de execução: 5.66754s

---------------------------

Tamanho da população: 271
Fração elite: 0.4562
Fração mutante: 0.0223
Probabilidade herdar alelo elite: 0.7359
Número de populações independentes: 1
Número de threads: 1
Trocar os melhores indivíduos a cada 30 gerações
Número máximo de gerações: 400

Largura da faixa = 24
Melhor altura = 80

Lower Bound 1 = 75
Lower Bound 2 = 28
Avaliação = 1.06667

Tempo de execução: 3.55107s

---------------------------

Tamanho da população: 271
Fração elite: 0.4562
Fração mutante: 0.0223
Probabilidade herdar alelo elite: 0.7359
Número de populações independentes: 1
Número de threads: 1
Trocar os melhores indivíduos a cada 30 gerações
Número máximo de gerações: 400

Largura da faixa = 24
Melhor altura = 80

Lower Bound 1 = 75
Lower Bound 2 = 28
Avaliação = 1.06667

Tempo de execução: 4.20755s

---------------------------

Tamanho da população: 271
Fração elite: 0.4562
Fração mutante: 0.0223
Probabilidade herdar alelo elite: 0.7359
Número de populações independentes: 1
Número de threads: 1
Trocar os melhores indivíduos a cada 30 gerações
Número máximo de gerações: 400

Largura da faixa = 24
Melhor altura = 79

Lower Bound 1 = 75
Lower Bound 2 = 28
Avaliação = 1.05333

Tempo de execução: 4.53902s

---------------------------

Tamanho da população: 271
Fração elite: 0.4562
Fração mutante: 0.0223
Probabilidade herdar alelo elite: 0.7359
Número de populações independentes: 1
Número de threads: 1
Trocar os melhores indivíduos a cada 30 gerações
Número máximo de gerações: 400

Largura da faixa = 24
Melhor altura = 79

Lower Bound 1 = 75
Lower Bound 2 = 28
Avaliação = 1.05333

Tempo de execução: 4.90348s

---------------------------

Tamanho da população: 271
Fração elite: 0.4562
Fração mutante: 0.0223
Probabilidade herdar alelo elite: 0.7359
Número de populações independentes: 1
Número de threads: 1
Trocar os melhores indivíduos a cada 30 gerações
Número máximo de gerações: 400

Largura da faixa = 24
Melhor altura = 79

Lower Bound 1 = 75
Lower Bound 2 = 28
Avaliação = 1.05333

Tempo de execução: 5.10452s

---------------------------

Tamanho da população: 271
Fração elite: 0.4562
Fração mutante: 0.0223
Probabilidade herdar alelo elite: 0.7359
Número de populações independentes: 1
Número de threads: 1
Trocar os melhores indivíduos a cada 30 gerações
Número máximo de gerações: 400

Largura da faixa = 24
Melhor altura = 79

Lower Bound 1 = 75
Lower Bound 2 = 28
Avaliação = 1.05333

Tempo de execução: 5.32012s

---------------------------

Tamanho da população: 271
Fração elite: 0.4562
Fração mutante: 0.0223
Probabilidade herdar alelo elite: 0.7359
Número de populações independentes: 1
Número de threads: 1
Trocar os melhores indivíduos a cada 30 gerações
Número máximo de gerações: 400

Largura da faixa = 24
Melhor altura = 80

Lower Bound 1 = 75
Lower Bound 2 = 28
Avaliação = 1.06667

Tempo de execução: 3.21894s

---------------------------

Tamanho da população: 271
Fração elite: 0.4562
Fração mutante: 0.0223
Probabilidade herdar alelo elite: 0.7359
Número de populações independentes: 1
Número de threads: 1
Trocar os melhores indivíduos a cada 30 gerações
Número máximo de gerações: 400

Largura da faixa = 24
Melhor altura = 79

Lower Bound 1 = 75
Lower Bound 2 = 28
Avaliação = 1.05333

Tempo de execução: 3.36576s

---------------------------

Tamanho da população: 271
Fração elite: 0.4562
Fração mutante: 0.0223
Probabilidade herdar alelo elite: 0.7359
Número de populações independentes: 1
Número de threads: 1
Trocar os melhores indivíduos a cada 30 gerações
Número máximo de gerações: 400

Largura da faixa = 24
Melhor altura = 84

Lower Bound 1 = 75
Lower Bound 2 = 28
Avaliação = 1.12

Tempo de execução: 4.53792s

---------------------------

Tamanho da população: 271
Fração elite: 0.4562
Fração mutante: 0.0223
Probabilidade herdar alelo elite: 0.7359
Número de populações independentes: 1
Número de threads: 1
Trocar os melhores indivíduos a cada 30 gerações
Número máximo de gerações: 400

Largura da faixa = 24
Melhor altura = 86

Lower Bound 1 = 75
Lower Bound 2 = 28
Avaliação = 1.14667

Tempo de execução: 4.65978s

---------------------------

Tamanho da população: 271
Fração elite: 0.4562
Fração mutante: 0.0223
Probabilidade herdar alelo elite: 0.7359
Número de populações independentes: 1
Número de threads: 1
Trocar os melhores indivíduos a cada 30 gerações
Número máximo de gerações: 400

Largura da faixa = 24
Melhor altura = 80

Lower Bound 1 = 75
Lower Bound 2 = 28
Avaliação = 1.06667

Tempo de execução: 4.99873s

---------------------------

Tamanho da população: 271
Fração elite: 0.4562
Fração mutante: 0.0223
Probabilidade herdar alelo elite: 0.7359
Número de populações independentes: 1
Número de threads: 1
Trocar os melhores indivíduos a cada 30 gerações
Número máximo de gerações: 400

Largura da faixa = 24
Melhor altura = 80

Lower Bound 1 = 75
Lower Bound 2 = 28
Avaliação = 1.06667

Tempo de execução: 5.94645s

---------------------------

Tamanho da população: 271
Fração elite: 0.4562
Fração mutante: 0.0223
Probabilidade herdar alelo elite: 0.7359
Número de populações independentes: 1
Número de threads: 1
Trocar os melhores indivíduos a cada 30 gerações
Número máximo de gerações: 400

Largura da faixa = 24
Melhor altura = 84

Lower Bound 1 = 75
Lower Bound 2 = 28
Avaliação = 1.12

Tempo de execução: 5.96508s

---------------------------

Tamanho da população: 271
Fração elite: 0.4562
Fração mutante: 0.0223
Probabilidade herdar alelo elite: 0.7359
Número de populações independentes: 1
Número de threads: 1
Trocar os melhores indivíduos a cada 30 gerações
Número máximo de gerações: 400

Largura da faixa = 24
Melhor altura = 83

Lower Bound 1 = 75
Lower Bound 2 = 28
Avaliação = 1.10667

Tempo de execução: 6.02095s

---------------------------

Tamanho da população: 271
Fração elite: 0.4562
Fração mutante: 0.0223
Probabilidade herdar alelo elite: 0.7359
Número de populações independentes: 1
Número de threads: 1
Trocar os melhores indivíduos a cada 30 gerações
Número máximo de gerações: 400

Largura da faixa = 24
Melhor altura = 79

Lower Bound 1 = 75
Lower Bound 2 = 28
Avaliação = 1.05333

Tempo de execução: 4.38603s

---------------------------

Tamanho da população: 271
Fração elite: 0.4562
Fração mutante: 0.0223
Probabilidade herdar alelo elite: 0.7359
Número de populações independentes: 1
Número de threads: 1
Trocar os melhores indivíduos a cada 30 gerações
Número máximo de gerações: 400

Largura da faixa = 24
Melhor altura = 80

Lower Bound 1 = 75
Lower Bound 2 = 28
Avaliação = 1.06667

Tempo de execução: 5.00489s

---------------------------

Tamanho da população: 271
Fração elite: 0.4562
Fração mutante: 0.0223
Probabilidade herdar alelo elite: 0.7359
Número de populações independentes: 1
Número de threads: 1
Trocar os melhores indivíduos a cada 30 gerações
Número máximo de gerações: 400

Largura da faixa = 24
Melhor altura = 79

Lower Bound 1 = 75
Lower Bound 2 = 28
Avaliação = 1.05333

Tempo de execução: 5.10064s

---------------------------

Tamanho da população: 271
Fração elite: 0.4562
Fração mutante: 0.0223
Probabilidade herdar alelo elite: 0.7359
Número de populações independentes: 1
Número de threads: 1
Trocar os melhores indivíduos a cada 30 gerações
Número máximo de gerações: 400

Largura da faixa = 24
Melhor altura = 88

Lower Bound 1 = 75
Lower Bound 2 = 28
Avaliação = 1.17333

Tempo de execução: 5.74378s

---------------------------

Tamanho da população: 271
Fração elite: 0.4562
Fração mutante: 0.0223
Probabilidade herdar alelo elite: 0.7359
Número de populações independentes: 1
Número de threads: 1
Trocar os melhores indivíduos a cada 30 gerações
Número máximo de gerações: 400

Largura da faixa = 24
Melhor altura = 80

Lower Bound 1 = 75
Lower Bound 2 = 28
Avaliação = 1.06667

Tempo de execução: 5.87682s

---------------------------

Tamanho da população: 271
Fração elite: 0.4562
Fração mutante: 0.0223
Probabilidade herdar alelo elite: 0.7359
Número de populações independentes: 1
Número de threads: 1
Trocar os melhores indivíduos a cada 30 gerações
Número máximo de gerações: 400

Largura da faixa = 24
Melhor altura = 82

Lower Bound 1 = 75
Lower Bound 2 = 28
Avaliação = 1.09333

Tempo de execução: 5.89617s

---------------------------

Tamanho da população: 271
Fração elite: 0.4562
Fração mutante: 0.0223
Probabilidade herdar alelo elite: 0.7359
Número de populações independentes: 1
Número de threads: 1
Trocar os melhores indivíduos a cada 30 gerações
Número máximo de gerações: 400

Largura da faixa = 24
Melhor altura = 81

Lower Bound 1 = 75
Lower Bound 2 = 28
Avaliação = 1.08

Tempo de execução: 4.50483s

---------------------------

Tamanho da população: 271
Fração elite: 0.4562
Fração mutante: 0.0223
Probabilidade herdar alelo elite: 0.7359
Número de populações independentes: 1
Número de threads: 1
Trocar os melhores indivíduos a cada 30 gerações
Número máximo de gerações: 400

Largura da faixa = 24
Melhor altura = 80

Lower Bound 1 = 75
Lower Bound 2 = 28
Avaliação = 1.06667

Tempo de execução: 4.71972s

---------------------------

Tamanho da população: 271
Fração elite: 0.4562
Fração mutante: 0.0223
Probabilidade herdar alelo elite: 0.7359
Número de populações independentes: 1
Número de threads: 1
Trocar os melhores indivíduos a cada 30 gerações
Número máximo de gerações: 400

Largura da faixa = 24
Melhor altura = 78

Lower Bound 1 = 75
Lower Bound 2 = 28
Avaliação = 1.04

Tempo de execução: 4.89043s

---------------------------

Tamanho da população: 271
Fração elite: 0.4562
Fração mutante: 0.0223
Probabilidade herdar alelo elite: 0.7359
Número de populações independentes: 1
Número de threads: 1
Trocar os melhores indivíduos a cada 30 gerações
Número máximo de gerações: 400

Largura da faixa = 24
Melhor altura = 80

Lower Bound 1 = 75
Lower Bound 2 = 28
Avaliação = 1.06667

Tempo de execução: 5.91578s

---------------------------

Tamanho da população: 271
Fração elite: 0.4562
Fração mutante: 0.0223
Probabilidade herdar alelo elite: 0.7359
Número de populações independentes: 1
Número de threads: 1
Trocar os melhores indivíduos a cada 30 gerações
Número máximo de gerações: 400

Largura da faixa = 24
Melhor altura = 85

Lower Bound 1 = 75
Lower Bound 2 = 28
Avaliação = 1.13333

Tempo de execução: 5.95224s

---------------------------

Tamanho da população: 271
Fração elite: 0.4562
Fração mutante: 0.0223
Probabilidade herdar alelo elite: 0.7359
Número de populações independentes: 1
Número de threads: 1
Trocar os melhores indivíduos a cada 30 gerações
Número máximo de gerações: 400

Largura da faixa = 24
Melhor altura = 80

Lower Bound 1 = 75
Lower Bound 2 = 28
Avaliação = 1.06667

Tempo de execução: 6.01415s

---------------------------

Tamanho da população: 271
Fração elite: 0.4562
Fração mutante: 0.0223
Probabilidade herdar alelo elite: 0.7359
Número de populações independentes: 1
Número de threads: 1
Trocar os melhores indivíduos a cada 30 gerações
Número máximo de gerações: 400

Largura da faixa = 24
Melhor altura = 80

Lower Bound 1 = 75
Lower Bound 2 = 28
Avaliação = 1.06667

Tempo de execução: 3.80789s

---------------------------

Tamanho da população: 271
Fração elite: 0.4562
Fração mutante: 0.0223
Probabilidade herdar alelo elite: 0.7359
Número de populações independentes: 1
Número de threads: 1
Trocar os melhores indivíduos a cada 30 gerações
Número máximo de gerações: 400

Largura da faixa = 24
Melhor altura = 83

Lower Bound 1 = 75
Lower Bound 2 = 28
Avaliação = 1.10667

Tempo de execução: 3.85405s

---------------------------

Tamanho da população: 297
Fração elite: 0.55
Fração mutante: 0.0174
Probabilidade herdar alelo elite: 0.7678
Número de populações independentes: 1
Número de threads: 1
Trocar os melhores indivíduos a cada 30 gerações
Número máximo de gerações: 279

Largura da faixa = 24
Melhor altura = 79

Lower Bound 1 = 75
Lower Bound 2 = 28
Avaliação = 1.05333

Tempo de execução: 1.73828s

---------------------------

Tamanho da população: 297
Fração elite: 0.55
Fração mutante: 0.0174
Probabilidade herdar alelo elite: 0.7678
Número de populações independentes: 1
Número de threads: 1
Trocar os melhores indivíduos a cada 30 gerações
Número máximo de gerações: 279

Largura da faixa = 24
Melhor altura = 80

Lower Bound 1 = 75
Lower Bound 2 = 28
Avaliação = 1.06667

Tempo de execução: 1.76711s

---------------------------

Tamanho da população: 297
Fração elite: 0.55
Fração mutante: 0.0174
Probabilidade herdar alelo elite: 0.7678
Número de populações independentes: 1
Número de threads: 1
Trocar os melhores indivíduos a cada 30 gerações
Número máximo de gerações: 279

Largura da faixa = 24
Melhor altura = 79

Lower Bound 1 = 75
Lower Bound 2 = 28
Avaliação = 1.05333

Tempo de execução: 2.37312s

---------------------------

Tamanho da população: 297
Fração elite: 0.55
Fração mutante: 0.0174
Probabilidade herdar alelo elite: 0.7678
Número de populações independentes: 1
Número de threads: 1
Trocar os melhores indivíduos a cada 30 gerações
Número máximo de gerações: 279

Largura da faixa = 24
Melhor altura = 80

Lower Bound 1 = 75
Lower Bound 2 = 28
Avaliação = 1.06667

Tempo de execução: 1.79066s

---------------------------

Tamanho da população: 297
Fração elite: 0.55
Fração mutante: 0.0174
Probabilidade herdar alelo elite: 0.7678
Número de populações independentes: 1
Número de threads: 1
Trocar os melhores indivíduos a cada 30 gerações
Número máximo de gerações: 279

Largura da faixa = 24
Melhor altura = 80

Lower Bound 1 = 75
Lower Bound 2 = 28
Avaliação = 1.06667

Tempo de execução: 2.03155s

---------------------------

Tamanho da população: 297
Fração elite: 0.55
Fração mutante: 0.0174
Probabilidade herdar alelo elite: 0.7678
Número de populações independentes: 1
Número de threads: 1
Trocar os melhores indivíduos a cada 30 gerações
Número máximo de gerações: 279

Largura da faixa = 24
Melhor altura = 79

Lower Bound 1 = 75
Lower Bound 2 = 28
Avaliação = 1.05333

Tempo de execução: 2.56725s

---------------------------

Tamanho da população: 297
Fração elite: 0.55
Fração mutante: 0.0174
Probabilidade herdar alelo elite: 0.7678
Número de populações independentes: 1
Número de threads: 1
Trocar os melhores indivíduos a cada 30 gerações
Número máximo de gerações: 279

Largura da faixa = 24
Melhor altura = 79

Lower Bound 1 = 75
Lower Bound 2 = 28
Avaliação = 1.05333

Tempo de execução: 1.85542s

---------------------------

Tamanho da população: 297
Fração elite: 0.55
Fração mutante: 0.0174
Probabilidade herdar alelo elite: 0.7678
Número de populações independentes: 1
Número de threads: 1
Trocar os melhores indivíduos a cada 30 gerações
Número máximo de gerações: 279

Largura da faixa = 24
Melhor altura = 79

Lower Bound 1 = 75
Lower Bound 2 = 28
Avaliação = 1.05333

Tempo de execução: 2.32584s

---------------------------

Tamanho da população: 297
Fração elite: 0.55
Fração mutante: 0.0174
Probabilidade herdar alelo elite: 0.7678
Número de populações independentes: 1
Número de threads: 1
Trocar os melhores indivíduos a cada 30 gerações
Número máximo de gerações: 279

Largura da faixa = 24
Melhor altura = 79

Lower Bound 1 = 75
Lower Bound 2 = 28
Avaliação = 1.05333

Tempo de execução: 2.70937s

---------------------------

Tamanho da população: 297
Fração elite: 0.55
Fração mutante: 0.0174
Probabilidade herdar alelo elite: 0.7678
Número de populações independentes: 1
Número de threads: 1
Trocar os melhores indivíduos a cada 30 gerações
Número máximo de gerações: 279

Largura da faixa = 24
Melhor altura = 79

Lower Bound 1 = 75
Lower Bound 2 = 28
Avaliação = 1.05333

Tempo de execução: 1.67911s

---------------------------

Tamanho da população: 297
Fração elite: 0.55
Fração mutante: 0.0174
Probabilidade herdar alelo elite: 0.7678
Número de populações independentes: 1
Número de threads: 1
Trocar os melhores indivíduos a cada 30 gerações
Número máximo de gerações: 279

Largura da faixa = 24
Melhor altura = 80

Lower Bound 1 = 75
Lower Bound 2 = 28
Avaliação = 1.06667

Tempo de execução: 1.68662s

---------------------------

Tamanho da população: 297
Fração elite: 0.55
Fração mutante: 0.0174
Probabilidade herdar alelo elite: 0.7678
Número de populações independentes: 1
Número de threads: 1
Trocar os melhores indivíduos a cada 30 gerações
Número máximo de gerações: 279

Largura da faixa = 24
Melhor altura = 79

Lower Bound 1 = 75
Lower Bound 2 = 28
Avaliação = 1.05333

Tempo de execução: 1.99218s

---------------------------

Tamanho da população: 297
Fração elite: 0.55
Fração mutante: 0.0174
Probabilidade herdar alelo elite: 0.7678
Número de populações independentes: 1
Número de threads: 1
Trocar os melhores indivíduos a cada 30 gerações
Número máximo de gerações: 279

Largura da faixa = 24
Melhor altura = 80

Lower Bound 1 = 75
Lower Bound 2 = 28
Avaliação = 1.06667

Tempo de execução: 2.92592s

---------------------------

Tamanho da população: 297
Fração elite: 0.55
Fração mutante: 0.0174
Probabilidade herdar alelo elite: 0.7678
Número de populações independentes: 1
Número de threads: 1
Trocar os melhores indivíduos a cada 30 gerações
Número máximo de gerações: 279

Largura da faixa = 24
Melhor altura = 80

Lower Bound 1 = 75
Lower Bound 2 = 28
Avaliação = 1.06667

Tempo de execução: 3.09153s

---------------------------

Tamanho da população: 297
Fração elite: 0.55
Fração mutante: 0.0174
Probabilidade herdar alelo elite: 0.7678
Número de populações independentes: 1
Número de threads: 1
Trocar os melhores indivíduos a cada 30 gerações
Número máximo de gerações: 279

Largura da faixa = 24
Melhor altura = 79

Lower Bound 1 = 75
Lower Bound 2 = 28
Avaliação = 1.05333

Tempo de execução: 3.17451s

---------------------------

Tamanho da população: 297
Fração elite: 0.55
Fração mutante: 0.0174
Probabilidade herdar alelo elite: 0.7678
Número de populações independentes: 1
Número de threads: 1
Trocar os melhores indivíduos a cada 30 gerações
Número máximo de gerações: 279

Largura da faixa = 24
Melhor altura = 79

Lower Bound 1 = 75
Lower Bound 2 = 28
Avaliação = 1.05333

Tempo de execução: 2.42146s

---------------------------

Tamanho da população: 297
Fração elite: 0.55
Fração mutante: 0.0174
Probabilidade herdar alelo elite: 0.7678
Número de populações independentes: 1
Número de threads: 1
Trocar os melhores indivíduos a cada 30 gerações
Número máximo de gerações: 279

Largura da faixa = 24
Melhor altura = 78

Lower Bound 1 = 75
Lower Bound 2 = 28
Avaliação = 1.04

Tempo de execução: 2.73808s

---------------------------

Tamanho da população: 297
Fração elite: 0.55
Fração mutante: 0.0174
Probabilidade herdar alelo elite: 0.7678
Número de populações independentes: 1
Número de threads: 1
Trocar os melhores indivíduos a cada 30 gerações
Número máximo de gerações: 279

Largura da faixa = 24
Melhor altura = 80

Lower Bound 1 = 75
Lower Bound 2 = 28
Avaliação = 1.06667

Tempo de execução: 2.84399s

---------------------------

Tamanho da população: 297
Fração elite: 0.55
Fração mutante: 0.0174
Probabilidade herdar alelo elite: 0.7678
Número de populações independentes: 1
Número de threads: 1
Trocar os melhores indivíduos a cada 30 gerações
Número máximo de gerações: 279

Largura da faixa = 24
Melhor altura = 79

Lower Bound 1 = 75
Lower Bound 2 = 28
Avaliação = 1.05333

Tempo de execução: 2.11156s

---------------------------

Tamanho da população: 297
Fração elite: 0.55
Fração mutante: 0.0174
Probabilidade herdar alelo elite: 0.7678
Número de populações independentes: 1
Número de threads: 1
Trocar os melhores indivíduos a cada 30 gerações
Número máximo de gerações: 279

Largura da faixa = 24
Melhor altura = 79

Lower Bound 1 = 75
Lower Bound 2 = 28
Avaliação = 1.05333

Tempo de execução: 2.52392s

---------------------------

Tamanho da população: 392
Fração elite: 0.2567
Fração mutante: 0.0202
Probabilidade herdar alelo elite: 0.6001
Número de populações independentes: 1
Número de threads: 1
Número máximo de gerações: 364

Largura da faixa = 24
Melhor altura = 79

Lower Bound 1 = 75
Lower Bound 2 = 28
Avaliação = 1.05333

Tempo de execução: 3.05728s

---------------------------

Tamanho da população: 392
Fração elite: 0.2567
Fração mutante: 0.0202
Probabilidade herdar alelo elite: 0.6001
Número de populações independentes: 1
Número de threads: 1
Número máximo de gerações: 364

Largura da faixa = 24
Melhor altura = 80

Lower Bound 1 = 75
Lower Bound 2 = 28
Avaliação = 1.06667

Tempo de execução: 3.07338s

---------------------------

Tamanho da população: 392
Fração elite: 0.2567
Fração mutante: 0.0202
Probabilidade herdar alelo elite: 0.6001
Número de populações independentes: 1
Número de threads: 1
Número máximo de gerações: 364

Largura da faixa = 24
Melhor altura = 80

Lower Bound 1 = 75
Lower Bound 2 = 28
Avaliação = 1.06667

Tempo de execução: 3.11743s

---------------------------

Tamanho da população: 392
Fração elite: 0.2567
Fração mutante: 0.0202
Probabilidade herdar alelo elite: 0.6001
Número de populações independentes: 1
Número de threads: 1
Número máximo de gerações: 364

Largura da faixa = 24
Melhor altura = 80

Lower Bound 1 = 75
Lower Bound 2 = 28
Avaliação = 1.06667

Tempo de execução: 3.15668s

---------------------------

Tamanho da população: 392
Fração elite: 0.2567
Fração mutante: 0.0202
Probabilidade herdar alelo elite: 0.6001
Número de populações independentes: 1
Número de threads: 1
Número máximo de gerações: 364

Largura da faixa = 24
Melhor altura = 79

Lower Bound 1 = 75
Lower Bound 2 = 28
Avaliação = 1.05333

Tempo de execução: 3.17843s

---------------------------

Tamanho da população: 392
Fração elite: 0.2567
Fração mutante: 0.0202
Probabilidade herdar alelo elite: 0.6001
Número de populações independentes: 1
Número de threads: 1
Número máximo de gerações: 364

Largura da faixa = 24
Melhor altura = 79

Lower Bound 1 = 75
Lower Bound 2 = 28
Avaliação = 1.05333

Tempo de execução: 3.22263s

---------------------------

Tamanho da população: 392
Fração elite: 0.2567
Fração mutante: 0.0202
Probabilidade herdar alelo elite: 0.6001
Número de populações independentes: 1
Número de threads: 1
Número máximo de gerações: 364

Largura da faixa = 24
Melhor altura = 79

Lower Bound 1 = 75
Lower Bound 2 = 28
Avaliação = 1.05333

Tempo de execução: 3.09026s

---------------------------

Tamanho da população: 392
Fração elite: 0.2567
Fração mutante: 0.0202
Probabilidade herdar alelo elite: 0.6001
Número de populações independentes: 1
Número de threads: 1
Número máximo de gerações: 364

Largura da faixa = 24
Melhor altura = 80

Lower Bound 1 = 75
Lower Bound 2 = 28
Avaliação = 1.06667

Tempo de execução: 3.12493s

---------------------------

Tamanho da população: 392
Fração elite: 0.2567
Fração mutante: 0.0202
Probabilidade herdar alelo elite: 0.6001
Número de populações independentes: 1
Número de threads: 1
Número máximo de gerações: 364

Largura da faixa = 24
Melhor altura = 78

Lower Bound 1 = 75
Lower Bound 2 = 28
Avaliação = 1.04

Tempo de execução: 3.19081s

---------------------------

Tamanho da população: 392
Fração elite: 0.2567
Fração mutante: 0.0202
Probabilidade herdar alelo elite: 0.6001
Número de populações independentes: 1
Número de threads: 1
Número máximo de gerações: 364

Largura da faixa = 24
Melhor altura = 79

Lower Bound 1 = 75
Lower Bound 2 = 28
Avaliação = 1.05333

Tempo de execução: 3.14372s

---------------------------

Tamanho da população: 392
Fração elite: 0.2567
Fração mutante: 0.0202
Probabilidade herdar alelo elite: 0.6001
Número de populações independentes: 1
Número de threads: 1
Número máximo de gerações: 364

Largura da faixa = 24
Melhor altura = 79

Lower Bound 1 = 75
Lower Bound 2 = 28
Avaliação = 1.05333

Tempo de execução: 3.17578s

---------------------------

Tamanho da população: 392
Fração elite: 0.2567
Fração mutante: 0.0202
Probabilidade herdar alelo elite: 0.6001
Número de populações independentes: 1
Número de threads: 1
Número máximo de gerações: 364

Largura da faixa = 24
Melhor altura = 79

Lower Bound 1 = 75
Lower Bound 2 = 28
Avaliação = 1.05333

Tempo de execução: 3.23594s

---------------------------

Tamanho da população: 392
Fração elite: 0.2567
Fração mutante: 0.0202
Probabilidade herdar alelo elite: 0.6001
Número de populações independentes: 1
Número de threads: 1
Número máximo de gerações: 364

Largura da faixa = 24
Melhor altura = 79

Lower Bound 1 = 75
Lower Bound 2 = 28
Avaliação = 1.05333

Tempo de execução: 3.0364s

---------------------------

Tamanho da população: 392
Fração elite: 0.2567
Fração mutante: 0.0202
Probabilidade herdar alelo elite: 0.6001
Número de populações independentes: 1
Número de threads: 1
Número máximo de gerações: 364

Largura da faixa = 24
Melhor altura = 78

Lower Bound 1 = 75
Lower Bound 2 = 28
Avaliação = 1.04

Tempo de execução: 3.06776s

---------------------------

Tamanho da população: 392
Fração elite: 0.2567
Fração mutante: 0.0202
Probabilidade herdar alelo elite: 0.6001
Número de populações independentes: 1
Número de threads: 1
Número máximo de gerações: 364

Largura da faixa = 24
Melhor altura = 79

Lower Bound 1 = 75
Lower Bound 2 = 28
Avaliação = 1.05333

Tempo de execução: 3.12747s

---------------------------

Tamanho da população: 392
Fração elite: 0.2567
Fração mutante: 0.0202
Probabilidade herdar alelo elite: 0.6001
Número de populações independentes: 1
Número de threads: 1
Número máximo de gerações: 364

Largura da faixa = 24
Melhor altura = 80

Lower Bound 1 = 75
Lower Bound 2 = 28
Avaliação = 1.06667

Tempo de execução: 3.09622s

---------------------------

Tamanho da população: 392
Fração elite: 0.2567
Fração mutante: 0.0202
Probabilidade herdar alelo elite: 0.6001
Número de populações independentes: 1
Número de threads: 1
Número máximo de gerações: 364

Largura da faixa = 24
Melhor altura = 79

Lower Bound 1 = 75
Lower Bound 2 = 28
Avaliação = 1.05333

Tempo de execução: 3.16336s

---------------------------

Tamanho da população: 392
Fração elite: 0.2567
Fração mutante: 0.0202
Probabilidade herdar alelo elite: 0.6001
Número de populações independentes: 1
Número de threads: 1
Número máximo de gerações: 364

Largura da faixa = 24
Melhor altura = 79

Lower Bound 1 = 75
Lower Bound 2 = 28
Avaliação = 1.05333

Tempo de execução: 3.18123s

---------------------------

Tamanho da população: 392
Fração elite: 0.2567
Fração mutante: 0.0202
Probabilidade herdar alelo elite: 0.6001
Número de populações independentes: 1
Número de threads: 1
Número máximo de gerações: 364

Largura da faixa = 24
Melhor altura = 80

Lower Bound 1 = 75
Lower Bound 2 = 28
Avaliação = 1.06667

Tempo de execução: 2.95663s

---------------------------

Tamanho da população: 392
Fração elite: 0.2567
Fração mutante: 0.0202
Probabilidade herdar alelo elite: 0.6001
Número de populações independentes: 1
Número de threads: 1
Número máximo de gerações: 364

Largura da faixa = 24
Melhor altura = 79

Lower Bound 1 = 75
Lower Bound 2 = 28
Avaliação = 1.05333

Tempo de execução: 2.99655s

---------------------------

