Número de cromossomos: 49
Tamanho da população: 1000
Fração elite: 0.3
Fração mutante: 0.4
Probabilidade herdar alelo elite: 0.8
Número de populações independentes: 3
Número de threads: 2
Melhor até agora: 145 Geração: 0
Melhor até agora: 144 Geração: 2
Melhor até agora: 143 Geração: 3
Melhor até agora: 139 Geração: 4
Melhor até agora: 137 Geração: 13
Melhor até agora: 135 Geração: 21
Largura da faixa = 30
Melhor altura = 135

Lower Bound 1 = 120
Lower Bound 2 = 76
Avaliação = 1.125
Tempo de execução: 12669ms

---------------------------

