Número de cromossomos: 97
Tamanho da população: 1000
Fração elite: 0.3
Fração mutante: 0.4
Probabilidade herdar alelo elite: 0.8
Número de populações independentes: 3
Número de threads: 2
Melhor até agora: 219 Geração: 0
Melhor até agora: 216 Geração: 2
Melhor até agora: 208 Geração: 3
Melhor até agora: 207 Geração: 14
Melhor até agora: 204 Geração: 21
Melhor até agora: 203 Geração: 30
Melhor até agora: 200 Geração: 44
Melhor até agora: 199 Geração: 55
Melhor até agora: 198 Geração: 84
Melhor até agora: 194 Geração: 85
Largura da faixa = 61
Melhor altura = 194

Lower Bound 1 = 157
Lower Bound 2 = 69
Avaliação = 1.23567
Tempo de execução: 30584ms

---------------------------

