Tamanho da população: 271
Fração elite: 0.4562
Fração mutante: 0.0223
Probabilidade herdar alelo elite: 0.7359
Número de populações independentes: 1
Número de threads: 1
Trocar os melhores indivíduos a cada 30 gerações
Número máximo de gerações: 400

Largura da faixa = 113
Melhor altura = 382

Lower Bound 1 = 339
Lower Bound 2 = 197
Avaliação = 1.12684

Tempo de execução: 80.4518s

---------------------------

Tamanho da população: 271
Fração elite: 0.4562
Fração mutante: 0.0223
Probabilidade herdar alelo elite: 0.7359
Número de populações independentes: 1
Número de threads: 1
Trocar os melhores indivíduos a cada 30 gerações
Número máximo de gerações: 400

Largura da faixa = 113
Melhor altura = 376

Lower Bound 1 = 339
Lower Bound 2 = 197
Avaliação = 1.10914

Tempo de execução: 81.8294s

---------------------------

Tamanho da população: 271
Fração elite: 0.4562
Fração mutante: 0.0223
Probabilidade herdar alelo elite: 0.7359
Número de populações independentes: 1
Número de threads: 1
Trocar os melhores indivíduos a cada 30 gerações
Número máximo de gerações: 400

Largura da faixa = 113
Melhor altura = 380

Lower Bound 1 = 339
Lower Bound 2 = 197
Avaliação = 1.12094

Tempo de execução: 83.8376s

---------------------------

Tamanho da população: 271
Fração elite: 0.4562
Fração mutante: 0.0223
Probabilidade herdar alelo elite: 0.7359
Número de populações independentes: 1
Número de threads: 1
Trocar os melhores indivíduos a cada 30 gerações
Número máximo de gerações: 400

Largura da faixa = 113
Melhor altura = 386

Lower Bound 1 = 339
Lower Bound 2 = 197
Avaliação = 1.13864

Tempo de execução: 85.6406s

---------------------------

Tamanho da população: 271
Fração elite: 0.4562
Fração mutante: 0.0223
Probabilidade herdar alelo elite: 0.7359
Número de populações independentes: 1
Número de threads: 1
Trocar os melhores indivíduos a cada 30 gerações
Número máximo de gerações: 400

Largura da faixa = 113
Melhor altura = 382

Lower Bound 1 = 339
Lower Bound 2 = 197
Avaliação = 1.12684

Tempo de execução: 85.6511s

---------------------------

Tamanho da população: 271
Fração elite: 0.4562
Fração mutante: 0.0223
Probabilidade herdar alelo elite: 0.7359
Número de populações independentes: 1
Número de threads: 1
Trocar os melhores indivíduos a cada 30 gerações
Número máximo de gerações: 400

Largura da faixa = 113
Melhor altura = 384

Lower Bound 1 = 339
Lower Bound 2 = 197
Avaliação = 1.13274

Tempo de execução: 85.8761s

---------------------------

Tamanho da população: 271
Fração elite: 0.4562
Fração mutante: 0.0223
Probabilidade herdar alelo elite: 0.7359
Número de populações independentes: 1
Número de threads: 1
Trocar os melhores indivíduos a cada 30 gerações
Número máximo de gerações: 400

Largura da faixa = 113
Melhor altura = 383

Lower Bound 1 = 339
Lower Bound 2 = 197
Avaliação = 1.12979

Tempo de execução: 79.7226s

---------------------------

Tamanho da população: 271
Fração elite: 0.4562
Fração mutante: 0.0223
Probabilidade herdar alelo elite: 0.7359
Número de populações independentes: 1
Número de threads: 1
Trocar os melhores indivíduos a cada 30 gerações
Número máximo de gerações: 400

Largura da faixa = 113
Melhor altura = 379

Lower Bound 1 = 339
Lower Bound 2 = 197
Avaliação = 1.11799

Tempo de execução: 81.1033s

---------------------------

Tamanho da população: 271
Fração elite: 0.4562
Fração mutante: 0.0223
Probabilidade herdar alelo elite: 0.7359
Número de populações independentes: 1
Número de threads: 1
Trocar os melhores indivíduos a cada 30 gerações
Número máximo de gerações: 400

Largura da faixa = 113
Melhor altura = 385

Lower Bound 1 = 339
Lower Bound 2 = 197
Avaliação = 1.13569

Tempo de execução: 81.1346s

---------------------------

Tamanho da população: 271
Fração elite: 0.4562
Fração mutante: 0.0223
Probabilidade herdar alelo elite: 0.7359
Número de populações independentes: 1
Número de threads: 1
Trocar os melhores indivíduos a cada 30 gerações
Número máximo de gerações: 400

Largura da faixa = 113
Melhor altura = 388

Lower Bound 1 = 339
Lower Bound 2 = 197
Avaliação = 1.14454

Tempo de execução: 81.3394s

---------------------------

Tamanho da população: 271
Fração elite: 0.4562
Fração mutante: 0.0223
Probabilidade herdar alelo elite: 0.7359
Número de populações independentes: 1
Número de threads: 1
Trocar os melhores indivíduos a cada 30 gerações
Número máximo de gerações: 400

Largura da faixa = 113
Melhor altura = 376

Lower Bound 1 = 339
Lower Bound 2 = 197
Avaliação = 1.10914

Tempo de execução: 82.9037s

---------------------------

Tamanho da população: 271
Fração elite: 0.4562
Fração mutante: 0.0223
Probabilidade herdar alelo elite: 0.7359
Número de populações independentes: 1
Número de threads: 1
Trocar os melhores indivíduos a cada 30 gerações
Número máximo de gerações: 400

Largura da faixa = 113
Melhor altura = 381

Lower Bound 1 = 339
Lower Bound 2 = 197
Avaliação = 1.12389

Tempo de execução: 84.072s

---------------------------

Tamanho da população: 271
Fração elite: 0.4562
Fração mutante: 0.0223
Probabilidade herdar alelo elite: 0.7359
Número de populações independentes: 1
Número de threads: 1
Trocar os melhores indivíduos a cada 30 gerações
Número máximo de gerações: 400

Largura da faixa = 113
Melhor altura = 379

Lower Bound 1 = 339
Lower Bound 2 = 197
Avaliação = 1.11799

Tempo de execução: 78.2113s

---------------------------

Tamanho da população: 271
Fração elite: 0.4562
Fração mutante: 0.0223
Probabilidade herdar alelo elite: 0.7359
Número de populações independentes: 1
Número de threads: 1
Trocar os melhores indivíduos a cada 30 gerações
Número máximo de gerações: 400

Largura da faixa = 113
Melhor altura = 379

Lower Bound 1 = 339
Lower Bound 2 = 197
Avaliação = 1.11799

Tempo de execução: 79.1833s

---------------------------

Tamanho da população: 271
Fração elite: 0.4562
Fração mutante: 0.0223
Probabilidade herdar alelo elite: 0.7359
Número de populações independentes: 1
Número de threads: 1
Trocar os melhores indivíduos a cada 30 gerações
Número máximo de gerações: 400

Largura da faixa = 113
Melhor altura = 380

Lower Bound 1 = 339
Lower Bound 2 = 197
Avaliação = 1.12094

Tempo de execução: 79.456s

---------------------------

Tamanho da população: 271
Fração elite: 0.4562
Fração mutante: 0.0223
Probabilidade herdar alelo elite: 0.7359
Número de populações independentes: 1
Número de threads: 1
Trocar os melhores indivíduos a cada 30 gerações
Número máximo de gerações: 400

Largura da faixa = 113
Melhor altura = 379

Lower Bound 1 = 339
Lower Bound 2 = 197
Avaliação = 1.11799

Tempo de execução: 80.7932s

---------------------------

Tamanho da população: 271
Fração elite: 0.4562
Fração mutante: 0.0223
Probabilidade herdar alelo elite: 0.7359
Número de populações independentes: 1
Número de threads: 1
Trocar os melhores indivíduos a cada 30 gerações
Número máximo de gerações: 400

Largura da faixa = 113
Melhor altura = 389

Lower Bound 1 = 339
Lower Bound 2 = 197
Avaliação = 1.14749

Tempo de execução: 81.7002s

---------------------------

Tamanho da população: 271
Fração elite: 0.4562
Fração mutante: 0.0223
Probabilidade herdar alelo elite: 0.7359
Número de populações independentes: 1
Número de threads: 1
Trocar os melhores indivíduos a cada 30 gerações
Número máximo de gerações: 400

Largura da faixa = 113
Melhor altura = 373

Lower Bound 1 = 339
Lower Bound 2 = 197
Avaliação = 1.10029

Tempo de execução: 81.8677s

---------------------------

Tamanho da população: 271
Fração elite: 0.4562
Fração mutante: 0.0223
Probabilidade herdar alelo elite: 0.7359
Número de populações independentes: 1
Número de threads: 1
Trocar os melhores indivíduos a cada 30 gerações
Número máximo de gerações: 400

Largura da faixa = 113
Melhor altura = 383

Lower Bound 1 = 339
Lower Bound 2 = 197
Avaliação = 1.12979

Tempo de execução: 58.6097s

---------------------------

Tamanho da população: 271
Fração elite: 0.4562
Fração mutante: 0.0223
Probabilidade herdar alelo elite: 0.7359
Número de populações independentes: 1
Número de threads: 1
Trocar os melhores indivíduos a cada 30 gerações
Número máximo de gerações: 400

Largura da faixa = 113
Melhor altura = 386

Lower Bound 1 = 339
Lower Bound 2 = 197
Avaliação = 1.13864

Tempo de execução: 58.8281s

---------------------------

Tamanho da população: 271
Fração elite: 0.4562
Fração mutante: 0.0223
Probabilidade herdar alelo elite: 0.7359
Número de populações independentes: 1
Número de threads: 1
Trocar os melhores indivíduos a cada 30 gerações
Número máximo de gerações: 400

Largura da faixa = 113
Melhor altura = 419

Lower Bound 1 = 339
Lower Bound 2 = 197
Avaliação = 1.23599

Tempo de execução: 73.5511s

---------------------------

Tamanho da população: 271
Fração elite: 0.4562
Fração mutante: 0.0223
Probabilidade herdar alelo elite: 0.7359
Número de populações independentes: 1
Número de threads: 1
Trocar os melhores indivíduos a cada 30 gerações
Número máximo de gerações: 400

Largura da faixa = 113
Melhor altura = 411

Lower Bound 1 = 339
Lower Bound 2 = 197
Avaliação = 1.21239

Tempo de execução: 73.8689s

---------------------------

Tamanho da população: 271
Fração elite: 0.4562
Fração mutante: 0.0223
Probabilidade herdar alelo elite: 0.7359
Número de populações independentes: 1
Número de threads: 1
Trocar os melhores indivíduos a cada 30 gerações
Número máximo de gerações: 400

Largura da faixa = 113
Melhor altura = 380

Lower Bound 1 = 339
Lower Bound 2 = 197
Avaliação = 1.12094

Tempo de execução: 75.2341s

---------------------------

Tamanho da população: 271
Fração elite: 0.4562
Fração mutante: 0.0223
Probabilidade herdar alelo elite: 0.7359
Número de populações independentes: 1
Número de threads: 1
Trocar os melhores indivíduos a cada 30 gerações
Número máximo de gerações: 400

Largura da faixa = 113
Melhor altura = 411

Lower Bound 1 = 339
Lower Bound 2 = 197
Avaliação = 1.21239

Tempo de execução: 75.9028s

---------------------------

Tamanho da população: 271
Fração elite: 0.4562
Fração mutante: 0.0223
Probabilidade herdar alelo elite: 0.7359
Número de populações independentes: 1
Número de threads: 1
Trocar os melhores indivíduos a cada 30 gerações
Número máximo de gerações: 400

Largura da faixa = 113
Melhor altura = 442

Lower Bound 1 = 339
Lower Bound 2 = 197
Avaliação = 1.30383

Tempo de execução: 80.0861s

---------------------------

Tamanho da população: 271
Fração elite: 0.4562
Fração mutante: 0.0223
Probabilidade herdar alelo elite: 0.7359
Número de populações independentes: 1
Número de threads: 1
Trocar os melhores indivíduos a cada 30 gerações
Número máximo de gerações: 400

Largura da faixa = 113
Melhor altura = 450

Lower Bound 1 = 339
Lower Bound 2 = 197
Avaliação = 1.32743

Tempo de execução: 82.6996s

---------------------------

Tamanho da população: 271
Fração elite: 0.4562
Fração mutante: 0.0223
Probabilidade herdar alelo elite: 0.7359
Número de populações independentes: 1
Número de threads: 1
Trocar os melhores indivíduos a cada 30 gerações
Número máximo de gerações: 400

Largura da faixa = 113
Melhor altura = 424

Lower Bound 1 = 339
Lower Bound 2 = 197
Avaliação = 1.25074

Tempo de execução: 74.9032s

---------------------------

Tamanho da população: 271
Fração elite: 0.4562
Fração mutante: 0.0223
Probabilidade herdar alelo elite: 0.7359
Número de populações independentes: 1
Número de threads: 1
Trocar os melhores indivíduos a cada 30 gerações
Número máximo de gerações: 400

Largura da faixa = 113
Melhor altura = 376

Lower Bound 1 = 339
Lower Bound 2 = 197
Avaliação = 1.10914

Tempo de execução: 76.4235s

---------------------------

Tamanho da população: 271
Fração elite: 0.4562
Fração mutante: 0.0223
Probabilidade herdar alelo elite: 0.7359
Número de populações independentes: 1
Número de threads: 1
Trocar os melhores indivíduos a cada 30 gerações
Número máximo de gerações: 400

Largura da faixa = 113
Melhor altura = 426

Lower Bound 1 = 339
Lower Bound 2 = 197
Avaliação = 1.25664

Tempo de execução: 77.5194s

---------------------------

Tamanho da população: 271
Fração elite: 0.4562
Fração mutante: 0.0223
Probabilidade herdar alelo elite: 0.7359
Número de populações independentes: 1
Número de threads: 1
Trocar os melhores indivíduos a cada 30 gerações
Número máximo de gerações: 400

Largura da faixa = 113
Melhor altura = 450

Lower Bound 1 = 339
Lower Bound 2 = 197
Avaliação = 1.32743

Tempo de execução: 78.8155s

---------------------------

Tamanho da população: 271
Fração elite: 0.4562
Fração mutante: 0.0223
Probabilidade herdar alelo elite: 0.7359
Número de populações independentes: 1
Número de threads: 1
Trocar os melhores indivíduos a cada 30 gerações
Número máximo de gerações: 400

Largura da faixa = 113
Melhor altura = 444

Lower Bound 1 = 339
Lower Bound 2 = 197
Avaliação = 1.30973

Tempo de execução: 79.5023s

---------------------------

Tamanho da população: 271
Fração elite: 0.4562
Fração mutante: 0.0223
Probabilidade herdar alelo elite: 0.7359
Número de populações independentes: 1
Número de threads: 1
Trocar os melhores indivíduos a cada 30 gerações
Número máximo de gerações: 400

Largura da faixa = 113
Melhor altura = 437

Lower Bound 1 = 339
Lower Bound 2 = 197
Avaliação = 1.28909

Tempo de execução: 79.9806s

---------------------------

Tamanho da população: 271
Fração elite: 0.4562
Fração mutante: 0.0223
Probabilidade herdar alelo elite: 0.7359
Número de populações independentes: 1
Número de threads: 1
Trocar os melhores indivíduos a cada 30 gerações
Número máximo de gerações: 400

Largura da faixa = 113
Melhor altura = 444

Lower Bound 1 = 339
Lower Bound 2 = 197
Avaliação = 1.30973

Tempo de execução: 70.2886s

---------------------------

Tamanho da população: 271
Fração elite: 0.4562
Fração mutante: 0.0223
Probabilidade herdar alelo elite: 0.7359
Número de populações independentes: 1
Número de threads: 1
Trocar os melhores indivíduos a cada 30 gerações
Número máximo de gerações: 400

Largura da faixa = 113
Melhor altura = 450

Lower Bound 1 = 339
Lower Bound 2 = 197
Avaliação = 1.32743

Tempo de execução: 75.5576s

---------------------------

Tamanho da população: 271
Fração elite: 0.4562
Fração mutante: 0.0223
Probabilidade herdar alelo elite: 0.7359
Número de populações independentes: 1
Número de threads: 1
Trocar os melhores indivíduos a cada 30 gerações
Número máximo de gerações: 400

Largura da faixa = 113
Melhor altura = 429

Lower Bound 1 = 339
Lower Bound 2 = 197
Avaliação = 1.26549

Tempo de execução: 76.7122s

---------------------------

Tamanho da população: 271
Fração elite: 0.4562
Fração mutante: 0.0223
Probabilidade herdar alelo elite: 0.7359
Número de populações independentes: 1
Número de threads: 1
Trocar os melhores indivíduos a cada 30 gerações
Número máximo de gerações: 400

Largura da faixa = 113
Melhor altura = 450

Lower Bound 1 = 339
Lower Bound 2 = 197
Avaliação = 1.32743

Tempo de execução: 77.047s

---------------------------

Tamanho da população: 271
Fração elite: 0.4562
Fração mutante: 0.0223
Probabilidade herdar alelo elite: 0.7359
Número de populações independentes: 1
Número de threads: 1
Trocar os melhores indivíduos a cada 30 gerações
Número máximo de gerações: 400

Largura da faixa = 113
Melhor altura = 373

Lower Bound 1 = 339
Lower Bound 2 = 197
Avaliação = 1.10029

Tempo de execução: 79.5022s

---------------------------

Tamanho da população: 271
Fração elite: 0.4562
Fração mutante: 0.0223
Probabilidade herdar alelo elite: 0.7359
Número de populações independentes: 1
Número de threads: 1
Trocar os melhores indivíduos a cada 30 gerações
Número máximo de gerações: 400

Largura da faixa = 113
Melhor altura = 450

Lower Bound 1 = 339
Lower Bound 2 = 197
Avaliação = 1.32743

Tempo de execução: 80.6762s

---------------------------

Tamanho da população: 271
Fração elite: 0.4562
Fração mutante: 0.0223
Probabilidade herdar alelo elite: 0.7359
Número de populações independentes: 1
Número de threads: 1
Trocar os melhores indivíduos a cada 30 gerações
Número máximo de gerações: 400

Largura da faixa = 113
Melhor altura = 436

Lower Bound 1 = 339
Lower Bound 2 = 197
Avaliação = 1.28614

Tempo de execução: 57.2667s

---------------------------

Tamanho da população: 271
Fração elite: 0.4562
Fração mutante: 0.0223
Probabilidade herdar alelo elite: 0.7359
Número de populações independentes: 1
Número de threads: 1
Trocar os melhores indivíduos a cada 30 gerações
Número máximo de gerações: 400

Largura da faixa = 113
Melhor altura = 418

Lower Bound 1 = 339
Lower Bound 2 = 197
Avaliação = 1.23304

Tempo de execução: 57.3081s

---------------------------

Tamanho da população: 297
Fração elite: 0.55
Fração mutante: 0.0174
Probabilidade herdar alelo elite: 0.7678
Número de populações independentes: 1
Número de threads: 1
Trocar os melhores indivíduos a cada 30 gerações
Número máximo de gerações: 279

Largura da faixa = 113
Melhor altura = 391

Lower Bound 1 = 339
Lower Bound 2 = 197
Avaliação = 1.15339

Tempo de execução: 27.8167s

---------------------------

Tamanho da população: 297
Fração elite: 0.55
Fração mutante: 0.0174
Probabilidade herdar alelo elite: 0.7678
Número de populações independentes: 1
Número de threads: 1
Trocar os melhores indivíduos a cada 30 gerações
Número máximo de gerações: 279

Largura da faixa = 113
Melhor altura = 392

Lower Bound 1 = 339
Lower Bound 2 = 197
Avaliação = 1.15634

Tempo de execução: 28.3665s

---------------------------

Tamanho da população: 297
Fração elite: 0.55
Fração mutante: 0.0174
Probabilidade herdar alelo elite: 0.7678
Número de populações independentes: 1
Número de threads: 1
Trocar os melhores indivíduos a cada 30 gerações
Número máximo de gerações: 279

Largura da faixa = 113
Melhor altura = 391

Lower Bound 1 = 339
Lower Bound 2 = 197
Avaliação = 1.15339

Tempo de execução: 29.8069s

---------------------------

Tamanho da população: 297
Fração elite: 0.55
Fração mutante: 0.0174
Probabilidade herdar alelo elite: 0.7678
Número de populações independentes: 1
Número de threads: 1
Trocar os melhores indivíduos a cada 30 gerações
Número máximo de gerações: 279

Largura da faixa = 113
Melhor altura = 395

Lower Bound 1 = 339
Lower Bound 2 = 197
Avaliação = 1.16519

Tempo de execução: 32.1618s

---------------------------

Tamanho da população: 297
Fração elite: 0.55
Fração mutante: 0.0174
Probabilidade herdar alelo elite: 0.7678
Número de populações independentes: 1
Número de threads: 1
Trocar os melhores indivíduos a cada 30 gerações
Número máximo de gerações: 279

Largura da faixa = 113
Melhor altura = 407

Lower Bound 1 = 339
Lower Bound 2 = 197
Avaliação = 1.20059

Tempo de execução: 33.6853s

---------------------------

Tamanho da população: 297
Fração elite: 0.55
Fração mutante: 0.0174
Probabilidade herdar alelo elite: 0.7678
Número de populações independentes: 1
Número de threads: 1
Trocar os melhores indivíduos a cada 30 gerações
Número máximo de gerações: 279

Largura da faixa = 113
Melhor altura = 389

Lower Bound 1 = 339
Lower Bound 2 = 197
Avaliação = 1.14749

Tempo de execução: 35.5741s

---------------------------

Tamanho da população: 297
Fração elite: 0.55
Fração mutante: 0.0174
Probabilidade herdar alelo elite: 0.7678
Número de populações independentes: 1
Número de threads: 1
Trocar os melhores indivíduos a cada 30 gerações
Número máximo de gerações: 279

Largura da faixa = 113
Melhor altura = 398

Lower Bound 1 = 339
Lower Bound 2 = 197
Avaliação = 1.17404

Tempo de execução: 31.9227s

---------------------------

Tamanho da população: 297
Fração elite: 0.55
Fração mutante: 0.0174
Probabilidade herdar alelo elite: 0.7678
Número de populações independentes: 1
Número de threads: 1
Trocar os melhores indivíduos a cada 30 gerações
Número máximo de gerações: 279

Largura da faixa = 113
Melhor altura = 394

Lower Bound 1 = 339
Lower Bound 2 = 197
Avaliação = 1.16224

Tempo de execução: 31.9265s

---------------------------

Tamanho da população: 297
Fração elite: 0.55
Fração mutante: 0.0174
Probabilidade herdar alelo elite: 0.7678
Número de populações independentes: 1
Número de threads: 1
Trocar os melhores indivíduos a cada 30 gerações
Número máximo de gerações: 279

Largura da faixa = 113
Melhor altura = 436

Lower Bound 1 = 339
Lower Bound 2 = 197
Avaliação = 1.28614

Tempo de execução: 31.9704s

---------------------------

Tamanho da população: 297
Fração elite: 0.55
Fração mutante: 0.0174
Probabilidade herdar alelo elite: 0.7678
Número de populações independentes: 1
Número de threads: 1
Trocar os melhores indivíduos a cada 30 gerações
Número máximo de gerações: 279

Largura da faixa = 113
Melhor altura = 391

Lower Bound 1 = 339
Lower Bound 2 = 197
Avaliação = 1.15339

Tempo de execução: 30.8255s

---------------------------

Tamanho da população: 297
Fração elite: 0.55
Fração mutante: 0.0174
Probabilidade herdar alelo elite: 0.7678
Número de populações independentes: 1
Número de threads: 1
Trocar os melhores indivíduos a cada 30 gerações
Número máximo de gerações: 279

Largura da faixa = 113
Melhor altura = 387

Lower Bound 1 = 339
Lower Bound 2 = 197
Avaliação = 1.14159

Tempo de execução: 36.907s

---------------------------

Tamanho da população: 297
Fração elite: 0.55
Fração mutante: 0.0174
Probabilidade herdar alelo elite: 0.7678
Número de populações independentes: 1
Número de threads: 1
Trocar os melhores indivíduos a cada 30 gerações
Número máximo de gerações: 279

Largura da faixa = 113
Melhor altura = 388

Lower Bound 1 = 339
Lower Bound 2 = 197
Avaliação = 1.14454

Tempo de execução: 37.4424s

---------------------------

Tamanho da população: 297
Fração elite: 0.55
Fração mutante: 0.0174
Probabilidade herdar alelo elite: 0.7678
Número de populações independentes: 1
Número de threads: 1
Trocar os melhores indivíduos a cada 30 gerações
Número máximo de gerações: 279

Largura da faixa = 113
Melhor altura = 388

Lower Bound 1 = 339
Lower Bound 2 = 197
Avaliação = 1.14454

Tempo de execução: 31.8327s

---------------------------

Tamanho da população: 297
Fração elite: 0.55
Fração mutante: 0.0174
Probabilidade herdar alelo elite: 0.7678
Número de populações independentes: 1
Número de threads: 1
Trocar os melhores indivíduos a cada 30 gerações
Número máximo de gerações: 279

Largura da faixa = 113
Melhor altura = 398

Lower Bound 1 = 339
Lower Bound 2 = 197
Avaliação = 1.17404

Tempo de execução: 35.4522s

---------------------------

Tamanho da população: 297
Fração elite: 0.55
Fração mutante: 0.0174
Probabilidade herdar alelo elite: 0.7678
Número de populações independentes: 1
Número de threads: 1
Trocar os melhores indivíduos a cada 30 gerações
Número máximo de gerações: 279

Largura da faixa = 113
Melhor altura = 388

Lower Bound 1 = 339
Lower Bound 2 = 197
Avaliação = 1.14454

Tempo de execução: 37.9937s

---------------------------

Tamanho da população: 297
Fração elite: 0.55
Fração mutante: 0.0174
Probabilidade herdar alelo elite: 0.7678
Número de populações independentes: 1
Número de threads: 1
Trocar os melhores indivíduos a cada 30 gerações
Número máximo de gerações: 279

Largura da faixa = 113
Melhor altura = 383

Lower Bound 1 = 339
Lower Bound 2 = 197
Avaliação = 1.12979

Tempo de execução: 29.5189s

---------------------------

Tamanho da população: 297
Fração elite: 0.55
Fração mutante: 0.0174
Probabilidade herdar alelo elite: 0.7678
Número de populações independentes: 1
Número de threads: 1
Trocar os melhores indivíduos a cada 30 gerações
Número máximo de gerações: 279

Largura da faixa = 113
Melhor altura = 408

Lower Bound 1 = 339
Lower Bound 2 = 197
Avaliação = 1.20354

Tempo de execução: 34.8977s

---------------------------

Tamanho da população: 297
Fração elite: 0.55
Fração mutante: 0.0174
Probabilidade herdar alelo elite: 0.7678
Número de populações independentes: 1
Número de threads: 1
Trocar os melhores indivíduos a cada 30 gerações
Número máximo de gerações: 279

Largura da faixa = 113
Melhor altura = 406

Lower Bound 1 = 339
Lower Bound 2 = 197
Avaliação = 1.19764

Tempo de execução: 37.2272s

---------------------------

Tamanho da população: 297
Fração elite: 0.55
Fração mutante: 0.0174
Probabilidade herdar alelo elite: 0.7678
Número de populações independentes: 1
Número de threads: 1
Trocar os melhores indivíduos a cada 30 gerações
Número máximo de gerações: 279

Largura da faixa = 113
Melhor altura = 396

Lower Bound 1 = 339
Lower Bound 2 = 197
Avaliação = 1.16814

Tempo de execução: 26.569s

---------------------------

Tamanho da população: 297
Fração elite: 0.55
Fração mutante: 0.0174
Probabilidade herdar alelo elite: 0.7678
Número de populações independentes: 1
Número de threads: 1
Trocar os melhores indivíduos a cada 30 gerações
Número máximo de gerações: 279

Largura da faixa = 113
Melhor altura = 384

Lower Bound 1 = 339
Lower Bound 2 = 197
Avaliação = 1.13274

Tempo de execução: 26.7124s

---------------------------

Tamanho da população: 392
Fração elite: 0.2567
Fração mutante: 0.0202
Probabilidade herdar alelo elite: 0.6001
Número de populações independentes: 1
Número de threads: 1
Número máximo de gerações: 364

Largura da faixa = 113
Melhor altura = 407

Lower Bound 1 = 339
Lower Bound 2 = 197
Avaliação = 1.20059

Tempo de execução: 48.9006s

---------------------------

Tamanho da população: 392
Fração elite: 0.2567
Fração mutante: 0.0202
Probabilidade herdar alelo elite: 0.6001
Número de populações independentes: 1
Número de threads: 1
Número máximo de gerações: 364

Largura da faixa = 113
Melhor altura = 401

Lower Bound 1 = 339
Lower Bound 2 = 197
Avaliação = 1.18289

Tempo de execução: 49.3102s

---------------------------

Tamanho da população: 392
Fração elite: 0.2567
Fração mutante: 0.0202
Probabilidade herdar alelo elite: 0.6001
Número de populações independentes: 1
Número de threads: 1
Número máximo de gerações: 364

Largura da faixa = 113
Melhor altura = 407

Lower Bound 1 = 339
Lower Bound 2 = 197
Avaliação = 1.20059

Tempo de execução: 49.4498s

---------------------------

Tamanho da população: 392
Fração elite: 0.2567
Fração mutante: 0.0202
Probabilidade herdar alelo elite: 0.6001
Número de populações independentes: 1
Número de threads: 1
Número máximo de gerações: 364

Largura da faixa = 113
Melhor altura = 414

Lower Bound 1 = 339
Lower Bound 2 = 197
Avaliação = 1.22124

Tempo de execução: 49.579s

---------------------------

Tamanho da população: 392
Fração elite: 0.2567
Fração mutante: 0.0202
Probabilidade herdar alelo elite: 0.6001
Número de populações independentes: 1
Número de threads: 1
Número máximo de gerações: 364

Largura da faixa = 113
Melhor altura = 409

Lower Bound 1 = 339
Lower Bound 2 = 197
Avaliação = 1.20649

Tempo de execução: 50.0718s

---------------------------

Tamanho da população: 392
Fração elite: 0.2567
Fração mutante: 0.0202
Probabilidade herdar alelo elite: 0.6001
Número de populações independentes: 1
Número de threads: 1
Número máximo de gerações: 364

Largura da faixa = 113
Melhor altura = 404

Lower Bound 1 = 339
Lower Bound 2 = 197
Avaliação = 1.19174

Tempo de execução: 50.6328s

---------------------------

Tamanho da população: 392
Fração elite: 0.2567
Fração mutante: 0.0202
Probabilidade herdar alelo elite: 0.6001
Número de populações independentes: 1
Número de threads: 1
Número máximo de gerações: 364

Largura da faixa = 113
Melhor altura = 407

Lower Bound 1 = 339
Lower Bound 2 = 197
Avaliação = 1.20059

Tempo de execução: 49.4679s

---------------------------

Tamanho da população: 392
Fração elite: 0.2567
Fração mutante: 0.0202
Probabilidade herdar alelo elite: 0.6001
Número de populações independentes: 1
Número de threads: 1
Número máximo de gerações: 364

Largura da faixa = 113
Melhor altura = 409

Lower Bound 1 = 339
Lower Bound 2 = 197
Avaliação = 1.20649

Tempo de execução: 49.6202s

---------------------------

Tamanho da população: 392
Fração elite: 0.2567
Fração mutante: 0.0202
Probabilidade herdar alelo elite: 0.6001
Número de populações independentes: 1
Número de threads: 1
Número máximo de gerações: 364

Largura da faixa = 113
Melhor altura = 410

Lower Bound 1 = 339
Lower Bound 2 = 197
Avaliação = 1.20944

Tempo de execução: 49.6804s

---------------------------

Tamanho da população: 392
Fração elite: 0.2567
Fração mutante: 0.0202
Probabilidade herdar alelo elite: 0.6001
Número de populações independentes: 1
Número de threads: 1
Número máximo de gerações: 364

Largura da faixa = 113
Melhor altura = 401

Lower Bound 1 = 339
Lower Bound 2 = 197
Avaliação = 1.18289

Tempo de execução: 48.8615s

---------------------------

Tamanho da população: 392
Fração elite: 0.2567
Fração mutante: 0.0202
Probabilidade herdar alelo elite: 0.6001
Número de populações independentes: 1
Número de threads: 1
Número máximo de gerações: 364

Largura da faixa = 113
Melhor altura = 424

Lower Bound 1 = 339
Lower Bound 2 = 197
Avaliação = 1.25074

Tempo de execução: 49.3608s

---------------------------

Tamanho da população: 392
Fração elite: 0.2567
Fração mutante: 0.0202
Probabilidade herdar alelo elite: 0.6001
Número de populações independentes: 1
Número de threads: 1
Número máximo de gerações: 364

Largura da faixa = 113
Melhor altura = 406

Lower Bound 1 = 339
Lower Bound 2 = 197
Avaliação = 1.19764

Tempo de execução: 49.4174s

---------------------------

Tamanho da população: 392
Fração elite: 0.2567
Fração mutante: 0.0202
Probabilidade herdar alelo elite: 0.6001
Número de populações independentes: 1
Número de threads: 1
Número máximo de gerações: 364

Largura da faixa = 113
Melhor altura = 407

Lower Bound 1 = 339
Lower Bound 2 = 197
Avaliação = 1.20059

Tempo de execução: 49.5591s

---------------------------

Tamanho da população: 392
Fração elite: 0.2567
Fração mutante: 0.0202
Probabilidade herdar alelo elite: 0.6001
Número de populações independentes: 1
Número de threads: 1
Número máximo de gerações: 364

Largura da faixa = 113
Melhor altura = 410

Lower Bound 1 = 339
Lower Bound 2 = 197
Avaliação = 1.20944

Tempo de execução: 49.6698s

---------------------------

Tamanho da população: 392
Fração elite: 0.2567
Fração mutante: 0.0202
Probabilidade herdar alelo elite: 0.6001
Número de populações independentes: 1
Número de threads: 1
Número máximo de gerações: 364

Largura da faixa = 113
Melhor altura = 402

Lower Bound 1 = 339
Lower Bound 2 = 197
Avaliação = 1.18584

Tempo de execução: 49.9448s

---------------------------

Tamanho da população: 392
Fração elite: 0.2567
Fração mutante: 0.0202
Probabilidade herdar alelo elite: 0.6001
Número de populações independentes: 1
Número de threads: 1
Número máximo de gerações: 364

Largura da faixa = 113
Melhor altura = 393

Lower Bound 1 = 339
Lower Bound 2 = 197
Avaliação = 1.15929

Tempo de execução: 49.1977s

---------------------------

Tamanho da população: 392
Fração elite: 0.2567
Fração mutante: 0.0202
Probabilidade herdar alelo elite: 0.6001
Número de populações independentes: 1
Número de threads: 1
Número máximo de gerações: 364

Largura da faixa = 113
Melhor altura = 418

Lower Bound 1 = 339
Lower Bound 2 = 197
Avaliação = 1.23304

Tempo de execução: 49.5146s

---------------------------

Tamanho da população: 392
Fração elite: 0.2567
Fração mutante: 0.0202
Probabilidade herdar alelo elite: 0.6001
Número de populações independentes: 1
Número de threads: 1
Número máximo de gerações: 364

Largura da faixa = 113
Melhor altura = 412

Lower Bound 1 = 339
Lower Bound 2 = 197
Avaliação = 1.21534

Tempo de execução: 49.6374s

---------------------------

Tamanho da população: 392
Fração elite: 0.2567
Fração mutante: 0.0202
Probabilidade herdar alelo elite: 0.6001
Número de populações independentes: 1
Número de threads: 1
Número máximo de gerações: 364

Largura da faixa = 113
Melhor altura = 411

Lower Bound 1 = 339
Lower Bound 2 = 197
Avaliação = 1.21239

Tempo de execução: 48.3925s

---------------------------

Tamanho da população: 392
Fração elite: 0.2567
Fração mutante: 0.0202
Probabilidade herdar alelo elite: 0.6001
Número de populações independentes: 1
Número de threads: 1
Número máximo de gerações: 364

Largura da faixa = 113
Melhor altura = 408

Lower Bound 1 = 339
Lower Bound 2 = 197
Avaliação = 1.20354

Tempo de execução: 48.3981s

---------------------------

