Tamanho da população: 475
Fração elite: 0.2121
Fração mutante: 0.0442
Probabilidade herdar alelo elite: 0.6514
Número de populações independentes: 3
Troca de informação de 4 individuos a cada 241 gerações
Número de threads: 1

Largura da faixa = 746
Melhor altura = 23005

Lower Bound 1 = 16785
Lower Bound 2 = 22535
Avaliação = 1.02086

Tempo de execução: 60.0021s

---------------------------

Tamanho da população: 475
Fração elite: 0.2121
Fração mutante: 0.0442
Probabilidade herdar alelo elite: 0.6514
Número de populações independentes: 3
Troca de informação de 4 individuos a cada 241 gerações
Número de threads: 1

Largura da faixa = 746
Melhor altura = 23005

Lower Bound 1 = 16785
Lower Bound 2 = 22535
Avaliação = 1.02086

Tempo de execução: 60.0046s

---------------------------

Tamanho da população: 475
Fração elite: 0.2121
Fração mutante: 0.0442
Probabilidade herdar alelo elite: 0.6514
Número de populações independentes: 3
Troca de informação de 4 individuos a cada 241 gerações
Número de threads: 1

Largura da faixa = 746
Melhor altura = 23005

Lower Bound 1 = 16785
Lower Bound 2 = 22535
Avaliação = 1.02086

Tempo de execução: 60.0524s

---------------------------

Tamanho da população: 475
Fração elite: 0.2121
Fração mutante: 0.0442
Probabilidade herdar alelo elite: 0.6514
Número de populações independentes: 3
Troca de informação de 4 individuos a cada 241 gerações
Número de threads: 1

Largura da faixa = 746
Melhor altura = 23005

Lower Bound 1 = 16785
Lower Bound 2 = 22535
Avaliação = 1.02086

Tempo de execução: 60.0225s

---------------------------

Tamanho da população: 475
Fração elite: 0.2121
Fração mutante: 0.0442
Probabilidade herdar alelo elite: 0.6514
Número de populações independentes: 3
Troca de informação de 4 individuos a cada 241 gerações
Número de threads: 1

Largura da faixa = 746
Melhor altura = 23005

Lower Bound 1 = 16785
Lower Bound 2 = 22535
Avaliação = 1.02086

Tempo de execução: 60.0226s

---------------------------

Tamanho da população: 475
Fração elite: 0.2121
Fração mutante: 0.0442
Probabilidade herdar alelo elite: 0.6514
Número de populações independentes: 3
Troca de informação de 4 individuos a cada 241 gerações
Número de threads: 1

Largura da faixa = 746
Melhor altura = 23005

Lower Bound 1 = 16785
Lower Bound 2 = 22535
Avaliação = 1.02086

Tempo de execução: 60.0377s

---------------------------

Tamanho da população: 475
Fração elite: 0.2121
Fração mutante: 0.0442
Probabilidade herdar alelo elite: 0.6514
Número de populações independentes: 3
Troca de informação de 4 individuos a cada 241 gerações
Número de threads: 1

Largura da faixa = 746
Melhor altura = 23005

Lower Bound 1 = 16785
Lower Bound 2 = 22535
Avaliação = 1.02086

Tempo de execução: 60.0141s

---------------------------

Tamanho da população: 475
Fração elite: 0.2121
Fração mutante: 0.0442
Probabilidade herdar alelo elite: 0.6514
Número de populações independentes: 3
Troca de informação de 4 individuos a cada 241 gerações
Número de threads: 1

Largura da faixa = 746
Melhor altura = 23005

Lower Bound 1 = 16785
Lower Bound 2 = 22535
Avaliação = 1.02086

Tempo de execução: 60.019s

---------------------------

Tamanho da população: 475
Fração elite: 0.2121
Fração mutante: 0.0442
Probabilidade herdar alelo elite: 0.6514
Número de populações independentes: 3
Troca de informação de 4 individuos a cada 241 gerações
Número de threads: 1

Largura da faixa = 746
Melhor altura = 23005

Lower Bound 1 = 16785
Lower Bound 2 = 22535
Avaliação = 1.02086

Tempo de execução: 60.044s

---------------------------

Tamanho da população: 475
Fração elite: 0.2121
Fração mutante: 0.0442
Probabilidade herdar alelo elite: 0.6514
Número de populações independentes: 3
Troca de informação de 4 individuos a cada 241 gerações
Número de threads: 1

Largura da faixa = 746
Melhor altura = 23005

Lower Bound 1 = 16785
Lower Bound 2 = 22535
Avaliação = 1.02086

Tempo de execução: 60.011s

---------------------------

Tamanho da população: 475
Fração elite: 0.2121
Fração mutante: 0.0442
Probabilidade herdar alelo elite: 0.6514
Número de populações independentes: 3
Troca de informação de 4 individuos a cada 241 gerações
Número de threads: 1

Largura da faixa = 746
Melhor altura = 23005

Lower Bound 1 = 16785
Lower Bound 2 = 22535
Avaliação = 1.02086

Tempo de execução: 60.0438s

---------------------------

Tamanho da população: 475
Fração elite: 0.2121
Fração mutante: 0.0442
Probabilidade herdar alelo elite: 0.6514
Número de populações independentes: 3
Troca de informação de 4 individuos a cada 241 gerações
Número de threads: 1

Largura da faixa = 746
Melhor altura = 23005

Lower Bound 1 = 16785
Lower Bound 2 = 22535
Avaliação = 1.02086

Tempo de execução: 60.0513s

---------------------------

Tamanho da população: 475
Fração elite: 0.2121
Fração mutante: 0.0442
Probabilidade herdar alelo elite: 0.6514
Número de populações independentes: 3
Troca de informação de 4 individuos a cada 241 gerações
Número de threads: 1

Largura da faixa = 746
Melhor altura = 23005

Lower Bound 1 = 16785
Lower Bound 2 = 22535
Avaliação = 1.02086

Tempo de execução: 60.0126s

---------------------------

Tamanho da população: 475
Fração elite: 0.2121
Fração mutante: 0.0442
Probabilidade herdar alelo elite: 0.6514
Número de populações independentes: 3
Troca de informação de 4 individuos a cada 241 gerações
Número de threads: 1

Largura da faixa = 746
Melhor altura = 23005

Lower Bound 1 = 16785
Lower Bound 2 = 22535
Avaliação = 1.02086

Tempo de execução: 60.0288s

---------------------------

Tamanho da população: 475
Fração elite: 0.2121
Fração mutante: 0.0442
Probabilidade herdar alelo elite: 0.6514
Número de populações independentes: 3
Troca de informação de 4 individuos a cada 241 gerações
Número de threads: 1

Largura da faixa = 746
Melhor altura = 23005

Lower Bound 1 = 16785
Lower Bound 2 = 22535
Avaliação = 1.02086

Tempo de execução: 60.0525s

---------------------------

Tamanho da população: 475
Fração elite: 0.2121
Fração mutante: 0.0442
Probabilidade herdar alelo elite: 0.6514
Número de populações independentes: 3
Troca de informação de 4 individuos a cada 241 gerações
Número de threads: 1

Largura da faixa = 746
Melhor altura = 23005

Lower Bound 1 = 16785
Lower Bound 2 = 22535
Avaliação = 1.02086

Tempo de execução: 60.0056s

---------------------------

Tamanho da população: 475
Fração elite: 0.2121
Fração mutante: 0.0442
Probabilidade herdar alelo elite: 0.6514
Número de populações independentes: 3
Troca de informação de 4 individuos a cada 241 gerações
Número de threads: 1

Largura da faixa = 746
Melhor altura = 23005

Lower Bound 1 = 16785
Lower Bound 2 = 22535
Avaliação = 1.02086

Tempo de execução: 60.0279s

---------------------------

Tamanho da população: 475
Fração elite: 0.2121
Fração mutante: 0.0442
Probabilidade herdar alelo elite: 0.6514
Número de populações independentes: 3
Troca de informação de 4 individuos a cada 241 gerações
Número de threads: 1

Largura da faixa = 746
Melhor altura = 23005

Lower Bound 1 = 16785
Lower Bound 2 = 22535
Avaliação = 1.02086

Tempo de execução: 60.0396s

---------------------------

Tamanho da população: 475
Fração elite: 0.2121
Fração mutante: 0.0442
Probabilidade herdar alelo elite: 0.6514
Número de populações independentes: 3
Troca de informação de 4 individuos a cada 241 gerações
Número de threads: 1

Largura da faixa = 746
Melhor altura = 23005

Lower Bound 1 = 16785
Lower Bound 2 = 22535
Avaliação = 1.02086

Tempo de execução: 60.0128s

---------------------------

Tamanho da população: 475
Fração elite: 0.2121
Fração mutante: 0.0442
Probabilidade herdar alelo elite: 0.6514
Número de populações independentes: 3
Troca de informação de 4 individuos a cada 241 gerações
Número de threads: 1

Largura da faixa = 746
Melhor altura = 23005

Lower Bound 1 = 16785
Lower Bound 2 = 22535
Avaliação = 1.02086

Tempo de execução: 60.0488s
