Tamanho da população: 297
Fração elite: 0.55
Fração mutante: 0.0174
Probabilidade herdar alelo elite: 0.7678
Número de populações independentes: 1
Número de threads: 1
Trocar os melhores indivíduos a cada 30 gerações
Número máximo de gerações: 279

Largura da faixa = 742
Melhor altura = 9983

Lower Bound 1 = 7217
Lower Bound 2 = 9983
Avaliação = 1

Tempo de execução: 1.27578s

---------------------------

Tamanho da população: 297
Fração elite: 0.55
Fração mutante: 0.0174
Probabilidade herdar alelo elite: 0.7678
Número de populações independentes: 1
Número de threads: 1
Trocar os melhores indivíduos a cada 30 gerações
Número máximo de gerações: 279

Largura da faixa = 742
Melhor altura = 9983

Lower Bound 1 = 7217
Lower Bound 2 = 9983
Avaliação = 1

Tempo de execução: 1.44389s

---------------------------

Tamanho da população: 297
Fração elite: 0.55
Fração mutante: 0.0174
Probabilidade herdar alelo elite: 0.7678
Número de populações independentes: 1
Número de threads: 1
Trocar os melhores indivíduos a cada 30 gerações
Número máximo de gerações: 279

Largura da faixa = 742
Melhor altura = 9983

Lower Bound 1 = 7217
Lower Bound 2 = 9983
Avaliação = 1

Tempo de execução: 1.8404s

---------------------------

Tamanho da população: 297
Fração elite: 0.55
Fração mutante: 0.0174
Probabilidade herdar alelo elite: 0.7678
Número de populações independentes: 1
Número de threads: 1
Trocar os melhores indivíduos a cada 30 gerações
Número máximo de gerações: 279

Largura da faixa = 742
Melhor altura = 9983

Lower Bound 1 = 7217
Lower Bound 2 = 9983
Avaliação = 1

Tempo de execução: 1.25191s

---------------------------

Tamanho da população: 297
Fração elite: 0.55
Fração mutante: 0.0174
Probabilidade herdar alelo elite: 0.7678
Número de populações independentes: 1
Número de threads: 1
Trocar os melhores indivíduos a cada 30 gerações
Número máximo de gerações: 279

Largura da faixa = 742
Melhor altura = 9983

Lower Bound 1 = 7217
Lower Bound 2 = 9983
Avaliação = 1

Tempo de execução: 1.85102s

---------------------------

Tamanho da população: 297
Fração elite: 0.55
Fração mutante: 0.0174
Probabilidade herdar alelo elite: 0.7678
Número de populações independentes: 1
Número de threads: 1
Trocar os melhores indivíduos a cada 30 gerações
Número máximo de gerações: 279

Largura da faixa = 742
Melhor altura = 9983

Lower Bound 1 = 7217
Lower Bound 2 = 9983
Avaliação = 1

Tempo de execução: 2.15163s

---------------------------

Tamanho da população: 297
Fração elite: 0.55
Fração mutante: 0.0174
Probabilidade herdar alelo elite: 0.7678
Número de populações independentes: 1
Número de threads: 1
Trocar os melhores indivíduos a cada 30 gerações
Número máximo de gerações: 279

Largura da faixa = 742
Melhor altura = 9983

Lower Bound 1 = 7217
Lower Bound 2 = 9983
Avaliação = 1

Tempo de execução: 1.53899s

---------------------------

Tamanho da população: 297
Fração elite: 0.55
Fração mutante: 0.0174
Probabilidade herdar alelo elite: 0.7678
Número de populações independentes: 1
Número de threads: 1
Trocar os melhores indivíduos a cada 30 gerações
Número máximo de gerações: 279

Largura da faixa = 742
Melhor altura = 9983

Lower Bound 1 = 7217
Lower Bound 2 = 9983
Avaliação = 1

Tempo de execução: 1.57944s

---------------------------

Tamanho da população: 297
Fração elite: 0.55
Fração mutante: 0.0174
Probabilidade herdar alelo elite: 0.7678
Número de populações independentes: 1
Número de threads: 1
Trocar os melhores indivíduos a cada 30 gerações
Número máximo de gerações: 279

Largura da faixa = 742
Melhor altura = 9983

Lower Bound 1 = 7217
Lower Bound 2 = 9983
Avaliação = 1

Tempo de execução: 1.65433s

---------------------------

Tamanho da população: 297
Fração elite: 0.55
Fração mutante: 0.0174
Probabilidade herdar alelo elite: 0.7678
Número de populações independentes: 1
Número de threads: 1
Trocar os melhores indivíduos a cada 30 gerações
Número máximo de gerações: 279

Largura da faixa = 742
Melhor altura = 9983

Lower Bound 1 = 7217
Lower Bound 2 = 9983
Avaliação = 1

Tempo de execução: 2.34782s

---------------------------

Tamanho da população: 297
Fração elite: 0.55
Fração mutante: 0.0174
Probabilidade herdar alelo elite: 0.7678
Número de populações independentes: 1
Número de threads: 1
Trocar os melhores indivíduos a cada 30 gerações
Número máximo de gerações: 279

Largura da faixa = 742
Melhor altura = 9983

Lower Bound 1 = 7217
Lower Bound 2 = 9983
Avaliação = 1

Tempo de execução: 2.38684s

---------------------------

Tamanho da população: 297
Fração elite: 0.55
Fração mutante: 0.0174
Probabilidade herdar alelo elite: 0.7678
Número de populações independentes: 1
Número de threads: 1
Trocar os melhores indivíduos a cada 30 gerações
Número máximo de gerações: 279

Largura da faixa = 742
Melhor altura = 9983

Lower Bound 1 = 7217
Lower Bound 2 = 9983
Avaliação = 1

Tempo de execução: 2.4389s

---------------------------

Tamanho da população: 297
Fração elite: 0.55
Fração mutante: 0.0174
Probabilidade herdar alelo elite: 0.7678
Número de populações independentes: 1
Número de threads: 1
Trocar os melhores indivíduos a cada 30 gerações
Número máximo de gerações: 279

Largura da faixa = 742
Melhor altura = 9983

Lower Bound 1 = 7217
Lower Bound 2 = 9983
Avaliação = 1

Tempo de execução: 2.36882s

---------------------------

Tamanho da população: 297
Fração elite: 0.55
Fração mutante: 0.0174
Probabilidade herdar alelo elite: 0.7678
Número de populações independentes: 1
Número de threads: 1
Trocar os melhores indivíduos a cada 30 gerações
Número máximo de gerações: 279

Largura da faixa = 742
Melhor altura = 9983

Lower Bound 1 = 7217
Lower Bound 2 = 9983
Avaliação = 1

Tempo de execução: 2.40522s

---------------------------

Tamanho da população: 297
Fração elite: 0.55
Fração mutante: 0.0174
Probabilidade herdar alelo elite: 0.7678
Número de populações independentes: 1
Número de threads: 1
Trocar os melhores indivíduos a cada 30 gerações
Número máximo de gerações: 279

Largura da faixa = 742
Melhor altura = 9983

Lower Bound 1 = 7217
Lower Bound 2 = 9983
Avaliação = 1

Tempo de execução: 2.43175s

---------------------------

Tamanho da população: 297
Fração elite: 0.55
Fração mutante: 0.0174
Probabilidade herdar alelo elite: 0.7678
Número de populações independentes: 1
Número de threads: 1
Trocar os melhores indivíduos a cada 30 gerações
Número máximo de gerações: 279

Largura da faixa = 742
Melhor altura = 9983

Lower Bound 1 = 7217
Lower Bound 2 = 9983
Avaliação = 1

Tempo de execução: 2.29666s

---------------------------

Tamanho da população: 297
Fração elite: 0.55
Fração mutante: 0.0174
Probabilidade herdar alelo elite: 0.7678
Número de populações independentes: 1
Número de threads: 1
Trocar os melhores indivíduos a cada 30 gerações
Número máximo de gerações: 279

Largura da faixa = 742
Melhor altura = 9983

Lower Bound 1 = 7217
Lower Bound 2 = 9983
Avaliação = 1

Tempo de execução: 2.39524s

---------------------------

Tamanho da população: 297
Fração elite: 0.55
Fração mutante: 0.0174
Probabilidade herdar alelo elite: 0.7678
Número de populações independentes: 1
Número de threads: 1
Trocar os melhores indivíduos a cada 30 gerações
Número máximo de gerações: 279

Largura da faixa = 742
Melhor altura = 9983

Lower Bound 1 = 7217
Lower Bound 2 = 9983
Avaliação = 1

Tempo de execução: 2.40159s

---------------------------

Tamanho da população: 297
Fração elite: 0.55
Fração mutante: 0.0174
Probabilidade herdar alelo elite: 0.7678
Número de populações independentes: 1
Número de threads: 1
Trocar os melhores indivíduos a cada 30 gerações
Número máximo de gerações: 279

Largura da faixa = 742
Melhor altura = 9983

Lower Bound 1 = 7217
Lower Bound 2 = 9983
Avaliação = 1

Tempo de execução: 1.63145s

---------------------------

Tamanho da população: 297
Fração elite: 0.55
Fração mutante: 0.0174
Probabilidade herdar alelo elite: 0.7678
Número de populações independentes: 1
Número de threads: 1
Trocar os melhores indivíduos a cada 30 gerações
Número máximo de gerações: 279

Largura da faixa = 742
Melhor altura = 9983

Lower Bound 1 = 7217
Lower Bound 2 = 9983
Avaliação = 1

Tempo de execução: 2.37938s

---------------------------

Tamanho da população: 392
Fração elite: 0.2567
Fração mutante: 0.0202
Probabilidade herdar alelo elite: 0.6001
Número de populações independentes: 1
Número de threads: 1
Número máximo de gerações: 364

Largura da faixa = 742
Melhor altura = 9983

Lower Bound 1 = 7217
Lower Bound 2 = 9983
Avaliação = 1

Tempo de execução: 2.46934s

---------------------------

Tamanho da população: 392
Fração elite: 0.2567
Fração mutante: 0.0202
Probabilidade herdar alelo elite: 0.6001
Número de populações independentes: 1
Número de threads: 1
Número máximo de gerações: 364

Largura da faixa = 742
Melhor altura = 9983

Lower Bound 1 = 7217
Lower Bound 2 = 9983
Avaliação = 1

Tempo de execução: 2.51893s

---------------------------

Tamanho da população: 392
Fração elite: 0.2567
Fração mutante: 0.0202
Probabilidade herdar alelo elite: 0.6001
Número de populações independentes: 1
Número de threads: 1
Número máximo de gerações: 364

Largura da faixa = 742
Melhor altura = 9983

Lower Bound 1 = 7217
Lower Bound 2 = 9983
Avaliação = 1

Tempo de execução: 2.51993s

---------------------------

Tamanho da população: 392
Fração elite: 0.2567
Fração mutante: 0.0202
Probabilidade herdar alelo elite: 0.6001
Número de populações independentes: 1
Número de threads: 1
Número máximo de gerações: 364

Largura da faixa = 742
Melhor altura = 9983

Lower Bound 1 = 7217
Lower Bound 2 = 9983
Avaliação = 1

Tempo de execução: 2.49581s

---------------------------

Tamanho da população: 392
Fração elite: 0.2567
Fração mutante: 0.0202
Probabilidade herdar alelo elite: 0.6001
Número de populações independentes: 1
Número de threads: 1
Número máximo de gerações: 364

Largura da faixa = 742
Melhor altura = 9983

Lower Bound 1 = 7217
Lower Bound 2 = 9983
Avaliação = 1

Tempo de execução: 2.51627s

---------------------------

Tamanho da população: 392
Fração elite: 0.2567
Fração mutante: 0.0202
Probabilidade herdar alelo elite: 0.6001
Número de populações independentes: 1
Número de threads: 1
Número máximo de gerações: 364

Largura da faixa = 742
Melhor altura = 9983

Lower Bound 1 = 7217
Lower Bound 2 = 9983
Avaliação = 1

Tempo de execução: 2.54224s

---------------------------

Tamanho da população: 392
Fração elite: 0.2567
Fração mutante: 0.0202
Probabilidade herdar alelo elite: 0.6001
Número de populações independentes: 1
Número de threads: 1
Número máximo de gerações: 364

Largura da faixa = 742
Melhor altura = 9983

Lower Bound 1 = 7217
Lower Bound 2 = 9983
Avaliação = 1

Tempo de execução: 2.51172s

---------------------------

Tamanho da população: 392
Fração elite: 0.2567
Fração mutante: 0.0202
Probabilidade herdar alelo elite: 0.6001
Número de populações independentes: 1
Número de threads: 1
Número máximo de gerações: 364

Largura da faixa = 742
Melhor altura = 9983

Lower Bound 1 = 7217
Lower Bound 2 = 9983
Avaliação = 1

Tempo de execução: 2.51758s

---------------------------

Tamanho da população: 392
Fração elite: 0.2567
Fração mutante: 0.0202
Probabilidade herdar alelo elite: 0.6001
Número de populações independentes: 1
Número de threads: 1
Número máximo de gerações: 364

Largura da faixa = 742
Melhor altura = 9983

Lower Bound 1 = 7217
Lower Bound 2 = 9983
Avaliação = 1

Tempo de execução: 2.5324s

---------------------------

Tamanho da população: 392
Fração elite: 0.2567
Fração mutante: 0.0202
Probabilidade herdar alelo elite: 0.6001
Número de populações independentes: 1
Número de threads: 1
Número máximo de gerações: 364

Largura da faixa = 742
Melhor altura = 9983

Lower Bound 1 = 7217
Lower Bound 2 = 9983
Avaliação = 1

Tempo de execução: 2.47681s

---------------------------

Tamanho da população: 392
Fração elite: 0.2567
Fração mutante: 0.0202
Probabilidade herdar alelo elite: 0.6001
Número de populações independentes: 1
Número de threads: 1
Número máximo de gerações: 364

Largura da faixa = 742
Melhor altura = 9983

Lower Bound 1 = 7217
Lower Bound 2 = 9983
Avaliação = 1

Tempo de execução: 2.47703s

---------------------------

Tamanho da população: 392
Fração elite: 0.2567
Fração mutante: 0.0202
Probabilidade herdar alelo elite: 0.6001
Número de populações independentes: 1
Número de threads: 1
Número máximo de gerações: 364

Largura da faixa = 742
Melhor altura = 9983

Lower Bound 1 = 7217
Lower Bound 2 = 9983
Avaliação = 1

Tempo de execução: 2.52675s

---------------------------

Tamanho da população: 392
Fração elite: 0.2567
Fração mutante: 0.0202
Probabilidade herdar alelo elite: 0.6001
Número de populações independentes: 1
Número de threads: 1
Número máximo de gerações: 364

Largura da faixa = 742
Melhor altura = 9983

Lower Bound 1 = 7217
Lower Bound 2 = 9983
Avaliação = 1

Tempo de execução: 2.49959s

---------------------------

Tamanho da população: 392
Fração elite: 0.2567
Fração mutante: 0.0202
Probabilidade herdar alelo elite: 0.6001
Número de populações independentes: 1
Número de threads: 1
Número máximo de gerações: 364

Largura da faixa = 742
Melhor altura = 9983

Lower Bound 1 = 7217
Lower Bound 2 = 9983
Avaliação = 1

Tempo de execução: 2.50305s

---------------------------

Tamanho da população: 392
Fração elite: 0.2567
Fração mutante: 0.0202
Probabilidade herdar alelo elite: 0.6001
Número de populações independentes: 1
Número de threads: 1
Número máximo de gerações: 364

Largura da faixa = 742
Melhor altura = 9983

Lower Bound 1 = 7217
Lower Bound 2 = 9983
Avaliação = 1

Tempo de execução: 2.51964s

---------------------------

Tamanho da população: 392
Fração elite: 0.2567
Fração mutante: 0.0202
Probabilidade herdar alelo elite: 0.6001
Número de populações independentes: 1
Número de threads: 1
Número máximo de gerações: 364

Largura da faixa = 742
Melhor altura = 9983

Lower Bound 1 = 7217
Lower Bound 2 = 9983
Avaliação = 1

Tempo de execução: 2.48853s

---------------------------

Tamanho da população: 392
Fração elite: 0.2567
Fração mutante: 0.0202
Probabilidade herdar alelo elite: 0.6001
Número de populações independentes: 1
Número de threads: 1
Número máximo de gerações: 364

Largura da faixa = 742
Melhor altura = 9983

Lower Bound 1 = 7217
Lower Bound 2 = 9983
Avaliação = 1

Tempo de execução: 2.49682s

---------------------------

Tamanho da população: 392
Fração elite: 0.2567
Fração mutante: 0.0202
Probabilidade herdar alelo elite: 0.6001
Número de populações independentes: 1
Número de threads: 1
Número máximo de gerações: 364

Largura da faixa = 742
Melhor altura = 9983

Lower Bound 1 = 7217
Lower Bound 2 = 9983
Avaliação = 1

Tempo de execução: 2.51557s

---------------------------

Tamanho da população: 392
Fração elite: 0.2567
Fração mutante: 0.0202
Probabilidade herdar alelo elite: 0.6001
Número de populações independentes: 1
Número de threads: 1
Número máximo de gerações: 364

Largura da faixa = 742
Melhor altura = 9983

Lower Bound 1 = 7217
Lower Bound 2 = 9983
Avaliação = 1

Tempo de execução: 2.44033s

---------------------------

Tamanho da população: 392
Fração elite: 0.2567
Fração mutante: 0.0202
Probabilidade herdar alelo elite: 0.6001
Número de populações independentes: 1
Número de threads: 1
Número máximo de gerações: 364

Largura da faixa = 742
Melhor altura = 9983

Lower Bound 1 = 7217
Lower Bound 2 = 9983
Avaliação = 1

Tempo de execução: 2.46402s

---------------------------

