Tamanho da população: 475
Fração elite: 0.2121
Fração mutante: 0.0442
Probabilidade herdar alelo elite: 0.6514
Número de populações independentes: 3
Troca de informação de 4 individuos a cada 241 gerações
Número de threads: 1

Largura da faixa = 745
Melhor altura = 12854

Lower Bound 1 = 8773
Lower Bound 2 = 12854
Avaliação = 1

Tempo de execução: 60.0029s

---------------------------

Tamanho da população: 475
Fração elite: 0.2121
Fração mutante: 0.0442
Probabilidade herdar alelo elite: 0.6514
Número de populações independentes: 3
Troca de informação de 4 individuos a cada 241 gerações
Número de threads: 1

Largura da faixa = 745
Melhor altura = 12854

Lower Bound 1 = 8773
Lower Bound 2 = 12854
Avaliação = 1

Tempo de execução: 60.015s

---------------------------

Tamanho da população: 475
Fração elite: 0.2121
Fração mutante: 0.0442
Probabilidade herdar alelo elite: 0.6514
Número de populações independentes: 3
Troca de informação de 4 individuos a cada 241 gerações
Número de threads: 1

Largura da faixa = 745
Melhor altura = 12854

Lower Bound 1 = 8773
Lower Bound 2 = 12854
Avaliação = 1

Tempo de execução: 60.0217s

---------------------------

Tamanho da população: 475
Fração elite: 0.2121
Fração mutante: 0.0442
Probabilidade herdar alelo elite: 0.6514
Número de populações independentes: 3
Troca de informação de 4 individuos a cada 241 gerações
Número de threads: 1

Largura da faixa = 745
Melhor altura = 12854

Lower Bound 1 = 8773
Lower Bound 2 = 12854
Avaliação = 1

Tempo de execução: 60.016s

---------------------------

Tamanho da população: 475
Fração elite: 0.2121
Fração mutante: 0.0442
Probabilidade herdar alelo elite: 0.6514
Número de populações independentes: 3
Troca de informação de 4 individuos a cada 241 gerações
Número de threads: 1

Largura da faixa = 745
Melhor altura = 12854

Lower Bound 1 = 8773
Lower Bound 2 = 12854
Avaliação = 1

Tempo de execução: 60.017s

---------------------------

Tamanho da população: 475
Fração elite: 0.2121
Fração mutante: 0.0442
Probabilidade herdar alelo elite: 0.6514
Número de populações independentes: 3
Troca de informação de 4 individuos a cada 241 gerações
Número de threads: 1

Largura da faixa = 745
Melhor altura = 12854

Lower Bound 1 = 8773
Lower Bound 2 = 12854
Avaliação = 1

Tempo de execução: 60.0241s

---------------------------

Tamanho da população: 475
Fração elite: 0.2121
Fração mutante: 0.0442
Probabilidade herdar alelo elite: 0.6514
Número de populações independentes: 3
Troca de informação de 4 individuos a cada 241 gerações
Número de threads: 1

Largura da faixa = 745
Melhor altura = 12854

Lower Bound 1 = 8773
Lower Bound 2 = 12854
Avaliação = 1

Tempo de execução: 60.0073s

---------------------------

Tamanho da população: 475
Fração elite: 0.2121
Fração mutante: 0.0442
Probabilidade herdar alelo elite: 0.6514
Número de populações independentes: 3
Troca de informação de 4 individuos a cada 241 gerações
Número de threads: 1

Largura da faixa = 745
Melhor altura = 12854

Lower Bound 1 = 8773
Lower Bound 2 = 12854
Avaliação = 1

Tempo de execução: 60.0169s

---------------------------

Tamanho da população: 475
Fração elite: 0.2121
Fração mutante: 0.0442
Probabilidade herdar alelo elite: 0.6514
Número de populações independentes: 3
Troca de informação de 4 individuos a cada 241 gerações
Número de threads: 1

Largura da faixa = 745
Melhor altura = 12854

Lower Bound 1 = 8773
Lower Bound 2 = 12854
Avaliação = 1

Tempo de execução: 60.0237s

---------------------------

Tamanho da população: 475
Fração elite: 0.2121
Fração mutante: 0.0442
Probabilidade herdar alelo elite: 0.6514
Número de populações independentes: 3
Troca de informação de 4 individuos a cada 241 gerações
Número de threads: 1

Largura da faixa = 745
Melhor altura = 12854

Lower Bound 1 = 8773
Lower Bound 2 = 12854
Avaliação = 1

Tempo de execução: 60.0076s

---------------------------

Tamanho da população: 475
Fração elite: 0.2121
Fração mutante: 0.0442
Probabilidade herdar alelo elite: 0.6514
Número de populações independentes: 3
Troca de informação de 4 individuos a cada 241 gerações
Número de threads: 1

Largura da faixa = 745
Melhor altura = 12854

Lower Bound 1 = 8773
Lower Bound 2 = 12854
Avaliação = 1

Tempo de execução: 60.008s

---------------------------

Tamanho da população: 475
Fração elite: 0.2121
Fração mutante: 0.0442
Probabilidade herdar alelo elite: 0.6514
Número de populações independentes: 3
Troca de informação de 4 individuos a cada 241 gerações
Número de threads: 1

Largura da faixa = 745
Melhor altura = 12854

Lower Bound 1 = 8773
Lower Bound 2 = 12854
Avaliação = 1

Tempo de execução: 60.0173s

---------------------------

Tamanho da população: 475
Fração elite: 0.2121
Fração mutante: 0.0442
Probabilidade herdar alelo elite: 0.6514
Número de populações independentes: 3
Troca de informação de 4 individuos a cada 241 gerações
Número de threads: 1

Largura da faixa = 745
Melhor altura = 12854

Lower Bound 1 = 8773
Lower Bound 2 = 12854
Avaliação = 1

Tempo de execução: 60.014s

---------------------------

Tamanho da população: 475
Fração elite: 0.2121
Fração mutante: 0.0442
Probabilidade herdar alelo elite: 0.6514
Número de populações independentes: 3
Troca de informação de 4 individuos a cada 241 gerações
Número de threads: 1

Largura da faixa = 745
Melhor altura = 12854

Lower Bound 1 = 8773
Lower Bound 2 = 12854
Avaliação = 1

Tempo de execução: 60.0166s

---------------------------

Tamanho da população: 475
Fração elite: 0.2121
Fração mutante: 0.0442
Probabilidade herdar alelo elite: 0.6514
Número de populações independentes: 3
Troca de informação de 4 individuos a cada 241 gerações
Número de threads: 1

Largura da faixa = 745
Melhor altura = 12854

Lower Bound 1 = 8773
Lower Bound 2 = 12854
Avaliação = 1

Tempo de execução: 60.0197s

---------------------------

Tamanho da população: 475
Fração elite: 0.2121
Fração mutante: 0.0442
Probabilidade herdar alelo elite: 0.6514
Número de populações independentes: 3
Troca de informação de 4 individuos a cada 241 gerações
Número de threads: 1

Largura da faixa = 745
Melhor altura = 12854

Lower Bound 1 = 8773
Lower Bound 2 = 12854
Avaliação = 1

Tempo de execução: 60.003s

---------------------------

Tamanho da população: 475
Fração elite: 0.2121
Fração mutante: 0.0442
Probabilidade herdar alelo elite: 0.6514
Número de populações independentes: 3
Troca de informação de 4 individuos a cada 241 gerações
Número de threads: 1

Largura da faixa = 745
Melhor altura = 12854

Lower Bound 1 = 8773
Lower Bound 2 = 12854
Avaliação = 1

Tempo de execução: 60.0122s

---------------------------

Tamanho da população: 475
Fração elite: 0.2121
Fração mutante: 0.0442
Probabilidade herdar alelo elite: 0.6514
Número de populações independentes: 3
Troca de informação de 4 individuos a cada 241 gerações
Número de threads: 1

Largura da faixa = 745
Melhor altura = 12854

Lower Bound 1 = 8773
Lower Bound 2 = 12854
Avaliação = 1

Tempo de execução: 60.0158s

---------------------------

Tamanho da população: 475
Fração elite: 0.2121
Fração mutante: 0.0442
Probabilidade herdar alelo elite: 0.6514
Número de populações independentes: 3
Troca de informação de 4 individuos a cada 241 gerações
Número de threads: 1

Largura da faixa = 745
Melhor altura = 12854

Lower Bound 1 = 8773
Lower Bound 2 = 12854
Avaliação = 1

Tempo de execução: 60.0055s

---------------------------

Tamanho da população: 475
Fração elite: 0.2121
Fração mutante: 0.0442
Probabilidade herdar alelo elite: 0.6514
Número de populações independentes: 3
Troca de informação de 4 individuos a cada 241 gerações
Número de threads: 1

Largura da faixa = 745
Melhor altura = 12854

Lower Bound 1 = 8773
Lower Bound 2 = 12854
Avaliação = 1

Tempo de execução: 60.0233s
