Número de cromossomos: 200
Tamanho da população: 500
Fração elite: 0.2
Fração mutante: 0.1
Probabilidade herdar alelo elite: 0.7
Número de populações independentes: 3
Número de threads: 1
Melhor até agora: 830 Geração: 0
Largura da faixa = 62
Melhor altura = 830

Lower Bound 1 = 169
Lower Bound 2 = 239
Avaliação = 3.4728
Tempo de execução: 39021ms

---------------------------

Número de cromossomos: 200
Tamanho da população: 1000
Fração elite: 0.2
Fração mutante: 0.1
Probabilidade herdar alelo elite: 0.7
Número de populações independentes: 5
Número de threads: 2
Melhor até agora: 830 Geração: 0
Largura da faixa = 62
Melhor altura = 830

Lower Bound 1 = 169
Lower Bound 2 = 239
Avaliação = 3.4728
Tempo de execução: 68533ms

---------------------------

Número de cromossomos: 200
Tamanho da população: 1000
Fração elite: 0.3
Fração mutante: 0.4
Probabilidade herdar alelo elite: 0.8
Número de populações independentes: 3
Número de threads: 2
Melhor até agora: 830 Geração: 0
Largura da faixa = 62
Melhor altura = 830

Lower Bound 1 = 169
Lower Bound 2 = 239
Avaliação = 3.4728
Tempo de execução: 39845ms

---------------------------

Número de cromossomos: 200
Tamanho da população: 1500
Fração elite: 0.3
Fração mutante: 0.7
Probabilidade herdar alelo elite: 0.7
Número de populações independentes: 6
Número de threads: 14
Trocar os melhores indivíduos a cada 1000 gerações
Número máximo de gerações: 2000

Melhor até agora: 334 Geração: 0
Largura da faixa = 62
Melhor altura = 334

Lower Bound 1 = 169
Lower Bound 2 = 239
Avaliação = 1.39749

Tempo de execução: 1892009ms

---------------------------

Número de cromossomos: 200
Tamanho da população: 100
Fração elite: 0.2
Fração mutante: 0.8
Probabilidade herdar alelo elite: 0.2
Número de populações independentes: 7
Número de threads: 1
Trocar os melhores indivíduos a cada 100 gerações
Número máximo de gerações: 300

Número de swaps entre camadas = 5
Largura da faixa = 62
Melhor altura = 267

Lower Bound 1 = 169
Lower Bound 2 = 239
Avaliação = 1.11715

Tempo de execução: 424s

---------------------------

Número de cromossomos: 200
Tamanho da população: 50
Fração elite: 0.3
Fração mutante: 0.7
Probabilidade herdar alelo elite: 0.6
Número de populações independentes: 4
Número de threads: 1
Trocar os melhores indivíduos a cada 600 gerações
Número máximo de gerações: 100

Número de swaps entre camadas = 5
Largura da faixa = 62
Melhor altura = 267

Lower Bound 1 = 169
Lower Bound 2 = 239
Avaliação = 1.11715

Tempo de execução: 36s

---------------------------

Número de cromossomos: 200
Tamanho da população: 60
Fração elite: 0.3
Fração mutante: 0.7
Probabilidade herdar alelo elite: 0.6
Número de populações independentes: 2
Número de threads: 1
Trocar os melhores indivíduos a cada 100 gerações
Número máximo de gerações: 100

Número de swaps entre camadas = 5
Largura da faixa = 62
Melhor altura = 267

Lower Bound 1 = 169
Lower Bound 2 = 239
Avaliação = 1.11715

Tempo de execução: 28s

---------------------------

Número de cromossomos: 200
Tamanho da população: 60
Fração elite: 0.3
Fração mutante: 0.7
Probabilidade herdar alelo elite: 0.6
Número de populações independentes: 2
Número de threads: 1
Trocar os melhores indivíduos a cada 100 gerações
Número máximo de gerações: 100

Número de swaps entre camadas = 5
Largura da faixa = 62
Melhor altura = 269

Lower Bound 1 = 169
Lower Bound 2 = 239
Avaliação = 1.12552

Tempo de execução: 27s

---------------------------

Número de cromossomos: 200
Tamanho da população: 60
Fração elite: 0.3
Fração mutante: 0.7
Probabilidade herdar alelo elite: 0.6
Número de populações independentes: 2
Número de threads: 1
Trocar os melhores indivíduos a cada 100 gerações
Número máximo de gerações: 100

Número de swaps entre camadas = 5
Largura da faixa = 62
Melhor altura = 268

Lower Bound 1 = 169
Lower Bound 2 = 239
Avaliação = 1.12134

Tempo de execução: 28s

---------------------------

Número de cromossomos: 200
Tamanho da população: 60
Fração elite: 0.3
Fração mutante: 0.7
Probabilidade herdar alelo elite: 0.6
Número de populações independentes: 2
Número de threads: 1
Trocar os melhores indivíduos a cada 100 gerações
Número máximo de gerações: 100

Número de swaps entre camadas = 5
Largura da faixa = 62
Melhor altura = 273

Lower Bound 1 = 169
Lower Bound 2 = 239
Avaliação = 1.14226

Tempo de execução: 28s

---------------------------

Número de cromossomos: 200
Tamanho da população: 60
Fração elite: 0.3
Fração mutante: 0.7
Probabilidade herdar alelo elite: 0.6
Número de populações independentes: 2
Número de threads: 1
Trocar os melhores indivíduos a cada 100 gerações
Número máximo de gerações: 100

Número de swaps entre camadas = 5
Largura da faixa = 62
Melhor altura = 270

Lower Bound 1 = 169
Lower Bound 2 = 239
Avaliação = 1.12971

Tempo de execução: 28s

---------------------------

Número de cromossomos: 200
Tamanho da população: 60
Fração elite: 0.3
Fração mutante: 0.7
Probabilidade herdar alelo elite: 0.6
Número de populações independentes: 2
Número de threads: 1
Trocar os melhores indivíduos a cada 100 gerações
Número máximo de gerações: 100

Número de swaps entre camadas = 5
Largura da faixa = 62
Melhor altura = 270

Lower Bound 1 = 169
Lower Bound 2 = 239
Avaliação = 1.12971

Tempo de execução: 28s

---------------------------

Número de cromossomos: 200
Tamanho da população: 60
Fração elite: 0.3
Fração mutante: 0.7
Probabilidade herdar alelo elite: 0.6
Número de populações independentes: 2
Número de threads: 1
Trocar os melhores indivíduos a cada 100 gerações
Número máximo de gerações: 100

Número de swaps entre camadas = 5
Largura da faixa = 62
Melhor altura = 271

Lower Bound 1 = 169
Lower Bound 2 = 239
Avaliação = 1.13389

Tempo de execução: 29s

---------------------------

Número de cromossomos: 200
Tamanho da população: 60
Fração elite: 0.3
Fração mutante: 0.7
Probabilidade herdar alelo elite: 0.6
Número de populações independentes: 2
Número de threads: 1
Trocar os melhores indivíduos a cada 100 gerações
Número máximo de gerações: 100

Número de swaps entre camadas = 5
Largura da faixa = 62
Melhor altura = 271

Lower Bound 1 = 169
Lower Bound 2 = 239
Avaliação = 1.13389

Tempo de execução: 29s

---------------------------

Número de cromossomos: 200
Tamanho da população: 60
Fração elite: 0.3
Fração mutante: 0.7
Probabilidade herdar alelo elite: 0.6
Número de populações independentes: 2
Número de threads: 1
Trocar os melhores indivíduos a cada 100 gerações
Número máximo de gerações: 100

Número de swaps entre camadas = 5
Largura da faixa = 62
Melhor altura = 269

Lower Bound 1 = 169
Lower Bound 2 = 239
Avaliação = 1.12552

Tempo de execução: 27s

---------------------------

Número de cromossomos: 200
Tamanho da população: 60
Fração elite: 0.3
Fração mutante: 0.7
Probabilidade herdar alelo elite: 0.6
Número de populações independentes: 2
Número de threads: 1
Trocar os melhores indivíduos a cada 100 gerações
Número máximo de gerações: 100

Número de swaps entre camadas = 5
Largura da faixa = 62
Melhor altura = 270

Lower Bound 1 = 169
Lower Bound 2 = 239
Avaliação = 1.12971

Tempo de execução: 28s

---------------------------

Número de cromossomos: 200
Tamanho da população: 60
Fração elite: 0.3
Fração mutante: 0.7
Probabilidade herdar alelo elite: 0.6
Número de populações independentes: 2
Número de threads: 1
Trocar os melhores indivíduos a cada 100 gerações
Número máximo de gerações: 100

Número de swaps entre camadas = 5
Largura da faixa = 62
Melhor altura = 273

Lower Bound 1 = 169
Lower Bound 2 = 239
Avaliação = 1.14226

Tempo de execução: 28s

---------------------------

Número de cromossomos: 200
Tamanho da população: 60
Fração elite: 0.3
Fração mutante: 0.7
Probabilidade herdar alelo elite: 0.6
Número de populações independentes: 2
Número de threads: 1
Trocar os melhores indivíduos a cada 100 gerações
Número máximo de gerações: 100

Número de swaps entre camadas = 5
Largura da faixa = 62
Melhor altura = 273

Lower Bound 1 = 169
Lower Bound 2 = 239
Avaliação = 1.14226

Tempo de execução: 28s

---------------------------

Número de cromossomos: 200
Tamanho da população: 60
Fração elite: 0.3
Fração mutante: 0.7
Probabilidade herdar alelo elite: 0.6
Número de populações independentes: 2
Número de threads: 1
Trocar os melhores indivíduos a cada 100 gerações
Número máximo de gerações: 100

Número de swaps entre camadas = 5
Largura da faixa = 62
Melhor altura = 267

Lower Bound 1 = 169
Lower Bound 2 = 239
Avaliação = 1.11715

Tempo de execução: 28s

---------------------------

Número de cromossomos: 200
Tamanho da população: 60
Fração elite: 0.3
Fração mutante: 0.7
Probabilidade herdar alelo elite: 0.6
Número de populações independentes: 2
Número de threads: 1
Trocar os melhores indivíduos a cada 100 gerações
Número máximo de gerações: 100

Número de swaps entre camadas = 5
Largura da faixa = 62
Melhor altura = 267

Lower Bound 1 = 169
Lower Bound 2 = 239
Avaliação = 1.11715

Tempo de execução: 27s

---------------------------

Número de cromossomos: 200
Tamanho da população: 60
Fração elite: 0.3
Fração mutante: 0.7
Probabilidade herdar alelo elite: 0.6
Número de populações independentes: 2
Número de threads: 1
Trocar os melhores indivíduos a cada 100 gerações
Número máximo de gerações: 100

Número de swaps entre camadas = 5
Largura da faixa = 62
Melhor altura = 269

Lower Bound 1 = 169
Lower Bound 2 = 239
Avaliação = 1.12552

Tempo de execução: 28s

---------------------------

Número de cromossomos: 200
Tamanho da população: 60
Fração elite: 0.3
Fração mutante: 0.7
Probabilidade herdar alelo elite: 0.6
Número de populações independentes: 2
Número de threads: 1
Trocar os melhores indivíduos a cada 100 gerações
Número máximo de gerações: 100

Número de swaps entre camadas = 5
Largura da faixa = 62
Melhor altura = 270

Lower Bound 1 = 169
Lower Bound 2 = 239
Avaliação = 1.12971

Tempo de execução: 28s

---------------------------

Número de cromossomos: 200
Tamanho da população: 60
Fração elite: 0.3
Fração mutante: 0.7
Probabilidade herdar alelo elite: 0.6
Número de populações independentes: 2
Número de threads: 1
Trocar os melhores indivíduos a cada 100 gerações
Número máximo de gerações: 100

Número de swaps entre camadas = 5
Largura da faixa = 62
Melhor altura = 271

Lower Bound 1 = 169
Lower Bound 2 = 239
Avaliação = 1.13389

Tempo de execução: 28s

---------------------------

Número de cromossomos: 200
Tamanho da população: 60
Fração elite: 0.3
Fração mutante: 0.7
Probabilidade herdar alelo elite: 0.6
Número de populações independentes: 2
Número de threads: 1
Trocar os melhores indivíduos a cada 100 gerações
Número máximo de gerações: 100

Número de swaps entre camadas = 5
Largura da faixa = 62
Melhor altura = 267

Lower Bound 1 = 169
Lower Bound 2 = 239
Avaliação = 1.11715

Tempo de execução: 28s

---------------------------

Número de cromossomos: 200
Tamanho da população: 60
Fração elite: 0.3
Fração mutante: 0.7
Probabilidade herdar alelo elite: 0.6
Número de populações independentes: 2
Número de threads: 1
Trocar os melhores indivíduos a cada 100 gerações
Número máximo de gerações: 100

Número de swaps entre camadas = 5
Largura da faixa = 62
Melhor altura = 269

Lower Bound 1 = 169
Lower Bound 2 = 239
Avaliação = 1.12552

Tempo de execução: 27s

---------------------------

Número de cromossomos: 200
Tamanho da população: 60
Fração elite: 0.3
Fração mutante: 0.7
Probabilidade herdar alelo elite: 0.6
Número de populações independentes: 2
Número de threads: 1
Trocar os melhores indivíduos a cada 100 gerações
Número máximo de gerações: 100

Número de swaps entre camadas = 5
Largura da faixa = 62
Melhor altura = 269

Lower Bound 1 = 169
Lower Bound 2 = 239
Avaliação = 1.12552

Tempo de execução: 28s

---------------------------

Número de cromossomos: 200
Tamanho da população: 60
Fração elite: 0.3
Fração mutante: 0.7
Probabilidade herdar alelo elite: 0.6
Número de populações independentes: 2
Número de threads: 1
Trocar os melhores indivíduos a cada 100 gerações
Número máximo de gerações: 100

Número de swaps entre camadas = 5
Largura da faixa = 62
Melhor altura = 272

Lower Bound 1 = 169
Lower Bound 2 = 239
Avaliação = 1.13808

Tempo de execução: 28s

---------------------------

