Número de cromossomos: 500
Tamanho da população: 1000
Fração elite: 0.3
Fração mutante: 0.4
Probabilidade herdar alelo elite: 0.8
Número de populações independentes: 3
Número de threads: 2
Melhor até agora: 570 Geração: 0
Largura da faixa = 125
Melhor altura = 570

Lower Bound 1 = 240
Lower Bound 2 = 125
Avaliação = 2.375
Tempo de execução: 565806ms

---------------------------

Número de cromossomos: 500
Tamanho da população: 2500
Fração elite: 0.1
Fração mutante: 0.7
Probabilidade herdar alelo elite: 0.7
Número de populações independentes: 8
Número de threads: 14
Trocar os melhores indivíduos a cada 100 gerações
Melhor até agora: 348 Geração: 0
Melhor até agora: 317 Geração: 1
Melhor até agora: 305 Geração: 10
Melhor até agora: 301 Geração: 12
Melhor até agora: 297 Geração: 23
Melhor até agora: 293 Geração: 25
Melhor até agora: 281 Geração: 29
Melhor até agora: 274 Geração: 101
Largura da faixa = 125
Melhor altura = 274

Lower Bound 1 = 240
Lower Bound 2 = 125
Avaliação = 1.14167
Tempo de execução: 2888899ms

---------------------------

