Tamanho da população: 297
Fração elite: 0.55
Fração mutante: 0.0174
Probabilidade herdar alelo elite: 0.7678
Número de populações independentes: 1
Número de threads: 1
Trocar os melhores indivíduos a cada 30 gerações
Número máximo de gerações: 279

Largura da faixa = 94
Melhor altura = 472

Lower Bound 1 = 425
Lower Bound 2 = 133
Avaliação = 1.11059

Tempo de execução: 28.5191s

---------------------------

Tamanho da população: 297
Fração elite: 0.55
Fração mutante: 0.0174
Probabilidade herdar alelo elite: 0.7678
Número de populações independentes: 1
Número de threads: 1
Trocar os melhores indivíduos a cada 30 gerações
Número máximo de gerações: 279

Largura da faixa = 94
Melhor altura = 475

Lower Bound 1 = 425
Lower Bound 2 = 133
Avaliação = 1.11765

Tempo de execução: 28.5333s

---------------------------

Tamanho da população: 297
Fração elite: 0.55
Fração mutante: 0.0174
Probabilidade herdar alelo elite: 0.7678
Número de populações independentes: 1
Número de threads: 1
Trocar os melhores indivíduos a cada 30 gerações
Número máximo de gerações: 279

Largura da faixa = 94
Melhor altura = 480

Lower Bound 1 = 425
Lower Bound 2 = 133
Avaliação = 1.12941

Tempo de execução: 29.1155s

---------------------------

Tamanho da população: 297
Fração elite: 0.55
Fração mutante: 0.0174
Probabilidade herdar alelo elite: 0.7678
Número de populações independentes: 1
Número de threads: 1
Trocar os melhores indivíduos a cada 30 gerações
Número máximo de gerações: 279

Largura da faixa = 94
Melhor altura = 480

Lower Bound 1 = 425
Lower Bound 2 = 133
Avaliação = 1.12941

Tempo de execução: 28.618s

---------------------------

Tamanho da população: 297
Fração elite: 0.55
Fração mutante: 0.0174
Probabilidade herdar alelo elite: 0.7678
Número de populações independentes: 1
Número de threads: 1
Trocar os melhores indivíduos a cada 30 gerações
Número máximo de gerações: 279

Largura da faixa = 94
Melhor altura = 476

Lower Bound 1 = 425
Lower Bound 2 = 133
Avaliação = 1.12

Tempo de execução: 28.8382s

---------------------------

Tamanho da população: 297
Fração elite: 0.55
Fração mutante: 0.0174
Probabilidade herdar alelo elite: 0.7678
Número de populações independentes: 1
Número de threads: 1
Trocar os melhores indivíduos a cada 30 gerações
Número máximo de gerações: 279

Largura da faixa = 94
Melhor altura = 481

Lower Bound 1 = 425
Lower Bound 2 = 133
Avaliação = 1.13176

Tempo de execução: 29.0935s

---------------------------

Tamanho da população: 297
Fração elite: 0.55
Fração mutante: 0.0174
Probabilidade herdar alelo elite: 0.7678
Número de populações independentes: 1
Número de threads: 1
Trocar os melhores indivíduos a cada 30 gerações
Número máximo de gerações: 279

Largura da faixa = 94
Melhor altura = 481

Lower Bound 1 = 425
Lower Bound 2 = 133
Avaliação = 1.13176

Tempo de execução: 28.8139s

---------------------------

Tamanho da população: 297
Fração elite: 0.55
Fração mutante: 0.0174
Probabilidade herdar alelo elite: 0.7678
Número de populações independentes: 1
Número de threads: 1
Trocar os melhores indivíduos a cada 30 gerações
Número máximo de gerações: 279

Largura da faixa = 94
Melhor altura = 477

Lower Bound 1 = 425
Lower Bound 2 = 133
Avaliação = 1.12235

Tempo de execução: 28.9482s

---------------------------

Tamanho da população: 297
Fração elite: 0.55
Fração mutante: 0.0174
Probabilidade herdar alelo elite: 0.7678
Número de populações independentes: 1
Número de threads: 1
Trocar os melhores indivíduos a cada 30 gerações
Número máximo de gerações: 279

Largura da faixa = 94
Melhor altura = 476

Lower Bound 1 = 425
Lower Bound 2 = 133
Avaliação = 1.12

Tempo de execução: 29.2245s

---------------------------

Tamanho da população: 297
Fração elite: 0.55
Fração mutante: 0.0174
Probabilidade herdar alelo elite: 0.7678
Número de populações independentes: 1
Número de threads: 1
Trocar os melhores indivíduos a cada 30 gerações
Número máximo de gerações: 279

Largura da faixa = 94
Melhor altura = 480

Lower Bound 1 = 425
Lower Bound 2 = 133
Avaliação = 1.12941

Tempo de execução: 28.5363s

---------------------------

Tamanho da população: 297
Fração elite: 0.55
Fração mutante: 0.0174
Probabilidade herdar alelo elite: 0.7678
Número de populações independentes: 1
Número de threads: 1
Trocar os melhores indivíduos a cada 30 gerações
Número máximo de gerações: 279

Largura da faixa = 94
Melhor altura = 481

Lower Bound 1 = 425
Lower Bound 2 = 133
Avaliação = 1.13176

Tempo de execução: 28.6884s

---------------------------

Tamanho da população: 297
Fração elite: 0.55
Fração mutante: 0.0174
Probabilidade herdar alelo elite: 0.7678
Número de populações independentes: 1
Número de threads: 1
Trocar os melhores indivíduos a cada 30 gerações
Número máximo de gerações: 279

Largura da faixa = 94
Melhor altura = 480

Lower Bound 1 = 425
Lower Bound 2 = 133
Avaliação = 1.12941

Tempo de execução: 28.7025s

---------------------------

Tamanho da população: 297
Fração elite: 0.55
Fração mutante: 0.0174
Probabilidade herdar alelo elite: 0.7678
Número de populações independentes: 1
Número de threads: 1
Trocar os melhores indivíduos a cada 30 gerações
Número máximo de gerações: 279

Largura da faixa = 94
Melhor altura = 483

Lower Bound 1 = 425
Lower Bound 2 = 133
Avaliação = 1.13647

Tempo de execução: 28.7393s

---------------------------

Tamanho da população: 297
Fração elite: 0.55
Fração mutante: 0.0174
Probabilidade herdar alelo elite: 0.7678
Número de populações independentes: 1
Número de threads: 1
Trocar os melhores indivíduos a cada 30 gerações
Número máximo de gerações: 279

Largura da faixa = 94
Melhor altura = 478

Lower Bound 1 = 425
Lower Bound 2 = 133
Avaliação = 1.12471

Tempo de execução: 28.8776s

---------------------------

Tamanho da população: 297
Fração elite: 0.55
Fração mutante: 0.0174
Probabilidade herdar alelo elite: 0.7678
Número de populações independentes: 1
Número de threads: 1
Trocar os melhores indivíduos a cada 30 gerações
Número máximo de gerações: 279

Largura da faixa = 94
Melhor altura = 480

Lower Bound 1 = 425
Lower Bound 2 = 133
Avaliação = 1.12941

Tempo de execução: 29.246s

---------------------------

Tamanho da população: 297
Fração elite: 0.55
Fração mutante: 0.0174
Probabilidade herdar alelo elite: 0.7678
Número de populações independentes: 1
Número de threads: 1
Trocar os melhores indivíduos a cada 30 gerações
Número máximo de gerações: 279

Largura da faixa = 94
Melhor altura = 473

Lower Bound 1 = 425
Lower Bound 2 = 133
Avaliação = 1.11294

Tempo de execução: 27.7996s

---------------------------

Tamanho da população: 297
Fração elite: 0.55
Fração mutante: 0.0174
Probabilidade herdar alelo elite: 0.7678
Número de populações independentes: 1
Número de threads: 1
Trocar os melhores indivíduos a cada 30 gerações
Número máximo de gerações: 279

Largura da faixa = 94
Melhor altura = 484

Lower Bound 1 = 425
Lower Bound 2 = 133
Avaliação = 1.13882

Tempo de execução: 28.294s

---------------------------

Tamanho da população: 297
Fração elite: 0.55
Fração mutante: 0.0174
Probabilidade herdar alelo elite: 0.7678
Número de populações independentes: 1
Número de threads: 1
Trocar os melhores indivíduos a cada 30 gerações
Número máximo de gerações: 279

Largura da faixa = 94
Melhor altura = 482

Lower Bound 1 = 425
Lower Bound 2 = 133
Avaliação = 1.13412

Tempo de execução: 28.5934s

---------------------------

Tamanho da população: 297
Fração elite: 0.55
Fração mutante: 0.0174
Probabilidade herdar alelo elite: 0.7678
Número de populações independentes: 1
Número de threads: 1
Trocar os melhores indivíduos a cada 30 gerações
Número máximo de gerações: 279

Largura da faixa = 94
Melhor altura = 479

Lower Bound 1 = 425
Lower Bound 2 = 133
Avaliação = 1.12706

Tempo de execução: 27.9531s

---------------------------

Tamanho da população: 297
Fração elite: 0.55
Fração mutante: 0.0174
Probabilidade herdar alelo elite: 0.7678
Número de populações independentes: 1
Número de threads: 1
Trocar os melhores indivíduos a cada 30 gerações
Número máximo de gerações: 279

Largura da faixa = 94
Melhor altura = 480

Lower Bound 1 = 425
Lower Bound 2 = 133
Avaliação = 1.12941

Tempo de execução: 28.2945s

---------------------------

