Tamanho da população: 297
Fração elite: 0.55
Fração mutante: 0.0174
Probabilidade herdar alelo elite: 0.7678
Número de populações independentes: 1
Número de threads: 1
Trocar os melhores indivíduos a cada 30 gerações
Número máximo de gerações: 279

Largura da faixa = 106
Melhor altura = 480

Lower Bound 1 = 377
Lower Bound 2 = 332
Avaliação = 1.27321

Tempo de execução: 7.14924s

---------------------------

Tamanho da população: 297
Fração elite: 0.55
Fração mutante: 0.0174
Probabilidade herdar alelo elite: 0.7678
Número de populações independentes: 1
Número de threads: 1
Trocar os melhores indivíduos a cada 30 gerações
Número máximo de gerações: 279

Largura da faixa = 106
Melhor altura = 480

Lower Bound 1 = 377
Lower Bound 2 = 332
Avaliação = 1.27321

Tempo de execução: 7.20584s

---------------------------

Tamanho da população: 297
Fração elite: 0.55
Fração mutante: 0.0174
Probabilidade herdar alelo elite: 0.7678
Número de populações independentes: 1
Número de threads: 1
Trocar os melhores indivíduos a cada 30 gerações
Número máximo de gerações: 279

Largura da faixa = 106
Melhor altura = 482

Lower Bound 1 = 377
Lower Bound 2 = 332
Avaliação = 1.27851

Tempo de execução: 7.58214s

---------------------------

Tamanho da população: 297
Fração elite: 0.55
Fração mutante: 0.0174
Probabilidade herdar alelo elite: 0.7678
Número de populações independentes: 1
Número de threads: 1
Trocar os melhores indivíduos a cada 30 gerações
Número máximo de gerações: 279

Largura da faixa = 106
Melhor altura = 475

Lower Bound 1 = 377
Lower Bound 2 = 332
Avaliação = 1.25995

Tempo de execução: 6.89287s

---------------------------

Tamanho da população: 297
Fração elite: 0.55
Fração mutante: 0.0174
Probabilidade herdar alelo elite: 0.7678
Número de populações independentes: 1
Número de threads: 1
Trocar os melhores indivíduos a cada 30 gerações
Número máximo de gerações: 279

Largura da faixa = 106
Melhor altura = 470

Lower Bound 1 = 377
Lower Bound 2 = 332
Avaliação = 1.24668

Tempo de execução: 7.23509s

---------------------------

Tamanho da população: 297
Fração elite: 0.55
Fração mutante: 0.0174
Probabilidade herdar alelo elite: 0.7678
Número de populações independentes: 1
Número de threads: 1
Trocar os melhores indivíduos a cada 30 gerações
Número máximo de gerações: 279

Largura da faixa = 106
Melhor altura = 479

Lower Bound 1 = 377
Lower Bound 2 = 332
Avaliação = 1.27056

Tempo de execução: 7.33967s

---------------------------

Tamanho da população: 297
Fração elite: 0.55
Fração mutante: 0.0174
Probabilidade herdar alelo elite: 0.7678
Número de populações independentes: 1
Número de threads: 1
Trocar os melhores indivíduos a cada 30 gerações
Número máximo de gerações: 279

Largura da faixa = 106
Melhor altura = 470

Lower Bound 1 = 377
Lower Bound 2 = 332
Avaliação = 1.24668

Tempo de execução: 7.13854s

---------------------------

Tamanho da população: 297
Fração elite: 0.55
Fração mutante: 0.0174
Probabilidade herdar alelo elite: 0.7678
Número de populações independentes: 1
Número de threads: 1
Trocar os melhores indivíduos a cada 30 gerações
Número máximo de gerações: 279

Largura da faixa = 106
Melhor altura = 467

Lower Bound 1 = 377
Lower Bound 2 = 332
Avaliação = 1.23873

Tempo de execução: 7.44826s

---------------------------

Tamanho da população: 297
Fração elite: 0.55
Fração mutante: 0.0174
Probabilidade herdar alelo elite: 0.7678
Número de populações independentes: 1
Número de threads: 1
Trocar os melhores indivíduos a cada 30 gerações
Número máximo de gerações: 279

Largura da faixa = 106
Melhor altura = 470

Lower Bound 1 = 377
Lower Bound 2 = 332
Avaliação = 1.24668

Tempo de execução: 7.49225s

---------------------------

Tamanho da população: 297
Fração elite: 0.55
Fração mutante: 0.0174
Probabilidade herdar alelo elite: 0.7678
Número de populações independentes: 1
Número de threads: 1
Trocar os melhores indivíduos a cada 30 gerações
Número máximo de gerações: 279

Largura da faixa = 106
Melhor altura = 481

Lower Bound 1 = 377
Lower Bound 2 = 332
Avaliação = 1.27586

Tempo de execução: 7.11569s

---------------------------

Tamanho da população: 297
Fração elite: 0.55
Fração mutante: 0.0174
Probabilidade herdar alelo elite: 0.7678
Número de populações independentes: 1
Número de threads: 1
Trocar os melhores indivíduos a cada 30 gerações
Número máximo de gerações: 279

Largura da faixa = 106
Melhor altura = 493

Lower Bound 1 = 377
Lower Bound 2 = 332
Avaliação = 1.30769

Tempo de execução: 7.39819s

---------------------------

Tamanho da população: 297
Fração elite: 0.55
Fração mutante: 0.0174
Probabilidade herdar alelo elite: 0.7678
Número de populações independentes: 1
Número de threads: 1
Trocar os melhores indivíduos a cada 30 gerações
Número máximo de gerações: 279

Largura da faixa = 106
Melhor altura = 482

Lower Bound 1 = 377
Lower Bound 2 = 332
Avaliação = 1.27851

Tempo de execução: 7.48088s

---------------------------

Tamanho da população: 297
Fração elite: 0.55
Fração mutante: 0.0174
Probabilidade herdar alelo elite: 0.7678
Número de populações independentes: 1
Número de threads: 1
Trocar os melhores indivíduos a cada 30 gerações
Número máximo de gerações: 279

Largura da faixa = 106
Melhor altura = 466

Lower Bound 1 = 377
Lower Bound 2 = 332
Avaliação = 1.23607

Tempo de execução: 7.183s

---------------------------

Tamanho da população: 297
Fração elite: 0.55
Fração mutante: 0.0174
Probabilidade herdar alelo elite: 0.7678
Número de populações independentes: 1
Número de threads: 1
Trocar os melhores indivíduos a cada 30 gerações
Número máximo de gerações: 279

Largura da faixa = 106
Melhor altura = 469

Lower Bound 1 = 377
Lower Bound 2 = 332
Avaliação = 1.24403

Tempo de execução: 7.39445s

---------------------------

Tamanho da população: 297
Fração elite: 0.55
Fração mutante: 0.0174
Probabilidade herdar alelo elite: 0.7678
Número de populações independentes: 1
Número de threads: 1
Trocar os melhores indivíduos a cada 30 gerações
Número máximo de gerações: 279

Largura da faixa = 106
Melhor altura = 496

Lower Bound 1 = 377
Lower Bound 2 = 332
Avaliação = 1.31565

Tempo de execução: 7.65001s

---------------------------

Tamanho da população: 297
Fração elite: 0.55
Fração mutante: 0.0174
Probabilidade herdar alelo elite: 0.7678
Número de populações independentes: 1
Número de threads: 1
Trocar os melhores indivíduos a cada 30 gerações
Número máximo de gerações: 279

Largura da faixa = 106
Melhor altura = 480

Lower Bound 1 = 377
Lower Bound 2 = 332
Avaliação = 1.27321

Tempo de execução: 7.04548s

---------------------------

Tamanho da população: 297
Fração elite: 0.55
Fração mutante: 0.0174
Probabilidade herdar alelo elite: 0.7678
Número de populações independentes: 1
Número de threads: 1
Trocar os melhores indivíduos a cada 30 gerações
Número máximo de gerações: 279

Largura da faixa = 106
Melhor altura = 470

Lower Bound 1 = 377
Lower Bound 2 = 332
Avaliação = 1.24668

Tempo de execução: 7.38437s

---------------------------

Tamanho da população: 297
Fração elite: 0.55
Fração mutante: 0.0174
Probabilidade herdar alelo elite: 0.7678
Número de populações independentes: 1
Número de threads: 1
Trocar os melhores indivíduos a cada 30 gerações
Número máximo de gerações: 279

Largura da faixa = 106
Melhor altura = 492

Lower Bound 1 = 377
Lower Bound 2 = 332
Avaliação = 1.30504

Tempo de execução: 7.51321s

---------------------------

Tamanho da população: 297
Fração elite: 0.55
Fração mutante: 0.0174
Probabilidade herdar alelo elite: 0.7678
Número de populações independentes: 1
Número de threads: 1
Trocar os melhores indivíduos a cada 30 gerações
Número máximo de gerações: 279

Largura da faixa = 106
Melhor altura = 467

Lower Bound 1 = 377
Lower Bound 2 = 332
Avaliação = 1.23873

Tempo de execução: 7.02875s

---------------------------

Tamanho da população: 297
Fração elite: 0.55
Fração mutante: 0.0174
Probabilidade herdar alelo elite: 0.7678
Número de populações independentes: 1
Número de threads: 1
Trocar os melhores indivíduos a cada 30 gerações
Número máximo de gerações: 279

Largura da faixa = 106
Melhor altura = 479

Lower Bound 1 = 377
Lower Bound 2 = 332
Avaliação = 1.27056

Tempo de execução: 7.18293s

---------------------------

