Tamanho da população: 297
Fração elite: 0.55
Fração mutante: 0.0174
Probabilidade herdar alelo elite: 0.7678
Número de populações independentes: 1
Número de threads: 1
Trocar os melhores indivíduos a cada 30 gerações
Número máximo de gerações: 279

Largura da faixa = 112
Melhor altura = 441

Lower Bound 1 = 357
Lower Bound 2 = 262
Avaliação = 1.23529

Tempo de execução: 1.76128s

---------------------------

Tamanho da população: 297
Fração elite: 0.55
Fração mutante: 0.0174
Probabilidade herdar alelo elite: 0.7678
Número de populações independentes: 1
Número de threads: 1
Trocar os melhores indivíduos a cada 30 gerações
Número máximo de gerações: 279

Largura da faixa = 112
Melhor altura = 441

Lower Bound 1 = 357
Lower Bound 2 = 262
Avaliação = 1.23529

Tempo de execução: 1.78479s

---------------------------

Tamanho da população: 297
Fração elite: 0.55
Fração mutante: 0.0174
Probabilidade herdar alelo elite: 0.7678
Número de populações independentes: 1
Número de threads: 1
Trocar os melhores indivíduos a cada 30 gerações
Número máximo de gerações: 279

Largura da faixa = 112
Melhor altura = 439

Lower Bound 1 = 357
Lower Bound 2 = 262
Avaliação = 1.22969

Tempo de execução: 1.83981s

---------------------------

Tamanho da população: 297
Fração elite: 0.55
Fração mutante: 0.0174
Probabilidade herdar alelo elite: 0.7678
Número de populações independentes: 1
Número de threads: 1
Trocar os melhores indivíduos a cada 30 gerações
Número máximo de gerações: 279

Largura da faixa = 112
Melhor altura = 439

Lower Bound 1 = 357
Lower Bound 2 = 262
Avaliação = 1.22969

Tempo de execução: 1.78518s

---------------------------

Tamanho da população: 297
Fração elite: 0.55
Fração mutante: 0.0174
Probabilidade herdar alelo elite: 0.7678
Número de populações independentes: 1
Número de threads: 1
Trocar os melhores indivíduos a cada 30 gerações
Número máximo de gerações: 279

Largura da faixa = 112
Melhor altura = 441

Lower Bound 1 = 357
Lower Bound 2 = 262
Avaliação = 1.23529

Tempo de execução: 1.79403s

---------------------------

Tamanho da população: 297
Fração elite: 0.55
Fração mutante: 0.0174
Probabilidade herdar alelo elite: 0.7678
Número de populações independentes: 1
Número de threads: 1
Trocar os melhores indivíduos a cada 30 gerações
Número máximo de gerações: 279

Largura da faixa = 112
Melhor altura = 439

Lower Bound 1 = 357
Lower Bound 2 = 262
Avaliação = 1.22969

Tempo de execução: 1.80655s

---------------------------

Tamanho da população: 297
Fração elite: 0.55
Fração mutante: 0.0174
Probabilidade herdar alelo elite: 0.7678
Número de populações independentes: 1
Número de threads: 1
Trocar os melhores indivíduos a cada 30 gerações
Número máximo de gerações: 279

Largura da faixa = 112
Melhor altura = 439

Lower Bound 1 = 357
Lower Bound 2 = 262
Avaliação = 1.22969

Tempo de execução: 1.78576s

---------------------------

Tamanho da população: 297
Fração elite: 0.55
Fração mutante: 0.0174
Probabilidade herdar alelo elite: 0.7678
Número de populações independentes: 1
Número de threads: 1
Trocar os melhores indivíduos a cada 30 gerações
Número máximo de gerações: 279

Largura da faixa = 112
Melhor altura = 439

Lower Bound 1 = 357
Lower Bound 2 = 262
Avaliação = 1.22969

Tempo de execução: 1.84798s

---------------------------

Tamanho da população: 297
Fração elite: 0.55
Fração mutante: 0.0174
Probabilidade herdar alelo elite: 0.7678
Número de populações independentes: 1
Número de threads: 1
Trocar os melhores indivíduos a cada 30 gerações
Número máximo de gerações: 279

Largura da faixa = 112
Melhor altura = 439

Lower Bound 1 = 357
Lower Bound 2 = 262
Avaliação = 1.22969

Tempo de execução: 1.8653s

---------------------------

Tamanho da população: 297
Fração elite: 0.55
Fração mutante: 0.0174
Probabilidade herdar alelo elite: 0.7678
Número de populações independentes: 1
Número de threads: 1
Trocar os melhores indivíduos a cada 30 gerações
Número máximo de gerações: 279

Largura da faixa = 112
Melhor altura = 441

Lower Bound 1 = 357
Lower Bound 2 = 262
Avaliação = 1.23529

Tempo de execução: 1.72533s

---------------------------

Tamanho da população: 297
Fração elite: 0.55
Fração mutante: 0.0174
Probabilidade herdar alelo elite: 0.7678
Número de populações independentes: 1
Número de threads: 1
Trocar os melhores indivíduos a cada 30 gerações
Número máximo de gerações: 279

Largura da faixa = 112
Melhor altura = 441

Lower Bound 1 = 357
Lower Bound 2 = 262
Avaliação = 1.23529

Tempo de execução: 1.79243s

---------------------------

Tamanho da população: 297
Fração elite: 0.55
Fração mutante: 0.0174
Probabilidade herdar alelo elite: 0.7678
Número de populações independentes: 1
Número de threads: 1
Trocar os melhores indivíduos a cada 30 gerações
Número máximo de gerações: 279

Largura da faixa = 112
Melhor altura = 439

Lower Bound 1 = 357
Lower Bound 2 = 262
Avaliação = 1.22969

Tempo de execução: 1.85076s

---------------------------

Tamanho da população: 297
Fração elite: 0.55
Fração mutante: 0.0174
Probabilidade herdar alelo elite: 0.7678
Número de populações independentes: 1
Número de threads: 1
Trocar os melhores indivíduos a cada 30 gerações
Número máximo de gerações: 279

Largura da faixa = 112
Melhor altura = 441

Lower Bound 1 = 357
Lower Bound 2 = 262
Avaliação = 1.23529

Tempo de execução: 1.80014s

---------------------------

Tamanho da população: 297
Fração elite: 0.55
Fração mutante: 0.0174
Probabilidade herdar alelo elite: 0.7678
Número de populações independentes: 1
Número de threads: 1
Trocar os melhores indivíduos a cada 30 gerações
Número máximo de gerações: 279

Largura da faixa = 112
Melhor altura = 439

Lower Bound 1 = 357
Lower Bound 2 = 262
Avaliação = 1.22969

Tempo de execução: 1.8136s

---------------------------

Tamanho da população: 297
Fração elite: 0.55
Fração mutante: 0.0174
Probabilidade herdar alelo elite: 0.7678
Número de populações independentes: 1
Número de threads: 1
Trocar os melhores indivíduos a cada 30 gerações
Número máximo de gerações: 279

Largura da faixa = 112
Melhor altura = 440

Lower Bound 1 = 357
Lower Bound 2 = 262
Avaliação = 1.23249

Tempo de execução: 1.84281s

---------------------------

Tamanho da população: 297
Fração elite: 0.55
Fração mutante: 0.0174
Probabilidade herdar alelo elite: 0.7678
Número de populações independentes: 1
Número de threads: 1
Trocar os melhores indivíduos a cada 30 gerações
Número máximo de gerações: 279

Largura da faixa = 112
Melhor altura = 441

Lower Bound 1 = 357
Lower Bound 2 = 262
Avaliação = 1.23529

Tempo de execução: 1.77725s

---------------------------

Tamanho da população: 297
Fração elite: 0.55
Fração mutante: 0.0174
Probabilidade herdar alelo elite: 0.7678
Número de populações independentes: 1
Número de threads: 1
Trocar os melhores indivíduos a cada 30 gerações
Número máximo de gerações: 279

Largura da faixa = 112
Melhor altura = 441

Lower Bound 1 = 357
Lower Bound 2 = 262
Avaliação = 1.23529

Tempo de execução: 1.78215s

---------------------------

Tamanho da população: 297
Fração elite: 0.55
Fração mutante: 0.0174
Probabilidade herdar alelo elite: 0.7678
Número de populações independentes: 1
Número de threads: 1
Trocar os melhores indivíduos a cada 30 gerações
Número máximo de gerações: 279

Largura da faixa = 112
Melhor altura = 441

Lower Bound 1 = 357
Lower Bound 2 = 262
Avaliação = 1.23529

Tempo de execução: 1.81797s

---------------------------

Tamanho da população: 297
Fração elite: 0.55
Fração mutante: 0.0174
Probabilidade herdar alelo elite: 0.7678
Número de populações independentes: 1
Número de threads: 1
Trocar os melhores indivíduos a cada 30 gerações
Número máximo de gerações: 279

Largura da faixa = 112
Melhor altura = 439

Lower Bound 1 = 357
Lower Bound 2 = 262
Avaliação = 1.22969

Tempo de execução: 1.78913s

---------------------------

Tamanho da população: 297
Fração elite: 0.55
Fração mutante: 0.0174
Probabilidade herdar alelo elite: 0.7678
Número de populações independentes: 1
Número de threads: 1
Trocar os melhores indivíduos a cada 30 gerações
Número máximo de gerações: 279

Largura da faixa = 112
Melhor altura = 440

Lower Bound 1 = 357
Lower Bound 2 = 262
Avaliação = 1.23249

Tempo de execução: 1.81203s

---------------------------

