Tamanho da população: 297
Fração elite: 0.55
Fração mutante: 0.0174
Probabilidade herdar alelo elite: 0.7678
Número de populações independentes: 1
Número de threads: 1
Trocar os melhores indivíduos a cada 30 gerações
Número máximo de gerações: 279

Largura da faixa = 112
Melhor altura = 405

Lower Bound 1 = 357
Lower Bound 2 = 325
Avaliação = 1.13445

Tempo de execução: 2.04759s

---------------------------

Tamanho da população: 297
Fração elite: 0.55
Fração mutante: 0.0174
Probabilidade herdar alelo elite: 0.7678
Número de populações independentes: 1
Número de threads: 1
Trocar os melhores indivíduos a cada 30 gerações
Número máximo de gerações: 279

Largura da faixa = 112
Melhor altura = 405

Lower Bound 1 = 357
Lower Bound 2 = 325
Avaliação = 1.13445

Tempo de execução: 2.05703s

---------------------------

Tamanho da população: 297
Fração elite: 0.55
Fração mutante: 0.0174
Probabilidade herdar alelo elite: 0.7678
Número de populações independentes: 1
Número de threads: 1
Trocar os melhores indivíduos a cada 30 gerações
Número máximo de gerações: 279

Largura da faixa = 112
Melhor altura = 417

Lower Bound 1 = 357
Lower Bound 2 = 325
Avaliação = 1.16807

Tempo de execução: 2.09396s

---------------------------

Tamanho da população: 297
Fração elite: 0.55
Fração mutante: 0.0174
Probabilidade herdar alelo elite: 0.7678
Número de populações independentes: 1
Número de threads: 1
Trocar os melhores indivíduos a cada 30 gerações
Número máximo de gerações: 279

Largura da faixa = 112
Melhor altura = 405

Lower Bound 1 = 357
Lower Bound 2 = 325
Avaliação = 1.13445

Tempo de execução: 2.07969s

---------------------------

Tamanho da população: 297
Fração elite: 0.55
Fração mutante: 0.0174
Probabilidade herdar alelo elite: 0.7678
Número de populações independentes: 1
Número de threads: 1
Trocar os melhores indivíduos a cada 30 gerações
Número máximo de gerações: 279

Largura da faixa = 112
Melhor altura = 405

Lower Bound 1 = 357
Lower Bound 2 = 325
Avaliação = 1.13445

Tempo de execução: 2.08333s

---------------------------

Tamanho da população: 297
Fração elite: 0.55
Fração mutante: 0.0174
Probabilidade herdar alelo elite: 0.7678
Número de populações independentes: 1
Número de threads: 1
Trocar os melhores indivíduos a cada 30 gerações
Número máximo de gerações: 279

Largura da faixa = 112
Melhor altura = 405

Lower Bound 1 = 357
Lower Bound 2 = 325
Avaliação = 1.13445

Tempo de execução: 2.08361s

---------------------------

Tamanho da população: 297
Fração elite: 0.55
Fração mutante: 0.0174
Probabilidade herdar alelo elite: 0.7678
Número de populações independentes: 1
Número de threads: 1
Trocar os melhores indivíduos a cada 30 gerações
Número máximo de gerações: 279

Largura da faixa = 112
Melhor altura = 421

Lower Bound 1 = 357
Lower Bound 2 = 325
Avaliação = 1.17927

Tempo de execução: 2.01179s

---------------------------

Tamanho da população: 297
Fração elite: 0.55
Fração mutante: 0.0174
Probabilidade herdar alelo elite: 0.7678
Número de populações independentes: 1
Número de threads: 1
Trocar os melhores indivíduos a cada 30 gerações
Número máximo de gerações: 279

Largura da faixa = 112
Melhor altura = 405

Lower Bound 1 = 357
Lower Bound 2 = 325
Avaliação = 1.13445

Tempo de execução: 2.05105s

---------------------------

Tamanho da população: 297
Fração elite: 0.55
Fração mutante: 0.0174
Probabilidade herdar alelo elite: 0.7678
Número de populações independentes: 1
Número de threads: 1
Trocar os melhores indivíduos a cada 30 gerações
Número máximo de gerações: 279

Largura da faixa = 112
Melhor altura = 405

Lower Bound 1 = 357
Lower Bound 2 = 325
Avaliação = 1.13445

Tempo de execução: 2.10786s

---------------------------

Tamanho da população: 297
Fração elite: 0.55
Fração mutante: 0.0174
Probabilidade herdar alelo elite: 0.7678
Número de populações independentes: 1
Número de threads: 1
Trocar os melhores indivíduos a cada 30 gerações
Número máximo de gerações: 279

Largura da faixa = 112
Melhor altura = 405

Lower Bound 1 = 357
Lower Bound 2 = 325
Avaliação = 1.13445

Tempo de execução: 2.04432s

---------------------------

Tamanho da população: 297
Fração elite: 0.55
Fração mutante: 0.0174
Probabilidade herdar alelo elite: 0.7678
Número de populações independentes: 1
Número de threads: 1
Trocar os melhores indivíduos a cada 30 gerações
Número máximo de gerações: 279

Largura da faixa = 112
Melhor altura = 405

Lower Bound 1 = 357
Lower Bound 2 = 325
Avaliação = 1.13445

Tempo de execução: 2.05035s

---------------------------

Tamanho da população: 297
Fração elite: 0.55
Fração mutante: 0.0174
Probabilidade herdar alelo elite: 0.7678
Número de populações independentes: 1
Número de threads: 1
Trocar os melhores indivíduos a cada 30 gerações
Número máximo de gerações: 279

Largura da faixa = 112
Melhor altura = 405

Lower Bound 1 = 357
Lower Bound 2 = 325
Avaliação = 1.13445

Tempo de execução: 2.05625s

---------------------------

Tamanho da população: 297
Fração elite: 0.55
Fração mutante: 0.0174
Probabilidade herdar alelo elite: 0.7678
Número de populações independentes: 1
Número de threads: 1
Trocar os melhores indivíduos a cada 30 gerações
Número máximo de gerações: 279

Largura da faixa = 112
Melhor altura = 421

Lower Bound 1 = 357
Lower Bound 2 = 325
Avaliação = 1.17927

Tempo de execução: 2.00048s

---------------------------

Tamanho da população: 297
Fração elite: 0.55
Fração mutante: 0.0174
Probabilidade herdar alelo elite: 0.7678
Número de populações independentes: 1
Número de threads: 1
Trocar os melhores indivíduos a cada 30 gerações
Número máximo de gerações: 279

Largura da faixa = 112
Melhor altura = 428

Lower Bound 1 = 357
Lower Bound 2 = 325
Avaliação = 1.19888

Tempo de execução: 2.04558s

---------------------------

Tamanho da população: 297
Fração elite: 0.55
Fração mutante: 0.0174
Probabilidade herdar alelo elite: 0.7678
Número de populações independentes: 1
Número de threads: 1
Trocar os melhores indivíduos a cada 30 gerações
Número máximo de gerações: 279

Largura da faixa = 112
Melhor altura = 408

Lower Bound 1 = 357
Lower Bound 2 = 325
Avaliação = 1.14286

Tempo de execução: 2.07957s

---------------------------

Tamanho da população: 297
Fração elite: 0.55
Fração mutante: 0.0174
Probabilidade herdar alelo elite: 0.7678
Número de populações independentes: 1
Número de threads: 1
Trocar os melhores indivíduos a cada 30 gerações
Número máximo de gerações: 279

Largura da faixa = 112
Melhor altura = 405

Lower Bound 1 = 357
Lower Bound 2 = 325
Avaliação = 1.13445

Tempo de execução: 2.02835s

---------------------------

Tamanho da população: 297
Fração elite: 0.55
Fração mutante: 0.0174
Probabilidade herdar alelo elite: 0.7678
Número de populações independentes: 1
Número de threads: 1
Trocar os melhores indivíduos a cada 30 gerações
Número máximo de gerações: 279

Largura da faixa = 112
Melhor altura = 405

Lower Bound 1 = 357
Lower Bound 2 = 325
Avaliação = 1.13445

Tempo de execução: 2.03729s

---------------------------

Tamanho da população: 297
Fração elite: 0.55
Fração mutante: 0.0174
Probabilidade herdar alelo elite: 0.7678
Número de populações independentes: 1
Número de threads: 1
Trocar os melhores indivíduos a cada 30 gerações
Número máximo de gerações: 279

Largura da faixa = 112
Melhor altura = 405

Lower Bound 1 = 357
Lower Bound 2 = 325
Avaliação = 1.13445

Tempo de execução: 2.07715s

---------------------------

Tamanho da população: 297
Fração elite: 0.55
Fração mutante: 0.0174
Probabilidade herdar alelo elite: 0.7678
Número de populações independentes: 1
Número de threads: 1
Trocar os melhores indivíduos a cada 30 gerações
Número máximo de gerações: 279

Largura da faixa = 112
Melhor altura = 405

Lower Bound 1 = 357
Lower Bound 2 = 325
Avaliação = 1.13445

Tempo de execução: 2.01398s

---------------------------

Tamanho da população: 297
Fração elite: 0.55
Fração mutante: 0.0174
Probabilidade herdar alelo elite: 0.7678
Número de populações independentes: 1
Número de threads: 1
Trocar os melhores indivíduos a cada 30 gerações
Número máximo de gerações: 279

Largura da faixa = 112
Melhor altura = 405

Lower Bound 1 = 357
Lower Bound 2 = 325
Avaliação = 1.13445

Tempo de execução: 2.0834s

---------------------------

