Tamanho da população: 475
Fração elite: 0.2121
Fração mutante: 0.0442
Probabilidade herdar alelo elite: 0.6514
Número de populações independentes: 3
Troca de informação de 4 individuos a cada 241 gerações
Número de threads: 1

Largura da faixa = 104
Melhor altura = 441

Lower Bound 1 = 384
Lower Bound 2 = 292
Avaliação = 1.14844

Tempo de execução: 60.0096s

---------------------------

Tamanho da população: 475
Fração elite: 0.2121
Fração mutante: 0.0442
Probabilidade herdar alelo elite: 0.6514
Número de populações independentes: 3
Troca de informação de 4 individuos a cada 241 gerações
Número de threads: 1

Largura da faixa = 104
Melhor altura = 441

Lower Bound 1 = 384
Lower Bound 2 = 292
Avaliação = 1.14844

Tempo de execução: 60.029s

---------------------------

Tamanho da população: 475
Fração elite: 0.2121
Fração mutante: 0.0442
Probabilidade herdar alelo elite: 0.6514
Número de populações independentes: 3
Troca de informação de 4 individuos a cada 241 gerações
Número de threads: 1

Largura da faixa = 104
Melhor altura = 439

Lower Bound 1 = 384
Lower Bound 2 = 292
Avaliação = 1.14323

Tempo de execução: 60.0311s

---------------------------

Tamanho da população: 475
Fração elite: 0.2121
Fração mutante: 0.0442
Probabilidade herdar alelo elite: 0.6514
Número de populações independentes: 3
Troca de informação de 4 individuos a cada 241 gerações
Número de threads: 1

Largura da faixa = 104
Melhor altura = 441

Lower Bound 1 = 384
Lower Bound 2 = 292
Avaliação = 1.14844

Tempo de execução: 60.0058s

---------------------------

Tamanho da população: 475
Fração elite: 0.2121
Fração mutante: 0.0442
Probabilidade herdar alelo elite: 0.6514
Número de populações independentes: 3
Troca de informação de 4 individuos a cada 241 gerações
Número de threads: 1

Largura da faixa = 104
Melhor altura = 441

Lower Bound 1 = 384
Lower Bound 2 = 292
Avaliação = 1.14844

Tempo de execução: 60.0172s

---------------------------

Tamanho da população: 475
Fração elite: 0.2121
Fração mutante: 0.0442
Probabilidade herdar alelo elite: 0.6514
Número de populações independentes: 3
Troca de informação de 4 individuos a cada 241 gerações
Número de threads: 1

Largura da faixa = 104
Melhor altura = 441

Lower Bound 1 = 384
Lower Bound 2 = 292
Avaliação = 1.14844

Tempo de execução: 60.0362s

---------------------------

Tamanho da população: 475
Fração elite: 0.2121
Fração mutante: 0.0442
Probabilidade herdar alelo elite: 0.6514
Número de populações independentes: 3
Troca de informação de 4 individuos a cada 241 gerações
Número de threads: 1

Largura da faixa = 104
Melhor altura = 441

Lower Bound 1 = 384
Lower Bound 2 = 292
Avaliação = 1.14844

Tempo de execução: 60.003s

---------------------------

Tamanho da população: 475
Fração elite: 0.2121
Fração mutante: 0.0442
Probabilidade herdar alelo elite: 0.6514
Número de populações independentes: 3
Troca de informação de 4 individuos a cada 241 gerações
Número de threads: 1

Largura da faixa = 104
Melhor altura = 441

Lower Bound 1 = 384
Lower Bound 2 = 292
Avaliação = 1.14844

Tempo de execução: 60.014s

---------------------------

Tamanho da população: 475
Fração elite: 0.2121
Fração mutante: 0.0442
Probabilidade herdar alelo elite: 0.6514
Número de populações independentes: 3
Troca de informação de 4 individuos a cada 241 gerações
Número de threads: 1

Largura da faixa = 104
Melhor altura = 441

Lower Bound 1 = 384
Lower Bound 2 = 292
Avaliação = 1.14844

Tempo de execução: 60.0529s

---------------------------

Tamanho da população: 475
Fração elite: 0.2121
Fração mutante: 0.0442
Probabilidade herdar alelo elite: 0.6514
Número de populações independentes: 3
Troca de informação de 4 individuos a cada 241 gerações
Número de threads: 1

Largura da faixa = 104
Melhor altura = 441

Lower Bound 1 = 384
Lower Bound 2 = 292
Avaliação = 1.14844

Tempo de execução: 60.0257s

---------------------------

Tamanho da população: 475
Fração elite: 0.2121
Fração mutante: 0.0442
Probabilidade herdar alelo elite: 0.6514
Número de populações independentes: 3
Troca de informação de 4 individuos a cada 241 gerações
Número de threads: 1

Largura da faixa = 104
Melhor altura = 441

Lower Bound 1 = 384
Lower Bound 2 = 292
Avaliação = 1.14844

Tempo de execução: 60.0451s

---------------------------

Tamanho da população: 475
Fração elite: 0.2121
Fração mutante: 0.0442
Probabilidade herdar alelo elite: 0.6514
Número de populações independentes: 3
Troca de informação de 4 individuos a cada 241 gerações
Número de threads: 1

Largura da faixa = 104
Melhor altura = 441

Lower Bound 1 = 384
Lower Bound 2 = 292
Avaliação = 1.14844

Tempo de execução: 60.0502s

---------------------------

Tamanho da população: 475
Fração elite: 0.2121
Fração mutante: 0.0442
Probabilidade herdar alelo elite: 0.6514
Número de populações independentes: 3
Troca de informação de 4 individuos a cada 241 gerações
Número de threads: 1

Largura da faixa = 104
Melhor altura = 441

Lower Bound 1 = 384
Lower Bound 2 = 292
Avaliação = 1.14844

Tempo de execução: 60.0125s

---------------------------

Tamanho da população: 475
Fração elite: 0.2121
Fração mutante: 0.0442
Probabilidade herdar alelo elite: 0.6514
Número de populações independentes: 3
Troca de informação de 4 individuos a cada 241 gerações
Número de threads: 1

Largura da faixa = 104
Melhor altura = 441

Lower Bound 1 = 384
Lower Bound 2 = 292
Avaliação = 1.14844

Tempo de execução: 60.0277s

---------------------------

Tamanho da população: 475
Fração elite: 0.2121
Fração mutante: 0.0442
Probabilidade herdar alelo elite: 0.6514
Número de populações independentes: 3
Troca de informação de 4 individuos a cada 241 gerações
Número de threads: 1

Largura da faixa = 104
Melhor altura = 441

Lower Bound 1 = 384
Lower Bound 2 = 292
Avaliação = 1.14844

Tempo de execução: 60.0316s

---------------------------

Tamanho da população: 475
Fração elite: 0.2121
Fração mutante: 0.0442
Probabilidade herdar alelo elite: 0.6514
Número de populações independentes: 3
Troca de informação de 4 individuos a cada 241 gerações
Número de threads: 1

Largura da faixa = 104
Melhor altura = 441

Lower Bound 1 = 384
Lower Bound 2 = 292
Avaliação = 1.14844

Tempo de execução: 60.025s

---------------------------

Tamanho da população: 475
Fração elite: 0.2121
Fração mutante: 0.0442
Probabilidade herdar alelo elite: 0.6514
Número de populações independentes: 3
Troca de informação de 4 individuos a cada 241 gerações
Número de threads: 1

Largura da faixa = 104
Melhor altura = 441

Lower Bound 1 = 384
Lower Bound 2 = 292
Avaliação = 1.14844

Tempo de execução: 60.0285s

---------------------------

Tamanho da população: 475
Fração elite: 0.2121
Fração mutante: 0.0442
Probabilidade herdar alelo elite: 0.6514
Número de populações independentes: 3
Troca de informação de 4 individuos a cada 241 gerações
Número de threads: 1

Largura da faixa = 104
Melhor altura = 439

Lower Bound 1 = 384
Lower Bound 2 = 292
Avaliação = 1.14323

Tempo de execução: 60.0376s

---------------------------

Tamanho da população: 475
Fração elite: 0.2121
Fração mutante: 0.0442
Probabilidade herdar alelo elite: 0.6514
Número de populações independentes: 3
Troca de informação de 4 individuos a cada 241 gerações
Número de threads: 1

Largura da faixa = 104
Melhor altura = 441

Lower Bound 1 = 384
Lower Bound 2 = 292
Avaliação = 1.14844

Tempo de execução: 60.0063s

---------------------------

Tamanho da população: 475
Fração elite: 0.2121
Fração mutante: 0.0442
Probabilidade herdar alelo elite: 0.6514
Número de populações independentes: 3
Troca de informação de 4 individuos a cada 241 gerações
Número de threads: 1

Largura da faixa = 104
Melhor altura = 441

Lower Bound 1 = 384
Lower Bound 2 = 292
Avaliação = 1.14844

Tempo de execução: 60.0136s
