Tamanho da população: 297
Fração elite: 0.55
Fração mutante: 0.0174
Probabilidade herdar alelo elite: 0.7678
Número de populações independentes: 1
Número de threads: 1
Trocar os melhores indivíduos a cada 30 gerações
Número máximo de gerações: 279

Largura da faixa = 110
Melhor altura = 416

Lower Bound 1 = 363
Lower Bound 2 = 208
Avaliação = 1.14601

Tempo de execução: 10.2309s

---------------------------

Tamanho da população: 297
Fração elite: 0.55
Fração mutante: 0.0174
Probabilidade herdar alelo elite: 0.7678
Número de populações independentes: 1
Número de threads: 1
Trocar os melhores indivíduos a cada 30 gerações
Número máximo de gerações: 279

Largura da faixa = 110
Melhor altura = 416

Lower Bound 1 = 363
Lower Bound 2 = 208
Avaliação = 1.14601

Tempo de execução: 10.2408s

---------------------------

Tamanho da população: 297
Fração elite: 0.55
Fração mutante: 0.0174
Probabilidade herdar alelo elite: 0.7678
Número de populações independentes: 1
Número de threads: 1
Trocar os melhores indivíduos a cada 30 gerações
Número máximo de gerações: 279

Largura da faixa = 110
Melhor altura = 422

Lower Bound 1 = 363
Lower Bound 2 = 208
Avaliação = 1.16253

Tempo de execução: 10.8226s

---------------------------

Tamanho da população: 297
Fração elite: 0.55
Fração mutante: 0.0174
Probabilidade herdar alelo elite: 0.7678
Número de populações independentes: 1
Número de threads: 1
Trocar os melhores indivíduos a cada 30 gerações
Número máximo de gerações: 279

Largura da faixa = 110
Melhor altura = 417

Lower Bound 1 = 363
Lower Bound 2 = 208
Avaliação = 1.14876

Tempo de execução: 10.3234s

---------------------------

Tamanho da população: 297
Fração elite: 0.55
Fração mutante: 0.0174
Probabilidade herdar alelo elite: 0.7678
Número de populações independentes: 1
Número de threads: 1
Trocar os melhores indivíduos a cada 30 gerações
Número máximo de gerações: 279

Largura da faixa = 110
Melhor altura = 413

Lower Bound 1 = 363
Lower Bound 2 = 208
Avaliação = 1.13774

Tempo de execução: 10.3688s

---------------------------

Tamanho da população: 297
Fração elite: 0.55
Fração mutante: 0.0174
Probabilidade herdar alelo elite: 0.7678
Número de populações independentes: 1
Número de threads: 1
Trocar os melhores indivíduos a cada 30 gerações
Número máximo de gerações: 279

Largura da faixa = 110
Melhor altura = 406

Lower Bound 1 = 363
Lower Bound 2 = 208
Avaliação = 1.11846

Tempo de execução: 10.6798s

---------------------------

Tamanho da população: 297
Fração elite: 0.55
Fração mutante: 0.0174
Probabilidade herdar alelo elite: 0.7678
Número de populações independentes: 1
Número de threads: 1
Trocar os melhores indivíduos a cada 30 gerações
Número máximo de gerações: 279

Largura da faixa = 110
Melhor altura = 414

Lower Bound 1 = 363
Lower Bound 2 = 208
Avaliação = 1.1405

Tempo de execução: 10.5087s

---------------------------

Tamanho da população: 297
Fração elite: 0.55
Fração mutante: 0.0174
Probabilidade herdar alelo elite: 0.7678
Número de populações independentes: 1
Número de threads: 1
Trocar os melhores indivíduos a cada 30 gerações
Número máximo de gerações: 279

Largura da faixa = 110
Melhor altura = 422

Lower Bound 1 = 363
Lower Bound 2 = 208
Avaliação = 1.16253

Tempo de execução: 10.6739s

---------------------------

Tamanho da população: 297
Fração elite: 0.55
Fração mutante: 0.0174
Probabilidade herdar alelo elite: 0.7678
Número de populações independentes: 1
Número de threads: 1
Trocar os melhores indivíduos a cada 30 gerações
Número máximo de gerações: 279

Largura da faixa = 110
Melhor altura = 413

Lower Bound 1 = 363
Lower Bound 2 = 208
Avaliação = 1.13774

Tempo de execução: 10.7977s

---------------------------

Tamanho da população: 297
Fração elite: 0.55
Fração mutante: 0.0174
Probabilidade herdar alelo elite: 0.7678
Número de populações independentes: 1
Número de threads: 1
Trocar os melhores indivíduos a cada 30 gerações
Número máximo de gerações: 279

Largura da faixa = 110
Melhor altura = 409

Lower Bound 1 = 363
Lower Bound 2 = 208
Avaliação = 1.12672

Tempo de execução: 10.1333s

---------------------------

Tamanho da população: 297
Fração elite: 0.55
Fração mutante: 0.0174
Probabilidade herdar alelo elite: 0.7678
Número de populações independentes: 1
Número de threads: 1
Trocar os melhores indivíduos a cada 30 gerações
Número máximo de gerações: 279

Largura da faixa = 110
Melhor altura = 416

Lower Bound 1 = 363
Lower Bound 2 = 208
Avaliação = 1.14601

Tempo de execução: 10.2516s

---------------------------

Tamanho da população: 297
Fração elite: 0.55
Fração mutante: 0.0174
Probabilidade herdar alelo elite: 0.7678
Número de populações independentes: 1
Número de threads: 1
Trocar os melhores indivíduos a cada 30 gerações
Número máximo de gerações: 279

Largura da faixa = 110
Melhor altura = 408

Lower Bound 1 = 363
Lower Bound 2 = 208
Avaliação = 1.12397

Tempo de execução: 10.6374s

---------------------------

Tamanho da população: 297
Fração elite: 0.55
Fração mutante: 0.0174
Probabilidade herdar alelo elite: 0.7678
Número de populações independentes: 1
Número de threads: 1
Trocar os melhores indivíduos a cada 30 gerações
Número máximo de gerações: 279

Largura da faixa = 110
Melhor altura = 417

Lower Bound 1 = 363
Lower Bound 2 = 208
Avaliação = 1.14876

Tempo de execução: 10.1159s

---------------------------

Tamanho da população: 297
Fração elite: 0.55
Fração mutante: 0.0174
Probabilidade herdar alelo elite: 0.7678
Número de populações independentes: 1
Número de threads: 1
Trocar os melhores indivíduos a cada 30 gerações
Número máximo de gerações: 279

Largura da faixa = 110
Melhor altura = 414

Lower Bound 1 = 363
Lower Bound 2 = 208
Avaliação = 1.1405

Tempo de execução: 10.4525s

---------------------------

Tamanho da população: 297
Fração elite: 0.55
Fração mutante: 0.0174
Probabilidade herdar alelo elite: 0.7678
Número de populações independentes: 1
Número de threads: 1
Trocar os melhores indivíduos a cada 30 gerações
Número máximo de gerações: 279

Largura da faixa = 110
Melhor altura = 419

Lower Bound 1 = 363
Lower Bound 2 = 208
Avaliação = 1.15427

Tempo de execução: 10.6371s

---------------------------

Tamanho da população: 297
Fração elite: 0.55
Fração mutante: 0.0174
Probabilidade herdar alelo elite: 0.7678
Número de populações independentes: 1
Número de threads: 1
Trocar os melhores indivíduos a cada 30 gerações
Número máximo de gerações: 279

Largura da faixa = 110
Melhor altura = 414

Lower Bound 1 = 363
Lower Bound 2 = 208
Avaliação = 1.1405

Tempo de execução: 10.4819s

---------------------------

Tamanho da população: 297
Fração elite: 0.55
Fração mutante: 0.0174
Probabilidade herdar alelo elite: 0.7678
Número de populações independentes: 1
Número de threads: 1
Trocar os melhores indivíduos a cada 30 gerações
Número máximo de gerações: 279

Largura da faixa = 110
Melhor altura = 418

Lower Bound 1 = 363
Lower Bound 2 = 208
Avaliação = 1.15152

Tempo de execução: 10.5886s

---------------------------

Tamanho da população: 297
Fração elite: 0.55
Fração mutante: 0.0174
Probabilidade herdar alelo elite: 0.7678
Número de populações independentes: 1
Número de threads: 1
Trocar os melhores indivíduos a cada 30 gerações
Número máximo de gerações: 279

Largura da faixa = 110
Melhor altura = 415

Lower Bound 1 = 363
Lower Bound 2 = 208
Avaliação = 1.14325

Tempo de execução: 10.6107s

---------------------------

Tamanho da população: 297
Fração elite: 0.55
Fração mutante: 0.0174
Probabilidade herdar alelo elite: 0.7678
Número de populações independentes: 1
Número de threads: 1
Trocar os melhores indivíduos a cada 30 gerações
Número máximo de gerações: 279

Largura da faixa = 110
Melhor altura = 417

Lower Bound 1 = 363
Lower Bound 2 = 208
Avaliação = 1.14876

Tempo de execução: 10.159s

---------------------------

Tamanho da população: 297
Fração elite: 0.55
Fração mutante: 0.0174
Probabilidade herdar alelo elite: 0.7678
Número de populações independentes: 1
Número de threads: 1
Trocar os melhores indivíduos a cada 30 gerações
Número máximo de gerações: 279

Largura da faixa = 110
Melhor altura = 419

Lower Bound 1 = 363
Lower Bound 2 = 208
Avaliação = 1.15427

Tempo de execução: 10.2491s

---------------------------

