Número de cromossomos: 197
Tamanho da população: 1000
Fração elite: 0.3
Fração mutante: 0.4
Probabilidade herdar alelo elite: 0.8
Número de populações independentes: 3
Número de threads: 2
Melhor até agora: 847 Geração: 0
Melhor até agora: 830 Geração: 1
Melhor até agora: 824 Geração: 4
Melhor até agora: 813 Geração: 5
Melhor até agora: 800 Geração: 6
Melhor até agora: 795 Geração: 8
Melhor até agora: 790 Geração: 11
Melhor até agora: 776 Geração: 15
Melhor até agora: 773 Geração: 19
Melhor até agora: 771 Geração: 20
Melhor até agora: 770 Geração: 23
Largura da faixa = 83
Melhor altura = 770

Lower Bound 1 = 481
Lower Bound 2 = 237
Avaliação = 1.60083
Tempo de execução: 77728ms

---------------------------

