Tamanho da população: 297
Fração elite: 0.55
Fração mutante: 0.0174
Probabilidade herdar alelo elite: 0.7678
Número de populações independentes: 1
Número de threads: 1
Trocar os melhores indivíduos a cada 30 gerações
Número máximo de gerações: 279

Largura da faixa = 97
Melhor altura = 475

Lower Bound 1 = 412
Lower Bound 2 = 340
Avaliação = 1.15291

Tempo de execução: 1.62878s

---------------------------

Tamanho da população: 297
Fração elite: 0.55
Fração mutante: 0.0174
Probabilidade herdar alelo elite: 0.7678
Número de populações independentes: 1
Número de threads: 1
Trocar os melhores indivíduos a cada 30 gerações
Número máximo de gerações: 279

Largura da faixa = 97
Melhor altura = 475

Lower Bound 1 = 412
Lower Bound 2 = 340
Avaliação = 1.15291

Tempo de execução: 1.62936s

---------------------------

Tamanho da população: 297
Fração elite: 0.55
Fração mutante: 0.0174
Probabilidade herdar alelo elite: 0.7678
Número de populações independentes: 1
Número de threads: 1
Trocar os melhores indivíduos a cada 30 gerações
Número máximo de gerações: 279

Largura da faixa = 97
Melhor altura = 477

Lower Bound 1 = 412
Lower Bound 2 = 340
Avaliação = 1.15777

Tempo de execução: 1.6462s

---------------------------

Tamanho da população: 297
Fração elite: 0.55
Fração mutante: 0.0174
Probabilidade herdar alelo elite: 0.7678
Número de populações independentes: 1
Número de threads: 1
Trocar os melhores indivíduos a cada 30 gerações
Número máximo de gerações: 279

Largura da faixa = 97
Melhor altura = 475

Lower Bound 1 = 412
Lower Bound 2 = 340
Avaliação = 1.15291

Tempo de execução: 1.60121s

---------------------------

Tamanho da população: 297
Fração elite: 0.55
Fração mutante: 0.0174
Probabilidade herdar alelo elite: 0.7678
Número de populações independentes: 1
Número de threads: 1
Trocar os melhores indivíduos a cada 30 gerações
Número máximo de gerações: 279

Largura da faixa = 97
Melhor altura = 475

Lower Bound 1 = 412
Lower Bound 2 = 340
Avaliação = 1.15291

Tempo de execução: 1.60414s

---------------------------

Tamanho da população: 297
Fração elite: 0.55
Fração mutante: 0.0174
Probabilidade herdar alelo elite: 0.7678
Número de populações independentes: 1
Número de threads: 1
Trocar os melhores indivíduos a cada 30 gerações
Número máximo de gerações: 279

Largura da faixa = 97
Melhor altura = 475

Lower Bound 1 = 412
Lower Bound 2 = 340
Avaliação = 1.15291

Tempo de execução: 1.63707s

---------------------------

Tamanho da população: 297
Fração elite: 0.55
Fração mutante: 0.0174
Probabilidade herdar alelo elite: 0.7678
Número de populações independentes: 1
Número de threads: 1
Trocar os melhores indivíduos a cada 30 gerações
Número máximo de gerações: 279

Largura da faixa = 97
Melhor altura = 475

Lower Bound 1 = 412
Lower Bound 2 = 340
Avaliação = 1.15291

Tempo de execução: 1.60528s

---------------------------

Tamanho da população: 297
Fração elite: 0.55
Fração mutante: 0.0174
Probabilidade herdar alelo elite: 0.7678
Número de populações independentes: 1
Número de threads: 1
Trocar os melhores indivíduos a cada 30 gerações
Número máximo de gerações: 279

Largura da faixa = 97
Melhor altura = 475

Lower Bound 1 = 412
Lower Bound 2 = 340
Avaliação = 1.15291

Tempo de execução: 1.6169s

---------------------------

Tamanho da população: 297
Fração elite: 0.55
Fração mutante: 0.0174
Probabilidade herdar alelo elite: 0.7678
Número de populações independentes: 1
Número de threads: 1
Trocar os melhores indivíduos a cada 30 gerações
Número máximo de gerações: 279

Largura da faixa = 97
Melhor altura = 475

Lower Bound 1 = 412
Lower Bound 2 = 340
Avaliação = 1.15291

Tempo de execução: 1.62375s

---------------------------

Tamanho da população: 297
Fração elite: 0.55
Fração mutante: 0.0174
Probabilidade herdar alelo elite: 0.7678
Número de populações independentes: 1
Número de threads: 1
Trocar os melhores indivíduos a cada 30 gerações
Número máximo de gerações: 279

Largura da faixa = 97
Melhor altura = 475

Lower Bound 1 = 412
Lower Bound 2 = 340
Avaliação = 1.15291

Tempo de execução: 1.59379s

---------------------------

Tamanho da população: 297
Fração elite: 0.55
Fração mutante: 0.0174
Probabilidade herdar alelo elite: 0.7678
Número de populações independentes: 1
Número de threads: 1
Trocar os melhores indivíduos a cada 30 gerações
Número máximo de gerações: 279

Largura da faixa = 97
Melhor altura = 475

Lower Bound 1 = 412
Lower Bound 2 = 340
Avaliação = 1.15291

Tempo de execução: 1.62302s

---------------------------

Tamanho da população: 297
Fração elite: 0.55
Fração mutante: 0.0174
Probabilidade herdar alelo elite: 0.7678
Número de populações independentes: 1
Número de threads: 1
Trocar os melhores indivíduos a cada 30 gerações
Número máximo de gerações: 279

Largura da faixa = 97
Melhor altura = 475

Lower Bound 1 = 412
Lower Bound 2 = 340
Avaliação = 1.15291

Tempo de execução: 1.6313s

---------------------------

Tamanho da população: 297
Fração elite: 0.55
Fração mutante: 0.0174
Probabilidade herdar alelo elite: 0.7678
Número de populações independentes: 1
Número de threads: 1
Trocar os melhores indivíduos a cada 30 gerações
Número máximo de gerações: 279

Largura da faixa = 97
Melhor altura = 475

Lower Bound 1 = 412
Lower Bound 2 = 340
Avaliação = 1.15291

Tempo de execução: 1.59112s

---------------------------

Tamanho da população: 297
Fração elite: 0.55
Fração mutante: 0.0174
Probabilidade herdar alelo elite: 0.7678
Número de populações independentes: 1
Número de threads: 1
Trocar os melhores indivíduos a cada 30 gerações
Número máximo de gerações: 279

Largura da faixa = 97
Melhor altura = 475

Lower Bound 1 = 412
Lower Bound 2 = 340
Avaliação = 1.15291

Tempo de execução: 1.6233s

---------------------------

Tamanho da população: 297
Fração elite: 0.55
Fração mutante: 0.0174
Probabilidade herdar alelo elite: 0.7678
Número de populações independentes: 1
Número de threads: 1
Trocar os melhores indivíduos a cada 30 gerações
Número máximo de gerações: 279

Largura da faixa = 97
Melhor altura = 475

Lower Bound 1 = 412
Lower Bound 2 = 340
Avaliação = 1.15291

Tempo de execução: 1.64387s

---------------------------

Tamanho da população: 297
Fração elite: 0.55
Fração mutante: 0.0174
Probabilidade herdar alelo elite: 0.7678
Número de populações independentes: 1
Número de threads: 1
Trocar os melhores indivíduos a cada 30 gerações
Número máximo de gerações: 279

Largura da faixa = 97
Melhor altura = 475

Lower Bound 1 = 412
Lower Bound 2 = 340
Avaliação = 1.15291

Tempo de execução: 1.5788s

---------------------------

Tamanho da população: 297
Fração elite: 0.55
Fração mutante: 0.0174
Probabilidade herdar alelo elite: 0.7678
Número de populações independentes: 1
Número de threads: 1
Trocar os melhores indivíduos a cada 30 gerações
Número máximo de gerações: 279

Largura da faixa = 97
Melhor altura = 475

Lower Bound 1 = 412
Lower Bound 2 = 340
Avaliação = 1.15291

Tempo de execução: 1.59772s

---------------------------

Tamanho da população: 297
Fração elite: 0.55
Fração mutante: 0.0174
Probabilidade herdar alelo elite: 0.7678
Número de populações independentes: 1
Número de threads: 1
Trocar os melhores indivíduos a cada 30 gerações
Número máximo de gerações: 279

Largura da faixa = 97
Melhor altura = 475

Lower Bound 1 = 412
Lower Bound 2 = 340
Avaliação = 1.15291

Tempo de execução: 1.62893s

---------------------------

Tamanho da população: 297
Fração elite: 0.55
Fração mutante: 0.0174
Probabilidade herdar alelo elite: 0.7678
Número de populações independentes: 1
Número de threads: 1
Trocar os melhores indivíduos a cada 30 gerações
Número máximo de gerações: 279

Largura da faixa = 97
Melhor altura = 475

Lower Bound 1 = 412
Lower Bound 2 = 340
Avaliação = 1.15291

Tempo de execução: 1.5689s

---------------------------

Tamanho da população: 297
Fração elite: 0.55
Fração mutante: 0.0174
Probabilidade herdar alelo elite: 0.7678
Número de populações independentes: 1
Número de threads: 1
Trocar os melhores indivíduos a cada 30 gerações
Número máximo de gerações: 279

Largura da faixa = 97
Melhor altura = 474

Lower Bound 1 = 412
Lower Bound 2 = 340
Avaliação = 1.15049

Tempo de execução: 1.61827s

---------------------------

