Tamanho da população: 475
Fração elite: 0.2121
Fração mutante: 0.0442
Probabilidade herdar alelo elite: 0.6514
Número de populações independentes: 3
Troca de informação de 4 individuos a cada 241 gerações
Número de threads: 1

Largura da faixa = 119
Melhor altura = 394

Lower Bound 1 = 336
Lower Bound 2 = 255
Avaliação = 1.17262

Tempo de execução: 60.016s

---------------------------

Tamanho da população: 475
Fração elite: 0.2121
Fração mutante: 0.0442
Probabilidade herdar alelo elite: 0.6514
Número de populações independentes: 3
Troca de informação de 4 individuos a cada 241 gerações
Número de threads: 1

Largura da faixa = 119
Melhor altura = 391

Lower Bound 1 = 336
Lower Bound 2 = 255
Avaliação = 1.16369

Tempo de execução: 60.0173s

---------------------------

Tamanho da população: 475
Fração elite: 0.2121
Fração mutante: 0.0442
Probabilidade herdar alelo elite: 0.6514
Número de populações independentes: 3
Troca de informação de 4 individuos a cada 241 gerações
Número de threads: 1

Largura da faixa = 119
Melhor altura = 394

Lower Bound 1 = 336
Lower Bound 2 = 255
Avaliação = 1.17262

Tempo de execução: 60.0185s

---------------------------

Tamanho da população: 475
Fração elite: 0.2121
Fração mutante: 0.0442
Probabilidade herdar alelo elite: 0.6514
Número de populações independentes: 3
Troca de informação de 4 individuos a cada 241 gerações
Número de threads: 1

Largura da faixa = 119
Melhor altura = 391

Lower Bound 1 = 336
Lower Bound 2 = 255
Avaliação = 1.16369

Tempo de execução: 60.0049s

---------------------------

Tamanho da população: 475
Fração elite: 0.2121
Fração mutante: 0.0442
Probabilidade herdar alelo elite: 0.6514
Número de populações independentes: 3
Troca de informação de 4 individuos a cada 241 gerações
Número de threads: 1

Largura da faixa = 119
Melhor altura = 394

Lower Bound 1 = 336
Lower Bound 2 = 255
Avaliação = 1.17262

Tempo de execução: 60.0115s

---------------------------

Tamanho da população: 475
Fração elite: 0.2121
Fração mutante: 0.0442
Probabilidade herdar alelo elite: 0.6514
Número de populações independentes: 3
Troca de informação de 4 individuos a cada 241 gerações
Número de threads: 1

Largura da faixa = 119
Melhor altura = 394

Lower Bound 1 = 336
Lower Bound 2 = 255
Avaliação = 1.17262

Tempo de execução: 60.0207s

---------------------------

Tamanho da população: 475
Fração elite: 0.2121
Fração mutante: 0.0442
Probabilidade herdar alelo elite: 0.6514
Número de populações independentes: 3
Troca de informação de 4 individuos a cada 241 gerações
Número de threads: 1

Largura da faixa = 119
Melhor altura = 394

Lower Bound 1 = 336
Lower Bound 2 = 255
Avaliação = 1.17262

Tempo de execução: 60.0004s

---------------------------

Tamanho da população: 475
Fração elite: 0.2121
Fração mutante: 0.0442
Probabilidade herdar alelo elite: 0.6514
Número de populações independentes: 3
Troca de informação de 4 individuos a cada 241 gerações
Número de threads: 1

Largura da faixa = 119
Melhor altura = 394

Lower Bound 1 = 336
Lower Bound 2 = 255
Avaliação = 1.17262

Tempo de execução: 60.0214s

---------------------------

Tamanho da população: 475
Fração elite: 0.2121
Fração mutante: 0.0442
Probabilidade herdar alelo elite: 0.6514
Número de populações independentes: 3
Troca de informação de 4 individuos a cada 241 gerações
Número de threads: 1

Largura da faixa = 119
Melhor altura = 394

Lower Bound 1 = 336
Lower Bound 2 = 255
Avaliação = 1.17262

Tempo de execução: 60.0233s

---------------------------

Tamanho da população: 475
Fração elite: 0.2121
Fração mutante: 0.0442
Probabilidade herdar alelo elite: 0.6514
Número de populações independentes: 3
Troca de informação de 4 individuos a cada 241 gerações
Número de threads: 1

Largura da faixa = 119
Melhor altura = 394

Lower Bound 1 = 336
Lower Bound 2 = 255
Avaliação = 1.17262

Tempo de execução: 60.0061s

---------------------------

Tamanho da população: 475
Fração elite: 0.2121
Fração mutante: 0.0442
Probabilidade herdar alelo elite: 0.6514
Número de populações independentes: 3
Troca de informação de 4 individuos a cada 241 gerações
Número de threads: 1

Largura da faixa = 119
Melhor altura = 394

Lower Bound 1 = 336
Lower Bound 2 = 255
Avaliação = 1.17262

Tempo de execução: 60.007s

---------------------------

Tamanho da população: 475
Fração elite: 0.2121
Fração mutante: 0.0442
Probabilidade herdar alelo elite: 0.6514
Número de populações independentes: 3
Troca de informação de 4 individuos a cada 241 gerações
Número de threads: 1

Largura da faixa = 119
Melhor altura = 394

Lower Bound 1 = 336
Lower Bound 2 = 255
Avaliação = 1.17262

Tempo de execução: 60.0145s

---------------------------

Tamanho da população: 475
Fração elite: 0.2121
Fração mutante: 0.0442
Probabilidade herdar alelo elite: 0.6514
Número de populações independentes: 3
Troca de informação de 4 individuos a cada 241 gerações
Número de threads: 1

Largura da faixa = 119
Melhor altura = 394

Lower Bound 1 = 336
Lower Bound 2 = 255
Avaliação = 1.17262

Tempo de execução: 60.0213s

---------------------------

Tamanho da população: 475
Fração elite: 0.2121
Fração mutante: 0.0442
Probabilidade herdar alelo elite: 0.6514
Número de populações independentes: 3
Troca de informação de 4 individuos a cada 241 gerações
Número de threads: 1

Largura da faixa = 119
Melhor altura = 391

Lower Bound 1 = 336
Lower Bound 2 = 255
Avaliação = 1.16369

Tempo de execução: 60.0242s

---------------------------

Tamanho da população: 475
Fração elite: 0.2121
Fração mutante: 0.0442
Probabilidade herdar alelo elite: 0.6514
Número de populações independentes: 3
Troca de informação de 4 individuos a cada 241 gerações
Número de threads: 1

Largura da faixa = 119
Melhor altura = 394

Lower Bound 1 = 336
Lower Bound 2 = 255
Avaliação = 1.17262

Tempo de execução: 60.0245s

---------------------------

Tamanho da população: 475
Fração elite: 0.2121
Fração mutante: 0.0442
Probabilidade herdar alelo elite: 0.6514
Número de populações independentes: 3
Troca de informação de 4 individuos a cada 241 gerações
Número de threads: 1

Largura da faixa = 119
Melhor altura = 394

Lower Bound 1 = 336
Lower Bound 2 = 255
Avaliação = 1.17262

Tempo de execução: 60.0074s

---------------------------

Tamanho da população: 475
Fração elite: 0.2121
Fração mutante: 0.0442
Probabilidade herdar alelo elite: 0.6514
Número de populações independentes: 3
Troca de informação de 4 individuos a cada 241 gerações
Número de threads: 1

Largura da faixa = 119
Melhor altura = 379

Lower Bound 1 = 336
Lower Bound 2 = 255
Avaliação = 1.12798

Tempo de execução: 60.0129s

---------------------------

Tamanho da população: 475
Fração elite: 0.2121
Fração mutante: 0.0442
Probabilidade herdar alelo elite: 0.6514
Número de populações independentes: 3
Troca de informação de 4 individuos a cada 241 gerações
Número de threads: 1

Largura da faixa = 119
Melhor altura = 385

Lower Bound 1 = 336
Lower Bound 2 = 255
Avaliação = 1.14583

Tempo de execução: 60.0175s

---------------------------

Tamanho da população: 475
Fração elite: 0.2121
Fração mutante: 0.0442
Probabilidade herdar alelo elite: 0.6514
Número de populações independentes: 3
Troca de informação de 4 individuos a cada 241 gerações
Número de threads: 1

Largura da faixa = 119
Melhor altura = 394

Lower Bound 1 = 336
Lower Bound 2 = 255
Avaliação = 1.17262

Tempo de execução: 60.0034s

---------------------------

Tamanho da população: 475
Fração elite: 0.2121
Fração mutante: 0.0442
Probabilidade herdar alelo elite: 0.6514
Número de populações independentes: 3
Troca de informação de 4 individuos a cada 241 gerações
Número de threads: 1

Largura da faixa = 119
Melhor altura = 394

Lower Bound 1 = 336
Lower Bound 2 = 255
Avaliação = 1.17262

Tempo de execução: 60.0215s
