Tamanho da população: 475
Fração elite: 0.2121
Fração mutante: 0.0442
Probabilidade herdar alelo elite: 0.6514
Número de populações independentes: 3
Troca de informação de 4 individuos a cada 241 gerações
Número de threads: 1

Largura da faixa = 146
Melhor altura = 301

Lower Bound 1 = 273
Lower Bound 2 = 199
Avaliação = 1.10256

Tempo de execução: 60.0021s

---------------------------

Tamanho da população: 475
Fração elite: 0.2121
Fração mutante: 0.0442
Probabilidade herdar alelo elite: 0.6514
Número de populações independentes: 3
Troca de informação de 4 individuos a cada 241 gerações
Número de threads: 1

Largura da faixa = 146
Melhor altura = 304

Lower Bound 1 = 273
Lower Bound 2 = 199
Avaliação = 1.11355

Tempo de execução: 60.0031s

---------------------------

Tamanho da população: 475
Fração elite: 0.2121
Fração mutante: 0.0442
Probabilidade herdar alelo elite: 0.6514
Número de populações independentes: 3
Troca de informação de 4 individuos a cada 241 gerações
Número de threads: 1

Largura da faixa = 146
Melhor altura = 299

Lower Bound 1 = 273
Lower Bound 2 = 199
Avaliação = 1.09524

Tempo de execução: 60.0251s

---------------------------

Tamanho da população: 475
Fração elite: 0.2121
Fração mutante: 0.0442
Probabilidade herdar alelo elite: 0.6514
Número de populações independentes: 3
Troca de informação de 4 individuos a cada 241 gerações
Número de threads: 1

Largura da faixa = 146
Melhor altura = 301

Lower Bound 1 = 273
Lower Bound 2 = 199
Avaliação = 1.10256

Tempo de execução: 60.0078s

---------------------------

Tamanho da população: 475
Fração elite: 0.2121
Fração mutante: 0.0442
Probabilidade herdar alelo elite: 0.6514
Número de populações independentes: 3
Troca de informação de 4 individuos a cada 241 gerações
Número de threads: 1

Largura da faixa = 146
Melhor altura = 299

Lower Bound 1 = 273
Lower Bound 2 = 199
Avaliação = 1.09524

Tempo de execução: 60.0204s

---------------------------

Tamanho da população: 475
Fração elite: 0.2121
Fração mutante: 0.0442
Probabilidade herdar alelo elite: 0.6514
Número de populações independentes: 3
Troca de informação de 4 individuos a cada 241 gerações
Número de threads: 1

Largura da faixa = 146
Melhor altura = 301

Lower Bound 1 = 273
Lower Bound 2 = 199
Avaliação = 1.10256

Tempo de execução: 60.021s

---------------------------

Tamanho da população: 475
Fração elite: 0.2121
Fração mutante: 0.0442
Probabilidade herdar alelo elite: 0.6514
Número de populações independentes: 3
Troca de informação de 4 individuos a cada 241 gerações
Número de threads: 1

Largura da faixa = 146
Melhor altura = 298

Lower Bound 1 = 273
Lower Bound 2 = 199
Avaliação = 1.09158

Tempo de execução: 60.0148s

---------------------------

Tamanho da população: 475
Fração elite: 0.2121
Fração mutante: 0.0442
Probabilidade herdar alelo elite: 0.6514
Número de populações independentes: 3
Troca de informação de 4 individuos a cada 241 gerações
Número de threads: 1

Largura da faixa = 146
Melhor altura = 301

Lower Bound 1 = 273
Lower Bound 2 = 199
Avaliação = 1.10256

Tempo de execução: 60.0177s

---------------------------

Tamanho da população: 475
Fração elite: 0.2121
Fração mutante: 0.0442
Probabilidade herdar alelo elite: 0.6514
Número de populações independentes: 3
Troca de informação de 4 individuos a cada 241 gerações
Número de threads: 1

Largura da faixa = 146
Melhor altura = 304

Lower Bound 1 = 273
Lower Bound 2 = 199
Avaliação = 1.11355

Tempo de execução: 60.0179s

---------------------------

Tamanho da população: 475
Fração elite: 0.2121
Fração mutante: 0.0442
Probabilidade herdar alelo elite: 0.6514
Número de populações independentes: 3
Troca de informação de 4 individuos a cada 241 gerações
Número de threads: 1

Largura da faixa = 146
Melhor altura = 301

Lower Bound 1 = 273
Lower Bound 2 = 199
Avaliação = 1.10256

Tempo de execução: 60.0092s

---------------------------

Tamanho da população: 475
Fração elite: 0.2121
Fração mutante: 0.0442
Probabilidade herdar alelo elite: 0.6514
Número de populações independentes: 3
Troca de informação de 4 individuos a cada 241 gerações
Número de threads: 1

Largura da faixa = 146
Melhor altura = 295

Lower Bound 1 = 273
Lower Bound 2 = 199
Avaliação = 1.08059

Tempo de execução: 60.0199s

---------------------------

Tamanho da população: 475
Fração elite: 0.2121
Fração mutante: 0.0442
Probabilidade herdar alelo elite: 0.6514
Número de populações independentes: 3
Troca de informação de 4 individuos a cada 241 gerações
Número de threads: 1

Largura da faixa = 146
Melhor altura = 295

Lower Bound 1 = 273
Lower Bound 2 = 199
Avaliação = 1.08059

Tempo de execução: 60.026s

---------------------------

Tamanho da população: 475
Fração elite: 0.2121
Fração mutante: 0.0442
Probabilidade herdar alelo elite: 0.6514
Número de populações independentes: 3
Troca de informação de 4 individuos a cada 241 gerações
Número de threads: 1

Largura da faixa = 146
Melhor altura = 303

Lower Bound 1 = 273
Lower Bound 2 = 199
Avaliação = 1.10989

Tempo de execução: 60.0044s

---------------------------

Tamanho da população: 475
Fração elite: 0.2121
Fração mutante: 0.0442
Probabilidade herdar alelo elite: 0.6514
Número de populações independentes: 3
Troca de informação de 4 individuos a cada 241 gerações
Número de threads: 1

Largura da faixa = 146
Melhor altura = 301

Lower Bound 1 = 273
Lower Bound 2 = 199
Avaliação = 1.10256

Tempo de execução: 60.0057s

---------------------------

Tamanho da população: 475
Fração elite: 0.2121
Fração mutante: 0.0442
Probabilidade herdar alelo elite: 0.6514
Número de populações independentes: 3
Troca de informação de 4 individuos a cada 241 gerações
Número de threads: 1

Largura da faixa = 146
Melhor altura = 301

Lower Bound 1 = 273
Lower Bound 2 = 199
Avaliação = 1.10256

Tempo de execução: 60.0318s

---------------------------

Tamanho da população: 475
Fração elite: 0.2121
Fração mutante: 0.0442
Probabilidade herdar alelo elite: 0.6514
Número de populações independentes: 3
Troca de informação de 4 individuos a cada 241 gerações
Número de threads: 1

Largura da faixa = 146
Melhor altura = 305

Lower Bound 1 = 273
Lower Bound 2 = 199
Avaliação = 1.11722

Tempo de execução: 60.0073s

---------------------------

Tamanho da população: 475
Fração elite: 0.2121
Fração mutante: 0.0442
Probabilidade herdar alelo elite: 0.6514
Número de populações independentes: 3
Troca de informação de 4 individuos a cada 241 gerações
Número de threads: 1

Largura da faixa = 146
Melhor altura = 301

Lower Bound 1 = 273
Lower Bound 2 = 199
Avaliação = 1.10256

Tempo de execução: 60.025s

---------------------------

Tamanho da população: 475
Fração elite: 0.2121
Fração mutante: 0.0442
Probabilidade herdar alelo elite: 0.6514
Número de populações independentes: 3
Troca de informação de 4 individuos a cada 241 gerações
Número de threads: 1

Largura da faixa = 146
Melhor altura = 307

Lower Bound 1 = 273
Lower Bound 2 = 199
Avaliação = 1.12454

Tempo de execução: 60.0287s

---------------------------

Tamanho da população: 475
Fração elite: 0.2121
Fração mutante: 0.0442
Probabilidade herdar alelo elite: 0.6514
Número de populações independentes: 3
Troca de informação de 4 individuos a cada 241 gerações
Número de threads: 1

Largura da faixa = 146
Melhor altura = 298

Lower Bound 1 = 273
Lower Bound 2 = 199
Avaliação = 1.09158

Tempo de execução: 60.0155s

---------------------------

Tamanho da população: 475
Fração elite: 0.2121
Fração mutante: 0.0442
Probabilidade herdar alelo elite: 0.6514
Número de populações independentes: 3
Troca de informação de 4 individuos a cada 241 gerações
Número de threads: 1

Largura da faixa = 146
Melhor altura = 298

Lower Bound 1 = 273
Lower Bound 2 = 199
Avaliação = 1.09158

Tempo de execução: 60.022s
