Tamanho da população: 297
Fração elite: 0.55
Fração mutante: 0.0174
Probabilidade herdar alelo elite: 0.7678
Número de populações independentes: 1
Número de threads: 1
Trocar os melhores indivíduos a cada 30 gerações
Número máximo de gerações: 279

Largura da faixa = 96
Melhor altura = 529

Lower Bound 1 = 416
Lower Bound 2 = 372
Avaliação = 1.27163

Tempo de execução: 6.72226s

---------------------------

Tamanho da população: 297
Fração elite: 0.55
Fração mutante: 0.0174
Probabilidade herdar alelo elite: 0.7678
Número de populações independentes: 1
Número de threads: 1
Trocar os melhores indivíduos a cada 30 gerações
Número máximo de gerações: 279

Largura da faixa = 96
Melhor altura = 497

Lower Bound 1 = 416
Lower Bound 2 = 372
Avaliação = 1.19471

Tempo de execução: 6.78169s

---------------------------

Tamanho da população: 297
Fração elite: 0.55
Fração mutante: 0.0174
Probabilidade herdar alelo elite: 0.7678
Número de populações independentes: 1
Número de threads: 1
Trocar os melhores indivíduos a cada 30 gerações
Número máximo de gerações: 279

Largura da faixa = 96
Melhor altura = 509

Lower Bound 1 = 416
Lower Bound 2 = 372
Avaliação = 1.22356

Tempo de execução: 6.84629s

---------------------------

Tamanho da população: 297
Fração elite: 0.55
Fração mutante: 0.0174
Probabilidade herdar alelo elite: 0.7678
Número de populações independentes: 1
Número de threads: 1
Trocar os melhores indivíduos a cada 30 gerações
Número máximo de gerações: 279

Largura da faixa = 96
Melhor altura = 500

Lower Bound 1 = 416
Lower Bound 2 = 372
Avaliação = 1.20192

Tempo de execução: 6.70986s

---------------------------

Tamanho da população: 297
Fração elite: 0.55
Fração mutante: 0.0174
Probabilidade herdar alelo elite: 0.7678
Número de populações independentes: 1
Número de threads: 1
Trocar os melhores indivíduos a cada 30 gerações
Número máximo de gerações: 279

Largura da faixa = 96
Melhor altura = 496

Lower Bound 1 = 416
Lower Bound 2 = 372
Avaliação = 1.19231

Tempo de execução: 6.80023s

---------------------------

Tamanho da população: 297
Fração elite: 0.55
Fração mutante: 0.0174
Probabilidade herdar alelo elite: 0.7678
Número de populações independentes: 1
Número de threads: 1
Trocar os melhores indivíduos a cada 30 gerações
Número máximo de gerações: 279

Largura da faixa = 96
Melhor altura = 512

Lower Bound 1 = 416
Lower Bound 2 = 372
Avaliação = 1.23077

Tempo de execução: 6.97881s

---------------------------

Tamanho da população: 297
Fração elite: 0.55
Fração mutante: 0.0174
Probabilidade herdar alelo elite: 0.7678
Número de populações independentes: 1
Número de threads: 1
Trocar os melhores indivíduos a cada 30 gerações
Número máximo de gerações: 279

Largura da faixa = 96
Melhor altura = 492

Lower Bound 1 = 416
Lower Bound 2 = 372
Avaliação = 1.18269

Tempo de execução: 6.77037s

---------------------------

Tamanho da população: 297
Fração elite: 0.55
Fração mutante: 0.0174
Probabilidade herdar alelo elite: 0.7678
Número de populações independentes: 1
Número de threads: 1
Trocar os melhores indivíduos a cada 30 gerações
Número máximo de gerações: 279

Largura da faixa = 96
Melhor altura = 498

Lower Bound 1 = 416
Lower Bound 2 = 372
Avaliação = 1.19712

Tempo de execução: 6.86503s

---------------------------

Tamanho da população: 297
Fração elite: 0.55
Fração mutante: 0.0174
Probabilidade herdar alelo elite: 0.7678
Número de populações independentes: 1
Número de threads: 1
Trocar os melhores indivíduos a cada 30 gerações
Número máximo de gerações: 279

Largura da faixa = 96
Melhor altura = 514

Lower Bound 1 = 416
Lower Bound 2 = 372
Avaliação = 1.23558

Tempo de execução: 6.95671s

---------------------------

Tamanho da população: 297
Fração elite: 0.55
Fração mutante: 0.0174
Probabilidade herdar alelo elite: 0.7678
Número de populações independentes: 1
Número de threads: 1
Trocar os melhores indivíduos a cada 30 gerações
Número máximo de gerações: 279

Largura da faixa = 96
Melhor altura = 498

Lower Bound 1 = 416
Lower Bound 2 = 372
Avaliação = 1.19712

Tempo de execução: 6.16495s

---------------------------

Tamanho da população: 297
Fração elite: 0.55
Fração mutante: 0.0174
Probabilidade herdar alelo elite: 0.7678
Número de populações independentes: 1
Número de threads: 1
Trocar os melhores indivíduos a cada 30 gerações
Número máximo de gerações: 279

Largura da faixa = 96
Melhor altura = 508

Lower Bound 1 = 416
Lower Bound 2 = 372
Avaliação = 1.22115

Tempo de execução: 6.6602s

---------------------------

Tamanho da população: 297
Fração elite: 0.55
Fração mutante: 0.0174
Probabilidade herdar alelo elite: 0.7678
Número de populações independentes: 1
Número de threads: 1
Trocar os melhores indivíduos a cada 30 gerações
Número máximo de gerações: 279

Largura da faixa = 96
Melhor altura = 518

Lower Bound 1 = 416
Lower Bound 2 = 372
Avaliação = 1.24519

Tempo de execução: 6.84495s

---------------------------

Tamanho da população: 297
Fração elite: 0.55
Fração mutante: 0.0174
Probabilidade herdar alelo elite: 0.7678
Número de populações independentes: 1
Número de threads: 1
Trocar os melhores indivíduos a cada 30 gerações
Número máximo de gerações: 279

Largura da faixa = 96
Melhor altura = 494

Lower Bound 1 = 416
Lower Bound 2 = 372
Avaliação = 1.1875

Tempo de execução: 6.83495s

---------------------------

Tamanho da população: 297
Fração elite: 0.55
Fração mutante: 0.0174
Probabilidade herdar alelo elite: 0.7678
Número de populações independentes: 1
Número de threads: 1
Trocar os melhores indivíduos a cada 30 gerações
Número máximo de gerações: 279

Largura da faixa = 96
Melhor altura = 507

Lower Bound 1 = 416
Lower Bound 2 = 372
Avaliação = 1.21875

Tempo de execução: 6.92799s

---------------------------

Tamanho da população: 297
Fração elite: 0.55
Fração mutante: 0.0174
Probabilidade herdar alelo elite: 0.7678
Número de populações independentes: 1
Número de threads: 1
Trocar os melhores indivíduos a cada 30 gerações
Número máximo de gerações: 279

Largura da faixa = 96
Melhor altura = 508

Lower Bound 1 = 416
Lower Bound 2 = 372
Avaliação = 1.22115

Tempo de execução: 6.92775s

---------------------------

Tamanho da população: 297
Fração elite: 0.55
Fração mutante: 0.0174
Probabilidade herdar alelo elite: 0.7678
Número de populações independentes: 1
Número de threads: 1
Trocar os melhores indivíduos a cada 30 gerações
Número máximo de gerações: 279

Largura da faixa = 96
Melhor altura = 497

Lower Bound 1 = 416
Lower Bound 2 = 372
Avaliação = 1.19471

Tempo de execução: 6.652s

---------------------------

Tamanho da população: 297
Fração elite: 0.55
Fração mutante: 0.0174
Probabilidade herdar alelo elite: 0.7678
Número de populações independentes: 1
Número de threads: 1
Trocar os melhores indivíduos a cada 30 gerações
Número máximo de gerações: 279

Largura da faixa = 96
Melhor altura = 496

Lower Bound 1 = 416
Lower Bound 2 = 372
Avaliação = 1.19231

Tempo de execução: 6.76555s

---------------------------

Tamanho da população: 297
Fração elite: 0.55
Fração mutante: 0.0174
Probabilidade herdar alelo elite: 0.7678
Número de populações independentes: 1
Número de threads: 1
Trocar os melhores indivíduos a cada 30 gerações
Número máximo de gerações: 279

Largura da faixa = 96
Melhor altura = 537

Lower Bound 1 = 416
Lower Bound 2 = 372
Avaliação = 1.29087

Tempo de execução: 6.82622s

---------------------------

Tamanho da população: 297
Fração elite: 0.55
Fração mutante: 0.0174
Probabilidade herdar alelo elite: 0.7678
Número de populações independentes: 1
Número de threads: 1
Trocar os melhores indivíduos a cada 30 gerações
Número máximo de gerações: 279

Largura da faixa = 96
Melhor altura = 502

Lower Bound 1 = 416
Lower Bound 2 = 372
Avaliação = 1.20673

Tempo de execução: 6.55909s

---------------------------

Tamanho da população: 297
Fração elite: 0.55
Fração mutante: 0.0174
Probabilidade herdar alelo elite: 0.7678
Número de populações independentes: 1
Número de threads: 1
Trocar os melhores indivíduos a cada 30 gerações
Número máximo de gerações: 279

Largura da faixa = 96
Melhor altura = 517

Lower Bound 1 = 416
Lower Bound 2 = 372
Avaliação = 1.24279

Tempo de execução: 6.61791s

---------------------------

