Tamanho da população: 475
Fração elite: 0.2121
Fração mutante: 0.0442
Probabilidade herdar alelo elite: 0.6514
Número de populações independentes: 3
Troca de informação de 4 individuos a cada 241 gerações
Número de threads: 1

Largura da faixa = 121
Melhor altura = 372

Lower Bound 1 = 330
Lower Bound 2 = 288
Avaliação = 1.12727

Tempo de execução: 60.0002s

---------------------------

Tamanho da população: 475
Fração elite: 0.2121
Fração mutante: 0.0442
Probabilidade herdar alelo elite: 0.6514
Número de populações independentes: 3
Troca de informação de 4 individuos a cada 241 gerações
Número de threads: 1

Largura da faixa = 121
Melhor altura = 372

Lower Bound 1 = 330
Lower Bound 2 = 288
Avaliação = 1.12727

Tempo de execução: 60.0029s

---------------------------

Tamanho da população: 475
Fração elite: 0.2121
Fração mutante: 0.0442
Probabilidade herdar alelo elite: 0.6514
Número de populações independentes: 3
Troca de informação de 4 individuos a cada 241 gerações
Número de threads: 1

Largura da faixa = 121
Melhor altura = 372

Lower Bound 1 = 330
Lower Bound 2 = 288
Avaliação = 1.12727

Tempo de execução: 60.0083s

---------------------------

Tamanho da população: 475
Fração elite: 0.2121
Fração mutante: 0.0442
Probabilidade herdar alelo elite: 0.6514
Número de populações independentes: 3
Troca de informação de 4 individuos a cada 241 gerações
Número de threads: 1

Largura da faixa = 121
Melhor altura = 372

Lower Bound 1 = 330
Lower Bound 2 = 288
Avaliação = 1.12727

Tempo de execução: 60.0041s

---------------------------

Tamanho da população: 475
Fração elite: 0.2121
Fração mutante: 0.0442
Probabilidade herdar alelo elite: 0.6514
Número de populações independentes: 3
Troca de informação de 4 individuos a cada 241 gerações
Número de threads: 1

Largura da faixa = 121
Melhor altura = 372

Lower Bound 1 = 330
Lower Bound 2 = 288
Avaliação = 1.12727

Tempo de execução: 60.0073s

---------------------------

Tamanho da população: 475
Fração elite: 0.2121
Fração mutante: 0.0442
Probabilidade herdar alelo elite: 0.6514
Número de populações independentes: 3
Troca de informação de 4 individuos a cada 241 gerações
Número de threads: 1

Largura da faixa = 121
Melhor altura = 372

Lower Bound 1 = 330
Lower Bound 2 = 288
Avaliação = 1.12727

Tempo de execução: 60.0141s

---------------------------

Tamanho da população: 475
Fração elite: 0.2121
Fração mutante: 0.0442
Probabilidade herdar alelo elite: 0.6514
Número de populações independentes: 3
Troca de informação de 4 individuos a cada 241 gerações
Número de threads: 1

Largura da faixa = 121
Melhor altura = 372

Lower Bound 1 = 330
Lower Bound 2 = 288
Avaliação = 1.12727

Tempo de execução: 60.0072s

---------------------------

Tamanho da população: 475
Fração elite: 0.2121
Fração mutante: 0.0442
Probabilidade herdar alelo elite: 0.6514
Número de populações independentes: 3
Troca de informação de 4 individuos a cada 241 gerações
Número de threads: 1

Largura da faixa = 121
Melhor altura = 372

Lower Bound 1 = 330
Lower Bound 2 = 288
Avaliação = 1.12727

Tempo de execução: 60.0142s

---------------------------

Tamanho da população: 475
Fração elite: 0.2121
Fração mutante: 0.0442
Probabilidade herdar alelo elite: 0.6514
Número de populações independentes: 3
Troca de informação de 4 individuos a cada 241 gerações
Número de threads: 1

Largura da faixa = 121
Melhor altura = 372

Lower Bound 1 = 330
Lower Bound 2 = 288
Avaliação = 1.12727

Tempo de execução: 60.0177s

---------------------------

Tamanho da população: 475
Fração elite: 0.2121
Fração mutante: 0.0442
Probabilidade herdar alelo elite: 0.6514
Número de populações independentes: 3
Troca de informação de 4 individuos a cada 241 gerações
Número de threads: 1

Largura da faixa = 121
Melhor altura = 372

Lower Bound 1 = 330
Lower Bound 2 = 288
Avaliação = 1.12727

Tempo de execução: 60.0008s

---------------------------

Tamanho da população: 475
Fração elite: 0.2121
Fração mutante: 0.0442
Probabilidade herdar alelo elite: 0.6514
Número de populações independentes: 3
Troca de informação de 4 individuos a cada 241 gerações
Número de threads: 1

Largura da faixa = 121
Melhor altura = 372

Lower Bound 1 = 330
Lower Bound 2 = 288
Avaliação = 1.12727

Tempo de execução: 60.0022s

---------------------------

Tamanho da população: 475
Fração elite: 0.2121
Fração mutante: 0.0442
Probabilidade herdar alelo elite: 0.6514
Número de populações independentes: 3
Troca de informação de 4 individuos a cada 241 gerações
Número de threads: 1

Largura da faixa = 121
Melhor altura = 372

Lower Bound 1 = 330
Lower Bound 2 = 288
Avaliação = 1.12727

Tempo de execução: 60.0158s

---------------------------

Tamanho da população: 475
Fração elite: 0.2121
Fração mutante: 0.0442
Probabilidade herdar alelo elite: 0.6514
Número de populações independentes: 3
Troca de informação de 4 individuos a cada 241 gerações
Número de threads: 1

Largura da faixa = 121
Melhor altura = 372

Lower Bound 1 = 330
Lower Bound 2 = 288
Avaliação = 1.12727

Tempo de execução: 60.0055s

---------------------------

Tamanho da população: 475
Fração elite: 0.2121
Fração mutante: 0.0442
Probabilidade herdar alelo elite: 0.6514
Número de populações independentes: 3
Troca de informação de 4 individuos a cada 241 gerações
Número de threads: 1

Largura da faixa = 121
Melhor altura = 372

Lower Bound 1 = 330
Lower Bound 2 = 288
Avaliação = 1.12727

Tempo de execução: 60.0138s

---------------------------

Tamanho da população: 475
Fração elite: 0.2121
Fração mutante: 0.0442
Probabilidade herdar alelo elite: 0.6514
Número de populações independentes: 3
Troca de informação de 4 individuos a cada 241 gerações
Número de threads: 1

Largura da faixa = 121
Melhor altura = 372

Lower Bound 1 = 330
Lower Bound 2 = 288
Avaliação = 1.12727

Tempo de execução: 60.0154s

---------------------------

Tamanho da população: 475
Fração elite: 0.2121
Fração mutante: 0.0442
Probabilidade herdar alelo elite: 0.6514
Número de populações independentes: 3
Troca de informação de 4 individuos a cada 241 gerações
Número de threads: 1

Largura da faixa = 121
Melhor altura = 372

Lower Bound 1 = 330
Lower Bound 2 = 288
Avaliação = 1.12727

Tempo de execução: 60.0075s

---------------------------

Tamanho da população: 475
Fração elite: 0.2121
Fração mutante: 0.0442
Probabilidade herdar alelo elite: 0.6514
Número de populações independentes: 3
Troca de informação de 4 individuos a cada 241 gerações
Número de threads: 1

Largura da faixa = 121
Melhor altura = 372

Lower Bound 1 = 330
Lower Bound 2 = 288
Avaliação = 1.12727

Tempo de execução: 60.0117s

---------------------------

Tamanho da população: 475
Fração elite: 0.2121
Fração mutante: 0.0442
Probabilidade herdar alelo elite: 0.6514
Número de populações independentes: 3
Troca de informação de 4 individuos a cada 241 gerações
Número de threads: 1

Largura da faixa = 121
Melhor altura = 372

Lower Bound 1 = 330
Lower Bound 2 = 288
Avaliação = 1.12727

Tempo de execução: 60.0123s

---------------------------

Tamanho da população: 475
Fração elite: 0.2121
Fração mutante: 0.0442
Probabilidade herdar alelo elite: 0.6514
Número de populações independentes: 3
Troca de informação de 4 individuos a cada 241 gerações
Número de threads: 1

Largura da faixa = 121
Melhor altura = 372

Lower Bound 1 = 330
Lower Bound 2 = 288
Avaliação = 1.12727

Tempo de execução: 60.002s

---------------------------

Tamanho da população: 475
Fração elite: 0.2121
Fração mutante: 0.0442
Probabilidade herdar alelo elite: 0.6514
Número de populações independentes: 3
Troca de informação de 4 individuos a cada 241 gerações
Número de threads: 1

Largura da faixa = 121
Melhor altura = 372

Lower Bound 1 = 330
Lower Bound 2 = 288
Avaliação = 1.12727

Tempo de execução: 60.0055s
