Tamanho da população: 297
Fração elite: 0.55
Fração mutante: 0.0174
Probabilidade herdar alelo elite: 0.7678
Número de populações independentes: 1
Número de threads: 1
Trocar os melhores indivíduos a cada 30 gerações
Número máximo de gerações: 279

Largura da faixa = 97
Melhor altura = 489

Lower Bound 1 = 412
Lower Bound 2 = 303
Avaliação = 1.18689

Tempo de execução: 7.14241s

---------------------------

Tamanho da população: 297
Fração elite: 0.55
Fração mutante: 0.0174
Probabilidade herdar alelo elite: 0.7678
Número de populações independentes: 1
Número de threads: 1
Trocar os melhores indivíduos a cada 30 gerações
Número máximo de gerações: 279

Largura da faixa = 97
Melhor altura = 494

Lower Bound 1 = 412
Lower Bound 2 = 303
Avaliação = 1.19903

Tempo de execução: 7.2773s

---------------------------

Tamanho da população: 297
Fração elite: 0.55
Fração mutante: 0.0174
Probabilidade herdar alelo elite: 0.7678
Número de populações independentes: 1
Número de threads: 1
Trocar os melhores indivíduos a cada 30 gerações
Número máximo de gerações: 279

Largura da faixa = 97
Melhor altura = 488

Lower Bound 1 = 412
Lower Bound 2 = 303
Avaliação = 1.18447

Tempo de execução: 7.35651s

---------------------------

Tamanho da população: 297
Fração elite: 0.55
Fração mutante: 0.0174
Probabilidade herdar alelo elite: 0.7678
Número de populações independentes: 1
Número de threads: 1
Trocar os melhores indivíduos a cada 30 gerações
Número máximo de gerações: 279

Largura da faixa = 97
Melhor altura = 481

Lower Bound 1 = 412
Lower Bound 2 = 303
Avaliação = 1.16748

Tempo de execução: 7.17751s

---------------------------

Tamanho da população: 297
Fração elite: 0.55
Fração mutante: 0.0174
Probabilidade herdar alelo elite: 0.7678
Número de populações independentes: 1
Número de threads: 1
Trocar os melhores indivíduos a cada 30 gerações
Número máximo de gerações: 279

Largura da faixa = 97
Melhor altura = 491

Lower Bound 1 = 412
Lower Bound 2 = 303
Avaliação = 1.19175

Tempo de execução: 7.26749s

---------------------------

Tamanho da população: 297
Fração elite: 0.55
Fração mutante: 0.0174
Probabilidade herdar alelo elite: 0.7678
Número de populações independentes: 1
Número de threads: 1
Trocar os melhores indivíduos a cada 30 gerações
Número máximo de gerações: 279

Largura da faixa = 97
Melhor altura = 489

Lower Bound 1 = 412
Lower Bound 2 = 303
Avaliação = 1.18689

Tempo de execução: 7.2842s

---------------------------

Tamanho da população: 297
Fração elite: 0.55
Fração mutante: 0.0174
Probabilidade herdar alelo elite: 0.7678
Número de populações independentes: 1
Número de threads: 1
Trocar os melhores indivíduos a cada 30 gerações
Número máximo de gerações: 279

Largura da faixa = 97
Melhor altura = 485

Lower Bound 1 = 412
Lower Bound 2 = 303
Avaliação = 1.17718

Tempo de execução: 7.16636s

---------------------------

Tamanho da população: 297
Fração elite: 0.55
Fração mutante: 0.0174
Probabilidade herdar alelo elite: 0.7678
Número de populações independentes: 1
Número de threads: 1
Trocar os melhores indivíduos a cada 30 gerações
Número máximo de gerações: 279

Largura da faixa = 97
Melhor altura = 478

Lower Bound 1 = 412
Lower Bound 2 = 303
Avaliação = 1.16019

Tempo de execução: 7.24768s

---------------------------

Tamanho da população: 297
Fração elite: 0.55
Fração mutante: 0.0174
Probabilidade herdar alelo elite: 0.7678
Número de populações independentes: 1
Número de threads: 1
Trocar os melhores indivíduos a cada 30 gerações
Número máximo de gerações: 279

Largura da faixa = 97
Melhor altura = 505

Lower Bound 1 = 412
Lower Bound 2 = 303
Avaliação = 1.22573

Tempo de execução: 7.91259s

---------------------------

Tamanho da população: 297
Fração elite: 0.55
Fração mutante: 0.0174
Probabilidade herdar alelo elite: 0.7678
Número de populações independentes: 1
Número de threads: 1
Trocar os melhores indivíduos a cada 30 gerações
Número máximo de gerações: 279

Largura da faixa = 97
Melhor altura = 490

Lower Bound 1 = 412
Lower Bound 2 = 303
Avaliação = 1.18932

Tempo de execução: 6.90505s

---------------------------

Tamanho da população: 297
Fração elite: 0.55
Fração mutante: 0.0174
Probabilidade herdar alelo elite: 0.7678
Número de populações independentes: 1
Número de threads: 1
Trocar os melhores indivíduos a cada 30 gerações
Número máximo de gerações: 279

Largura da faixa = 97
Melhor altura = 482

Lower Bound 1 = 412
Lower Bound 2 = 303
Avaliação = 1.1699

Tempo de execução: 7.08531s

---------------------------

Tamanho da população: 297
Fração elite: 0.55
Fração mutante: 0.0174
Probabilidade herdar alelo elite: 0.7678
Número de populações independentes: 1
Número de threads: 1
Trocar os melhores indivíduos a cada 30 gerações
Número máximo de gerações: 279

Largura da faixa = 97
Melhor altura = 490

Lower Bound 1 = 412
Lower Bound 2 = 303
Avaliação = 1.18932

Tempo de execução: 7.62856s

---------------------------

Tamanho da população: 297
Fração elite: 0.55
Fração mutante: 0.0174
Probabilidade herdar alelo elite: 0.7678
Número de populações independentes: 1
Número de threads: 1
Trocar os melhores indivíduos a cada 30 gerações
Número máximo de gerações: 279

Largura da faixa = 97
Melhor altura = 485

Lower Bound 1 = 412
Lower Bound 2 = 303
Avaliação = 1.17718

Tempo de execução: 7.33642s

---------------------------

Tamanho da população: 297
Fração elite: 0.55
Fração mutante: 0.0174
Probabilidade herdar alelo elite: 0.7678
Número de populações independentes: 1
Número de threads: 1
Trocar os melhores indivíduos a cada 30 gerações
Número máximo de gerações: 279

Largura da faixa = 97
Melhor altura = 487

Lower Bound 1 = 412
Lower Bound 2 = 303
Avaliação = 1.18204

Tempo de execução: 7.5468s

---------------------------

Tamanho da população: 297
Fração elite: 0.55
Fração mutante: 0.0174
Probabilidade herdar alelo elite: 0.7678
Número de populações independentes: 1
Número de threads: 1
Trocar os melhores indivíduos a cada 30 gerações
Número máximo de gerações: 279

Largura da faixa = 97
Melhor altura = 505

Lower Bound 1 = 412
Lower Bound 2 = 303
Avaliação = 1.22573

Tempo de execução: 7.5811s

---------------------------

Tamanho da população: 297
Fração elite: 0.55
Fração mutante: 0.0174
Probabilidade herdar alelo elite: 0.7678
Número de populações independentes: 1
Número de threads: 1
Trocar os melhores indivíduos a cada 30 gerações
Número máximo de gerações: 279

Largura da faixa = 97
Melhor altura = 491

Lower Bound 1 = 412
Lower Bound 2 = 303
Avaliação = 1.19175

Tempo de execução: 7.17171s

---------------------------

Tamanho da população: 297
Fração elite: 0.55
Fração mutante: 0.0174
Probabilidade herdar alelo elite: 0.7678
Número de populações independentes: 1
Número de threads: 1
Trocar os melhores indivíduos a cada 30 gerações
Número máximo de gerações: 279

Largura da faixa = 97
Melhor altura = 486

Lower Bound 1 = 412
Lower Bound 2 = 303
Avaliação = 1.17961

Tempo de execução: 7.28216s

---------------------------

Tamanho da população: 297
Fração elite: 0.55
Fração mutante: 0.0174
Probabilidade herdar alelo elite: 0.7678
Número de populações independentes: 1
Número de threads: 1
Trocar os melhores indivíduos a cada 30 gerações
Número máximo de gerações: 279

Largura da faixa = 97
Melhor altura = 482

Lower Bound 1 = 412
Lower Bound 2 = 303
Avaliação = 1.1699

Tempo de execução: 7.39647s

---------------------------

Tamanho da população: 297
Fração elite: 0.55
Fração mutante: 0.0174
Probabilidade herdar alelo elite: 0.7678
Número de populações independentes: 1
Número de threads: 1
Trocar os melhores indivíduos a cada 30 gerações
Número máximo de gerações: 279

Largura da faixa = 97
Melhor altura = 480

Lower Bound 1 = 412
Lower Bound 2 = 303
Avaliação = 1.16505

Tempo de execução: 7.0636s

---------------------------

Tamanho da população: 297
Fração elite: 0.55
Fração mutante: 0.0174
Probabilidade herdar alelo elite: 0.7678
Número de populações independentes: 1
Número de threads: 1
Trocar os melhores indivíduos a cada 30 gerações
Número máximo de gerações: 279

Largura da faixa = 97
Melhor altura = 477

Lower Bound 1 = 412
Lower Bound 2 = 303
Avaliação = 1.15777

Tempo de execução: 7.12806s

---------------------------

