Tamanho da população: 475
Fração elite: 0.2121
Fração mutante: 0.0442
Probabilidade herdar alelo elite: 0.6514
Número de populações independentes: 3
Troca de informação de 4 individuos a cada 241 gerações
Número de threads: 1

Largura da faixa = 93
Melhor altura = 500

Lower Bound 1 = 430
Lower Bound 2 = 245
Avaliação = 1.16279

Tempo de execução: 60.3101s

---------------------------

Tamanho da população: 475
Fração elite: 0.2121
Fração mutante: 0.0442
Probabilidade herdar alelo elite: 0.6514
Número de populações independentes: 3
Troca de informação de 4 individuos a cada 241 gerações
Número de threads: 1

Largura da faixa = 93
Melhor altura = 501

Lower Bound 1 = 430
Lower Bound 2 = 245
Avaliação = 1.16512

Tempo de execução: 60.3544s

---------------------------

Tamanho da população: 475
Fração elite: 0.2121
Fração mutante: 0.0442
Probabilidade herdar alelo elite: 0.6514
Número de populações independentes: 3
Troca de informação de 4 individuos a cada 241 gerações
Número de threads: 1

Largura da faixa = 93
Melhor altura = 498

Lower Bound 1 = 430
Lower Bound 2 = 245
Avaliação = 1.15814

Tempo de execução: 60.3631s

---------------------------

Tamanho da população: 475
Fração elite: 0.2121
Fração mutante: 0.0442
Probabilidade herdar alelo elite: 0.6514
Número de populações independentes: 3
Troca de informação de 4 individuos a cada 241 gerações
Número de threads: 1

Largura da faixa = 93
Melhor altura = 504

Lower Bound 1 = 430
Lower Bound 2 = 245
Avaliação = 1.17209

Tempo de execução: 60.0084s

---------------------------

Tamanho da população: 475
Fração elite: 0.2121
Fração mutante: 0.0442
Probabilidade herdar alelo elite: 0.6514
Número de populações independentes: 3
Troca de informação de 4 individuos a cada 241 gerações
Número de threads: 1

Largura da faixa = 93
Melhor altura = 499

Lower Bound 1 = 430
Lower Bound 2 = 245
Avaliação = 1.16047

Tempo de execução: 60.0186s

---------------------------

Tamanho da população: 475
Fração elite: 0.2121
Fração mutante: 0.0442
Probabilidade herdar alelo elite: 0.6514
Número de populações independentes: 3
Troca de informação de 4 individuos a cada 241 gerações
Número de threads: 1

Largura da faixa = 93
Melhor altura = 495

Lower Bound 1 = 430
Lower Bound 2 = 245
Avaliação = 1.15116

Tempo de execução: 60.2107s

---------------------------

Tamanho da população: 475
Fração elite: 0.2121
Fração mutante: 0.0442
Probabilidade herdar alelo elite: 0.6514
Número de populações independentes: 3
Troca de informação de 4 individuos a cada 241 gerações
Número de threads: 1

Largura da faixa = 93
Melhor altura = 499

Lower Bound 1 = 430
Lower Bound 2 = 245
Avaliação = 1.16047

Tempo de execução: 60.0844s

---------------------------

Tamanho da população: 475
Fração elite: 0.2121
Fração mutante: 0.0442
Probabilidade herdar alelo elite: 0.6514
Número de populações independentes: 3
Troca de informação de 4 individuos a cada 241 gerações
Número de threads: 1

Largura da faixa = 93
Melhor altura = 494

Lower Bound 1 = 430
Lower Bound 2 = 245
Avaliação = 1.14884

Tempo de execução: 60.1037s

---------------------------

Tamanho da população: 475
Fração elite: 0.2121
Fração mutante: 0.0442
Probabilidade herdar alelo elite: 0.6514
Número de populações independentes: 3
Troca de informação de 4 individuos a cada 241 gerações
Número de threads: 1

Largura da faixa = 93
Melhor altura = 505

Lower Bound 1 = 430
Lower Bound 2 = 245
Avaliação = 1.17442

Tempo de execução: 60.2537s

---------------------------

Tamanho da população: 475
Fração elite: 0.2121
Fração mutante: 0.0442
Probabilidade herdar alelo elite: 0.6514
Número de populações independentes: 3
Troca de informação de 4 individuos a cada 241 gerações
Número de threads: 1

Largura da faixa = 93
Melhor altura = 500

Lower Bound 1 = 430
Lower Bound 2 = 245
Avaliação = 1.16279

Tempo de execução: 60.1647s

---------------------------

Tamanho da população: 475
Fração elite: 0.2121
Fração mutante: 0.0442
Probabilidade herdar alelo elite: 0.6514
Número de populações independentes: 3
Troca de informação de 4 individuos a cada 241 gerações
Número de threads: 1

Largura da faixa = 93
Melhor altura = 490

Lower Bound 1 = 430
Lower Bound 2 = 245
Avaliação = 1.13953

Tempo de execução: 60.3106s

---------------------------

Tamanho da população: 475
Fração elite: 0.2121
Fração mutante: 0.0442
Probabilidade herdar alelo elite: 0.6514
Número de populações independentes: 3
Troca de informação de 4 individuos a cada 241 gerações
Número de threads: 1

Largura da faixa = 93
Melhor altura = 494

Lower Bound 1 = 430
Lower Bound 2 = 245
Avaliação = 1.14884

Tempo de execução: 60.3679s

---------------------------

Tamanho da população: 475
Fração elite: 0.2121
Fração mutante: 0.0442
Probabilidade herdar alelo elite: 0.6514
Número de populações independentes: 3
Troca de informação de 4 individuos a cada 241 gerações
Número de threads: 1

Largura da faixa = 93
Melhor altura = 496

Lower Bound 1 = 430
Lower Bound 2 = 245
Avaliação = 1.15349

Tempo de execução: 60.0826s

---------------------------

Tamanho da população: 475
Fração elite: 0.2121
Fração mutante: 0.0442
Probabilidade herdar alelo elite: 0.6514
Número de populações independentes: 3
Troca de informação de 4 individuos a cada 241 gerações
Número de threads: 1

Largura da faixa = 93
Melhor altura = 494

Lower Bound 1 = 430
Lower Bound 2 = 245
Avaliação = 1.14884

Tempo de execução: 60.1723s

---------------------------

Tamanho da população: 475
Fração elite: 0.2121
Fração mutante: 0.0442
Probabilidade herdar alelo elite: 0.6514
Número de populações independentes: 3
Troca de informação de 4 individuos a cada 241 gerações
Número de threads: 1

Largura da faixa = 93
Melhor altura = 492

Lower Bound 1 = 430
Lower Bound 2 = 245
Avaliação = 1.14419

Tempo de execução: 60.298s

---------------------------

Tamanho da população: 475
Fração elite: 0.2121
Fração mutante: 0.0442
Probabilidade herdar alelo elite: 0.6514
Número de populações independentes: 3
Troca de informação de 4 individuos a cada 241 gerações
Número de threads: 1

Largura da faixa = 93
Melhor altura = 502

Lower Bound 1 = 430
Lower Bound 2 = 245
Avaliação = 1.16744

Tempo de execução: 60.0465s

---------------------------

Tamanho da população: 475
Fração elite: 0.2121
Fração mutante: 0.0442
Probabilidade herdar alelo elite: 0.6514
Número de populações independentes: 3
Troca de informação de 4 individuos a cada 241 gerações
Número de threads: 1

Largura da faixa = 93
Melhor altura = 497

Lower Bound 1 = 430
Lower Bound 2 = 245
Avaliação = 1.15581

Tempo de execução: 60.1369s

---------------------------

Tamanho da população: 475
Fração elite: 0.2121
Fração mutante: 0.0442
Probabilidade herdar alelo elite: 0.6514
Número de populações independentes: 3
Troca de informação de 4 individuos a cada 241 gerações
Número de threads: 1

Largura da faixa = 93
Melhor altura = 498

Lower Bound 1 = 430
Lower Bound 2 = 245
Avaliação = 1.15814

Tempo de execução: 60.1679s

---------------------------

Tamanho da população: 475
Fração elite: 0.2121
Fração mutante: 0.0442
Probabilidade herdar alelo elite: 0.6514
Número de populações independentes: 3
Troca de informação de 4 individuos a cada 241 gerações
Número de threads: 1

Largura da faixa = 93
Melhor altura = 502

Lower Bound 1 = 430
Lower Bound 2 = 245
Avaliação = 1.16744

Tempo de execução: 60.0933s

---------------------------

Tamanho da população: 475
Fração elite: 0.2121
Fração mutante: 0.0442
Probabilidade herdar alelo elite: 0.6514
Número de populações independentes: 3
Troca de informação de 4 individuos a cada 241 gerações
Número de threads: 1

Largura da faixa = 93
Melhor altura = 499

Lower Bound 1 = 430
Lower Bound 2 = 245
Avaliação = 1.16047

Tempo de execução: 60.2599s
