Tamanho da população: 297
Fração elite: 0.55
Fração mutante: 0.0174
Probabilidade herdar alelo elite: 0.7678
Número de populações independentes: 1
Número de threads: 1
Trocar os melhores indivíduos a cada 30 gerações
Número máximo de gerações: 279

Largura da faixa = 104
Melhor altura = 475

Lower Bound 1 = 384
Lower Bound 2 = 265
Avaliação = 1.23698

Tempo de execução: 11.029s

---------------------------

Tamanho da população: 297
Fração elite: 0.55
Fração mutante: 0.0174
Probabilidade herdar alelo elite: 0.7678
Número de populações independentes: 1
Número de threads: 1
Trocar os melhores indivíduos a cada 30 gerações
Número máximo de gerações: 279

Largura da faixa = 104
Melhor altura = 469

Lower Bound 1 = 384
Lower Bound 2 = 265
Avaliação = 1.22135

Tempo de execução: 11.2444s

---------------------------

Tamanho da população: 297
Fração elite: 0.55
Fração mutante: 0.0174
Probabilidade herdar alelo elite: 0.7678
Número de populações independentes: 1
Número de threads: 1
Trocar os melhores indivíduos a cada 30 gerações
Número máximo de gerações: 279

Largura da faixa = 104
Melhor altura = 471

Lower Bound 1 = 384
Lower Bound 2 = 265
Avaliação = 1.22656

Tempo de execução: 11.2707s

---------------------------

Tamanho da população: 297
Fração elite: 0.55
Fração mutante: 0.0174
Probabilidade herdar alelo elite: 0.7678
Número de populações independentes: 1
Número de threads: 1
Trocar os melhores indivíduos a cada 30 gerações
Número máximo de gerações: 279

Largura da faixa = 104
Melhor altura = 473

Lower Bound 1 = 384
Lower Bound 2 = 265
Avaliação = 1.23177

Tempo de execução: 11.4001s

---------------------------

Tamanho da população: 297
Fração elite: 0.55
Fração mutante: 0.0174
Probabilidade herdar alelo elite: 0.7678
Número de populações independentes: 1
Número de threads: 1
Trocar os melhores indivíduos a cada 30 gerações
Número máximo de gerações: 279

Largura da faixa = 104
Melhor altura = 472

Lower Bound 1 = 384
Lower Bound 2 = 265
Avaliação = 1.22917

Tempo de execução: 11.7079s

---------------------------

Tamanho da população: 297
Fração elite: 0.55
Fração mutante: 0.0174
Probabilidade herdar alelo elite: 0.7678
Número de populações independentes: 1
Número de threads: 1
Trocar os melhores indivíduos a cada 30 gerações
Número máximo de gerações: 279

Largura da faixa = 104
Melhor altura = 469

Lower Bound 1 = 384
Lower Bound 2 = 265
Avaliação = 1.22135

Tempo de execução: 11.7986s

---------------------------

Tamanho da população: 297
Fração elite: 0.55
Fração mutante: 0.0174
Probabilidade herdar alelo elite: 0.7678
Número de populações independentes: 1
Número de threads: 1
Trocar os melhores indivíduos a cada 30 gerações
Número máximo de gerações: 279

Largura da faixa = 104
Melhor altura = 472

Lower Bound 1 = 384
Lower Bound 2 = 265
Avaliação = 1.22917

Tempo de execução: 11.4741s

---------------------------

Tamanho da população: 297
Fração elite: 0.55
Fração mutante: 0.0174
Probabilidade herdar alelo elite: 0.7678
Número de populações independentes: 1
Número de threads: 1
Trocar os melhores indivíduos a cada 30 gerações
Número máximo de gerações: 279

Largura da faixa = 104
Melhor altura = 472

Lower Bound 1 = 384
Lower Bound 2 = 265
Avaliação = 1.22917

Tempo de execução: 11.5153s

---------------------------

Tamanho da população: 297
Fração elite: 0.55
Fração mutante: 0.0174
Probabilidade herdar alelo elite: 0.7678
Número de populações independentes: 1
Número de threads: 1
Trocar os melhores indivíduos a cada 30 gerações
Número máximo de gerações: 279

Largura da faixa = 104
Melhor altura = 480

Lower Bound 1 = 384
Lower Bound 2 = 265
Avaliação = 1.25

Tempo de execução: 11.7665s

---------------------------

Tamanho da população: 297
Fração elite: 0.55
Fração mutante: 0.0174
Probabilidade herdar alelo elite: 0.7678
Número de populações independentes: 1
Número de threads: 1
Trocar os melhores indivíduos a cada 30 gerações
Número máximo de gerações: 279

Largura da faixa = 104
Melhor altura = 474

Lower Bound 1 = 384
Lower Bound 2 = 265
Avaliação = 1.23438

Tempo de execução: 11.4751s

---------------------------

Tamanho da população: 297
Fração elite: 0.55
Fração mutante: 0.0174
Probabilidade herdar alelo elite: 0.7678
Número de populações independentes: 1
Número de threads: 1
Trocar os melhores indivíduos a cada 30 gerações
Número máximo de gerações: 279

Largura da faixa = 104
Melhor altura = 480

Lower Bound 1 = 384
Lower Bound 2 = 265
Avaliação = 1.25

Tempo de execução: 11.6188s

---------------------------

Tamanho da população: 297
Fração elite: 0.55
Fração mutante: 0.0174
Probabilidade herdar alelo elite: 0.7678
Número de populações independentes: 1
Número de threads: 1
Trocar os melhores indivíduos a cada 30 gerações
Número máximo de gerações: 279

Largura da faixa = 104
Melhor altura = 479

Lower Bound 1 = 384
Lower Bound 2 = 265
Avaliação = 1.2474

Tempo de execução: 11.7043s

---------------------------

Tamanho da população: 297
Fração elite: 0.55
Fração mutante: 0.0174
Probabilidade herdar alelo elite: 0.7678
Número de populações independentes: 1
Número de threads: 1
Trocar os melhores indivíduos a cada 30 gerações
Número máximo de gerações: 279

Largura da faixa = 104
Melhor altura = 473

Lower Bound 1 = 384
Lower Bound 2 = 265
Avaliação = 1.23177

Tempo de execução: 11.5648s

---------------------------

Tamanho da população: 297
Fração elite: 0.55
Fração mutante: 0.0174
Probabilidade herdar alelo elite: 0.7678
Número de populações independentes: 1
Número de threads: 1
Trocar os melhores indivíduos a cada 30 gerações
Número máximo de gerações: 279

Largura da faixa = 104
Melhor altura = 470

Lower Bound 1 = 384
Lower Bound 2 = 265
Avaliação = 1.22396

Tempo de execução: 11.5986s

---------------------------

Tamanho da população: 297
Fração elite: 0.55
Fração mutante: 0.0174
Probabilidade herdar alelo elite: 0.7678
Número de populações independentes: 1
Número de threads: 1
Trocar os melhores indivíduos a cada 30 gerações
Número máximo de gerações: 279

Largura da faixa = 104
Melhor altura = 476

Lower Bound 1 = 384
Lower Bound 2 = 265
Avaliação = 1.23958

Tempo de execução: 11.6415s

---------------------------

Tamanho da população: 297
Fração elite: 0.55
Fração mutante: 0.0174
Probabilidade herdar alelo elite: 0.7678
Número de populações independentes: 1
Número de threads: 1
Trocar os melhores indivíduos a cada 30 gerações
Número máximo de gerações: 279

Largura da faixa = 104
Melhor altura = 473

Lower Bound 1 = 384
Lower Bound 2 = 265
Avaliação = 1.23177

Tempo de execução: 10.929s

---------------------------

Tamanho da população: 297
Fração elite: 0.55
Fração mutante: 0.0174
Probabilidade herdar alelo elite: 0.7678
Número de populações independentes: 1
Número de threads: 1
Trocar os melhores indivíduos a cada 30 gerações
Número máximo de gerações: 279

Largura da faixa = 104
Melhor altura = 486

Lower Bound 1 = 384
Lower Bound 2 = 265
Avaliação = 1.26562

Tempo de execução: 11.6338s

---------------------------

Tamanho da população: 297
Fração elite: 0.55
Fração mutante: 0.0174
Probabilidade herdar alelo elite: 0.7678
Número de populações independentes: 1
Número de threads: 1
Trocar os melhores indivíduos a cada 30 gerações
Número máximo de gerações: 279

Largura da faixa = 104
Melhor altura = 478

Lower Bound 1 = 384
Lower Bound 2 = 265
Avaliação = 1.24479

Tempo de execução: 12.1728s

---------------------------

Tamanho da população: 297
Fração elite: 0.55
Fração mutante: 0.0174
Probabilidade herdar alelo elite: 0.7678
Número de populações independentes: 1
Número de threads: 1
Trocar os melhores indivíduos a cada 30 gerações
Número máximo de gerações: 279

Largura da faixa = 104
Melhor altura = 470

Lower Bound 1 = 384
Lower Bound 2 = 265
Avaliação = 1.22396

Tempo de execução: 11.0551s

---------------------------

Tamanho da população: 297
Fração elite: 0.55
Fração mutante: 0.0174
Probabilidade herdar alelo elite: 0.7678
Número de populações independentes: 1
Número de threads: 1
Trocar os melhores indivíduos a cada 30 gerações
Número máximo de gerações: 279

Largura da faixa = 104
Melhor altura = 468

Lower Bound 1 = 384
Lower Bound 2 = 265
Avaliação = 1.21875

Tempo de execução: 11.3853s

---------------------------

