Tamanho da população: 297
Fração elite: 0.55
Fração mutante: 0.0174
Probabilidade herdar alelo elite: 0.7678
Número de populações independentes: 1
Número de threads: 1
Trocar os melhores indivíduos a cada 30 gerações
Número máximo de gerações: 279

Largura da faixa = 98
Melhor altura = 460

Lower Bound 1 = 408
Lower Bound 2 = 226
Avaliação = 1.12745

Tempo de execução: 10.2861s

---------------------------

Tamanho da população: 297
Fração elite: 0.55
Fração mutante: 0.0174
Probabilidade herdar alelo elite: 0.7678
Número de populações independentes: 1
Número de threads: 1
Trocar os melhores indivíduos a cada 30 gerações
Número máximo de gerações: 279

Largura da faixa = 98
Melhor altura = 492

Lower Bound 1 = 408
Lower Bound 2 = 226
Avaliação = 1.20588

Tempo de execução: 10.4153s

---------------------------

Tamanho da população: 297
Fração elite: 0.55
Fração mutante: 0.0174
Probabilidade herdar alelo elite: 0.7678
Número de populações independentes: 1
Número de threads: 1
Trocar os melhores indivíduos a cada 30 gerações
Número máximo de gerações: 279

Largura da faixa = 98
Melhor altura = 484

Lower Bound 1 = 408
Lower Bound 2 = 226
Avaliação = 1.18627

Tempo de execução: 10.4589s

---------------------------

Tamanho da população: 297
Fração elite: 0.55
Fração mutante: 0.0174
Probabilidade herdar alelo elite: 0.7678
Número de populações independentes: 1
Número de threads: 1
Trocar os melhores indivíduos a cada 30 gerações
Número máximo de gerações: 279

Largura da faixa = 98
Melhor altura = 465

Lower Bound 1 = 408
Lower Bound 2 = 226
Avaliação = 1.13971

Tempo de execução: 10.1644s

---------------------------

Tamanho da população: 297
Fração elite: 0.55
Fração mutante: 0.0174
Probabilidade herdar alelo elite: 0.7678
Número de populações independentes: 1
Número de threads: 1
Trocar os melhores indivíduos a cada 30 gerações
Número máximo de gerações: 279

Largura da faixa = 98
Melhor altura = 465

Lower Bound 1 = 408
Lower Bound 2 = 226
Avaliação = 1.13971

Tempo de execução: 10.175s

---------------------------

Tamanho da população: 297
Fração elite: 0.55
Fração mutante: 0.0174
Probabilidade herdar alelo elite: 0.7678
Número de populações independentes: 1
Número de threads: 1
Trocar os melhores indivíduos a cada 30 gerações
Número máximo de gerações: 279

Largura da faixa = 98
Melhor altura = 464

Lower Bound 1 = 408
Lower Bound 2 = 226
Avaliação = 1.13725

Tempo de execução: 10.2674s

---------------------------

Tamanho da população: 297
Fração elite: 0.55
Fração mutante: 0.0174
Probabilidade herdar alelo elite: 0.7678
Número de populações independentes: 1
Número de threads: 1
Trocar os melhores indivíduos a cada 30 gerações
Número máximo de gerações: 279

Largura da faixa = 98
Melhor altura = 463

Lower Bound 1 = 408
Lower Bound 2 = 226
Avaliação = 1.1348

Tempo de execução: 9.92577s

---------------------------

Tamanho da população: 297
Fração elite: 0.55
Fração mutante: 0.0174
Probabilidade herdar alelo elite: 0.7678
Número de populações independentes: 1
Número de threads: 1
Trocar os melhores indivíduos a cada 30 gerações
Número máximo de gerações: 279

Largura da faixa = 98
Melhor altura = 459

Lower Bound 1 = 408
Lower Bound 2 = 226
Avaliação = 1.125

Tempo de execução: 10.2292s

---------------------------

Tamanho da população: 297
Fração elite: 0.55
Fração mutante: 0.0174
Probabilidade herdar alelo elite: 0.7678
Número de populações independentes: 1
Número de threads: 1
Trocar os melhores indivíduos a cada 30 gerações
Número máximo de gerações: 279

Largura da faixa = 98
Melhor altura = 501

Lower Bound 1 = 408
Lower Bound 2 = 226
Avaliação = 1.22794

Tempo de execução: 10.3686s

---------------------------

Tamanho da população: 297
Fração elite: 0.55
Fração mutante: 0.0174
Probabilidade herdar alelo elite: 0.7678
Número de populações independentes: 1
Número de threads: 1
Trocar os melhores indivíduos a cada 30 gerações
Número máximo de gerações: 279

Largura da faixa = 98
Melhor altura = 472

Lower Bound 1 = 408
Lower Bound 2 = 226
Avaliação = 1.15686

Tempo de execução: 10.1642s

---------------------------

Tamanho da população: 297
Fração elite: 0.55
Fração mutante: 0.0174
Probabilidade herdar alelo elite: 0.7678
Número de populações independentes: 1
Número de threads: 1
Trocar os melhores indivíduos a cada 30 gerações
Número máximo de gerações: 279

Largura da faixa = 98
Melhor altura = 493

Lower Bound 1 = 408
Lower Bound 2 = 226
Avaliação = 1.20833

Tempo de execução: 10.1784s

---------------------------

Tamanho da população: 297
Fração elite: 0.55
Fração mutante: 0.0174
Probabilidade herdar alelo elite: 0.7678
Número de populações independentes: 1
Número de threads: 1
Trocar os melhores indivíduos a cada 30 gerações
Número máximo de gerações: 279

Largura da faixa = 98
Melhor altura = 458

Lower Bound 1 = 408
Lower Bound 2 = 226
Avaliação = 1.12255

Tempo de execução: 10.2023s

---------------------------

Tamanho da população: 297
Fração elite: 0.55
Fração mutante: 0.0174
Probabilidade herdar alelo elite: 0.7678
Número de populações independentes: 1
Número de threads: 1
Trocar os melhores indivíduos a cada 30 gerações
Número máximo de gerações: 279

Largura da faixa = 98
Melhor altura = 478

Lower Bound 1 = 408
Lower Bound 2 = 226
Avaliação = 1.17157

Tempo de execução: 10.2525s

---------------------------

Tamanho da população: 297
Fração elite: 0.55
Fração mutante: 0.0174
Probabilidade herdar alelo elite: 0.7678
Número de populações independentes: 1
Número de threads: 1
Trocar os melhores indivíduos a cada 30 gerações
Número máximo de gerações: 279

Largura da faixa = 98
Melhor altura = 476

Lower Bound 1 = 408
Lower Bound 2 = 226
Avaliação = 1.16667

Tempo de execução: 10.295s

---------------------------

Tamanho da população: 297
Fração elite: 0.55
Fração mutante: 0.0174
Probabilidade herdar alelo elite: 0.7678
Número de populações independentes: 1
Número de threads: 1
Trocar os melhores indivíduos a cada 30 gerações
Número máximo de gerações: 279

Largura da faixa = 98
Melhor altura = 459

Lower Bound 1 = 408
Lower Bound 2 = 226
Avaliação = 1.125

Tempo de execução: 10.3557s

---------------------------

Tamanho da população: 297
Fração elite: 0.55
Fração mutante: 0.0174
Probabilidade herdar alelo elite: 0.7678
Número de populações independentes: 1
Número de threads: 1
Trocar os melhores indivíduos a cada 30 gerações
Número máximo de gerações: 279

Largura da faixa = 98
Melhor altura = 464

Lower Bound 1 = 408
Lower Bound 2 = 226
Avaliação = 1.13725

Tempo de execução: 9.87073s

---------------------------

Tamanho da população: 297
Fração elite: 0.55
Fração mutante: 0.0174
Probabilidade herdar alelo elite: 0.7678
Número de populações independentes: 1
Número de threads: 1
Trocar os melhores indivíduos a cada 30 gerações
Número máximo de gerações: 279

Largura da faixa = 98
Melhor altura = 499

Lower Bound 1 = 408
Lower Bound 2 = 226
Avaliação = 1.22304

Tempo de execução: 10.2305s

---------------------------

Tamanho da população: 297
Fração elite: 0.55
Fração mutante: 0.0174
Probabilidade herdar alelo elite: 0.7678
Número de populações independentes: 1
Número de threads: 1
Trocar os melhores indivíduos a cada 30 gerações
Número máximo de gerações: 279

Largura da faixa = 98
Melhor altura = 477

Lower Bound 1 = 408
Lower Bound 2 = 226
Avaliação = 1.16912

Tempo de execução: 10.4586s

---------------------------

Tamanho da população: 297
Fração elite: 0.55
Fração mutante: 0.0174
Probabilidade herdar alelo elite: 0.7678
Número de populações independentes: 1
Número de threads: 1
Trocar os melhores indivíduos a cada 30 gerações
Número máximo de gerações: 279

Largura da faixa = 98
Melhor altura = 472

Lower Bound 1 = 408
Lower Bound 2 = 226
Avaliação = 1.15686

Tempo de execução: 10.0938s

---------------------------

Tamanho da população: 297
Fração elite: 0.55
Fração mutante: 0.0174
Probabilidade herdar alelo elite: 0.7678
Número de populações independentes: 1
Número de threads: 1
Trocar os melhores indivíduos a cada 30 gerações
Número máximo de gerações: 279

Largura da faixa = 98
Melhor altura = 477

Lower Bound 1 = 408
Lower Bound 2 = 226
Avaliação = 1.16912

Tempo de execução: 10.2314s

---------------------------

