Tamanho da população: 297
Fração elite: 0.55
Fração mutante: 0.0174
Probabilidade herdar alelo elite: 0.7678
Número de populações independentes: 1
Número de threads: 1
Trocar os melhores indivíduos a cada 30 gerações
Número máximo de gerações: 279

Largura da faixa = 115
Melhor altura = 399

Lower Bound 1 = 347
Lower Bound 2 = 244
Avaliação = 1.14986

Tempo de execução: 4.68526s

---------------------------

Tamanho da população: 297
Fração elite: 0.55
Fração mutante: 0.0174
Probabilidade herdar alelo elite: 0.7678
Número de populações independentes: 1
Número de threads: 1
Trocar os melhores indivíduos a cada 30 gerações
Número máximo de gerações: 279

Largura da faixa = 115
Melhor altura = 395

Lower Bound 1 = 347
Lower Bound 2 = 244
Avaliação = 1.13833

Tempo de execução: 4.74599s

---------------------------

Tamanho da população: 297
Fração elite: 0.55
Fração mutante: 0.0174
Probabilidade herdar alelo elite: 0.7678
Número de populações independentes: 1
Número de threads: 1
Trocar os melhores indivíduos a cada 30 gerações
Número máximo de gerações: 279

Largura da faixa = 115
Melhor altura = 394

Lower Bound 1 = 347
Lower Bound 2 = 244
Avaliação = 1.13545

Tempo de execução: 4.89059s

---------------------------

Tamanho da população: 297
Fração elite: 0.55
Fração mutante: 0.0174
Probabilidade herdar alelo elite: 0.7678
Número de populações independentes: 1
Número de threads: 1
Trocar os melhores indivíduos a cada 30 gerações
Número máximo de gerações: 279

Largura da faixa = 115
Melhor altura = 399

Lower Bound 1 = 347
Lower Bound 2 = 244
Avaliação = 1.14986

Tempo de execução: 4.73953s

---------------------------

Tamanho da população: 297
Fração elite: 0.55
Fração mutante: 0.0174
Probabilidade herdar alelo elite: 0.7678
Número de populações independentes: 1
Número de threads: 1
Trocar os melhores indivíduos a cada 30 gerações
Número máximo de gerações: 279

Largura da faixa = 115
Melhor altura = 397

Lower Bound 1 = 347
Lower Bound 2 = 244
Avaliação = 1.14409

Tempo de execução: 4.74482s

---------------------------

Tamanho da população: 297
Fração elite: 0.55
Fração mutante: 0.0174
Probabilidade herdar alelo elite: 0.7678
Número de populações independentes: 1
Número de threads: 1
Trocar os melhores indivíduos a cada 30 gerações
Número máximo de gerações: 279

Largura da faixa = 115
Melhor altura = 397

Lower Bound 1 = 347
Lower Bound 2 = 244
Avaliação = 1.14409

Tempo de execução: 4.91831s

---------------------------

Tamanho da população: 297
Fração elite: 0.55
Fração mutante: 0.0174
Probabilidade herdar alelo elite: 0.7678
Número de populações independentes: 1
Número de threads: 1
Trocar os melhores indivíduos a cada 30 gerações
Número máximo de gerações: 279

Largura da faixa = 115
Melhor altura = 401

Lower Bound 1 = 347
Lower Bound 2 = 244
Avaliação = 1.15562

Tempo de execução: 4.67466s

---------------------------

Tamanho da população: 297
Fração elite: 0.55
Fração mutante: 0.0174
Probabilidade herdar alelo elite: 0.7678
Número de populações independentes: 1
Número de threads: 1
Trocar os melhores indivíduos a cada 30 gerações
Número máximo de gerações: 279

Largura da faixa = 115
Melhor altura = 394

Lower Bound 1 = 347
Lower Bound 2 = 244
Avaliação = 1.13545

Tempo de execução: 4.70233s

---------------------------

Tamanho da população: 297
Fração elite: 0.55
Fração mutante: 0.0174
Probabilidade herdar alelo elite: 0.7678
Número de populações independentes: 1
Número de threads: 1
Trocar os melhores indivíduos a cada 30 gerações
Número máximo de gerações: 279

Largura da faixa = 115
Melhor altura = 402

Lower Bound 1 = 347
Lower Bound 2 = 244
Avaliação = 1.1585

Tempo de execução: 4.75448s

---------------------------

Tamanho da população: 297
Fração elite: 0.55
Fração mutante: 0.0174
Probabilidade herdar alelo elite: 0.7678
Número de populações independentes: 1
Número de threads: 1
Trocar os melhores indivíduos a cada 30 gerações
Número máximo de gerações: 279

Largura da faixa = 115
Melhor altura = 398

Lower Bound 1 = 347
Lower Bound 2 = 244
Avaliação = 1.14697

Tempo de execução: 4.68564s

---------------------------

Tamanho da população: 297
Fração elite: 0.55
Fração mutante: 0.0174
Probabilidade herdar alelo elite: 0.7678
Número de populações independentes: 1
Número de threads: 1
Trocar os melhores indivíduos a cada 30 gerações
Número máximo de gerações: 279

Largura da faixa = 115
Melhor altura = 389

Lower Bound 1 = 347
Lower Bound 2 = 244
Avaliação = 1.12104

Tempo de execução: 4.79503s

---------------------------

Tamanho da população: 297
Fração elite: 0.55
Fração mutante: 0.0174
Probabilidade herdar alelo elite: 0.7678
Número de populações independentes: 1
Número de threads: 1
Trocar os melhores indivíduos a cada 30 gerações
Número máximo de gerações: 279

Largura da faixa = 115
Melhor altura = 396

Lower Bound 1 = 347
Lower Bound 2 = 244
Avaliação = 1.14121

Tempo de execução: 4.82199s

---------------------------

Tamanho da população: 297
Fração elite: 0.55
Fração mutante: 0.0174
Probabilidade herdar alelo elite: 0.7678
Número de populações independentes: 1
Número de threads: 1
Trocar os melhores indivíduos a cada 30 gerações
Número máximo de gerações: 279

Largura da faixa = 115
Melhor altura = 401

Lower Bound 1 = 347
Lower Bound 2 = 244
Avaliação = 1.15562

Tempo de execução: 4.52579s

---------------------------

Tamanho da população: 297
Fração elite: 0.55
Fração mutante: 0.0174
Probabilidade herdar alelo elite: 0.7678
Número de populações independentes: 1
Número de threads: 1
Trocar os melhores indivíduos a cada 30 gerações
Número máximo de gerações: 279

Largura da faixa = 115
Melhor altura = 393

Lower Bound 1 = 347
Lower Bound 2 = 244
Avaliação = 1.13256

Tempo de execução: 4.66577s

---------------------------

Tamanho da população: 297
Fração elite: 0.55
Fração mutante: 0.0174
Probabilidade herdar alelo elite: 0.7678
Número de populações independentes: 1
Número de threads: 1
Trocar os melhores indivíduos a cada 30 gerações
Número máximo de gerações: 279

Largura da faixa = 115
Melhor altura = 400

Lower Bound 1 = 347
Lower Bound 2 = 244
Avaliação = 1.15274

Tempo de execução: 4.7486s

---------------------------

Tamanho da população: 297
Fração elite: 0.55
Fração mutante: 0.0174
Probabilidade herdar alelo elite: 0.7678
Número de populações independentes: 1
Número de threads: 1
Trocar os melhores indivíduos a cada 30 gerações
Número máximo de gerações: 279

Largura da faixa = 115
Melhor altura = 397

Lower Bound 1 = 347
Lower Bound 2 = 244
Avaliação = 1.14409

Tempo de execução: 4.6788s

---------------------------

Tamanho da população: 297
Fração elite: 0.55
Fração mutante: 0.0174
Probabilidade herdar alelo elite: 0.7678
Número de populações independentes: 1
Número de threads: 1
Trocar os melhores indivíduos a cada 30 gerações
Número máximo de gerações: 279

Largura da faixa = 115
Melhor altura = 397

Lower Bound 1 = 347
Lower Bound 2 = 244
Avaliação = 1.14409

Tempo de execução: 4.8046s

---------------------------

Tamanho da população: 297
Fração elite: 0.55
Fração mutante: 0.0174
Probabilidade herdar alelo elite: 0.7678
Número de populações independentes: 1
Número de threads: 1
Trocar os melhores indivíduos a cada 30 gerações
Número máximo de gerações: 279

Largura da faixa = 115
Melhor altura = 399

Lower Bound 1 = 347
Lower Bound 2 = 244
Avaliação = 1.14986

Tempo de execução: 4.80487s

---------------------------

Tamanho da população: 297
Fração elite: 0.55
Fração mutante: 0.0174
Probabilidade herdar alelo elite: 0.7678
Número de populações independentes: 1
Número de threads: 1
Trocar os melhores indivíduos a cada 30 gerações
Número máximo de gerações: 279

Largura da faixa = 115
Melhor altura = 401

Lower Bound 1 = 347
Lower Bound 2 = 244
Avaliação = 1.15562

Tempo de execução: 4.70557s

---------------------------

Tamanho da população: 297
Fração elite: 0.55
Fração mutante: 0.0174
Probabilidade herdar alelo elite: 0.7678
Número de populações independentes: 1
Número de threads: 1
Trocar os melhores indivíduos a cada 30 gerações
Número máximo de gerações: 279

Largura da faixa = 115
Melhor altura = 398

Lower Bound 1 = 347
Lower Bound 2 = 244
Avaliação = 1.14697

Tempo de execução: 4.78327s

---------------------------

