Tamanho da população: 297
Fração elite: 0.55
Fração mutante: 0.0174
Probabilidade herdar alelo elite: 0.7678
Número de populações independentes: 1
Número de threads: 1
Trocar os melhores indivíduos a cada 30 gerações
Número máximo de gerações: 279

Largura da faixa = 114
Melhor altura = 395

Lower Bound 1 = 350
Lower Bound 2 = 250
Avaliação = 1.12857

Tempo de execução: 2.11365s

---------------------------

Tamanho da população: 297
Fração elite: 0.55
Fração mutante: 0.0174
Probabilidade herdar alelo elite: 0.7678
Número de populações independentes: 1
Número de threads: 1
Trocar os melhores indivíduos a cada 30 gerações
Número máximo de gerações: 279

Largura da faixa = 114
Melhor altura = 391

Lower Bound 1 = 350
Lower Bound 2 = 250
Avaliação = 1.11714

Tempo de execução: 2.17508s

---------------------------

Tamanho da população: 297
Fração elite: 0.55
Fração mutante: 0.0174
Probabilidade herdar alelo elite: 0.7678
Número de populações independentes: 1
Número de threads: 1
Trocar os melhores indivíduos a cada 30 gerações
Número máximo de gerações: 279

Largura da faixa = 114
Melhor altura = 400

Lower Bound 1 = 350
Lower Bound 2 = 250
Avaliação = 1.14286

Tempo de execução: 2.19259s

---------------------------

Tamanho da população: 297
Fração elite: 0.55
Fração mutante: 0.0174
Probabilidade herdar alelo elite: 0.7678
Número de populações independentes: 1
Número de threads: 1
Trocar os melhores indivíduos a cada 30 gerações
Número máximo de gerações: 279

Largura da faixa = 114
Melhor altura = 391

Lower Bound 1 = 350
Lower Bound 2 = 250
Avaliação = 1.11714

Tempo de execução: 2.1823s

---------------------------

Tamanho da população: 297
Fração elite: 0.55
Fração mutante: 0.0174
Probabilidade herdar alelo elite: 0.7678
Número de populações independentes: 1
Número de threads: 1
Trocar os melhores indivíduos a cada 30 gerações
Número máximo de gerações: 279

Largura da faixa = 114
Melhor altura = 391

Lower Bound 1 = 350
Lower Bound 2 = 250
Avaliação = 1.11714

Tempo de execução: 2.20832s

---------------------------

Tamanho da população: 297
Fração elite: 0.55
Fração mutante: 0.0174
Probabilidade herdar alelo elite: 0.7678
Número de populações independentes: 1
Número de threads: 1
Trocar os melhores indivíduos a cada 30 gerações
Número máximo de gerações: 279

Largura da faixa = 114
Melhor altura = 395

Lower Bound 1 = 350
Lower Bound 2 = 250
Avaliação = 1.12857

Tempo de execução: 2.28948s

---------------------------

Tamanho da população: 297
Fração elite: 0.55
Fração mutante: 0.0174
Probabilidade herdar alelo elite: 0.7678
Número de populações independentes: 1
Número de threads: 1
Trocar os melhores indivíduos a cada 30 gerações
Número máximo de gerações: 279

Largura da faixa = 114
Melhor altura = 403

Lower Bound 1 = 350
Lower Bound 2 = 250
Avaliação = 1.15143

Tempo de execução: 2.20447s

---------------------------

Tamanho da população: 297
Fração elite: 0.55
Fração mutante: 0.0174
Probabilidade herdar alelo elite: 0.7678
Número de populações independentes: 1
Número de threads: 1
Trocar os melhores indivíduos a cada 30 gerações
Número máximo de gerações: 279

Largura da faixa = 114
Melhor altura = 395

Lower Bound 1 = 350
Lower Bound 2 = 250
Avaliação = 1.12857

Tempo de execução: 2.25047s

---------------------------

Tamanho da população: 297
Fração elite: 0.55
Fração mutante: 0.0174
Probabilidade herdar alelo elite: 0.7678
Número de populações independentes: 1
Número de threads: 1
Trocar os melhores indivíduos a cada 30 gerações
Número máximo de gerações: 279

Largura da faixa = 114
Melhor altura = 391

Lower Bound 1 = 350
Lower Bound 2 = 250
Avaliação = 1.11714

Tempo de execução: 2.3619s

---------------------------

Tamanho da população: 297
Fração elite: 0.55
Fração mutante: 0.0174
Probabilidade herdar alelo elite: 0.7678
Número de populações independentes: 1
Número de threads: 1
Trocar os melhores indivíduos a cada 30 gerações
Número máximo de gerações: 279

Largura da faixa = 114
Melhor altura = 395

Lower Bound 1 = 350
Lower Bound 2 = 250
Avaliação = 1.12857

Tempo de execução: 2.14304s

---------------------------

Tamanho da população: 297
Fração elite: 0.55
Fração mutante: 0.0174
Probabilidade herdar alelo elite: 0.7678
Número de populações independentes: 1
Número de threads: 1
Trocar os melhores indivíduos a cada 30 gerações
Número máximo de gerações: 279

Largura da faixa = 114
Melhor altura = 388

Lower Bound 1 = 350
Lower Bound 2 = 250
Avaliação = 1.10857

Tempo de execução: 2.21264s

---------------------------

Tamanho da população: 297
Fração elite: 0.55
Fração mutante: 0.0174
Probabilidade herdar alelo elite: 0.7678
Número de populações independentes: 1
Número de threads: 1
Trocar os melhores indivíduos a cada 30 gerações
Número máximo de gerações: 279

Largura da faixa = 114
Melhor altura = 396

Lower Bound 1 = 350
Lower Bound 2 = 250
Avaliação = 1.13143

Tempo de execução: 2.23943s

---------------------------

Tamanho da população: 297
Fração elite: 0.55
Fração mutante: 0.0174
Probabilidade herdar alelo elite: 0.7678
Número de populações independentes: 1
Número de threads: 1
Trocar os melhores indivíduos a cada 30 gerações
Número máximo de gerações: 279

Largura da faixa = 114
Melhor altura = 391

Lower Bound 1 = 350
Lower Bound 2 = 250
Avaliação = 1.11714

Tempo de execução: 2.11802s

---------------------------

Tamanho da população: 297
Fração elite: 0.55
Fração mutante: 0.0174
Probabilidade herdar alelo elite: 0.7678
Número de populações independentes: 1
Número de threads: 1
Trocar os melhores indivíduos a cada 30 gerações
Número máximo de gerações: 279

Largura da faixa = 114
Melhor altura = 391

Lower Bound 1 = 350
Lower Bound 2 = 250
Avaliação = 1.11714

Tempo de execução: 2.15179s

---------------------------

Tamanho da população: 297
Fração elite: 0.55
Fração mutante: 0.0174
Probabilidade herdar alelo elite: 0.7678
Número de populações independentes: 1
Número de threads: 1
Trocar os melhores indivíduos a cada 30 gerações
Número máximo de gerações: 279

Largura da faixa = 114
Melhor altura = 395

Lower Bound 1 = 350
Lower Bound 2 = 250
Avaliação = 1.12857

Tempo de execução: 2.15667s

---------------------------

Tamanho da população: 297
Fração elite: 0.55
Fração mutante: 0.0174
Probabilidade herdar alelo elite: 0.7678
Número de populações independentes: 1
Número de threads: 1
Trocar os melhores indivíduos a cada 30 gerações
Número máximo de gerações: 279

Largura da faixa = 114
Melhor altura = 395

Lower Bound 1 = 350
Lower Bound 2 = 250
Avaliação = 1.12857

Tempo de execução: 2.14523s

---------------------------

Tamanho da população: 297
Fração elite: 0.55
Fração mutante: 0.0174
Probabilidade herdar alelo elite: 0.7678
Número de populações independentes: 1
Número de threads: 1
Trocar os melhores indivíduos a cada 30 gerações
Número máximo de gerações: 279

Largura da faixa = 114
Melhor altura = 388

Lower Bound 1 = 350
Lower Bound 2 = 250
Avaliação = 1.10857

Tempo de execução: 2.18514s

---------------------------

Tamanho da população: 297
Fração elite: 0.55
Fração mutante: 0.0174
Probabilidade herdar alelo elite: 0.7678
Número de populações independentes: 1
Número de threads: 1
Trocar os melhores indivíduos a cada 30 gerações
Número máximo de gerações: 279

Largura da faixa = 114
Melhor altura = 393

Lower Bound 1 = 350
Lower Bound 2 = 250
Avaliação = 1.12286

Tempo de execução: 2.24898s

---------------------------

Tamanho da população: 297
Fração elite: 0.55
Fração mutante: 0.0174
Probabilidade herdar alelo elite: 0.7678
Número de populações independentes: 1
Número de threads: 1
Trocar os melhores indivíduos a cada 30 gerações
Número máximo de gerações: 279

Largura da faixa = 114
Melhor altura = 403

Lower Bound 1 = 350
Lower Bound 2 = 250
Avaliação = 1.15143

Tempo de execução: 2.19645s

---------------------------

Tamanho da população: 297
Fração elite: 0.55
Fração mutante: 0.0174
Probabilidade herdar alelo elite: 0.7678
Número de populações independentes: 1
Número de threads: 1
Trocar os melhores indivíduos a cada 30 gerações
Número máximo de gerações: 279

Largura da faixa = 114
Melhor altura = 395

Lower Bound 1 = 350
Lower Bound 2 = 250
Avaliação = 1.12857

Tempo de execução: 2.22263s

---------------------------

