Número de cromossomos: 50
Tamanho da população: 60
Fração elite: 0.3
Fração mutante: 0.7
Probabilidade herdar alelo elite: 0.6
Número de populações independentes: 2
Número de threads: 14
Trocar os melhores indivíduos a cada 100 gerações
Número máximo de gerações: 100

Número de cromossomos: 50
Tamanho da população: 60
Fração elite: 0.3
Fração mutante: 0.7
Probabilidade herdar alelo elite: 0.6
Número de populações independentes: 2
Número de threads: 14
Trocar os melhores indivíduos a cada 100 gerações
Número máximo de gerações: 100

Tamanho da população: 230
Fração elite: 0.15
Fração mutante: 0.2
Probabilidade herdar alelo elite: 0.55
Número de populações independentes: 3
Número de threads: 14
Trocar os melhores indivíduos a cada 40 gerações
Número máximo de gerações: 130
Número máximo de iterações sem melhora: 30
Melhor até agora: 131 Geração: 0
Iteração: 0
Melhor até agora: 128 Geração: 1
Iteração: 0
Melhor até agora: 126 Geração: 4
Iteração: 0
Melhor até agora: 123 Geração: 6
Iteração: 0
Melhor até agora: 121 Geração: 9
Iteração: 0
Número de swaps entre camadas = 10
Largura da faixa = 29
Melhor altura = 121

Lower Bound 1 = 105
Lower Bound 2 = 29
Avaliação = 1.15238

Tempo de execução: 5s

---------------------------

Número de cromossomos: 50
Tamanho da população: 60
Fração elite: 0.3
Fração mutante: 0.7
Probabilidade herdar alelo elite: 0.6
Número de populações independentes: 2
Número de threads: 14
Trocar os melhores indivíduos a cada 100 gerações
Número máximo de gerações: 100

Número de cromossomos: 50
Tamanho da população: 60
Fração elite: 0.3
Fração mutante: 0.7
Probabilidade herdar alelo elite: 0.6
Número de populações independentes: 2
Número de threads: 14
Trocar os melhores indivíduos a cada 100 gerações
Número máximo de gerações: 100

Tamanho da população: 230
Fração elite: 0.15
Fração mutante: 0.2
Probabilidade herdar alelo elite: 0.55
Número de populações independentes: 3
Número de threads: 14
Trocar os melhores indivíduos a cada 40 gerações
Número máximo de gerações: 130
Número máximo de iterações sem melhora: 30
Melhor até agora: 130 Geração: 0
Iteração: 0
Melhor até agora: 127 Geração: 1
Iteração: 0
Melhor até agora: 126 Geração: 6
Iteração: 0
Melhor até agora: 125 Geração: 9
Iteração: 0
Melhor até agora: 124 Geração: 10
Iteração: 0
Melhor até agora: 122 Geração: 4
Iteração: 1
Melhor até agora: 120 Geração: 6
Iteração: 1
Melhor até agora: 119 Geração: 8
Iteração: 3
Melhor até agora: 118 Geração: 19
Iteração: 3
Melhor até agora: 117 Geração: 25
Iteração: 3
Número de swaps entre camadas = 10
Largura da faixa = 29
Melhor altura = 117

Lower Bound 1 = 105
Lower Bound 2 = 29
Avaliação = 1.11429

Tempo de execução: 6s

---------------------------

Número de cromossomos: 50
Tamanho da população: 60
Fração elite: 0.3
Fração mutante: 0.7
Probabilidade herdar alelo elite: 0.6
Número de populações independentes: 2
Número de threads: 14
Trocar os melhores indivíduos a cada 100 gerações
Número máximo de gerações: 100

Número de cromossomos: 50
Tamanho da população: 60
Fração elite: 0.3
Fração mutante: 0.7
Probabilidade herdar alelo elite: 0.6
Número de populações independentes: 2
Número de threads: 14
Trocar os melhores indivíduos a cada 100 gerações
Número máximo de gerações: 100

Tamanho da população: 230
Fração elite: 0.15
Fração mutante: 0.2
Probabilidade herdar alelo elite: 0.55
Número de populações independentes: 3
Número de threads: 14
Trocar os melhores indivíduos a cada 40 gerações
Número máximo de gerações: 130
Número máximo de iterações sem melhora: 30
Melhor até agora: 127 Geração: 0
Iteração: 0
Melhor até agora: 125 Geração: 1
Iteração: 0
Melhor até agora: 124 Geração: 6
Iteração: 0
Melhor até agora: 123 Geração: 0
Iteração: 1
Melhor até agora: 121 Geração: 10
Iteração: 1
Melhor até agora: 120 Geração: 38
Iteração: 1
Melhor até agora: 118 Geração: 3
Iteração: 2
Melhor até agora: 117 Geração: 19
Iteração: 2
Número de swaps entre camadas = 10
Largura da faixa = 29
Melhor altura = 117

Lower Bound 1 = 105
Lower Bound 2 = 29
Avaliação = 1.11429

Tempo de execução: 6s

---------------------------

Número de cromossomos: 50
Tamanho da população: 60
Fração elite: 0.3
Fração mutante: 0.7
Probabilidade herdar alelo elite: 0.6
Número de populações independentes: 2
Número de threads: 14
Trocar os melhores indivíduos a cada 100 gerações
Número máximo de gerações: 100

Número de cromossomos: 50
Tamanho da população: 60
Fração elite: 0.3
Fração mutante: 0.7
Probabilidade herdar alelo elite: 0.6
Número de populações independentes: 2
Número de threads: 14
Trocar os melhores indivíduos a cada 100 gerações
Número máximo de gerações: 100

Tamanho da população: 230
Fração elite: 0.15
Fração mutante: 0.2
Probabilidade herdar alelo elite: 0.55
Número de populações independentes: 3
Número de threads: 14
Trocar os melhores indivíduos a cada 40 gerações
Número máximo de gerações: 130
Número máximo de iterações sem melhora: 30
Melhor até agora: 126 Geração: 0
Iteração: 0
Melhor até agora: 125 Geração: 1
Iteração: 0
Melhor até agora: 124 Geração: 2
Iteração: 1
Melhor até agora: 123 Geração: 4
Iteração: 1
Melhor até agora: 119 Geração: 10
Iteração: 1
Melhor até agora: 117 Geração: 1
Iteração: 3
Melhor até agora: 116 Geração: 0
Iteração: 4
Número de swaps entre camadas = 10
Largura da faixa = 29
Melhor altura = 116

Lower Bound 1 = 105
Lower Bound 2 = 29
Avaliação = 1.10476

Tempo de execução: 5s

---------------------------

Número de cromossomos: 50
Tamanho da população: 60
Fração elite: 0.3
Fração mutante: 0.7
Probabilidade herdar alelo elite: 0.6
Número de populações independentes: 2
Número de threads: 14
Trocar os melhores indivíduos a cada 100 gerações
Número máximo de gerações: 100

Melhor até agora: 213 Geração: 0
Iteração: 0
Número de cromossomos: 50
Tamanho da população: 60
Fração elite: 0.3
Fração mutante: 0.7
Probabilidade herdar alelo elite: 0.6
Número de populações independentes: 2
Número de threads: 14
Trocar os melhores indivíduos a cada 100 gerações
Número máximo de gerações: 100

Tamanho da população: 230
Fração elite: 0.15
Fração mutante: 0.2
Probabilidade herdar alelo elite: 0.55
Número de populações independentes: 3
Número de threads: 14
Trocar os melhores indivíduos a cada 40 gerações
Número máximo de gerações: 130
Número máximo de iterações sem melhora: 30
Melhor até agora: 125 Geração: 0
Iteração: 0
Melhor até agora: 123 Geração: 11
Iteração: 0
Melhor até agora: 121 Geração: 20
Iteração: 0
Melhor até agora: 120 Geração: 12
Iteração: 3
Número de swaps entre camadas = 10
Largura da faixa = 29
Melhor altura = 120

Lower Bound 1 = 105
Lower Bound 2 = 29
Avaliação = 1.14286

Tempo de execução: 6s

---------------------------

Número de cromossomos: 50
Tamanho da população: 60
Fração elite: 0.3
Fração mutante: 0.7
Probabilidade herdar alelo elite: 0.6
Número de populações independentes: 2
Número de threads: 14
Trocar os melhores indivíduos a cada 100 gerações
Número máximo de gerações: 100

Número de cromossomos: 50
Tamanho da população: 60
Fração elite: 0.3
Fração mutante: 0.7
Probabilidade herdar alelo elite: 0.6
Número de populações independentes: 2
Número de threads: 14
Trocar os melhores indivíduos a cada 100 gerações
Número máximo de gerações: 100

Tamanho da população: 230
Fração elite: 0.15
Fração mutante: 0.2
Probabilidade herdar alelo elite: 0.55
Número de populações independentes: 3
Número de threads: 14
Trocar os melhores indivíduos a cada 40 gerações
Número máximo de gerações: 130
Número máximo de iterações sem melhora: 30
Melhor até agora: 127 Geração: 0
Iteração: 0
Melhor até agora: 126 Geração: 2
Iteração: 0
Melhor até agora: 124 Geração: 4
Iteração: 0
Melhor até agora: 123 Geração: 7
Iteração: 1
Melhor até agora: 122 Geração: 8
Iteração: 1
Melhor até agora: 120 Geração: 11
Iteração: 1
Melhor até agora: 119 Geração: 4
Iteração: 3
Número de swaps entre camadas = 10
Largura da faixa = 29
Melhor altura = 119

Lower Bound 1 = 105
Lower Bound 2 = 29
Avaliação = 1.13333

Tempo de execução: 5s

---------------------------

Número de cromossomos: 50
Tamanho da população: 60
Fração elite: 0.3
Fração mutante: 0.7
Probabilidade herdar alelo elite: 0.6
Número de populações independentes: 2
Número de threads: 14
Trocar os melhores indivíduos a cada 100 gerações
Número máximo de gerações: 100

Número de cromossomos: 50
Tamanho da população: 60
Fração elite: 0.3
Fração mutante: 0.7
Probabilidade herdar alelo elite: 0.6
Número de populações independentes: 2
Número de threads: 14
Trocar os melhores indivíduos a cada 100 gerações
Número máximo de gerações: 100

Tamanho da população: 230
Fração elite: 0.15
Fração mutante: 0.2
Probabilidade herdar alelo elite: 0.55
Número de populações independentes: 3
Número de threads: 14
Trocar os melhores indivíduos a cada 40 gerações
Número máximo de gerações: 130
Número máximo de iterações sem melhora: 30
Melhor até agora: 125 Geração: 0
Iteração: 0
Melhor até agora: 124 Geração: 13
Iteração: 0
Melhor até agora: 123 Geração: 1
Iteração: 1
Melhor até agora: 122 Geração: 5
Iteração: 2
Melhor até agora: 119 Geração: 25
Iteração: 2
Melhor até agora: 118 Geração: 4
Iteração: 3
Melhor até agora: 117 Geração: 17
Iteração: 3
Número de swaps entre camadas = 10
Largura da faixa = 29
Melhor altura = 117

Lower Bound 1 = 105
Lower Bound 2 = 29
Avaliação = 1.11429

Tempo de execução: 6s

---------------------------

Número de cromossomos: 50
Tamanho da população: 60
Fração elite: 0.3
Fração mutante: 0.7
Probabilidade herdar alelo elite: 0.6
Número de populações independentes: 2
Número de threads: 14
Trocar os melhores indivíduos a cada 100 gerações
Número máximo de gerações: 100

Melhor até agora: 213 Geração: 0
Iteração: 1
Número de cromossomos: 50
Tamanho da população: 60
Fração elite: 0.3
Fração mutante: 0.7
Probabilidade herdar alelo elite: 0.6
Número de populações independentes: 2
Número de threads: 14
Trocar os melhores indivíduos a cada 100 gerações
Número máximo de gerações: 100

Tamanho da população: 230
Fração elite: 0.15
Fração mutante: 0.2
Probabilidade herdar alelo elite: 0.55
Número de populações independentes: 3
Número de threads: 14
Trocar os melhores indivíduos a cada 40 gerações
Número máximo de gerações: 130
Número máximo de iterações sem melhora: 30
Melhor até agora: 125 Geração: 7
Iteração: 0
Melhor até agora: 123 Geração: 0
Iteração: 1
Melhor até agora: 122 Geração: 4
Iteração: 1
Melhor até agora: 121 Geração: 13
Iteração: 2
Melhor até agora: 120 Geração: 3
Iteração: 3
Número de swaps entre camadas = 10
Largura da faixa = 29
Melhor altura = 120

Lower Bound 1 = 105
Lower Bound 2 = 29
Avaliação = 1.14286

Tempo de execução: 5s

---------------------------

Número de cromossomos: 50
Tamanho da população: 60
Fração elite: 0.3
Fração mutante: 0.7
Probabilidade herdar alelo elite: 0.6
Número de populações independentes: 2
Número de threads: 14
Trocar os melhores indivíduos a cada 100 gerações
Número máximo de gerações: 100

Número de cromossomos: 50
Tamanho da população: 60
Fração elite: 0.3
Fração mutante: 0.7
Probabilidade herdar alelo elite: 0.6
Número de populações independentes: 2
Número de threads: 14
Trocar os melhores indivíduos a cada 100 gerações
Número máximo de gerações: 100

Tamanho da população: 230
Fração elite: 0.15
Fração mutante: 0.2
Probabilidade herdar alelo elite: 0.55
Número de populações independentes: 3
Número de threads: 14
Trocar os melhores indivíduos a cada 40 gerações
Número máximo de gerações: 130
Número máximo de iterações sem melhora: 30
Melhor até agora: 127 Geração: 0
Iteração: 0
Melhor até agora: 125 Geração: 3
Iteração: 0
Melhor até agora: 124 Geração: 16
Iteração: 0
Melhor até agora: 123 Geração: 8
Iteração: 1
Melhor até agora: 121 Geração: 33
Iteração: 1
Melhor até agora: 120 Geração: 4
Iteração: 3
Número de swaps entre camadas = 10
Largura da faixa = 29
Melhor altura = 120

Lower Bound 1 = 105
Lower Bound 2 = 29
Avaliação = 1.14286

Tempo de execução: 6s

---------------------------

Número de cromossomos: 50
Tamanho da população: 60
Fração elite: 0.3
Fração mutante: 0.7
Probabilidade herdar alelo elite: 0.6
Número de populações independentes: 2
Número de threads: 14
Trocar os melhores indivíduos a cada 100 gerações
Número máximo de gerações: 100

Número de cromossomos: 50
Tamanho da população: 60
Fração elite: 0.3
Fração mutante: 0.7
Probabilidade herdar alelo elite: 0.6
Número de populações independentes: 2
Número de threads: 14
Trocar os melhores indivíduos a cada 100 gerações
Número máximo de gerações: 100

Tamanho da população: 230
Fração elite: 0.15
Fração mutante: 0.2
Probabilidade herdar alelo elite: 0.55
Número de populações independentes: 3
Número de threads: 14
Trocar os melhores indivíduos a cada 40 gerações
Número máximo de gerações: 130
Número máximo de iterações sem melhora: 30
Melhor até agora: 129 Geração: 0
Iteração: 0
Melhor até agora: 128 Geração: 1
Iteração: 0
Melhor até agora: 126 Geração: 3
Iteração: 0
Melhor até agora: 124 Geração: 4
Iteração: 0
Melhor até agora: 123 Geração: 5
Iteração: 1
Melhor até agora: 122 Geração: 1
Iteração: 2
Melhor até agora: 121 Geração: 5
Iteração: 2
Melhor até agora: 120 Geração: 16
Iteração: 2
Melhor até agora: 119 Geração: 1
Iteração: 3
Melhor até agora: 118 Geração: 9
Iteração: 3
Número de swaps entre camadas = 10
Largura da faixa = 29
Melhor altura = 118

Lower Bound 1 = 105
Lower Bound 2 = 29
Avaliação = 1.12381

Tempo de execução: 5s

---------------------------

Número de cromossomos: 50
Tamanho da população: 60
Fração elite: 0.3
Fração mutante: 0.7
Probabilidade herdar alelo elite: 0.6
Número de populações independentes: 2
Número de threads: 14
Trocar os melhores indivíduos a cada 100 gerações
Número máximo de gerações: 100

Melhor até agora: 213 Geração: 0
Iteração: 1
Número de cromossomos: 50
Tamanho da população: 60
Fração elite: 0.3
Fração mutante: 0.7
Probabilidade herdar alelo elite: 0.6
Número de populações independentes: 2
Número de threads: 14
Trocar os melhores indivíduos a cada 100 gerações
Número máximo de gerações: 100

Tamanho da população: 230
Fração elite: 0.15
Fração mutante: 0.2
Probabilidade herdar alelo elite: 0.55
Número de populações independentes: 3
Número de threads: 14
Trocar os melhores indivíduos a cada 40 gerações
Número máximo de gerações: 130
Número máximo de iterações sem melhora: 30
Melhor até agora: 129 Geração: 0
Iteração: 0
Melhor até agora: 127 Geração: 1
Iteração: 0
Melhor até agora: 126 Geração: 2
Iteração: 0
Melhor até agora: 125 Geração: 3
Iteração: 0
Melhor até agora: 120 Geração: 7
Iteração: 0
Número de swaps entre camadas = 10
Largura da faixa = 29
Melhor altura = 120

Lower Bound 1 = 105
Lower Bound 2 = 29
Avaliação = 1.14286

Tempo de execução: 5s

---------------------------

Número de cromossomos: 50
Tamanho da população: 60
Fração elite: 0.3
Fração mutante: 0.7
Probabilidade herdar alelo elite: 0.6
Número de populações independentes: 2
Número de threads: 14
Trocar os melhores indivíduos a cada 100 gerações
Número máximo de gerações: 100

Melhor até agora: 213 Geração: 0
Iteração: 0
Número de cromossomos: 50
Tamanho da população: 60
Fração elite: 0.3
Fração mutante: 0.7
Probabilidade herdar alelo elite: 0.6
Número de populações independentes: 2
Número de threads: 14
Trocar os melhores indivíduos a cada 100 gerações
Número máximo de gerações: 100

Tamanho da população: 230
Fração elite: 0.15
Fração mutante: 0.2
Probabilidade herdar alelo elite: 0.55
Número de populações independentes: 3
Número de threads: 14
Trocar os melhores indivíduos a cada 40 gerações
Número máximo de gerações: 130
Número máximo de iterações sem melhora: 30
Melhor até agora: 128 Geração: 0
Iteração: 0
Melhor até agora: 126 Geração: 1
Iteração: 0
Melhor até agora: 124 Geração: 5
Iteração: 0
Melhor até agora: 123 Geração: 5
Iteração: 1
Melhor até agora: 122 Geração: 5
Iteração: 2
Melhor até agora: 120 Geração: 3
Iteração: 3
Número de swaps entre camadas = 10
Largura da faixa = 29
Melhor altura = 120

Lower Bound 1 = 105
Lower Bound 2 = 29
Avaliação = 1.14286

Tempo de execução: 6s

---------------------------

Número de cromossomos: 50
Tamanho da população: 60
Fração elite: 0.3
Fração mutante: 0.7
Probabilidade herdar alelo elite: 0.6
Número de populações independentes: 2
Número de threads: 14
Trocar os melhores indivíduos a cada 100 gerações
Número máximo de gerações: 100

Número de cromossomos: 50
Tamanho da população: 60
Fração elite: 0.3
Fração mutante: 0.7
Probabilidade herdar alelo elite: 0.6
Número de populações independentes: 2
Número de threads: 14
Trocar os melhores indivíduos a cada 100 gerações
Número máximo de gerações: 100

Tamanho da população: 230
Fração elite: 0.15
Fração mutante: 0.2
Probabilidade herdar alelo elite: 0.55
Número de populações independentes: 3
Número de threads: 14
Trocar os melhores indivíduos a cada 40 gerações
Número máximo de gerações: 130
Número máximo de iterações sem melhora: 30
Melhor até agora: 124 Geração: 0
Iteração: 0
Melhor até agora: 121 Geração: 5
Iteração: 1
Melhor até agora: 119 Geração: 24
Iteração: 2
Número de swaps entre camadas = 10
Largura da faixa = 29
Melhor altura = 119

Lower Bound 1 = 105
Lower Bound 2 = 29
Avaliação = 1.13333

Tempo de execução: 5s

---------------------------

Número de cromossomos: 50
Tamanho da população: 60
Fração elite: 0.3
Fração mutante: 0.7
Probabilidade herdar alelo elite: 0.6
Número de populações independentes: 2
Número de threads: 14
Trocar os melhores indivíduos a cada 100 gerações
Número máximo de gerações: 100

Número de cromossomos: 50
Tamanho da população: 60
Fração elite: 0.3
Fração mutante: 0.7
Probabilidade herdar alelo elite: 0.6
Número de populações independentes: 2
Número de threads: 14
Trocar os melhores indivíduos a cada 100 gerações
Número máximo de gerações: 100

Tamanho da população: 230
Fração elite: 0.15
Fração mutante: 0.2
Probabilidade herdar alelo elite: 0.55
Número de populações independentes: 3
Número de threads: 14
Trocar os melhores indivíduos a cada 40 gerações
Número máximo de gerações: 130
Número máximo de iterações sem melhora: 30
Melhor até agora: 132 Geração: 0
Iteração: 0
Melhor até agora: 127 Geração: 1
Iteração: 0
Melhor até agora: 124 Geração: 8
Iteração: 0
Melhor até agora: 122 Geração: 3
Iteração: 2
Melhor até agora: 121 Geração: 2
Iteração: 3
Melhor até agora: 119 Geração: 4
Iteração: 3
Número de swaps entre camadas = 10
Largura da faixa = 29
Melhor altura = 119

Lower Bound 1 = 105
Lower Bound 2 = 29
Avaliação = 1.13333

Tempo de execução: 5s

---------------------------

Número de cromossomos: 50
Tamanho da população: 60
Fração elite: 0.3
Fração mutante: 0.7
Probabilidade herdar alelo elite: 0.6
Número de populações independentes: 2
Número de threads: 14
Trocar os melhores indivíduos a cada 100 gerações
Número máximo de gerações: 100

Número de cromossomos: 50
Tamanho da população: 60
Fração elite: 0.3
Fração mutante: 0.7
Probabilidade herdar alelo elite: 0.6
Número de populações independentes: 2
Número de threads: 14
Trocar os melhores indivíduos a cada 100 gerações
Número máximo de gerações: 100

Tamanho da população: 230
Fração elite: 0.15
Fração mutante: 0.2
Probabilidade herdar alelo elite: 0.55
Número de populações independentes: 3
Número de threads: 14
Trocar os melhores indivíduos a cada 40 gerações
Número máximo de gerações: 130
Número máximo de iterações sem melhora: 30
Melhor até agora: 127 Geração: 0
Iteração: 0
Melhor até agora: 126 Geração: 1
Iteração: 0
Melhor até agora: 125 Geração: 6
Iteração: 0
Melhor até agora: 124 Geração: 8
Iteração: 0
Melhor até agora: 123 Geração: 15
Iteração: 1
Melhor até agora: 122 Geração: 6
Iteração: 2
Melhor até agora: 121 Geração: 4
Iteração: 3
Número de swaps entre camadas = 10
Largura da faixa = 29
Melhor altura = 121

Lower Bound 1 = 105
Lower Bound 2 = 29
Avaliação = 1.15238

Tempo de execução: 5s

---------------------------

Número de cromossomos: 50
Tamanho da população: 60
Fração elite: 0.3
Fração mutante: 0.7
Probabilidade herdar alelo elite: 0.6
Número de populações independentes: 2
Número de threads: 14
Trocar os melhores indivíduos a cada 100 gerações
Número máximo de gerações: 100

Número de cromossomos: 50
Tamanho da população: 60
Fração elite: 0.3
Fração mutante: 0.7
Probabilidade herdar alelo elite: 0.6
Número de populações independentes: 2
Número de threads: 14
Trocar os melhores indivíduos a cada 100 gerações
Número máximo de gerações: 100

Tamanho da população: 230
Fração elite: 0.15
Fração mutante: 0.2
Probabilidade herdar alelo elite: 0.55
Número de populações independentes: 3
Número de threads: 14
Trocar os melhores indivíduos a cada 40 gerações
Número máximo de gerações: 130
Número máximo de iterações sem melhora: 30
Melhor até agora: 128 Geração: 0
Iteração: 0
Melhor até agora: 125 Geração: 2
Iteração: 0
Melhor até agora: 124 Geração: 8
Iteração: 0
Melhor até agora: 123 Geração: 3
Iteração: 1
Melhor até agora: 122 Geração: 5
Iteração: 1
Melhor até agora: 120 Geração: 7
Iteração: 1
Melhor até agora: 119 Geração: 4
Iteração: 3
Melhor até agora: 117 Geração: 15
Iteração: 3
Número de swaps entre camadas = 10
Largura da faixa = 29
Melhor altura = 117

Lower Bound 1 = 105
Lower Bound 2 = 29
Avaliação = 1.11429

Tempo de execução: 6s

---------------------------

Número de cromossomos: 50
Tamanho da população: 60
Fração elite: 0.3
Fração mutante: 0.7
Probabilidade herdar alelo elite: 0.6
Número de populações independentes: 2
Número de threads: 14
Trocar os melhores indivíduos a cada 100 gerações
Número máximo de gerações: 100

Número de cromossomos: 50
Tamanho da população: 60
Fração elite: 0.3
Fração mutante: 0.7
Probabilidade herdar alelo elite: 0.6
Número de populações independentes: 2
Número de threads: 14
Trocar os melhores indivíduos a cada 100 gerações
Número máximo de gerações: 100

Tamanho da população: 230
Fração elite: 0.15
Fração mutante: 0.2
Probabilidade herdar alelo elite: 0.55
Número de populações independentes: 3
Número de threads: 14
Trocar os melhores indivíduos a cada 40 gerações
Número máximo de gerações: 130
Número máximo de iterações sem melhora: 30
Melhor até agora: 126 Geração: 0
Iteração: 0
Melhor até agora: 125 Geração: 2
Iteração: 0
Melhor até agora: 120 Geração: 4
Iteração: 0
Melhor até agora: 119 Geração: 9
Iteração: 3
Melhor até agora: 118 Geração: 28
Iteração: 3
Número de swaps entre camadas = 10
Largura da faixa = 29
Melhor altura = 118

Lower Bound 1 = 105
Lower Bound 2 = 29
Avaliação = 1.12381

Tempo de execução: 5s

---------------------------

Número de cromossomos: 50
Tamanho da população: 60
Fração elite: 0.3
Fração mutante: 0.7
Probabilidade herdar alelo elite: 0.6
Número de populações independentes: 2
Número de threads: 14
Trocar os melhores indivíduos a cada 100 gerações
Número máximo de gerações: 100

Número de cromossomos: 50
Tamanho da população: 60
Fração elite: 0.3
Fração mutante: 0.7
Probabilidade herdar alelo elite: 0.6
Número de populações independentes: 2
Número de threads: 14
Trocar os melhores indivíduos a cada 100 gerações
Número máximo de gerações: 100

Tamanho da população: 230
Fração elite: 0.15
Fração mutante: 0.2
Probabilidade herdar alelo elite: 0.55
Número de populações independentes: 3
Número de threads: 14
Trocar os melhores indivíduos a cada 40 gerações
Número máximo de gerações: 130
Número máximo de iterações sem melhora: 30
Melhor até agora: 126 Geração: 0
Iteração: 0
Melhor até agora: 124 Geração: 7
Iteração: 0
Melhor até agora: 123 Geração: 14
Iteração: 0
Melhor até agora: 121 Geração: 15
Iteração: 0
Melhor até agora: 120 Geração: 6
Iteração: 3
Número de swaps entre camadas = 10
Largura da faixa = 29
Melhor altura = 120

Lower Bound 1 = 105
Lower Bound 2 = 29
Avaliação = 1.14286

Tempo de execução: 5s

---------------------------

Número de cromossomos: 50
Tamanho da população: 60
Fração elite: 0.3
Fração mutante: 0.7
Probabilidade herdar alelo elite: 0.6
Número de populações independentes: 2
Número de threads: 14
Trocar os melhores indivíduos a cada 100 gerações
Número máximo de gerações: 100

Número de cromossomos: 50
Tamanho da população: 60
Fração elite: 0.3
Fração mutante: 0.7
Probabilidade herdar alelo elite: 0.6
Número de populações independentes: 2
Número de threads: 14
Trocar os melhores indivíduos a cada 100 gerações
Número máximo de gerações: 100

Tamanho da população: 230
Fração elite: 0.15
Fração mutante: 0.2
Probabilidade herdar alelo elite: 0.55
Número de populações independentes: 3
Número de threads: 14
Trocar os melhores indivíduos a cada 40 gerações
Número máximo de gerações: 130
Número máximo de iterações sem melhora: 30
Melhor até agora: 128 Geração: 0
Iteração: 0
Melhor até agora: 127 Geração: 1
Iteração: 0
Melhor até agora: 125 Geração: 2
Iteração: 0
Melhor até agora: 124 Geração: 14
Iteração: 0
Melhor até agora: 121 Geração: 3
Iteração: 1
Melhor até agora: 120 Geração: 7
Iteração: 3
Número de swaps entre camadas = 10
Largura da faixa = 29
Melhor altura = 120

Lower Bound 1 = 105
Lower Bound 2 = 29
Avaliação = 1.14286

Tempo de execução: 5s

---------------------------

Número de cromossomos: 50
Tamanho da população: 60
Fração elite: 0.3
Fração mutante: 0.7
Probabilidade herdar alelo elite: 0.6
Número de populações independentes: 2
Número de threads: 14
Trocar os melhores indivíduos a cada 100 gerações
Número máximo de gerações: 100

Número de cromossomos: 50
Tamanho da população: 60
Fração elite: 0.3
Fração mutante: 0.7
Probabilidade herdar alelo elite: 0.6
Número de populações independentes: 2
Número de threads: 14
Trocar os melhores indivíduos a cada 100 gerações
Número máximo de gerações: 100

Tamanho da população: 230
Fração elite: 0.15
Fração mutante: 0.2
Probabilidade herdar alelo elite: 0.55
Número de populações independentes: 3
Número de threads: 14
Trocar os melhores indivíduos a cada 40 gerações
Número máximo de gerações: 130
Número máximo de iterações sem melhora: 30
Melhor até agora: 129 Geração: 0
Iteração: 0
Melhor até agora: 128 Geração: 1
Iteração: 0
Melhor até agora: 126 Geração: 2
Iteração: 0
Melhor até agora: 125 Geração: 4
Iteração: 0
Melhor até agora: 124 Geração: 8
Iteração: 0
Melhor até agora: 123 Geração: 8
Iteração: 1
Melhor até agora: 122 Geração: 3
Iteração: 2
Melhor até agora: 120 Geração: 0
Iteração: 3
Melhor até agora: 119 Geração: 3
Iteração: 3
Número de swaps entre camadas = 10
Largura da faixa = 29
Melhor altura = 119

Lower Bound 1 = 105
Lower Bound 2 = 29
Avaliação = 1.13333

Tempo de execução: 5s

---------------------------

