Número de cromossomos: 433
Tamanho da população: 1000
Fração elite: 0.3
Fração mutante: 0.4
Probabilidade herdar alelo elite: 0.8
Número de populações independentes: 3
Número de threads: 2
Melhor até agora: 1183 Geração: 0
Melhor até agora: 1181 Geração: 1
Melhor até agora: 1170 Geração: 2
Melhor até agora: 1167 Geração: 4
Melhor até agora: 1162 Geração: 6
Melhor até agora: 1156 Geração: 8
Melhor até agora: 1155 Geração: 10
Melhor até agora: 1152 Geração: 11
Melhor até agora: 1146 Geração: 13
Melhor até agora: 1141 Geração: 17
Melhor até agora: 1139 Geração: 20
Melhor até agora: 1133 Geração: 27
Melhor até agora: 1129 Geração: 29
Melhor até agora: 1126 Geração: 33
Melhor até agora: 1121 Geração: 35
Melhor até agora: 1118 Geração: 37
Melhor até agora: 1112 Geração: 46
Melhor até agora: 1111 Geração: 58
Melhor até agora: 1109 Geração: 63
Melhor até agora: 1107 Geração: 76
Melhor até agora: 1106 Geração: 78
Melhor até agora: 1105 Geração: 83
Melhor até agora: 1100 Geração: 89
Melhor até agora: 1095 Geração: 95
Largura da faixa = 24
Melhor altura = 1095

Lower Bound 1 = 699
Lower Bound 2 = 24
Avaliação = 1.56652
Tempo de execução: 117872ms

---------------------------

