Tamanho da população: 475
Fração elite: 0.2121
Fração mutante: 0.0442
Probabilidade herdar alelo elite: 0.6514
Número de populações independentes: 3
Troca de informação de 4 individuos a cada 241 gerações
Número de threads: 1

Largura da faixa = 1
Melhor altura = 199

Lower Bound 1 = 199
Lower Bound 2 = 199
Avaliação = 1

Tempo de execução: 60.0156s

---------------------------

Tamanho da população: 475
Fração elite: 0.2121
Fração mutante: 0.0442
Probabilidade herdar alelo elite: 0.6514
Número de populações independentes: 3
Troca de informação de 4 individuos a cada 241 gerações
Número de threads: 1

Largura da faixa = 1
Melhor altura = 199

Lower Bound 1 = 199
Lower Bound 2 = 199
Avaliação = 1

Tempo de execução: 60.0287s

---------------------------

Tamanho da população: 475
Fração elite: 0.2121
Fração mutante: 0.0442
Probabilidade herdar alelo elite: 0.6514
Número de populações independentes: 3
Troca de informação de 4 individuos a cada 241 gerações
Número de threads: 1

Largura da faixa = 1
Melhor altura = 199

Lower Bound 1 = 199
Lower Bound 2 = 199
Avaliação = 1

Tempo de execução: 60.0325s

---------------------------

Tamanho da população: 475
Fração elite: 0.2121
Fração mutante: 0.0442
Probabilidade herdar alelo elite: 0.6514
Número de populações independentes: 3
Troca de informação de 4 individuos a cada 241 gerações
Número de threads: 1

Largura da faixa = 1
Melhor altura = 199

Lower Bound 1 = 199
Lower Bound 2 = 199
Avaliação = 1

Tempo de execução: 60.0283s

---------------------------

Tamanho da população: 475
Fração elite: 0.2121
Fração mutante: 0.0442
Probabilidade herdar alelo elite: 0.6514
Número de populações independentes: 3
Troca de informação de 4 individuos a cada 241 gerações
Número de threads: 1

Largura da faixa = 1
Melhor altura = 199

Lower Bound 1 = 199
Lower Bound 2 = 199
Avaliação = 1

Tempo de execução: 60.0286s

---------------------------

Tamanho da população: 475
Fração elite: 0.2121
Fração mutante: 0.0442
Probabilidade herdar alelo elite: 0.6514
Número de populações independentes: 3
Troca de informação de 4 individuos a cada 241 gerações
Número de threads: 1

Largura da faixa = 1
Melhor altura = 199

Lower Bound 1 = 199
Lower Bound 2 = 199
Avaliação = 1

Tempo de execução: 60.0343s

---------------------------

Tamanho da população: 475
Fração elite: 0.2121
Fração mutante: 0.0442
Probabilidade herdar alelo elite: 0.6514
Número de populações independentes: 3
Troca de informação de 4 individuos a cada 241 gerações
Número de threads: 1

Largura da faixa = 1
Melhor altura = 199

Lower Bound 1 = 199
Lower Bound 2 = 199
Avaliação = 1

Tempo de execução: 60.008s

---------------------------

Tamanho da população: 475
Fração elite: 0.2121
Fração mutante: 0.0442
Probabilidade herdar alelo elite: 0.6514
Número de populações independentes: 3
Troca de informação de 4 individuos a cada 241 gerações
Número de threads: 1

Largura da faixa = 1
Melhor altura = 199

Lower Bound 1 = 199
Lower Bound 2 = 199
Avaliação = 1

Tempo de execução: 60.0207s

---------------------------

Tamanho da população: 475
Fração elite: 0.2121
Fração mutante: 0.0442
Probabilidade herdar alelo elite: 0.6514
Número de populações independentes: 3
Troca de informação de 4 individuos a cada 241 gerações
Número de threads: 1

Largura da faixa = 1
Melhor altura = 199

Lower Bound 1 = 199
Lower Bound 2 = 199
Avaliação = 1

Tempo de execução: 60.0287s

---------------------------

Tamanho da população: 475
Fração elite: 0.2121
Fração mutante: 0.0442
Probabilidade herdar alelo elite: 0.6514
Número de populações independentes: 3
Troca de informação de 4 individuos a cada 241 gerações
Número de threads: 1

Largura da faixa = 1
Melhor altura = 199

Lower Bound 1 = 199
Lower Bound 2 = 199
Avaliação = 1

Tempo de execução: 60.0062s

---------------------------

Tamanho da população: 475
Fração elite: 0.2121
Fração mutante: 0.0442
Probabilidade herdar alelo elite: 0.6514
Número de populações independentes: 3
Troca de informação de 4 individuos a cada 241 gerações
Número de threads: 1

Largura da faixa = 1
Melhor altura = 199

Lower Bound 1 = 199
Lower Bound 2 = 199
Avaliação = 1

Tempo de execução: 60.0116s

---------------------------

Tamanho da população: 475
Fração elite: 0.2121
Fração mutante: 0.0442
Probabilidade herdar alelo elite: 0.6514
Número de populações independentes: 3
Troca de informação de 4 individuos a cada 241 gerações
Número de threads: 1

Largura da faixa = 1
Melhor altura = 199

Lower Bound 1 = 199
Lower Bound 2 = 199
Avaliação = 1

Tempo de execução: 60.0204s

---------------------------

Tamanho da população: 475
Fração elite: 0.2121
Fração mutante: 0.0442
Probabilidade herdar alelo elite: 0.6514
Número de populações independentes: 3
Troca de informação de 4 individuos a cada 241 gerações
Número de threads: 1

Largura da faixa = 1
Melhor altura = 199

Lower Bound 1 = 199
Lower Bound 2 = 199
Avaliação = 1

Tempo de execução: 60.0013s

---------------------------

Tamanho da população: 475
Fração elite: 0.2121
Fração mutante: 0.0442
Probabilidade herdar alelo elite: 0.6514
Número de populações independentes: 3
Troca de informação de 4 individuos a cada 241 gerações
Número de threads: 1

Largura da faixa = 1
Melhor altura = 199

Lower Bound 1 = 199
Lower Bound 2 = 199
Avaliação = 1

Tempo de execução: 60.0091s

---------------------------

Tamanho da população: 475
Fração elite: 0.2121
Fração mutante: 0.0442
Probabilidade herdar alelo elite: 0.6514
Número de populações independentes: 3
Troca de informação de 4 individuos a cada 241 gerações
Número de threads: 1

Largura da faixa = 1
Melhor altura = 199

Lower Bound 1 = 199
Lower Bound 2 = 199
Avaliação = 1

Tempo de execução: 60.0355s

---------------------------

Tamanho da população: 475
Fração elite: 0.2121
Fração mutante: 0.0442
Probabilidade herdar alelo elite: 0.6514
Número de populações independentes: 3
Troca de informação de 4 individuos a cada 241 gerações
Número de threads: 1

Largura da faixa = 1
Melhor altura = 199

Lower Bound 1 = 199
Lower Bound 2 = 199
Avaliação = 1

Tempo de execução: 60.019s

---------------------------

Tamanho da população: 475
Fração elite: 0.2121
Fração mutante: 0.0442
Probabilidade herdar alelo elite: 0.6514
Número de populações independentes: 3
Troca de informação de 4 individuos a cada 241 gerações
Número de threads: 1

Largura da faixa = 1
Melhor altura = 199

Lower Bound 1 = 199
Lower Bound 2 = 199
Avaliação = 1

Tempo de execução: 60.0258s

---------------------------

Tamanho da população: 475
Fração elite: 0.2121
Fração mutante: 0.0442
Probabilidade herdar alelo elite: 0.6514
Número de populações independentes: 3
Troca de informação de 4 individuos a cada 241 gerações
Número de threads: 1

Largura da faixa = 1
Melhor altura = 199

Lower Bound 1 = 199
Lower Bound 2 = 199
Avaliação = 1

Tempo de execução: 60.0367s

---------------------------

Tamanho da população: 475
Fração elite: 0.2121
Fração mutante: 0.0442
Probabilidade herdar alelo elite: 0.6514
Número de populações independentes: 3
Troca de informação de 4 individuos a cada 241 gerações
Número de threads: 1

Largura da faixa = 1
Melhor altura = 199

Lower Bound 1 = 199
Lower Bound 2 = 199
Avaliação = 1

Tempo de execução: 60.0302s

---------------------------

Tamanho da população: 475
Fração elite: 0.2121
Fração mutante: 0.0442
Probabilidade herdar alelo elite: 0.6514
Número de populações independentes: 3
Troca de informação de 4 individuos a cada 241 gerações
Número de threads: 1

Largura da faixa = 1
Melhor altura = 199

Lower Bound 1 = 199
Lower Bound 2 = 199
Avaliação = 1

Tempo de execução: 60.0325s
