Tamanho da população: 475
Fração elite: 0.2121
Fração mutante: 0.0442
Probabilidade herdar alelo elite: 0.6514
Número de populações independentes: 3
Troca de informação de 4 individuos a cada 241 gerações
Número de threads: 1

Largura da faixa = 31
Melhor altura = 82

Lower Bound 1 = 78
Lower Bound 2 = 31
Avaliação = 1.05128

Tempo de execução: 60.0438s

---------------------------

Tamanho da população: 475
Fração elite: 0.2121
Fração mutante: 0.0442
Probabilidade herdar alelo elite: 0.6514
Número de populações independentes: 3
Troca de informação de 4 individuos a cada 241 gerações
Número de threads: 1

Largura da faixa = 31
Melhor altura = 83

Lower Bound 1 = 78
Lower Bound 2 = 31
Avaliação = 1.0641

Tempo de execução: 60.0449s

---------------------------

Tamanho da população: 475
Fração elite: 0.2121
Fração mutante: 0.0442
Probabilidade herdar alelo elite: 0.6514
Número de populações independentes: 3
Troca de informação de 4 individuos a cada 241 gerações
Número de threads: 1

Largura da faixa = 31
Melhor altura = 82

Lower Bound 1 = 78
Lower Bound 2 = 31
Avaliação = 1.05128

Tempo de execução: 60.0498s

---------------------------

Tamanho da população: 475
Fração elite: 0.2121
Fração mutante: 0.0442
Probabilidade herdar alelo elite: 0.6514
Número de populações independentes: 3
Troca de informação de 4 individuos a cada 241 gerações
Número de threads: 1

Largura da faixa = 31
Melhor altura = 83

Lower Bound 1 = 78
Lower Bound 2 = 31
Avaliação = 1.0641

Tempo de execução: 60.0342s

---------------------------

Tamanho da população: 475
Fração elite: 0.2121
Fração mutante: 0.0442
Probabilidade herdar alelo elite: 0.6514
Número de populações independentes: 3
Troca de informação de 4 individuos a cada 241 gerações
Número de threads: 1

Largura da faixa = 31
Melhor altura = 82

Lower Bound 1 = 78
Lower Bound 2 = 31
Avaliação = 1.05128

Tempo de execução: 60.0477s

---------------------------

Tamanho da população: 475
Fração elite: 0.2121
Fração mutante: 0.0442
Probabilidade herdar alelo elite: 0.6514
Número de populações independentes: 3
Troca de informação de 4 individuos a cada 241 gerações
Número de threads: 1

Largura da faixa = 31
Melhor altura = 82

Lower Bound 1 = 78
Lower Bound 2 = 31
Avaliação = 1.05128

Tempo de execução: 60.0558s

---------------------------

Tamanho da população: 475
Fração elite: 0.2121
Fração mutante: 0.0442
Probabilidade herdar alelo elite: 0.6514
Número de populações independentes: 3
Troca de informação de 4 individuos a cada 241 gerações
Número de threads: 1

Largura da faixa = 31
Melhor altura = 82

Lower Bound 1 = 78
Lower Bound 2 = 31
Avaliação = 1.05128

Tempo de execução: 60.0223s

---------------------------

Tamanho da população: 475
Fração elite: 0.2121
Fração mutante: 0.0442
Probabilidade herdar alelo elite: 0.6514
Número de populações independentes: 3
Troca de informação de 4 individuos a cada 241 gerações
Número de threads: 1

Largura da faixa = 31
Melhor altura = 82

Lower Bound 1 = 78
Lower Bound 2 = 31
Avaliação = 1.05128

Tempo de execução: 60.0276s

---------------------------

Tamanho da população: 475
Fração elite: 0.2121
Fração mutante: 0.0442
Probabilidade herdar alelo elite: 0.6514
Número de populações independentes: 3
Troca de informação de 4 individuos a cada 241 gerações
Número de threads: 1

Largura da faixa = 31
Melhor altura = 84

Lower Bound 1 = 78
Lower Bound 2 = 31
Avaliação = 1.07692

Tempo de execução: 60.0338s

---------------------------

Tamanho da população: 475
Fração elite: 0.2121
Fração mutante: 0.0442
Probabilidade herdar alelo elite: 0.6514
Número de populações independentes: 3
Troca de informação de 4 individuos a cada 241 gerações
Número de threads: 1

Largura da faixa = 31
Melhor altura = 83

Lower Bound 1 = 78
Lower Bound 2 = 31
Avaliação = 1.0641

Tempo de execução: 60.0192s

---------------------------

Tamanho da população: 475
Fração elite: 0.2121
Fração mutante: 0.0442
Probabilidade herdar alelo elite: 0.6514
Número de populações independentes: 3
Troca de informação de 4 individuos a cada 241 gerações
Número de threads: 1

Largura da faixa = 31
Melhor altura = 83

Lower Bound 1 = 78
Lower Bound 2 = 31
Avaliação = 1.0641

Tempo de execução: 60.0198s

---------------------------

Tamanho da população: 475
Fração elite: 0.2121
Fração mutante: 0.0442
Probabilidade herdar alelo elite: 0.6514
Número de populações independentes: 3
Troca de informação de 4 individuos a cada 241 gerações
Número de threads: 1

Largura da faixa = 31
Melhor altura = 83

Lower Bound 1 = 78
Lower Bound 2 = 31
Avaliação = 1.0641

Tempo de execução: 60.0313s

---------------------------

Tamanho da população: 475
Fração elite: 0.2121
Fração mutante: 0.0442
Probabilidade herdar alelo elite: 0.6514
Número de populações independentes: 3
Troca de informação de 4 individuos a cada 241 gerações
Número de threads: 1

Largura da faixa = 31
Melhor altura = 83

Lower Bound 1 = 78
Lower Bound 2 = 31
Avaliação = 1.0641

Tempo de execução: 60.015s

---------------------------

Tamanho da população: 475
Fração elite: 0.2121
Fração mutante: 0.0442
Probabilidade herdar alelo elite: 0.6514
Número de populações independentes: 3
Troca de informação de 4 individuos a cada 241 gerações
Número de threads: 1

Largura da faixa = 31
Melhor altura = 82

Lower Bound 1 = 78
Lower Bound 2 = 31
Avaliação = 1.05128

Tempo de execução: 60.0165s

---------------------------

Tamanho da população: 475
Fração elite: 0.2121
Fração mutante: 0.0442
Probabilidade herdar alelo elite: 0.6514
Número de populações independentes: 3
Troca de informação de 4 individuos a cada 241 gerações
Número de threads: 1

Largura da faixa = 31
Melhor altura = 83

Lower Bound 1 = 78
Lower Bound 2 = 31
Avaliação = 1.0641

Tempo de execução: 60.0179s

---------------------------

Tamanho da população: 475
Fração elite: 0.2121
Fração mutante: 0.0442
Probabilidade herdar alelo elite: 0.6514
Número de populações independentes: 3
Troca de informação de 4 individuos a cada 241 gerações
Número de threads: 1

Largura da faixa = 31
Melhor altura = 82

Lower Bound 1 = 78
Lower Bound 2 = 31
Avaliação = 1.05128

Tempo de execução: 60.012s

---------------------------

Tamanho da população: 475
Fração elite: 0.2121
Fração mutante: 0.0442
Probabilidade herdar alelo elite: 0.6514
Número de populações independentes: 3
Troca de informação de 4 individuos a cada 241 gerações
Número de threads: 1

Largura da faixa = 31
Melhor altura = 82

Lower Bound 1 = 78
Lower Bound 2 = 31
Avaliação = 1.05128

Tempo de execução: 60.04s

---------------------------

Tamanho da população: 475
Fração elite: 0.2121
Fração mutante: 0.0442
Probabilidade herdar alelo elite: 0.6514
Número de populações independentes: 3
Troca de informação de 4 individuos a cada 241 gerações
Número de threads: 1

Largura da faixa = 31
Melhor altura = 82

Lower Bound 1 = 78
Lower Bound 2 = 31
Avaliação = 1.05128

Tempo de execução: 60.0428s

---------------------------

Tamanho da população: 475
Fração elite: 0.2121
Fração mutante: 0.0442
Probabilidade herdar alelo elite: 0.6514
Número de populações independentes: 3
Troca de informação de 4 individuos a cada 241 gerações
Número de threads: 1

Largura da faixa = 31
Melhor altura = 82

Lower Bound 1 = 78
Lower Bound 2 = 31
Avaliação = 1.05128

Tempo de execução: 60.0151s

---------------------------

Tamanho da população: 475
Fração elite: 0.2121
Fração mutante: 0.0442
Probabilidade herdar alelo elite: 0.6514
Número de populações independentes: 3
Troca de informação de 4 individuos a cada 241 gerações
Número de threads: 1

Largura da faixa = 31
Melhor altura = 83

Lower Bound 1 = 78
Lower Bound 2 = 31
Avaliação = 1.0641

Tempo de execução: 60.0507s
