Tamanho da população: 475
Fração elite: 0.2121
Fração mutante: 0.0442
Probabilidade herdar alelo elite: 0.6514
Número de populações independentes: 3
Troca de informação de 4 individuos a cada 241 gerações
Número de threads: 1

Largura da faixa = 24
Melhor altura = 86

Lower Bound 1 = 80
Lower Bound 2 = 24
Avaliação = 1.075

Tempo de execução: 60.0015s

---------------------------

Tamanho da população: 475
Fração elite: 0.2121
Fração mutante: 0.0442
Probabilidade herdar alelo elite: 0.6514
Número de populações independentes: 3
Troca de informação de 4 individuos a cada 241 gerações
Número de threads: 1

Largura da faixa = 24
Melhor altura = 86

Lower Bound 1 = 80
Lower Bound 2 = 24
Avaliação = 1.075

Tempo de execução: 60.0333s

---------------------------

Tamanho da população: 475
Fração elite: 0.2121
Fração mutante: 0.0442
Probabilidade herdar alelo elite: 0.6514
Número de populações independentes: 3
Troca de informação de 4 individuos a cada 241 gerações
Número de threads: 1

Largura da faixa = 24
Melhor altura = 86

Lower Bound 1 = 80
Lower Bound 2 = 24
Avaliação = 1.075

Tempo de execução: 60.04s

---------------------------

Tamanho da população: 475
Fração elite: 0.2121
Fração mutante: 0.0442
Probabilidade herdar alelo elite: 0.6514
Número de populações independentes: 3
Troca de informação de 4 individuos a cada 241 gerações
Número de threads: 1

Largura da faixa = 24
Melhor altura = 86

Lower Bound 1 = 80
Lower Bound 2 = 24
Avaliação = 1.075

Tempo de execução: 60.0062s

---------------------------

Tamanho da população: 475
Fração elite: 0.2121
Fração mutante: 0.0442
Probabilidade herdar alelo elite: 0.6514
Número de populações independentes: 3
Troca de informação de 4 individuos a cada 241 gerações
Número de threads: 1

Largura da faixa = 24
Melhor altura = 87

Lower Bound 1 = 80
Lower Bound 2 = 24
Avaliação = 1.0875

Tempo de execução: 60.0105s

---------------------------

Tamanho da população: 475
Fração elite: 0.2121
Fração mutante: 0.0442
Probabilidade herdar alelo elite: 0.6514
Número de populações independentes: 3
Troca de informação de 4 individuos a cada 241 gerações
Número de threads: 1

Largura da faixa = 24
Melhor altura = 86

Lower Bound 1 = 80
Lower Bound 2 = 24
Avaliação = 1.075

Tempo de execução: 60.017s

---------------------------

Tamanho da população: 475
Fração elite: 0.2121
Fração mutante: 0.0442
Probabilidade herdar alelo elite: 0.6514
Número de populações independentes: 3
Troca de informação de 4 individuos a cada 241 gerações
Número de threads: 1

Largura da faixa = 24
Melhor altura = 85

Lower Bound 1 = 80
Lower Bound 2 = 24
Avaliação = 1.0625

Tempo de execução: 60.0095s

---------------------------

Tamanho da população: 475
Fração elite: 0.2121
Fração mutante: 0.0442
Probabilidade herdar alelo elite: 0.6514
Número de populações independentes: 3
Troca de informação de 4 individuos a cada 241 gerações
Número de threads: 1

Largura da faixa = 24
Melhor altura = 87

Lower Bound 1 = 80
Lower Bound 2 = 24
Avaliação = 1.0875

Tempo de execução: 60.0188s

---------------------------

Tamanho da população: 475
Fração elite: 0.2121
Fração mutante: 0.0442
Probabilidade herdar alelo elite: 0.6514
Número de populações independentes: 3
Troca de informação de 4 individuos a cada 241 gerações
Número de threads: 1

Largura da faixa = 24
Melhor altura = 86

Lower Bound 1 = 80
Lower Bound 2 = 24
Avaliação = 1.075

Tempo de execução: 60.0249s

---------------------------

Tamanho da população: 475
Fração elite: 0.2121
Fração mutante: 0.0442
Probabilidade herdar alelo elite: 0.6514
Número de populações independentes: 3
Troca de informação de 4 individuos a cada 241 gerações
Número de threads: 1

Largura da faixa = 24
Melhor altura = 86

Lower Bound 1 = 80
Lower Bound 2 = 24
Avaliação = 1.075

Tempo de execução: 60.0359s

---------------------------

Tamanho da população: 475
Fração elite: 0.2121
Fração mutante: 0.0442
Probabilidade herdar alelo elite: 0.6514
Número de populações independentes: 3
Troca de informação de 4 individuos a cada 241 gerações
Número de threads: 1

Largura da faixa = 24
Melhor altura = 85

Lower Bound 1 = 80
Lower Bound 2 = 24
Avaliação = 1.0625

Tempo de execução: 60.0408s

---------------------------

Tamanho da população: 475
Fração elite: 0.2121
Fração mutante: 0.0442
Probabilidade herdar alelo elite: 0.6514
Número de populações independentes: 3
Troca de informação de 4 individuos a cada 241 gerações
Número de threads: 1

Largura da faixa = 24
Melhor altura = 86

Lower Bound 1 = 80
Lower Bound 2 = 24
Avaliação = 1.075

Tempo de execução: 60.0532s

---------------------------

Tamanho da população: 475
Fração elite: 0.2121
Fração mutante: 0.0442
Probabilidade herdar alelo elite: 0.6514
Número de populações independentes: 3
Troca de informação de 4 individuos a cada 241 gerações
Número de threads: 1

Largura da faixa = 24
Melhor altura = 86

Lower Bound 1 = 80
Lower Bound 2 = 24
Avaliação = 1.075

Tempo de execução: 60.012s

---------------------------

Tamanho da população: 475
Fração elite: 0.2121
Fração mutante: 0.0442
Probabilidade herdar alelo elite: 0.6514
Número de populações independentes: 3
Troca de informação de 4 individuos a cada 241 gerações
Número de threads: 1

Largura da faixa = 24
Melhor altura = 86

Lower Bound 1 = 80
Lower Bound 2 = 24
Avaliação = 1.075

Tempo de execução: 60.0241s

---------------------------

Tamanho da população: 475
Fração elite: 0.2121
Fração mutante: 0.0442
Probabilidade herdar alelo elite: 0.6514
Número de populações independentes: 3
Troca de informação de 4 individuos a cada 241 gerações
Número de threads: 1

Largura da faixa = 24
Melhor altura = 85

Lower Bound 1 = 80
Lower Bound 2 = 24
Avaliação = 1.0625

Tempo de execução: 60.0369s

---------------------------

Tamanho da população: 475
Fração elite: 0.2121
Fração mutante: 0.0442
Probabilidade herdar alelo elite: 0.6514
Número de populações independentes: 3
Troca de informação de 4 individuos a cada 241 gerações
Número de threads: 1

Largura da faixa = 24
Melhor altura = 87

Lower Bound 1 = 80
Lower Bound 2 = 24
Avaliação = 1.0875

Tempo de execução: 60.0062s

---------------------------

Tamanho da população: 475
Fração elite: 0.2121
Fração mutante: 0.0442
Probabilidade herdar alelo elite: 0.6514
Número de populações independentes: 3
Troca de informação de 4 individuos a cada 241 gerações
Número de threads: 1

Largura da faixa = 24
Melhor altura = 86

Lower Bound 1 = 80
Lower Bound 2 = 24
Avaliação = 1.075

Tempo de execução: 60.0198s

---------------------------

Tamanho da população: 475
Fração elite: 0.2121
Fração mutante: 0.0442
Probabilidade herdar alelo elite: 0.6514
Número de populações independentes: 3
Troca de informação de 4 individuos a cada 241 gerações
Número de threads: 1

Largura da faixa = 24
Melhor altura = 86

Lower Bound 1 = 80
Lower Bound 2 = 24
Avaliação = 1.075

Tempo de execução: 60.0321s

---------------------------

Tamanho da população: 475
Fração elite: 0.2121
Fração mutante: 0.0442
Probabilidade herdar alelo elite: 0.6514
Número de populações independentes: 3
Troca de informação de 4 individuos a cada 241 gerações
Número de threads: 1

Largura da faixa = 24
Melhor altura = 86

Lower Bound 1 = 80
Lower Bound 2 = 24
Avaliação = 1.075

Tempo de execução: 60.0281s

---------------------------

Tamanho da população: 475
Fração elite: 0.2121
Fração mutante: 0.0442
Probabilidade herdar alelo elite: 0.6514
Número de populações independentes: 3
Troca de informação de 4 individuos a cada 241 gerações
Número de threads: 1

Largura da faixa = 24
Melhor altura = 86

Lower Bound 1 = 80
Lower Bound 2 = 24
Avaliação = 1.075

Tempo de execução: 60.0391s
