Número de cromossomos: 29
Tamanho da população: 60
Fração elite: 0.3
Fração mutante: 0.7
Probabilidade herdar alelo elite: 0.6
Número de populações independentes: 2
Número de threads: 14
Trocar os melhores indivíduos a cada 100 gerações
Número máximo de gerações: 100

Número de cromossomos: 29
Tamanho da população: 60
Fração elite: 0.3
Fração mutante: 0.7
Probabilidade herdar alelo elite: 0.6
Número de populações independentes: 2
Número de threads: 14
Trocar os melhores indivíduos a cada 100 gerações
Número máximo de gerações: 100

Tamanho da população: 230
Fração elite: 0.15
Fração mutante: 0.2
Probabilidade herdar alelo elite: 0.55
Número de populações independentes: 3
Número de threads: 14
Trocar os melhores indivíduos a cada 40 gerações
Número máximo de gerações: 130
Número máximo de iterações sem melhora: 30
Melhor até agora: 121 Geração: 10
Iteração: 0
Melhor até agora: 119 Geração: 18
Iteração: 0
Melhor até agora: 116 Geração: 19
Iteração: 0
Número de swaps entre camadas = 10
Largura da faixa = 26
Melhor altura = 116

Lower Bound 1 = 96
Lower Bound 2 = 38
Avaliação = 1.20833

Tempo de execução: 1s

---------------------------

Número de cromossomos: 29
Tamanho da população: 60
Fração elite: 0.3
Fração mutante: 0.7
Probabilidade herdar alelo elite: 0.6
Número de populações independentes: 2
Número de threads: 14
Trocar os melhores indivíduos a cada 100 gerações
Número máximo de gerações: 100

Número de cromossomos: 29
Tamanho da população: 60
Fração elite: 0.3
Fração mutante: 0.7
Probabilidade herdar alelo elite: 0.6
Número de populações independentes: 2
Número de threads: 14
Trocar os melhores indivíduos a cada 100 gerações
Número máximo de gerações: 100

Tamanho da população: 230
Fração elite: 0.15
Fração mutante: 0.2
Probabilidade herdar alelo elite: 0.55
Número de populações independentes: 3
Número de threads: 14
Trocar os melhores indivíduos a cada 40 gerações
Número máximo de gerações: 130
Número máximo de iterações sem melhora: 30
Melhor até agora: 121 Geração: 17
Iteração: 0
Melhor até agora: 116 Geração: 24
Iteração: 0
Número de swaps entre camadas = 10
Largura da faixa = 26
Melhor altura = 116

Lower Bound 1 = 96
Lower Bound 2 = 38
Avaliação = 1.20833

Tempo de execução: 1s

---------------------------

Número de cromossomos: 29
Tamanho da população: 60
Fração elite: 0.3
Fração mutante: 0.7
Probabilidade herdar alelo elite: 0.6
Número de populações independentes: 2
Número de threads: 14
Trocar os melhores indivíduos a cada 100 gerações
Número máximo de gerações: 100

Número de cromossomos: 29
Tamanho da população: 60
Fração elite: 0.3
Fração mutante: 0.7
Probabilidade herdar alelo elite: 0.6
Número de populações independentes: 2
Número de threads: 14
Trocar os melhores indivíduos a cada 100 gerações
Número máximo de gerações: 100

Tamanho da população: 230
Fração elite: 0.15
Fração mutante: 0.2
Probabilidade herdar alelo elite: 0.55
Número de populações independentes: 3
Número de threads: 14
Trocar os melhores indivíduos a cada 40 gerações
Número máximo de gerações: 130
Número máximo de iterações sem melhora: 30
Melhor até agora: 121 Geração: 13
Iteração: 0
Melhor até agora: 116 Geração: 14
Iteração: 0
Número de swaps entre camadas = 10
Largura da faixa = 26
Melhor altura = 116

Lower Bound 1 = 96
Lower Bound 2 = 38
Avaliação = 1.20833

Tempo de execução: 1s

---------------------------

Número de cromossomos: 29
Tamanho da população: 60
Fração elite: 0.3
Fração mutante: 0.7
Probabilidade herdar alelo elite: 0.6
Número de populações independentes: 2
Número de threads: 14
Trocar os melhores indivíduos a cada 100 gerações
Número máximo de gerações: 100

Número de cromossomos: 29
Tamanho da população: 60
Fração elite: 0.3
Fração mutante: 0.7
Probabilidade herdar alelo elite: 0.6
Número de populações independentes: 2
Número de threads: 14
Trocar os melhores indivíduos a cada 100 gerações
Número máximo de gerações: 100

Tamanho da população: 230
Fração elite: 0.15
Fração mutante: 0.2
Probabilidade herdar alelo elite: 0.55
Número de populações independentes: 3
Número de threads: 14
Trocar os melhores indivíduos a cada 40 gerações
Número máximo de gerações: 130
Número máximo de iterações sem melhora: 30
Melhor até agora: 130 Geração: 4
Iteração: 0
Melhor até agora: 125 Geração: 14
Iteração: 0
Melhor até agora: 121 Geração: 15
Iteração: 0
Melhor até agora: 116 Geração: 16
Iteração: 0
Número de swaps entre camadas = 10
Largura da faixa = 26
Melhor altura = 116

Lower Bound 1 = 96
Lower Bound 2 = 38
Avaliação = 1.20833

Tempo de execução: 1s

---------------------------

Número de cromossomos: 29
Tamanho da população: 60
Fração elite: 0.3
Fração mutante: 0.7
Probabilidade herdar alelo elite: 0.6
Número de populações independentes: 2
Número de threads: 14
Trocar os melhores indivíduos a cada 100 gerações
Número máximo de gerações: 100

Número de cromossomos: 29
Tamanho da população: 60
Fração elite: 0.3
Fração mutante: 0.7
Probabilidade herdar alelo elite: 0.6
Número de populações independentes: 2
Número de threads: 14
Trocar os melhores indivíduos a cada 100 gerações
Número máximo de gerações: 100

Tamanho da população: 230
Fração elite: 0.15
Fração mutante: 0.2
Probabilidade herdar alelo elite: 0.55
Número de populações independentes: 3
Número de threads: 14
Trocar os melhores indivíduos a cada 40 gerações
Número máximo de gerações: 130
Número máximo de iterações sem melhora: 30
Melhor até agora: 119 Geração: 11
Iteração: 0
Melhor até agora: 116 Geração: 18
Iteração: 0
Número de swaps entre camadas = 10
Largura da faixa = 26
Melhor altura = 116

Lower Bound 1 = 96
Lower Bound 2 = 38
Avaliação = 1.20833

Tempo de execução: 1s

---------------------------

Número de cromossomos: 29
Tamanho da população: 60
Fração elite: 0.3
Fração mutante: 0.7
Probabilidade herdar alelo elite: 0.6
Número de populações independentes: 2
Número de threads: 14
Trocar os melhores indivíduos a cada 100 gerações
Número máximo de gerações: 100

Número de cromossomos: 29
Tamanho da população: 60
Fração elite: 0.3
Fração mutante: 0.7
Probabilidade herdar alelo elite: 0.6
Número de populações independentes: 2
Número de threads: 14
Trocar os melhores indivíduos a cada 100 gerações
Número máximo de gerações: 100

Tamanho da população: 230
Fração elite: 0.15
Fração mutante: 0.2
Probabilidade herdar alelo elite: 0.55
Número de populações independentes: 3
Número de threads: 14
Trocar os melhores indivíduos a cada 40 gerações
Número máximo de gerações: 130
Número máximo de iterações sem melhora: 30
Melhor até agora: 121 Geração: 10
Iteração: 0
Melhor até agora: 116 Geração: 12
Iteração: 0
Número de swaps entre camadas = 10
Largura da faixa = 26
Melhor altura = 116

Lower Bound 1 = 96
Lower Bound 2 = 38
Avaliação = 1.20833

Tempo de execução: 1s

---------------------------

Número de cromossomos: 29
Tamanho da população: 60
Fração elite: 0.3
Fração mutante: 0.7
Probabilidade herdar alelo elite: 0.6
Número de populações independentes: 2
Número de threads: 14
Trocar os melhores indivíduos a cada 100 gerações
Número máximo de gerações: 100

Número de cromossomos: 29
Tamanho da população: 60
Fração elite: 0.3
Fração mutante: 0.7
Probabilidade herdar alelo elite: 0.6
Número de populações independentes: 2
Número de threads: 14
Trocar os melhores indivíduos a cada 100 gerações
Número máximo de gerações: 100

Tamanho da população: 230
Fração elite: 0.15
Fração mutante: 0.2
Probabilidade herdar alelo elite: 0.55
Número de populações independentes: 3
Número de threads: 14
Trocar os melhores indivíduos a cada 40 gerações
Número máximo de gerações: 130
Número máximo de iterações sem melhora: 30
Melhor até agora: 121 Geração: 10
Iteração: 0
Melhor até agora: 116 Geração: 15
Iteração: 0
Número de swaps entre camadas = 10
Largura da faixa = 26
Melhor altura = 116

Lower Bound 1 = 96
Lower Bound 2 = 38
Avaliação = 1.20833

Tempo de execução: 1s

---------------------------

Número de cromossomos: 29
Tamanho da população: 60
Fração elite: 0.3
Fração mutante: 0.7
Probabilidade herdar alelo elite: 0.6
Número de populações independentes: 2
Número de threads: 14
Trocar os melhores indivíduos a cada 100 gerações
Número máximo de gerações: 100

Número de cromossomos: 29
Tamanho da população: 60
Fração elite: 0.3
Fração mutante: 0.7
Probabilidade herdar alelo elite: 0.6
Número de populações independentes: 2
Número de threads: 14
Trocar os melhores indivíduos a cada 100 gerações
Número máximo de gerações: 100

Tamanho da população: 230
Fração elite: 0.15
Fração mutante: 0.2
Probabilidade herdar alelo elite: 0.55
Número de populações independentes: 3
Número de threads: 14
Trocar os melhores indivíduos a cada 40 gerações
Número máximo de gerações: 130
Número máximo de iterações sem melhora: 30
Melhor até agora: 129 Geração: 7
Iteração: 0
Melhor até agora: 124 Geração: 12
Iteração: 0
Melhor até agora: 121 Geração: 13
Iteração: 0
Melhor até agora: 117 Geração: 16
Iteração: 0
Melhor até agora: 116 Geração: 23
Iteração: 0
Número de swaps entre camadas = 10
Largura da faixa = 26
Melhor altura = 116

Lower Bound 1 = 96
Lower Bound 2 = 38
Avaliação = 1.20833

Tempo de execução: 1s

---------------------------

Número de cromossomos: 29
Tamanho da população: 60
Fração elite: 0.3
Fração mutante: 0.7
Probabilidade herdar alelo elite: 0.6
Número de populações independentes: 2
Número de threads: 14
Trocar os melhores indivíduos a cada 100 gerações
Número máximo de gerações: 100

Número de cromossomos: 29
Tamanho da população: 60
Fração elite: 0.3
Fração mutante: 0.7
Probabilidade herdar alelo elite: 0.6
Número de populações independentes: 2
Número de threads: 14
Trocar os melhores indivíduos a cada 100 gerações
Número máximo de gerações: 100

Tamanho da população: 230
Fração elite: 0.15
Fração mutante: 0.2
Probabilidade herdar alelo elite: 0.55
Número de populações independentes: 3
Número de threads: 14
Trocar os melhores indivíduos a cada 40 gerações
Número máximo de gerações: 130
Número máximo de iterações sem melhora: 30
Melhor até agora: 128 Geração: 10
Iteração: 0
Melhor até agora: 124 Geração: 12
Iteração: 0
Melhor até agora: 116 Geração: 13
Iteração: 0
Melhor até agora: 113 Geração: 18
Iteração: 0
Número de swaps entre camadas = 10
Largura da faixa = 26
Melhor altura = 113

Lower Bound 1 = 96
Lower Bound 2 = 38
Avaliação = 1.17708

Tempo de execução: 1s

---------------------------

Número de cromossomos: 29
Tamanho da população: 60
Fração elite: 0.3
Fração mutante: 0.7
Probabilidade herdar alelo elite: 0.6
Número de populações independentes: 2
Número de threads: 14
Trocar os melhores indivíduos a cada 100 gerações
Número máximo de gerações: 100

Número de cromossomos: 29
Tamanho da população: 60
Fração elite: 0.3
Fração mutante: 0.7
Probabilidade herdar alelo elite: 0.6
Número de populações independentes: 2
Número de threads: 14
Trocar os melhores indivíduos a cada 100 gerações
Número máximo de gerações: 100

Tamanho da população: 230
Fração elite: 0.15
Fração mutante: 0.2
Probabilidade herdar alelo elite: 0.55
Número de populações independentes: 3
Número de threads: 14
Trocar os melhores indivíduos a cada 40 gerações
Número máximo de gerações: 130
Número máximo de iterações sem melhora: 30
Melhor até agora: 121 Geração: 14
Iteração: 0
Melhor até agora: 118 Geração: 18
Iteração: 0
Número de swaps entre camadas = 10
Largura da faixa = 26
Melhor altura = 118

Lower Bound 1 = 96
Lower Bound 2 = 38
Avaliação = 1.22917

Tempo de execução: 1s

---------------------------

Número de cromossomos: 29
Tamanho da população: 60
Fração elite: 0.3
Fração mutante: 0.7
Probabilidade herdar alelo elite: 0.6
Número de populações independentes: 2
Número de threads: 14
Trocar os melhores indivíduos a cada 100 gerações
Número máximo de gerações: 100

Número de cromossomos: 29
Tamanho da população: 60
Fração elite: 0.3
Fração mutante: 0.7
Probabilidade herdar alelo elite: 0.6
Número de populações independentes: 2
Número de threads: 14
Trocar os melhores indivíduos a cada 100 gerações
Número máximo de gerações: 100

Tamanho da população: 230
Fração elite: 0.15
Fração mutante: 0.2
Probabilidade herdar alelo elite: 0.55
Número de populações independentes: 3
Número de threads: 14
Trocar os melhores indivíduos a cada 40 gerações
Número máximo de gerações: 130
Número máximo de iterações sem melhora: 30
Melhor até agora: 121 Geração: 15
Iteração: 0
Melhor até agora: 116 Geração: 16
Iteração: 0
Número de swaps entre camadas = 10
Largura da faixa = 26
Melhor altura = 116

Lower Bound 1 = 96
Lower Bound 2 = 38
Avaliação = 1.20833

Tempo de execução: 1s

---------------------------

Número de cromossomos: 29
Tamanho da população: 60
Fração elite: 0.3
Fração mutante: 0.7
Probabilidade herdar alelo elite: 0.6
Número de populações independentes: 2
Número de threads: 14
Trocar os melhores indivíduos a cada 100 gerações
Número máximo de gerações: 100

Número de cromossomos: 29
Tamanho da população: 60
Fração elite: 0.3
Fração mutante: 0.7
Probabilidade herdar alelo elite: 0.6
Número de populações independentes: 2
Número de threads: 14
Trocar os melhores indivíduos a cada 100 gerações
Número máximo de gerações: 100

Tamanho da população: 230
Fração elite: 0.15
Fração mutante: 0.2
Probabilidade herdar alelo elite: 0.55
Número de populações independentes: 3
Número de threads: 14
Trocar os melhores indivíduos a cada 40 gerações
Número máximo de gerações: 130
Número máximo de iterações sem melhora: 30
Melhor até agora: 126 Geração: 11
Iteração: 0
Melhor até agora: 121 Geração: 13
Iteração: 0
Melhor até agora: 116 Geração: 16
Iteração: 0
Número de swaps entre camadas = 10
Largura da faixa = 26
Melhor altura = 116

Lower Bound 1 = 96
Lower Bound 2 = 38
Avaliação = 1.20833

Tempo de execução: 1s

---------------------------

Número de cromossomos: 29
Tamanho da população: 60
Fração elite: 0.3
Fração mutante: 0.7
Probabilidade herdar alelo elite: 0.6
Número de populações independentes: 2
Número de threads: 14
Trocar os melhores indivíduos a cada 100 gerações
Número máximo de gerações: 100

Número de cromossomos: 29
Tamanho da população: 60
Fração elite: 0.3
Fração mutante: 0.7
Probabilidade herdar alelo elite: 0.6
Número de populações independentes: 2
Número de threads: 14
Trocar os melhores indivíduos a cada 100 gerações
Número máximo de gerações: 100

Tamanho da população: 230
Fração elite: 0.15
Fração mutante: 0.2
Probabilidade herdar alelo elite: 0.55
Número de populações independentes: 3
Número de threads: 14
Trocar os melhores indivíduos a cada 40 gerações
Número máximo de gerações: 130
Número máximo de iterações sem melhora: 30
Melhor até agora: 121 Geração: 13
Iteração: 0
Melhor até agora: 119 Geração: 17
Iteração: 0
Melhor até agora: 118 Geração: 21
Iteração: 0
Melhor até agora: 116 Geração: 22
Iteração: 0
Número de swaps entre camadas = 10
Largura da faixa = 26
Melhor altura = 116

Lower Bound 1 = 96
Lower Bound 2 = 38
Avaliação = 1.20833

Tempo de execução: 1s

---------------------------

Número de cromossomos: 29
Tamanho da população: 60
Fração elite: 0.3
Fração mutante: 0.7
Probabilidade herdar alelo elite: 0.6
Número de populações independentes: 2
Número de threads: 14
Trocar os melhores indivíduos a cada 100 gerações
Número máximo de gerações: 100

Número de cromossomos: 29
Tamanho da população: 60
Fração elite: 0.3
Fração mutante: 0.7
Probabilidade herdar alelo elite: 0.6
Número de populações independentes: 2
Número de threads: 14
Trocar os melhores indivíduos a cada 100 gerações
Número máximo de gerações: 100

Tamanho da população: 230
Fração elite: 0.15
Fração mutante: 0.2
Probabilidade herdar alelo elite: 0.55
Número de populações independentes: 3
Número de threads: 14
Trocar os melhores indivíduos a cada 40 gerações
Número máximo de gerações: 130
Número máximo de iterações sem melhora: 30
Melhor até agora: 129 Geração: 10
Iteração: 0
Melhor até agora: 119 Geração: 12
Iteração: 0
Melhor até agora: 117 Geração: 16
Iteração: 0
Melhor até agora: 114 Geração: 18
Iteração: 0
Melhor até agora: 113 Geração: 21
Iteração: 0
Número de swaps entre camadas = 10
Largura da faixa = 26
Melhor altura = 113

Lower Bound 1 = 96
Lower Bound 2 = 38
Avaliação = 1.17708

Tempo de execução: 1s

---------------------------

Número de cromossomos: 29
Tamanho da população: 60
Fração elite: 0.3
Fração mutante: 0.7
Probabilidade herdar alelo elite: 0.6
Número de populações independentes: 2
Número de threads: 14
Trocar os melhores indivíduos a cada 100 gerações
Número máximo de gerações: 100

Número de cromossomos: 29
Tamanho da população: 60
Fração elite: 0.3
Fração mutante: 0.7
Probabilidade herdar alelo elite: 0.6
Número de populações independentes: 2
Número de threads: 14
Trocar os melhores indivíduos a cada 100 gerações
Número máximo de gerações: 100

Tamanho da população: 230
Fração elite: 0.15
Fração mutante: 0.2
Probabilidade herdar alelo elite: 0.55
Número de populações independentes: 3
Número de threads: 14
Trocar os melhores indivíduos a cada 40 gerações
Número máximo de gerações: 130
Número máximo de iterações sem melhora: 30
Melhor até agora: 128 Geração: 10
Iteração: 0
Melhor até agora: 121 Geração: 15
Iteração: 0
Melhor até agora: 119 Geração: 20
Iteração: 0
Melhor até agora: 116 Geração: 21
Iteração: 0
Melhor até agora: 114 Geração: 25
Iteração: 0
Número de swaps entre camadas = 10
Largura da faixa = 26
Melhor altura = 114

Lower Bound 1 = 96
Lower Bound 2 = 38
Avaliação = 1.1875

Tempo de execução: 1s

---------------------------

Número de cromossomos: 29
Tamanho da população: 60
Fração elite: 0.3
Fração mutante: 0.7
Probabilidade herdar alelo elite: 0.6
Número de populações independentes: 2
Número de threads: 14
Trocar os melhores indivíduos a cada 100 gerações
Número máximo de gerações: 100

Número de cromossomos: 29
Tamanho da população: 60
Fração elite: 0.3
Fração mutante: 0.7
Probabilidade herdar alelo elite: 0.6
Número de populações independentes: 2
Número de threads: 14
Trocar os melhores indivíduos a cada 100 gerações
Número máximo de gerações: 100

Tamanho da população: 230
Fração elite: 0.15
Fração mutante: 0.2
Probabilidade herdar alelo elite: 0.55
Número de populações independentes: 3
Número de threads: 14
Trocar os melhores indivíduos a cada 40 gerações
Número máximo de gerações: 130
Número máximo de iterações sem melhora: 30
Melhor até agora: 121 Geração: 16
Iteração: 0
Melhor até agora: 120 Geração: 18
Iteração: 0
Melhor até agora: 119 Geração: 21
Iteração: 0
Melhor até agora: 116 Geração: 38
Iteração: 0
Número de swaps entre camadas = 10
Largura da faixa = 26
Melhor altura = 116

Lower Bound 1 = 96
Lower Bound 2 = 38
Avaliação = 1.20833

Tempo de execução: 1s

---------------------------

Número de cromossomos: 29
Tamanho da população: 60
Fração elite: 0.3
Fração mutante: 0.7
Probabilidade herdar alelo elite: 0.6
Número de populações independentes: 2
Número de threads: 14
Trocar os melhores indivíduos a cada 100 gerações
Número máximo de gerações: 100

Número de cromossomos: 29
Tamanho da população: 60
Fração elite: 0.3
Fração mutante: 0.7
Probabilidade herdar alelo elite: 0.6
Número de populações independentes: 2
Número de threads: 14
Trocar os melhores indivíduos a cada 100 gerações
Número máximo de gerações: 100

Tamanho da população: 230
Fração elite: 0.15
Fração mutante: 0.2
Probabilidade herdar alelo elite: 0.55
Número de populações independentes: 3
Número de threads: 14
Trocar os melhores indivíduos a cada 40 gerações
Número máximo de gerações: 130
Número máximo de iterações sem melhora: 30
Melhor até agora: 125 Geração: 3
Iteração: 0
Melhor até agora: 121 Geração: 11
Iteração: 0
Melhor até agora: 120 Geração: 28
Iteração: 0
Número de swaps entre camadas = 10
Largura da faixa = 26
Melhor altura = 120

Lower Bound 1 = 96
Lower Bound 2 = 38
Avaliação = 1.25

Tempo de execução: 1s

---------------------------

Número de cromossomos: 29
Tamanho da população: 60
Fração elite: 0.3
Fração mutante: 0.7
Probabilidade herdar alelo elite: 0.6
Número de populações independentes: 2
Número de threads: 14
Trocar os melhores indivíduos a cada 100 gerações
Número máximo de gerações: 100

Número de cromossomos: 29
Tamanho da população: 60
Fração elite: 0.3
Fração mutante: 0.7
Probabilidade herdar alelo elite: 0.6
Número de populações independentes: 2
Número de threads: 14
Trocar os melhores indivíduos a cada 100 gerações
Número máximo de gerações: 100

Tamanho da população: 230
Fração elite: 0.15
Fração mutante: 0.2
Probabilidade herdar alelo elite: 0.55
Número de populações independentes: 3
Número de threads: 14
Trocar os melhores indivíduos a cada 40 gerações
Número máximo de gerações: 130
Número máximo de iterações sem melhora: 30
Melhor até agora: 121 Geração: 12
Iteração: 0
Melhor até agora: 119 Geração: 15
Iteração: 0
Melhor até agora: 116 Geração: 16
Iteração: 0
Número de swaps entre camadas = 10
Largura da faixa = 26
Melhor altura = 116

Lower Bound 1 = 96
Lower Bound 2 = 38
Avaliação = 1.20833

Tempo de execução: 1s

---------------------------

Número de cromossomos: 29
Tamanho da população: 60
Fração elite: 0.3
Fração mutante: 0.7
Probabilidade herdar alelo elite: 0.6
Número de populações independentes: 2
Número de threads: 14
Trocar os melhores indivíduos a cada 100 gerações
Número máximo de gerações: 100

Número de cromossomos: 29
Tamanho da população: 60
Fração elite: 0.3
Fração mutante: 0.7
Probabilidade herdar alelo elite: 0.6
Número de populações independentes: 2
Número de threads: 14
Trocar os melhores indivíduos a cada 100 gerações
Número máximo de gerações: 100

Tamanho da população: 230
Fração elite: 0.15
Fração mutante: 0.2
Probabilidade herdar alelo elite: 0.55
Número de populações independentes: 3
Número de threads: 14
Trocar os melhores indivíduos a cada 40 gerações
Número máximo de gerações: 130
Número máximo de iterações sem melhora: 30
Melhor até agora: 126 Geração: 0
Iteração: 0
Melhor até agora: 120 Geração: 6
Iteração: 0
Melhor até agora: 116 Geração: 10
Iteração: 0
Número de swaps entre camadas = 10
Largura da faixa = 26
Melhor altura = 116

Lower Bound 1 = 96
Lower Bound 2 = 38
Avaliação = 1.20833

Tempo de execução: 1s

---------------------------

Número de cromossomos: 29
Tamanho da população: 60
Fração elite: 0.3
Fração mutante: 0.7
Probabilidade herdar alelo elite: 0.6
Número de populações independentes: 2
Número de threads: 14
Trocar os melhores indivíduos a cada 100 gerações
Número máximo de gerações: 100

Número de cromossomos: 29
Tamanho da população: 60
Fração elite: 0.3
Fração mutante: 0.7
Probabilidade herdar alelo elite: 0.6
Número de populações independentes: 2
Número de threads: 14
Trocar os melhores indivíduos a cada 100 gerações
Número máximo de gerações: 100

Tamanho da população: 230
Fração elite: 0.15
Fração mutante: 0.2
Probabilidade herdar alelo elite: 0.55
Número de populações independentes: 3
Número de threads: 14
Trocar os melhores indivíduos a cada 40 gerações
Número máximo de gerações: 130
Número máximo de iterações sem melhora: 30
Melhor até agora: 126 Geração: 10
Iteração: 0
Melhor até agora: 116 Geração: 11
Iteração: 0
Número de swaps entre camadas = 10
Largura da faixa = 26
Melhor altura = 116

Lower Bound 1 = 96
Lower Bound 2 = 38
Avaliação = 1.20833

Tempo de execução: 1s

---------------------------

