Número de cromossomos: 101
Tamanho da população: 1000
Fração elite: 0.3
Fração mutante: 0.4
Probabilidade herdar alelo elite: 0.8
Número de populações independentes: 3
Número de threads: 2
Melhor até agora: 246 Geração: 0
Melhor até agora: 245 Geração: 3
Melhor até agora: 244 Geração: 5
Melhor até agora: 243 Geração: 10
Melhor até agora: 242 Geração: 11
Melhor até agora: 241 Geração: 12
Melhor até agora: 232 Geração: 13
Melhor até agora: 231 Geração: 30
Melhor até agora: 229 Geração: 33
Melhor até agora: 228 Geração: 50
Melhor até agora: 226 Geração: 73
Largura da faixa = 24
Melhor altura = 226

Lower Bound 1 = 174
Lower Bound 2 = 24
Avaliação = 1.29885
Tempo de execução: 28089ms

---------------------------

