Tamanho da população: 475
Fração elite: 0.2121
Fração mutante: 0.0442
Probabilidade herdar alelo elite: 0.6514
Número de populações independentes: 3
Troca de informação de 4 individuos a cada 241 gerações
Número de threads: 1

Largura da faixa = 32
Melhor altura = 87

Lower Bound 1 = 82
Lower Bound 2 = 32
Avaliação = 1.06098

Tempo de execução: 60.0039s

---------------------------

Tamanho da população: 475
Fração elite: 0.2121
Fração mutante: 0.0442
Probabilidade herdar alelo elite: 0.6514
Número de populações independentes: 3
Troca de informação de 4 individuos a cada 241 gerações
Número de threads: 1

Largura da faixa = 32
Melhor altura = 88

Lower Bound 1 = 82
Lower Bound 2 = 32
Avaliação = 1.07317

Tempo de execução: 60.0127s

---------------------------

Tamanho da população: 475
Fração elite: 0.2121
Fração mutante: 0.0442
Probabilidade herdar alelo elite: 0.6514
Número de populações independentes: 3
Troca de informação de 4 individuos a cada 241 gerações
Número de threads: 1

Largura da faixa = 32
Melhor altura = 87

Lower Bound 1 = 82
Lower Bound 2 = 32
Avaliação = 1.06098

Tempo de execução: 60.0183s

---------------------------

Tamanho da população: 475
Fração elite: 0.2121
Fração mutante: 0.0442
Probabilidade herdar alelo elite: 0.6514
Número de populações independentes: 3
Troca de informação de 4 individuos a cada 241 gerações
Número de threads: 1

Largura da faixa = 32
Melhor altura = 87

Lower Bound 1 = 82
Lower Bound 2 = 32
Avaliação = 1.06098

Tempo de execução: 60.0192s

---------------------------

Tamanho da população: 475
Fração elite: 0.2121
Fração mutante: 0.0442
Probabilidade herdar alelo elite: 0.6514
Número de populações independentes: 3
Troca de informação de 4 individuos a cada 241 gerações
Número de threads: 1

Largura da faixa = 32
Melhor altura = 88

Lower Bound 1 = 82
Lower Bound 2 = 32
Avaliação = 1.07317

Tempo de execução: 60.0269s

---------------------------

Tamanho da população: 475
Fração elite: 0.2121
Fração mutante: 0.0442
Probabilidade herdar alelo elite: 0.6514
Número de populações independentes: 3
Troca de informação de 4 individuos a cada 241 gerações
Número de threads: 1

Largura da faixa = 32
Melhor altura = 88

Lower Bound 1 = 82
Lower Bound 2 = 32
Avaliação = 1.07317

Tempo de execução: 60.0378s

---------------------------

Tamanho da população: 475
Fração elite: 0.2121
Fração mutante: 0.0442
Probabilidade herdar alelo elite: 0.6514
Número de populações independentes: 3
Troca de informação de 4 individuos a cada 241 gerações
Número de threads: 1

Largura da faixa = 32
Melhor altura = 88

Lower Bound 1 = 82
Lower Bound 2 = 32
Avaliação = 1.07317

Tempo de execução: 60.026s

---------------------------

Tamanho da população: 475
Fração elite: 0.2121
Fração mutante: 0.0442
Probabilidade herdar alelo elite: 0.6514
Número de populações independentes: 3
Troca de informação de 4 individuos a cada 241 gerações
Número de threads: 1

Largura da faixa = 32
Melhor altura = 87

Lower Bound 1 = 82
Lower Bound 2 = 32
Avaliação = 1.06098

Tempo de execução: 60.0309s

---------------------------

Tamanho da população: 475
Fração elite: 0.2121
Fração mutante: 0.0442
Probabilidade herdar alelo elite: 0.6514
Número de populações independentes: 3
Troca de informação de 4 individuos a cada 241 gerações
Número de threads: 1

Largura da faixa = 32
Melhor altura = 87

Lower Bound 1 = 82
Lower Bound 2 = 32
Avaliação = 1.06098

Tempo de execução: 60.0346s

---------------------------

Tamanho da população: 475
Fração elite: 0.2121
Fração mutante: 0.0442
Probabilidade herdar alelo elite: 0.6514
Número de populações independentes: 3
Troca de informação de 4 individuos a cada 241 gerações
Número de threads: 1

Largura da faixa = 32
Melhor altura = 87

Lower Bound 1 = 82
Lower Bound 2 = 32
Avaliação = 1.06098

Tempo de execução: 60.0066s

---------------------------

Tamanho da população: 475
Fração elite: 0.2121
Fração mutante: 0.0442
Probabilidade herdar alelo elite: 0.6514
Número de populações independentes: 3
Troca de informação de 4 individuos a cada 241 gerações
Número de threads: 1

Largura da faixa = 32
Melhor altura = 87

Lower Bound 1 = 82
Lower Bound 2 = 32
Avaliação = 1.06098

Tempo de execução: 60.0147s

---------------------------

Tamanho da população: 475
Fração elite: 0.2121
Fração mutante: 0.0442
Probabilidade herdar alelo elite: 0.6514
Número de populações independentes: 3
Troca de informação de 4 individuos a cada 241 gerações
Número de threads: 1

Largura da faixa = 32
Melhor altura = 87

Lower Bound 1 = 82
Lower Bound 2 = 32
Avaliação = 1.06098

Tempo de execução: 60.0232s

---------------------------

Tamanho da população: 475
Fração elite: 0.2121
Fração mutante: 0.0442
Probabilidade herdar alelo elite: 0.6514
Número de populações independentes: 3
Troca de informação de 4 individuos a cada 241 gerações
Número de threads: 1

Largura da faixa = 32
Melhor altura = 88

Lower Bound 1 = 82
Lower Bound 2 = 32
Avaliação = 1.07317

Tempo de execução: 60.0014s

---------------------------

Tamanho da população: 475
Fração elite: 0.2121
Fração mutante: 0.0442
Probabilidade herdar alelo elite: 0.6514
Número de populações independentes: 3
Troca de informação de 4 individuos a cada 241 gerações
Número de threads: 1

Largura da faixa = 32
Melhor altura = 87

Lower Bound 1 = 82
Lower Bound 2 = 32
Avaliação = 1.06098

Tempo de execução: 60.0176s

---------------------------

Tamanho da população: 475
Fração elite: 0.2121
Fração mutante: 0.0442
Probabilidade herdar alelo elite: 0.6514
Número de populações independentes: 3
Troca de informação de 4 individuos a cada 241 gerações
Número de threads: 1

Largura da faixa = 32
Melhor altura = 87

Lower Bound 1 = 82
Lower Bound 2 = 32
Avaliação = 1.06098

Tempo de execução: 60.0529s

---------------------------

Tamanho da população: 475
Fração elite: 0.2121
Fração mutante: 0.0442
Probabilidade herdar alelo elite: 0.6514
Número de populações independentes: 3
Troca de informação de 4 individuos a cada 241 gerações
Número de threads: 1

Largura da faixa = 32
Melhor altura = 88

Lower Bound 1 = 82
Lower Bound 2 = 32
Avaliação = 1.07317

Tempo de execução: 60.0193s

---------------------------

Tamanho da população: 475
Fração elite: 0.2121
Fração mutante: 0.0442
Probabilidade herdar alelo elite: 0.6514
Número de populações independentes: 3
Troca de informação de 4 individuos a cada 241 gerações
Número de threads: 1

Largura da faixa = 32
Melhor altura = 87

Lower Bound 1 = 82
Lower Bound 2 = 32
Avaliação = 1.06098

Tempo de execução: 60.0302s

---------------------------

Tamanho da população: 475
Fração elite: 0.2121
Fração mutante: 0.0442
Probabilidade herdar alelo elite: 0.6514
Número de populações independentes: 3
Troca de informação de 4 individuos a cada 241 gerações
Número de threads: 1

Largura da faixa = 32
Melhor altura = 89

Lower Bound 1 = 82
Lower Bound 2 = 32
Avaliação = 1.08537

Tempo de execução: 60.0446s

---------------------------

Tamanho da população: 475
Fração elite: 0.2121
Fração mutante: 0.0442
Probabilidade herdar alelo elite: 0.6514
Número de populações independentes: 3
Troca de informação de 4 individuos a cada 241 gerações
Número de threads: 1

Largura da faixa = 32
Melhor altura = 88

Lower Bound 1 = 82
Lower Bound 2 = 32
Avaliação = 1.07317

Tempo de execução: 60.0177s

---------------------------

Tamanho da população: 475
Fração elite: 0.2121
Fração mutante: 0.0442
Probabilidade herdar alelo elite: 0.6514
Número de populações independentes: 3
Troca de informação de 4 individuos a cada 241 gerações
Número de threads: 1

Largura da faixa = 32
Melhor altura = 87

Lower Bound 1 = 82
Lower Bound 2 = 32
Avaliação = 1.06098

Tempo de execução: 60.0392s
