Tamanho da população: 475
Fração elite: 0.2121
Fração mutante: 0.0442
Probabilidade herdar alelo elite: 0.6514
Número de populações independentes: 3
Troca de informação de 4 individuos a cada 241 gerações
Número de threads: 1

Largura da faixa = 24
Melhor altura = 192

Lower Bound 1 = 177
Lower Bound 2 = 24
Avaliação = 1.08475

Tempo de execução: 60.0223s

---------------------------

Tamanho da população: 475
Fração elite: 0.2121
Fração mutante: 0.0442
Probabilidade herdar alelo elite: 0.6514
Número de populações independentes: 3
Troca de informação de 4 individuos a cada 241 gerações
Número de threads: 1

Largura da faixa = 24
Melhor altura = 191

Lower Bound 1 = 177
Lower Bound 2 = 24
Avaliação = 1.0791

Tempo de execução: 60.0806s

---------------------------

Tamanho da população: 475
Fração elite: 0.2121
Fração mutante: 0.0442
Probabilidade herdar alelo elite: 0.6514
Número de populações independentes: 3
Troca de informação de 4 individuos a cada 241 gerações
Número de threads: 1

Largura da faixa = 24
Melhor altura = 191

Lower Bound 1 = 177
Lower Bound 2 = 24
Avaliação = 1.0791

Tempo de execução: 60.1108s

---------------------------

Tamanho da população: 475
Fração elite: 0.2121
Fração mutante: 0.0442
Probabilidade herdar alelo elite: 0.6514
Número de populações independentes: 3
Troca de informação de 4 individuos a cada 241 gerações
Número de threads: 1

Largura da faixa = 24
Melhor altura = 191

Lower Bound 1 = 177
Lower Bound 2 = 24
Avaliação = 1.0791

Tempo de execução: 60.0151s

---------------------------

Tamanho da população: 475
Fração elite: 0.2121
Fração mutante: 0.0442
Probabilidade herdar alelo elite: 0.6514
Número de populações independentes: 3
Troca de informação de 4 individuos a cada 241 gerações
Número de threads: 1

Largura da faixa = 24
Melhor altura = 193

Lower Bound 1 = 177
Lower Bound 2 = 24
Avaliação = 1.0904

Tempo de execução: 60.0211s

---------------------------

Tamanho da população: 475
Fração elite: 0.2121
Fração mutante: 0.0442
Probabilidade herdar alelo elite: 0.6514
Número de populações independentes: 3
Troca de informação de 4 individuos a cada 241 gerações
Número de threads: 1

Largura da faixa = 24
Melhor altura = 192

Lower Bound 1 = 177
Lower Bound 2 = 24
Avaliação = 1.08475

Tempo de execução: 60.0484s

---------------------------

Tamanho da população: 475
Fração elite: 0.2121
Fração mutante: 0.0442
Probabilidade herdar alelo elite: 0.6514
Número de populações independentes: 3
Troca de informação de 4 individuos a cada 241 gerações
Número de threads: 1

Largura da faixa = 24
Melhor altura = 192

Lower Bound 1 = 177
Lower Bound 2 = 24
Avaliação = 1.08475

Tempo de execução: 60.0714s

---------------------------

Tamanho da população: 475
Fração elite: 0.2121
Fração mutante: 0.0442
Probabilidade herdar alelo elite: 0.6514
Número de populações independentes: 3
Troca de informação de 4 individuos a cada 241 gerações
Número de threads: 1

Largura da faixa = 24
Melhor altura = 191

Lower Bound 1 = 177
Lower Bound 2 = 24
Avaliação = 1.0791

Tempo de execução: 60.0915s

---------------------------

Tamanho da população: 475
Fração elite: 0.2121
Fração mutante: 0.0442
Probabilidade herdar alelo elite: 0.6514
Número de populações independentes: 3
Troca de informação de 4 individuos a cada 241 gerações
Número de threads: 1

Largura da faixa = 24
Melhor altura = 191

Lower Bound 1 = 177
Lower Bound 2 = 24
Avaliação = 1.0791

Tempo de execução: 60.1649s

---------------------------

Tamanho da população: 475
Fração elite: 0.2121
Fração mutante: 0.0442
Probabilidade herdar alelo elite: 0.6514
Número de populações independentes: 3
Troca de informação de 4 individuos a cada 241 gerações
Número de threads: 1

Largura da faixa = 24
Melhor altura = 191

Lower Bound 1 = 177
Lower Bound 2 = 24
Avaliação = 1.0791

Tempo de execução: 60.0925s

---------------------------

Tamanho da população: 475
Fração elite: 0.2121
Fração mutante: 0.0442
Probabilidade herdar alelo elite: 0.6514
Número de populações independentes: 3
Troca de informação de 4 individuos a cada 241 gerações
Número de threads: 1

Largura da faixa = 24
Melhor altura = 189

Lower Bound 1 = 177
Lower Bound 2 = 24
Avaliação = 1.0678

Tempo de execução: 60.124s

---------------------------

Tamanho da população: 475
Fração elite: 0.2121
Fração mutante: 0.0442
Probabilidade herdar alelo elite: 0.6514
Número de populações independentes: 3
Troca de informação de 4 individuos a cada 241 gerações
Número de threads: 1

Largura da faixa = 24
Melhor altura = 192

Lower Bound 1 = 177
Lower Bound 2 = 24
Avaliação = 1.08475

Tempo de execução: 60.1441s

---------------------------

Tamanho da população: 475
Fração elite: 0.2121
Fração mutante: 0.0442
Probabilidade herdar alelo elite: 0.6514
Número de populações independentes: 3
Troca de informação de 4 individuos a cada 241 gerações
Número de threads: 1

Largura da faixa = 24
Melhor altura = 191

Lower Bound 1 = 177
Lower Bound 2 = 24
Avaliação = 1.0791

Tempo de execução: 60.1036s

---------------------------

Tamanho da população: 475
Fração elite: 0.2121
Fração mutante: 0.0442
Probabilidade herdar alelo elite: 0.6514
Número de populações independentes: 3
Troca de informação de 4 individuos a cada 241 gerações
Número de threads: 1

Largura da faixa = 24
Melhor altura = 191

Lower Bound 1 = 177
Lower Bound 2 = 24
Avaliação = 1.0791

Tempo de execução: 60.1117s

---------------------------

Tamanho da população: 475
Fração elite: 0.2121
Fração mutante: 0.0442
Probabilidade herdar alelo elite: 0.6514
Número de populações independentes: 3
Troca de informação de 4 individuos a cada 241 gerações
Número de threads: 1

Largura da faixa = 24
Melhor altura = 193

Lower Bound 1 = 177
Lower Bound 2 = 24
Avaliação = 1.0904

Tempo de execução: 60.167s

---------------------------

Tamanho da população: 475
Fração elite: 0.2121
Fração mutante: 0.0442
Probabilidade herdar alelo elite: 0.6514
Número de populações independentes: 3
Troca de informação de 4 individuos a cada 241 gerações
Número de threads: 1

Largura da faixa = 24
Melhor altura = 189

Lower Bound 1 = 177
Lower Bound 2 = 24
Avaliação = 1.0678

Tempo de execução: 60.0014s

---------------------------

Tamanho da população: 475
Fração elite: 0.2121
Fração mutante: 0.0442
Probabilidade herdar alelo elite: 0.6514
Número de populações independentes: 3
Troca de informação de 4 individuos a cada 241 gerações
Número de threads: 1

Largura da faixa = 24
Melhor altura = 193

Lower Bound 1 = 177
Lower Bound 2 = 24
Avaliação = 1.0904

Tempo de execução: 60.0191s

---------------------------

Tamanho da população: 475
Fração elite: 0.2121
Fração mutante: 0.0442
Probabilidade herdar alelo elite: 0.6514
Número de populações independentes: 3
Troca de informação de 4 individuos a cada 241 gerações
Número de threads: 1

Largura da faixa = 24
Melhor altura = 192

Lower Bound 1 = 177
Lower Bound 2 = 24
Avaliação = 1.08475

Tempo de execução: 60.183s

---------------------------

Tamanho da população: 475
Fração elite: 0.2121
Fração mutante: 0.0442
Probabilidade herdar alelo elite: 0.6514
Número de populações independentes: 3
Troca de informação de 4 individuos a cada 241 gerações
Número de threads: 1

Largura da faixa = 24
Melhor altura = 192

Lower Bound 1 = 177
Lower Bound 2 = 24
Avaliação = 1.08475

Tempo de execução: 60.0125s

---------------------------

Tamanho da população: 475
Fração elite: 0.2121
Fração mutante: 0.0442
Probabilidade herdar alelo elite: 0.6514
Número de populações independentes: 3
Troca de informação de 4 individuos a cada 241 gerações
Número de threads: 1

Largura da faixa = 24
Melhor altura = 191

Lower Bound 1 = 177
Lower Bound 2 = 24
Avaliação = 1.0791

Tempo de execução: 60.0779s
