Número de cromossomos: 44
Tamanho da população: 60
Fração elite: 0.3
Fração mutante: 0.7
Probabilidade herdar alelo elite: 0.6
Número de populações independentes: 2
Número de threads: 14
Trocar os melhores indivíduos a cada 100 gerações
Número máximo de gerações: 100

Número de cromossomos: 44
Tamanho da população: 60
Fração elite: 0.3
Fração mutante: 0.7
Probabilidade herdar alelo elite: 0.6
Número de populações independentes: 2
Número de threads: 14
Trocar os melhores indivíduos a cada 100 gerações
Número máximo de gerações: 100

Tamanho da população: 230
Fração elite: 0.15
Fração mutante: 0.2
Probabilidade herdar alelo elite: 0.55
Número de populações independentes: 3
Número de threads: 14
Trocar os melhores indivíduos a cada 40 gerações
Número máximo de gerações: 130
Número máximo de iterações sem melhora: 30
Número de swaps entre camadas = 10
Largura da faixa = 1
Melhor altura = 44

Lower Bound 1 = 44
Lower Bound 2 = 44
Avaliação = 1

Tempo de execução: 1s

---------------------------

Número de cromossomos: 44
Tamanho da população: 60
Fração elite: 0.3
Fração mutante: 0.7
Probabilidade herdar alelo elite: 0.6
Número de populações independentes: 2
Número de threads: 14
Trocar os melhores indivíduos a cada 100 gerações
Número máximo de gerações: 100

Número de cromossomos: 44
Tamanho da população: 60
Fração elite: 0.3
Fração mutante: 0.7
Probabilidade herdar alelo elite: 0.6
Número de populações independentes: 2
Número de threads: 14
Trocar os melhores indivíduos a cada 100 gerações
Número máximo de gerações: 100

Tamanho da população: 230
Fração elite: 0.15
Fração mutante: 0.2
Probabilidade herdar alelo elite: 0.55
Número de populações independentes: 3
Número de threads: 14
Trocar os melhores indivíduos a cada 40 gerações
Número máximo de gerações: 130
Número máximo de iterações sem melhora: 30
Número de swaps entre camadas = 10
Largura da faixa = 1
Melhor altura = 44

Lower Bound 1 = 44
Lower Bound 2 = 44
Avaliação = 1

Tempo de execução: 2s

---------------------------

Número de cromossomos: 44
Tamanho da população: 60
Fração elite: 0.3
Fração mutante: 0.7
Probabilidade herdar alelo elite: 0.6
Número de populações independentes: 2
Número de threads: 14
Trocar os melhores indivíduos a cada 100 gerações
Número máximo de gerações: 100

Número de cromossomos: 44
Tamanho da população: 60
Fração elite: 0.3
Fração mutante: 0.7
Probabilidade herdar alelo elite: 0.6
Número de populações independentes: 2
Número de threads: 14
Trocar os melhores indivíduos a cada 100 gerações
Número máximo de gerações: 100

Tamanho da população: 230
Fração elite: 0.15
Fração mutante: 0.2
Probabilidade herdar alelo elite: 0.55
Número de populações independentes: 3
Número de threads: 14
Trocar os melhores indivíduos a cada 40 gerações
Número máximo de gerações: 130
Número máximo de iterações sem melhora: 30
Número de swaps entre camadas = 10
Largura da faixa = 1
Melhor altura = 44

Lower Bound 1 = 44
Lower Bound 2 = 44
Avaliação = 1

Tempo de execução: 2s

---------------------------

Número de cromossomos: 44
Tamanho da população: 60
Fração elite: 0.3
Fração mutante: 0.7
Probabilidade herdar alelo elite: 0.6
Número de populações independentes: 2
Número de threads: 14
Trocar os melhores indivíduos a cada 100 gerações
Número máximo de gerações: 100

Número de cromossomos: 44
Tamanho da população: 60
Fração elite: 0.3
Fração mutante: 0.7
Probabilidade herdar alelo elite: 0.6
Número de populações independentes: 2
Número de threads: 14
Trocar os melhores indivíduos a cada 100 gerações
Número máximo de gerações: 100

Tamanho da população: 230
Fração elite: 0.15
Fração mutante: 0.2
Probabilidade herdar alelo elite: 0.55
Número de populações independentes: 3
Número de threads: 14
Trocar os melhores indivíduos a cada 40 gerações
Número máximo de gerações: 130
Número máximo de iterações sem melhora: 30
Número de swaps entre camadas = 10
Largura da faixa = 1
Melhor altura = 44

Lower Bound 1 = 44
Lower Bound 2 = 44
Avaliação = 1

Tempo de execução: 2s

---------------------------

Número de cromossomos: 44
Tamanho da população: 60
Fração elite: 0.3
Fração mutante: 0.7
Probabilidade herdar alelo elite: 0.6
Número de populações independentes: 2
Número de threads: 14
Trocar os melhores indivíduos a cada 100 gerações
Número máximo de gerações: 100

Número de cromossomos: 44
Tamanho da população: 60
Fração elite: 0.3
Fração mutante: 0.7
Probabilidade herdar alelo elite: 0.6
Número de populações independentes: 2
Número de threads: 14
Trocar os melhores indivíduos a cada 100 gerações
Número máximo de gerações: 100

Tamanho da população: 230
Fração elite: 0.15
Fração mutante: 0.2
Probabilidade herdar alelo elite: 0.55
Número de populações independentes: 3
Número de threads: 14
Trocar os melhores indivíduos a cada 40 gerações
Número máximo de gerações: 130
Número máximo de iterações sem melhora: 30
Número de swaps entre camadas = 10
Largura da faixa = 1
Melhor altura = 44

Lower Bound 1 = 44
Lower Bound 2 = 44
Avaliação = 1

Tempo de execução: 2s

---------------------------

Número de cromossomos: 44
Tamanho da população: 60
Fração elite: 0.3
Fração mutante: 0.7
Probabilidade herdar alelo elite: 0.6
Número de populações independentes: 2
Número de threads: 14
Trocar os melhores indivíduos a cada 100 gerações
Número máximo de gerações: 100

Número de cromossomos: 44
Tamanho da população: 60
Fração elite: 0.3
Fração mutante: 0.7
Probabilidade herdar alelo elite: 0.6
Número de populações independentes: 2
Número de threads: 14
Trocar os melhores indivíduos a cada 100 gerações
Número máximo de gerações: 100

Tamanho da população: 230
Fração elite: 0.15
Fração mutante: 0.2
Probabilidade herdar alelo elite: 0.55
Número de populações independentes: 3
Número de threads: 14
Trocar os melhores indivíduos a cada 40 gerações
Número máximo de gerações: 130
Número máximo de iterações sem melhora: 30
Número de swaps entre camadas = 10
Largura da faixa = 1
Melhor altura = 44

Lower Bound 1 = 44
Lower Bound 2 = 44
Avaliação = 1

Tempo de execução: 2s

---------------------------

Número de cromossomos: 44
Tamanho da população: 60
Fração elite: 0.3
Fração mutante: 0.7
Probabilidade herdar alelo elite: 0.6
Número de populações independentes: 2
Número de threads: 14
Trocar os melhores indivíduos a cada 100 gerações
Número máximo de gerações: 100

Número de cromossomos: 44
Tamanho da população: 60
Fração elite: 0.3
Fração mutante: 0.7
Probabilidade herdar alelo elite: 0.6
Número de populações independentes: 2
Número de threads: 14
Trocar os melhores indivíduos a cada 100 gerações
Número máximo de gerações: 100

Tamanho da população: 230
Fração elite: 0.15
Fração mutante: 0.2
Probabilidade herdar alelo elite: 0.55
Número de populações independentes: 3
Número de threads: 14
Trocar os melhores indivíduos a cada 40 gerações
Número máximo de gerações: 130
Número máximo de iterações sem melhora: 30
Número de swaps entre camadas = 10
Largura da faixa = 1
Melhor altura = 44

Lower Bound 1 = 44
Lower Bound 2 = 44
Avaliação = 1

Tempo de execução: 2s

---------------------------

Número de cromossomos: 44
Tamanho da população: 60
Fração elite: 0.3
Fração mutante: 0.7
Probabilidade herdar alelo elite: 0.6
Número de populações independentes: 2
Número de threads: 14
Trocar os melhores indivíduos a cada 100 gerações
Número máximo de gerações: 100

Número de cromossomos: 44
Tamanho da população: 60
Fração elite: 0.3
Fração mutante: 0.7
Probabilidade herdar alelo elite: 0.6
Número de populações independentes: 2
Número de threads: 14
Trocar os melhores indivíduos a cada 100 gerações
Número máximo de gerações: 100

Tamanho da população: 230
Fração elite: 0.15
Fração mutante: 0.2
Probabilidade herdar alelo elite: 0.55
Número de populações independentes: 3
Número de threads: 14
Trocar os melhores indivíduos a cada 40 gerações
Número máximo de gerações: 130
Número máximo de iterações sem melhora: 30
Número de swaps entre camadas = 10
Largura da faixa = 1
Melhor altura = 44

Lower Bound 1 = 44
Lower Bound 2 = 44
Avaliação = 1

Tempo de execução: 2s

---------------------------

Número de cromossomos: 44
Tamanho da população: 60
Fração elite: 0.3
Fração mutante: 0.7
Probabilidade herdar alelo elite: 0.6
Número de populações independentes: 2
Número de threads: 14
Trocar os melhores indivíduos a cada 100 gerações
Número máximo de gerações: 100

Número de cromossomos: 44
Tamanho da população: 60
Fração elite: 0.3
Fração mutante: 0.7
Probabilidade herdar alelo elite: 0.6
Número de populações independentes: 2
Número de threads: 14
Trocar os melhores indivíduos a cada 100 gerações
Número máximo de gerações: 100

Tamanho da população: 230
Fração elite: 0.15
Fração mutante: 0.2
Probabilidade herdar alelo elite: 0.55
Número de populações independentes: 3
Número de threads: 14
Trocar os melhores indivíduos a cada 40 gerações
Número máximo de gerações: 130
Número máximo de iterações sem melhora: 30
Número de swaps entre camadas = 10
Largura da faixa = 1
Melhor altura = 44

Lower Bound 1 = 44
Lower Bound 2 = 44
Avaliação = 1

Tempo de execução: 2s

---------------------------

Número de cromossomos: 44
Tamanho da população: 60
Fração elite: 0.3
Fração mutante: 0.7
Probabilidade herdar alelo elite: 0.6
Número de populações independentes: 2
Número de threads: 14
Trocar os melhores indivíduos a cada 100 gerações
Número máximo de gerações: 100

Número de cromossomos: 44
Tamanho da população: 60
Fração elite: 0.3
Fração mutante: 0.7
Probabilidade herdar alelo elite: 0.6
Número de populações independentes: 2
Número de threads: 14
Trocar os melhores indivíduos a cada 100 gerações
Número máximo de gerações: 100

Tamanho da população: 230
Fração elite: 0.15
Fração mutante: 0.2
Probabilidade herdar alelo elite: 0.55
Número de populações independentes: 3
Número de threads: 14
Trocar os melhores indivíduos a cada 40 gerações
Número máximo de gerações: 130
Número máximo de iterações sem melhora: 30
Número de swaps entre camadas = 10
Largura da faixa = 1
Melhor altura = 44

Lower Bound 1 = 44
Lower Bound 2 = 44
Avaliação = 1

Tempo de execução: 2s

---------------------------

Número de cromossomos: 44
Tamanho da população: 60
Fração elite: 0.3
Fração mutante: 0.7
Probabilidade herdar alelo elite: 0.6
Número de populações independentes: 2
Número de threads: 14
Trocar os melhores indivíduos a cada 100 gerações
Número máximo de gerações: 100

Número de cromossomos: 44
Tamanho da população: 60
Fração elite: 0.3
Fração mutante: 0.7
Probabilidade herdar alelo elite: 0.6
Número de populações independentes: 2
Número de threads: 14
Trocar os melhores indivíduos a cada 100 gerações
Número máximo de gerações: 100

Tamanho da população: 230
Fração elite: 0.15
Fração mutante: 0.2
Probabilidade herdar alelo elite: 0.55
Número de populações independentes: 3
Número de threads: 14
Trocar os melhores indivíduos a cada 40 gerações
Número máximo de gerações: 130
Número máximo de iterações sem melhora: 30
Número de swaps entre camadas = 10
Largura da faixa = 1
Melhor altura = 44

Lower Bound 1 = 44
Lower Bound 2 = 44
Avaliação = 1

Tempo de execução: 2s

---------------------------

Número de cromossomos: 44
Tamanho da população: 60
Fração elite: 0.3
Fração mutante: 0.7
Probabilidade herdar alelo elite: 0.6
Número de populações independentes: 2
Número de threads: 14
Trocar os melhores indivíduos a cada 100 gerações
Número máximo de gerações: 100

Número de cromossomos: 44
Tamanho da população: 60
Fração elite: 0.3
Fração mutante: 0.7
Probabilidade herdar alelo elite: 0.6
Número de populações independentes: 2
Número de threads: 14
Trocar os melhores indivíduos a cada 100 gerações
Número máximo de gerações: 100

Tamanho da população: 230
Fração elite: 0.15
Fração mutante: 0.2
Probabilidade herdar alelo elite: 0.55
Número de populações independentes: 3
Número de threads: 14
Trocar os melhores indivíduos a cada 40 gerações
Número máximo de gerações: 130
Número máximo de iterações sem melhora: 30
Número de swaps entre camadas = 10
Largura da faixa = 1
Melhor altura = 44

Lower Bound 1 = 44
Lower Bound 2 = 44
Avaliação = 1

Tempo de execução: 2s

---------------------------

Número de cromossomos: 44
Tamanho da população: 60
Fração elite: 0.3
Fração mutante: 0.7
Probabilidade herdar alelo elite: 0.6
Número de populações independentes: 2
Número de threads: 14
Trocar os melhores indivíduos a cada 100 gerações
Número máximo de gerações: 100

Número de cromossomos: 44
Tamanho da população: 60
Fração elite: 0.3
Fração mutante: 0.7
Probabilidade herdar alelo elite: 0.6
Número de populações independentes: 2
Número de threads: 14
Trocar os melhores indivíduos a cada 100 gerações
Número máximo de gerações: 100

Tamanho da população: 230
Fração elite: 0.15
Fração mutante: 0.2
Probabilidade herdar alelo elite: 0.55
Número de populações independentes: 3
Número de threads: 14
Trocar os melhores indivíduos a cada 40 gerações
Número máximo de gerações: 130
Número máximo de iterações sem melhora: 30
Número de swaps entre camadas = 10
Largura da faixa = 1
Melhor altura = 44

Lower Bound 1 = 44
Lower Bound 2 = 44
Avaliação = 1

Tempo de execução: 2s

---------------------------

Número de cromossomos: 44
Tamanho da população: 60
Fração elite: 0.3
Fração mutante: 0.7
Probabilidade herdar alelo elite: 0.6
Número de populações independentes: 2
Número de threads: 14
Trocar os melhores indivíduos a cada 100 gerações
Número máximo de gerações: 100

Número de cromossomos: 44
Tamanho da população: 60
Fração elite: 0.3
Fração mutante: 0.7
Probabilidade herdar alelo elite: 0.6
Número de populações independentes: 2
Número de threads: 14
Trocar os melhores indivíduos a cada 100 gerações
Número máximo de gerações: 100

Tamanho da população: 230
Fração elite: 0.15
Fração mutante: 0.2
Probabilidade herdar alelo elite: 0.55
Número de populações independentes: 3
Número de threads: 14
Trocar os melhores indivíduos a cada 40 gerações
Número máximo de gerações: 130
Número máximo de iterações sem melhora: 30
Número de swaps entre camadas = 10
Largura da faixa = 1
Melhor altura = 44

Lower Bound 1 = 44
Lower Bound 2 = 44
Avaliação = 1

Tempo de execução: 2s

---------------------------

Número de cromossomos: 44
Tamanho da população: 60
Fração elite: 0.3
Fração mutante: 0.7
Probabilidade herdar alelo elite: 0.6
Número de populações independentes: 2
Número de threads: 14
Trocar os melhores indivíduos a cada 100 gerações
Número máximo de gerações: 100

Número de cromossomos: 44
Tamanho da população: 60
Fração elite: 0.3
Fração mutante: 0.7
Probabilidade herdar alelo elite: 0.6
Número de populações independentes: 2
Número de threads: 14
Trocar os melhores indivíduos a cada 100 gerações
Número máximo de gerações: 100

Tamanho da população: 230
Fração elite: 0.15
Fração mutante: 0.2
Probabilidade herdar alelo elite: 0.55
Número de populações independentes: 3
Número de threads: 14
Trocar os melhores indivíduos a cada 40 gerações
Número máximo de gerações: 130
Número máximo de iterações sem melhora: 30
Número de swaps entre camadas = 10
Largura da faixa = 1
Melhor altura = 44

Lower Bound 1 = 44
Lower Bound 2 = 44
Avaliação = 1

Tempo de execução: 2s

---------------------------

Número de cromossomos: 44
Tamanho da população: 60
Fração elite: 0.3
Fração mutante: 0.7
Probabilidade herdar alelo elite: 0.6
Número de populações independentes: 2
Número de threads: 14
Trocar os melhores indivíduos a cada 100 gerações
Número máximo de gerações: 100

Número de cromossomos: 44
Tamanho da população: 60
Fração elite: 0.3
Fração mutante: 0.7
Probabilidade herdar alelo elite: 0.6
Número de populações independentes: 2
Número de threads: 14
Trocar os melhores indivíduos a cada 100 gerações
Número máximo de gerações: 100

Tamanho da população: 230
Fração elite: 0.15
Fração mutante: 0.2
Probabilidade herdar alelo elite: 0.55
Número de populações independentes: 3
Número de threads: 14
Trocar os melhores indivíduos a cada 40 gerações
Número máximo de gerações: 130
Número máximo de iterações sem melhora: 30
Número de swaps entre camadas = 10
Largura da faixa = 1
Melhor altura = 44

Lower Bound 1 = 44
Lower Bound 2 = 44
Avaliação = 1

Tempo de execução: 2s

---------------------------

Número de cromossomos: 44
Tamanho da população: 60
Fração elite: 0.3
Fração mutante: 0.7
Probabilidade herdar alelo elite: 0.6
Número de populações independentes: 2
Número de threads: 14
Trocar os melhores indivíduos a cada 100 gerações
Número máximo de gerações: 100

Número de cromossomos: 44
Tamanho da população: 60
Fração elite: 0.3
Fração mutante: 0.7
Probabilidade herdar alelo elite: 0.6
Número de populações independentes: 2
Número de threads: 14
Trocar os melhores indivíduos a cada 100 gerações
Número máximo de gerações: 100

Tamanho da população: 230
Fração elite: 0.15
Fração mutante: 0.2
Probabilidade herdar alelo elite: 0.55
Número de populações independentes: 3
Número de threads: 14
Trocar os melhores indivíduos a cada 40 gerações
Número máximo de gerações: 130
Número máximo de iterações sem melhora: 30
Número de swaps entre camadas = 10
Largura da faixa = 1
Melhor altura = 44

Lower Bound 1 = 44
Lower Bound 2 = 44
Avaliação = 1

Tempo de execução: 2s

---------------------------

Número de cromossomos: 44
Tamanho da população: 60
Fração elite: 0.3
Fração mutante: 0.7
Probabilidade herdar alelo elite: 0.6
Número de populações independentes: 2
Número de threads: 14
Trocar os melhores indivíduos a cada 100 gerações
Número máximo de gerações: 100

Número de cromossomos: 44
Tamanho da população: 60
Fração elite: 0.3
Fração mutante: 0.7
Probabilidade herdar alelo elite: 0.6
Número de populações independentes: 2
Número de threads: 14
Trocar os melhores indivíduos a cada 100 gerações
Número máximo de gerações: 100

Tamanho da população: 230
Fração elite: 0.15
Fração mutante: 0.2
Probabilidade herdar alelo elite: 0.55
Número de populações independentes: 3
Número de threads: 14
Trocar os melhores indivíduos a cada 40 gerações
Número máximo de gerações: 130
Número máximo de iterações sem melhora: 30
Número de swaps entre camadas = 10
Largura da faixa = 1
Melhor altura = 44

Lower Bound 1 = 44
Lower Bound 2 = 44
Avaliação = 1

Tempo de execução: 2s

---------------------------

Número de cromossomos: 44
Tamanho da população: 60
Fração elite: 0.3
Fração mutante: 0.7
Probabilidade herdar alelo elite: 0.6
Número de populações independentes: 2
Número de threads: 14
Trocar os melhores indivíduos a cada 100 gerações
Número máximo de gerações: 100

Número de cromossomos: 44
Tamanho da população: 60
Fração elite: 0.3
Fração mutante: 0.7
Probabilidade herdar alelo elite: 0.6
Número de populações independentes: 2
Número de threads: 14
Trocar os melhores indivíduos a cada 100 gerações
Número máximo de gerações: 100

Tamanho da população: 230
Fração elite: 0.15
Fração mutante: 0.2
Probabilidade herdar alelo elite: 0.55
Número de populações independentes: 3
Número de threads: 14
Trocar os melhores indivíduos a cada 40 gerações
Número máximo de gerações: 130
Número máximo de iterações sem melhora: 30
Número de swaps entre camadas = 10
Largura da faixa = 1
Melhor altura = 44

Lower Bound 1 = 44
Lower Bound 2 = 44
Avaliação = 1

Tempo de execução: 2s

---------------------------

Número de cromossomos: 44
Tamanho da população: 60
Fração elite: 0.3
Fração mutante: 0.7
Probabilidade herdar alelo elite: 0.6
Número de populações independentes: 2
Número de threads: 14
Trocar os melhores indivíduos a cada 100 gerações
Número máximo de gerações: 100

Número de cromossomos: 44
Tamanho da população: 60
Fração elite: 0.3
Fração mutante: 0.7
Probabilidade herdar alelo elite: 0.6
Número de populações independentes: 2
Número de threads: 14
Trocar os melhores indivíduos a cada 100 gerações
Número máximo de gerações: 100

Tamanho da população: 230
Fração elite: 0.15
Fração mutante: 0.2
Probabilidade herdar alelo elite: 0.55
Número de populações independentes: 3
Número de threads: 14
Trocar os melhores indivíduos a cada 40 gerações
Número máximo de gerações: 130
Número máximo de iterações sem melhora: 30
Número de swaps entre camadas = 10
Largura da faixa = 1
Melhor altura = 44

Lower Bound 1 = 44
Lower Bound 2 = 44
Avaliação = 1

Tempo de execução: 2s

---------------------------

Tamanho da população: 297
Fração elite: 0.55
Fração mutante: 0.0174
Probabilidade herdar alelo elite: 0.7678
Número de populações independentes: 1
Número de threads: 1
Trocar os melhores indivíduos a cada 30 gerações
Número máximo de gerações: 279

Largura da faixa = 1
Melhor altura = 44

Lower Bound 1 = 44
Lower Bound 2 = 44
Avaliação = 1

Tempo de execução: 1.03571s

---------------------------

Tamanho da população: 297
Fração elite: 0.55
Fração mutante: 0.0174
Probabilidade herdar alelo elite: 0.7678
Número de populações independentes: 1
Número de threads: 1
Trocar os melhores indivíduos a cada 30 gerações
Número máximo de gerações: 279

Largura da faixa = 1
Melhor altura = 44

Lower Bound 1 = 44
Lower Bound 2 = 44
Avaliação = 1

Tempo de execução: 1.04235s

---------------------------

Tamanho da população: 297
Fração elite: 0.55
Fração mutante: 0.0174
Probabilidade herdar alelo elite: 0.7678
Número de populações independentes: 1
Número de threads: 1
Trocar os melhores indivíduos a cada 30 gerações
Número máximo de gerações: 279

Largura da faixa = 1
Melhor altura = 44

Lower Bound 1 = 44
Lower Bound 2 = 44
Avaliação = 1

Tempo de execução: 1.04936s

---------------------------

Tamanho da população: 297
Fração elite: 0.55
Fração mutante: 0.0174
Probabilidade herdar alelo elite: 0.7678
Número de populações independentes: 1
Número de threads: 1
Trocar os melhores indivíduos a cada 30 gerações
Número máximo de gerações: 279

Largura da faixa = 1
Melhor altura = 44

Lower Bound 1 = 44
Lower Bound 2 = 44
Avaliação = 1

Tempo de execução: 1.03747s

---------------------------

Tamanho da população: 297
Fração elite: 0.55
Fração mutante: 0.0174
Probabilidade herdar alelo elite: 0.7678
Número de populações independentes: 1
Número de threads: 1
Trocar os melhores indivíduos a cada 30 gerações
Número máximo de gerações: 279

Largura da faixa = 1
Melhor altura = 44

Lower Bound 1 = 44
Lower Bound 2 = 44
Avaliação = 1

Tempo de execução: 1.04319s

---------------------------

Tamanho da população: 297
Fração elite: 0.55
Fração mutante: 0.0174
Probabilidade herdar alelo elite: 0.7678
Número de populações independentes: 1
Número de threads: 1
Trocar os melhores indivíduos a cada 30 gerações
Número máximo de gerações: 279

Largura da faixa = 1
Melhor altura = 44

Lower Bound 1 = 44
Lower Bound 2 = 44
Avaliação = 1

Tempo de execução: 1.04454s

---------------------------

Tamanho da população: 297
Fração elite: 0.55
Fração mutante: 0.0174
Probabilidade herdar alelo elite: 0.7678
Número de populações independentes: 1
Número de threads: 1
Trocar os melhores indivíduos a cada 30 gerações
Número máximo de gerações: 279

Largura da faixa = 1
Melhor altura = 44

Lower Bound 1 = 44
Lower Bound 2 = 44
Avaliação = 1

Tempo de execução: 1.03137s

---------------------------

Tamanho da população: 297
Fração elite: 0.55
Fração mutante: 0.0174
Probabilidade herdar alelo elite: 0.7678
Número de populações independentes: 1
Número de threads: 1
Trocar os melhores indivíduos a cada 30 gerações
Número máximo de gerações: 279

Largura da faixa = 1
Melhor altura = 44

Lower Bound 1 = 44
Lower Bound 2 = 44
Avaliação = 1

Tempo de execução: 1.04465s

---------------------------

Tamanho da população: 297
Fração elite: 0.55
Fração mutante: 0.0174
Probabilidade herdar alelo elite: 0.7678
Número de populações independentes: 1
Número de threads: 1
Trocar os melhores indivíduos a cada 30 gerações
Número máximo de gerações: 279

Largura da faixa = 1
Melhor altura = 44

Lower Bound 1 = 44
Lower Bound 2 = 44
Avaliação = 1

Tempo de execução: 1.05744s

---------------------------

Tamanho da população: 297
Fração elite: 0.55
Fração mutante: 0.0174
Probabilidade herdar alelo elite: 0.7678
Número de populações independentes: 1
Número de threads: 1
Trocar os melhores indivíduos a cada 30 gerações
Número máximo de gerações: 279

Largura da faixa = 1
Melhor altura = 44

Lower Bound 1 = 44
Lower Bound 2 = 44
Avaliação = 1

Tempo de execução: 1.02314s

---------------------------

Tamanho da população: 297
Fração elite: 0.55
Fração mutante: 0.0174
Probabilidade herdar alelo elite: 0.7678
Número de populações independentes: 1
Número de threads: 1
Trocar os melhores indivíduos a cada 30 gerações
Número máximo de gerações: 279

Largura da faixa = 1
Melhor altura = 44

Lower Bound 1 = 44
Lower Bound 2 = 44
Avaliação = 1

Tempo de execução: 1.02396s

---------------------------

Tamanho da população: 297
Fração elite: 0.55
Fração mutante: 0.0174
Probabilidade herdar alelo elite: 0.7678
Número de populações independentes: 1
Número de threads: 1
Trocar os melhores indivíduos a cada 30 gerações
Número máximo de gerações: 279

Largura da faixa = 1
Melhor altura = 44

Lower Bound 1 = 44
Lower Bound 2 = 44
Avaliação = 1

Tempo de execução: 1.03732s

---------------------------

Tamanho da população: 297
Fração elite: 0.55
Fração mutante: 0.0174
Probabilidade herdar alelo elite: 0.7678
Número de populações independentes: 1
Número de threads: 1
Trocar os melhores indivíduos a cada 30 gerações
Número máximo de gerações: 279

Largura da faixa = 1
Melhor altura = 44

Lower Bound 1 = 44
Lower Bound 2 = 44
Avaliação = 1

Tempo de execução: 1.02381s

---------------------------

Tamanho da população: 297
Fração elite: 0.55
Fração mutante: 0.0174
Probabilidade herdar alelo elite: 0.7678
Número de populações independentes: 1
Número de threads: 1
Trocar os melhores indivíduos a cada 30 gerações
Número máximo de gerações: 279

Largura da faixa = 1
Melhor altura = 44

Lower Bound 1 = 44
Lower Bound 2 = 44
Avaliação = 1

Tempo de execução: 1.03908s

---------------------------

Tamanho da população: 297
Fração elite: 0.55
Fração mutante: 0.0174
Probabilidade herdar alelo elite: 0.7678
Número de populações independentes: 1
Número de threads: 1
Trocar os melhores indivíduos a cada 30 gerações
Número máximo de gerações: 279

Largura da faixa = 1
Melhor altura = 44

Lower Bound 1 = 44
Lower Bound 2 = 44
Avaliação = 1

Tempo de execução: 1.0442s

---------------------------

Tamanho da população: 297
Fração elite: 0.55
Fração mutante: 0.0174
Probabilidade herdar alelo elite: 0.7678
Número de populações independentes: 1
Número de threads: 1
Trocar os melhores indivíduos a cada 30 gerações
Número máximo de gerações: 279

Largura da faixa = 1
Melhor altura = 44

Lower Bound 1 = 44
Lower Bound 2 = 44
Avaliação = 1

Tempo de execução: 0.586584s

---------------------------

Tamanho da população: 297
Fração elite: 0.55
Fração mutante: 0.0174
Probabilidade herdar alelo elite: 0.7678
Número de populações independentes: 1
Número de threads: 1
Trocar os melhores indivíduos a cada 30 gerações
Número máximo de gerações: 279

Largura da faixa = 1
Melhor altura = 44

Lower Bound 1 = 44
Lower Bound 2 = 44
Avaliação = 1

Tempo de execução: 1.02101s

---------------------------

Tamanho da população: 297
Fração elite: 0.55
Fração mutante: 0.0174
Probabilidade herdar alelo elite: 0.7678
Número de populações independentes: 1
Número de threads: 1
Trocar os melhores indivíduos a cada 30 gerações
Número máximo de gerações: 279

Largura da faixa = 1
Melhor altura = 44

Lower Bound 1 = 44
Lower Bound 2 = 44
Avaliação = 1

Tempo de execução: 1.04133s

---------------------------

Tamanho da população: 297
Fração elite: 0.55
Fração mutante: 0.0174
Probabilidade herdar alelo elite: 0.7678
Número de populações independentes: 1
Número de threads: 1
Trocar os melhores indivíduos a cada 30 gerações
Número máximo de gerações: 279

Largura da faixa = 1
Melhor altura = 44

Lower Bound 1 = 44
Lower Bound 2 = 44
Avaliação = 1

Tempo de execução: 1.02466s

---------------------------

Tamanho da população: 297
Fração elite: 0.55
Fração mutante: 0.0174
Probabilidade herdar alelo elite: 0.7678
Número de populações independentes: 1
Número de threads: 1
Trocar os melhores indivíduos a cada 30 gerações
Número máximo de gerações: 279

Largura da faixa = 1
Melhor altura = 44

Lower Bound 1 = 44
Lower Bound 2 = 44
Avaliação = 1

Tempo de execução: 1.03297s

---------------------------

Tamanho da população: 392
Fração elite: 0.2567
Fração mutante: 0.0202
Probabilidade herdar alelo elite: 0.6001
Número de populações independentes: 1
Número de threads: 1
Número máximo de gerações: 364

Largura da faixa = 1
Melhor altura = 44

Lower Bound 1 = 44
Lower Bound 2 = 44
Avaliação = 1

Tempo de execução: 1.0507s

---------------------------

Tamanho da população: 392
Fração elite: 0.2567
Fração mutante: 0.0202
Probabilidade herdar alelo elite: 0.6001
Número de populações independentes: 1
Número de threads: 1
Número máximo de gerações: 364

Largura da faixa = 1
Melhor altura = 44

Lower Bound 1 = 44
Lower Bound 2 = 44
Avaliação = 1

Tempo de execução: 1.05107s

---------------------------

Tamanho da população: 392
Fração elite: 0.2567
Fração mutante: 0.0202
Probabilidade herdar alelo elite: 0.6001
Número de populações independentes: 1
Número de threads: 1
Número máximo de gerações: 364

Largura da faixa = 1
Melhor altura = 44

Lower Bound 1 = 44
Lower Bound 2 = 44
Avaliação = 1

Tempo de execução: 1.0691s

---------------------------

Tamanho da população: 392
Fração elite: 0.2567
Fração mutante: 0.0202
Probabilidade herdar alelo elite: 0.6001
Número de populações independentes: 1
Número de threads: 1
Número máximo de gerações: 364

Largura da faixa = 1
Melhor altura = 44

Lower Bound 1 = 44
Lower Bound 2 = 44
Avaliação = 1

Tempo de execução: 1.04985s

---------------------------

Tamanho da população: 392
Fração elite: 0.2567
Fração mutante: 0.0202
Probabilidade herdar alelo elite: 0.6001
Número de populações independentes: 1
Número de threads: 1
Número máximo de gerações: 364

Largura da faixa = 1
Melhor altura = 44

Lower Bound 1 = 44
Lower Bound 2 = 44
Avaliação = 1

Tempo de execução: 1.05136s

---------------------------

Tamanho da população: 392
Fração elite: 0.2567
Fração mutante: 0.0202
Probabilidade herdar alelo elite: 0.6001
Número de populações independentes: 1
Número de threads: 1
Número máximo de gerações: 364

Largura da faixa = 1
Melhor altura = 44

Lower Bound 1 = 44
Lower Bound 2 = 44
Avaliação = 1

Tempo de execução: 1.05779s

---------------------------

Tamanho da população: 392
Fração elite: 0.2567
Fração mutante: 0.0202
Probabilidade herdar alelo elite: 0.6001
Número de populações independentes: 1
Número de threads: 1
Número máximo de gerações: 364

Largura da faixa = 1
Melhor altura = 44

Lower Bound 1 = 44
Lower Bound 2 = 44
Avaliação = 1

Tempo de execução: 1.05212s

---------------------------

Tamanho da população: 392
Fração elite: 0.2567
Fração mutante: 0.0202
Probabilidade herdar alelo elite: 0.6001
Número de populações independentes: 1
Número de threads: 1
Número máximo de gerações: 364

Largura da faixa = 1
Melhor altura = 44

Lower Bound 1 = 44
Lower Bound 2 = 44
Avaliação = 1

Tempo de execução: 1.05564s

---------------------------

Tamanho da população: 392
Fração elite: 0.2567
Fração mutante: 0.0202
Probabilidade herdar alelo elite: 0.6001
Número de populações independentes: 1
Número de threads: 1
Número máximo de gerações: 364

Largura da faixa = 1
Melhor altura = 44

Lower Bound 1 = 44
Lower Bound 2 = 44
Avaliação = 1

Tempo de execução: 1.07974s

---------------------------

Tamanho da população: 392
Fração elite: 0.2567
Fração mutante: 0.0202
Probabilidade herdar alelo elite: 0.6001
Número de populações independentes: 1
Número de threads: 1
Número máximo de gerações: 364

Largura da faixa = 1
Melhor altura = 44

Lower Bound 1 = 44
Lower Bound 2 = 44
Avaliação = 1

Tempo de execução: 1.04001s

---------------------------

Tamanho da população: 392
Fração elite: 0.2567
Fração mutante: 0.0202
Probabilidade herdar alelo elite: 0.6001
Número de populações independentes: 1
Número de threads: 1
Número máximo de gerações: 364

Largura da faixa = 1
Melhor altura = 44

Lower Bound 1 = 44
Lower Bound 2 = 44
Avaliação = 1

Tempo de execução: 1.04633s

---------------------------

Tamanho da população: 392
Fração elite: 0.2567
Fração mutante: 0.0202
Probabilidade herdar alelo elite: 0.6001
Número de populações independentes: 1
Número de threads: 1
Número máximo de gerações: 364

Largura da faixa = 1
Melhor altura = 44

Lower Bound 1 = 44
Lower Bound 2 = 44
Avaliação = 1

Tempo de execução: 1.049s

---------------------------

Tamanho da população: 392
Fração elite: 0.2567
Fração mutante: 0.0202
Probabilidade herdar alelo elite: 0.6001
Número de populações independentes: 1
Número de threads: 1
Número máximo de gerações: 364

Largura da faixa = 1
Melhor altura = 44

Lower Bound 1 = 44
Lower Bound 2 = 44
Avaliação = 1

Tempo de execução: 1.05269s

---------------------------

Tamanho da população: 392
Fração elite: 0.2567
Fração mutante: 0.0202
Probabilidade herdar alelo elite: 0.6001
Número de populações independentes: 1
Número de threads: 1
Número máximo de gerações: 364

Largura da faixa = 1
Melhor altura = 44

Lower Bound 1 = 44
Lower Bound 2 = 44
Avaliação = 1

Tempo de execução: 1.0529s

---------------------------

Tamanho da população: 392
Fração elite: 0.2567
Fração mutante: 0.0202
Probabilidade herdar alelo elite: 0.6001
Número de populações independentes: 1
Número de threads: 1
Número máximo de gerações: 364

Largura da faixa = 1
Melhor altura = 44

Lower Bound 1 = 44
Lower Bound 2 = 44
Avaliação = 1

Tempo de execução: 1.05456s

---------------------------

Tamanho da população: 392
Fração elite: 0.2567
Fração mutante: 0.0202
Probabilidade herdar alelo elite: 0.6001
Número de populações independentes: 1
Número de threads: 1
Número máximo de gerações: 364

Largura da faixa = 1
Melhor altura = 44

Lower Bound 1 = 44
Lower Bound 2 = 44
Avaliação = 1

Tempo de execução: 1.04137s

---------------------------

Tamanho da população: 392
Fração elite: 0.2567
Fração mutante: 0.0202
Probabilidade herdar alelo elite: 0.6001
Número de populações independentes: 1
Número de threads: 1
Número máximo de gerações: 364

Largura da faixa = 1
Melhor altura = 44

Lower Bound 1 = 44
Lower Bound 2 = 44
Avaliação = 1

Tempo de execução: 1.04815s

---------------------------

Tamanho da população: 392
Fração elite: 0.2567
Fração mutante: 0.0202
Probabilidade herdar alelo elite: 0.6001
Número de populações independentes: 1
Número de threads: 1
Número máximo de gerações: 364

Largura da faixa = 1
Melhor altura = 44

Lower Bound 1 = 44
Lower Bound 2 = 44
Avaliação = 1

Tempo de execução: 1.05843s

---------------------------

Tamanho da população: 392
Fração elite: 0.2567
Fração mutante: 0.0202
Probabilidade herdar alelo elite: 0.6001
Número de populações independentes: 1
Número de threads: 1
Número máximo de gerações: 364

Largura da faixa = 1
Melhor altura = 44

Lower Bound 1 = 44
Lower Bound 2 = 44
Avaliação = 1

Tempo de execução: 1.0335s

---------------------------

Tamanho da população: 392
Fração elite: 0.2567
Fração mutante: 0.0202
Probabilidade herdar alelo elite: 0.6001
Número de populações independentes: 1
Número de threads: 1
Número máximo de gerações: 364

Largura da faixa = 1
Melhor altura = 44

Lower Bound 1 = 44
Lower Bound 2 = 44
Avaliação = 1

Tempo de execução: 1.0427s

---------------------------

