Tamanho da população: 475
Fração elite: 0.2121
Fração mutante: 0.0442
Probabilidade herdar alelo elite: 0.6514
Número de populações independentes: 3
Troca de informação de 4 individuos a cada 241 gerações
Número de threads: 1

Largura da faixa = 34
Melhor altura = 219

Lower Bound 1 = 200
Lower Bound 2 = 34
Avaliação = 1.095

Tempo de execução: 60.0075s

---------------------------

Tamanho da população: 475
Fração elite: 0.2121
Fração mutante: 0.0442
Probabilidade herdar alelo elite: 0.6514
Número de populações independentes: 3
Troca de informação de 4 individuos a cada 241 gerações
Número de threads: 1

Largura da faixa = 34
Melhor altura = 220

Lower Bound 1 = 200
Lower Bound 2 = 34
Avaliação = 1.1

Tempo de execução: 60.0553s

---------------------------

Tamanho da população: 475
Fração elite: 0.2121
Fração mutante: 0.0442
Probabilidade herdar alelo elite: 0.6514
Número de populações independentes: 3
Troca de informação de 4 individuos a cada 241 gerações
Número de threads: 1

Largura da faixa = 34
Melhor altura = 221

Lower Bound 1 = 200
Lower Bound 2 = 34
Avaliação = 1.105

Tempo de execução: 60.0892s

---------------------------

Tamanho da população: 475
Fração elite: 0.2121
Fração mutante: 0.0442
Probabilidade herdar alelo elite: 0.6514
Número de populações independentes: 3
Troca de informação de 4 individuos a cada 241 gerações
Número de threads: 1

Largura da faixa = 34
Melhor altura = 222

Lower Bound 1 = 200
Lower Bound 2 = 34
Avaliação = 1.11

Tempo de execução: 60.0014s

---------------------------

Tamanho da população: 475
Fração elite: 0.2121
Fração mutante: 0.0442
Probabilidade herdar alelo elite: 0.6514
Número de populações independentes: 3
Troca de informação de 4 individuos a cada 241 gerações
Número de threads: 1

Largura da faixa = 34
Melhor altura = 225

Lower Bound 1 = 200
Lower Bound 2 = 34
Avaliação = 1.125

Tempo de execução: 60.0684s

---------------------------

Tamanho da população: 475
Fração elite: 0.2121
Fração mutante: 0.0442
Probabilidade herdar alelo elite: 0.6514
Número de populações independentes: 3
Troca de informação de 4 individuos a cada 241 gerações
Número de threads: 1

Largura da faixa = 34
Melhor altura = 224

Lower Bound 1 = 200
Lower Bound 2 = 34
Avaliação = 1.12

Tempo de execução: 60.1038s

---------------------------

Tamanho da população: 475
Fração elite: 0.2121
Fração mutante: 0.0442
Probabilidade herdar alelo elite: 0.6514
Número de populações independentes: 3
Troca de informação de 4 individuos a cada 241 gerações
Número de threads: 1

Largura da faixa = 34
Melhor altura = 225

Lower Bound 1 = 200
Lower Bound 2 = 34
Avaliação = 1.125

Tempo de execução: 60.0454s

---------------------------

Tamanho da população: 475
Fração elite: 0.2121
Fração mutante: 0.0442
Probabilidade herdar alelo elite: 0.6514
Número de populações independentes: 3
Troca de informação de 4 individuos a cada 241 gerações
Número de threads: 1

Largura da faixa = 34
Melhor altura = 223

Lower Bound 1 = 200
Lower Bound 2 = 34
Avaliação = 1.115

Tempo de execução: 60.08s

---------------------------

Tamanho da população: 475
Fração elite: 0.2121
Fração mutante: 0.0442
Probabilidade herdar alelo elite: 0.6514
Número de populações independentes: 3
Troca de informação de 4 individuos a cada 241 gerações
Número de threads: 1

Largura da faixa = 34
Melhor altura = 221

Lower Bound 1 = 200
Lower Bound 2 = 34
Avaliação = 1.105

Tempo de execução: 60.1039s

---------------------------

Tamanho da população: 475
Fração elite: 0.2121
Fração mutante: 0.0442
Probabilidade herdar alelo elite: 0.6514
Número de populações independentes: 3
Troca de informação de 4 individuos a cada 241 gerações
Número de threads: 1

Largura da faixa = 34
Melhor altura = 220

Lower Bound 1 = 200
Lower Bound 2 = 34
Avaliação = 1.1

Tempo de execução: 60.0345s

---------------------------

Tamanho da população: 475
Fração elite: 0.2121
Fração mutante: 0.0442
Probabilidade herdar alelo elite: 0.6514
Número de populações independentes: 3
Troca de informação de 4 individuos a cada 241 gerações
Número de threads: 1

Largura da faixa = 34
Melhor altura = 223

Lower Bound 1 = 200
Lower Bound 2 = 34
Avaliação = 1.115

Tempo de execução: 60.0425s

---------------------------

Tamanho da população: 475
Fração elite: 0.2121
Fração mutante: 0.0442
Probabilidade herdar alelo elite: 0.6514
Número de populações independentes: 3
Troca de informação de 4 individuos a cada 241 gerações
Número de threads: 1

Largura da faixa = 34
Melhor altura = 225

Lower Bound 1 = 200
Lower Bound 2 = 34
Avaliação = 1.125

Tempo de execução: 60.0846s

---------------------------

Tamanho da população: 475
Fração elite: 0.2121
Fração mutante: 0.0442
Probabilidade herdar alelo elite: 0.6514
Número de populações independentes: 3
Troca de informação de 4 individuos a cada 241 gerações
Número de threads: 1

Largura da faixa = 34
Melhor altura = 221

Lower Bound 1 = 200
Lower Bound 2 = 34
Avaliação = 1.105

Tempo de execução: 60.0089s

---------------------------

Tamanho da população: 475
Fração elite: 0.2121
Fração mutante: 0.0442
Probabilidade herdar alelo elite: 0.6514
Número de populações independentes: 3
Troca de informação de 4 individuos a cada 241 gerações
Número de threads: 1

Largura da faixa = 34
Melhor altura = 222

Lower Bound 1 = 200
Lower Bound 2 = 34
Avaliação = 1.11

Tempo de execução: 60.0447s

---------------------------

Tamanho da população: 475
Fração elite: 0.2121
Fração mutante: 0.0442
Probabilidade herdar alelo elite: 0.6514
Número de populações independentes: 3
Troca de informação de 4 individuos a cada 241 gerações
Número de threads: 1

Largura da faixa = 34
Melhor altura = 222

Lower Bound 1 = 200
Lower Bound 2 = 34
Avaliação = 1.11

Tempo de execução: 60.0974s

---------------------------

Tamanho da população: 475
Fração elite: 0.2121
Fração mutante: 0.0442
Probabilidade herdar alelo elite: 0.6514
Número de populações independentes: 3
Troca de informação de 4 individuos a cada 241 gerações
Número de threads: 1

Largura da faixa = 34
Melhor altura = 222

Lower Bound 1 = 200
Lower Bound 2 = 34
Avaliação = 1.11

Tempo de execução: 60.0208s

---------------------------

Tamanho da população: 475
Fração elite: 0.2121
Fração mutante: 0.0442
Probabilidade herdar alelo elite: 0.6514
Número de populações independentes: 3
Troca de informação de 4 individuos a cada 241 gerações
Número de threads: 1

Largura da faixa = 34
Melhor altura = 220

Lower Bound 1 = 200
Lower Bound 2 = 34
Avaliação = 1.1

Tempo de execução: 60.0219s

---------------------------

Tamanho da população: 475
Fração elite: 0.2121
Fração mutante: 0.0442
Probabilidade herdar alelo elite: 0.6514
Número de populações independentes: 3
Troca de informação de 4 individuos a cada 241 gerações
Número de threads: 1

Largura da faixa = 34
Melhor altura = 221

Lower Bound 1 = 200
Lower Bound 2 = 34
Avaliação = 1.105

Tempo de execução: 60.0523s

---------------------------

Tamanho da população: 475
Fração elite: 0.2121
Fração mutante: 0.0442
Probabilidade herdar alelo elite: 0.6514
Número de populações independentes: 3
Troca de informação de 4 individuos a cada 241 gerações
Número de threads: 1

Largura da faixa = 34
Melhor altura = 226

Lower Bound 1 = 200
Lower Bound 2 = 34
Avaliação = 1.13

Tempo de execução: 60.0188s

---------------------------

Tamanho da população: 475
Fração elite: 0.2121
Fração mutante: 0.0442
Probabilidade herdar alelo elite: 0.6514
Número de populações independentes: 3
Troca de informação de 4 individuos a cada 241 gerações
Número de threads: 1

Largura da faixa = 34
Melhor altura = 222

Lower Bound 1 = 200
Lower Bound 2 = 34
Avaliação = 1.11

Tempo de execução: 60.0347s
