Número de cromossomos: 155
Tamanho da população: 1000
Fração elite: 0.3
Fração mutante: 0.4
Probabilidade herdar alelo elite: 0.8
Número de populações independentes: 3
Número de threads: 2
Melhor até agora: 578 Geração: 0
Melhor até agora: 576 Geração: 1
Melhor até agora: 570 Geração: 2
Melhor até agora: 569 Geração: 4
Melhor até agora: 565 Geração: 5
Melhor até agora: 564 Geração: 7
Melhor até agora: 554 Geração: 9
Melhor até agora: 551 Geração: 26
Melhor até agora: 550 Geração: 29
Melhor até agora: 549 Geração: 31
Melhor até agora: 548 Geração: 34
Largura da faixa = 31
Melhor altura = 548

Lower Bound 1 = 341
Lower Bound 2 = 31
Avaliação = 1.60704
Tempo de execução: 41633ms

---------------------------

