Tamanho da população: 475
Fração elite: 0.2121
Fração mutante: 0.0442
Probabilidade herdar alelo elite: 0.6514
Número de populações independentes: 3
Troca de informação de 4 individuos a cada 241 gerações
Número de threads: 1

Largura da faixa = 1
Melhor altura = 21

Lower Bound 1 = 21
Lower Bound 2 = 21
Avaliação = 1

Tempo de execução: 60.0002s

---------------------------

Tamanho da população: 475
Fração elite: 0.2121
Fração mutante: 0.0442
Probabilidade herdar alelo elite: 0.6514
Número de populações independentes: 3
Troca de informação de 4 individuos a cada 241 gerações
Número de threads: 1

Largura da faixa = 1
Melhor altura = 21

Lower Bound 1 = 21
Lower Bound 2 = 21
Avaliação = 1

Tempo de execução: 60.0019s

---------------------------

Tamanho da população: 475
Fração elite: 0.2121
Fração mutante: 0.0442
Probabilidade herdar alelo elite: 0.6514
Número de populações independentes: 3
Troca de informação de 4 individuos a cada 241 gerações
Número de threads: 1

Largura da faixa = 1
Melhor altura = 21

Lower Bound 1 = 21
Lower Bound 2 = 21
Avaliação = 1

Tempo de execução: 60.0021s

---------------------------

Tamanho da população: 475
Fração elite: 0.2121
Fração mutante: 0.0442
Probabilidade herdar alelo elite: 0.6514
Número de populações independentes: 3
Troca de informação de 4 individuos a cada 241 gerações
Número de threads: 1

Largura da faixa = 1
Melhor altura = 21

Lower Bound 1 = 21
Lower Bound 2 = 21
Avaliação = 1

Tempo de execução: 60.0013s

---------------------------

Tamanho da população: 475
Fração elite: 0.2121
Fração mutante: 0.0442
Probabilidade herdar alelo elite: 0.6514
Número de populações independentes: 3
Troca de informação de 4 individuos a cada 241 gerações
Número de threads: 1

Largura da faixa = 1
Melhor altura = 21

Lower Bound 1 = 21
Lower Bound 2 = 21
Avaliação = 1

Tempo de execução: 60.0013s

---------------------------

Tamanho da população: 475
Fração elite: 0.2121
Fração mutante: 0.0442
Probabilidade herdar alelo elite: 0.6514
Número de populações independentes: 3
Troca de informação de 4 individuos a cada 241 gerações
Número de threads: 1

Largura da faixa = 1
Melhor altura = 21

Lower Bound 1 = 21
Lower Bound 2 = 21
Avaliação = 1

Tempo de execução: 60.0038s

---------------------------

Tamanho da população: 475
Fração elite: 0.2121
Fração mutante: 0.0442
Probabilidade herdar alelo elite: 0.6514
Número de populações independentes: 3
Troca de informação de 4 individuos a cada 241 gerações
Número de threads: 1

Largura da faixa = 1
Melhor altura = 21

Lower Bound 1 = 21
Lower Bound 2 = 21
Avaliação = 1

Tempo de execução: 60.0016s

---------------------------

Tamanho da população: 475
Fração elite: 0.2121
Fração mutante: 0.0442
Probabilidade herdar alelo elite: 0.6514
Número de populações independentes: 3
Troca de informação de 4 individuos a cada 241 gerações
Número de threads: 1

Largura da faixa = 1
Melhor altura = 21

Lower Bound 1 = 21
Lower Bound 2 = 21
Avaliação = 1

Tempo de execução: 60.0025s

---------------------------

Tamanho da população: 475
Fração elite: 0.2121
Fração mutante: 0.0442
Probabilidade herdar alelo elite: 0.6514
Número de populações independentes: 3
Troca de informação de 4 individuos a cada 241 gerações
Número de threads: 1

Largura da faixa = 1
Melhor altura = 21

Lower Bound 1 = 21
Lower Bound 2 = 21
Avaliação = 1

Tempo de execução: 60.0031s

---------------------------

Tamanho da população: 475
Fração elite: 0.2121
Fração mutante: 0.0442
Probabilidade herdar alelo elite: 0.6514
Número de populações independentes: 3
Troca de informação de 4 individuos a cada 241 gerações
Número de threads: 1

Largura da faixa = 1
Melhor altura = 21

Lower Bound 1 = 21
Lower Bound 2 = 21
Avaliação = 1

Tempo de execução: 60.0003s

---------------------------

Tamanho da população: 475
Fração elite: 0.2121
Fração mutante: 0.0442
Probabilidade herdar alelo elite: 0.6514
Número de populações independentes: 3
Troca de informação de 4 individuos a cada 241 gerações
Número de threads: 1

Largura da faixa = 1
Melhor altura = 21

Lower Bound 1 = 21
Lower Bound 2 = 21
Avaliação = 1

Tempo de execução: 60.0013s

---------------------------

Tamanho da população: 475
Fração elite: 0.2121
Fração mutante: 0.0442
Probabilidade herdar alelo elite: 0.6514
Número de populações independentes: 3
Troca de informação de 4 individuos a cada 241 gerações
Número de threads: 1

Largura da faixa = 1
Melhor altura = 21

Lower Bound 1 = 21
Lower Bound 2 = 21
Avaliação = 1

Tempo de execução: 60.0025s

---------------------------

Tamanho da população: 475
Fração elite: 0.2121
Fração mutante: 0.0442
Probabilidade herdar alelo elite: 0.6514
Número de populações independentes: 3
Troca de informação de 4 individuos a cada 241 gerações
Número de threads: 1

Largura da faixa = 1
Melhor altura = 21

Lower Bound 1 = 21
Lower Bound 2 = 21
Avaliação = 1

Tempo de execução: 60.0014s

---------------------------

Tamanho da população: 475
Fração elite: 0.2121
Fração mutante: 0.0442
Probabilidade herdar alelo elite: 0.6514
Número de populações independentes: 3
Troca de informação de 4 individuos a cada 241 gerações
Número de threads: 1

Largura da faixa = 1
Melhor altura = 21

Lower Bound 1 = 21
Lower Bound 2 = 21
Avaliação = 1

Tempo de execução: 60.0032s

---------------------------

Tamanho da população: 475
Fração elite: 0.2121
Fração mutante: 0.0442
Probabilidade herdar alelo elite: 0.6514
Número de populações independentes: 3
Troca de informação de 4 individuos a cada 241 gerações
Número de threads: 1

Largura da faixa = 1
Melhor altura = 21

Lower Bound 1 = 21
Lower Bound 2 = 21
Avaliação = 1

Tempo de execução: 60.0048s

---------------------------

Tamanho da população: 475
Fração elite: 0.2121
Fração mutante: 0.0442
Probabilidade herdar alelo elite: 0.6514
Número de populações independentes: 3
Troca de informação de 4 individuos a cada 241 gerações
Número de threads: 1

Largura da faixa = 1
Melhor altura = 21

Lower Bound 1 = 21
Lower Bound 2 = 21
Avaliação = 1

Tempo de execução: 60.0007s

---------------------------

Tamanho da população: 475
Fração elite: 0.2121
Fração mutante: 0.0442
Probabilidade herdar alelo elite: 0.6514
Número de populações independentes: 3
Troca de informação de 4 individuos a cada 241 gerações
Número de threads: 1

Largura da faixa = 1
Melhor altura = 21

Lower Bound 1 = 21
Lower Bound 2 = 21
Avaliação = 1

Tempo de execução: 60.0024s

---------------------------

Tamanho da população: 475
Fração elite: 0.2121
Fração mutante: 0.0442
Probabilidade herdar alelo elite: 0.6514
Número de populações independentes: 3
Troca de informação de 4 individuos a cada 241 gerações
Número de threads: 1

Largura da faixa = 1
Melhor altura = 21

Lower Bound 1 = 21
Lower Bound 2 = 21
Avaliação = 1

Tempo de execução: 60.0032s

---------------------------

Tamanho da população: 475
Fração elite: 0.2121
Fração mutante: 0.0442
Probabilidade herdar alelo elite: 0.6514
Número de populações independentes: 3
Troca de informação de 4 individuos a cada 241 gerações
Número de threads: 1

Largura da faixa = 1
Melhor altura = 21

Lower Bound 1 = 21
Lower Bound 2 = 21
Avaliação = 1

Tempo de execução: 60.0013s

---------------------------

Tamanho da população: 475
Fração elite: 0.2121
Fração mutante: 0.0442
Probabilidade herdar alelo elite: 0.6514
Número de populações independentes: 3
Troca de informação de 4 individuos a cada 241 gerações
Número de threads: 1

Largura da faixa = 1
Melhor altura = 21

Lower Bound 1 = 21
Lower Bound 2 = 21
Avaliação = 1

Tempo de execução: 60.0031s
