Número de cromossomos: 499
Tamanho da população: 1000
Fração elite: 0.3
Fração mutante: 0.4
Probabilidade herdar alelo elite: 0.8
Número de populações independentes: 3
Número de threads: 2
Melhor até agora: 1592 Geração: 0
Melhor até agora: 1577 Geração: 1
Melhor até agora: 1565 Geração: 2
Melhor até agora: 1562 Geração: 3
Melhor até agora: 1546 Geração: 6
Melhor até agora: 1542 Geração: 7
Melhor até agora: 1525 Geração: 9
Melhor até agora: 1508 Geração: 12
Melhor até agora: 1503 Geração: 24
Melhor até agora: 1494 Geração: 25
Melhor até agora: 1486 Geração: 27
Melhor até agora: 1478 Geração: 35
Melhor até agora: 1476 Geração: 38
Melhor até agora: 1473 Geração: 44
Melhor até agora: 1465 Geração: 46
Melhor até agora: 1458 Geração: 47
Melhor até agora: 1450 Geração: 58
Melhor até agora: 1444 Geração: 64
Melhor até agora: 1442 Geração: 71
Melhor até agora: 1440 Geração: 77
Melhor até agora: 1438 Geração: 87
Melhor até agora: 1433 Geração: 94
Melhor até agora: 1428 Geração: 95
Largura da faixa = 32
Melhor altura = 1428

Lower Bound 1 = 889
Lower Bound 2 = 32
Avaliação = 1.6063
Tempo de execução: 145940ms

---------------------------

