Número de cromossomos: 402
Tamanho da população: 60
Fração elite: 0.3
Fração mutante: 0.7
Probabilidade herdar alelo elite: 0.6
Número de populações independentes: 2
Número de threads: 14
Trocar os melhores indivíduos a cada 100 gerações
Número máximo de gerações: 100

Número de cromossomos: 402
Tamanho da população: 60
Fração elite: 0.3
Fração mutante: 0.7
Probabilidade herdar alelo elite: 0.6
Número de populações independentes: 2
Número de threads: 14
Trocar os melhores indivíduos a cada 100 gerações
Número máximo de gerações: 100

Tamanho da população: 230
Fração elite: 0.15
Fração mutante: 0.2
Probabilidade herdar alelo elite: 0.55
Número de populações independentes: 3
Número de threads: 14
Trocar os melhores indivíduos a cada 40 gerações
Número máximo de gerações: 130
Número máximo de iterações sem melhora: 30
Melhor até agora: 1029 Geração: 11
Iteração: 0
Melhor até agora: 1024 Geração: 13
Iteração: 0
Melhor até agora: 1023 Geração: 23
Iteração: 1
Melhor até agora: 1022 Geração: 12
Iteração: 2
Melhor até agora: 1019 Geração: 15
Iteração: 3
Melhor até agora: 1015 Geração: 18
Iteração: 3
Melhor até agora: 1008 Geração: 19
Iteração: 5
Melhor até agora: 1007 Geração: 12
Iteração: 8
Melhor até agora: 1006 Geração: 15
Iteração: 8
Número de swaps entre camadas = 10
Largura da faixa = 32
Melhor altura = 1006

Lower Bound 1 = 851
Lower Bound 2 = 32
Avaliação = 1.18214

Tempo de execução: 89s

---------------------------

Número de cromossomos: 402
Tamanho da população: 60
Fração elite: 0.3
Fração mutante: 0.7
Probabilidade herdar alelo elite: 0.6
Número de populações independentes: 2
Número de threads: 14
Trocar os melhores indivíduos a cada 100 gerações
Número máximo de gerações: 100

Número de cromossomos: 402
Tamanho da população: 60
Fração elite: 0.3
Fração mutante: 0.7
Probabilidade herdar alelo elite: 0.6
Número de populações independentes: 2
Número de threads: 14
Trocar os melhores indivíduos a cada 100 gerações
Número máximo de gerações: 100

Tamanho da população: 230
Fração elite: 0.15
Fração mutante: 0.2
Probabilidade herdar alelo elite: 0.55
Número de populações independentes: 3
Número de threads: 14
Trocar os melhores indivíduos a cada 40 gerações
Número máximo de gerações: 130
Número máximo de iterações sem melhora: 30
Melhor até agora: 1035 Geração: 0
Iteração: 0
Melhor até agora: 1031 Geração: 15
Iteração: 0
Melhor até agora: 1024 Geração: 16
Iteração: 0
Melhor até agora: 1022 Geração: 28
Iteração: 0
Melhor até agora: 1020 Geração: 43
Iteração: 0
Melhor até agora: 1014 Geração: 14
Iteração: 1
Melhor até agora: 1013 Geração: 16
Iteração: 3
Melhor até agora: 1008 Geração: 19
Iteração: 3
Melhor até agora: 1004 Geração: 11
Iteração: 4
Melhor até agora: 1002 Geração: 18
Iteração: 4
Melhor até agora: 999 Geração: 19
Iteração: 5
Melhor até agora: 995 Geração: 13
Iteração: 6
Melhor até agora: 994 Geração: 18
Iteração: 7
Melhor até agora: 993 Geração: 21
Iteração: 7
Melhor até agora: 992 Geração: 25
Iteração: 7
Melhor até agora: 989 Geração: 11
Iteração: 8
Melhor até agora: 988 Geração: 29
Iteração: 8
Número de swaps entre camadas = 10
Largura da faixa = 32
Melhor altura = 988

Lower Bound 1 = 851
Lower Bound 2 = 32
Avaliação = 1.16099

Tempo de execução: 103s

---------------------------

Número de cromossomos: 402
Tamanho da população: 60
Fração elite: 0.3
Fração mutante: 0.7
Probabilidade herdar alelo elite: 0.6
Número de populações independentes: 2
Número de threads: 14
Trocar os melhores indivíduos a cada 100 gerações
Número máximo de gerações: 100

Número de cromossomos: 402
Tamanho da população: 60
Fração elite: 0.3
Fração mutante: 0.7
Probabilidade herdar alelo elite: 0.6
Número de populações independentes: 2
Número de threads: 14
Trocar os melhores indivíduos a cada 100 gerações
Número máximo de gerações: 100

Tamanho da população: 230
Fração elite: 0.15
Fração mutante: 0.2
Probabilidade herdar alelo elite: 0.55
Número de populações independentes: 3
Número de threads: 14
Trocar os melhores indivíduos a cada 40 gerações
Número máximo de gerações: 130
Número máximo de iterações sem melhora: 30
Melhor até agora: 1029 Geração: 14
Iteração: 0
Melhor até agora: 1026 Geração: 15
Iteração: 0
Melhor até agora: 1020 Geração: 26
Iteração: 0
Melhor até agora: 1019 Geração: 41
Iteração: 0
Melhor até agora: 1018 Geração: 69
Iteração: 0
Melhor até agora: 1016 Geração: 19
Iteração: 2
Melhor até agora: 1015 Geração: 27
Iteração: 2
Melhor até agora: 1011 Geração: 32
Iteração: 2
Melhor até agora: 1010 Geração: 59
Iteração: 2
Melhor até agora: 1009 Geração: 11
Iteração: 3
Melhor até agora: 1006 Geração: 16
Iteração: 3
Melhor até agora: 999 Geração: 23
Iteração: 4
Melhor até agora: 993 Geração: 17
Iteração: 5
Melhor até agora: 991 Geração: 16
Iteração: 8
Melhor até agora: 990 Geração: 18
Iteração: 8
Número de swaps entre camadas = 10
Largura da faixa = 32
Melhor altura = 990

Lower Bound 1 = 851
Lower Bound 2 = 32
Avaliação = 1.16334

Tempo de execução: 108s

---------------------------

Número de cromossomos: 402
Tamanho da população: 60
Fração elite: 0.3
Fração mutante: 0.7
Probabilidade herdar alelo elite: 0.6
Número de populações independentes: 2
Número de threads: 14
Trocar os melhores indivíduos a cada 100 gerações
Número máximo de gerações: 100

Número de cromossomos: 402
Tamanho da população: 60
Fração elite: 0.3
Fração mutante: 0.7
Probabilidade herdar alelo elite: 0.6
Número de populações independentes: 2
Número de threads: 14
Trocar os melhores indivíduos a cada 100 gerações
Número máximo de gerações: 100

Tamanho da população: 230
Fração elite: 0.15
Fração mutante: 0.2
Probabilidade herdar alelo elite: 0.55
Número de populações independentes: 3
Número de threads: 14
Trocar os melhores indivíduos a cada 40 gerações
Número máximo de gerações: 130
Número máximo de iterações sem melhora: 30
Melhor até agora: 1037 Geração: 11
Iteração: 0
Melhor até agora: 1035 Geração: 15
Iteração: 0
Melhor até agora: 1032 Geração: 16
Iteração: 0
Melhor até agora: 1017 Geração: 24
Iteração: 0
Melhor até agora: 1015 Geração: 19
Iteração: 2
Melhor até agora: 1014 Geração: 20
Iteração: 2
Melhor até agora: 1012 Geração: 27
Iteração: 2
Melhor até agora: 1011 Geração: 26
Iteração: 3
Melhor até agora: 1006 Geração: 19
Iteração: 4
Melhor até agora: 1002 Geração: 19
Iteração: 5
Melhor até agora: 1000 Geração: 23
Iteração: 5
Melhor até agora: 998 Geração: 27
Iteração: 5
Melhor até agora: 996 Geração: 35
Iteração: 5
Melhor até agora: 995 Geração: 40
Iteração: 5
Melhor até agora: 992 Geração: 54
Iteração: 5
Melhor até agora: 991 Geração: 20
Iteração: 6
Melhor até agora: 989 Geração: 22
Iteração: 7
Melhor até agora: 988 Geração: 12
Iteração: 8
Melhor até agora: 986 Geração: 24
Iteração: 8
Número de swaps entre camadas = 10
Largura da faixa = 32
Melhor altura = 986

Lower Bound 1 = 851
Lower Bound 2 = 32
Avaliação = 1.15864

Tempo de execução: 112s

---------------------------

Número de cromossomos: 402
Tamanho da população: 60
Fração elite: 0.3
Fração mutante: 0.7
Probabilidade herdar alelo elite: 0.6
Número de populações independentes: 2
Número de threads: 14
Trocar os melhores indivíduos a cada 100 gerações
Número máximo de gerações: 100

Número de cromossomos: 402
Tamanho da população: 60
Fração elite: 0.3
Fração mutante: 0.7
Probabilidade herdar alelo elite: 0.6
Número de populações independentes: 2
Número de threads: 14
Trocar os melhores indivíduos a cada 100 gerações
Número máximo de gerações: 100

Tamanho da população: 230
Fração elite: 0.15
Fração mutante: 0.2
Probabilidade herdar alelo elite: 0.55
Número de populações independentes: 3
Número de threads: 14
Trocar os melhores indivíduos a cada 40 gerações
Número máximo de gerações: 130
Número máximo de iterações sem melhora: 30
Melhor até agora: 1029 Geração: 10
Iteração: 0
Melhor até agora: 1028 Geração: 11
Iteração: 1
Melhor até agora: 1026 Geração: 17
Iteração: 1
Melhor até agora: 1024 Geração: 18
Iteração: 1
Melhor até agora: 1023 Geração: 19
Iteração: 1
Melhor até agora: 1018 Geração: 40
Iteração: 1
Melhor até agora: 1014 Geração: 16
Iteração: 2
Melhor até agora: 1012 Geração: 11
Iteração: 3
Melhor até agora: 1008 Geração: 13
Iteração: 3
Melhor até agora: 1007 Geração: 20
Iteração: 3
Melhor até agora: 1006 Geração: 0
Iteração: 4
Melhor até agora: 1001 Geração: 15
Iteração: 4
Melhor até agora: 997 Geração: 18
Iteração: 5
Melhor até agora: 996 Geração: 19
Iteração: 5
Melhor até agora: 994 Geração: 31
Iteração: 5
Melhor até agora: 988 Geração: 16
Iteração: 6
Melhor até agora: 984 Geração: 9
Iteração: 8
Melhor até agora: 982 Geração: 18
Iteração: 8
Número de swaps entre camadas = 10
Largura da faixa = 32
Melhor altura = 982

Lower Bound 1 = 851
Lower Bound 2 = 32
Avaliação = 1.15394

Tempo de execução: 101s

---------------------------

Número de cromossomos: 402
Tamanho da população: 60
Fração elite: 0.3
Fração mutante: 0.7
Probabilidade herdar alelo elite: 0.6
Número de populações independentes: 2
Número de threads: 14
Trocar os melhores indivíduos a cada 100 gerações
Número máximo de gerações: 100

Número de cromossomos: 402
Tamanho da população: 60
Fração elite: 0.3
Fração mutante: 0.7
Probabilidade herdar alelo elite: 0.6
Número de populações independentes: 2
Número de threads: 14
Trocar os melhores indivíduos a cada 100 gerações
Número máximo de gerações: 100

Tamanho da população: 230
Fração elite: 0.15
Fração mutante: 0.2
Probabilidade herdar alelo elite: 0.55
Número de populações independentes: 3
Número de threads: 14
Trocar os melhores indivíduos a cada 40 gerações
Número máximo de gerações: 130
Número máximo de iterações sem melhora: 30
Melhor até agora: 1029 Geração: 0
Iteração: 0
Melhor até agora: 1028 Geração: 20
Iteração: 0
Melhor até agora: 1020 Geração: 25
Iteração: 0
Melhor até agora: 1013 Geração: 20
Iteração: 2
Melhor até agora: 1011 Geração: 13
Iteração: 3
Melhor até agora: 1010 Geração: 15
Iteração: 3
Melhor até agora: 1008 Geração: 0
Iteração: 4
Melhor até agora: 1004 Geração: 18
Iteração: 4
Melhor até agora: 1003 Geração: 48
Iteração: 4
Melhor até agora: 994 Geração: 15
Iteração: 5
Melhor até agora: 993 Geração: 22
Iteração: 5
Melhor até agora: 988 Geração: 14
Iteração: 6
Melhor até agora: 986 Geração: 21
Iteração: 7
Melhor até agora: 984 Geração: 51
Iteração: 7
Melhor até agora: 981 Geração: 5
Iteração: 8
Melhor até agora: 980 Geração: 22
Iteração: 8
Melhor até agora: 978 Geração: 37
Iteração: 8
Número de swaps entre camadas = 10
Largura da faixa = 32
Melhor altura = 978

Lower Bound 1 = 851
Lower Bound 2 = 32
Avaliação = 1.14924

Tempo de execução: 115s

---------------------------

Número de cromossomos: 402
Tamanho da população: 60
Fração elite: 0.3
Fração mutante: 0.7
Probabilidade herdar alelo elite: 0.6
Número de populações independentes: 2
Número de threads: 14
Trocar os melhores indivíduos a cada 100 gerações
Número máximo de gerações: 100

Número de cromossomos: 402
Tamanho da população: 60
Fração elite: 0.3
Fração mutante: 0.7
Probabilidade herdar alelo elite: 0.6
Número de populações independentes: 2
Número de threads: 14
Trocar os melhores indivíduos a cada 100 gerações
Número máximo de gerações: 100

Tamanho da população: 230
Fração elite: 0.15
Fração mutante: 0.2
Probabilidade herdar alelo elite: 0.55
Número de populações independentes: 3
Número de threads: 14
Trocar os melhores indivíduos a cada 40 gerações
Número máximo de gerações: 130
Número máximo de iterações sem melhora: 30
Melhor até agora: 1031 Geração: 13
Iteração: 0
Melhor até agora: 1029 Geração: 18
Iteração: 0
Melhor até agora: 1024 Geração: 22
Iteração: 0
Melhor até agora: 1022 Geração: 49
Iteração: 0
Melhor até agora: 1019 Geração: 17
Iteração: 2
Melhor até agora: 1018 Geração: 23
Iteração: 2
Melhor até agora: 1017 Geração: 20
Iteração: 3
Melhor até agora: 1015 Geração: 22
Iteração: 3
Melhor até agora: 1009 Geração: 17
Iteração: 4
Melhor até agora: 1006 Geração: 20
Iteração: 5
Melhor até agora: 1004 Geração: 23
Iteração: 5
Melhor até agora: 1001 Geração: 47
Iteração: 5
Melhor até agora: 1000 Geração: 28
Iteração: 7
Melhor até agora: 998 Geração: 23
Iteração: 8
Número de swaps entre camadas = 10
Largura da faixa = 32
Melhor altura = 998

Lower Bound 1 = 851
Lower Bound 2 = 32
Avaliação = 1.17274

Tempo de execução: 111s

---------------------------

Número de cromossomos: 402
Tamanho da população: 60
Fração elite: 0.3
Fração mutante: 0.7
Probabilidade herdar alelo elite: 0.6
Número de populações independentes: 2
Número de threads: 14
Trocar os melhores indivíduos a cada 100 gerações
Número máximo de gerações: 100

Número de cromossomos: 402
Tamanho da população: 60
Fração elite: 0.3
Fração mutante: 0.7
Probabilidade herdar alelo elite: 0.6
Número de populações independentes: 2
Número de threads: 14
Trocar os melhores indivíduos a cada 100 gerações
Número máximo de gerações: 100

Tamanho da população: 230
Fração elite: 0.15
Fração mutante: 0.2
Probabilidade herdar alelo elite: 0.55
Número de populações independentes: 3
Número de threads: 14
Trocar os melhores indivíduos a cada 40 gerações
Número máximo de gerações: 130
Número máximo de iterações sem melhora: 30
Melhor até agora: 1041 Geração: 16
Iteração: 0
Melhor até agora: 1032 Geração: 21
Iteração: 0
Melhor até agora: 1026 Geração: 27
Iteração: 0
Melhor até agora: 1023 Geração: 23
Iteração: 2
Melhor até agora: 1022 Geração: 22
Iteração: 3
Melhor até agora: 1020 Geração: 32
Iteração: 3
Melhor até agora: 1019 Geração: 9
Iteração: 4
Melhor até agora: 1016 Geração: 12
Iteração: 4
Melhor até agora: 1015 Geração: 14
Iteração: 4
Melhor até agora: 1014 Geração: 15
Iteração: 4
Melhor até agora: 1004 Geração: 16
Iteração: 5
Melhor até agora: 1003 Geração: 22
Iteração: 5
Melhor até agora: 998 Geração: 18
Iteração: 6
Melhor até agora: 996 Geração: 13
Iteração: 7
Melhor até agora: 995 Geração: 15
Iteração: 8
Melhor até agora: 994 Geração: 19
Iteração: 8
Melhor até agora: 993 Geração: 22
Iteração: 8
Melhor até agora: 992 Geração: 50
Iteração: 8
Número de swaps entre camadas = 10
Largura da faixa = 32
Melhor altura = 992

Lower Bound 1 = 851
Lower Bound 2 = 32
Avaliação = 1.16569

Tempo de execução: 109s

---------------------------

Número de cromossomos: 402
Tamanho da população: 60
Fração elite: 0.3
Fração mutante: 0.7
Probabilidade herdar alelo elite: 0.6
Número de populações independentes: 2
Número de threads: 14
Trocar os melhores indivíduos a cada 100 gerações
Número máximo de gerações: 100

Número de cromossomos: 402
Tamanho da população: 60
Fração elite: 0.3
Fração mutante: 0.7
Probabilidade herdar alelo elite: 0.6
Número de populações independentes: 2
Número de threads: 14
Trocar os melhores indivíduos a cada 100 gerações
Número máximo de gerações: 100

Tamanho da população: 230
Fração elite: 0.15
Fração mutante: 0.2
Probabilidade herdar alelo elite: 0.55
Número de populações independentes: 3
Número de threads: 14
Trocar os melhores indivíduos a cada 40 gerações
Número máximo de gerações: 130
Número máximo de iterações sem melhora: 30
Melhor até agora: 1039 Geração: 9
Iteração: 0
Melhor até agora: 1025 Geração: 17
Iteração: 0
Melhor até agora: 1019 Geração: 19
Iteração: 1
Melhor até agora: 1018 Geração: 27
Iteração: 1
Melhor até agora: 1016 Geração: 13
Iteração: 2
Melhor até agora: 1014 Geração: 15
Iteração: 2
Melhor até agora: 1013 Geração: 34
Iteração: 2
Melhor até agora: 1006 Geração: 14
Iteração: 3
Melhor até agora: 1003 Geração: 27
Iteração: 3
Melhor até agora: 1000 Geração: 18
Iteração: 4
Melhor até agora: 998 Geração: 21
Iteração: 5
Melhor até agora: 995 Geração: 20
Iteração: 6
Melhor até agora: 992 Geração: 26
Iteração: 6
Melhor até agora: 991 Geração: 40
Iteração: 6
Melhor até agora: 989 Geração: 20
Iteração: 7
Melhor até agora: 987 Geração: 24
Iteração: 7
Melhor até agora: 984 Geração: 10
Iteração: 8
Melhor até agora: 983 Geração: 40
Iteração: 8
Número de swaps entre camadas = 10
Largura da faixa = 32
Melhor altura = 983

Lower Bound 1 = 851
Lower Bound 2 = 32
Avaliação = 1.15511

Tempo de execução: 116s

---------------------------

Número de cromossomos: 402
Tamanho da população: 60
Fração elite: 0.3
Fração mutante: 0.7
Probabilidade herdar alelo elite: 0.6
Número de populações independentes: 2
Número de threads: 14
Trocar os melhores indivíduos a cada 100 gerações
Número máximo de gerações: 100

Número de cromossomos: 402
Tamanho da população: 60
Fração elite: 0.3
Fração mutante: 0.7
Probabilidade herdar alelo elite: 0.6
Número de populações independentes: 2
Número de threads: 14
Trocar os melhores indivíduos a cada 100 gerações
Número máximo de gerações: 100

Tamanho da população: 230
Fração elite: 0.15
Fração mutante: 0.2
Probabilidade herdar alelo elite: 0.55
Número de populações independentes: 3
Número de threads: 14
Trocar os melhores indivíduos a cada 40 gerações
Número máximo de gerações: 130
Número máximo de iterações sem melhora: 30
Melhor até agora: 1039 Geração: 17
Iteração: 0
Melhor até agora: 1035 Geração: 18
Iteração: 0
Melhor até agora: 1029 Geração: 20
Iteração: 0
Melhor até agora: 1027 Geração: 26
Iteração: 0
Melhor até agora: 1026 Geração: 31
Iteração: 0
Melhor até agora: 1020 Geração: 12
Iteração: 1
Melhor até agora: 1018 Geração: 31
Iteração: 1
Melhor até agora: 1016 Geração: 20
Iteração: 2
Melhor até agora: 1015 Geração: 23
Iteração: 2
Melhor até agora: 1011 Geração: 26
Iteração: 2
Melhor até agora: 1010 Geração: 36
Iteração: 2
Melhor até agora: 1009 Geração: 50
Iteração: 2
Melhor até agora: 1004 Geração: 15
Iteração: 3
Melhor até agora: 1003 Geração: 25
Iteração: 3
Melhor até agora: 995 Geração: 23
Iteração: 4
Melhor até agora: 989 Geração: 10
Iteração: 6
Melhor até agora: 987 Geração: 11
Iteração: 6
Melhor até agora: 985 Geração: 15
Iteração: 8
Número de swaps entre camadas = 10
Largura da faixa = 32
Melhor altura = 985

Lower Bound 1 = 851
Lower Bound 2 = 32
Avaliação = 1.15746

Tempo de execução: 105s

---------------------------

Número de cromossomos: 402
Tamanho da população: 60
Fração elite: 0.3
Fração mutante: 0.7
Probabilidade herdar alelo elite: 0.6
Número de populações independentes: 2
Número de threads: 14
Trocar os melhores indivíduos a cada 100 gerações
Número máximo de gerações: 100

Número de cromossomos: 402
Tamanho da população: 60
Fração elite: 0.3
Fração mutante: 0.7
Probabilidade herdar alelo elite: 0.6
Número de populações independentes: 2
Número de threads: 14
Trocar os melhores indivíduos a cada 100 gerações
Número máximo de gerações: 100

Tamanho da população: 230
Fração elite: 0.15
Fração mutante: 0.2
Probabilidade herdar alelo elite: 0.55
Número de populações independentes: 3
Número de threads: 14
Trocar os melhores indivíduos a cada 40 gerações
Número máximo de gerações: 130
Número máximo de iterações sem melhora: 30
Melhor até agora: 1038 Geração: 0
Iteração: 0
Melhor até agora: 1029 Geração: 15
Iteração: 0
Melhor até agora: 1023 Geração: 25
Iteração: 0
Melhor até agora: 1020 Geração: 13
Iteração: 1
Melhor até agora: 1019 Geração: 17
Iteração: 1
Melhor até agora: 1017 Geração: 12
Iteração: 2
Melhor até agora: 1014 Geração: 15
Iteração: 2
Melhor até agora: 1013 Geração: 18
Iteração: 2
Melhor até agora: 1012 Geração: 22
Iteração: 2
Melhor até agora: 1010 Geração: 16
Iteração: 3
Melhor até agora: 1007 Geração: 18
Iteração: 3
Melhor até agora: 1005 Geração: 27
Iteração: 3
Melhor até agora: 1002 Geração: 15
Iteração: 4
Melhor até agora: 1000 Geração: 17
Iteração: 5
Melhor até agora: 999 Geração: 16
Iteração: 6
Melhor até agora: 997 Geração: 17
Iteração: 6
Melhor até agora: 994 Geração: 22
Iteração: 6
Melhor até agora: 989 Geração: 12
Iteração: 7
Melhor até agora: 988 Geração: 14
Iteração: 8
Melhor até agora: 984 Geração: 15
Iteração: 8
Melhor até agora: 983 Geração: 42
Iteração: 8
Número de swaps entre camadas = 10
Largura da faixa = 32
Melhor altura = 983

Lower Bound 1 = 851
Lower Bound 2 = 32
Avaliação = 1.15511

Tempo de execução: 109s

---------------------------

Número de cromossomos: 402
Tamanho da população: 60
Fração elite: 0.3
Fração mutante: 0.7
Probabilidade herdar alelo elite: 0.6
Número de populações independentes: 2
Número de threads: 14
Trocar os melhores indivíduos a cada 100 gerações
Número máximo de gerações: 100

Número de cromossomos: 402
Tamanho da população: 60
Fração elite: 0.3
Fração mutante: 0.7
Probabilidade herdar alelo elite: 0.6
Número de populações independentes: 2
Número de threads: 14
Trocar os melhores indivíduos a cada 100 gerações
Número máximo de gerações: 100

Tamanho da população: 230
Fração elite: 0.15
Fração mutante: 0.2
Probabilidade herdar alelo elite: 0.55
Número de populações independentes: 3
Número de threads: 14
Trocar os melhores indivíduos a cada 40 gerações
Número máximo de gerações: 130
Número máximo de iterações sem melhora: 30
Melhor até agora: 1041 Geração: 17
Iteração: 0
Melhor até agora: 1035 Geração: 18
Iteração: 0
Melhor até agora: 1029 Geração: 19
Iteração: 0
Melhor até agora: 1027 Geração: 27
Iteração: 0
Melhor até agora: 1025 Geração: 38
Iteração: 0
Melhor até agora: 1023 Geração: 14
Iteração: 1
Melhor até agora: 1018 Geração: 15
Iteração: 1
Melhor até agora: 1015 Geração: 22
Iteração: 1
Melhor até agora: 1014 Geração: 18
Iteração: 2
Melhor até agora: 1013 Geração: 21
Iteração: 2
Melhor até agora: 1012 Geração: 11
Iteração: 3
Melhor até agora: 1010 Geração: 27
Iteração: 3
Melhor até agora: 1009 Geração: 8
Iteração: 4
Melhor até agora: 1003 Geração: 16
Iteração: 4
Melhor até agora: 1000 Geração: 20
Iteração: 5
Melhor até agora: 996 Geração: 17
Iteração: 6
Melhor até agora: 994 Geração: 24
Iteração: 6
Melhor até agora: 991 Geração: 34
Iteração: 6
Melhor até agora: 990 Geração: 18
Iteração: 7
Melhor até agora: 989 Geração: 24
Iteração: 7
Melhor até agora: 986 Geração: 39
Iteração: 7
Melhor até agora: 985 Geração: 11
Iteração: 8
Número de swaps entre camadas = 10
Largura da faixa = 32
Melhor altura = 985

Lower Bound 1 = 851
Lower Bound 2 = 32
Avaliação = 1.15746

Tempo de execução: 113s

---------------------------

Número de cromossomos: 402
Tamanho da população: 60
Fração elite: 0.3
Fração mutante: 0.7
Probabilidade herdar alelo elite: 0.6
Número de populações independentes: 2
Número de threads: 14
Trocar os melhores indivíduos a cada 100 gerações
Número máximo de gerações: 100

Número de cromossomos: 402
Tamanho da população: 60
Fração elite: 0.3
Fração mutante: 0.7
Probabilidade herdar alelo elite: 0.6
Número de populações independentes: 2
Número de threads: 14
Trocar os melhores indivíduos a cada 100 gerações
Número máximo de gerações: 100

Tamanho da população: 230
Fração elite: 0.15
Fração mutante: 0.2
Probabilidade herdar alelo elite: 0.55
Número de populações independentes: 3
Número de threads: 14
Trocar os melhores indivíduos a cada 40 gerações
Número máximo de gerações: 130
Número máximo de iterações sem melhora: 30
Melhor até agora: 1039 Geração: 10
Iteração: 0
Melhor até agora: 1037 Geração: 15
Iteração: 0
Melhor até agora: 1024 Geração: 16
Iteração: 0
Melhor até agora: 1021 Geração: 35
Iteração: 0
Melhor até agora: 1020 Geração: 60
Iteração: 0
Melhor até agora: 1011 Geração: 16
Iteração: 1
Melhor até agora: 1009 Geração: 11
Iteração: 2
Melhor até agora: 1008 Geração: 14
Iteração: 2
Melhor até agora: 1006 Geração: 16
Iteração: 2
Melhor até agora: 1002 Geração: 18
Iteração: 2
Melhor até agora: 1000 Geração: 17
Iteração: 3
Melhor até agora: 999 Geração: 18
Iteração: 3
Melhor até agora: 997 Geração: 23
Iteração: 3
Melhor até agora: 995 Geração: 27
Iteração: 3
Melhor até agora: 993 Geração: 36
Iteração: 3
Melhor até agora: 992 Geração: 19
Iteração: 4
Melhor até agora: 991 Geração: 20
Iteração: 5
Melhor até agora: 989 Geração: 11
Iteração: 6
Melhor até agora: 986 Geração: 14
Iteração: 6
Número de swaps entre camadas = 10
Largura da faixa = 32
Melhor altura = 986

Lower Bound 1 = 851
Lower Bound 2 = 32
Avaliação = 1.15864

Tempo de execução: 105s

---------------------------

Número de cromossomos: 402
Tamanho da população: 60
Fração elite: 0.3
Fração mutante: 0.7
Probabilidade herdar alelo elite: 0.6
Número de populações independentes: 2
Número de threads: 14
Trocar os melhores indivíduos a cada 100 gerações
Número máximo de gerações: 100

Número de cromossomos: 402
Tamanho da população: 60
Fração elite: 0.3
Fração mutante: 0.7
Probabilidade herdar alelo elite: 0.6
Número de populações independentes: 2
Número de threads: 14
Trocar os melhores indivíduos a cada 100 gerações
Número máximo de gerações: 100

Tamanho da população: 230
Fração elite: 0.15
Fração mutante: 0.2
Probabilidade herdar alelo elite: 0.55
Número de populações independentes: 3
Número de threads: 14
Trocar os melhores indivíduos a cada 40 gerações
Número máximo de gerações: 130
Número máximo de iterações sem melhora: 30
Melhor até agora: 1035 Geração: 13
Iteração: 0
Melhor até agora: 1025 Geração: 19
Iteração: 0
Melhor até agora: 1024 Geração: 17
Iteração: 1
Melhor até agora: 1020 Geração: 18
Iteração: 1
Melhor até agora: 1019 Geração: 29
Iteração: 1
Melhor até agora: 1016 Geração: 31
Iteração: 1
Melhor até agora: 1013 Geração: 53
Iteração: 1
Melhor até agora: 1012 Geração: 18
Iteração: 2
Melhor até agora: 1010 Geração: 11
Iteração: 3
Melhor até agora: 1009 Geração: 18
Iteração: 3
Melhor até agora: 1008 Geração: 21
Iteração: 3
Melhor até agora: 1006 Geração: 24
Iteração: 3
Melhor até agora: 1004 Geração: 20
Iteração: 4
Melhor até agora: 1002 Geração: 21
Iteração: 4
Melhor até agora: 1001 Geração: 23
Iteração: 4
Melhor até agora: 998 Geração: 14
Iteração: 5
Melhor até agora: 997 Geração: 16
Iteração: 5
Melhor até agora: 996 Geração: 18
Iteração: 5
Melhor até agora: 995 Geração: 21
Iteração: 5
Melhor até agora: 994 Geração: 30
Iteração: 5
Melhor até agora: 992 Geração: 50
Iteração: 5
Melhor até agora: 991 Geração: 68
Iteração: 5
Melhor até agora: 989 Geração: 17
Iteração: 6
Melhor até agora: 988 Geração: 20
Iteração: 6
Melhor até agora: 987 Geração: 17
Iteração: 7
Melhor até agora: 986 Geração: 20
Iteração: 7
Melhor até agora: 984 Geração: 36
Iteração: 7
Número de swaps entre camadas = 10
Largura da faixa = 32
Melhor altura = 984

Lower Bound 1 = 851
Lower Bound 2 = 32
Avaliação = 1.15629

Tempo de execução: 122s

---------------------------

Número de cromossomos: 402
Tamanho da população: 60
Fração elite: 0.3
Fração mutante: 0.7
Probabilidade herdar alelo elite: 0.6
Número de populações independentes: 2
Número de threads: 14
Trocar os melhores indivíduos a cada 100 gerações
Número máximo de gerações: 100

Número de cromossomos: 402
Tamanho da população: 60
Fração elite: 0.3
Fração mutante: 0.7
Probabilidade herdar alelo elite: 0.6
Número de populações independentes: 2
Número de threads: 14
Trocar os melhores indivíduos a cada 100 gerações
Número máximo de gerações: 100

Tamanho da população: 230
Fração elite: 0.15
Fração mutante: 0.2
Probabilidade herdar alelo elite: 0.55
Número de populações independentes: 3
Número de threads: 14
Trocar os melhores indivíduos a cada 40 gerações
Número máximo de gerações: 130
Número máximo de iterações sem melhora: 30
Melhor até agora: 1040 Geração: 6
Iteração: 0
Melhor até agora: 1029 Geração: 8
Iteração: 0
Melhor até agora: 1028 Geração: 18
Iteração: 0
Melhor até agora: 1027 Geração: 27
Iteração: 0
Melhor até agora: 1018 Geração: 21
Iteração: 1
Melhor até agora: 1017 Geração: 15
Iteração: 2
Melhor até agora: 1012 Geração: 18
Iteração: 3
Melhor até agora: 1011 Geração: 20
Iteração: 3
Melhor até agora: 1008 Geração: 21
Iteração: 4
Melhor até agora: 1005 Geração: 35
Iteração: 4
Melhor até agora: 1003 Geração: 43
Iteração: 4
Melhor até agora: 1002 Geração: 11
Iteração: 5
Melhor até agora: 1001 Geração: 20
Iteração: 6
Melhor até agora: 1000 Geração: 22
Iteração: 6
Melhor até agora: 999 Geração: 17
Iteração: 7
Melhor até agora: 998 Geração: 18
Iteração: 7
Melhor até agora: 997 Geração: 19
Iteração: 7
Melhor até agora: 996 Geração: 23
Iteração: 7
Melhor até agora: 995 Geração: 12
Iteração: 8
Número de swaps entre camadas = 10
Largura da faixa = 32
Melhor altura = 995

Lower Bound 1 = 851
Lower Bound 2 = 32
Avaliação = 1.16921

Tempo de execução: 108s

---------------------------

Número de cromossomos: 402
Tamanho da população: 60
Fração elite: 0.3
Fração mutante: 0.7
Probabilidade herdar alelo elite: 0.6
Número de populações independentes: 2
Número de threads: 14
Trocar os melhores indivíduos a cada 100 gerações
Número máximo de gerações: 100

Número de cromossomos: 402
Tamanho da população: 60
Fração elite: 0.3
Fração mutante: 0.7
Probabilidade herdar alelo elite: 0.6
Número de populações independentes: 2
Número de threads: 14
Trocar os melhores indivíduos a cada 100 gerações
Número máximo de gerações: 100

Tamanho da população: 230
Fração elite: 0.15
Fração mutante: 0.2
Probabilidade herdar alelo elite: 0.55
Número de populações independentes: 3
Número de threads: 14
Trocar os melhores indivíduos a cada 40 gerações
Número máximo de gerações: 130
Número máximo de iterações sem melhora: 30
Melhor até agora: 1037 Geração: 15
Iteração: 0
Melhor até agora: 1035 Geração: 17
Iteração: 0
Melhor até agora: 1027 Geração: 18
Iteração: 0
Melhor até agora: 1025 Geração: 22
Iteração: 0
Melhor até agora: 1024 Geração: 23
Iteração: 0
Melhor até agora: 1022 Geração: 25
Iteração: 0
Melhor até agora: 1021 Geração: 48
Iteração: 0
Melhor até agora: 1019 Geração: 14
Iteração: 2
Melhor até agora: 1017 Geração: 37
Iteração: 2
Melhor até agora: 1014 Geração: 46
Iteração: 2
Melhor até agora: 1012 Geração: 18
Iteração: 3
Melhor até agora: 1011 Geração: 20
Iteração: 3
Melhor até agora: 1006 Geração: 22
Iteração: 3
Melhor até agora: 1002 Geração: 13
Iteração: 5
Melhor até agora: 996 Geração: 22
Iteração: 5
Melhor até agora: 993 Geração: 15
Iteração: 6
Melhor até agora: 990 Geração: 22
Iteração: 6
Melhor até agora: 989 Geração: 18
Iteração: 8
Melhor até agora: 987 Geração: 22
Iteração: 8
Melhor até agora: 986 Geração: 42
Iteração: 8
Número de swaps entre camadas = 10
Largura da faixa = 32
Melhor altura = 986

Lower Bound 1 = 851
Lower Bound 2 = 32
Avaliação = 1.15864

Tempo de execução: 108s

---------------------------

Número de cromossomos: 402
Tamanho da população: 60
Fração elite: 0.3
Fração mutante: 0.7
Probabilidade herdar alelo elite: 0.6
Número de populações independentes: 2
Número de threads: 14
Trocar os melhores indivíduos a cada 100 gerações
Número máximo de gerações: 100

Número de cromossomos: 402
Tamanho da população: 60
Fração elite: 0.3
Fração mutante: 0.7
Probabilidade herdar alelo elite: 0.6
Número de populações independentes: 2
Número de threads: 14
Trocar os melhores indivíduos a cada 100 gerações
Número máximo de gerações: 100

Tamanho da população: 230
Fração elite: 0.15
Fração mutante: 0.2
Probabilidade herdar alelo elite: 0.55
Número de populações independentes: 3
Número de threads: 14
Trocar os melhores indivíduos a cada 40 gerações
Número máximo de gerações: 130
Número máximo de iterações sem melhora: 30
Melhor até agora: 1040 Geração: 11
Iteração: 0
Melhor até agora: 1035 Geração: 13
Iteração: 0
Melhor até agora: 1031 Geração: 18
Iteração: 0
Melhor até agora: 1028 Geração: 21
Iteração: 0
Melhor até agora: 1026 Geração: 24
Iteração: 0
Melhor até agora: 1022 Geração: 39
Iteração: 0
Melhor até agora: 1020 Geração: 60
Iteração: 0
Melhor até agora: 1017 Geração: 19
Iteração: 1
Melhor até agora: 1016 Geração: 24
Iteração: 1
Melhor até agora: 1014 Geração: 12
Iteração: 2
Melhor até agora: 1010 Geração: 16
Iteração: 2
Melhor até agora: 1006 Geração: 35
Iteração: 2
Melhor até agora: 1005 Geração: 16
Iteração: 3
Melhor até agora: 999 Geração: 17
Iteração: 3
Melhor até agora: 997 Geração: 24
Iteração: 4
Melhor até agora: 996 Geração: 16
Iteração: 5
Melhor até agora: 993 Geração: 17
Iteração: 5
Melhor até agora: 989 Geração: 20
Iteração: 5
Melhor até agora: 986 Geração: 14
Iteração: 6
Melhor até agora: 980 Geração: 31
Iteração: 6
Melhor até agora: 977 Geração: 16
Iteração: 8
Número de swaps entre camadas = 10
Largura da faixa = 32
Melhor altura = 977

Lower Bound 1 = 851
Lower Bound 2 = 32
Avaliação = 1.14806

Tempo de execução: 113s

---------------------------

Número de cromossomos: 402
Tamanho da população: 60
Fração elite: 0.3
Fração mutante: 0.7
Probabilidade herdar alelo elite: 0.6
Número de populações independentes: 2
Número de threads: 14
Trocar os melhores indivíduos a cada 100 gerações
Número máximo de gerações: 100

Número de cromossomos: 402
Tamanho da população: 60
Fração elite: 0.3
Fração mutante: 0.7
Probabilidade herdar alelo elite: 0.6
Número de populações independentes: 2
Número de threads: 14
Trocar os melhores indivíduos a cada 100 gerações
Número máximo de gerações: 100

Tamanho da população: 230
Fração elite: 0.15
Fração mutante: 0.2
Probabilidade herdar alelo elite: 0.55
Número de populações independentes: 3
Número de threads: 14
Trocar os melhores indivíduos a cada 40 gerações
Número máximo de gerações: 130
Número máximo de iterações sem melhora: 30
Melhor até agora: 1035 Geração: 13
Iteração: 0
Melhor até agora: 1029 Geração: 16
Iteração: 0
Melhor até agora: 1025 Geração: 30
Iteração: 0
Melhor até agora: 1023 Geração: 37
Iteração: 0
Melhor até agora: 1020 Geração: 17
Iteração: 1
Melhor até agora: 1019 Geração: 13
Iteração: 3
Melhor até agora: 1018 Geração: 14
Iteração: 3
Melhor até agora: 1017 Geração: 17
Iteração: 3
Melhor até agora: 1014 Geração: 18
Iteração: 3
Melhor até agora: 1013 Geração: 22
Iteração: 3
Melhor até agora: 1012 Geração: 41
Iteração: 3
Melhor até agora: 1009 Geração: 62
Iteração: 3
Melhor até agora: 1008 Geração: 10
Iteração: 5
Melhor até agora: 1004 Geração: 16
Iteração: 5
Melhor até agora: 1001 Geração: 22
Iteração: 5
Melhor até agora: 998 Geração: 50
Iteração: 5
Melhor até agora: 996 Geração: 17
Iteração: 6
Melhor até agora: 994 Geração: 45
Iteração: 6
Melhor até agora: 991 Geração: 17
Iteração: 7
Melhor até agora: 990 Geração: 14
Iteração: 8
Melhor até agora: 989 Geração: 16
Iteração: 8
Número de swaps entre camadas = 10
Largura da faixa = 32
Melhor altura = 989

Lower Bound 1 = 851
Lower Bound 2 = 32
Avaliação = 1.16216

Tempo de execução: 118s

---------------------------

Número de cromossomos: 402
Tamanho da população: 60
Fração elite: 0.3
Fração mutante: 0.7
Probabilidade herdar alelo elite: 0.6
Número de populações independentes: 2
Número de threads: 14
Trocar os melhores indivíduos a cada 100 gerações
Número máximo de gerações: 100

Número de cromossomos: 402
Tamanho da população: 60
Fração elite: 0.3
Fração mutante: 0.7
Probabilidade herdar alelo elite: 0.6
Número de populações independentes: 2
Número de threads: 14
Trocar os melhores indivíduos a cada 100 gerações
Número máximo de gerações: 100

Tamanho da população: 230
Fração elite: 0.15
Fração mutante: 0.2
Probabilidade herdar alelo elite: 0.55
Número de populações independentes: 3
Número de threads: 14
Trocar os melhores indivíduos a cada 40 gerações
Número máximo de gerações: 130
Número máximo de iterações sem melhora: 30
Melhor até agora: 1039 Geração: 10
Iteração: 0
Melhor até agora: 1028 Geração: 14
Iteração: 0
Melhor até agora: 1026 Geração: 19
Iteração: 0
Melhor até agora: 1024 Geração: 27
Iteração: 0
Melhor até agora: 1023 Geração: 32
Iteração: 0
Melhor até agora: 1017 Geração: 20
Iteração: 2
Melhor até agora: 1015 Geração: 20
Iteração: 3
Melhor até agora: 1013 Geração: 15
Iteração: 4
Melhor até agora: 1011 Geração: 17
Iteração: 4
Melhor até agora: 1009 Geração: 20
Iteração: 4
Melhor até agora: 1006 Geração: 22
Iteração: 5
Melhor até agora: 1004 Geração: 20
Iteração: 6
Melhor até agora: 1003 Geração: 14
Iteração: 7
Melhor até agora: 1002 Geração: 19
Iteração: 7
Melhor até agora: 1000 Geração: 21
Iteração: 7
Melhor até agora: 998 Geração: 28
Iteração: 7
Melhor até agora: 997 Geração: 38
Iteração: 7
Melhor até agora: 996 Geração: 21
Iteração: 8
Melhor até agora: 994 Geração: 46
Iteração: 8
Número de swaps entre camadas = 10
Largura da faixa = 32
Melhor altura = 994

Lower Bound 1 = 851
Lower Bound 2 = 32
Avaliação = 1.16804

Tempo de execução: 112s

---------------------------

Número de cromossomos: 402
Tamanho da população: 60
Fração elite: 0.3
Fração mutante: 0.7
Probabilidade herdar alelo elite: 0.6
Número de populações independentes: 2
Número de threads: 14
Trocar os melhores indivíduos a cada 100 gerações
Número máximo de gerações: 100

Número de cromossomos: 402
Tamanho da população: 60
Fração elite: 0.3
Fração mutante: 0.7
Probabilidade herdar alelo elite: 0.6
Número de populações independentes: 2
Número de threads: 14
Trocar os melhores indivíduos a cada 100 gerações
Número máximo de gerações: 100

Tamanho da população: 230
Fração elite: 0.15
Fração mutante: 0.2
Probabilidade herdar alelo elite: 0.55
Número de populações independentes: 3
Número de threads: 14
Trocar os melhores indivíduos a cada 40 gerações
Número máximo de gerações: 130
Número máximo de iterações sem melhora: 30
Melhor até agora: 1030 Geração: 12
Iteração: 0
Melhor até agora: 1029 Geração: 13
Iteração: 0
Melhor até agora: 1027 Geração: 19
Iteração: 0
Melhor até agora: 1026 Geração: 21
Iteração: 0
Melhor até agora: 1024 Geração: 22
Iteração: 0
Melhor até agora: 1020 Geração: 32
Iteração: 0
Melhor até agora: 1015 Geração: 12
Iteração: 1
Melhor até agora: 1013 Geração: 23
Iteração: 4
Melhor até agora: 1011 Geração: 18
Iteração: 5
Melhor até agora: 1010 Geração: 21
Iteração: 5
Melhor até agora: 1009 Geração: 23
Iteração: 5
Melhor até agora: 1007 Geração: 28
Iteração: 5
Melhor até agora: 1005 Geração: 15
Iteração: 6
Melhor até agora: 1003 Geração: 21
Iteração: 6
Melhor até agora: 1002 Geração: 13
Iteração: 8
Melhor até agora: 1001 Geração: 15
Iteração: 8
Melhor até agora: 999 Geração: 16
Iteração: 8
Melhor até agora: 997 Geração: 38
Iteração: 8
Número de swaps entre camadas = 10
Largura da faixa = 32
Melhor altura = 997

Lower Bound 1 = 851
Lower Bound 2 = 32
Avaliação = 1.17156

Tempo de execução: 99s

---------------------------

