Tamanho da população: 475
Fração elite: 0.2121
Fração mutante: 0.0442
Probabilidade herdar alelo elite: 0.6514
Número de populações independentes: 3
Troca de informação de 4 individuos a cada 241 gerações
Número de threads: 1

Largura da faixa = 29
Melhor altura = 151

Lower Bound 1 = 138
Lower Bound 2 = 29
Avaliação = 1.0942

Tempo de execução: 60.0324s

---------------------------

Tamanho da população: 475
Fração elite: 0.2121
Fração mutante: 0.0442
Probabilidade herdar alelo elite: 0.6514
Número de populações independentes: 3
Troca de informação de 4 individuos a cada 241 gerações
Número de threads: 1

Largura da faixa = 29
Melhor altura = 149

Lower Bound 1 = 138
Lower Bound 2 = 29
Avaliação = 1.07971

Tempo de execução: 60.042s

---------------------------

Tamanho da população: 475
Fração elite: 0.2121
Fração mutante: 0.0442
Probabilidade herdar alelo elite: 0.6514
Número de populações independentes: 3
Troca de informação de 4 individuos a cada 241 gerações
Número de threads: 1

Largura da faixa = 29
Melhor altura = 150

Lower Bound 1 = 138
Lower Bound 2 = 29
Avaliação = 1.08696

Tempo de execução: 60.051s

---------------------------

Tamanho da população: 475
Fração elite: 0.2121
Fração mutante: 0.0442
Probabilidade herdar alelo elite: 0.6514
Número de populações independentes: 3
Troca de informação de 4 individuos a cada 241 gerações
Número de threads: 1

Largura da faixa = 29
Melhor altura = 150

Lower Bound 1 = 138
Lower Bound 2 = 29
Avaliação = 1.08696

Tempo de execução: 60.02s

---------------------------

Tamanho da população: 475
Fração elite: 0.2121
Fração mutante: 0.0442
Probabilidade herdar alelo elite: 0.6514
Número de populações independentes: 3
Troca de informação de 4 individuos a cada 241 gerações
Número de threads: 1

Largura da faixa = 29
Melhor altura = 149

Lower Bound 1 = 138
Lower Bound 2 = 29
Avaliação = 1.07971

Tempo de execução: 60.0265s

---------------------------

Tamanho da população: 475
Fração elite: 0.2121
Fração mutante: 0.0442
Probabilidade herdar alelo elite: 0.6514
Número de populações independentes: 3
Troca de informação de 4 individuos a cada 241 gerações
Número de threads: 1

Largura da faixa = 29
Melhor altura = 151

Lower Bound 1 = 138
Lower Bound 2 = 29
Avaliação = 1.0942

Tempo de execução: 60.0409s

---------------------------

Tamanho da população: 475
Fração elite: 0.2121
Fração mutante: 0.0442
Probabilidade herdar alelo elite: 0.6514
Número de populações independentes: 3
Troca de informação de 4 individuos a cada 241 gerações
Número de threads: 1

Largura da faixa = 29
Melhor altura = 150

Lower Bound 1 = 138
Lower Bound 2 = 29
Avaliação = 1.08696

Tempo de execução: 60.0357s

---------------------------

Tamanho da população: 475
Fração elite: 0.2121
Fração mutante: 0.0442
Probabilidade herdar alelo elite: 0.6514
Número de populações independentes: 3
Troca de informação de 4 individuos a cada 241 gerações
Número de threads: 1

Largura da faixa = 29
Melhor altura = 149

Lower Bound 1 = 138
Lower Bound 2 = 29
Avaliação = 1.07971

Tempo de execução: 60.0526s

---------------------------

Tamanho da população: 475
Fração elite: 0.2121
Fração mutante: 0.0442
Probabilidade herdar alelo elite: 0.6514
Número de populações independentes: 3
Troca de informação de 4 individuos a cada 241 gerações
Número de threads: 1

Largura da faixa = 29
Melhor altura = 151

Lower Bound 1 = 138
Lower Bound 2 = 29
Avaliação = 1.0942

Tempo de execução: 60.0572s

---------------------------

Tamanho da população: 475
Fração elite: 0.2121
Fração mutante: 0.0442
Probabilidade herdar alelo elite: 0.6514
Número de populações independentes: 3
Troca de informação de 4 individuos a cada 241 gerações
Número de threads: 1

Largura da faixa = 29
Melhor altura = 150

Lower Bound 1 = 138
Lower Bound 2 = 29
Avaliação = 1.08696

Tempo de execução: 60.0001s

---------------------------

Tamanho da população: 475
Fração elite: 0.2121
Fração mutante: 0.0442
Probabilidade herdar alelo elite: 0.6514
Número de populações independentes: 3
Troca de informação de 4 individuos a cada 241 gerações
Número de threads: 1

Largura da faixa = 29
Melhor altura = 149

Lower Bound 1 = 138
Lower Bound 2 = 29
Avaliação = 1.07971

Tempo de execução: 60.0394s

---------------------------

Tamanho da população: 475
Fração elite: 0.2121
Fração mutante: 0.0442
Probabilidade herdar alelo elite: 0.6514
Número de populações independentes: 3
Troca de informação de 4 individuos a cada 241 gerações
Número de threads: 1

Largura da faixa = 29
Melhor altura = 150

Lower Bound 1 = 138
Lower Bound 2 = 29
Avaliação = 1.08696

Tempo de execução: 60.0413s

---------------------------

Tamanho da população: 475
Fração elite: 0.2121
Fração mutante: 0.0442
Probabilidade herdar alelo elite: 0.6514
Número de populações independentes: 3
Troca de informação de 4 individuos a cada 241 gerações
Número de threads: 1

Largura da faixa = 29
Melhor altura = 150

Lower Bound 1 = 138
Lower Bound 2 = 29
Avaliação = 1.08696

Tempo de execução: 60.04s

---------------------------

Tamanho da população: 475
Fração elite: 0.2121
Fração mutante: 0.0442
Probabilidade herdar alelo elite: 0.6514
Número de populações independentes: 3
Troca de informação de 4 individuos a cada 241 gerações
Número de threads: 1

Largura da faixa = 29
Melhor altura = 148

Lower Bound 1 = 138
Lower Bound 2 = 29
Avaliação = 1.07246

Tempo de execução: 60.0634s

---------------------------

Tamanho da população: 475
Fração elite: 0.2121
Fração mutante: 0.0442
Probabilidade herdar alelo elite: 0.6514
Número de populações independentes: 3
Troca de informação de 4 individuos a cada 241 gerações
Número de threads: 1

Largura da faixa = 29
Melhor altura = 149

Lower Bound 1 = 138
Lower Bound 2 = 29
Avaliação = 1.07971

Tempo de execução: 60.0709s

---------------------------

Tamanho da população: 475
Fração elite: 0.2121
Fração mutante: 0.0442
Probabilidade herdar alelo elite: 0.6514
Número de populações independentes: 3
Troca de informação de 4 individuos a cada 241 gerações
Número de threads: 1

Largura da faixa = 29
Melhor altura = 149

Lower Bound 1 = 138
Lower Bound 2 = 29
Avaliação = 1.07971

Tempo de execução: 60.0115s

---------------------------

Tamanho da população: 475
Fração elite: 0.2121
Fração mutante: 0.0442
Probabilidade herdar alelo elite: 0.6514
Número de populações independentes: 3
Troca de informação de 4 individuos a cada 241 gerações
Número de threads: 1

Largura da faixa = 29
Melhor altura = 152

Lower Bound 1 = 138
Lower Bound 2 = 29
Avaliação = 1.10145

Tempo de execução: 60.0328s

---------------------------

Tamanho da população: 475
Fração elite: 0.2121
Fração mutante: 0.0442
Probabilidade herdar alelo elite: 0.6514
Número de populações independentes: 3
Troca de informação de 4 individuos a cada 241 gerações
Número de threads: 1

Largura da faixa = 29
Melhor altura = 152

Lower Bound 1 = 138
Lower Bound 2 = 29
Avaliação = 1.10145

Tempo de execução: 60.0434s

---------------------------

Tamanho da população: 475
Fração elite: 0.2121
Fração mutante: 0.0442
Probabilidade herdar alelo elite: 0.6514
Número de populações independentes: 3
Troca de informação de 4 individuos a cada 241 gerações
Número de threads: 1

Largura da faixa = 29
Melhor altura = 147

Lower Bound 1 = 138
Lower Bound 2 = 29
Avaliação = 1.06522

Tempo de execução: 60.0193s

---------------------------

Tamanho da população: 475
Fração elite: 0.2121
Fração mutante: 0.0442
Probabilidade herdar alelo elite: 0.6514
Número de populações independentes: 3
Troca de informação de 4 individuos a cada 241 gerações
Número de threads: 1

Largura da faixa = 29
Melhor altura = 151

Lower Bound 1 = 138
Lower Bound 2 = 29
Avaliação = 1.0942

Tempo de execução: 60.0346s
