Tamanho da população: 297
Fração elite: 0.55
Fração mutante: 0.0174
Probabilidade herdar alelo elite: 0.7678
Número de populações independentes: 1
Número de threads: 1
Trocar os melhores indivíduos a cada 30 gerações
Número máximo de gerações: 279

Largura da faixa = 30
Melhor altura = 98

Lower Bound 1 = 91
Lower Bound 2 = 30
Avaliação = 1.07692

Tempo de execução: 6.86803s

---------------------------

Tamanho da população: 297
Fração elite: 0.55
Fração mutante: 0.0174
Probabilidade herdar alelo elite: 0.7678
Número de populações independentes: 1
Número de threads: 1
Trocar os melhores indivíduos a cada 30 gerações
Número máximo de gerações: 279

Largura da faixa = 30
Melhor altura = 98

Lower Bound 1 = 91
Lower Bound 2 = 30
Avaliação = 1.07692

Tempo de execução: 7.10944s

---------------------------

Tamanho da população: 297
Fração elite: 0.55
Fração mutante: 0.0174
Probabilidade herdar alelo elite: 0.7678
Número de populações independentes: 1
Número de threads: 1
Trocar os melhores indivíduos a cada 30 gerações
Número máximo de gerações: 279

Largura da faixa = 30
Melhor altura = 99

Lower Bound 1 = 91
Lower Bound 2 = 30
Avaliação = 1.08791

Tempo de execução: 7.19875s

---------------------------

Tamanho da população: 297
Fração elite: 0.55
Fração mutante: 0.0174
Probabilidade herdar alelo elite: 0.7678
Número de populações independentes: 1
Número de threads: 1
Trocar os melhores indivíduos a cada 30 gerações
Número máximo de gerações: 279

Largura da faixa = 30
Melhor altura = 96

Lower Bound 1 = 91
Lower Bound 2 = 30
Avaliação = 1.05495

Tempo de execução: 6.52834s

---------------------------

Tamanho da população: 297
Fração elite: 0.55
Fração mutante: 0.0174
Probabilidade herdar alelo elite: 0.7678
Número de populações independentes: 1
Número de threads: 1
Trocar os melhores indivíduos a cada 30 gerações
Número máximo de gerações: 279

Largura da faixa = 30
Melhor altura = 98

Lower Bound 1 = 91
Lower Bound 2 = 30
Avaliação = 1.07692

Tempo de execução: 6.89885s

---------------------------

Tamanho da população: 297
Fração elite: 0.55
Fração mutante: 0.0174
Probabilidade herdar alelo elite: 0.7678
Número de populações independentes: 1
Número de threads: 1
Trocar os melhores indivíduos a cada 30 gerações
Número máximo de gerações: 279

Largura da faixa = 30
Melhor altura = 98

Lower Bound 1 = 91
Lower Bound 2 = 30
Avaliação = 1.07692

Tempo de execução: 7.68648s

---------------------------

Tamanho da população: 297
Fração elite: 0.55
Fração mutante: 0.0174
Probabilidade herdar alelo elite: 0.7678
Número de populações independentes: 1
Número de threads: 1
Trocar os melhores indivíduos a cada 30 gerações
Número máximo de gerações: 279

Largura da faixa = 30
Melhor altura = 98

Lower Bound 1 = 91
Lower Bound 2 = 30
Avaliação = 1.07692

Tempo de execução: 6.29533s

---------------------------

Tamanho da população: 297
Fração elite: 0.55
Fração mutante: 0.0174
Probabilidade herdar alelo elite: 0.7678
Número de populações independentes: 1
Número de threads: 1
Trocar os melhores indivíduos a cada 30 gerações
Número máximo de gerações: 279

Largura da faixa = 30
Melhor altura = 99

Lower Bound 1 = 91
Lower Bound 2 = 30
Avaliação = 1.08791

Tempo de execução: 6.43275s

---------------------------

Tamanho da população: 297
Fração elite: 0.55
Fração mutante: 0.0174
Probabilidade herdar alelo elite: 0.7678
Número de populações independentes: 1
Número de threads: 1
Trocar os melhores indivíduos a cada 30 gerações
Número máximo de gerações: 279

Largura da faixa = 30
Melhor altura = 96

Lower Bound 1 = 91
Lower Bound 2 = 30
Avaliação = 1.05495

Tempo de execução: 7.45868s

---------------------------

Tamanho da população: 297
Fração elite: 0.55
Fração mutante: 0.0174
Probabilidade herdar alelo elite: 0.7678
Número de populações independentes: 1
Número de threads: 1
Trocar os melhores indivíduos a cada 30 gerações
Número máximo de gerações: 279

Largura da faixa = 30
Melhor altura = 98

Lower Bound 1 = 91
Lower Bound 2 = 30
Avaliação = 1.07692

Tempo de execução: 5.35735s

---------------------------

Tamanho da população: 297
Fração elite: 0.55
Fração mutante: 0.0174
Probabilidade herdar alelo elite: 0.7678
Número de populações independentes: 1
Número de threads: 1
Trocar os melhores indivíduos a cada 30 gerações
Número máximo de gerações: 279

Largura da faixa = 30
Melhor altura = 99

Lower Bound 1 = 91
Lower Bound 2 = 30
Avaliação = 1.08791

Tempo de execução: 5.7195s

---------------------------

Tamanho da população: 297
Fração elite: 0.55
Fração mutante: 0.0174
Probabilidade herdar alelo elite: 0.7678
Número de populações independentes: 1
Número de threads: 1
Trocar os melhores indivíduos a cada 30 gerações
Número máximo de gerações: 279

Largura da faixa = 30
Melhor altura = 100

Lower Bound 1 = 91
Lower Bound 2 = 30
Avaliação = 1.0989

Tempo de execução: 7.35s

---------------------------

Tamanho da população: 297
Fração elite: 0.55
Fração mutante: 0.0174
Probabilidade herdar alelo elite: 0.7678
Número de populações independentes: 1
Número de threads: 1
Trocar os melhores indivíduos a cada 30 gerações
Número máximo de gerações: 279

Largura da faixa = 30
Melhor altura = 98

Lower Bound 1 = 91
Lower Bound 2 = 30
Avaliação = 1.07692

Tempo de execução: 5.28398s

---------------------------

Tamanho da população: 297
Fração elite: 0.55
Fração mutante: 0.0174
Probabilidade herdar alelo elite: 0.7678
Número de populações independentes: 1
Número de threads: 1
Trocar os melhores indivíduos a cada 30 gerações
Número máximo de gerações: 279

Largura da faixa = 30
Melhor altura = 98

Lower Bound 1 = 91
Lower Bound 2 = 30
Avaliação = 1.07692

Tempo de execução: 6.82471s

---------------------------

Tamanho da população: 297
Fração elite: 0.55
Fração mutante: 0.0174
Probabilidade herdar alelo elite: 0.7678
Número de populações independentes: 1
Número de threads: 1
Trocar os melhores indivíduos a cada 30 gerações
Número máximo de gerações: 279

Largura da faixa = 30
Melhor altura = 98

Lower Bound 1 = 91
Lower Bound 2 = 30
Avaliação = 1.07692

Tempo de execução: 7.57004s

---------------------------

Tamanho da população: 297
Fração elite: 0.55
Fração mutante: 0.0174
Probabilidade herdar alelo elite: 0.7678
Número de populações independentes: 1
Número de threads: 1
Trocar os melhores indivíduos a cada 30 gerações
Número máximo de gerações: 279

Largura da faixa = 30
Melhor altura = 98

Lower Bound 1 = 91
Lower Bound 2 = 30
Avaliação = 1.07692

Tempo de execução: 5.35056s

---------------------------

Tamanho da população: 297
Fração elite: 0.55
Fração mutante: 0.0174
Probabilidade herdar alelo elite: 0.7678
Número de populações independentes: 1
Número de threads: 1
Trocar os melhores indivíduos a cada 30 gerações
Número máximo de gerações: 279

Largura da faixa = 30
Melhor altura = 98

Lower Bound 1 = 91
Lower Bound 2 = 30
Avaliação = 1.07692

Tempo de execução: 7.17757s

---------------------------

Tamanho da população: 297
Fração elite: 0.55
Fração mutante: 0.0174
Probabilidade herdar alelo elite: 0.7678
Número de populações independentes: 1
Número de threads: 1
Trocar os melhores indivíduos a cada 30 gerações
Número máximo de gerações: 279

Largura da faixa = 30
Melhor altura = 98

Lower Bound 1 = 91
Lower Bound 2 = 30
Avaliação = 1.07692

Tempo de execução: 7.97818s

---------------------------

Tamanho da população: 297
Fração elite: 0.55
Fração mutante: 0.0174
Probabilidade herdar alelo elite: 0.7678
Número de populações independentes: 1
Número de threads: 1
Trocar os melhores indivíduos a cada 30 gerações
Número máximo de gerações: 279

Largura da faixa = 30
Melhor altura = 99

Lower Bound 1 = 91
Lower Bound 2 = 30
Avaliação = 1.08791

Tempo de execução: 6.02215s

---------------------------

Tamanho da população: 297
Fração elite: 0.55
Fração mutante: 0.0174
Probabilidade herdar alelo elite: 0.7678
Número de populações independentes: 1
Número de threads: 1
Trocar os melhores indivíduos a cada 30 gerações
Número máximo de gerações: 279

Largura da faixa = 30
Melhor altura = 98

Lower Bound 1 = 91
Lower Bound 2 = 30
Avaliação = 1.07692

Tempo de execução: 6.05681s

---------------------------

Tamanho da população: 392
Fração elite: 0.2567
Fração mutante: 0.0202
Probabilidade herdar alelo elite: 0.6001
Número de populações independentes: 1
Número de threads: 1
Número máximo de gerações: 364

Largura da faixa = 30
Melhor altura = 98

Lower Bound 1 = 91
Lower Bound 2 = 30
Avaliação = 1.07692

Tempo de execução: 9.86061s

---------------------------

Tamanho da população: 392
Fração elite: 0.2567
Fração mutante: 0.0202
Probabilidade herdar alelo elite: 0.6001
Número de populações independentes: 1
Número de threads: 1
Número máximo de gerações: 364

Largura da faixa = 30
Melhor altura = 98

Lower Bound 1 = 91
Lower Bound 2 = 30
Avaliação = 1.07692

Tempo de execução: 9.87606s

---------------------------

Tamanho da população: 392
Fração elite: 0.2567
Fração mutante: 0.0202
Probabilidade herdar alelo elite: 0.6001
Número de populações independentes: 1
Número de threads: 1
Número máximo de gerações: 364

Largura da faixa = 30
Melhor altura = 98

Lower Bound 1 = 91
Lower Bound 2 = 30
Avaliação = 1.07692

Tempo de execução: 9.98427s

---------------------------

Tamanho da população: 392
Fração elite: 0.2567
Fração mutante: 0.0202
Probabilidade herdar alelo elite: 0.6001
Número de populações independentes: 1
Número de threads: 1
Número máximo de gerações: 364

Largura da faixa = 30
Melhor altura = 99

Lower Bound 1 = 91
Lower Bound 2 = 30
Avaliação = 1.08791

Tempo de execução: 9.52626s

---------------------------

Tamanho da população: 392
Fração elite: 0.2567
Fração mutante: 0.0202
Probabilidade herdar alelo elite: 0.6001
Número de populações independentes: 1
Número de threads: 1
Número máximo de gerações: 364

Largura da faixa = 30
Melhor altura = 97

Lower Bound 1 = 91
Lower Bound 2 = 30
Avaliação = 1.06593

Tempo de execução: 9.64119s

---------------------------

Tamanho da população: 392
Fração elite: 0.2567
Fração mutante: 0.0202
Probabilidade herdar alelo elite: 0.6001
Número de populações independentes: 1
Número de threads: 1
Número máximo de gerações: 364

Largura da faixa = 30
Melhor altura = 99

Lower Bound 1 = 91
Lower Bound 2 = 30
Avaliação = 1.08791

Tempo de execução: 9.87071s

---------------------------

Tamanho da população: 392
Fração elite: 0.2567
Fração mutante: 0.0202
Probabilidade herdar alelo elite: 0.6001
Número de populações independentes: 1
Número de threads: 1
Número máximo de gerações: 364

Largura da faixa = 30
Melhor altura = 98

Lower Bound 1 = 91
Lower Bound 2 = 30
Avaliação = 1.07692

Tempo de execução: 9.43856s

---------------------------

Tamanho da população: 392
Fração elite: 0.2567
Fração mutante: 0.0202
Probabilidade herdar alelo elite: 0.6001
Número de populações independentes: 1
Número de threads: 1
Número máximo de gerações: 364

Largura da faixa = 30
Melhor altura = 98

Lower Bound 1 = 91
Lower Bound 2 = 30
Avaliação = 1.07692

Tempo de execução: 9.84417s

---------------------------

Tamanho da população: 392
Fração elite: 0.2567
Fração mutante: 0.0202
Probabilidade herdar alelo elite: 0.6001
Número de populações independentes: 1
Número de threads: 1
Número máximo de gerações: 364

Largura da faixa = 30
Melhor altura = 98

Lower Bound 1 = 91
Lower Bound 2 = 30
Avaliação = 1.07692

Tempo de execução: 9.91989s

---------------------------

Tamanho da população: 392
Fração elite: 0.2567
Fração mutante: 0.0202
Probabilidade herdar alelo elite: 0.6001
Número de populações independentes: 1
Número de threads: 1
Número máximo de gerações: 364

Largura da faixa = 30
Melhor altura = 98

Lower Bound 1 = 91
Lower Bound 2 = 30
Avaliação = 1.07692

Tempo de execução: 9.25807s

---------------------------

Tamanho da população: 392
Fração elite: 0.2567
Fração mutante: 0.0202
Probabilidade herdar alelo elite: 0.6001
Número de populações independentes: 1
Número de threads: 1
Número máximo de gerações: 364

Largura da faixa = 30
Melhor altura = 97

Lower Bound 1 = 91
Lower Bound 2 = 30
Avaliação = 1.06593

Tempo de execução: 9.34061s

---------------------------

Tamanho da população: 392
Fração elite: 0.2567
Fração mutante: 0.0202
Probabilidade herdar alelo elite: 0.6001
Número de populações independentes: 1
Número de threads: 1
Número máximo de gerações: 364

Largura da faixa = 30
Melhor altura = 98

Lower Bound 1 = 91
Lower Bound 2 = 30
Avaliação = 1.07692

Tempo de execução: 9.78958s

---------------------------

Tamanho da população: 392
Fração elite: 0.2567
Fração mutante: 0.0202
Probabilidade herdar alelo elite: 0.6001
Número de populações independentes: 1
Número de threads: 1
Número máximo de gerações: 364

Largura da faixa = 30
Melhor altura = 98

Lower Bound 1 = 91
Lower Bound 2 = 30
Avaliação = 1.07692

Tempo de execução: 9.2239s

---------------------------

Tamanho da população: 392
Fração elite: 0.2567
Fração mutante: 0.0202
Probabilidade herdar alelo elite: 0.6001
Número de populações independentes: 1
Número de threads: 1
Número máximo de gerações: 364

Largura da faixa = 30
Melhor altura = 97

Lower Bound 1 = 91
Lower Bound 2 = 30
Avaliação = 1.06593

Tempo de execução: 9.82699s

---------------------------

Tamanho da população: 392
Fração elite: 0.2567
Fração mutante: 0.0202
Probabilidade herdar alelo elite: 0.6001
Número de populações independentes: 1
Número de threads: 1
Número máximo de gerações: 364

Largura da faixa = 30
Melhor altura = 98

Lower Bound 1 = 91
Lower Bound 2 = 30
Avaliação = 1.07692

Tempo de execução: 10.0361s

---------------------------

Tamanho da população: 392
Fração elite: 0.2567
Fração mutante: 0.0202
Probabilidade herdar alelo elite: 0.6001
Número de populações independentes: 1
Número de threads: 1
Número máximo de gerações: 364

Largura da faixa = 30
Melhor altura = 98

Lower Bound 1 = 91
Lower Bound 2 = 30
Avaliação = 1.07692

Tempo de execução: 9.55447s

---------------------------

Tamanho da população: 392
Fração elite: 0.2567
Fração mutante: 0.0202
Probabilidade herdar alelo elite: 0.6001
Número de populações independentes: 1
Número de threads: 1
Número máximo de gerações: 364

Largura da faixa = 30
Melhor altura = 97

Lower Bound 1 = 91
Lower Bound 2 = 30
Avaliação = 1.06593

Tempo de execução: 9.56408s

---------------------------

Tamanho da população: 392
Fração elite: 0.2567
Fração mutante: 0.0202
Probabilidade herdar alelo elite: 0.6001
Número de populações independentes: 1
Número de threads: 1
Número máximo de gerações: 364

Largura da faixa = 30
Melhor altura = 98

Lower Bound 1 = 91
Lower Bound 2 = 30
Avaliação = 1.07692

Tempo de execução: 9.86814s

---------------------------

Tamanho da população: 392
Fração elite: 0.2567
Fração mutante: 0.0202
Probabilidade herdar alelo elite: 0.6001
Número de populações independentes: 1
Número de threads: 1
Número máximo de gerações: 364

Largura da faixa = 30
Melhor altura = 98

Lower Bound 1 = 91
Lower Bound 2 = 30
Avaliação = 1.07692

Tempo de execução: 9.08283s

---------------------------

Tamanho da população: 392
Fração elite: 0.2567
Fração mutante: 0.0202
Probabilidade herdar alelo elite: 0.6001
Número de populações independentes: 1
Número de threads: 1
Número máximo de gerações: 364

Largura da faixa = 30
Melhor altura = 99

Lower Bound 1 = 91
Lower Bound 2 = 30
Avaliação = 1.08791

Tempo de execução: 9.50486s

---------------------------

