Número de cromossomos: 387
Tamanho da população: 1000
Fração elite: 0.3
Fração mutante: 0.4
Probabilidade herdar alelo elite: 0.8
Número de populações independentes: 3
Número de threads: 2
Melhor até agora: 1629 Geração: 0
Melhor até agora: 1623 Geração: 12
Melhor até agora: 1622 Geração: 17
Melhor até agora: 1619 Geração: 19
Melhor até agora: 1613 Geração: 23
Melhor até agora: 1610 Geração: 29
Melhor até agora: 1608 Geração: 31
Largura da faixa = 36
Melhor altura = 1608

Lower Bound 1 = 902
Lower Bound 2 = 36
Avaliação = 1.78271
Tempo de execução: 103672ms

---------------------------

