Tamanho da população: 475
Fração elite: 0.2121
Fração mutante: 0.0442
Probabilidade herdar alelo elite: 0.6514
Número de populações independentes: 3
Troca de informação de 4 individuos a cada 241 gerações
Número de threads: 1

Largura da faixa = 36
Melhor altura = 440

Lower Bound 1 = 387
Lower Bound 2 = 36
Avaliação = 1.13695

Tempo de execução: 60.0639s

---------------------------

Tamanho da população: 475
Fração elite: 0.2121
Fração mutante: 0.0442
Probabilidade herdar alelo elite: 0.6514
Número de populações independentes: 3
Troca de informação de 4 individuos a cada 241 gerações
Número de threads: 1

Largura da faixa = 36
Melhor altura = 443

Lower Bound 1 = 387
Lower Bound 2 = 36
Avaliação = 1.1447

Tempo de execução: 60.1268s

---------------------------

Tamanho da população: 475
Fração elite: 0.2121
Fração mutante: 0.0442
Probabilidade herdar alelo elite: 0.6514
Número de populações independentes: 3
Troca de informação de 4 individuos a cada 241 gerações
Número de threads: 1

Largura da faixa = 36
Melhor altura = 434

Lower Bound 1 = 387
Lower Bound 2 = 36
Avaliação = 1.12145

Tempo de execução: 60.1429s

---------------------------

Tamanho da população: 475
Fração elite: 0.2121
Fração mutante: 0.0442
Probabilidade herdar alelo elite: 0.6514
Número de populações independentes: 3
Troca de informação de 4 individuos a cada 241 gerações
Número de threads: 1

Largura da faixa = 36
Melhor altura = 437

Lower Bound 1 = 387
Lower Bound 2 = 36
Avaliação = 1.1292

Tempo de execução: 60.0663s

---------------------------

Tamanho da população: 475
Fração elite: 0.2121
Fração mutante: 0.0442
Probabilidade herdar alelo elite: 0.6514
Número de populações independentes: 3
Troca de informação de 4 individuos a cada 241 gerações
Número de threads: 1

Largura da faixa = 36
Melhor altura = 433

Lower Bound 1 = 387
Lower Bound 2 = 36
Avaliação = 1.11886

Tempo de execução: 60.2068s

---------------------------

Tamanho da população: 475
Fração elite: 0.2121
Fração mutante: 0.0442
Probabilidade herdar alelo elite: 0.6514
Número de populações independentes: 3
Troca de informação de 4 individuos a cada 241 gerações
Número de threads: 1

Largura da faixa = 36
Melhor altura = 433

Lower Bound 1 = 387
Lower Bound 2 = 36
Avaliação = 1.11886

Tempo de execução: 60.2438s

---------------------------

Tamanho da população: 475
Fração elite: 0.2121
Fração mutante: 0.0442
Probabilidade herdar alelo elite: 0.6514
Número de populações independentes: 3
Troca de informação de 4 individuos a cada 241 gerações
Número de threads: 1

Largura da faixa = 36
Melhor altura = 436

Lower Bound 1 = 387
Lower Bound 2 = 36
Avaliação = 1.12661

Tempo de execução: 60.1094s

---------------------------

Tamanho da população: 475
Fração elite: 0.2121
Fração mutante: 0.0442
Probabilidade herdar alelo elite: 0.6514
Número de populações independentes: 3
Troca de informação de 4 individuos a cada 241 gerações
Número de threads: 1

Largura da faixa = 36
Melhor altura = 437

Lower Bound 1 = 387
Lower Bound 2 = 36
Avaliação = 1.1292

Tempo de execução: 60.1436s

---------------------------

Tamanho da população: 475
Fração elite: 0.2121
Fração mutante: 0.0442
Probabilidade herdar alelo elite: 0.6514
Número de populações independentes: 3
Troca de informação de 4 individuos a cada 241 gerações
Número de threads: 1

Largura da faixa = 36
Melhor altura = 440

Lower Bound 1 = 387
Lower Bound 2 = 36
Avaliação = 1.13695

Tempo de execução: 60.2078s

---------------------------

Tamanho da população: 475
Fração elite: 0.2121
Fração mutante: 0.0442
Probabilidade herdar alelo elite: 0.6514
Número de populações independentes: 3
Troca de informação de 4 individuos a cada 241 gerações
Número de threads: 1

Largura da faixa = 36
Melhor altura = 443

Lower Bound 1 = 387
Lower Bound 2 = 36
Avaliação = 1.1447

Tempo de execução: 60.0305s

---------------------------

Tamanho da população: 475
Fração elite: 0.2121
Fração mutante: 0.0442
Probabilidade herdar alelo elite: 0.6514
Número de populações independentes: 3
Troca de informação de 4 individuos a cada 241 gerações
Número de threads: 1

Largura da faixa = 36
Melhor altura = 439

Lower Bound 1 = 387
Lower Bound 2 = 36
Avaliação = 1.13437

Tempo de execução: 60.0571s

---------------------------

Tamanho da população: 475
Fração elite: 0.2121
Fração mutante: 0.0442
Probabilidade herdar alelo elite: 0.6514
Número de populações independentes: 3
Troca de informação de 4 individuos a cada 241 gerações
Número de threads: 1

Largura da faixa = 36
Melhor altura = 436

Lower Bound 1 = 387
Lower Bound 2 = 36
Avaliação = 1.12661

Tempo de execução: 60.158s

---------------------------

Tamanho da população: 475
Fração elite: 0.2121
Fração mutante: 0.0442
Probabilidade herdar alelo elite: 0.6514
Número de populações independentes: 3
Troca de informação de 4 individuos a cada 241 gerações
Número de threads: 1

Largura da faixa = 36
Melhor altura = 432

Lower Bound 1 = 387
Lower Bound 2 = 36
Avaliação = 1.11628

Tempo de execução: 60.1572s

---------------------------

Tamanho da população: 475
Fração elite: 0.2121
Fração mutante: 0.0442
Probabilidade herdar alelo elite: 0.6514
Número de populações independentes: 3
Troca de informação de 4 individuos a cada 241 gerações
Número de threads: 1

Largura da faixa = 36
Melhor altura = 443

Lower Bound 1 = 387
Lower Bound 2 = 36
Avaliação = 1.1447

Tempo de execução: 60.1918s

---------------------------

Tamanho da população: 475
Fração elite: 0.2121
Fração mutante: 0.0442
Probabilidade herdar alelo elite: 0.6514
Número de populações independentes: 3
Troca de informação de 4 individuos a cada 241 gerações
Número de threads: 1

Largura da faixa = 36
Melhor altura = 438

Lower Bound 1 = 387
Lower Bound 2 = 36
Avaliação = 1.13178

Tempo de execução: 60.2634s

---------------------------

Tamanho da população: 475
Fração elite: 0.2121
Fração mutante: 0.0442
Probabilidade herdar alelo elite: 0.6514
Número de populações independentes: 3
Troca de informação de 4 individuos a cada 241 gerações
Número de threads: 1

Largura da faixa = 36
Melhor altura = 439

Lower Bound 1 = 387
Lower Bound 2 = 36
Avaliação = 1.13437

Tempo de execução: 60.051s

---------------------------

Tamanho da população: 475
Fração elite: 0.2121
Fração mutante: 0.0442
Probabilidade herdar alelo elite: 0.6514
Número de populações independentes: 3
Troca de informação de 4 individuos a cada 241 gerações
Número de threads: 1

Largura da faixa = 36
Melhor altura = 438

Lower Bound 1 = 387
Lower Bound 2 = 36
Avaliação = 1.13178

Tempo de execução: 60.0962s

---------------------------

Tamanho da população: 475
Fração elite: 0.2121
Fração mutante: 0.0442
Probabilidade herdar alelo elite: 0.6514
Número de populações independentes: 3
Troca de informação de 4 individuos a cada 241 gerações
Número de threads: 1

Largura da faixa = 36
Melhor altura = 440

Lower Bound 1 = 387
Lower Bound 2 = 36
Avaliação = 1.13695

Tempo de execução: 60.2119s

---------------------------

Tamanho da população: 475
Fração elite: 0.2121
Fração mutante: 0.0442
Probabilidade herdar alelo elite: 0.6514
Número de populações independentes: 3
Troca de informação de 4 individuos a cada 241 gerações
Número de threads: 1

Largura da faixa = 36
Melhor altura = 438

Lower Bound 1 = 387
Lower Bound 2 = 36
Avaliação = 1.13178

Tempo de execução: 60.0375s

---------------------------

Tamanho da população: 475
Fração elite: 0.2121
Fração mutante: 0.0442
Probabilidade herdar alelo elite: 0.6514
Número de populações independentes: 3
Troca de informação de 4 individuos a cada 241 gerações
Número de threads: 1

Largura da faixa = 36
Melhor altura = 437

Lower Bound 1 = 387
Lower Bound 2 = 36
Avaliação = 1.1292

Tempo de execução: 60.1747s
