Tamanho da população: 297
Fração elite: 0.55
Fração mutante: 0.0174
Probabilidade herdar alelo elite: 0.7678
Número de populações independentes: 1
Número de threads: 1
Trocar os melhores indivíduos a cada 30 gerações
Número máximo de gerações: 279

Largura da faixa = 1
Melhor altura = 75

Lower Bound 1 = 75
Lower Bound 2 = 75
Avaliação = 1

Tempo de execução: 1.72572s

---------------------------

Tamanho da população: 297
Fração elite: 0.55
Fração mutante: 0.0174
Probabilidade herdar alelo elite: 0.7678
Número de populações independentes: 1
Número de threads: 1
Trocar os melhores indivíduos a cada 30 gerações
Número máximo de gerações: 279

Largura da faixa = 1
Melhor altura = 75

Lower Bound 1 = 75
Lower Bound 2 = 75
Avaliação = 1

Tempo de execução: 1.74105s

---------------------------

Tamanho da população: 297
Fração elite: 0.55
Fração mutante: 0.0174
Probabilidade herdar alelo elite: 0.7678
Número de populações independentes: 1
Número de threads: 1
Trocar os melhores indivíduos a cada 30 gerações
Número máximo de gerações: 279

Largura da faixa = 1
Melhor altura = 75

Lower Bound 1 = 75
Lower Bound 2 = 75
Avaliação = 1

Tempo de execução: 1.7884s

---------------------------

Tamanho da população: 297
Fração elite: 0.55
Fração mutante: 0.0174
Probabilidade herdar alelo elite: 0.7678
Número de populações independentes: 1
Número de threads: 1
Trocar os melhores indivíduos a cada 30 gerações
Número máximo de gerações: 279

Largura da faixa = 1
Melhor altura = 75

Lower Bound 1 = 75
Lower Bound 2 = 75
Avaliação = 1

Tempo de execução: 1.73816s

---------------------------

Tamanho da população: 297
Fração elite: 0.55
Fração mutante: 0.0174
Probabilidade herdar alelo elite: 0.7678
Número de populações independentes: 1
Número de threads: 1
Trocar os melhores indivíduos a cada 30 gerações
Número máximo de gerações: 279

Largura da faixa = 1
Melhor altura = 75

Lower Bound 1 = 75
Lower Bound 2 = 75
Avaliação = 1

Tempo de execução: 1.75791s

---------------------------

Tamanho da população: 297
Fração elite: 0.55
Fração mutante: 0.0174
Probabilidade herdar alelo elite: 0.7678
Número de populações independentes: 1
Número de threads: 1
Trocar os melhores indivíduos a cada 30 gerações
Número máximo de gerações: 279

Largura da faixa = 1
Melhor altura = 75

Lower Bound 1 = 75
Lower Bound 2 = 75
Avaliação = 1

Tempo de execução: 1.76901s

---------------------------

Tamanho da população: 297
Fração elite: 0.55
Fração mutante: 0.0174
Probabilidade herdar alelo elite: 0.7678
Número de populações independentes: 1
Número de threads: 1
Trocar os melhores indivíduos a cada 30 gerações
Número máximo de gerações: 279

Largura da faixa = 1
Melhor altura = 75

Lower Bound 1 = 75
Lower Bound 2 = 75
Avaliação = 1

Tempo de execução: 1.74396s

---------------------------

Tamanho da população: 297
Fração elite: 0.55
Fração mutante: 0.0174
Probabilidade herdar alelo elite: 0.7678
Número de populações independentes: 1
Número de threads: 1
Trocar os melhores indivíduos a cada 30 gerações
Número máximo de gerações: 279

Largura da faixa = 1
Melhor altura = 75

Lower Bound 1 = 75
Lower Bound 2 = 75
Avaliação = 1

Tempo de execução: 1.75119s

---------------------------

Tamanho da população: 297
Fração elite: 0.55
Fração mutante: 0.0174
Probabilidade herdar alelo elite: 0.7678
Número de populações independentes: 1
Número de threads: 1
Trocar os melhores indivíduos a cada 30 gerações
Número máximo de gerações: 279

Largura da faixa = 1
Melhor altura = 75

Lower Bound 1 = 75
Lower Bound 2 = 75
Avaliação = 1

Tempo de execução: 1.76716s

---------------------------

Tamanho da população: 297
Fração elite: 0.55
Fração mutante: 0.0174
Probabilidade herdar alelo elite: 0.7678
Número de populações independentes: 1
Número de threads: 1
Trocar os melhores indivíduos a cada 30 gerações
Número máximo de gerações: 279

Largura da faixa = 1
Melhor altura = 75

Lower Bound 1 = 75
Lower Bound 2 = 75
Avaliação = 1

Tempo de execução: 1.7637s

---------------------------

Tamanho da população: 297
Fração elite: 0.55
Fração mutante: 0.0174
Probabilidade herdar alelo elite: 0.7678
Número de populações independentes: 1
Número de threads: 1
Trocar os melhores indivíduos a cada 30 gerações
Número máximo de gerações: 279

Largura da faixa = 1
Melhor altura = 75

Lower Bound 1 = 75
Lower Bound 2 = 75
Avaliação = 1

Tempo de execução: 1.76545s

---------------------------

Tamanho da população: 297
Fração elite: 0.55
Fração mutante: 0.0174
Probabilidade herdar alelo elite: 0.7678
Número de populações independentes: 1
Número de threads: 1
Trocar os melhores indivíduos a cada 30 gerações
Número máximo de gerações: 279

Largura da faixa = 1
Melhor altura = 75

Lower Bound 1 = 75
Lower Bound 2 = 75
Avaliação = 1

Tempo de execução: 1.77181s

---------------------------

Tamanho da população: 297
Fração elite: 0.55
Fração mutante: 0.0174
Probabilidade herdar alelo elite: 0.7678
Número de populações independentes: 1
Número de threads: 1
Trocar os melhores indivíduos a cada 30 gerações
Número máximo de gerações: 279

Largura da faixa = 1
Melhor altura = 75

Lower Bound 1 = 75
Lower Bound 2 = 75
Avaliação = 1

Tempo de execução: 1.73489s

---------------------------

Tamanho da população: 297
Fração elite: 0.55
Fração mutante: 0.0174
Probabilidade herdar alelo elite: 0.7678
Número de populações independentes: 1
Número de threads: 1
Trocar os melhores indivíduos a cada 30 gerações
Número máximo de gerações: 279

Largura da faixa = 1
Melhor altura = 75

Lower Bound 1 = 75
Lower Bound 2 = 75
Avaliação = 1

Tempo de execução: 1.74712s

---------------------------

Tamanho da população: 297
Fração elite: 0.55
Fração mutante: 0.0174
Probabilidade herdar alelo elite: 0.7678
Número de populações independentes: 1
Número de threads: 1
Trocar os melhores indivíduos a cada 30 gerações
Número máximo de gerações: 279

Largura da faixa = 1
Melhor altura = 75

Lower Bound 1 = 75
Lower Bound 2 = 75
Avaliação = 1

Tempo de execução: 1.75582s

---------------------------

Tamanho da população: 297
Fração elite: 0.55
Fração mutante: 0.0174
Probabilidade herdar alelo elite: 0.7678
Número de populações independentes: 1
Número de threads: 1
Trocar os melhores indivíduos a cada 30 gerações
Número máximo de gerações: 279

Largura da faixa = 1
Melhor altura = 75

Lower Bound 1 = 75
Lower Bound 2 = 75
Avaliação = 1

Tempo de execução: 1.71369s

---------------------------

Tamanho da população: 297
Fração elite: 0.55
Fração mutante: 0.0174
Probabilidade herdar alelo elite: 0.7678
Número de populações independentes: 1
Número de threads: 1
Trocar os melhores indivíduos a cada 30 gerações
Número máximo de gerações: 279

Largura da faixa = 1
Melhor altura = 75

Lower Bound 1 = 75
Lower Bound 2 = 75
Avaliação = 1

Tempo de execução: 1.75175s

---------------------------

Tamanho da população: 297
Fração elite: 0.55
Fração mutante: 0.0174
Probabilidade herdar alelo elite: 0.7678
Número de populações independentes: 1
Número de threads: 1
Trocar os melhores indivíduos a cada 30 gerações
Número máximo de gerações: 279

Largura da faixa = 1
Melhor altura = 75

Lower Bound 1 = 75
Lower Bound 2 = 75
Avaliação = 1

Tempo de execução: 1.75564s

---------------------------

Tamanho da população: 297
Fração elite: 0.55
Fração mutante: 0.0174
Probabilidade herdar alelo elite: 0.7678
Número de populações independentes: 1
Número de threads: 1
Trocar os melhores indivíduos a cada 30 gerações
Número máximo de gerações: 279

Largura da faixa = 1
Melhor altura = 75

Lower Bound 1 = 75
Lower Bound 2 = 75
Avaliação = 1

Tempo de execução: 1.75541s

---------------------------

Tamanho da população: 297
Fração elite: 0.55
Fração mutante: 0.0174
Probabilidade herdar alelo elite: 0.7678
Número de populações independentes: 1
Número de threads: 1
Trocar os melhores indivíduos a cada 30 gerações
Número máximo de gerações: 279

Largura da faixa = 1
Melhor altura = 75

Lower Bound 1 = 75
Lower Bound 2 = 75
Avaliação = 1

Tempo de execução: 1.75829s

---------------------------

Tamanho da população: 392
Fração elite: 0.2567
Fração mutante: 0.0202
Probabilidade herdar alelo elite: 0.6001
Número de populações independentes: 1
Número de threads: 1
Número máximo de gerações: 364

Largura da faixa = 1
Melhor altura = 75

Lower Bound 1 = 75
Lower Bound 2 = 75
Avaliação = 1

Tempo de execução: 1.74785s

---------------------------

Tamanho da população: 392
Fração elite: 0.2567
Fração mutante: 0.0202
Probabilidade herdar alelo elite: 0.6001
Número de populações independentes: 1
Número de threads: 1
Número máximo de gerações: 364

Largura da faixa = 1
Melhor altura = 75

Lower Bound 1 = 75
Lower Bound 2 = 75
Avaliação = 1

Tempo de execução: 1.75147s

---------------------------

Tamanho da população: 392
Fração elite: 0.2567
Fração mutante: 0.0202
Probabilidade herdar alelo elite: 0.6001
Número de populações independentes: 1
Número de threads: 1
Número máximo de gerações: 364

Largura da faixa = 1
Melhor altura = 75

Lower Bound 1 = 75
Lower Bound 2 = 75
Avaliação = 1

Tempo de execução: 1.7784s

---------------------------

Tamanho da população: 392
Fração elite: 0.2567
Fração mutante: 0.0202
Probabilidade herdar alelo elite: 0.6001
Número de populações independentes: 1
Número de threads: 1
Número máximo de gerações: 364

Largura da faixa = 1
Melhor altura = 75

Lower Bound 1 = 75
Lower Bound 2 = 75
Avaliação = 1

Tempo de execução: 1.76166s

---------------------------

Tamanho da população: 392
Fração elite: 0.2567
Fração mutante: 0.0202
Probabilidade herdar alelo elite: 0.6001
Número de populações independentes: 1
Número de threads: 1
Número máximo de gerações: 364

Largura da faixa = 1
Melhor altura = 75

Lower Bound 1 = 75
Lower Bound 2 = 75
Avaliação = 1

Tempo de execução: 1.76732s

---------------------------

Tamanho da população: 392
Fração elite: 0.2567
Fração mutante: 0.0202
Probabilidade herdar alelo elite: 0.6001
Número de populações independentes: 1
Número de threads: 1
Número máximo de gerações: 364

Largura da faixa = 1
Melhor altura = 75

Lower Bound 1 = 75
Lower Bound 2 = 75
Avaliação = 1

Tempo de execução: 1.78145s

---------------------------

Tamanho da população: 392
Fração elite: 0.2567
Fração mutante: 0.0202
Probabilidade herdar alelo elite: 0.6001
Número de populações independentes: 1
Número de threads: 1
Número máximo de gerações: 364

Largura da faixa = 1
Melhor altura = 75

Lower Bound 1 = 75
Lower Bound 2 = 75
Avaliação = 1

Tempo de execução: 1.7598s

---------------------------

Tamanho da população: 392
Fração elite: 0.2567
Fração mutante: 0.0202
Probabilidade herdar alelo elite: 0.6001
Número de populações independentes: 1
Número de threads: 1
Número máximo de gerações: 364

Largura da faixa = 1
Melhor altura = 75

Lower Bound 1 = 75
Lower Bound 2 = 75
Avaliação = 1

Tempo de execução: 1.76816s

---------------------------

Tamanho da população: 392
Fração elite: 0.2567
Fração mutante: 0.0202
Probabilidade herdar alelo elite: 0.6001
Número de populações independentes: 1
Número de threads: 1
Número máximo de gerações: 364

Largura da faixa = 1
Melhor altura = 75

Lower Bound 1 = 75
Lower Bound 2 = 75
Avaliação = 1

Tempo de execução: 1.80106s

---------------------------

Tamanho da população: 392
Fração elite: 0.2567
Fração mutante: 0.0202
Probabilidade herdar alelo elite: 0.6001
Número de populações independentes: 1
Número de threads: 1
Número máximo de gerações: 364

Largura da faixa = 1
Melhor altura = 75

Lower Bound 1 = 75
Lower Bound 2 = 75
Avaliação = 1

Tempo de execução: 1.75003s

---------------------------

Tamanho da população: 392
Fração elite: 0.2567
Fração mutante: 0.0202
Probabilidade herdar alelo elite: 0.6001
Número de populações independentes: 1
Número de threads: 1
Número máximo de gerações: 364

Largura da faixa = 1
Melhor altura = 75

Lower Bound 1 = 75
Lower Bound 2 = 75
Avaliação = 1

Tempo de execução: 1.75284s

---------------------------

Tamanho da população: 392
Fração elite: 0.2567
Fração mutante: 0.0202
Probabilidade herdar alelo elite: 0.6001
Número de populações independentes: 1
Número de threads: 1
Número máximo de gerações: 364

Largura da faixa = 1
Melhor altura = 75

Lower Bound 1 = 75
Lower Bound 2 = 75
Avaliação = 1

Tempo de execução: 1.77514s

---------------------------

Tamanho da população: 392
Fração elite: 0.2567
Fração mutante: 0.0202
Probabilidade herdar alelo elite: 0.6001
Número de populações independentes: 1
Número de threads: 1
Número máximo de gerações: 364

Largura da faixa = 1
Melhor altura = 75

Lower Bound 1 = 75
Lower Bound 2 = 75
Avaliação = 1

Tempo de execução: 1.76147s

---------------------------

Tamanho da população: 392
Fração elite: 0.2567
Fração mutante: 0.0202
Probabilidade herdar alelo elite: 0.6001
Número de populações independentes: 1
Número de threads: 1
Número máximo de gerações: 364

Largura da faixa = 1
Melhor altura = 75

Lower Bound 1 = 75
Lower Bound 2 = 75
Avaliação = 1

Tempo de execução: 1.77161s

---------------------------

Tamanho da população: 392
Fração elite: 0.2567
Fração mutante: 0.0202
Probabilidade herdar alelo elite: 0.6001
Número de populações independentes: 1
Número de threads: 1
Número máximo de gerações: 364

Largura da faixa = 1
Melhor altura = 75

Lower Bound 1 = 75
Lower Bound 2 = 75
Avaliação = 1

Tempo de execução: 1.78972s

---------------------------

Tamanho da população: 392
Fração elite: 0.2567
Fração mutante: 0.0202
Probabilidade herdar alelo elite: 0.6001
Número de populações independentes: 1
Número de threads: 1
Número máximo de gerações: 364

Largura da faixa = 1
Melhor altura = 75

Lower Bound 1 = 75
Lower Bound 2 = 75
Avaliação = 1

Tempo de execução: 1.75988s

---------------------------

Tamanho da população: 392
Fração elite: 0.2567
Fração mutante: 0.0202
Probabilidade herdar alelo elite: 0.6001
Número de populações independentes: 1
Número de threads: 1
Número máximo de gerações: 364

Largura da faixa = 1
Melhor altura = 75

Lower Bound 1 = 75
Lower Bound 2 = 75
Avaliação = 1

Tempo de execução: 1.7611s

---------------------------

Tamanho da população: 392
Fração elite: 0.2567
Fração mutante: 0.0202
Probabilidade herdar alelo elite: 0.6001
Número de populações independentes: 1
Número de threads: 1
Número máximo de gerações: 364

Largura da faixa = 1
Melhor altura = 75

Lower Bound 1 = 75
Lower Bound 2 = 75
Avaliação = 1

Tempo de execução: 1.76203s

---------------------------

Tamanho da população: 392
Fração elite: 0.2567
Fração mutante: 0.0202
Probabilidade herdar alelo elite: 0.6001
Número de populações independentes: 1
Número de threads: 1
Número máximo de gerações: 364

Largura da faixa = 1
Melhor altura = 75

Lower Bound 1 = 75
Lower Bound 2 = 75
Avaliação = 1

Tempo de execução: 1.73323s

---------------------------

Tamanho da população: 392
Fração elite: 0.2567
Fração mutante: 0.0202
Probabilidade herdar alelo elite: 0.6001
Número de populações independentes: 1
Número de threads: 1
Número máximo de gerações: 364

Largura da faixa = 1
Melhor altura = 75

Lower Bound 1 = 75
Lower Bound 2 = 75
Avaliação = 1

Tempo de execução: 1.74735s

---------------------------

