Tamanho da população: 475
Fração elite: 0.2121
Fração mutante: 0.0442
Probabilidade herdar alelo elite: 0.6514
Número de populações independentes: 3
Troca de informação de 4 individuos a cada 241 gerações
Número de threads: 1

Largura da faixa = 24
Melhor altura = 1126

Lower Bound 1 = 975
Lower Bound 2 = 24
Avaliação = 1.15487

Tempo de execução: 60.0346s

---------------------------

Tamanho da população: 475
Fração elite: 0.2121
Fração mutante: 0.0442
Probabilidade herdar alelo elite: 0.6514
Número de populações independentes: 3
Troca de informação de 4 individuos a cada 241 gerações
Número de threads: 1

Largura da faixa = 24
Melhor altura = 1128

Lower Bound 1 = 975
Lower Bound 2 = 24
Avaliação = 1.15692

Tempo de execução: 60.0678s

---------------------------

Tamanho da população: 475
Fração elite: 0.2121
Fração mutante: 0.0442
Probabilidade herdar alelo elite: 0.6514
Número de populações independentes: 3
Troca de informação de 4 individuos a cada 241 gerações
Número de threads: 1

Largura da faixa = 24
Melhor altura = 1127

Lower Bound 1 = 975
Lower Bound 2 = 24
Avaliação = 1.1559

Tempo de execução: 60.228s

---------------------------

Tamanho da população: 475
Fração elite: 0.2121
Fração mutante: 0.0442
Probabilidade herdar alelo elite: 0.6514
Número de populações independentes: 3
Troca de informação de 4 individuos a cada 241 gerações
Número de threads: 1

Largura da faixa = 24
Melhor altura = 1126

Lower Bound 1 = 975
Lower Bound 2 = 24
Avaliação = 1.15487

Tempo de execução: 60.1003s

---------------------------

Tamanho da população: 475
Fração elite: 0.2121
Fração mutante: 0.0442
Probabilidade herdar alelo elite: 0.6514
Número de populações independentes: 3
Troca de informação de 4 individuos a cada 241 gerações
Número de threads: 1

Largura da faixa = 24
Melhor altura = 1125

Lower Bound 1 = 975
Lower Bound 2 = 24
Avaliação = 1.15385

Tempo de execução: 60.3616s

---------------------------

Tamanho da população: 475
Fração elite: 0.2121
Fração mutante: 0.0442
Probabilidade herdar alelo elite: 0.6514
Número de populações independentes: 3
Troca de informação de 4 individuos a cada 241 gerações
Número de threads: 1

Largura da faixa = 24
Melhor altura = 1128

Lower Bound 1 = 975
Lower Bound 2 = 24
Avaliação = 1.15692

Tempo de execução: 60.4221s

---------------------------

Tamanho da população: 475
Fração elite: 0.2121
Fração mutante: 0.0442
Probabilidade herdar alelo elite: 0.6514
Número de populações independentes: 3
Troca de informação de 4 individuos a cada 241 gerações
Número de threads: 1

Largura da faixa = 24
Melhor altura = 1130

Lower Bound 1 = 975
Lower Bound 2 = 24
Avaliação = 1.15897

Tempo de execução: 60.2186s

---------------------------

Tamanho da população: 475
Fração elite: 0.2121
Fração mutante: 0.0442
Probabilidade herdar alelo elite: 0.6514
Número de populações independentes: 3
Troca de informação de 4 individuos a cada 241 gerações
Número de threads: 1

Largura da faixa = 24
Melhor altura = 1129

Lower Bound 1 = 975
Lower Bound 2 = 24
Avaliação = 1.15795

Tempo de execução: 60.4476s

---------------------------

Tamanho da população: 475
Fração elite: 0.2121
Fração mutante: 0.0442
Probabilidade herdar alelo elite: 0.6514
Número de populações independentes: 3
Troca de informação de 4 individuos a cada 241 gerações
Número de threads: 1

Largura da faixa = 24
Melhor altura = 1120

Lower Bound 1 = 975
Lower Bound 2 = 24
Avaliação = 1.14872

Tempo de execução: 60.7284s

---------------------------

Tamanho da população: 475
Fração elite: 0.2121
Fração mutante: 0.0442
Probabilidade herdar alelo elite: 0.6514
Número de populações independentes: 3
Troca de informação de 4 individuos a cada 241 gerações
Número de threads: 1

Largura da faixa = 24
Melhor altura = 1125

Lower Bound 1 = 975
Lower Bound 2 = 24
Avaliação = 1.15385

Tempo de execução: 60.401s

---------------------------

Tamanho da população: 475
Fração elite: 0.2121
Fração mutante: 0.0442
Probabilidade herdar alelo elite: 0.6514
Número de populações independentes: 3
Troca de informação de 4 individuos a cada 241 gerações
Número de threads: 1

Largura da faixa = 24
Melhor altura = 1124

Lower Bound 1 = 975
Lower Bound 2 = 24
Avaliação = 1.15282

Tempo de execução: 60.7187s

---------------------------

Tamanho da população: 475
Fração elite: 0.2121
Fração mutante: 0.0442
Probabilidade herdar alelo elite: 0.6514
Número de populações independentes: 3
Troca de informação de 4 individuos a cada 241 gerações
Número de threads: 1

Largura da faixa = 24
Melhor altura = 1119

Lower Bound 1 = 975
Lower Bound 2 = 24
Avaliação = 1.14769

Tempo de execução: 60.9245s

---------------------------

Tamanho da população: 475
Fração elite: 0.2121
Fração mutante: 0.0442
Probabilidade herdar alelo elite: 0.6514
Número de populações independentes: 3
Troca de informação de 4 individuos a cada 241 gerações
Número de threads: 1

Largura da faixa = 24
Melhor altura = 1123

Lower Bound 1 = 975
Lower Bound 2 = 24
Avaliação = 1.15179

Tempo de execução: 60.2143s

---------------------------

Tamanho da população: 475
Fração elite: 0.2121
Fração mutante: 0.0442
Probabilidade herdar alelo elite: 0.6514
Número de populações independentes: 3
Troca de informação de 4 individuos a cada 241 gerações
Número de threads: 1

Largura da faixa = 24
Melhor altura = 1125

Lower Bound 1 = 975
Lower Bound 2 = 24
Avaliação = 1.15385

Tempo de execução: 60.2927s

---------------------------

Tamanho da população: 475
Fração elite: 0.2121
Fração mutante: 0.0442
Probabilidade herdar alelo elite: 0.6514
Número de populações independentes: 3
Troca de informação de 4 individuos a cada 241 gerações
Número de threads: 1

Largura da faixa = 24
Melhor altura = 1129

Lower Bound 1 = 975
Lower Bound 2 = 24
Avaliação = 1.15795

Tempo de execução: 60.4933s

---------------------------

Tamanho da população: 475
Fração elite: 0.2121
Fração mutante: 0.0442
Probabilidade herdar alelo elite: 0.6514
Número de populações independentes: 3
Troca de informação de 4 individuos a cada 241 gerações
Número de threads: 1

Largura da faixa = 24
Melhor altura = 1124

Lower Bound 1 = 975
Lower Bound 2 = 24
Avaliação = 1.15282

Tempo de execução: 60.1253s

---------------------------

Tamanho da população: 475
Fração elite: 0.2121
Fração mutante: 0.0442
Probabilidade herdar alelo elite: 0.6514
Número de populações independentes: 3
Troca de informação de 4 individuos a cada 241 gerações
Número de threads: 1

Largura da faixa = 24
Melhor altura = 1130

Lower Bound 1 = 975
Lower Bound 2 = 24
Avaliação = 1.15897

Tempo de execução: 60.1437s

---------------------------

Tamanho da população: 475
Fração elite: 0.2121
Fração mutante: 0.0442
Probabilidade herdar alelo elite: 0.6514
Número de populações independentes: 3
Troca de informação de 4 individuos a cada 241 gerações
Número de threads: 1

Largura da faixa = 24
Melhor altura = 1128

Lower Bound 1 = 975
Lower Bound 2 = 24
Avaliação = 1.15692

Tempo de execução: 60.8875s

---------------------------

Tamanho da população: 475
Fração elite: 0.2121
Fração mutante: 0.0442
Probabilidade herdar alelo elite: 0.6514
Número de populações independentes: 3
Troca de informação de 4 individuos a cada 241 gerações
Número de threads: 1

Largura da faixa = 24
Melhor altura = 1129

Lower Bound 1 = 975
Lower Bound 2 = 24
Avaliação = 1.15795

Tempo de execução: 60.0205s

---------------------------

Tamanho da população: 475
Fração elite: 0.2121
Fração mutante: 0.0442
Probabilidade herdar alelo elite: 0.6514
Número de populações independentes: 3
Troca de informação de 4 individuos a cada 241 gerações
Número de threads: 1

Largura da faixa = 24
Melhor altura = 1131

Lower Bound 1 = 975
Lower Bound 2 = 24
Avaliação = 1.16

Tempo de execução: 60.665s
