Tamanho da população: 475
Fração elite: 0.2121
Fração mutante: 0.0442
Probabilidade herdar alelo elite: 0.6514
Número de populações independentes: 3
Troca de informação de 4 individuos a cada 241 gerações
Número de threads: 1

Largura da faixa = 32
Melhor altura = 1006

Lower Bound 1 = 864
Lower Bound 2 = 32
Avaliação = 1.16435

Tempo de execução: 60.3185s

---------------------------

Tamanho da população: 475
Fração elite: 0.2121
Fração mutante: 0.0442
Probabilidade herdar alelo elite: 0.6514
Número de populações independentes: 3
Troca de informação de 4 individuos a cada 241 gerações
Número de threads: 1

Largura da faixa = 32
Melhor altura = 1006

Lower Bound 1 = 864
Lower Bound 2 = 32
Avaliação = 1.16435

Tempo de execução: 60.5195s

---------------------------

Tamanho da população: 475
Fração elite: 0.2121
Fração mutante: 0.0442
Probabilidade herdar alelo elite: 0.6514
Número de populações independentes: 3
Troca de informação de 4 individuos a cada 241 gerações
Número de threads: 1

Largura da faixa = 32
Melhor altura = 1007

Lower Bound 1 = 864
Lower Bound 2 = 32
Avaliação = 1.16551

Tempo de execução: 60.7023s

---------------------------

Tamanho da população: 475
Fração elite: 0.2121
Fração mutante: 0.0442
Probabilidade herdar alelo elite: 0.6514
Número de populações independentes: 3
Troca de informação de 4 individuos a cada 241 gerações
Número de threads: 1

Largura da faixa = 32
Melhor altura = 1005

Lower Bound 1 = 864
Lower Bound 2 = 32
Avaliação = 1.16319

Tempo de execução: 60.6443s

---------------------------

Tamanho da população: 475
Fração elite: 0.2121
Fração mutante: 0.0442
Probabilidade herdar alelo elite: 0.6514
Número de populações independentes: 3
Troca de informação de 4 individuos a cada 241 gerações
Número de threads: 1

Largura da faixa = 32
Melhor altura = 1007

Lower Bound 1 = 864
Lower Bound 2 = 32
Avaliação = 1.16551

Tempo de execução: 60.6668s

---------------------------

Tamanho da população: 475
Fração elite: 0.2121
Fração mutante: 0.0442
Probabilidade herdar alelo elite: 0.6514
Número de populações independentes: 3
Troca de informação de 4 individuos a cada 241 gerações
Número de threads: 1

Largura da faixa = 32
Melhor altura = 1003

Lower Bound 1 = 864
Lower Bound 2 = 32
Avaliação = 1.16088

Tempo de execução: 60.7274s

---------------------------

Tamanho da população: 475
Fração elite: 0.2121
Fração mutante: 0.0442
Probabilidade herdar alelo elite: 0.6514
Número de populações independentes: 3
Troca de informação de 4 individuos a cada 241 gerações
Número de threads: 1

Largura da faixa = 32
Melhor altura = 1010

Lower Bound 1 = 864
Lower Bound 2 = 32
Avaliação = 1.16898

Tempo de execução: 60.1162s

---------------------------

Tamanho da população: 475
Fração elite: 0.2121
Fração mutante: 0.0442
Probabilidade herdar alelo elite: 0.6514
Número de populações independentes: 3
Troca de informação de 4 individuos a cada 241 gerações
Número de threads: 1

Largura da faixa = 32
Melhor altura = 1006

Lower Bound 1 = 864
Lower Bound 2 = 32
Avaliação = 1.16435

Tempo de execução: 60.3528s

---------------------------

Tamanho da população: 475
Fração elite: 0.2121
Fração mutante: 0.0442
Probabilidade herdar alelo elite: 0.6514
Número de populações independentes: 3
Troca de informação de 4 individuos a cada 241 gerações
Número de threads: 1

Largura da faixa = 32
Melhor altura = 1006

Lower Bound 1 = 864
Lower Bound 2 = 32
Avaliação = 1.16435

Tempo de execução: 60.4634s

---------------------------

Tamanho da população: 475
Fração elite: 0.2121
Fração mutante: 0.0442
Probabilidade herdar alelo elite: 0.6514
Número de populações independentes: 3
Troca de informação de 4 individuos a cada 241 gerações
Número de threads: 1

Largura da faixa = 32
Melhor altura = 1000

Lower Bound 1 = 864
Lower Bound 2 = 32
Avaliação = 1.15741

Tempo de execução: 60.0274s

---------------------------

Tamanho da população: 475
Fração elite: 0.2121
Fração mutante: 0.0442
Probabilidade herdar alelo elite: 0.6514
Número de populações independentes: 3
Troca de informação de 4 individuos a cada 241 gerações
Número de threads: 1

Largura da faixa = 32
Melhor altura = 1006

Lower Bound 1 = 864
Lower Bound 2 = 32
Avaliação = 1.16435

Tempo de execução: 60.2231s

---------------------------

Tamanho da população: 475
Fração elite: 0.2121
Fração mutante: 0.0442
Probabilidade herdar alelo elite: 0.6514
Número de populações independentes: 3
Troca de informação de 4 individuos a cada 241 gerações
Número de threads: 1

Largura da faixa = 32
Melhor altura = 1008

Lower Bound 1 = 864
Lower Bound 2 = 32
Avaliação = 1.16667

Tempo de execução: 60.3932s

---------------------------

Tamanho da população: 475
Fração elite: 0.2121
Fração mutante: 0.0442
Probabilidade herdar alelo elite: 0.6514
Número de populações independentes: 3
Troca de informação de 4 individuos a cada 241 gerações
Número de threads: 1

Largura da faixa = 32
Melhor altura = 1000

Lower Bound 1 = 864
Lower Bound 2 = 32
Avaliação = 1.15741

Tempo de execução: 60.1669s

---------------------------

Tamanho da população: 475
Fração elite: 0.2121
Fração mutante: 0.0442
Probabilidade herdar alelo elite: 0.6514
Número de populações independentes: 3
Troca de informação de 4 individuos a cada 241 gerações
Número de threads: 1

Largura da faixa = 32
Melhor altura = 1000

Lower Bound 1 = 864
Lower Bound 2 = 32
Avaliação = 1.15741

Tempo de execução: 60.3902s

---------------------------

Tamanho da população: 475
Fração elite: 0.2121
Fração mutante: 0.0442
Probabilidade herdar alelo elite: 0.6514
Número de populações independentes: 3
Troca de informação de 4 individuos a cada 241 gerações
Número de threads: 1

Largura da faixa = 32
Melhor altura = 1007

Lower Bound 1 = 864
Lower Bound 2 = 32
Avaliação = 1.16551

Tempo de execução: 60.4749s

---------------------------

Tamanho da população: 475
Fração elite: 0.2121
Fração mutante: 0.0442
Probabilidade herdar alelo elite: 0.6514
Número de populações independentes: 3
Troca de informação de 4 individuos a cada 241 gerações
Número de threads: 1

Largura da faixa = 32
Melhor altura = 1000

Lower Bound 1 = 864
Lower Bound 2 = 32
Avaliação = 1.15741

Tempo de execução: 60.0278s

---------------------------

Tamanho da população: 475
Fração elite: 0.2121
Fração mutante: 0.0442
Probabilidade herdar alelo elite: 0.6514
Número de populações independentes: 3
Troca de informação de 4 individuos a cada 241 gerações
Número de threads: 1

Largura da faixa = 32
Melhor altura = 1004

Lower Bound 1 = 864
Lower Bound 2 = 32
Avaliação = 1.16204

Tempo de execução: 60.0315s

---------------------------

Tamanho da população: 475
Fração elite: 0.2121
Fração mutante: 0.0442
Probabilidade herdar alelo elite: 0.6514
Número de populações independentes: 3
Troca de informação de 4 individuos a cada 241 gerações
Número de threads: 1

Largura da faixa = 32
Melhor altura = 1007

Lower Bound 1 = 864
Lower Bound 2 = 32
Avaliação = 1.16551

Tempo de execução: 60.1229s

---------------------------

Tamanho da população: 475
Fração elite: 0.2121
Fração mutante: 0.0442
Probabilidade herdar alelo elite: 0.6514
Número de populações independentes: 3
Troca de informação de 4 individuos a cada 241 gerações
Número de threads: 1

Largura da faixa = 32
Melhor altura = 1010

Lower Bound 1 = 864
Lower Bound 2 = 32
Avaliação = 1.16898

Tempo de execução: 60.2842s

---------------------------

Tamanho da população: 475
Fração elite: 0.2121
Fração mutante: 0.0442
Probabilidade herdar alelo elite: 0.6514
Número de populações independentes: 3
Troca de informação de 4 individuos a cada 241 gerações
Número de threads: 1

Largura da faixa = 32
Melhor altura = 1005

Lower Bound 1 = 864
Lower Bound 2 = 32
Avaliação = 1.16319

Tempo de execução: 60.3286s
