Número de cromossomos: 114
Tamanho da população: 60
Fração elite: 0.3
Fração mutante: 0.7
Probabilidade herdar alelo elite: 0.6
Número de populações independentes: 2
Número de threads: 14
Trocar os melhores indivíduos a cada 100 gerações
Número máximo de gerações: 100

Número de cromossomos: 114
Tamanho da população: 60
Fração elite: 0.3
Fração mutante: 0.7
Probabilidade herdar alelo elite: 0.6
Número de populações independentes: 2
Número de threads: 14
Trocar os melhores indivíduos a cada 100 gerações
Número máximo de gerações: 100

Tamanho da população: 230
Fração elite: 0.15
Fração mutante: 0.2
Probabilidade herdar alelo elite: 0.55
Número de populações independentes: 3
Número de threads: 14
Trocar os melhores indivíduos a cada 40 gerações
Número máximo de gerações: 130
Número máximo de iterações sem melhora: 30
Melhor até agora: 340 Geração: 9
Iteração: 0
Melhor até agora: 330 Geração: 12
Iteração: 0
Melhor até agora: 324 Geração: 15
Iteração: 0
Melhor até agora: 322 Geração: 20
Iteração: 3
Melhor até agora: 318 Geração: 7
Iteração: 4
Melhor até agora: 316 Geração: 10
Iteração: 4
Melhor até agora: 312 Geração: 26
Iteração: 4
Número de swaps entre camadas = 10
Largura da faixa = 36
Melhor altura = 312

Lower Bound 1 = 261
Lower Bound 2 = 36
Avaliação = 1.1954

Tempo de execução: 15s

---------------------------

Número de cromossomos: 114
Tamanho da população: 60
Fração elite: 0.3
Fração mutante: 0.7
Probabilidade herdar alelo elite: 0.6
Número de populações independentes: 2
Número de threads: 14
Trocar os melhores indivíduos a cada 100 gerações
Número máximo de gerações: 100

Número de cromossomos: 114
Tamanho da população: 60
Fração elite: 0.3
Fração mutante: 0.7
Probabilidade herdar alelo elite: 0.6
Número de populações independentes: 2
Número de threads: 14
Trocar os melhores indivíduos a cada 100 gerações
Número máximo de gerações: 100

Tamanho da população: 230
Fração elite: 0.15
Fração mutante: 0.2
Probabilidade herdar alelo elite: 0.55
Número de populações independentes: 3
Número de threads: 14
Trocar os melhores indivíduos a cada 40 gerações
Número máximo de gerações: 130
Número máximo de iterações sem melhora: 30
Melhor até agora: 338 Geração: 11
Iteração: 0
Melhor até agora: 334 Geração: 13
Iteração: 0
Melhor até agora: 330 Geração: 19
Iteração: 0
Melhor até agora: 328 Geração: 21
Iteração: 0
Melhor até agora: 326 Geração: 22
Iteração: 0
Melhor até agora: 322 Geração: 16
Iteração: 1
Melhor até agora: 318 Geração: 13
Iteração: 3
Melhor até agora: 314 Geração: 18
Iteração: 3
Melhor até agora: 309 Geração: 7
Iteração: 4
Melhor até agora: 304 Geração: 9
Iteração: 4
Número de swaps entre camadas = 10
Largura da faixa = 36
Melhor altura = 304

Lower Bound 1 = 261
Lower Bound 2 = 36
Avaliação = 1.16475

Tempo de execução: 15s

---------------------------

Número de cromossomos: 114
Tamanho da população: 60
Fração elite: 0.3
Fração mutante: 0.7
Probabilidade herdar alelo elite: 0.6
Número de populações independentes: 2
Número de threads: 14
Trocar os melhores indivíduos a cada 100 gerações
Número máximo de gerações: 100

Número de cromossomos: 114
Tamanho da população: 60
Fração elite: 0.3
Fração mutante: 0.7
Probabilidade herdar alelo elite: 0.6
Número de populações independentes: 2
Número de threads: 14
Trocar os melhores indivíduos a cada 100 gerações
Número máximo de gerações: 100

Tamanho da população: 230
Fração elite: 0.15
Fração mutante: 0.2
Probabilidade herdar alelo elite: 0.55
Número de populações independentes: 3
Número de threads: 14
Trocar os melhores indivíduos a cada 40 gerações
Número máximo de gerações: 130
Número máximo de iterações sem melhora: 30
Melhor até agora: 336 Geração: 11
Iteração: 0
Melhor até agora: 332 Geração: 13
Iteração: 0
Melhor até agora: 330 Geração: 16
Iteração: 0
Melhor até agora: 327 Geração: 19
Iteração: 0
Melhor até agora: 326 Geração: 23
Iteração: 0
Melhor até agora: 325 Geração: 42
Iteração: 0
Melhor até agora: 323 Geração: 16
Iteração: 1
Melhor até agora: 320 Geração: 13
Iteração: 2
Melhor até agora: 317 Geração: 14
Iteração: 3
Melhor até agora: 311 Geração: 16
Iteração: 3
Melhor até agora: 308 Geração: 19
Iteração: 3
Melhor até agora: 307 Geração: 8
Iteração: 4
Melhor até agora: 305 Geração: 9
Iteração: 4
Melhor até agora: 304 Geração: 10
Iteração: 4
Melhor até agora: 301 Geração: 13
Iteração: 4
Melhor até agora: 299 Geração: 15
Iteração: 4
Número de swaps entre camadas = 10
Largura da faixa = 36
Melhor altura = 299

Lower Bound 1 = 261
Lower Bound 2 = 36
Avaliação = 1.14559

Tempo de execução: 17s

---------------------------

Número de cromossomos: 114
Tamanho da população: 60
Fração elite: 0.3
Fração mutante: 0.7
Probabilidade herdar alelo elite: 0.6
Número de populações independentes: 2
Número de threads: 14
Trocar os melhores indivíduos a cada 100 gerações
Número máximo de gerações: 100

Número de cromossomos: 114
Tamanho da população: 60
Fração elite: 0.3
Fração mutante: 0.7
Probabilidade herdar alelo elite: 0.6
Número de populações independentes: 2
Número de threads: 14
Trocar os melhores indivíduos a cada 100 gerações
Número máximo de gerações: 100

Tamanho da população: 230
Fração elite: 0.15
Fração mutante: 0.2
Probabilidade herdar alelo elite: 0.55
Número de populações independentes: 3
Número de threads: 14
Trocar os melhores indivíduos a cada 40 gerações
Número máximo de gerações: 130
Número máximo de iterações sem melhora: 30
Melhor até agora: 341 Geração: 6
Iteração: 0
Melhor até agora: 339 Geração: 10
Iteração: 0
Melhor até agora: 334 Geração: 12
Iteração: 0
Melhor até agora: 332 Geração: 14
Iteração: 0
Melhor até agora: 331 Geração: 16
Iteração: 0
Melhor até agora: 328 Geração: 18
Iteração: 0
Melhor até agora: 326 Geração: 8
Iteração: 1
Melhor até agora: 321 Geração: 16
Iteração: 1
Melhor até agora: 318 Geração: 11
Iteração: 3
Melhor até agora: 316 Geração: 17
Iteração: 3
Melhor até agora: 312 Geração: 28
Iteração: 3
Melhor até agora: 308 Geração: 5
Iteração: 4
Melhor até agora: 307 Geração: 7
Iteração: 4
Melhor até agora: 302 Geração: 10
Iteração: 4
Número de swaps entre camadas = 10
Largura da faixa = 36
Melhor altura = 302

Lower Bound 1 = 261
Lower Bound 2 = 36
Avaliação = 1.15709

Tempo de execução: 16s

---------------------------

Número de cromossomos: 114
Tamanho da população: 60
Fração elite: 0.3
Fração mutante: 0.7
Probabilidade herdar alelo elite: 0.6
Número de populações independentes: 2
Número de threads: 14
Trocar os melhores indivíduos a cada 100 gerações
Número máximo de gerações: 100

Número de cromossomos: 114
Tamanho da população: 60
Fração elite: 0.3
Fração mutante: 0.7
Probabilidade herdar alelo elite: 0.6
Número de populações independentes: 2
Número de threads: 14
Trocar os melhores indivíduos a cada 100 gerações
Número máximo de gerações: 100

Tamanho da população: 230
Fração elite: 0.15
Fração mutante: 0.2
Probabilidade herdar alelo elite: 0.55
Número de populações independentes: 3
Número de threads: 14
Trocar os melhores indivíduos a cada 40 gerações
Número máximo de gerações: 130
Número máximo de iterações sem melhora: 30
Melhor até agora: 330 Geração: 9
Iteração: 0
Melhor até agora: 329 Geração: 15
Iteração: 0
Melhor até agora: 327 Geração: 42
Iteração: 0
Melhor até agora: 325 Geração: 14
Iteração: 1
Melhor até agora: 323 Geração: 23
Iteração: 1
Melhor até agora: 322 Geração: 11
Iteração: 3
Melhor até agora: 321 Geração: 13
Iteração: 3
Melhor até agora: 320 Geração: 14
Iteração: 3
Melhor até agora: 319 Geração: 19
Iteração: 3
Melhor até agora: 314 Geração: 7
Iteração: 4
Melhor até agora: 308 Geração: 11
Iteração: 4
Melhor até agora: 307 Geração: 24
Iteração: 4
Melhor até agora: 306 Geração: 26
Iteração: 4
Melhor até agora: 305 Geração: 36
Iteração: 4
Melhor até agora: 304 Geração: 42
Iteração: 4
Melhor até agora: 303 Geração: 50
Iteração: 4
Número de swaps entre camadas = 10
Largura da faixa = 36
Melhor altura = 303

Lower Bound 1 = 261
Lower Bound 2 = 36
Avaliação = 1.16092

Tempo de execução: 19s

---------------------------

Número de cromossomos: 114
Tamanho da população: 60
Fração elite: 0.3
Fração mutante: 0.7
Probabilidade herdar alelo elite: 0.6
Número de populações independentes: 2
Número de threads: 14
Trocar os melhores indivíduos a cada 100 gerações
Número máximo de gerações: 100

Número de cromossomos: 114
Tamanho da população: 60
Fração elite: 0.3
Fração mutante: 0.7
Probabilidade herdar alelo elite: 0.6
Número de populações independentes: 2
Número de threads: 14
Trocar os melhores indivíduos a cada 100 gerações
Número máximo de gerações: 100

Tamanho da população: 230
Fração elite: 0.15
Fração mutante: 0.2
Probabilidade herdar alelo elite: 0.55
Número de populações independentes: 3
Número de threads: 14
Trocar os melhores indivíduos a cada 40 gerações
Número máximo de gerações: 130
Número máximo de iterações sem melhora: 30
Melhor até agora: 340 Geração: 0
Iteração: 0
Melhor até agora: 334 Geração: 10
Iteração: 0
Melhor até agora: 331 Geração: 11
Iteração: 0
Melhor até agora: 326 Geração: 12
Iteração: 0
Melhor até agora: 322 Geração: 19
Iteração: 0
Melhor até agora: 321 Geração: 16
Iteração: 1
Melhor até agora: 320 Geração: 11
Iteração: 3
Melhor até agora: 318 Geração: 13
Iteração: 3
Melhor até agora: 314 Geração: 3
Iteração: 4
Melhor até agora: 305 Geração: 9
Iteração: 4
Melhor até agora: 303 Geração: 13
Iteração: 4
Melhor até agora: 301 Geração: 22
Iteração: 4
Número de swaps entre camadas = 10
Largura da faixa = 36
Melhor altura = 301

Lower Bound 1 = 261
Lower Bound 2 = 36
Avaliação = 1.15326

Tempo de execução: 16s

---------------------------

Número de cromossomos: 114
Tamanho da população: 60
Fração elite: 0.3
Fração mutante: 0.7
Probabilidade herdar alelo elite: 0.6
Número de populações independentes: 2
Número de threads: 14
Trocar os melhores indivíduos a cada 100 gerações
Número máximo de gerações: 100

Número de cromossomos: 114
Tamanho da população: 60
Fração elite: 0.3
Fração mutante: 0.7
Probabilidade herdar alelo elite: 0.6
Número de populações independentes: 2
Número de threads: 14
Trocar os melhores indivíduos a cada 100 gerações
Número máximo de gerações: 100

Tamanho da população: 230
Fração elite: 0.15
Fração mutante: 0.2
Probabilidade herdar alelo elite: 0.55
Número de populações independentes: 3
Número de threads: 14
Trocar os melhores indivíduos a cada 40 gerações
Número máximo de gerações: 130
Número máximo de iterações sem melhora: 30
Melhor até agora: 343 Geração: 6
Iteração: 0
Melhor até agora: 329 Geração: 8
Iteração: 0
Melhor até agora: 328 Geração: 16
Iteração: 1
Melhor até agora: 326 Geração: 15
Iteração: 2
Melhor até agora: 324 Geração: 19
Iteração: 2
Melhor até agora: 315 Geração: 24
Iteração: 2
Melhor até agora: 314 Geração: 9
Iteração: 4
Melhor até agora: 310 Geração: 10
Iteração: 4
Melhor até agora: 309 Geração: 14
Iteração: 4
Melhor até agora: 307 Geração: 16
Iteração: 4
Número de swaps entre camadas = 10
Largura da faixa = 36
Melhor altura = 307

Lower Bound 1 = 261
Lower Bound 2 = 36
Avaliação = 1.17625

Tempo de execução: 15s

---------------------------

Número de cromossomos: 114
Tamanho da população: 60
Fração elite: 0.3
Fração mutante: 0.7
Probabilidade herdar alelo elite: 0.6
Número de populações independentes: 2
Número de threads: 14
Trocar os melhores indivíduos a cada 100 gerações
Número máximo de gerações: 100

Número de cromossomos: 114
Tamanho da população: 60
Fração elite: 0.3
Fração mutante: 0.7
Probabilidade herdar alelo elite: 0.6
Número de populações independentes: 2
Número de threads: 14
Trocar os melhores indivíduos a cada 100 gerações
Número máximo de gerações: 100

Tamanho da população: 230
Fração elite: 0.15
Fração mutante: 0.2
Probabilidade herdar alelo elite: 0.55
Número de populações independentes: 3
Número de threads: 14
Trocar os melhores indivíduos a cada 40 gerações
Número máximo de gerações: 130
Número máximo de iterações sem melhora: 30
Melhor até agora: 326 Geração: 6
Iteração: 0
Melhor até agora: 322 Geração: 16
Iteração: 0
Melhor até agora: 321 Geração: 16
Iteração: 2
Melhor até agora: 320 Geração: 15
Iteração: 3
Melhor até agora: 315 Geração: 18
Iteração: 3
Melhor até agora: 310 Geração: 4
Iteração: 4
Melhor até agora: 305 Geração: 7
Iteração: 4
Melhor até agora: 304 Geração: 16
Iteração: 4
Número de swaps entre camadas = 10
Largura da faixa = 36
Melhor altura = 304

Lower Bound 1 = 261
Lower Bound 2 = 36
Avaliação = 1.16475

Tempo de execução: 15s

---------------------------

Número de cromossomos: 114
Tamanho da população: 60
Fração elite: 0.3
Fração mutante: 0.7
Probabilidade herdar alelo elite: 0.6
Número de populações independentes: 2
Número de threads: 14
Trocar os melhores indivíduos a cada 100 gerações
Número máximo de gerações: 100

Melhor até agora: 586 Geração: 0
Iteração: 1
Melhor até agora: 576 Geração: 8
Iteração: 1
Número de cromossomos: 114
Tamanho da população: 60
Fração elite: 0.3
Fração mutante: 0.7
Probabilidade herdar alelo elite: 0.6
Número de populações independentes: 2
Número de threads: 14
Trocar os melhores indivíduos a cada 100 gerações
Número máximo de gerações: 100

Tamanho da população: 230
Fração elite: 0.15
Fração mutante: 0.2
Probabilidade herdar alelo elite: 0.55
Número de populações independentes: 3
Número de threads: 14
Trocar os melhores indivíduos a cada 40 gerações
Número máximo de gerações: 130
Número máximo de iterações sem melhora: 30
Melhor até agora: 345 Geração: 9
Iteração: 0
Melhor até agora: 335 Geração: 10
Iteração: 0
Melhor até agora: 334 Geração: 25
Iteração: 0
Melhor até agora: 327 Geração: 26
Iteração: 0
Melhor até agora: 324 Geração: 11
Iteração: 1
Melhor até agora: 322 Geração: 12
Iteração: 1
Melhor até agora: 319 Geração: 15
Iteração: 3
Melhor até agora: 318 Geração: 16
Iteração: 3
Melhor até agora: 315 Geração: 19
Iteração: 3
Melhor até agora: 312 Geração: 9
Iteração: 4
Melhor até agora: 308 Geração: 10
Iteração: 4
Melhor até agora: 306 Geração: 12
Iteração: 4
Melhor até agora: 305 Geração: 20
Iteração: 4
Melhor até agora: 304 Geração: 38
Iteração: 4
Número de swaps entre camadas = 10
Largura da faixa = 36
Melhor altura = 304

Lower Bound 1 = 261
Lower Bound 2 = 36
Avaliação = 1.16475

Tempo de execução: 18s

---------------------------

Número de cromossomos: 114
Tamanho da população: 60
Fração elite: 0.3
Fração mutante: 0.7
Probabilidade herdar alelo elite: 0.6
Número de populações independentes: 2
Número de threads: 14
Trocar os melhores indivíduos a cada 100 gerações
Número máximo de gerações: 100

Número de cromossomos: 114
Tamanho da população: 60
Fração elite: 0.3
Fração mutante: 0.7
Probabilidade herdar alelo elite: 0.6
Número de populações independentes: 2
Número de threads: 14
Trocar os melhores indivíduos a cada 100 gerações
Número máximo de gerações: 100

Tamanho da população: 230
Fração elite: 0.15
Fração mutante: 0.2
Probabilidade herdar alelo elite: 0.55
Número de populações independentes: 3
Número de threads: 14
Trocar os melhores indivíduos a cada 40 gerações
Número máximo de gerações: 130
Número máximo de iterações sem melhora: 30
Melhor até agora: 338 Geração: 0
Iteração: 0
Melhor até agora: 330 Geração: 11
Iteração: 0
Melhor até agora: 325 Geração: 16
Iteração: 0
Melhor até agora: 320 Geração: 16
Iteração: 1
Melhor até agora: 318 Geração: 22
Iteração: 1
Melhor até agora: 317 Geração: 48
Iteração: 1
Melhor até agora: 313 Geração: 14
Iteração: 2
Melhor até agora: 308 Geração: 4
Iteração: 4
Melhor até agora: 306 Geração: 10
Iteração: 4
Melhor até agora: 305 Geração: 14
Iteração: 4
Melhor até agora: 304 Geração: 18
Iteração: 4
Número de swaps entre camadas = 10
Largura da faixa = 36
Melhor altura = 304

Lower Bound 1 = 261
Lower Bound 2 = 36
Avaliação = 1.16475

Tempo de execução: 17s

---------------------------

Número de cromossomos: 114
Tamanho da população: 60
Fração elite: 0.3
Fração mutante: 0.7
Probabilidade herdar alelo elite: 0.6
Número de populações independentes: 2
Número de threads: 14
Trocar os melhores indivíduos a cada 100 gerações
Número máximo de gerações: 100

Número de cromossomos: 114
Tamanho da população: 60
Fração elite: 0.3
Fração mutante: 0.7
Probabilidade herdar alelo elite: 0.6
Número de populações independentes: 2
Número de threads: 14
Trocar os melhores indivíduos a cada 100 gerações
Número máximo de gerações: 100

Tamanho da população: 230
Fração elite: 0.15
Fração mutante: 0.2
Probabilidade herdar alelo elite: 0.55
Número de populações independentes: 3
Número de threads: 14
Trocar os melhores indivíduos a cada 40 gerações
Número máximo de gerações: 130
Número máximo de iterações sem melhora: 30
Melhor até agora: 342 Geração: 8
Iteração: 0
Melhor até agora: 339 Geração: 9
Iteração: 0
Melhor até agora: 334 Geração: 12
Iteração: 0
Melhor até agora: 332 Geração: 13
Iteração: 0
Melhor até agora: 331 Geração: 14
Iteração: 0
Melhor até agora: 330 Geração: 20
Iteração: 0
Melhor até agora: 325 Geração: 21
Iteração: 0
Melhor até agora: 324 Geração: 6
Iteração: 4
Melhor até agora: 316 Geração: 8
Iteração: 4
Número de swaps entre camadas = 10
Largura da faixa = 36
Melhor altura = 316

Lower Bound 1 = 261
Lower Bound 2 = 36
Avaliação = 1.21073

Tempo de execução: 13s

---------------------------

Número de cromossomos: 114
Tamanho da população: 60
Fração elite: 0.3
Fração mutante: 0.7
Probabilidade herdar alelo elite: 0.6
Número de populações independentes: 2
Número de threads: 14
Trocar os melhores indivíduos a cada 100 gerações
Número máximo de gerações: 100

Número de cromossomos: 114
Tamanho da população: 60
Fração elite: 0.3
Fração mutante: 0.7
Probabilidade herdar alelo elite: 0.6
Número de populações independentes: 2
Número de threads: 14
Trocar os melhores indivíduos a cada 100 gerações
Número máximo de gerações: 100

Tamanho da população: 230
Fração elite: 0.15
Fração mutante: 0.2
Probabilidade herdar alelo elite: 0.55
Número de populações independentes: 3
Número de threads: 14
Trocar os melhores indivíduos a cada 40 gerações
Número máximo de gerações: 130
Número máximo de iterações sem melhora: 30
Melhor até agora: 335 Geração: 4
Iteração: 0
Melhor até agora: 333 Geração: 9
Iteração: 0
Melhor até agora: 328 Geração: 11
Iteração: 0
Melhor até agora: 326 Geração: 10
Iteração: 1
Melhor até agora: 325 Geração: 14
Iteração: 1
Melhor até agora: 324 Geração: 15
Iteração: 1
Melhor até agora: 321 Geração: 24
Iteração: 2
Melhor até agora: 317 Geração: 10
Iteração: 3
Melhor até agora: 308 Geração: 7
Iteração: 4
Melhor até agora: 307 Geração: 17
Iteração: 4
Número de swaps entre camadas = 10
Largura da faixa = 36
Melhor altura = 307

Lower Bound 1 = 261
Lower Bound 2 = 36
Avaliação = 1.17625

Tempo de execução: 16s

---------------------------

Número de cromossomos: 114
Tamanho da população: 60
Fração elite: 0.3
Fração mutante: 0.7
Probabilidade herdar alelo elite: 0.6
Número de populações independentes: 2
Número de threads: 14
Trocar os melhores indivíduos a cada 100 gerações
Número máximo de gerações: 100

Número de cromossomos: 114
Tamanho da população: 60
Fração elite: 0.3
Fração mutante: 0.7
Probabilidade herdar alelo elite: 0.6
Número de populações independentes: 2
Número de threads: 14
Trocar os melhores indivíduos a cada 100 gerações
Número máximo de gerações: 100

Tamanho da população: 230
Fração elite: 0.15
Fração mutante: 0.2
Probabilidade herdar alelo elite: 0.55
Número de populações independentes: 3
Número de threads: 14
Trocar os melhores indivíduos a cada 40 gerações
Número máximo de gerações: 130
Número máximo de iterações sem melhora: 30
Melhor até agora: 341 Geração: 8
Iteração: 0
Melhor até agora: 335 Geração: 11
Iteração: 0
Melhor até agora: 326 Geração: 15
Iteração: 0
Melhor até agora: 325 Geração: 18
Iteração: 0
Melhor até agora: 324 Geração: 19
Iteração: 0
Melhor até agora: 323 Geração: 26
Iteração: 0
Melhor até agora: 322 Geração: 18
Iteração: 1
Melhor até agora: 320 Geração: 14
Iteração: 3
Melhor até agora: 319 Geração: 16
Iteração: 3
Melhor até agora: 312 Geração: 8
Iteração: 4
Melhor até agora: 307 Geração: 11
Iteração: 4
Melhor até agora: 302 Geração: 13
Iteração: 4
Melhor até agora: 301 Geração: 19
Iteração: 4
Número de swaps entre camadas = 10
Largura da faixa = 36
Melhor altura = 301

Lower Bound 1 = 261
Lower Bound 2 = 36
Avaliação = 1.15326

Tempo de execução: 16s

---------------------------

Número de cromossomos: 114
Tamanho da população: 60
Fração elite: 0.3
Fração mutante: 0.7
Probabilidade herdar alelo elite: 0.6
Número de populações independentes: 2
Número de threads: 14
Trocar os melhores indivíduos a cada 100 gerações
Número máximo de gerações: 100

Número de cromossomos: 114
Tamanho da população: 60
Fração elite: 0.3
Fração mutante: 0.7
Probabilidade herdar alelo elite: 0.6
Número de populações independentes: 2
Número de threads: 14
Trocar os melhores indivíduos a cada 100 gerações
Número máximo de gerações: 100

Tamanho da população: 230
Fração elite: 0.15
Fração mutante: 0.2
Probabilidade herdar alelo elite: 0.55
Número de populações independentes: 3
Número de threads: 14
Trocar os melhores indivíduos a cada 40 gerações
Número máximo de gerações: 130
Número máximo de iterações sem melhora: 30
Melhor até agora: 341 Geração: 8
Iteração: 0
Melhor até agora: 330 Geração: 14
Iteração: 0
Melhor até agora: 327 Geração: 15
Iteração: 0
Melhor até agora: 326 Geração: 18
Iteração: 0
Melhor até agora: 325 Geração: 25
Iteração: 0
Melhor até agora: 323 Geração: 19
Iteração: 1
Melhor até agora: 322 Geração: 6
Iteração: 2
Melhor até agora: 321 Geração: 13
Iteração: 2
Melhor até agora: 319 Geração: 18
Iteração: 2
Melhor até agora: 318 Geração: 33
Iteração: 2
Melhor até agora: 311 Geração: 43
Iteração: 2
Melhor até agora: 310 Geração: 22
Iteração: 3
Melhor até agora: 306 Geração: 8
Iteração: 4
Melhor até agora: 304 Geração: 11
Iteração: 4
Melhor até agora: 302 Geração: 12
Iteração: 4
Melhor até agora: 300 Geração: 20
Iteração: 4
Número de swaps entre camadas = 10
Largura da faixa = 36
Melhor altura = 300

Lower Bound 1 = 261
Lower Bound 2 = 36
Avaliação = 1.14943

Tempo de execução: 19s

---------------------------

Número de cromossomos: 114
Tamanho da população: 60
Fração elite: 0.3
Fração mutante: 0.7
Probabilidade herdar alelo elite: 0.6
Número de populações independentes: 2
Número de threads: 14
Trocar os melhores indivíduos a cada 100 gerações
Número máximo de gerações: 100

Número de cromossomos: 114
Tamanho da população: 60
Fração elite: 0.3
Fração mutante: 0.7
Probabilidade herdar alelo elite: 0.6
Número de populações independentes: 2
Número de threads: 14
Trocar os melhores indivíduos a cada 100 gerações
Número máximo de gerações: 100

Tamanho da população: 230
Fração elite: 0.15
Fração mutante: 0.2
Probabilidade herdar alelo elite: 0.55
Número de populações independentes: 3
Número de threads: 14
Trocar os melhores indivíduos a cada 40 gerações
Número máximo de gerações: 130
Número máximo de iterações sem melhora: 30
Melhor até agora: 340 Geração: 0
Iteração: 0
Melhor até agora: 337 Geração: 10
Iteração: 0
Melhor até agora: 335 Geração: 12
Iteração: 0
Melhor até agora: 328 Geração: 13
Iteração: 0
Melhor até agora: 326 Geração: 17
Iteração: 0
Melhor até agora: 320 Geração: 29
Iteração: 0
Melhor até agora: 315 Geração: 14
Iteração: 3
Melhor até agora: 311 Geração: 24
Iteração: 3
Melhor até agora: 309 Geração: 4
Iteração: 4
Melhor até agora: 305 Geração: 9
Iteração: 4
Melhor até agora: 303 Geração: 12
Iteração: 4
Melhor até agora: 301 Geração: 17
Iteração: 4
Número de swaps entre camadas = 10
Largura da faixa = 36
Melhor altura = 301

Lower Bound 1 = 261
Lower Bound 2 = 36
Avaliação = 1.15326

Tempo de execução: 15s

---------------------------

Número de cromossomos: 114
Tamanho da população: 60
Fração elite: 0.3
Fração mutante: 0.7
Probabilidade herdar alelo elite: 0.6
Número de populações independentes: 2
Número de threads: 14
Trocar os melhores indivíduos a cada 100 gerações
Número máximo de gerações: 100

Número de cromossomos: 114
Tamanho da população: 60
Fração elite: 0.3
Fração mutante: 0.7
Probabilidade herdar alelo elite: 0.6
Número de populações independentes: 2
Número de threads: 14
Trocar os melhores indivíduos a cada 100 gerações
Número máximo de gerações: 100

Tamanho da população: 230
Fração elite: 0.15
Fração mutante: 0.2
Probabilidade herdar alelo elite: 0.55
Número de populações independentes: 3
Número de threads: 14
Trocar os melhores indivíduos a cada 40 gerações
Número máximo de gerações: 130
Número máximo de iterações sem melhora: 30
Melhor até agora: 341 Geração: 10
Iteração: 0
Melhor até agora: 338 Geração: 13
Iteração: 0
Melhor até agora: 334 Geração: 14
Iteração: 0
Melhor até agora: 332 Geração: 15
Iteração: 0
Melhor até agora: 326 Geração: 16
Iteração: 0
Melhor até agora: 322 Geração: 17
Iteração: 1
Melhor até agora: 317 Geração: 23
Iteração: 1
Melhor até agora: 312 Geração: 10
Iteração: 4
Melhor até agora: 311 Geração: 13
Iteração: 4
Melhor até agora: 308 Geração: 16
Iteração: 4
Número de swaps entre camadas = 10
Largura da faixa = 36
Melhor altura = 308

Lower Bound 1 = 261
Lower Bound 2 = 36
Avaliação = 1.18008

Tempo de execução: 15s

---------------------------

Número de cromossomos: 114
Tamanho da população: 60
Fração elite: 0.3
Fração mutante: 0.7
Probabilidade herdar alelo elite: 0.6
Número de populações independentes: 2
Número de threads: 14
Trocar os melhores indivíduos a cada 100 gerações
Número máximo de gerações: 100

Número de cromossomos: 114
Tamanho da população: 60
Fração elite: 0.3
Fração mutante: 0.7
Probabilidade herdar alelo elite: 0.6
Número de populações independentes: 2
Número de threads: 14
Trocar os melhores indivíduos a cada 100 gerações
Número máximo de gerações: 100

Tamanho da população: 230
Fração elite: 0.15
Fração mutante: 0.2
Probabilidade herdar alelo elite: 0.55
Número de populações independentes: 3
Número de threads: 14
Trocar os melhores indivíduos a cada 40 gerações
Número máximo de gerações: 130
Número máximo de iterações sem melhora: 30
Melhor até agora: 333 Geração: 8
Iteração: 0
Melhor até agora: 330 Geração: 13
Iteração: 0
Melhor até agora: 329 Geração: 20
Iteração: 1
Melhor até agora: 328 Geração: 40
Iteração: 1
Melhor até agora: 327 Geração: 43
Iteração: 1
Melhor até agora: 324 Geração: 21
Iteração: 2
Melhor até agora: 322 Geração: 8
Iteração: 4
Melhor até agora: 319 Geração: 9
Iteração: 4
Melhor até agora: 317 Geração: 13
Iteração: 4
Melhor até agora: 316 Geração: 19
Iteração: 4
Número de swaps entre camadas = 10
Largura da faixa = 36
Melhor altura = 316

Lower Bound 1 = 261
Lower Bound 2 = 36
Avaliação = 1.21073

Tempo de execução: 17s

---------------------------

Número de cromossomos: 114
Tamanho da população: 60
Fração elite: 0.3
Fração mutante: 0.7
Probabilidade herdar alelo elite: 0.6
Número de populações independentes: 2
Número de threads: 14
Trocar os melhores indivíduos a cada 100 gerações
Número máximo de gerações: 100

Número de cromossomos: 114
Tamanho da população: 60
Fração elite: 0.3
Fração mutante: 0.7
Probabilidade herdar alelo elite: 0.6
Número de populações independentes: 2
Número de threads: 14
Trocar os melhores indivíduos a cada 100 gerações
Número máximo de gerações: 100

Tamanho da população: 230
Fração elite: 0.15
Fração mutante: 0.2
Probabilidade herdar alelo elite: 0.55
Número de populações independentes: 3
Número de threads: 14
Trocar os melhores indivíduos a cada 40 gerações
Número máximo de gerações: 130
Número máximo de iterações sem melhora: 30
Melhor até agora: 343 Geração: 6
Iteração: 0
Melhor até agora: 334 Geração: 8
Iteração: 0
Melhor até agora: 330 Geração: 11
Iteração: 0
Melhor até agora: 325 Geração: 13
Iteração: 0
Melhor até agora: 323 Geração: 9
Iteração: 1
Melhor até agora: 321 Geração: 9
Iteração: 3
Melhor até agora: 318 Geração: 2
Iteração: 4
Melhor até agora: 314 Geração: 8
Iteração: 4
Melhor até agora: 308 Geração: 10
Iteração: 4
Melhor até agora: 307 Geração: 16
Iteração: 4
Melhor até agora: 306 Geração: 21
Iteração: 4
Melhor até agora: 304 Geração: 22
Iteração: 4
Número de swaps entre camadas = 10
Largura da faixa = 36
Melhor altura = 304

Lower Bound 1 = 261
Lower Bound 2 = 36
Avaliação = 1.16475

Tempo de execução: 14s

---------------------------

Número de cromossomos: 114
Tamanho da população: 60
Fração elite: 0.3
Fração mutante: 0.7
Probabilidade herdar alelo elite: 0.6
Número de populações independentes: 2
Número de threads: 14
Trocar os melhores indivíduos a cada 100 gerações
Número máximo de gerações: 100

Número de cromossomos: 114
Tamanho da população: 60
Fração elite: 0.3
Fração mutante: 0.7
Probabilidade herdar alelo elite: 0.6
Número de populações independentes: 2
Número de threads: 14
Trocar os melhores indivíduos a cada 100 gerações
Número máximo de gerações: 100

Tamanho da população: 230
Fração elite: 0.15
Fração mutante: 0.2
Probabilidade herdar alelo elite: 0.55
Número de populações independentes: 3
Número de threads: 14
Trocar os melhores indivíduos a cada 40 gerações
Número máximo de gerações: 130
Número máximo de iterações sem melhora: 30
Melhor até agora: 337 Geração: 12
Iteração: 0
Melhor até agora: 335 Geração: 15
Iteração: 0
Melhor até agora: 333 Geração: 18
Iteração: 0
Melhor até agora: 332 Geração: 20
Iteração: 0
Melhor até agora: 330 Geração: 21
Iteração: 0
Melhor até agora: 326 Geração: 22
Iteração: 0
Melhor até agora: 322 Geração: 1
Iteração: 1
Melhor até agora: 319 Geração: 18
Iteração: 2
Melhor até agora: 315 Geração: 13
Iteração: 3
Melhor até agora: 314 Geração: 21
Iteração: 3
Melhor até agora: 308 Geração: 10
Iteração: 4
Melhor até agora: 304 Geração: 14
Iteração: 4
Número de swaps entre camadas = 10
Largura da faixa = 36
Melhor altura = 304

Lower Bound 1 = 261
Lower Bound 2 = 36
Avaliação = 1.16475

Tempo de execução: 15s

---------------------------

Número de cromossomos: 114
Tamanho da população: 60
Fração elite: 0.3
Fração mutante: 0.7
Probabilidade herdar alelo elite: 0.6
Número de populações independentes: 2
Número de threads: 14
Trocar os melhores indivíduos a cada 100 gerações
Número máximo de gerações: 100

Número de cromossomos: 114
Tamanho da população: 60
Fração elite: 0.3
Fração mutante: 0.7
Probabilidade herdar alelo elite: 0.6
Número de populações independentes: 2
Número de threads: 14
Trocar os melhores indivíduos a cada 100 gerações
Número máximo de gerações: 100

Tamanho da população: 230
Fração elite: 0.15
Fração mutante: 0.2
Probabilidade herdar alelo elite: 0.55
Número de populações independentes: 3
Número de threads: 14
Trocar os melhores indivíduos a cada 40 gerações
Número máximo de gerações: 130
Número máximo de iterações sem melhora: 30
Melhor até agora: 335 Geração: 14
Iteração: 0
Melhor até agora: 331 Geração: 15
Iteração: 0
Melhor até agora: 330 Geração: 17
Iteração: 0
Melhor até agora: 328 Geração: 18
Iteração: 0
Melhor até agora: 327 Geração: 30
Iteração: 0
Melhor até agora: 325 Geração: 41
Iteração: 0
Melhor até agora: 324 Geração: 12
Iteração: 3
Melhor até agora: 323 Geração: 19
Iteração: 3
Melhor até agora: 322 Geração: 20
Iteração: 3
Melhor até agora: 320 Geração: 34
Iteração: 3
Melhor até agora: 318 Geração: 39
Iteração: 3
Melhor até agora: 317 Geração: 42
Iteração: 3
Melhor até agora: 316 Geração: 44
Iteração: 3
Melhor até agora: 311 Geração: 7
Iteração: 4
Melhor até agora: 309 Geração: 10
Iteração: 4
Melhor até agora: 306 Geração: 18
Iteração: 4
Número de swaps entre camadas = 10
Largura da faixa = 36
Melhor altura = 306

Lower Bound 1 = 261
Lower Bound 2 = 36
Avaliação = 1.17241

Tempo de execução: 17s

---------------------------

Tamanho da população: 297
Fração elite: 0.55
Fração mutante: 0.0174
Probabilidade herdar alelo elite: 0.7678
Número de populações independentes: 1
Número de threads: 1
Trocar os melhores indivíduos a cada 30 gerações
Número máximo de gerações: 279

Largura da faixa = 36
Melhor altura = 299

Lower Bound 1 = 261
Lower Bound 2 = 36
Avaliação = 1.14559

Tempo de execução: 17.2678s

---------------------------

Tamanho da população: 297
Fração elite: 0.55
Fração mutante: 0.0174
Probabilidade herdar alelo elite: 0.7678
Número de populações independentes: 1
Número de threads: 1
Trocar os melhores indivíduos a cada 30 gerações
Número máximo de gerações: 279

Largura da faixa = 36
Melhor altura = 296

Lower Bound 1 = 261
Lower Bound 2 = 36
Avaliação = 1.1341

Tempo de execução: 17.7276s

---------------------------

Tamanho da população: 297
Fração elite: 0.55
Fração mutante: 0.0174
Probabilidade herdar alelo elite: 0.7678
Número de populações independentes: 1
Número de threads: 1
Trocar os melhores indivíduos a cada 30 gerações
Número máximo de gerações: 279

Largura da faixa = 36
Melhor altura = 295

Lower Bound 1 = 261
Lower Bound 2 = 36
Avaliação = 1.13027

Tempo de execução: 17.9359s

---------------------------

Tamanho da população: 297
Fração elite: 0.55
Fração mutante: 0.0174
Probabilidade herdar alelo elite: 0.7678
Número de populações independentes: 1
Número de threads: 1
Trocar os melhores indivíduos a cada 30 gerações
Número máximo de gerações: 279

Largura da faixa = 36
Melhor altura = 294

Lower Bound 1 = 261
Lower Bound 2 = 36
Avaliação = 1.12644

Tempo de execução: 19.5303s

---------------------------

Tamanho da população: 297
Fração elite: 0.55
Fração mutante: 0.0174
Probabilidade herdar alelo elite: 0.7678
Número de populações independentes: 1
Número de threads: 1
Trocar os melhores indivíduos a cada 30 gerações
Número máximo de gerações: 279

Largura da faixa = 36
Melhor altura = 297

Lower Bound 1 = 261
Lower Bound 2 = 36
Avaliação = 1.13793

Tempo de execução: 19.554s

---------------------------

Tamanho da população: 297
Fração elite: 0.55
Fração mutante: 0.0174
Probabilidade herdar alelo elite: 0.7678
Número de populações independentes: 1
Número de threads: 1
Trocar os melhores indivíduos a cada 30 gerações
Número máximo de gerações: 279

Largura da faixa = 36
Melhor altura = 297

Lower Bound 1 = 261
Lower Bound 2 = 36
Avaliação = 1.13793

Tempo de execução: 19.8702s

---------------------------

Tamanho da população: 297
Fração elite: 0.55
Fração mutante: 0.0174
Probabilidade herdar alelo elite: 0.7678
Número de populações independentes: 1
Número de threads: 1
Trocar os melhores indivíduos a cada 30 gerações
Número máximo de gerações: 279

Largura da faixa = 36
Melhor altura = 299

Lower Bound 1 = 261
Lower Bound 2 = 36
Avaliação = 1.14559

Tempo de execução: 15.2617s

---------------------------

Tamanho da população: 297
Fração elite: 0.55
Fração mutante: 0.0174
Probabilidade herdar alelo elite: 0.7678
Número de populações independentes: 1
Número de threads: 1
Trocar os melhores indivíduos a cada 30 gerações
Número máximo de gerações: 279

Largura da faixa = 36
Melhor altura = 297

Lower Bound 1 = 261
Lower Bound 2 = 36
Avaliação = 1.13793

Tempo de execução: 15.942s

---------------------------

Tamanho da população: 297
Fração elite: 0.55
Fração mutante: 0.0174
Probabilidade herdar alelo elite: 0.7678
Número de populações independentes: 1
Número de threads: 1
Trocar os melhores indivíduos a cada 30 gerações
Número máximo de gerações: 279

Largura da faixa = 36
Melhor altura = 292

Lower Bound 1 = 261
Lower Bound 2 = 36
Avaliação = 1.11877

Tempo de execução: 17.3114s

---------------------------

Tamanho da população: 297
Fração elite: 0.55
Fração mutante: 0.0174
Probabilidade herdar alelo elite: 0.7678
Número de populações independentes: 1
Número de threads: 1
Trocar os melhores indivíduos a cada 30 gerações
Número máximo de gerações: 279

Largura da faixa = 36
Melhor altura = 297

Lower Bound 1 = 261
Lower Bound 2 = 36
Avaliação = 1.13793

Tempo de execução: 19.2123s

---------------------------

Tamanho da população: 297
Fração elite: 0.55
Fração mutante: 0.0174
Probabilidade herdar alelo elite: 0.7678
Número de populações independentes: 1
Número de threads: 1
Trocar os melhores indivíduos a cada 30 gerações
Número máximo de gerações: 279

Largura da faixa = 36
Melhor altura = 298

Lower Bound 1 = 261
Lower Bound 2 = 36
Avaliação = 1.14176

Tempo de execução: 19.4382s

---------------------------

Tamanho da população: 297
Fração elite: 0.55
Fração mutante: 0.0174
Probabilidade herdar alelo elite: 0.7678
Número de populações independentes: 1
Número de threads: 1
Trocar os melhores indivíduos a cada 30 gerações
Número máximo de gerações: 279

Largura da faixa = 36
Melhor altura = 293

Lower Bound 1 = 261
Lower Bound 2 = 36
Avaliação = 1.12261

Tempo de execução: 19.6714s

---------------------------

Tamanho da população: 297
Fração elite: 0.55
Fração mutante: 0.0174
Probabilidade herdar alelo elite: 0.7678
Número de populações independentes: 1
Número de threads: 1
Trocar os melhores indivíduos a cada 30 gerações
Número máximo de gerações: 279

Largura da faixa = 36
Melhor altura = 302

Lower Bound 1 = 261
Lower Bound 2 = 36
Avaliação = 1.15709

Tempo de execução: 16.129s

---------------------------

Tamanho da população: 297
Fração elite: 0.55
Fração mutante: 0.0174
Probabilidade herdar alelo elite: 0.7678
Número de populações independentes: 1
Número de threads: 1
Trocar os melhores indivíduos a cada 30 gerações
Número máximo de gerações: 279

Largura da faixa = 36
Melhor altura = 297

Lower Bound 1 = 261
Lower Bound 2 = 36
Avaliação = 1.13793

Tempo de execução: 18.3108s

---------------------------

Tamanho da população: 297
Fração elite: 0.55
Fração mutante: 0.0174
Probabilidade herdar alelo elite: 0.7678
Número de populações independentes: 1
Número de threads: 1
Trocar os melhores indivíduos a cada 30 gerações
Número máximo de gerações: 279

Largura da faixa = 36
Melhor altura = 291

Lower Bound 1 = 261
Lower Bound 2 = 36
Avaliação = 1.11494

Tempo de execução: 19.0081s

---------------------------

Tamanho da população: 297
Fração elite: 0.55
Fração mutante: 0.0174
Probabilidade herdar alelo elite: 0.7678
Número de populações independentes: 1
Número de threads: 1
Trocar os melhores indivíduos a cada 30 gerações
Número máximo de gerações: 279

Largura da faixa = 36
Melhor altura = 296

Lower Bound 1 = 261
Lower Bound 2 = 36
Avaliação = 1.1341

Tempo de execução: 18.9064s

---------------------------

Tamanho da população: 297
Fração elite: 0.55
Fração mutante: 0.0174
Probabilidade herdar alelo elite: 0.7678
Número de populações independentes: 1
Número de threads: 1
Trocar os melhores indivíduos a cada 30 gerações
Número máximo de gerações: 279

Largura da faixa = 36
Melhor altura = 297

Lower Bound 1 = 261
Lower Bound 2 = 36
Avaliação = 1.13793

Tempo de execução: 18.9345s

---------------------------

Tamanho da população: 297
Fração elite: 0.55
Fração mutante: 0.0174
Probabilidade herdar alelo elite: 0.7678
Número de populações independentes: 1
Número de threads: 1
Trocar os melhores indivíduos a cada 30 gerações
Número máximo de gerações: 279

Largura da faixa = 36
Melhor altura = 296

Lower Bound 1 = 261
Lower Bound 2 = 36
Avaliação = 1.1341

Tempo de execução: 19.6734s

---------------------------

Tamanho da população: 297
Fração elite: 0.55
Fração mutante: 0.0174
Probabilidade herdar alelo elite: 0.7678
Número de populações independentes: 1
Número de threads: 1
Trocar os melhores indivíduos a cada 30 gerações
Número máximo de gerações: 279

Largura da faixa = 36
Melhor altura = 299

Lower Bound 1 = 261
Lower Bound 2 = 36
Avaliação = 1.14559

Tempo de execução: 14.9679s

---------------------------

Tamanho da população: 297
Fração elite: 0.55
Fração mutante: 0.0174
Probabilidade herdar alelo elite: 0.7678
Número de populações independentes: 1
Número de threads: 1
Trocar os melhores indivíduos a cada 30 gerações
Número máximo de gerações: 279

Largura da faixa = 36
Melhor altura = 303

Lower Bound 1 = 261
Lower Bound 2 = 36
Avaliação = 1.16092

Tempo de execução: 16.1102s

---------------------------

Tamanho da população: 392
Fração elite: 0.2567
Fração mutante: 0.0202
Probabilidade herdar alelo elite: 0.6001
Número de populações independentes: 1
Número de threads: 1
Número máximo de gerações: 364

Largura da faixa = 36
Melhor altura = 293

Lower Bound 1 = 261
Lower Bound 2 = 36
Avaliação = 1.12261

Tempo de execução: 21.457s

---------------------------

Tamanho da população: 392
Fração elite: 0.2567
Fração mutante: 0.0202
Probabilidade herdar alelo elite: 0.6001
Número de populações independentes: 1
Número de threads: 1
Número máximo de gerações: 364

Largura da faixa = 36
Melhor altura = 291

Lower Bound 1 = 261
Lower Bound 2 = 36
Avaliação = 1.11494

Tempo de execução: 21.8171s

---------------------------

Tamanho da população: 392
Fração elite: 0.2567
Fração mutante: 0.0202
Probabilidade herdar alelo elite: 0.6001
Número de populações independentes: 1
Número de threads: 1
Número máximo de gerações: 364

Largura da faixa = 36
Melhor altura = 295

Lower Bound 1 = 261
Lower Bound 2 = 36
Avaliação = 1.13027

Tempo de execução: 23.2734s

---------------------------

Tamanho da população: 392
Fração elite: 0.2567
Fração mutante: 0.0202
Probabilidade herdar alelo elite: 0.6001
Número de populações independentes: 1
Número de threads: 1
Número máximo de gerações: 364

Largura da faixa = 36
Melhor altura = 294

Lower Bound 1 = 261
Lower Bound 2 = 36
Avaliação = 1.12644

Tempo de execução: 21.5824s

---------------------------

Tamanho da população: 392
Fração elite: 0.2567
Fração mutante: 0.0202
Probabilidade herdar alelo elite: 0.6001
Número de populações independentes: 1
Número de threads: 1
Número máximo de gerações: 364

Largura da faixa = 36
Melhor altura = 297

Lower Bound 1 = 261
Lower Bound 2 = 36
Avaliação = 1.13793

Tempo de execução: 21.8822s

---------------------------

Tamanho da população: 392
Fração elite: 0.2567
Fração mutante: 0.0202
Probabilidade herdar alelo elite: 0.6001
Número de populações independentes: 1
Número de threads: 1
Número máximo de gerações: 364

Largura da faixa = 36
Melhor altura = 295

Lower Bound 1 = 261
Lower Bound 2 = 36
Avaliação = 1.13027

Tempo de execução: 22.0626s

---------------------------

Tamanho da população: 392
Fração elite: 0.2567
Fração mutante: 0.0202
Probabilidade herdar alelo elite: 0.6001
Número de populações independentes: 1
Número de threads: 1
Número máximo de gerações: 364

Largura da faixa = 36
Melhor altura = 293

Lower Bound 1 = 261
Lower Bound 2 = 36
Avaliação = 1.12261

Tempo de execução: 21.8111s

---------------------------

Tamanho da população: 392
Fração elite: 0.2567
Fração mutante: 0.0202
Probabilidade herdar alelo elite: 0.6001
Número de populações independentes: 1
Número de threads: 1
Número máximo de gerações: 364

Largura da faixa = 36
Melhor altura = 292

Lower Bound 1 = 261
Lower Bound 2 = 36
Avaliação = 1.11877

Tempo de execução: 22.0286s

---------------------------

Tamanho da população: 392
Fração elite: 0.2567
Fração mutante: 0.0202
Probabilidade herdar alelo elite: 0.6001
Número de populações independentes: 1
Número de threads: 1
Número máximo de gerações: 364

Largura da faixa = 36
Melhor altura = 290

Lower Bound 1 = 261
Lower Bound 2 = 36
Avaliação = 1.11111

Tempo de execução: 22.0834s

---------------------------

Tamanho da população: 392
Fração elite: 0.2567
Fração mutante: 0.0202
Probabilidade herdar alelo elite: 0.6001
Número de populações independentes: 1
Número de threads: 1
Número máximo de gerações: 364

Largura da faixa = 36
Melhor altura = 291

Lower Bound 1 = 261
Lower Bound 2 = 36
Avaliação = 1.11494

Tempo de execução: 21.562s

---------------------------

Tamanho da população: 392
Fração elite: 0.2567
Fração mutante: 0.0202
Probabilidade herdar alelo elite: 0.6001
Número de populações independentes: 1
Número de threads: 1
Número máximo de gerações: 364

Largura da faixa = 36
Melhor altura = 295

Lower Bound 1 = 261
Lower Bound 2 = 36
Avaliação = 1.13027

Tempo de execução: 21.9761s

---------------------------

Tamanho da população: 392
Fração elite: 0.2567
Fração mutante: 0.0202
Probabilidade herdar alelo elite: 0.6001
Número de populações independentes: 1
Número de threads: 1
Número máximo de gerações: 364

Largura da faixa = 36
Melhor altura = 297

Lower Bound 1 = 261
Lower Bound 2 = 36
Avaliação = 1.13793

Tempo de execução: 22.4045s

---------------------------

Tamanho da população: 392
Fração elite: 0.2567
Fração mutante: 0.0202
Probabilidade herdar alelo elite: 0.6001
Número de populações independentes: 1
Número de threads: 1
Número máximo de gerações: 364

Largura da faixa = 36
Melhor altura = 293

Lower Bound 1 = 261
Lower Bound 2 = 36
Avaliação = 1.12261

Tempo de execução: 21.882s

---------------------------

Tamanho da população: 392
Fração elite: 0.2567
Fração mutante: 0.0202
Probabilidade herdar alelo elite: 0.6001
Número de populações independentes: 1
Número de threads: 1
Número máximo de gerações: 364

Largura da faixa = 36
Melhor altura = 295

Lower Bound 1 = 261
Lower Bound 2 = 36
Avaliação = 1.13027

Tempo de execução: 21.9751s

---------------------------

Tamanho da população: 392
Fração elite: 0.2567
Fração mutante: 0.0202
Probabilidade herdar alelo elite: 0.6001
Número de populações independentes: 1
Número de threads: 1
Número máximo de gerações: 364

Largura da faixa = 36
Melhor altura = 299

Lower Bound 1 = 261
Lower Bound 2 = 36
Avaliação = 1.14559

Tempo de execução: 22.5343s

---------------------------

Tamanho da população: 392
Fração elite: 0.2567
Fração mutante: 0.0202
Probabilidade herdar alelo elite: 0.6001
Número de populações independentes: 1
Número de threads: 1
Número máximo de gerações: 364

Largura da faixa = 36
Melhor altura = 292

Lower Bound 1 = 261
Lower Bound 2 = 36
Avaliação = 1.11877

Tempo de execução: 21.7688s

---------------------------

Tamanho da população: 392
Fração elite: 0.2567
Fração mutante: 0.0202
Probabilidade herdar alelo elite: 0.6001
Número de populações independentes: 1
Número de threads: 1
Número máximo de gerações: 364

Largura da faixa = 36
Melhor altura = 294

Lower Bound 1 = 261
Lower Bound 2 = 36
Avaliação = 1.12644

Tempo de execução: 22.4107s

---------------------------

Tamanho da população: 392
Fração elite: 0.2567
Fração mutante: 0.0202
Probabilidade herdar alelo elite: 0.6001
Número de populações independentes: 1
Número de threads: 1
Número máximo de gerações: 364

Largura da faixa = 36
Melhor altura = 293

Lower Bound 1 = 261
Lower Bound 2 = 36
Avaliação = 1.12261

Tempo de execução: 22.947s

---------------------------

Tamanho da população: 392
Fração elite: 0.2567
Fração mutante: 0.0202
Probabilidade herdar alelo elite: 0.6001
Número de populações independentes: 1
Número de threads: 1
Número máximo de gerações: 364

Largura da faixa = 36
Melhor altura = 290

Lower Bound 1 = 261
Lower Bound 2 = 36
Avaliação = 1.11111

Tempo de execução: 21.64s

---------------------------

Tamanho da população: 392
Fração elite: 0.2567
Fração mutante: 0.0202
Probabilidade herdar alelo elite: 0.6001
Número de populações independentes: 1
Número de threads: 1
Número máximo de gerações: 364

Largura da faixa = 36
Melhor altura = 293

Lower Bound 1 = 261
Lower Bound 2 = 36
Avaliação = 1.12261

Tempo de execução: 22.6308s

---------------------------

