Tamanho da população: 297
Fração elite: 0.55
Fração mutante: 0.0174
Probabilidade herdar alelo elite: 0.7678
Número de populações independentes: 1
Número de threads: 1
Trocar os melhores indivíduos a cada 30 gerações
Número máximo de gerações: 279

Largura da faixa = 34
Melhor altura = 170

Lower Bound 1 = 151
Lower Bound 2 = 34
Avaliação = 1.12583

Tempo de execução: 10.4716s

---------------------------

Tamanho da população: 297
Fração elite: 0.55
Fração mutante: 0.0174
Probabilidade herdar alelo elite: 0.7678
Número de populações independentes: 1
Número de threads: 1
Trocar os melhores indivíduos a cada 30 gerações
Número máximo de gerações: 279

Largura da faixa = 34
Melhor altura = 168

Lower Bound 1 = 151
Lower Bound 2 = 34
Avaliação = 1.11258

Tempo de execução: 10.6523s

---------------------------

Tamanho da população: 297
Fração elite: 0.55
Fração mutante: 0.0174
Probabilidade herdar alelo elite: 0.7678
Número de populações independentes: 1
Número de threads: 1
Trocar os melhores indivíduos a cada 30 gerações
Número máximo de gerações: 279

Largura da faixa = 34
Melhor altura = 172

Lower Bound 1 = 151
Lower Bound 2 = 34
Avaliação = 1.13907

Tempo de execução: 10.8041s

---------------------------

Tamanho da população: 297
Fração elite: 0.55
Fração mutante: 0.0174
Probabilidade herdar alelo elite: 0.7678
Número de populações independentes: 1
Número de threads: 1
Trocar os melhores indivíduos a cada 30 gerações
Número máximo de gerações: 279

Largura da faixa = 34
Melhor altura = 173

Lower Bound 1 = 151
Lower Bound 2 = 34
Avaliação = 1.1457

Tempo de execução: 10.4312s

---------------------------

Tamanho da população: 297
Fração elite: 0.55
Fração mutante: 0.0174
Probabilidade herdar alelo elite: 0.7678
Número de populações independentes: 1
Número de threads: 1
Trocar os melhores indivíduos a cada 30 gerações
Número máximo de gerações: 279

Largura da faixa = 34
Melhor altura = 170

Lower Bound 1 = 151
Lower Bound 2 = 34
Avaliação = 1.12583

Tempo de execução: 10.5944s

---------------------------

Tamanho da população: 297
Fração elite: 0.55
Fração mutante: 0.0174
Probabilidade herdar alelo elite: 0.7678
Número de populações independentes: 1
Número de threads: 1
Trocar os melhores indivíduos a cada 30 gerações
Número máximo de gerações: 279

Largura da faixa = 34
Melhor altura = 170

Lower Bound 1 = 151
Lower Bound 2 = 34
Avaliação = 1.12583

Tempo de execução: 10.6717s

---------------------------

Tamanho da população: 297
Fração elite: 0.55
Fração mutante: 0.0174
Probabilidade herdar alelo elite: 0.7678
Número de populações independentes: 1
Número de threads: 1
Trocar os melhores indivíduos a cada 30 gerações
Número máximo de gerações: 279

Largura da faixa = 34
Melhor altura = 172

Lower Bound 1 = 151
Lower Bound 2 = 34
Avaliação = 1.13907

Tempo de execução: 10.0911s

---------------------------

Tamanho da população: 297
Fração elite: 0.55
Fração mutante: 0.0174
Probabilidade herdar alelo elite: 0.7678
Número de populações independentes: 1
Número de threads: 1
Trocar os melhores indivíduos a cada 30 gerações
Número máximo de gerações: 279

Largura da faixa = 34
Melhor altura = 170

Lower Bound 1 = 151
Lower Bound 2 = 34
Avaliação = 1.12583

Tempo de execução: 10.3011s

---------------------------

Tamanho da população: 297
Fração elite: 0.55
Fração mutante: 0.0174
Probabilidade herdar alelo elite: 0.7678
Número de populações independentes: 1
Número de threads: 1
Trocar os melhores indivíduos a cada 30 gerações
Número máximo de gerações: 279

Largura da faixa = 34
Melhor altura = 172

Lower Bound 1 = 151
Lower Bound 2 = 34
Avaliação = 1.13907

Tempo de execução: 10.6751s

---------------------------

Tamanho da população: 297
Fração elite: 0.55
Fração mutante: 0.0174
Probabilidade herdar alelo elite: 0.7678
Número de populações independentes: 1
Número de threads: 1
Trocar os melhores indivíduos a cada 30 gerações
Número máximo de gerações: 279

Largura da faixa = 34
Melhor altura = 170

Lower Bound 1 = 151
Lower Bound 2 = 34
Avaliação = 1.12583

Tempo de execução: 8.25148s

---------------------------

Tamanho da população: 297
Fração elite: 0.55
Fração mutante: 0.0174
Probabilidade herdar alelo elite: 0.7678
Número de populações independentes: 1
Número de threads: 1
Trocar os melhores indivíduos a cada 30 gerações
Número máximo de gerações: 279

Largura da faixa = 34
Melhor altura = 172

Lower Bound 1 = 151
Lower Bound 2 = 34
Avaliação = 1.13907

Tempo de execução: 8.70228s

---------------------------

Tamanho da população: 297
Fração elite: 0.55
Fração mutante: 0.0174
Probabilidade herdar alelo elite: 0.7678
Número de populações independentes: 1
Número de threads: 1
Trocar os melhores indivíduos a cada 30 gerações
Número máximo de gerações: 279

Largura da faixa = 34
Melhor altura = 171

Lower Bound 1 = 151
Lower Bound 2 = 34
Avaliação = 1.13245

Tempo de execução: 9.94351s

---------------------------

Tamanho da população: 297
Fração elite: 0.55
Fração mutante: 0.0174
Probabilidade herdar alelo elite: 0.7678
Número de populações independentes: 1
Número de threads: 1
Trocar os melhores indivíduos a cada 30 gerações
Número máximo de gerações: 279

Largura da faixa = 34
Melhor altura = 170

Lower Bound 1 = 151
Lower Bound 2 = 34
Avaliação = 1.12583

Tempo de execução: 10.5718s

---------------------------

Tamanho da população: 297
Fração elite: 0.55
Fração mutante: 0.0174
Probabilidade herdar alelo elite: 0.7678
Número de populações independentes: 1
Número de threads: 1
Trocar os melhores indivíduos a cada 30 gerações
Número máximo de gerações: 279

Largura da faixa = 34
Melhor altura = 172

Lower Bound 1 = 151
Lower Bound 2 = 34
Avaliação = 1.13907

Tempo de execução: 10.605s

---------------------------

Tamanho da população: 297
Fração elite: 0.55
Fração mutante: 0.0174
Probabilidade herdar alelo elite: 0.7678
Número de populações independentes: 1
Número de threads: 1
Trocar os melhores indivíduos a cada 30 gerações
Número máximo de gerações: 279

Largura da faixa = 34
Melhor altura = 171

Lower Bound 1 = 151
Lower Bound 2 = 34
Avaliação = 1.13245

Tempo de execução: 10.6821s

---------------------------

Tamanho da população: 297
Fração elite: 0.55
Fração mutante: 0.0174
Probabilidade herdar alelo elite: 0.7678
Número de populações independentes: 1
Número de threads: 1
Trocar os melhores indivíduos a cada 30 gerações
Número máximo de gerações: 279

Largura da faixa = 34
Melhor altura = 172

Lower Bound 1 = 151
Lower Bound 2 = 34
Avaliação = 1.13907

Tempo de execução: 10.0408s

---------------------------

Tamanho da população: 297
Fração elite: 0.55
Fração mutante: 0.0174
Probabilidade herdar alelo elite: 0.7678
Número de populações independentes: 1
Número de threads: 1
Trocar os melhores indivíduos a cada 30 gerações
Número máximo de gerações: 279

Largura da faixa = 34
Melhor altura = 173

Lower Bound 1 = 151
Lower Bound 2 = 34
Avaliação = 1.1457

Tempo de execução: 10.1723s

---------------------------

Tamanho da população: 297
Fração elite: 0.55
Fração mutante: 0.0174
Probabilidade herdar alelo elite: 0.7678
Número de populações independentes: 1
Número de threads: 1
Trocar os melhores indivíduos a cada 30 gerações
Número máximo de gerações: 279

Largura da faixa = 34
Melhor altura = 174

Lower Bound 1 = 151
Lower Bound 2 = 34
Avaliação = 1.15232

Tempo de execução: 10.8889s

---------------------------

Tamanho da população: 297
Fração elite: 0.55
Fração mutante: 0.0174
Probabilidade herdar alelo elite: 0.7678
Número de populações independentes: 1
Número de threads: 1
Trocar os melhores indivíduos a cada 30 gerações
Número máximo de gerações: 279

Largura da faixa = 34
Melhor altura = 172

Lower Bound 1 = 151
Lower Bound 2 = 34
Avaliação = 1.13907

Tempo de execução: 10.3529s

---------------------------

Tamanho da população: 297
Fração elite: 0.55
Fração mutante: 0.0174
Probabilidade herdar alelo elite: 0.7678
Número de populações independentes: 1
Número de threads: 1
Trocar os melhores indivíduos a cada 30 gerações
Número máximo de gerações: 279

Largura da faixa = 34
Melhor altura = 173

Lower Bound 1 = 151
Lower Bound 2 = 34
Avaliação = 1.1457

Tempo de execução: 10.9109s

---------------------------

Tamanho da população: 392
Fração elite: 0.2567
Fração mutante: 0.0202
Probabilidade herdar alelo elite: 0.6001
Número de populações independentes: 1
Número de threads: 1
Número máximo de gerações: 364

Largura da faixa = 34
Melhor altura = 170

Lower Bound 1 = 151
Lower Bound 2 = 34
Avaliação = 1.12583

Tempo de execução: 11.5333s

---------------------------

Tamanho da população: 392
Fração elite: 0.2567
Fração mutante: 0.0202
Probabilidade herdar alelo elite: 0.6001
Número de populações independentes: 1
Número de threads: 1
Número máximo de gerações: 364

Largura da faixa = 34
Melhor altura = 169

Lower Bound 1 = 151
Lower Bound 2 = 34
Avaliação = 1.11921

Tempo de execução: 11.6298s

---------------------------

Tamanho da população: 392
Fração elite: 0.2567
Fração mutante: 0.0202
Probabilidade herdar alelo elite: 0.6001
Número de populações independentes: 1
Número de threads: 1
Número máximo de gerações: 364

Largura da faixa = 34
Melhor altura = 170

Lower Bound 1 = 151
Lower Bound 2 = 34
Avaliação = 1.12583

Tempo de execução: 11.9914s

---------------------------

Tamanho da população: 392
Fração elite: 0.2567
Fração mutante: 0.0202
Probabilidade herdar alelo elite: 0.6001
Número de populações independentes: 1
Número de threads: 1
Número máximo de gerações: 364

Largura da faixa = 34
Melhor altura = 171

Lower Bound 1 = 151
Lower Bound 2 = 34
Avaliação = 1.13245

Tempo de execução: 11.9662s

---------------------------

Tamanho da população: 392
Fração elite: 0.2567
Fração mutante: 0.0202
Probabilidade herdar alelo elite: 0.6001
Número de populações independentes: 1
Número de threads: 1
Número máximo de gerações: 364

Largura da faixa = 34
Melhor altura = 169

Lower Bound 1 = 151
Lower Bound 2 = 34
Avaliação = 1.11921

Tempo de execução: 11.9935s

---------------------------

Tamanho da população: 392
Fração elite: 0.2567
Fração mutante: 0.0202
Probabilidade herdar alelo elite: 0.6001
Número de populações independentes: 1
Número de threads: 1
Número máximo de gerações: 364

Largura da faixa = 34
Melhor altura = 171

Lower Bound 1 = 151
Lower Bound 2 = 34
Avaliação = 1.13245

Tempo de execução: 12.1402s

---------------------------

Tamanho da população: 392
Fração elite: 0.2567
Fração mutante: 0.0202
Probabilidade herdar alelo elite: 0.6001
Número de populações independentes: 1
Número de threads: 1
Número máximo de gerações: 364

Largura da faixa = 34
Melhor altura = 170

Lower Bound 1 = 151
Lower Bound 2 = 34
Avaliação = 1.12583

Tempo de execução: 11.8926s

---------------------------

Tamanho da população: 392
Fração elite: 0.2567
Fração mutante: 0.0202
Probabilidade herdar alelo elite: 0.6001
Número de populações independentes: 1
Número de threads: 1
Número máximo de gerações: 364

Largura da faixa = 34
Melhor altura = 167

Lower Bound 1 = 151
Lower Bound 2 = 34
Avaliação = 1.10596

Tempo de execução: 11.981s

---------------------------

Tamanho da população: 392
Fração elite: 0.2567
Fração mutante: 0.0202
Probabilidade herdar alelo elite: 0.6001
Número de populações independentes: 1
Número de threads: 1
Número máximo de gerações: 364

Largura da faixa = 34
Melhor altura = 169

Lower Bound 1 = 151
Lower Bound 2 = 34
Avaliação = 1.11921

Tempo de execução: 12.4927s

---------------------------

Tamanho da população: 392
Fração elite: 0.2567
Fração mutante: 0.0202
Probabilidade herdar alelo elite: 0.6001
Número de populações independentes: 1
Número de threads: 1
Número máximo de gerações: 364

Largura da faixa = 34
Melhor altura = 171

Lower Bound 1 = 151
Lower Bound 2 = 34
Avaliação = 1.13245

Tempo de execução: 11.3972s

---------------------------

Tamanho da população: 392
Fração elite: 0.2567
Fração mutante: 0.0202
Probabilidade herdar alelo elite: 0.6001
Número de populações independentes: 1
Número de threads: 1
Número máximo de gerações: 364

Largura da faixa = 34
Melhor altura = 169

Lower Bound 1 = 151
Lower Bound 2 = 34
Avaliação = 1.11921

Tempo de execução: 11.9169s

---------------------------

Tamanho da população: 392
Fração elite: 0.2567
Fração mutante: 0.0202
Probabilidade herdar alelo elite: 0.6001
Número de populações independentes: 1
Número de threads: 1
Número máximo de gerações: 364

Largura da faixa = 34
Melhor altura = 170

Lower Bound 1 = 151
Lower Bound 2 = 34
Avaliação = 1.12583

Tempo de execução: 12.0281s

---------------------------

Tamanho da população: 392
Fração elite: 0.2567
Fração mutante: 0.0202
Probabilidade herdar alelo elite: 0.6001
Número de populações independentes: 1
Número de threads: 1
Número máximo de gerações: 364

Largura da faixa = 34
Melhor altura = 170

Lower Bound 1 = 151
Lower Bound 2 = 34
Avaliação = 1.12583

Tempo de execução: 11.6273s

---------------------------

Tamanho da população: 392
Fração elite: 0.2567
Fração mutante: 0.0202
Probabilidade herdar alelo elite: 0.6001
Número de populações independentes: 1
Número de threads: 1
Número máximo de gerações: 364

Largura da faixa = 34
Melhor altura = 169

Lower Bound 1 = 151
Lower Bound 2 = 34
Avaliação = 1.11921

Tempo de execução: 12.0171s

---------------------------

Tamanho da população: 392
Fração elite: 0.2567
Fração mutante: 0.0202
Probabilidade herdar alelo elite: 0.6001
Número de populações independentes: 1
Número de threads: 1
Número máximo de gerações: 364

Largura da faixa = 34
Melhor altura = 170

Lower Bound 1 = 151
Lower Bound 2 = 34
Avaliação = 1.12583

Tempo de execução: 12.0259s

---------------------------

Tamanho da população: 392
Fração elite: 0.2567
Fração mutante: 0.0202
Probabilidade herdar alelo elite: 0.6001
Número de populações independentes: 1
Número de threads: 1
Número máximo de gerações: 364

Largura da faixa = 34
Melhor altura = 168

Lower Bound 1 = 151
Lower Bound 2 = 34
Avaliação = 1.11258

Tempo de execução: 11.7471s

---------------------------

Tamanho da população: 392
Fração elite: 0.2567
Fração mutante: 0.0202
Probabilidade herdar alelo elite: 0.6001
Número de populações independentes: 1
Número de threads: 1
Número máximo de gerações: 364

Largura da faixa = 34
Melhor altura = 167

Lower Bound 1 = 151
Lower Bound 2 = 34
Avaliação = 1.10596

Tempo de execução: 11.7991s

---------------------------

Tamanho da população: 392
Fração elite: 0.2567
Fração mutante: 0.0202
Probabilidade herdar alelo elite: 0.6001
Número de populações independentes: 1
Número de threads: 1
Número máximo de gerações: 364

Largura da faixa = 34
Melhor altura = 171

Lower Bound 1 = 151
Lower Bound 2 = 34
Avaliação = 1.13245

Tempo de execução: 11.8783s

---------------------------

Tamanho da população: 392
Fração elite: 0.2567
Fração mutante: 0.0202
Probabilidade herdar alelo elite: 0.6001
Número de populações independentes: 1
Número de threads: 1
Número máximo de gerações: 364

Largura da faixa = 34
Melhor altura = 168

Lower Bound 1 = 151
Lower Bound 2 = 34
Avaliação = 1.11258

Tempo de execução: 11.6932s

---------------------------

Tamanho da população: 392
Fração elite: 0.2567
Fração mutante: 0.0202
Probabilidade herdar alelo elite: 0.6001
Número de populações independentes: 1
Número de threads: 1
Número máximo de gerações: 364

Largura da faixa = 34
Melhor altura = 169

Lower Bound 1 = 151
Lower Bound 2 = 34
Avaliação = 1.11921

Tempo de execução: 11.912s

---------------------------

