Número de cromossomos: 43
Tamanho da população: 60
Fração elite: 0.3
Fração mutante: 0.7
Probabilidade herdar alelo elite: 0.6
Número de populações independentes: 2
Número de threads: 14
Trocar os melhores indivíduos a cada 100 gerações
Número máximo de gerações: 100

Número de cromossomos: 43
Tamanho da população: 60
Fração elite: 0.3
Fração mutante: 0.7
Probabilidade herdar alelo elite: 0.6
Número de populações independentes: 2
Número de threads: 14
Trocar os melhores indivíduos a cada 100 gerações
Número máximo de gerações: 100

Tamanho da população: 230
Fração elite: 0.15
Fração mutante: 0.2
Probabilidade herdar alelo elite: 0.55
Número de populações independentes: 3
Número de threads: 14
Trocar os melhores indivíduos a cada 40 gerações
Número máximo de gerações: 130
Número máximo de iterações sem melhora: 30
Melhor até agora: 113 Geração: 0
Iteração: 0
Melhor até agora: 112 Geração: 1
Iteração: 0
Melhor até agora: 111 Geração: 1
Iteração: 1
Melhor até agora: 109 Geração: 4
Iteração: 1
Melhor até agora: 106 Geração: 0
Iteração: 3
Melhor até agora: 104 Geração: 1
Iteração: 3
Número de swaps entre camadas = 10
Largura da faixa = 30
Melhor altura = 104

Lower Bound 1 = 92
Lower Bound 2 = 30
Avaliação = 1.13043

Tempo de execução: 3s

---------------------------

Número de cromossomos: 43
Tamanho da população: 60
Fração elite: 0.3
Fração mutante: 0.7
Probabilidade herdar alelo elite: 0.6
Número de populações independentes: 2
Número de threads: 14
Trocar os melhores indivíduos a cada 100 gerações
Número máximo de gerações: 100

Número de cromossomos: 43
Tamanho da população: 60
Fração elite: 0.3
Fração mutante: 0.7
Probabilidade herdar alelo elite: 0.6
Número de populações independentes: 2
Número de threads: 14
Trocar os melhores indivíduos a cada 100 gerações
Número máximo de gerações: 100

Tamanho da população: 230
Fração elite: 0.15
Fração mutante: 0.2
Probabilidade herdar alelo elite: 0.55
Número de populações independentes: 3
Número de threads: 14
Trocar os melhores indivíduos a cada 40 gerações
Número máximo de gerações: 130
Número máximo de iterações sem melhora: 30
Melhor até agora: 116 Geração: 0
Iteração: 0
Melhor até agora: 115 Geração: 1
Iteração: 0
Melhor até agora: 112 Geração: 2
Iteração: 0
Melhor até agora: 111 Geração: 9
Iteração: 0
Melhor até agora: 110 Geração: 4
Iteração: 1
Melhor até agora: 105 Geração: 0
Iteração: 3
Melhor até agora: 104 Geração: 1
Iteração: 3
Melhor até agora: 103 Geração: 11
Iteração: 3
Número de swaps entre camadas = 10
Largura da faixa = 30
Melhor altura = 103

Lower Bound 1 = 92
Lower Bound 2 = 30
Avaliação = 1.11957

Tempo de execução: 4s

---------------------------

Número de cromossomos: 43
Tamanho da população: 60
Fração elite: 0.3
Fração mutante: 0.7
Probabilidade herdar alelo elite: 0.6
Número de populações independentes: 2
Número de threads: 14
Trocar os melhores indivíduos a cada 100 gerações
Número máximo de gerações: 100

Número de cromossomos: 43
Tamanho da população: 60
Fração elite: 0.3
Fração mutante: 0.7
Probabilidade herdar alelo elite: 0.6
Número de populações independentes: 2
Número de threads: 14
Trocar os melhores indivíduos a cada 100 gerações
Número máximo de gerações: 100

Tamanho da população: 230
Fração elite: 0.15
Fração mutante: 0.2
Probabilidade herdar alelo elite: 0.55
Número de populações independentes: 3
Número de threads: 14
Trocar os melhores indivíduos a cada 40 gerações
Número máximo de gerações: 130
Número máximo de iterações sem melhora: 30
Melhor até agora: 116 Geração: 0
Iteração: 0
Melhor até agora: 113 Geração: 2
Iteração: 0
Melhor até agora: 112 Geração: 3
Iteração: 0
Melhor até agora: 111 Geração: 2
Iteração: 1
Melhor até agora: 109 Geração: 5
Iteração: 1
Melhor até agora: 103 Geração: 0
Iteração: 3
Melhor até agora: 102 Geração: 15
Iteração: 3
Número de swaps entre camadas = 10
Largura da faixa = 30
Melhor altura = 102

Lower Bound 1 = 92
Lower Bound 2 = 30
Avaliação = 1.1087

Tempo de execução: 4s

---------------------------

Número de cromossomos: 43
Tamanho da população: 60
Fração elite: 0.3
Fração mutante: 0.7
Probabilidade herdar alelo elite: 0.6
Número de populações independentes: 2
Número de threads: 14
Trocar os melhores indivíduos a cada 100 gerações
Número máximo de gerações: 100

Número de cromossomos: 43
Tamanho da população: 60
Fração elite: 0.3
Fração mutante: 0.7
Probabilidade herdar alelo elite: 0.6
Número de populações independentes: 2
Número de threads: 14
Trocar os melhores indivíduos a cada 100 gerações
Número máximo de gerações: 100

Tamanho da população: 230
Fração elite: 0.15
Fração mutante: 0.2
Probabilidade herdar alelo elite: 0.55
Número de populações independentes: 3
Número de threads: 14
Trocar os melhores indivíduos a cada 40 gerações
Número máximo de gerações: 130
Número máximo de iterações sem melhora: 30
Melhor até agora: 113 Geração: 0
Iteração: 0
Melhor até agora: 112 Geração: 1
Iteração: 0
Melhor até agora: 111 Geração: 3
Iteração: 1
Melhor até agora: 106 Geração: 0
Iteração: 3
Melhor até agora: 105 Geração: 3
Iteração: 3
Melhor até agora: 104 Geração: 12
Iteração: 3
Número de swaps entre camadas = 10
Largura da faixa = 30
Melhor altura = 104

Lower Bound 1 = 92
Lower Bound 2 = 30
Avaliação = 1.13043

Tempo de execução: 4s

---------------------------

Número de cromossomos: 43
Tamanho da população: 60
Fração elite: 0.3
Fração mutante: 0.7
Probabilidade herdar alelo elite: 0.6
Número de populações independentes: 2
Número de threads: 14
Trocar os melhores indivíduos a cada 100 gerações
Número máximo de gerações: 100

Melhor até agora: 177 Geração: 0
Iteração: 0
Número de cromossomos: 43
Tamanho da população: 60
Fração elite: 0.3
Fração mutante: 0.7
Probabilidade herdar alelo elite: 0.6
Número de populações independentes: 2
Número de threads: 14
Trocar os melhores indivíduos a cada 100 gerações
Número máximo de gerações: 100

Tamanho da população: 230
Fração elite: 0.15
Fração mutante: 0.2
Probabilidade herdar alelo elite: 0.55
Número de populações independentes: 3
Número de threads: 14
Trocar os melhores indivíduos a cada 40 gerações
Número máximo de gerações: 130
Número máximo de iterações sem melhora: 30
Melhor até agora: 118 Geração: 0
Iteração: 0
Melhor até agora: 117 Geração: 1
Iteração: 0
Melhor até agora: 115 Geração: 2
Iteração: 0
Melhor até agora: 114 Geração: 3
Iteração: 0
Melhor até agora: 112 Geração: 5
Iteração: 0
Melhor até agora: 111 Geração: 0
Iteração: 1
Melhor até agora: 110 Geração: 8
Iteração: 2
Melhor até agora: 106 Geração: 0
Iteração: 3
Melhor até agora: 105 Geração: 2
Iteração: 3
Melhor até agora: 104 Geração: 4
Iteração: 3
Número de swaps entre camadas = 10
Largura da faixa = 30
Melhor altura = 104

Lower Bound 1 = 92
Lower Bound 2 = 30
Avaliação = 1.13043

Tempo de execução: 4s

---------------------------

Número de cromossomos: 43
Tamanho da população: 60
Fração elite: 0.3
Fração mutante: 0.7
Probabilidade herdar alelo elite: 0.6
Número de populações independentes: 2
Número de threads: 14
Trocar os melhores indivíduos a cada 100 gerações
Número máximo de gerações: 100

Melhor até agora: 177 Geração: 0
Iteração: 0
Número de cromossomos: 43
Tamanho da população: 60
Fração elite: 0.3
Fração mutante: 0.7
Probabilidade herdar alelo elite: 0.6
Número de populações independentes: 2
Número de threads: 14
Trocar os melhores indivíduos a cada 100 gerações
Número máximo de gerações: 100

Tamanho da população: 230
Fração elite: 0.15
Fração mutante: 0.2
Probabilidade herdar alelo elite: 0.55
Número de populações independentes: 3
Número de threads: 14
Trocar os melhores indivíduos a cada 40 gerações
Número máximo de gerações: 130
Número máximo de iterações sem melhora: 30
Melhor até agora: 115 Geração: 0
Iteração: 0
Melhor até agora: 113 Geração: 2
Iteração: 0
Melhor até agora: 112 Geração: 8
Iteração: 0
Melhor até agora: 111 Geração: 0
Iteração: 1
Melhor até agora: 110 Geração: 3
Iteração: 1
Melhor até agora: 107 Geração: 0
Iteração: 3
Melhor até agora: 106 Geração: 2
Iteração: 3
Melhor até agora: 104 Geração: 4
Iteração: 3
Número de swaps entre camadas = 10
Largura da faixa = 30
Melhor altura = 104

Lower Bound 1 = 92
Lower Bound 2 = 30
Avaliação = 1.13043

Tempo de execução: 4s

---------------------------

Número de cromossomos: 43
Tamanho da população: 60
Fração elite: 0.3
Fração mutante: 0.7
Probabilidade herdar alelo elite: 0.6
Número de populações independentes: 2
Número de threads: 14
Trocar os melhores indivíduos a cada 100 gerações
Número máximo de gerações: 100

Melhor até agora: 177 Geração: 0
Iteração: 1
Número de cromossomos: 43
Tamanho da população: 60
Fração elite: 0.3
Fração mutante: 0.7
Probabilidade herdar alelo elite: 0.6
Número de populações independentes: 2
Número de threads: 14
Trocar os melhores indivíduos a cada 100 gerações
Número máximo de gerações: 100

Tamanho da população: 230
Fração elite: 0.15
Fração mutante: 0.2
Probabilidade herdar alelo elite: 0.55
Número de populações independentes: 3
Número de threads: 14
Trocar os melhores indivíduos a cada 40 gerações
Número máximo de gerações: 130
Número máximo de iterações sem melhora: 30
Melhor até agora: 113 Geração: 0
Iteração: 0
Melhor até agora: 112 Geração: 8
Iteração: 0
Melhor até agora: 111 Geração: 3
Iteração: 1
Melhor até agora: 110 Geração: 6
Iteração: 1
Melhor até agora: 109 Geração: 17
Iteração: 1
Melhor até agora: 106 Geração: 0
Iteração: 3
Melhor até agora: 105 Geração: 2
Iteração: 3
Melhor até agora: 104 Geração: 3
Iteração: 3
Melhor até agora: 103 Geração: 5
Iteração: 3
Número de swaps entre camadas = 10
Largura da faixa = 30
Melhor altura = 103

Lower Bound 1 = 92
Lower Bound 2 = 30
Avaliação = 1.11957

Tempo de execução: 5s

---------------------------

Número de cromossomos: 43
Tamanho da população: 60
Fração elite: 0.3
Fração mutante: 0.7
Probabilidade herdar alelo elite: 0.6
Número de populações independentes: 2
Número de threads: 14
Trocar os melhores indivíduos a cada 100 gerações
Número máximo de gerações: 100

Número de cromossomos: 43
Tamanho da população: 60
Fração elite: 0.3
Fração mutante: 0.7
Probabilidade herdar alelo elite: 0.6
Número de populações independentes: 2
Número de threads: 14
Trocar os melhores indivíduos a cada 100 gerações
Número máximo de gerações: 100

Tamanho da população: 230
Fração elite: 0.15
Fração mutante: 0.2
Probabilidade herdar alelo elite: 0.55
Número de populações independentes: 3
Número de threads: 14
Trocar os melhores indivíduos a cada 40 gerações
Número máximo de gerações: 130
Número máximo de iterações sem melhora: 30
Melhor até agora: 118 Geração: 0
Iteração: 0
Melhor até agora: 112 Geração: 1
Iteração: 0
Melhor até agora: 110 Geração: 3
Iteração: 1
Melhor até agora: 109 Geração: 7
Iteração: 1
Melhor até agora: 105 Geração: 0
Iteração: 3
Melhor até agora: 103 Geração: 2
Iteração: 3
Melhor até agora: 102 Geração: 22
Iteração: 3
Número de swaps entre camadas = 10
Largura da faixa = 30
Melhor altura = 102

Lower Bound 1 = 92
Lower Bound 2 = 30
Avaliação = 1.1087

Tempo de execução: 4s

---------------------------

Número de cromossomos: 43
Tamanho da população: 60
Fração elite: 0.3
Fração mutante: 0.7
Probabilidade herdar alelo elite: 0.6
Número de populações independentes: 2
Número de threads: 14
Trocar os melhores indivíduos a cada 100 gerações
Número máximo de gerações: 100

Número de cromossomos: 43
Tamanho da população: 60
Fração elite: 0.3
Fração mutante: 0.7
Probabilidade herdar alelo elite: 0.6
Número de populações independentes: 2
Número de threads: 14
Trocar os melhores indivíduos a cada 100 gerações
Número máximo de gerações: 100

Tamanho da população: 230
Fração elite: 0.15
Fração mutante: 0.2
Probabilidade herdar alelo elite: 0.55
Número de populações independentes: 3
Número de threads: 14
Trocar os melhores indivíduos a cada 40 gerações
Número máximo de gerações: 130
Número máximo de iterações sem melhora: 30
Melhor até agora: 116 Geração: 0
Iteração: 0
Melhor até agora: 114 Geração: 1
Iteração: 0
Melhor até agora: 113 Geração: 2
Iteração: 0
Melhor até agora: 112 Geração: 14
Iteração: 0
Melhor até agora: 111 Geração: 8
Iteração: 1
Melhor até agora: 105 Geração: 0
Iteração: 3
Melhor até agora: 104 Geração: 2
Iteração: 3
Número de swaps entre camadas = 10
Largura da faixa = 30
Melhor altura = 104

Lower Bound 1 = 92
Lower Bound 2 = 30
Avaliação = 1.13043

Tempo de execução: 4s

---------------------------

Número de cromossomos: 43
Tamanho da população: 60
Fração elite: 0.3
Fração mutante: 0.7
Probabilidade herdar alelo elite: 0.6
Número de populações independentes: 2
Número de threads: 14
Trocar os melhores indivíduos a cada 100 gerações
Número máximo de gerações: 100

Número de cromossomos: 43
Tamanho da população: 60
Fração elite: 0.3
Fração mutante: 0.7
Probabilidade herdar alelo elite: 0.6
Número de populações independentes: 2
Número de threads: 14
Trocar os melhores indivíduos a cada 100 gerações
Número máximo de gerações: 100

Tamanho da população: 230
Fração elite: 0.15
Fração mutante: 0.2
Probabilidade herdar alelo elite: 0.55
Número de populações independentes: 3
Número de threads: 14
Trocar os melhores indivíduos a cada 40 gerações
Número máximo de gerações: 130
Número máximo de iterações sem melhora: 30
Melhor até agora: 117 Geração: 0
Iteração: 0
Melhor até agora: 115 Geração: 2
Iteração: 0
Melhor até agora: 113 Geração: 4
Iteração: 0
Melhor até agora: 112 Geração: 9
Iteração: 0
Melhor até agora: 111 Geração: 25
Iteração: 0
Melhor até agora: 110 Geração: 10
Iteração: 1
Melhor até agora: 106 Geração: 0
Iteração: 3
Número de swaps entre camadas = 10
Largura da faixa = 30
Melhor altura = 106

Lower Bound 1 = 92
Lower Bound 2 = 30
Avaliação = 1.15217

Tempo de execução: 4s

---------------------------

Número de cromossomos: 43
Tamanho da população: 60
Fração elite: 0.3
Fração mutante: 0.7
Probabilidade herdar alelo elite: 0.6
Número de populações independentes: 2
Número de threads: 14
Trocar os melhores indivíduos a cada 100 gerações
Número máximo de gerações: 100

Melhor até agora: 177 Geração: 0
Iteração: 1
Número de cromossomos: 43
Tamanho da população: 60
Fração elite: 0.3
Fração mutante: 0.7
Probabilidade herdar alelo elite: 0.6
Número de populações independentes: 2
Número de threads: 14
Trocar os melhores indivíduos a cada 100 gerações
Número máximo de gerações: 100

Tamanho da população: 230
Fração elite: 0.15
Fração mutante: 0.2
Probabilidade herdar alelo elite: 0.55
Número de populações independentes: 3
Número de threads: 14
Trocar os melhores indivíduos a cada 40 gerações
Número máximo de gerações: 130
Número máximo de iterações sem melhora: 30
Melhor até agora: 112 Geração: 0
Iteração: 0
Melhor até agora: 111 Geração: 11
Iteração: 0
Melhor até agora: 110 Geração: 10
Iteração: 1
Melhor até agora: 109 Geração: 13
Iteração: 2
Melhor até agora: 107 Geração: 0
Iteração: 3
Melhor até agora: 105 Geração: 1
Iteração: 3
Melhor até agora: 103 Geração: 6
Iteração: 3
Número de swaps entre camadas = 10
Largura da faixa = 30
Melhor altura = 103

Lower Bound 1 = 92
Lower Bound 2 = 30
Avaliação = 1.11957

Tempo de execução: 5s

---------------------------

Número de cromossomos: 43
Tamanho da população: 60
Fração elite: 0.3
Fração mutante: 0.7
Probabilidade herdar alelo elite: 0.6
Número de populações independentes: 2
Número de threads: 14
Trocar os melhores indivíduos a cada 100 gerações
Número máximo de gerações: 100

Número de cromossomos: 43
Tamanho da população: 60
Fração elite: 0.3
Fração mutante: 0.7
Probabilidade herdar alelo elite: 0.6
Número de populações independentes: 2
Número de threads: 14
Trocar os melhores indivíduos a cada 100 gerações
Número máximo de gerações: 100

Tamanho da população: 230
Fração elite: 0.15
Fração mutante: 0.2
Probabilidade herdar alelo elite: 0.55
Número de populações independentes: 3
Número de threads: 14
Trocar os melhores indivíduos a cada 40 gerações
Número máximo de gerações: 130
Número máximo de iterações sem melhora: 30
Melhor até agora: 119 Geração: 0
Iteração: 0
Melhor até agora: 115 Geração: 1
Iteração: 0
Melhor até agora: 113 Geração: 3
Iteração: 0
Melhor até agora: 112 Geração: 5
Iteração: 0
Melhor até agora: 111 Geração: 14
Iteração: 0
Melhor até agora: 110 Geração: 6
Iteração: 1
Melhor até agora: 109 Geração: 4
Iteração: 2
Melhor até agora: 104 Geração: 0
Iteração: 3
Número de swaps entre camadas = 10
Largura da faixa = 30
Melhor altura = 104

Lower Bound 1 = 92
Lower Bound 2 = 30
Avaliação = 1.13043

Tempo de execução: 4s

---------------------------

Número de cromossomos: 43
Tamanho da população: 60
Fração elite: 0.3
Fração mutante: 0.7
Probabilidade herdar alelo elite: 0.6
Número de populações independentes: 2
Número de threads: 14
Trocar os melhores indivíduos a cada 100 gerações
Número máximo de gerações: 100

Número de cromossomos: 43
Tamanho da população: 60
Fração elite: 0.3
Fração mutante: 0.7
Probabilidade herdar alelo elite: 0.6
Número de populações independentes: 2
Número de threads: 14
Trocar os melhores indivíduos a cada 100 gerações
Número máximo de gerações: 100

Tamanho da população: 230
Fração elite: 0.15
Fração mutante: 0.2
Probabilidade herdar alelo elite: 0.55
Número de populações independentes: 3
Número de threads: 14
Trocar os melhores indivíduos a cada 40 gerações
Número máximo de gerações: 130
Número máximo de iterações sem melhora: 30
Melhor até agora: 113 Geração: 0
Iteração: 0
Melhor até agora: 112 Geração: 1
Iteração: 0
Melhor até agora: 111 Geração: 0
Iteração: 1
Melhor até agora: 110 Geração: 5
Iteração: 1
Melhor até agora: 109 Geração: 14
Iteração: 1
Melhor até agora: 105 Geração: 0
Iteração: 3
Melhor até agora: 104 Geração: 2
Iteração: 3
Melhor até agora: 103 Geração: 3
Iteração: 3
Melhor até agora: 102 Geração: 12
Iteração: 3
Número de swaps entre camadas = 10
Largura da faixa = 30
Melhor altura = 102

Lower Bound 1 = 92
Lower Bound 2 = 30
Avaliação = 1.1087

Tempo de execução: 4s

---------------------------

Número de cromossomos: 43
Tamanho da população: 60
Fração elite: 0.3
Fração mutante: 0.7
Probabilidade herdar alelo elite: 0.6
Número de populações independentes: 2
Número de threads: 14
Trocar os melhores indivíduos a cada 100 gerações
Número máximo de gerações: 100

Número de cromossomos: 43
Tamanho da população: 60
Fração elite: 0.3
Fração mutante: 0.7
Probabilidade herdar alelo elite: 0.6
Número de populações independentes: 2
Número de threads: 14
Trocar os melhores indivíduos a cada 100 gerações
Número máximo de gerações: 100

Tamanho da população: 230
Fração elite: 0.15
Fração mutante: 0.2
Probabilidade herdar alelo elite: 0.55
Número de populações independentes: 3
Número de threads: 14
Trocar os melhores indivíduos a cada 40 gerações
Número máximo de gerações: 130
Número máximo de iterações sem melhora: 30
Melhor até agora: 112 Geração: 0
Iteração: 0
Melhor até agora: 111 Geração: 2
Iteração: 1
Melhor até agora: 107 Geração: 0
Iteração: 3
Melhor até agora: 106 Geração: 3
Iteração: 3
Melhor até agora: 105 Geração: 5
Iteração: 3
Número de swaps entre camadas = 10
Largura da faixa = 30
Melhor altura = 105

Lower Bound 1 = 92
Lower Bound 2 = 30
Avaliação = 1.1413

Tempo de execução: 3s

---------------------------

Número de cromossomos: 43
Tamanho da população: 60
Fração elite: 0.3
Fração mutante: 0.7
Probabilidade herdar alelo elite: 0.6
Número de populações independentes: 2
Número de threads: 14
Trocar os melhores indivíduos a cada 100 gerações
Número máximo de gerações: 100

Número de cromossomos: 43
Tamanho da população: 60
Fração elite: 0.3
Fração mutante: 0.7
Probabilidade herdar alelo elite: 0.6
Número de populações independentes: 2
Número de threads: 14
Trocar os melhores indivíduos a cada 100 gerações
Número máximo de gerações: 100

Tamanho da população: 230
Fração elite: 0.15
Fração mutante: 0.2
Probabilidade herdar alelo elite: 0.55
Número de populações independentes: 3
Número de threads: 14
Trocar os melhores indivíduos a cada 40 gerações
Número máximo de gerações: 130
Número máximo de iterações sem melhora: 30
Melhor até agora: 112 Geração: 0
Iteração: 0
Melhor até agora: 111 Geração: 6
Iteração: 0
Melhor até agora: 110 Geração: 24
Iteração: 1
Melhor até agora: 109 Geração: 12
Iteração: 2
Melhor até agora: 105 Geração: 0
Iteração: 3
Melhor até agora: 104 Geração: 3
Iteração: 3
Número de swaps entre camadas = 10
Largura da faixa = 30
Melhor altura = 104

Lower Bound 1 = 92
Lower Bound 2 = 30
Avaliação = 1.13043

Tempo de execução: 5s

---------------------------

Número de cromossomos: 43
Tamanho da população: 60
Fração elite: 0.3
Fração mutante: 0.7
Probabilidade herdar alelo elite: 0.6
Número de populações independentes: 2
Número de threads: 14
Trocar os melhores indivíduos a cada 100 gerações
Número máximo de gerações: 100

Número de cromossomos: 43
Tamanho da população: 60
Fração elite: 0.3
Fração mutante: 0.7
Probabilidade herdar alelo elite: 0.6
Número de populações independentes: 2
Número de threads: 14
Trocar os melhores indivíduos a cada 100 gerações
Número máximo de gerações: 100

Tamanho da população: 230
Fração elite: 0.15
Fração mutante: 0.2
Probabilidade herdar alelo elite: 0.55
Número de populações independentes: 3
Número de threads: 14
Trocar os melhores indivíduos a cada 40 gerações
Número máximo de gerações: 130
Número máximo de iterações sem melhora: 30
Melhor até agora: 118 Geração: 0
Iteração: 0
Melhor até agora: 113 Geração: 1
Iteração: 0
Melhor até agora: 112 Geração: 3
Iteração: 0
Melhor até agora: 111 Geração: 14
Iteração: 0
Melhor até agora: 110 Geração: 5
Iteração: 1
Melhor até agora: 106 Geração: 0
Iteração: 3
Melhor até agora: 105 Geração: 2
Iteração: 3
Número de swaps entre camadas = 10
Largura da faixa = 30
Melhor altura = 105

Lower Bound 1 = 92
Lower Bound 2 = 30
Avaliação = 1.1413

Tempo de execução: 4s

---------------------------

Número de cromossomos: 43
Tamanho da população: 60
Fração elite: 0.3
Fração mutante: 0.7
Probabilidade herdar alelo elite: 0.6
Número de populações independentes: 2
Número de threads: 14
Trocar os melhores indivíduos a cada 100 gerações
Número máximo de gerações: 100

Número de cromossomos: 43
Tamanho da população: 60
Fração elite: 0.3
Fração mutante: 0.7
Probabilidade herdar alelo elite: 0.6
Número de populações independentes: 2
Número de threads: 14
Trocar os melhores indivíduos a cada 100 gerações
Número máximo de gerações: 100

Tamanho da população: 230
Fração elite: 0.15
Fração mutante: 0.2
Probabilidade herdar alelo elite: 0.55
Número de populações independentes: 3
Número de threads: 14
Trocar os melhores indivíduos a cada 40 gerações
Número máximo de gerações: 130
Número máximo de iterações sem melhora: 30
Melhor até agora: 115 Geração: 0
Iteração: 0
Melhor até agora: 113 Geração: 2
Iteração: 0
Melhor até agora: 112 Geração: 5
Iteração: 0
Melhor até agora: 111 Geração: 11
Iteração: 0
Melhor até agora: 110 Geração: 23
Iteração: 1
Melhor até agora: 106 Geração: 0
Iteração: 3
Melhor até agora: 105 Geração: 1
Iteração: 3
Melhor até agora: 104 Geração: 6
Iteração: 3
Número de swaps entre camadas = 10
Largura da faixa = 30
Melhor altura = 104

Lower Bound 1 = 92
Lower Bound 2 = 30
Avaliação = 1.13043

Tempo de execução: 4s

---------------------------

Número de cromossomos: 43
Tamanho da população: 60
Fração elite: 0.3
Fração mutante: 0.7
Probabilidade herdar alelo elite: 0.6
Número de populações independentes: 2
Número de threads: 14
Trocar os melhores indivíduos a cada 100 gerações
Número máximo de gerações: 100

Número de cromossomos: 43
Tamanho da população: 60
Fração elite: 0.3
Fração mutante: 0.7
Probabilidade herdar alelo elite: 0.6
Número de populações independentes: 2
Número de threads: 14
Trocar os melhores indivíduos a cada 100 gerações
Número máximo de gerações: 100

Tamanho da população: 230
Fração elite: 0.15
Fração mutante: 0.2
Probabilidade herdar alelo elite: 0.55
Número de populações independentes: 3
Número de threads: 14
Trocar os melhores indivíduos a cada 40 gerações
Número máximo de gerações: 130
Número máximo de iterações sem melhora: 30
Melhor até agora: 112 Geração: 0
Iteração: 0
Melhor até agora: 111 Geração: 10
Iteração: 0
Melhor até agora: 110 Geração: 7
Iteração: 1
Melhor até agora: 105 Geração: 0
Iteração: 3
Número de swaps entre camadas = 10
Largura da faixa = 30
Melhor altura = 105

Lower Bound 1 = 92
Lower Bound 2 = 30
Avaliação = 1.1413

Tempo de execução: 4s

---------------------------

Número de cromossomos: 43
Tamanho da população: 60
Fração elite: 0.3
Fração mutante: 0.7
Probabilidade herdar alelo elite: 0.6
Número de populações independentes: 2
Número de threads: 14
Trocar os melhores indivíduos a cada 100 gerações
Número máximo de gerações: 100

Número de cromossomos: 43
Tamanho da população: 60
Fração elite: 0.3
Fração mutante: 0.7
Probabilidade herdar alelo elite: 0.6
Número de populações independentes: 2
Número de threads: 14
Trocar os melhores indivíduos a cada 100 gerações
Número máximo de gerações: 100

Tamanho da população: 230
Fração elite: 0.15
Fração mutante: 0.2
Probabilidade herdar alelo elite: 0.55
Número de populações independentes: 3
Número de threads: 14
Trocar os melhores indivíduos a cada 40 gerações
Número máximo de gerações: 130
Número máximo de iterações sem melhora: 30
Melhor até agora: 115 Geração: 0
Iteração: 0
Melhor até agora: 112 Geração: 4
Iteração: 0
Melhor até agora: 111 Geração: 2
Iteração: 1
Melhor até agora: 109 Geração: 3
Iteração: 1
Melhor até agora: 103 Geração: 0
Iteração: 3
Número de swaps entre camadas = 10
Largura da faixa = 30
Melhor altura = 103

Lower Bound 1 = 92
Lower Bound 2 = 30
Avaliação = 1.11957

Tempo de execução: 4s

---------------------------

Número de cromossomos: 43
Tamanho da população: 60
Fração elite: 0.3
Fração mutante: 0.7
Probabilidade herdar alelo elite: 0.6
Número de populações independentes: 2
Número de threads: 14
Trocar os melhores indivíduos a cada 100 gerações
Número máximo de gerações: 100

Número de cromossomos: 43
Tamanho da população: 60
Fração elite: 0.3
Fração mutante: 0.7
Probabilidade herdar alelo elite: 0.6
Número de populações independentes: 2
Número de threads: 14
Trocar os melhores indivíduos a cada 100 gerações
Número máximo de gerações: 100

Tamanho da população: 230
Fração elite: 0.15
Fração mutante: 0.2
Probabilidade herdar alelo elite: 0.55
Número de populações independentes: 3
Número de threads: 14
Trocar os melhores indivíduos a cada 40 gerações
Número máximo de gerações: 130
Número máximo de iterações sem melhora: 30
Melhor até agora: 112 Geração: 0
Iteração: 0
Melhor até agora: 111 Geração: 2
Iteração: 1
Melhor até agora: 110 Geração: 3
Iteração: 2
Melhor até agora: 109 Geração: 4
Iteração: 2
Melhor até agora: 103 Geração: 0
Iteração: 3
Melhor até agora: 102 Geração: 1
Iteração: 3
Número de swaps entre camadas = 10
Largura da faixa = 30
Melhor altura = 102

Lower Bound 1 = 92
Lower Bound 2 = 30
Avaliação = 1.1087

Tempo de execução: 4s

---------------------------

