Número de cromossomos: 93
Tamanho da população: 1000
Fração elite: 0.3
Fração mutante: 0.4
Probabilidade herdar alelo elite: 0.8
Número de populações independentes: 3
Número de threads: 2
Melhor até agora: 308 Geração: 0
Melhor até agora: 305 Geração: 2
Melhor até agora: 298 Geração: 5
Melhor até agora: 297 Geração: 10
Melhor até agora: 293 Geração: 11
Melhor até agora: 292 Geração: 17
Melhor até agora: 290 Geração: 18
Melhor até agora: 284 Geração: 45
Largura da faixa = 31
Melhor altura = 284

Lower Bound 1 = 180
Lower Bound 2 = 31
Avaliação = 1.57778
Tempo de execução: 26185ms

---------------------------

