Número de cromossomos: 32
Tamanho da população: 60
Fração elite: 0.3
Fração mutante: 0.7
Probabilidade herdar alelo elite: 0.6
Número de populações independentes: 2
Número de threads: 14
Trocar os melhores indivíduos a cada 100 gerações
Número máximo de gerações: 100

Número de cromossomos: 32
Tamanho da população: 60
Fração elite: 0.3
Fração mutante: 0.7
Probabilidade herdar alelo elite: 0.6
Número de populações independentes: 2
Número de threads: 14
Trocar os melhores indivíduos a cada 100 gerações
Número máximo de gerações: 100

Tamanho da população: 230
Fração elite: 0.15
Fração mutante: 0.2
Probabilidade herdar alelo elite: 0.55
Número de populações independentes: 3
Número de threads: 14
Trocar os melhores indivíduos a cada 40 gerações
Número máximo de gerações: 130
Número máximo de iterações sem melhora: 30
Número de swaps entre camadas = 10
Largura da faixa = 1
Melhor altura = 32

Lower Bound 1 = 32
Lower Bound 2 = 32
Avaliação = 1

Tempo de execução: 0s

---------------------------

Número de cromossomos: 32
Tamanho da população: 60
Fração elite: 0.3
Fração mutante: 0.7
Probabilidade herdar alelo elite: 0.6
Número de populações independentes: 2
Número de threads: 14
Trocar os melhores indivíduos a cada 100 gerações
Número máximo de gerações: 100

Número de cromossomos: 32
Tamanho da população: 60
Fração elite: 0.3
Fração mutante: 0.7
Probabilidade herdar alelo elite: 0.6
Número de populações independentes: 2
Número de threads: 14
Trocar os melhores indivíduos a cada 100 gerações
Número máximo de gerações: 100

Tamanho da população: 230
Fração elite: 0.15
Fração mutante: 0.2
Probabilidade herdar alelo elite: 0.55
Número de populações independentes: 3
Número de threads: 14
Trocar os melhores indivíduos a cada 40 gerações
Número máximo de gerações: 130
Número máximo de iterações sem melhora: 30
Número de swaps entre camadas = 10
Largura da faixa = 1
Melhor altura = 32

Lower Bound 1 = 32
Lower Bound 2 = 32
Avaliação = 1

Tempo de execução: 0s

---------------------------

Número de cromossomos: 32
Tamanho da população: 60
Fração elite: 0.3
Fração mutante: 0.7
Probabilidade herdar alelo elite: 0.6
Número de populações independentes: 2
Número de threads: 14
Trocar os melhores indivíduos a cada 100 gerações
Número máximo de gerações: 100

Número de cromossomos: 32
Tamanho da população: 60
Fração elite: 0.3
Fração mutante: 0.7
Probabilidade herdar alelo elite: 0.6
Número de populações independentes: 2
Número de threads: 14
Trocar os melhores indivíduos a cada 100 gerações
Número máximo de gerações: 100

Tamanho da população: 230
Fração elite: 0.15
Fração mutante: 0.2
Probabilidade herdar alelo elite: 0.55
Número de populações independentes: 3
Número de threads: 14
Trocar os melhores indivíduos a cada 40 gerações
Número máximo de gerações: 130
Número máximo de iterações sem melhora: 30
Número de swaps entre camadas = 10
Largura da faixa = 1
Melhor altura = 32

Lower Bound 1 = 32
Lower Bound 2 = 32
Avaliação = 1

Tempo de execução: 0s

---------------------------

Número de cromossomos: 32
Tamanho da população: 60
Fração elite: 0.3
Fração mutante: 0.7
Probabilidade herdar alelo elite: 0.6
Número de populações independentes: 2
Número de threads: 14
Trocar os melhores indivíduos a cada 100 gerações
Número máximo de gerações: 100

Número de cromossomos: 32
Tamanho da população: 60
Fração elite: 0.3
Fração mutante: 0.7
Probabilidade herdar alelo elite: 0.6
Número de populações independentes: 2
Número de threads: 14
Trocar os melhores indivíduos a cada 100 gerações
Número máximo de gerações: 100

Tamanho da população: 230
Fração elite: 0.15
Fração mutante: 0.2
Probabilidade herdar alelo elite: 0.55
Número de populações independentes: 3
Número de threads: 14
Trocar os melhores indivíduos a cada 40 gerações
Número máximo de gerações: 130
Número máximo de iterações sem melhora: 30
Número de swaps entre camadas = 10
Largura da faixa = 1
Melhor altura = 32

Lower Bound 1 = 32
Lower Bound 2 = 32
Avaliação = 1

Tempo de execução: 1s

---------------------------

Número de cromossomos: 32
Tamanho da população: 60
Fração elite: 0.3
Fração mutante: 0.7
Probabilidade herdar alelo elite: 0.6
Número de populações independentes: 2
Número de threads: 14
Trocar os melhores indivíduos a cada 100 gerações
Número máximo de gerações: 100

Número de cromossomos: 32
Tamanho da população: 60
Fração elite: 0.3
Fração mutante: 0.7
Probabilidade herdar alelo elite: 0.6
Número de populações independentes: 2
Número de threads: 14
Trocar os melhores indivíduos a cada 100 gerações
Número máximo de gerações: 100

Tamanho da população: 230
Fração elite: 0.15
Fração mutante: 0.2
Probabilidade herdar alelo elite: 0.55
Número de populações independentes: 3
Número de threads: 14
Trocar os melhores indivíduos a cada 40 gerações
Número máximo de gerações: 130
Número máximo de iterações sem melhora: 30
Número de swaps entre camadas = 10
Largura da faixa = 1
Melhor altura = 32

Lower Bound 1 = 32
Lower Bound 2 = 32
Avaliação = 1

Tempo de execução: 0s

---------------------------

Número de cromossomos: 32
Tamanho da população: 60
Fração elite: 0.3
Fração mutante: 0.7
Probabilidade herdar alelo elite: 0.6
Número de populações independentes: 2
Número de threads: 14
Trocar os melhores indivíduos a cada 100 gerações
Número máximo de gerações: 100

Número de cromossomos: 32
Tamanho da população: 60
Fração elite: 0.3
Fração mutante: 0.7
Probabilidade herdar alelo elite: 0.6
Número de populações independentes: 2
Número de threads: 14
Trocar os melhores indivíduos a cada 100 gerações
Número máximo de gerações: 100

Tamanho da população: 230
Fração elite: 0.15
Fração mutante: 0.2
Probabilidade herdar alelo elite: 0.55
Número de populações independentes: 3
Número de threads: 14
Trocar os melhores indivíduos a cada 40 gerações
Número máximo de gerações: 130
Número máximo de iterações sem melhora: 30
Número de swaps entre camadas = 10
Largura da faixa = 1
Melhor altura = 32

Lower Bound 1 = 32
Lower Bound 2 = 32
Avaliação = 1

Tempo de execução: 1s

---------------------------

Número de cromossomos: 32
Tamanho da população: 60
Fração elite: 0.3
Fração mutante: 0.7
Probabilidade herdar alelo elite: 0.6
Número de populações independentes: 2
Número de threads: 14
Trocar os melhores indivíduos a cada 100 gerações
Número máximo de gerações: 100

Número de cromossomos: 32
Tamanho da população: 60
Fração elite: 0.3
Fração mutante: 0.7
Probabilidade herdar alelo elite: 0.6
Número de populações independentes: 2
Número de threads: 14
Trocar os melhores indivíduos a cada 100 gerações
Número máximo de gerações: 100

Tamanho da população: 230
Fração elite: 0.15
Fração mutante: 0.2
Probabilidade herdar alelo elite: 0.55
Número de populações independentes: 3
Número de threads: 14
Trocar os melhores indivíduos a cada 40 gerações
Número máximo de gerações: 130
Número máximo de iterações sem melhora: 30
Número de swaps entre camadas = 10
Largura da faixa = 1
Melhor altura = 32

Lower Bound 1 = 32
Lower Bound 2 = 32
Avaliação = 1

Tempo de execução: 1s

---------------------------

Número de cromossomos: 32
Tamanho da população: 60
Fração elite: 0.3
Fração mutante: 0.7
Probabilidade herdar alelo elite: 0.6
Número de populações independentes: 2
Número de threads: 14
Trocar os melhores indivíduos a cada 100 gerações
Número máximo de gerações: 100

Número de cromossomos: 32
Tamanho da população: 60
Fração elite: 0.3
Fração mutante: 0.7
Probabilidade herdar alelo elite: 0.6
Número de populações independentes: 2
Número de threads: 14
Trocar os melhores indivíduos a cada 100 gerações
Número máximo de gerações: 100

Tamanho da população: 230
Fração elite: 0.15
Fração mutante: 0.2
Probabilidade herdar alelo elite: 0.55
Número de populações independentes: 3
Número de threads: 14
Trocar os melhores indivíduos a cada 40 gerações
Número máximo de gerações: 130
Número máximo de iterações sem melhora: 30
Número de swaps entre camadas = 10
Largura da faixa = 1
Melhor altura = 32

Lower Bound 1 = 32
Lower Bound 2 = 32
Avaliação = 1

Tempo de execução: 1s

---------------------------

Número de cromossomos: 32
Tamanho da população: 60
Fração elite: 0.3
Fração mutante: 0.7
Probabilidade herdar alelo elite: 0.6
Número de populações independentes: 2
Número de threads: 14
Trocar os melhores indivíduos a cada 100 gerações
Número máximo de gerações: 100

Número de cromossomos: 32
Tamanho da população: 60
Fração elite: 0.3
Fração mutante: 0.7
Probabilidade herdar alelo elite: 0.6
Número de populações independentes: 2
Número de threads: 14
Trocar os melhores indivíduos a cada 100 gerações
Número máximo de gerações: 100

Tamanho da população: 230
Fração elite: 0.15
Fração mutante: 0.2
Probabilidade herdar alelo elite: 0.55
Número de populações independentes: 3
Número de threads: 14
Trocar os melhores indivíduos a cada 40 gerações
Número máximo de gerações: 130
Número máximo de iterações sem melhora: 30
Número de swaps entre camadas = 10
Largura da faixa = 1
Melhor altura = 32

Lower Bound 1 = 32
Lower Bound 2 = 32
Avaliação = 1

Tempo de execução: 1s

---------------------------

Número de cromossomos: 32
Tamanho da população: 60
Fração elite: 0.3
Fração mutante: 0.7
Probabilidade herdar alelo elite: 0.6
Número de populações independentes: 2
Número de threads: 14
Trocar os melhores indivíduos a cada 100 gerações
Número máximo de gerações: 100

Número de cromossomos: 32
Tamanho da população: 60
Fração elite: 0.3
Fração mutante: 0.7
Probabilidade herdar alelo elite: 0.6
Número de populações independentes: 2
Número de threads: 14
Trocar os melhores indivíduos a cada 100 gerações
Número máximo de gerações: 100

Tamanho da população: 230
Fração elite: 0.15
Fração mutante: 0.2
Probabilidade herdar alelo elite: 0.55
Número de populações independentes: 3
Número de threads: 14
Trocar os melhores indivíduos a cada 40 gerações
Número máximo de gerações: 130
Número máximo de iterações sem melhora: 30
Número de swaps entre camadas = 10
Largura da faixa = 1
Melhor altura = 32

Lower Bound 1 = 32
Lower Bound 2 = 32
Avaliação = 1

Tempo de execução: 0s

---------------------------

Número de cromossomos: 32
Tamanho da população: 60
Fração elite: 0.3
Fração mutante: 0.7
Probabilidade herdar alelo elite: 0.6
Número de populações independentes: 2
Número de threads: 14
Trocar os melhores indivíduos a cada 100 gerações
Número máximo de gerações: 100

Número de cromossomos: 32
Tamanho da população: 60
Fração elite: 0.3
Fração mutante: 0.7
Probabilidade herdar alelo elite: 0.6
Número de populações independentes: 2
Número de threads: 14
Trocar os melhores indivíduos a cada 100 gerações
Número máximo de gerações: 100

Tamanho da população: 230
Fração elite: 0.15
Fração mutante: 0.2
Probabilidade herdar alelo elite: 0.55
Número de populações independentes: 3
Número de threads: 14
Trocar os melhores indivíduos a cada 40 gerações
Número máximo de gerações: 130
Número máximo de iterações sem melhora: 30
Número de swaps entre camadas = 10
Largura da faixa = 1
Melhor altura = 32

Lower Bound 1 = 32
Lower Bound 2 = 32
Avaliação = 1

Tempo de execução: 0s

---------------------------

Número de cromossomos: 32
Tamanho da população: 60
Fração elite: 0.3
Fração mutante: 0.7
Probabilidade herdar alelo elite: 0.6
Número de populações independentes: 2
Número de threads: 14
Trocar os melhores indivíduos a cada 100 gerações
Número máximo de gerações: 100

Número de cromossomos: 32
Tamanho da população: 60
Fração elite: 0.3
Fração mutante: 0.7
Probabilidade herdar alelo elite: 0.6
Número de populações independentes: 2
Número de threads: 14
Trocar os melhores indivíduos a cada 100 gerações
Número máximo de gerações: 100

Tamanho da população: 230
Fração elite: 0.15
Fração mutante: 0.2
Probabilidade herdar alelo elite: 0.55
Número de populações independentes: 3
Número de threads: 14
Trocar os melhores indivíduos a cada 40 gerações
Número máximo de gerações: 130
Número máximo de iterações sem melhora: 30
Número de swaps entre camadas = 10
Largura da faixa = 1
Melhor altura = 32

Lower Bound 1 = 32
Lower Bound 2 = 32
Avaliação = 1

Tempo de execução: 1s

---------------------------

Número de cromossomos: 32
Tamanho da população: 60
Fração elite: 0.3
Fração mutante: 0.7
Probabilidade herdar alelo elite: 0.6
Número de populações independentes: 2
Número de threads: 14
Trocar os melhores indivíduos a cada 100 gerações
Número máximo de gerações: 100

Número de cromossomos: 32
Tamanho da população: 60
Fração elite: 0.3
Fração mutante: 0.7
Probabilidade herdar alelo elite: 0.6
Número de populações independentes: 2
Número de threads: 14
Trocar os melhores indivíduos a cada 100 gerações
Número máximo de gerações: 100

Tamanho da população: 230
Fração elite: 0.15
Fração mutante: 0.2
Probabilidade herdar alelo elite: 0.55
Número de populações independentes: 3
Número de threads: 14
Trocar os melhores indivíduos a cada 40 gerações
Número máximo de gerações: 130
Número máximo de iterações sem melhora: 30
Número de swaps entre camadas = 10
Largura da faixa = 1
Melhor altura = 32

Lower Bound 1 = 32
Lower Bound 2 = 32
Avaliação = 1

Tempo de execução: 0s

---------------------------

Número de cromossomos: 32
Tamanho da população: 60
Fração elite: 0.3
Fração mutante: 0.7
Probabilidade herdar alelo elite: 0.6
Número de populações independentes: 2
Número de threads: 14
Trocar os melhores indivíduos a cada 100 gerações
Número máximo de gerações: 100

Número de cromossomos: 32
Tamanho da população: 60
Fração elite: 0.3
Fração mutante: 0.7
Probabilidade herdar alelo elite: 0.6
Número de populações independentes: 2
Número de threads: 14
Trocar os melhores indivíduos a cada 100 gerações
Número máximo de gerações: 100

Tamanho da população: 230
Fração elite: 0.15
Fração mutante: 0.2
Probabilidade herdar alelo elite: 0.55
Número de populações independentes: 3
Número de threads: 14
Trocar os melhores indivíduos a cada 40 gerações
Número máximo de gerações: 130
Número máximo de iterações sem melhora: 30
Número de swaps entre camadas = 10
Largura da faixa = 1
Melhor altura = 32

Lower Bound 1 = 32
Lower Bound 2 = 32
Avaliação = 1

Tempo de execução: 1s

---------------------------

Número de cromossomos: 32
Tamanho da população: 60
Fração elite: 0.3
Fração mutante: 0.7
Probabilidade herdar alelo elite: 0.6
Número de populações independentes: 2
Número de threads: 14
Trocar os melhores indivíduos a cada 100 gerações
Número máximo de gerações: 100

Número de cromossomos: 32
Tamanho da população: 60
Fração elite: 0.3
Fração mutante: 0.7
Probabilidade herdar alelo elite: 0.6
Número de populações independentes: 2
Número de threads: 14
Trocar os melhores indivíduos a cada 100 gerações
Número máximo de gerações: 100

Tamanho da população: 230
Fração elite: 0.15
Fração mutante: 0.2
Probabilidade herdar alelo elite: 0.55
Número de populações independentes: 3
Número de threads: 14
Trocar os melhores indivíduos a cada 40 gerações
Número máximo de gerações: 130
Número máximo de iterações sem melhora: 30
Número de swaps entre camadas = 10
Largura da faixa = 1
Melhor altura = 32

Lower Bound 1 = 32
Lower Bound 2 = 32
Avaliação = 1

Tempo de execução: 1s

---------------------------

Número de cromossomos: 32
Tamanho da população: 60
Fração elite: 0.3
Fração mutante: 0.7
Probabilidade herdar alelo elite: 0.6
Número de populações independentes: 2
Número de threads: 14
Trocar os melhores indivíduos a cada 100 gerações
Número máximo de gerações: 100

Número de cromossomos: 32
Tamanho da população: 60
Fração elite: 0.3
Fração mutante: 0.7
Probabilidade herdar alelo elite: 0.6
Número de populações independentes: 2
Número de threads: 14
Trocar os melhores indivíduos a cada 100 gerações
Número máximo de gerações: 100

Tamanho da população: 230
Fração elite: 0.15
Fração mutante: 0.2
Probabilidade herdar alelo elite: 0.55
Número de populações independentes: 3
Número de threads: 14
Trocar os melhores indivíduos a cada 40 gerações
Número máximo de gerações: 130
Número máximo de iterações sem melhora: 30
Número de swaps entre camadas = 10
Largura da faixa = 1
Melhor altura = 32

Lower Bound 1 = 32
Lower Bound 2 = 32
Avaliação = 1

Tempo de execução: 0s

---------------------------

Número de cromossomos: 32
Tamanho da população: 60
Fração elite: 0.3
Fração mutante: 0.7
Probabilidade herdar alelo elite: 0.6
Número de populações independentes: 2
Número de threads: 14
Trocar os melhores indivíduos a cada 100 gerações
Número máximo de gerações: 100

Número de cromossomos: 32
Tamanho da população: 60
Fração elite: 0.3
Fração mutante: 0.7
Probabilidade herdar alelo elite: 0.6
Número de populações independentes: 2
Número de threads: 14
Trocar os melhores indivíduos a cada 100 gerações
Número máximo de gerações: 100

Tamanho da população: 230
Fração elite: 0.15
Fração mutante: 0.2
Probabilidade herdar alelo elite: 0.55
Número de populações independentes: 3
Número de threads: 14
Trocar os melhores indivíduos a cada 40 gerações
Número máximo de gerações: 130
Número máximo de iterações sem melhora: 30
Número de swaps entre camadas = 10
Largura da faixa = 1
Melhor altura = 32

Lower Bound 1 = 32
Lower Bound 2 = 32
Avaliação = 1

Tempo de execução: 1s

---------------------------

Número de cromossomos: 32
Tamanho da população: 60
Fração elite: 0.3
Fração mutante: 0.7
Probabilidade herdar alelo elite: 0.6
Número de populações independentes: 2
Número de threads: 14
Trocar os melhores indivíduos a cada 100 gerações
Número máximo de gerações: 100

Número de cromossomos: 32
Tamanho da população: 60
Fração elite: 0.3
Fração mutante: 0.7
Probabilidade herdar alelo elite: 0.6
Número de populações independentes: 2
Número de threads: 14
Trocar os melhores indivíduos a cada 100 gerações
Número máximo de gerações: 100

Tamanho da população: 230
Fração elite: 0.15
Fração mutante: 0.2
Probabilidade herdar alelo elite: 0.55
Número de populações independentes: 3
Número de threads: 14
Trocar os melhores indivíduos a cada 40 gerações
Número máximo de gerações: 130
Número máximo de iterações sem melhora: 30
Número de swaps entre camadas = 10
Largura da faixa = 1
Melhor altura = 32

Lower Bound 1 = 32
Lower Bound 2 = 32
Avaliação = 1

Tempo de execução: 0s

---------------------------

Número de cromossomos: 32
Tamanho da população: 60
Fração elite: 0.3
Fração mutante: 0.7
Probabilidade herdar alelo elite: 0.6
Número de populações independentes: 2
Número de threads: 14
Trocar os melhores indivíduos a cada 100 gerações
Número máximo de gerações: 100

Número de cromossomos: 32
Tamanho da população: 60
Fração elite: 0.3
Fração mutante: 0.7
Probabilidade herdar alelo elite: 0.6
Número de populações independentes: 2
Número de threads: 14
Trocar os melhores indivíduos a cada 100 gerações
Número máximo de gerações: 100

Tamanho da população: 230
Fração elite: 0.15
Fração mutante: 0.2
Probabilidade herdar alelo elite: 0.55
Número de populações independentes: 3
Número de threads: 14
Trocar os melhores indivíduos a cada 40 gerações
Número máximo de gerações: 130
Número máximo de iterações sem melhora: 30
Número de swaps entre camadas = 10
Largura da faixa = 1
Melhor altura = 32

Lower Bound 1 = 32
Lower Bound 2 = 32
Avaliação = 1

Tempo de execução: 0s

---------------------------

Número de cromossomos: 32
Tamanho da população: 60
Fração elite: 0.3
Fração mutante: 0.7
Probabilidade herdar alelo elite: 0.6
Número de populações independentes: 2
Número de threads: 14
Trocar os melhores indivíduos a cada 100 gerações
Número máximo de gerações: 100

Número de cromossomos: 32
Tamanho da população: 60
Fração elite: 0.3
Fração mutante: 0.7
Probabilidade herdar alelo elite: 0.6
Número de populações independentes: 2
Número de threads: 14
Trocar os melhores indivíduos a cada 100 gerações
Número máximo de gerações: 100

Tamanho da população: 230
Fração elite: 0.15
Fração mutante: 0.2
Probabilidade herdar alelo elite: 0.55
Número de populações independentes: 3
Número de threads: 14
Trocar os melhores indivíduos a cada 40 gerações
Número máximo de gerações: 130
Número máximo de iterações sem melhora: 30
Número de swaps entre camadas = 10
Largura da faixa = 1
Melhor altura = 32

Lower Bound 1 = 32
Lower Bound 2 = 32
Avaliação = 1

Tempo de execução: 1s

---------------------------

Tamanho da população: 297
Fração elite: 0.55
Fração mutante: 0.0174
Probabilidade herdar alelo elite: 0.7678
Número de populações independentes: 1
Número de threads: 1
Trocar os melhores indivíduos a cada 30 gerações
Número máximo de gerações: 279

Largura da faixa = 1
Melhor altura = 32

Lower Bound 1 = 32
Lower Bound 2 = 32
Avaliação = 1

Tempo de execução: 0.766032s

---------------------------

Tamanho da população: 297
Fração elite: 0.55
Fração mutante: 0.0174
Probabilidade herdar alelo elite: 0.7678
Número de populações independentes: 1
Número de threads: 1
Trocar os melhores indivíduos a cada 30 gerações
Número máximo de gerações: 279

Largura da faixa = 1
Melhor altura = 32

Lower Bound 1 = 32
Lower Bound 2 = 32
Avaliação = 1

Tempo de execução: 0.770443s

---------------------------

Tamanho da população: 297
Fração elite: 0.55
Fração mutante: 0.0174
Probabilidade herdar alelo elite: 0.7678
Número de populações independentes: 1
Número de threads: 1
Trocar os melhores indivíduos a cada 30 gerações
Número máximo de gerações: 279

Largura da faixa = 1
Melhor altura = 32

Lower Bound 1 = 32
Lower Bound 2 = 32
Avaliação = 1

Tempo de execução: 0.796806s

---------------------------

Tamanho da população: 297
Fração elite: 0.55
Fração mutante: 0.0174
Probabilidade herdar alelo elite: 0.7678
Número de populações independentes: 1
Número de threads: 1
Trocar os melhores indivíduos a cada 30 gerações
Número máximo de gerações: 279

Largura da faixa = 1
Melhor altura = 32

Lower Bound 1 = 32
Lower Bound 2 = 32
Avaliação = 1

Tempo de execução: 0.767377s

---------------------------

Tamanho da população: 297
Fração elite: 0.55
Fração mutante: 0.0174
Probabilidade herdar alelo elite: 0.7678
Número de populações independentes: 1
Número de threads: 1
Trocar os melhores indivíduos a cada 30 gerações
Número máximo de gerações: 279

Largura da faixa = 1
Melhor altura = 32

Lower Bound 1 = 32
Lower Bound 2 = 32
Avaliação = 1

Tempo de execução: 0.768906s

---------------------------

Tamanho da população: 297
Fração elite: 0.55
Fração mutante: 0.0174
Probabilidade herdar alelo elite: 0.7678
Número de populações independentes: 1
Número de threads: 1
Trocar os melhores indivíduos a cada 30 gerações
Número máximo de gerações: 279

Largura da faixa = 1
Melhor altura = 32

Lower Bound 1 = 32
Lower Bound 2 = 32
Avaliação = 1

Tempo de execução: 0.78249s

---------------------------

Tamanho da população: 297
Fração elite: 0.55
Fração mutante: 0.0174
Probabilidade herdar alelo elite: 0.7678
Número de populações independentes: 1
Número de threads: 1
Trocar os melhores indivíduos a cada 30 gerações
Número máximo de gerações: 279

Largura da faixa = 1
Melhor altura = 32

Lower Bound 1 = 32
Lower Bound 2 = 32
Avaliação = 1

Tempo de execução: 0.763506s

---------------------------

Tamanho da população: 297
Fração elite: 0.55
Fração mutante: 0.0174
Probabilidade herdar alelo elite: 0.7678
Número de populações independentes: 1
Número de threads: 1
Trocar os melhores indivíduos a cada 30 gerações
Número máximo de gerações: 279

Largura da faixa = 1
Melhor altura = 32

Lower Bound 1 = 32
Lower Bound 2 = 32
Avaliação = 1

Tempo de execução: 0.764014s

---------------------------

Tamanho da população: 297
Fração elite: 0.55
Fração mutante: 0.0174
Probabilidade herdar alelo elite: 0.7678
Número de populações independentes: 1
Número de threads: 1
Trocar os melhores indivíduos a cada 30 gerações
Número máximo de gerações: 279

Largura da faixa = 1
Melhor altura = 32

Lower Bound 1 = 32
Lower Bound 2 = 32
Avaliação = 1

Tempo de execução: 0.765732s

---------------------------

Tamanho da população: 297
Fração elite: 0.55
Fração mutante: 0.0174
Probabilidade herdar alelo elite: 0.7678
Número de populações independentes: 1
Número de threads: 1
Trocar os melhores indivíduos a cada 30 gerações
Número máximo de gerações: 279

Largura da faixa = 1
Melhor altura = 32

Lower Bound 1 = 32
Lower Bound 2 = 32
Avaliação = 1

Tempo de execução: 0.75375s

---------------------------

Tamanho da população: 297
Fração elite: 0.55
Fração mutante: 0.0174
Probabilidade herdar alelo elite: 0.7678
Número de populações independentes: 1
Número de threads: 1
Trocar os melhores indivíduos a cada 30 gerações
Número máximo de gerações: 279

Largura da faixa = 1
Melhor altura = 32

Lower Bound 1 = 32
Lower Bound 2 = 32
Avaliação = 1

Tempo de execução: 0.755655s

---------------------------

Tamanho da população: 297
Fração elite: 0.55
Fração mutante: 0.0174
Probabilidade herdar alelo elite: 0.7678
Número de populações independentes: 1
Número de threads: 1
Trocar os melhores indivíduos a cada 30 gerações
Número máximo de gerações: 279

Largura da faixa = 1
Melhor altura = 32

Lower Bound 1 = 32
Lower Bound 2 = 32
Avaliação = 1

Tempo de execução: 0.761773s

---------------------------

Tamanho da população: 297
Fração elite: 0.55
Fração mutante: 0.0174
Probabilidade herdar alelo elite: 0.7678
Número de populações independentes: 1
Número de threads: 1
Trocar os melhores indivíduos a cada 30 gerações
Número máximo de gerações: 279

Largura da faixa = 1
Melhor altura = 32

Lower Bound 1 = 32
Lower Bound 2 = 32
Avaliação = 1

Tempo de execução: 0.760439s

---------------------------

Tamanho da população: 297
Fração elite: 0.55
Fração mutante: 0.0174
Probabilidade herdar alelo elite: 0.7678
Número de populações independentes: 1
Número de threads: 1
Trocar os melhores indivíduos a cada 30 gerações
Número máximo de gerações: 279

Largura da faixa = 1
Melhor altura = 32

Lower Bound 1 = 32
Lower Bound 2 = 32
Avaliação = 1

Tempo de execução: 0.76528s

---------------------------

Tamanho da população: 297
Fração elite: 0.55
Fração mutante: 0.0174
Probabilidade herdar alelo elite: 0.7678
Número de populações independentes: 1
Número de threads: 1
Trocar os melhores indivíduos a cada 30 gerações
Número máximo de gerações: 279

Largura da faixa = 1
Melhor altura = 32

Lower Bound 1 = 32
Lower Bound 2 = 32
Avaliação = 1

Tempo de execução: 0.766253s

---------------------------

Tamanho da população: 297
Fração elite: 0.55
Fração mutante: 0.0174
Probabilidade herdar alelo elite: 0.7678
Número de populações independentes: 1
Número de threads: 1
Trocar os melhores indivíduos a cada 30 gerações
Número máximo de gerações: 279

Largura da faixa = 1
Melhor altura = 32

Lower Bound 1 = 32
Lower Bound 2 = 32
Avaliação = 1

Tempo de execução: 0.751691s

---------------------------

Tamanho da população: 297
Fração elite: 0.55
Fração mutante: 0.0174
Probabilidade herdar alelo elite: 0.7678
Número de populações independentes: 1
Número de threads: 1
Trocar os melhores indivíduos a cada 30 gerações
Número máximo de gerações: 279

Largura da faixa = 1
Melhor altura = 32

Lower Bound 1 = 32
Lower Bound 2 = 32
Avaliação = 1

Tempo de execução: 0.760235s

---------------------------

Tamanho da população: 297
Fração elite: 0.55
Fração mutante: 0.0174
Probabilidade herdar alelo elite: 0.7678
Número de populações independentes: 1
Número de threads: 1
Trocar os melhores indivíduos a cada 30 gerações
Número máximo de gerações: 279

Largura da faixa = 1
Melhor altura = 32

Lower Bound 1 = 32
Lower Bound 2 = 32
Avaliação = 1

Tempo de execução: 0.772192s

---------------------------

Tamanho da população: 297
Fração elite: 0.55
Fração mutante: 0.0174
Probabilidade herdar alelo elite: 0.7678
Número de populações independentes: 1
Número de threads: 1
Trocar os melhores indivíduos a cada 30 gerações
Número máximo de gerações: 279

Largura da faixa = 1
Melhor altura = 32

Lower Bound 1 = 32
Lower Bound 2 = 32
Avaliação = 1

Tempo de execução: 0.746582s

---------------------------

Tamanho da população: 297
Fração elite: 0.55
Fração mutante: 0.0174
Probabilidade herdar alelo elite: 0.7678
Número de populações independentes: 1
Número de threads: 1
Trocar os melhores indivíduos a cada 30 gerações
Número máximo de gerações: 279

Largura da faixa = 1
Melhor altura = 32

Lower Bound 1 = 32
Lower Bound 2 = 32
Avaliação = 1

Tempo de execução: 0.760501s

---------------------------

Tamanho da população: 392
Fração elite: 0.2567
Fração mutante: 0.0202
Probabilidade herdar alelo elite: 0.6001
Número de populações independentes: 1
Número de threads: 1
Número máximo de gerações: 364

Largura da faixa = 1
Melhor altura = 32

Lower Bound 1 = 32
Lower Bound 2 = 32
Avaliação = 1

Tempo de execução: 0.762984s

---------------------------

Tamanho da população: 392
Fração elite: 0.2567
Fração mutante: 0.0202
Probabilidade herdar alelo elite: 0.6001
Número de populações independentes: 1
Número de threads: 1
Número máximo de gerações: 364

Largura da faixa = 1
Melhor altura = 32

Lower Bound 1 = 32
Lower Bound 2 = 32
Avaliação = 1

Tempo de execução: 0.770761s

---------------------------

Tamanho da população: 392
Fração elite: 0.2567
Fração mutante: 0.0202
Probabilidade herdar alelo elite: 0.6001
Número de populações independentes: 1
Número de threads: 1
Número máximo de gerações: 364

Largura da faixa = 1
Melhor altura = 32

Lower Bound 1 = 32
Lower Bound 2 = 32
Avaliação = 1

Tempo de execução: 0.792527s

---------------------------

Tamanho da população: 392
Fração elite: 0.2567
Fração mutante: 0.0202
Probabilidade herdar alelo elite: 0.6001
Número de populações independentes: 1
Número de threads: 1
Número máximo de gerações: 364

Largura da faixa = 1
Melhor altura = 32

Lower Bound 1 = 32
Lower Bound 2 = 32
Avaliação = 1

Tempo de execução: 0.779709s

---------------------------

Tamanho da população: 392
Fração elite: 0.2567
Fração mutante: 0.0202
Probabilidade herdar alelo elite: 0.6001
Número de populações independentes: 1
Número de threads: 1
Número máximo de gerações: 364

Largura da faixa = 1
Melhor altura = 32

Lower Bound 1 = 32
Lower Bound 2 = 32
Avaliação = 1

Tempo de execução: 0.782132s

---------------------------

Tamanho da população: 392
Fração elite: 0.2567
Fração mutante: 0.0202
Probabilidade herdar alelo elite: 0.6001
Número de populações independentes: 1
Número de threads: 1
Número máximo de gerações: 364

Largura da faixa = 1
Melhor altura = 32

Lower Bound 1 = 32
Lower Bound 2 = 32
Avaliação = 1

Tempo de execução: 0.785096s

---------------------------

Tamanho da população: 392
Fração elite: 0.2567
Fração mutante: 0.0202
Probabilidade herdar alelo elite: 0.6001
Número de populações independentes: 1
Número de threads: 1
Número máximo de gerações: 364

Largura da faixa = 1
Melhor altura = 32

Lower Bound 1 = 32
Lower Bound 2 = 32
Avaliação = 1

Tempo de execução: 0.775162s

---------------------------

Tamanho da população: 392
Fração elite: 0.2567
Fração mutante: 0.0202
Probabilidade herdar alelo elite: 0.6001
Número de populações independentes: 1
Número de threads: 1
Número máximo de gerações: 364

Largura da faixa = 1
Melhor altura = 32

Lower Bound 1 = 32
Lower Bound 2 = 32
Avaliação = 1

Tempo de execução: 0.778525s

---------------------------

Tamanho da população: 392
Fração elite: 0.2567
Fração mutante: 0.0202
Probabilidade herdar alelo elite: 0.6001
Número de populações independentes: 1
Número de threads: 1
Número máximo de gerações: 364

Largura da faixa = 1
Melhor altura = 32

Lower Bound 1 = 32
Lower Bound 2 = 32
Avaliação = 1

Tempo de execução: 0.785263s

---------------------------

Tamanho da população: 392
Fração elite: 0.2567
Fração mutante: 0.0202
Probabilidade herdar alelo elite: 0.6001
Número de populações independentes: 1
Número de threads: 1
Número máximo de gerações: 364

Largura da faixa = 1
Melhor altura = 32

Lower Bound 1 = 32
Lower Bound 2 = 32
Avaliação = 1

Tempo de execução: 0.766202s

---------------------------

Tamanho da população: 392
Fração elite: 0.2567
Fração mutante: 0.0202
Probabilidade herdar alelo elite: 0.6001
Número de populações independentes: 1
Número de threads: 1
Número máximo de gerações: 364

Largura da faixa = 1
Melhor altura = 32

Lower Bound 1 = 32
Lower Bound 2 = 32
Avaliação = 1

Tempo de execução: 0.774976s

---------------------------

Tamanho da população: 392
Fração elite: 0.2567
Fração mutante: 0.0202
Probabilidade herdar alelo elite: 0.6001
Número de populações independentes: 1
Número de threads: 1
Número máximo de gerações: 364

Largura da faixa = 1
Melhor altura = 32

Lower Bound 1 = 32
Lower Bound 2 = 32
Avaliação = 1

Tempo de execução: 0.777668s

---------------------------

Tamanho da população: 392
Fração elite: 0.2567
Fração mutante: 0.0202
Probabilidade herdar alelo elite: 0.6001
Número de populações independentes: 1
Número de threads: 1
Número máximo de gerações: 364

Largura da faixa = 1
Melhor altura = 32

Lower Bound 1 = 32
Lower Bound 2 = 32
Avaliação = 1

Tempo de execução: 0.775009s

---------------------------

Tamanho da população: 392
Fração elite: 0.2567
Fração mutante: 0.0202
Probabilidade herdar alelo elite: 0.6001
Número de populações independentes: 1
Número de threads: 1
Número máximo de gerações: 364

Largura da faixa = 1
Melhor altura = 32

Lower Bound 1 = 32
Lower Bound 2 = 32
Avaliação = 1

Tempo de execução: 0.781767s

---------------------------

Tamanho da população: 392
Fração elite: 0.2567
Fração mutante: 0.0202
Probabilidade herdar alelo elite: 0.6001
Número de populações independentes: 1
Número de threads: 1
Número máximo de gerações: 364

Largura da faixa = 1
Melhor altura = 32

Lower Bound 1 = 32
Lower Bound 2 = 32
Avaliação = 1

Tempo de execução: 0.784123s

---------------------------

Tamanho da população: 392
Fração elite: 0.2567
Fração mutante: 0.0202
Probabilidade herdar alelo elite: 0.6001
Número de populações independentes: 1
Número de threads: 1
Número máximo de gerações: 364

Largura da faixa = 1
Melhor altura = 32

Lower Bound 1 = 32
Lower Bound 2 = 32
Avaliação = 1

Tempo de execução: 0.774522s

---------------------------

Tamanho da população: 392
Fração elite: 0.2567
Fração mutante: 0.0202
Probabilidade herdar alelo elite: 0.6001
Número de populações independentes: 1
Número de threads: 1
Número máximo de gerações: 364

Largura da faixa = 1
Melhor altura = 32

Lower Bound 1 = 32
Lower Bound 2 = 32
Avaliação = 1

Tempo de execução: 0.77479s

---------------------------

Tamanho da população: 392
Fração elite: 0.2567
Fração mutante: 0.0202
Probabilidade herdar alelo elite: 0.6001
Número de populações independentes: 1
Número de threads: 1
Número máximo de gerações: 364

Largura da faixa = 1
Melhor altura = 32

Lower Bound 1 = 32
Lower Bound 2 = 32
Avaliação = 1

Tempo de execução: 0.776189s

---------------------------

Tamanho da população: 392
Fração elite: 0.2567
Fração mutante: 0.0202
Probabilidade herdar alelo elite: 0.6001
Número de populações independentes: 1
Número de threads: 1
Número máximo de gerações: 364

Largura da faixa = 1
Melhor altura = 32

Lower Bound 1 = 32
Lower Bound 2 = 32
Avaliação = 1

Tempo de execução: 0.756225s

---------------------------

Tamanho da população: 392
Fração elite: 0.2567
Fração mutante: 0.0202
Probabilidade herdar alelo elite: 0.6001
Número de populações independentes: 1
Número de threads: 1
Número máximo de gerações: 364

Largura da faixa = 1
Melhor altura = 32

Lower Bound 1 = 32
Lower Bound 2 = 32
Avaliação = 1

Tempo de execução: 0.776352s

---------------------------

