Tamanho da população: 475
Fração elite: 0.2121
Fração mutante: 0.0442
Probabilidade herdar alelo elite: 0.6514
Número de populações independentes: 3
Troca de informação de 4 individuos a cada 241 gerações
Número de threads: 1

Largura da faixa = 36
Melhor altura = 1027

Lower Bound 1 = 872
Lower Bound 2 = 36
Avaliação = 1.17775

Tempo de execução: 60.0708s

---------------------------

Tamanho da população: 475
Fração elite: 0.2121
Fração mutante: 0.0442
Probabilidade herdar alelo elite: 0.6514
Número de populações independentes: 3
Troca de informação de 4 individuos a cada 241 gerações
Número de threads: 1

Largura da faixa = 36
Melhor altura = 1030

Lower Bound 1 = 872
Lower Bound 2 = 36
Avaliação = 1.18119

Tempo de execução: 60.6264s

---------------------------

Tamanho da população: 475
Fração elite: 0.2121
Fração mutante: 0.0442
Probabilidade herdar alelo elite: 0.6514
Número de populações independentes: 3
Troca de informação de 4 individuos a cada 241 gerações
Número de threads: 1

Largura da faixa = 36
Melhor altura = 1030

Lower Bound 1 = 872
Lower Bound 2 = 36
Avaliação = 1.18119

Tempo de execução: 60.7278s

---------------------------

Tamanho da população: 475
Fração elite: 0.2121
Fração mutante: 0.0442
Probabilidade herdar alelo elite: 0.6514
Número de populações independentes: 3
Troca de informação de 4 individuos a cada 241 gerações
Número de threads: 1

Largura da faixa = 36
Melhor altura = 1029

Lower Bound 1 = 872
Lower Bound 2 = 36
Avaliação = 1.18005

Tempo de execução: 60.1241s

---------------------------

Tamanho da população: 475
Fração elite: 0.2121
Fração mutante: 0.0442
Probabilidade herdar alelo elite: 0.6514
Número de populações independentes: 3
Troca de informação de 4 individuos a cada 241 gerações
Número de threads: 1

Largura da faixa = 36
Melhor altura = 1034

Lower Bound 1 = 872
Lower Bound 2 = 36
Avaliação = 1.18578

Tempo de execução: 60.1437s

---------------------------

Tamanho da população: 475
Fração elite: 0.2121
Fração mutante: 0.0442
Probabilidade herdar alelo elite: 0.6514
Número de populações independentes: 3
Troca de informação de 4 individuos a cada 241 gerações
Número de threads: 1

Largura da faixa = 36
Melhor altura = 1029

Lower Bound 1 = 872
Lower Bound 2 = 36
Avaliação = 1.18005

Tempo de execução: 60.6279s

---------------------------

Tamanho da população: 475
Fração elite: 0.2121
Fração mutante: 0.0442
Probabilidade herdar alelo elite: 0.6514
Número de populações independentes: 3
Troca de informação de 4 individuos a cada 241 gerações
Número de threads: 1

Largura da faixa = 36
Melhor altura = 1030

Lower Bound 1 = 872
Lower Bound 2 = 36
Avaliação = 1.18119

Tempo de execução: 60.0364s

---------------------------

Tamanho da população: 475
Fração elite: 0.2121
Fração mutante: 0.0442
Probabilidade herdar alelo elite: 0.6514
Número de populações independentes: 3
Troca de informação de 4 individuos a cada 241 gerações
Número de threads: 1

Largura da faixa = 36
Melhor altura = 1032

Lower Bound 1 = 872
Lower Bound 2 = 36
Avaliação = 1.18349

Tempo de execução: 60.4328s

---------------------------

Tamanho da população: 475
Fração elite: 0.2121
Fração mutante: 0.0442
Probabilidade herdar alelo elite: 0.6514
Número de populações independentes: 3
Troca de informação de 4 individuos a cada 241 gerações
Número de threads: 1

Largura da faixa = 36
Melhor altura = 1028

Lower Bound 1 = 872
Lower Bound 2 = 36
Avaliação = 1.1789

Tempo de execução: 60.5865s

---------------------------

Tamanho da população: 475
Fração elite: 0.2121
Fração mutante: 0.0442
Probabilidade herdar alelo elite: 0.6514
Número de populações independentes: 3
Troca de informação de 4 individuos a cada 241 gerações
Número de threads: 1

Largura da faixa = 36
Melhor altura = 1035

Lower Bound 1 = 872
Lower Bound 2 = 36
Avaliação = 1.18693

Tempo de execução: 60.0197s

---------------------------

Tamanho da população: 475
Fração elite: 0.2121
Fração mutante: 0.0442
Probabilidade herdar alelo elite: 0.6514
Número de populações independentes: 3
Troca de informação de 4 individuos a cada 241 gerações
Número de threads: 1

Largura da faixa = 36
Melhor altura = 1022

Lower Bound 1 = 872
Lower Bound 2 = 36
Avaliação = 1.17202

Tempo de execução: 60.0697s

---------------------------

Tamanho da população: 475
Fração elite: 0.2121
Fração mutante: 0.0442
Probabilidade herdar alelo elite: 0.6514
Número de populações independentes: 3
Troca de informação de 4 individuos a cada 241 gerações
Número de threads: 1

Largura da faixa = 36
Melhor altura = 1025

Lower Bound 1 = 872
Lower Bound 2 = 36
Avaliação = 1.17546

Tempo de execução: 60.4213s

---------------------------

Tamanho da população: 475
Fração elite: 0.2121
Fração mutante: 0.0442
Probabilidade herdar alelo elite: 0.6514
Número de populações independentes: 3
Troca de informação de 4 individuos a cada 241 gerações
Número de threads: 1

Largura da faixa = 36
Melhor altura = 1027

Lower Bound 1 = 872
Lower Bound 2 = 36
Avaliação = 1.17775

Tempo de execução: 60.1717s

---------------------------

Tamanho da população: 475
Fração elite: 0.2121
Fração mutante: 0.0442
Probabilidade herdar alelo elite: 0.6514
Número de populações independentes: 3
Troca de informação de 4 individuos a cada 241 gerações
Número de threads: 1

Largura da faixa = 36
Melhor altura = 1032

Lower Bound 1 = 872
Lower Bound 2 = 36
Avaliação = 1.18349

Tempo de execução: 60.6139s

---------------------------

Tamanho da população: 475
Fração elite: 0.2121
Fração mutante: 0.0442
Probabilidade herdar alelo elite: 0.6514
Número de populações independentes: 3
Troca de informação de 4 individuos a cada 241 gerações
Número de threads: 1

Largura da faixa = 36
Melhor altura = 1031

Lower Bound 1 = 872
Lower Bound 2 = 36
Avaliação = 1.18234

Tempo de execução: 60.6789s

---------------------------

Tamanho da população: 475
Fração elite: 0.2121
Fração mutante: 0.0442
Probabilidade herdar alelo elite: 0.6514
Número de populações independentes: 3
Troca de informação de 4 individuos a cada 241 gerações
Número de threads: 1

Largura da faixa = 36
Melhor altura = 1033

Lower Bound 1 = 872
Lower Bound 2 = 36
Avaliação = 1.18463

Tempo de execução: 60.0336s

---------------------------

Tamanho da população: 475
Fração elite: 0.2121
Fração mutante: 0.0442
Probabilidade herdar alelo elite: 0.6514
Número de populações independentes: 3
Troca de informação de 4 individuos a cada 241 gerações
Número de threads: 1

Largura da faixa = 36
Melhor altura = 1029

Lower Bound 1 = 872
Lower Bound 2 = 36
Avaliação = 1.18005

Tempo de execução: 60.1274s

---------------------------

Tamanho da população: 475
Fração elite: 0.2121
Fração mutante: 0.0442
Probabilidade herdar alelo elite: 0.6514
Número de populações independentes: 3
Troca de informação de 4 individuos a cada 241 gerações
Número de threads: 1

Largura da faixa = 36
Melhor altura = 1028

Lower Bound 1 = 872
Lower Bound 2 = 36
Avaliação = 1.1789

Tempo de execução: 60.4639s

---------------------------

Tamanho da população: 475
Fração elite: 0.2121
Fração mutante: 0.0442
Probabilidade herdar alelo elite: 0.6514
Número de populações independentes: 3
Troca de informação de 4 individuos a cada 241 gerações
Número de threads: 1

Largura da faixa = 36
Melhor altura = 1030

Lower Bound 1 = 872
Lower Bound 2 = 36
Avaliação = 1.18119

Tempo de execução: 60.6399s

---------------------------

Tamanho da população: 475
Fração elite: 0.2121
Fração mutante: 0.0442
Probabilidade herdar alelo elite: 0.6514
Número de populações independentes: 3
Troca de informação de 4 individuos a cada 241 gerações
Número de threads: 1

Largura da faixa = 36
Melhor altura = 1030

Lower Bound 1 = 872
Lower Bound 2 = 36
Avaliação = 1.18119

Tempo de execução: 60.6954s
