Tamanho da população: 475
Fração elite: 0.2121
Fração mutante: 0.0442
Probabilidade herdar alelo elite: 0.6514
Número de populações independentes: 3
Troca de informação de 4 individuos a cada 241 gerações
Número de threads: 1

Largura da faixa = 31
Melhor altura = 97

Lower Bound 1 = 91
Lower Bound 2 = 31
Avaliação = 1.06593

Tempo de execução: 60.0108s

---------------------------

Tamanho da população: 475
Fração elite: 0.2121
Fração mutante: 0.0442
Probabilidade herdar alelo elite: 0.6514
Número de populações independentes: 3
Troca de informação de 4 individuos a cada 241 gerações
Número de threads: 1

Largura da faixa = 31
Melhor altura = 98

Lower Bound 1 = 91
Lower Bound 2 = 31
Avaliação = 1.07692

Tempo de execução: 60.0303s

---------------------------

Tamanho da população: 475
Fração elite: 0.2121
Fração mutante: 0.0442
Probabilidade herdar alelo elite: 0.6514
Número de populações independentes: 3
Troca de informação de 4 individuos a cada 241 gerações
Número de threads: 1

Largura da faixa = 31
Melhor altura = 98

Lower Bound 1 = 91
Lower Bound 2 = 31
Avaliação = 1.07692

Tempo de execução: 60.0326s

---------------------------

Tamanho da população: 475
Fração elite: 0.2121
Fração mutante: 0.0442
Probabilidade herdar alelo elite: 0.6514
Número de populações independentes: 3
Troca de informação de 4 individuos a cada 241 gerações
Número de threads: 1

Largura da faixa = 31
Melhor altura = 97

Lower Bound 1 = 91
Lower Bound 2 = 31
Avaliação = 1.06593

Tempo de execução: 60.0039s

---------------------------

Tamanho da população: 475
Fração elite: 0.2121
Fração mutante: 0.0442
Probabilidade herdar alelo elite: 0.6514
Número de populações independentes: 3
Troca de informação de 4 individuos a cada 241 gerações
Número de threads: 1

Largura da faixa = 31
Melhor altura = 98

Lower Bound 1 = 91
Lower Bound 2 = 31
Avaliação = 1.07692

Tempo de execução: 60.0406s

---------------------------

Tamanho da população: 475
Fração elite: 0.2121
Fração mutante: 0.0442
Probabilidade herdar alelo elite: 0.6514
Número de populações independentes: 3
Troca de informação de 4 individuos a cada 241 gerações
Número de threads: 1

Largura da faixa = 31
Melhor altura = 99

Lower Bound 1 = 91
Lower Bound 2 = 31
Avaliação = 1.08791

Tempo de execução: 60.0412s

---------------------------

Tamanho da população: 475
Fração elite: 0.2121
Fração mutante: 0.0442
Probabilidade herdar alelo elite: 0.6514
Número de populações independentes: 3
Troca de informação de 4 individuos a cada 241 gerações
Número de threads: 1

Largura da faixa = 31
Melhor altura = 97

Lower Bound 1 = 91
Lower Bound 2 = 31
Avaliação = 1.06593

Tempo de execução: 60.0116s

---------------------------

Tamanho da população: 475
Fração elite: 0.2121
Fração mutante: 0.0442
Probabilidade herdar alelo elite: 0.6514
Número de populações independentes: 3
Troca de informação de 4 individuos a cada 241 gerações
Número de threads: 1

Largura da faixa = 31
Melhor altura = 98

Lower Bound 1 = 91
Lower Bound 2 = 31
Avaliação = 1.07692

Tempo de execução: 60.0458s

---------------------------

Tamanho da população: 475
Fração elite: 0.2121
Fração mutante: 0.0442
Probabilidade herdar alelo elite: 0.6514
Número de populações independentes: 3
Troca de informação de 4 individuos a cada 241 gerações
Número de threads: 1

Largura da faixa = 31
Melhor altura = 97

Lower Bound 1 = 91
Lower Bound 2 = 31
Avaliação = 1.06593

Tempo de execução: 60.0547s

---------------------------

Tamanho da população: 475
Fração elite: 0.2121
Fração mutante: 0.0442
Probabilidade herdar alelo elite: 0.6514
Número de populações independentes: 3
Troca de informação de 4 individuos a cada 241 gerações
Número de threads: 1

Largura da faixa = 31
Melhor altura = 97

Lower Bound 1 = 91
Lower Bound 2 = 31
Avaliação = 1.06593

Tempo de execução: 60.035s

---------------------------

Tamanho da população: 475
Fração elite: 0.2121
Fração mutante: 0.0442
Probabilidade herdar alelo elite: 0.6514
Número de populações independentes: 3
Troca de informação de 4 individuos a cada 241 gerações
Número de threads: 1

Largura da faixa = 31
Melhor altura = 98

Lower Bound 1 = 91
Lower Bound 2 = 31
Avaliação = 1.07692

Tempo de execução: 60.0404s

---------------------------

Tamanho da população: 475
Fração elite: 0.2121
Fração mutante: 0.0442
Probabilidade herdar alelo elite: 0.6514
Número de populações independentes: 3
Troca de informação de 4 individuos a cada 241 gerações
Número de threads: 1

Largura da faixa = 31
Melhor altura = 98

Lower Bound 1 = 91
Lower Bound 2 = 31
Avaliação = 1.07692

Tempo de execução: 60.0495s

---------------------------

Tamanho da população: 475
Fração elite: 0.2121
Fração mutante: 0.0442
Probabilidade herdar alelo elite: 0.6514
Número de populações independentes: 3
Troca de informação de 4 individuos a cada 241 gerações
Número de threads: 1

Largura da faixa = 31
Melhor altura = 98

Lower Bound 1 = 91
Lower Bound 2 = 31
Avaliação = 1.07692

Tempo de execução: 60.0116s

---------------------------

Tamanho da população: 475
Fração elite: 0.2121
Fração mutante: 0.0442
Probabilidade herdar alelo elite: 0.6514
Número de populações independentes: 3
Troca de informação de 4 individuos a cada 241 gerações
Número de threads: 1

Largura da faixa = 31
Melhor altura = 96

Lower Bound 1 = 91
Lower Bound 2 = 31
Avaliação = 1.05495

Tempo de execução: 60.0123s

---------------------------

Tamanho da população: 475
Fração elite: 0.2121
Fração mutante: 0.0442
Probabilidade herdar alelo elite: 0.6514
Número de populações independentes: 3
Troca de informação de 4 individuos a cada 241 gerações
Número de threads: 1

Largura da faixa = 31
Melhor altura = 97

Lower Bound 1 = 91
Lower Bound 2 = 31
Avaliação = 1.06593

Tempo de execução: 60.0542s

---------------------------

Tamanho da população: 475
Fração elite: 0.2121
Fração mutante: 0.0442
Probabilidade herdar alelo elite: 0.6514
Número de populações independentes: 3
Troca de informação de 4 individuos a cada 241 gerações
Número de threads: 1

Largura da faixa = 31
Melhor altura = 97

Lower Bound 1 = 91
Lower Bound 2 = 31
Avaliação = 1.06593

Tempo de execução: 60.0051s

---------------------------

Tamanho da população: 475
Fração elite: 0.2121
Fração mutante: 0.0442
Probabilidade herdar alelo elite: 0.6514
Número de populações independentes: 3
Troca de informação de 4 individuos a cada 241 gerações
Número de threads: 1

Largura da faixa = 31
Melhor altura = 98

Lower Bound 1 = 91
Lower Bound 2 = 31
Avaliação = 1.07692

Tempo de execução: 60.0118s

---------------------------

Tamanho da população: 475
Fração elite: 0.2121
Fração mutante: 0.0442
Probabilidade herdar alelo elite: 0.6514
Número de populações independentes: 3
Troca de informação de 4 individuos a cada 241 gerações
Número de threads: 1

Largura da faixa = 31
Melhor altura = 98

Lower Bound 1 = 91
Lower Bound 2 = 31
Avaliação = 1.07692

Tempo de execução: 60.0481s

---------------------------

Tamanho da população: 475
Fração elite: 0.2121
Fração mutante: 0.0442
Probabilidade herdar alelo elite: 0.6514
Número de populações independentes: 3
Troca de informação de 4 individuos a cada 241 gerações
Número de threads: 1

Largura da faixa = 31
Melhor altura = 97

Lower Bound 1 = 91
Lower Bound 2 = 31
Avaliação = 1.06593

Tempo de execução: 60.0198s

---------------------------

Tamanho da população: 475
Fração elite: 0.2121
Fração mutante: 0.0442
Probabilidade herdar alelo elite: 0.6514
Número de populações independentes: 3
Troca de informação de 4 individuos a cada 241 gerações
Número de threads: 1

Largura da faixa = 31
Melhor altura = 97

Lower Bound 1 = 91
Lower Bound 2 = 31
Avaliação = 1.06593

Tempo de execução: 60.0308s
