Tamanho da população: 475
Fração elite: 0.2121
Fração mutante: 0.0442
Probabilidade herdar alelo elite: 0.6514
Número de populações independentes: 3
Troca de informação de 4 individuos a cada 241 gerações
Número de threads: 1

Largura da faixa = 32
Melhor altura = 961

Lower Bound 1 = 825
Lower Bound 2 = 32
Avaliação = 1.16485

Tempo de execução: 60.5379s

---------------------------

Tamanho da população: 475
Fração elite: 0.2121
Fração mutante: 0.0442
Probabilidade herdar alelo elite: 0.6514
Número de populações independentes: 3
Troca de informação de 4 individuos a cada 241 gerações
Número de threads: 1

Largura da faixa = 32
Melhor altura = 959

Lower Bound 1 = 825
Lower Bound 2 = 32
Avaliação = 1.16242

Tempo de execução: 60.6747s

---------------------------

Tamanho da população: 475
Fração elite: 0.2121
Fração mutante: 0.0442
Probabilidade herdar alelo elite: 0.6514
Número de populações independentes: 3
Troca de informação de 4 individuos a cada 241 gerações
Número de threads: 1

Largura da faixa = 32
Melhor altura = 962

Lower Bound 1 = 825
Lower Bound 2 = 32
Avaliação = 1.16606

Tempo de execução: 60.7525s

---------------------------

Tamanho da população: 475
Fração elite: 0.2121
Fração mutante: 0.0442
Probabilidade herdar alelo elite: 0.6514
Número de populações independentes: 3
Troca de informação de 4 individuos a cada 241 gerações
Número de threads: 1

Largura da faixa = 32
Melhor altura = 959

Lower Bound 1 = 825
Lower Bound 2 = 32
Avaliação = 1.16242

Tempo de execução: 60.2308s

---------------------------

Tamanho da população: 475
Fração elite: 0.2121
Fração mutante: 0.0442
Probabilidade herdar alelo elite: 0.6514
Número de populações independentes: 3
Troca de informação de 4 individuos a cada 241 gerações
Número de threads: 1

Largura da faixa = 32
Melhor altura = 961

Lower Bound 1 = 825
Lower Bound 2 = 32
Avaliação = 1.16485

Tempo de execução: 60.5249s

---------------------------

Tamanho da população: 475
Fração elite: 0.2121
Fração mutante: 0.0442
Probabilidade herdar alelo elite: 0.6514
Número de populações independentes: 3
Troca de informação de 4 individuos a cada 241 gerações
Número de threads: 1

Largura da faixa = 32
Melhor altura = 957

Lower Bound 1 = 825
Lower Bound 2 = 32
Avaliação = 1.16

Tempo de execução: 60.6783s

---------------------------

Tamanho da população: 475
Fração elite: 0.2121
Fração mutante: 0.0442
Probabilidade herdar alelo elite: 0.6514
Número de populações independentes: 3
Troca de informação de 4 individuos a cada 241 gerações
Número de threads: 1

Largura da faixa = 32
Melhor altura = 955

Lower Bound 1 = 825
Lower Bound 2 = 32
Avaliação = 1.15758

Tempo de execução: 60.1998s

---------------------------

Tamanho da população: 475
Fração elite: 0.2121
Fração mutante: 0.0442
Probabilidade herdar alelo elite: 0.6514
Número de populações independentes: 3
Troca de informação de 4 individuos a cada 241 gerações
Número de threads: 1

Largura da faixa = 32
Melhor altura = 959

Lower Bound 1 = 825
Lower Bound 2 = 32
Avaliação = 1.16242

Tempo de execução: 60.3522s

---------------------------

Tamanho da população: 475
Fração elite: 0.2121
Fração mutante: 0.0442
Probabilidade herdar alelo elite: 0.6514
Número de populações independentes: 3
Troca de informação de 4 individuos a cada 241 gerações
Número de threads: 1

Largura da faixa = 32
Melhor altura = 962

Lower Bound 1 = 825
Lower Bound 2 = 32
Avaliação = 1.16606

Tempo de execução: 60.7618s

---------------------------

Tamanho da população: 475
Fração elite: 0.2121
Fração mutante: 0.0442
Probabilidade herdar alelo elite: 0.6514
Número de populações independentes: 3
Troca de informação de 4 individuos a cada 241 gerações
Número de threads: 1

Largura da faixa = 32
Melhor altura = 961

Lower Bound 1 = 825
Lower Bound 2 = 32
Avaliação = 1.16485

Tempo de execução: 60.3265s

---------------------------

Tamanho da população: 475
Fração elite: 0.2121
Fração mutante: 0.0442
Probabilidade herdar alelo elite: 0.6514
Número de populações independentes: 3
Troca de informação de 4 individuos a cada 241 gerações
Número de threads: 1

Largura da faixa = 32
Melhor altura = 965

Lower Bound 1 = 825
Lower Bound 2 = 32
Avaliação = 1.1697

Tempo de execução: 60.4122s

---------------------------

Tamanho da população: 475
Fração elite: 0.2121
Fração mutante: 0.0442
Probabilidade herdar alelo elite: 0.6514
Número de populações independentes: 3
Troca de informação de 4 individuos a cada 241 gerações
Número de threads: 1

Largura da faixa = 32
Melhor altura = 956

Lower Bound 1 = 825
Lower Bound 2 = 32
Avaliação = 1.15879

Tempo de execução: 60.4772s

---------------------------

Tamanho da população: 475
Fração elite: 0.2121
Fração mutante: 0.0442
Probabilidade herdar alelo elite: 0.6514
Número de populações independentes: 3
Troca de informação de 4 individuos a cada 241 gerações
Número de threads: 1

Largura da faixa = 32
Melhor altura = 960

Lower Bound 1 = 825
Lower Bound 2 = 32
Avaliação = 1.16364

Tempo de execução: 60.19s

---------------------------

Tamanho da população: 475
Fração elite: 0.2121
Fração mutante: 0.0442
Probabilidade herdar alelo elite: 0.6514
Número de populações independentes: 3
Troca de informação de 4 individuos a cada 241 gerações
Número de threads: 1

Largura da faixa = 32
Melhor altura = 950

Lower Bound 1 = 825
Lower Bound 2 = 32
Avaliação = 1.15152

Tempo de execução: 60.2412s

---------------------------

Tamanho da população: 475
Fração elite: 0.2121
Fração mutante: 0.0442
Probabilidade herdar alelo elite: 0.6514
Número de populações independentes: 3
Troca de informação de 4 individuos a cada 241 gerações
Número de threads: 1

Largura da faixa = 32
Melhor altura = 958

Lower Bound 1 = 825
Lower Bound 2 = 32
Avaliação = 1.16121

Tempo de execução: 60.6672s

---------------------------

Tamanho da população: 475
Fração elite: 0.2121
Fração mutante: 0.0442
Probabilidade herdar alelo elite: 0.6514
Número de populações independentes: 3
Troca de informação de 4 individuos a cada 241 gerações
Número de threads: 1

Largura da faixa = 32
Melhor altura = 963

Lower Bound 1 = 825
Lower Bound 2 = 32
Avaliação = 1.16727

Tempo de execução: 60.2056s

---------------------------

Tamanho da população: 475
Fração elite: 0.2121
Fração mutante: 0.0442
Probabilidade herdar alelo elite: 0.6514
Número de populações independentes: 3
Troca de informação de 4 individuos a cada 241 gerações
Número de threads: 1

Largura da faixa = 32
Melhor altura = 963

Lower Bound 1 = 825
Lower Bound 2 = 32
Avaliação = 1.16727

Tempo de execução: 60.2187s

---------------------------

Tamanho da população: 475
Fração elite: 0.2121
Fração mutante: 0.0442
Probabilidade herdar alelo elite: 0.6514
Número de populações independentes: 3
Troca de informação de 4 individuos a cada 241 gerações
Número de threads: 1

Largura da faixa = 32
Melhor altura = 964

Lower Bound 1 = 825
Lower Bound 2 = 32
Avaliação = 1.16848

Tempo de execução: 60.4021s

---------------------------

Tamanho da população: 475
Fração elite: 0.2121
Fração mutante: 0.0442
Probabilidade herdar alelo elite: 0.6514
Número de populações independentes: 3
Troca de informação de 4 individuos a cada 241 gerações
Número de threads: 1

Largura da faixa = 32
Melhor altura = 961

Lower Bound 1 = 825
Lower Bound 2 = 32
Avaliação = 1.16485

Tempo de execução: 60.004s

---------------------------

Tamanho da população: 475
Fração elite: 0.2121
Fração mutante: 0.0442
Probabilidade herdar alelo elite: 0.6514
Número de populações independentes: 3
Troca de informação de 4 individuos a cada 241 gerações
Número de threads: 1

Largura da faixa = 32
Melhor altura = 961

Lower Bound 1 = 825
Lower Bound 2 = 32
Avaliação = 1.16485

Tempo de execução: 60.0096s
