Tamanho da população: 475
Fração elite: 0.2121
Fração mutante: 0.0442
Probabilidade herdar alelo elite: 0.6514
Número de populações independentes: 3
Troca de informação de 4 individuos a cada 241 gerações
Número de threads: 1

Largura da faixa = 36
Melhor altura = 57

Lower Bound 1 = 52
Lower Bound 2 = 36
Avaliação = 1.09615

Tempo de execução: 60.0026s

---------------------------

Tamanho da população: 475
Fração elite: 0.2121
Fração mutante: 0.0442
Probabilidade herdar alelo elite: 0.6514
Número de populações independentes: 3
Troca de informação de 4 individuos a cada 241 gerações
Número de threads: 1

Largura da faixa = 36
Melhor altura = 57

Lower Bound 1 = 52
Lower Bound 2 = 36
Avaliação = 1.09615

Tempo de execução: 60.0215s

---------------------------

Tamanho da população: 475
Fração elite: 0.2121
Fração mutante: 0.0442
Probabilidade herdar alelo elite: 0.6514
Número de populações independentes: 3
Troca de informação de 4 individuos a cada 241 gerações
Número de threads: 1

Largura da faixa = 36
Melhor altura = 58

Lower Bound 1 = 52
Lower Bound 2 = 36
Avaliação = 1.11538

Tempo de execução: 60.0341s

---------------------------

Tamanho da população: 475
Fração elite: 0.2121
Fração mutante: 0.0442
Probabilidade herdar alelo elite: 0.6514
Número de populações independentes: 3
Troca de informação de 4 individuos a cada 241 gerações
Número de threads: 1

Largura da faixa = 36
Melhor altura = 57

Lower Bound 1 = 52
Lower Bound 2 = 36
Avaliação = 1.09615

Tempo de execução: 60.0144s

---------------------------

Tamanho da população: 475
Fração elite: 0.2121
Fração mutante: 0.0442
Probabilidade herdar alelo elite: 0.6514
Número de populações independentes: 3
Troca de informação de 4 individuos a cada 241 gerações
Número de threads: 1

Largura da faixa = 36
Melhor altura = 57

Lower Bound 1 = 52
Lower Bound 2 = 36
Avaliação = 1.09615

Tempo de execução: 60.028s

---------------------------

Tamanho da população: 475
Fração elite: 0.2121
Fração mutante: 0.0442
Probabilidade herdar alelo elite: 0.6514
Número de populações independentes: 3
Troca de informação de 4 individuos a cada 241 gerações
Número de threads: 1

Largura da faixa = 36
Melhor altura = 57

Lower Bound 1 = 52
Lower Bound 2 = 36
Avaliação = 1.09615

Tempo de execução: 60.0303s

---------------------------

Tamanho da população: 475
Fração elite: 0.2121
Fração mutante: 0.0442
Probabilidade herdar alelo elite: 0.6514
Número de populações independentes: 3
Troca de informação de 4 individuos a cada 241 gerações
Número de threads: 1

Largura da faixa = 36
Melhor altura = 57

Lower Bound 1 = 52
Lower Bound 2 = 36
Avaliação = 1.09615

Tempo de execução: 60.0134s

---------------------------

Tamanho da população: 475
Fração elite: 0.2121
Fração mutante: 0.0442
Probabilidade herdar alelo elite: 0.6514
Número de populações independentes: 3
Troca de informação de 4 individuos a cada 241 gerações
Número de threads: 1

Largura da faixa = 36
Melhor altura = 56

Lower Bound 1 = 52
Lower Bound 2 = 36
Avaliação = 1.07692

Tempo de execução: 60.0198s

---------------------------

Tamanho da população: 475
Fração elite: 0.2121
Fração mutante: 0.0442
Probabilidade herdar alelo elite: 0.6514
Número de populações independentes: 3
Troca de informação de 4 individuos a cada 241 gerações
Número de threads: 1

Largura da faixa = 36
Melhor altura = 58

Lower Bound 1 = 52
Lower Bound 2 = 36
Avaliação = 1.11538

Tempo de execução: 60.0209s

---------------------------

Tamanho da população: 475
Fração elite: 0.2121
Fração mutante: 0.0442
Probabilidade herdar alelo elite: 0.6514
Número de populações independentes: 3
Troca de informação de 4 individuos a cada 241 gerações
Número de threads: 1

Largura da faixa = 36
Melhor altura = 57

Lower Bound 1 = 52
Lower Bound 2 = 36
Avaliação = 1.09615

Tempo de execução: 60.0132s

---------------------------

Tamanho da população: 475
Fração elite: 0.2121
Fração mutante: 0.0442
Probabilidade herdar alelo elite: 0.6514
Número de populações independentes: 3
Troca de informação de 4 individuos a cada 241 gerações
Número de threads: 1

Largura da faixa = 36
Melhor altura = 56

Lower Bound 1 = 52
Lower Bound 2 = 36
Avaliação = 1.07692

Tempo de execução: 60.015s

---------------------------

Tamanho da população: 475
Fração elite: 0.2121
Fração mutante: 0.0442
Probabilidade herdar alelo elite: 0.6514
Número de populações independentes: 3
Troca de informação de 4 individuos a cada 241 gerações
Número de threads: 1

Largura da faixa = 36
Melhor altura = 57

Lower Bound 1 = 52
Lower Bound 2 = 36
Avaliação = 1.09615

Tempo de execução: 60.0249s

---------------------------

Tamanho da população: 475
Fração elite: 0.2121
Fração mutante: 0.0442
Probabilidade herdar alelo elite: 0.6514
Número de populações independentes: 3
Troca de informação de 4 individuos a cada 241 gerações
Número de threads: 1

Largura da faixa = 36
Melhor altura = 57

Lower Bound 1 = 52
Lower Bound 2 = 36
Avaliação = 1.09615

Tempo de execução: 60.0023s

---------------------------

Tamanho da população: 475
Fração elite: 0.2121
Fração mutante: 0.0442
Probabilidade herdar alelo elite: 0.6514
Número de populações independentes: 3
Troca de informação de 4 individuos a cada 241 gerações
Número de threads: 1

Largura da faixa = 36
Melhor altura = 57

Lower Bound 1 = 52
Lower Bound 2 = 36
Avaliação = 1.09615

Tempo de execução: 60.0023s

---------------------------

Tamanho da população: 475
Fração elite: 0.2121
Fração mutante: 0.0442
Probabilidade herdar alelo elite: 0.6514
Número de populações independentes: 3
Troca de informação de 4 individuos a cada 241 gerações
Número de threads: 1

Largura da faixa = 36
Melhor altura = 57

Lower Bound 1 = 52
Lower Bound 2 = 36
Avaliação = 1.09615

Tempo de execução: 60.0317s

---------------------------

Tamanho da população: 475
Fração elite: 0.2121
Fração mutante: 0.0442
Probabilidade herdar alelo elite: 0.6514
Número de populações independentes: 3
Troca de informação de 4 individuos a cada 241 gerações
Número de threads: 1

Largura da faixa = 36
Melhor altura = 57

Lower Bound 1 = 52
Lower Bound 2 = 36
Avaliação = 1.09615

Tempo de execução: 60.0019s

---------------------------

Tamanho da população: 475
Fração elite: 0.2121
Fração mutante: 0.0442
Probabilidade herdar alelo elite: 0.6514
Número de populações independentes: 3
Troca de informação de 4 individuos a cada 241 gerações
Número de threads: 1

Largura da faixa = 36
Melhor altura = 58

Lower Bound 1 = 52
Lower Bound 2 = 36
Avaliação = 1.11538

Tempo de execução: 60.0301s

---------------------------

Tamanho da população: 475
Fração elite: 0.2121
Fração mutante: 0.0442
Probabilidade herdar alelo elite: 0.6514
Número de populações independentes: 3
Troca de informação de 4 individuos a cada 241 gerações
Número de threads: 1

Largura da faixa = 36
Melhor altura = 58

Lower Bound 1 = 52
Lower Bound 2 = 36
Avaliação = 1.11538

Tempo de execução: 60.0344s

---------------------------

Tamanho da população: 475
Fração elite: 0.2121
Fração mutante: 0.0442
Probabilidade herdar alelo elite: 0.6514
Número de populações independentes: 3
Troca de informação de 4 individuos a cada 241 gerações
Número de threads: 1

Largura da faixa = 36
Melhor altura = 57

Lower Bound 1 = 52
Lower Bound 2 = 36
Avaliação = 1.09615

Tempo de execução: 60.0001s

---------------------------

Tamanho da população: 475
Fração elite: 0.2121
Fração mutante: 0.0442
Probabilidade herdar alelo elite: 0.6514
Número de populações independentes: 3
Troca de informação de 4 individuos a cada 241 gerações
Número de threads: 1

Largura da faixa = 36
Melhor altura = 57

Lower Bound 1 = 52
Lower Bound 2 = 36
Avaliação = 1.09615

Tempo de execução: 60.0099s
