Número de cromossomos: 50
Tamanho da população: 60
Fração elite: 0.3
Fração mutante: 0.7
Probabilidade herdar alelo elite: 0.6
Número de populações independentes: 2
Número de threads: 14
Trocar os melhores indivíduos a cada 100 gerações
Número máximo de gerações: 100

Número de cromossomos: 50
Tamanho da população: 60
Fração elite: 0.3
Fração mutante: 0.7
Probabilidade herdar alelo elite: 0.6
Número de populações independentes: 2
Número de threads: 14
Trocar os melhores indivíduos a cada 100 gerações
Número máximo de gerações: 100

Tamanho da população: 230
Fração elite: 0.15
Fração mutante: 0.2
Probabilidade herdar alelo elite: 0.55
Número de populações independentes: 3
Número de threads: 14
Trocar os melhores indivíduos a cada 40 gerações
Número máximo de gerações: 130
Número máximo de iterações sem melhora: 30
Melhor até agora: 156 Geração: 0
Iteração: 0
Melhor até agora: 155 Geração: 0
Iteração: 1
Melhor até agora: 152 Geração: 7
Iteração: 1
Melhor até agora: 147 Geração: 0
Iteração: 3
Melhor até agora: 145 Geração: 2
Iteração: 3
Melhor até agora: 142 Geração: 4
Iteração: 3
Número de swaps entre camadas = 10
Largura da faixa = 35
Melhor altura = 142

Lower Bound 1 = 128
Lower Bound 2 = 35
Avaliação = 1.10938

Tempo de execução: 5s

---------------------------

Número de cromossomos: 50
Tamanho da população: 60
Fração elite: 0.3
Fração mutante: 0.7
Probabilidade herdar alelo elite: 0.6
Número de populações independentes: 2
Número de threads: 14
Trocar os melhores indivíduos a cada 100 gerações
Número máximo de gerações: 100

Número de cromossomos: 50
Tamanho da população: 60
Fração elite: 0.3
Fração mutante: 0.7
Probabilidade herdar alelo elite: 0.6
Número de populações independentes: 2
Número de threads: 14
Trocar os melhores indivíduos a cada 100 gerações
Número máximo de gerações: 100

Tamanho da população: 230
Fração elite: 0.15
Fração mutante: 0.2
Probabilidade herdar alelo elite: 0.55
Número de populações independentes: 3
Número de threads: 14
Trocar os melhores indivíduos a cada 40 gerações
Número máximo de gerações: 130
Número máximo de iterações sem melhora: 30
Melhor até agora: 165 Geração: 0
Iteração: 0
Melhor até agora: 161 Geração: 4
Iteração: 0
Melhor até agora: 156 Geração: 9
Iteração: 0
Melhor até agora: 154 Geração: 0
Iteração: 1
Melhor até agora: 152 Geração: 5
Iteração: 1
Melhor até agora: 149 Geração: 6
Iteração: 2
Melhor até agora: 146 Geração: 0
Iteração: 3
Melhor até agora: 143 Geração: 1
Iteração: 3
Melhor até agora: 140 Geração: 4
Iteração: 3
Melhor até agora: 138 Geração: 6
Iteração: 3
Número de swaps entre camadas = 10
Largura da faixa = 35
Melhor altura = 138

Lower Bound 1 = 128
Lower Bound 2 = 35
Avaliação = 1.07812

Tempo de execução: 6s

---------------------------

Número de cromossomos: 50
Tamanho da população: 60
Fração elite: 0.3
Fração mutante: 0.7
Probabilidade herdar alelo elite: 0.6
Número de populações independentes: 2
Número de threads: 14
Trocar os melhores indivíduos a cada 100 gerações
Número máximo de gerações: 100

Número de cromossomos: 50
Tamanho da população: 60
Fração elite: 0.3
Fração mutante: 0.7
Probabilidade herdar alelo elite: 0.6
Número de populações independentes: 2
Número de threads: 14
Trocar os melhores indivíduos a cada 100 gerações
Número máximo de gerações: 100

Tamanho da população: 230
Fração elite: 0.15
Fração mutante: 0.2
Probabilidade herdar alelo elite: 0.55
Número de populações independentes: 3
Número de threads: 14
Trocar os melhores indivíduos a cada 40 gerações
Número máximo de gerações: 130
Número máximo de iterações sem melhora: 30
Melhor até agora: 165 Geração: 0
Iteração: 0
Melhor até agora: 164 Geração: 5
Iteração: 0
Melhor até agora: 157 Geração: 7
Iteração: 0
Melhor até agora: 156 Geração: 9
Iteração: 0
Melhor até agora: 154 Geração: 3
Iteração: 1
Melhor até agora: 152 Geração: 9
Iteração: 1
Melhor até agora: 149 Geração: 1
Iteração: 3
Melhor até agora: 146 Geração: 2
Iteração: 3
Melhor até agora: 145 Geração: 4
Iteração: 3
Melhor até agora: 144 Geração: 5
Iteração: 3
Melhor até agora: 142 Geração: 18
Iteração: 3
Número de swaps entre camadas = 10
Largura da faixa = 35
Melhor altura = 142

Lower Bound 1 = 128
Lower Bound 2 = 35
Avaliação = 1.10938

Tempo de execução: 6s

---------------------------

Número de cromossomos: 50
Tamanho da população: 60
Fração elite: 0.3
Fração mutante: 0.7
Probabilidade herdar alelo elite: 0.6
Número de populações independentes: 2
Número de threads: 14
Trocar os melhores indivíduos a cada 100 gerações
Número máximo de gerações: 100

Número de cromossomos: 50
Tamanho da população: 60
Fração elite: 0.3
Fração mutante: 0.7
Probabilidade herdar alelo elite: 0.6
Número de populações independentes: 2
Número de threads: 14
Trocar os melhores indivíduos a cada 100 gerações
Número máximo de gerações: 100

Tamanho da população: 230
Fração elite: 0.15
Fração mutante: 0.2
Probabilidade herdar alelo elite: 0.55
Número de populações independentes: 3
Número de threads: 14
Trocar os melhores indivíduos a cada 40 gerações
Número máximo de gerações: 130
Número máximo de iterações sem melhora: 30
Melhor até agora: 164 Geração: 0
Iteração: 0
Melhor até agora: 160 Geração: 1
Iteração: 0
Melhor até agora: 156 Geração: 5
Iteração: 0
Melhor até agora: 154 Geração: 1
Iteração: 1
Melhor até agora: 151 Geração: 6
Iteração: 1
Melhor até agora: 144 Geração: 0
Iteração: 3
Melhor até agora: 142 Geração: 1
Iteração: 3
Número de swaps entre camadas = 10
Largura da faixa = 35
Melhor altura = 142

Lower Bound 1 = 128
Lower Bound 2 = 35
Avaliação = 1.10938

Tempo de execução: 6s

---------------------------

Número de cromossomos: 50
Tamanho da população: 60
Fração elite: 0.3
Fração mutante: 0.7
Probabilidade herdar alelo elite: 0.6
Número de populações independentes: 2
Número de threads: 14
Trocar os melhores indivíduos a cada 100 gerações
Número máximo de gerações: 100

Melhor até agora: 304 Geração: 4
Iteração: 0
Melhor até agora: 285 Geração: 28
Iteração: 0
Número de cromossomos: 50
Tamanho da população: 60
Fração elite: 0.3
Fração mutante: 0.7
Probabilidade herdar alelo elite: 0.6
Número de populações independentes: 2
Número de threads: 14
Trocar os melhores indivíduos a cada 100 gerações
Número máximo de gerações: 100

Tamanho da população: 230
Fração elite: 0.15
Fração mutante: 0.2
Probabilidade herdar alelo elite: 0.55
Número de populações independentes: 3
Número de threads: 14
Trocar os melhores indivíduos a cada 40 gerações
Número máximo de gerações: 130
Número máximo de iterações sem melhora: 30
Melhor até agora: 166 Geração: 0
Iteração: 0
Melhor até agora: 164 Geração: 1
Iteração: 0
Melhor até agora: 161 Geração: 3
Iteração: 0
Melhor até agora: 160 Geração: 6
Iteração: 0
Melhor até agora: 157 Geração: 13
Iteração: 0
Melhor até agora: 156 Geração: 32
Iteração: 0
Melhor até agora: 155 Geração: 6
Iteração: 1
Melhor até agora: 154 Geração: 1
Iteração: 3
Melhor até agora: 150 Geração: 3
Iteração: 3
Melhor até agora: 149 Geração: 4
Iteração: 3
Melhor até agora: 148 Geração: 11
Iteração: 3
Melhor até agora: 147 Geração: 18
Iteração: 3
Melhor até agora: 143 Geração: 40
Iteração: 3
Número de swaps entre camadas = 10
Largura da faixa = 35
Melhor altura = 143

Lower Bound 1 = 128
Lower Bound 2 = 35
Avaliação = 1.11719

Tempo de execução: 8s

---------------------------

Número de cromossomos: 50
Tamanho da população: 60
Fração elite: 0.3
Fração mutante: 0.7
Probabilidade herdar alelo elite: 0.6
Número de populações independentes: 2
Número de threads: 14
Trocar os melhores indivíduos a cada 100 gerações
Número máximo de gerações: 100

Número de cromossomos: 50
Tamanho da população: 60
Fração elite: 0.3
Fração mutante: 0.7
Probabilidade herdar alelo elite: 0.6
Número de populações independentes: 2
Número de threads: 14
Trocar os melhores indivíduos a cada 100 gerações
Número máximo de gerações: 100

Tamanho da população: 230
Fração elite: 0.15
Fração mutante: 0.2
Probabilidade herdar alelo elite: 0.55
Número de populações independentes: 3
Número de threads: 14
Trocar os melhores indivíduos a cada 40 gerações
Número máximo de gerações: 130
Número máximo de iterações sem melhora: 30
Melhor até agora: 161 Geração: 0
Iteração: 0
Melhor até agora: 158 Geração: 8
Iteração: 0
Melhor até agora: 157 Geração: 11
Iteração: 0
Melhor até agora: 156 Geração: 13
Iteração: 0
Melhor até agora: 154 Geração: 1
Iteração: 1
Melhor até agora: 151 Geração: 5
Iteração: 1
Melhor até agora: 149 Geração: 0
Iteração: 3
Melhor até agora: 146 Geração: 1
Iteração: 3
Melhor até agora: 143 Geração: 3
Iteração: 3
Melhor até agora: 141 Geração: 4
Iteração: 3
Número de swaps entre camadas = 10
Largura da faixa = 35
Melhor altura = 141

Lower Bound 1 = 128
Lower Bound 2 = 35
Avaliação = 1.10156

Tempo de execução: 6s

---------------------------

Número de cromossomos: 50
Tamanho da população: 60
Fração elite: 0.3
Fração mutante: 0.7
Probabilidade herdar alelo elite: 0.6
Número de populações independentes: 2
Número de threads: 14
Trocar os melhores indivíduos a cada 100 gerações
Número máximo de gerações: 100

Número de cromossomos: 50
Tamanho da população: 60
Fração elite: 0.3
Fração mutante: 0.7
Probabilidade herdar alelo elite: 0.6
Número de populações independentes: 2
Número de threads: 14
Trocar os melhores indivíduos a cada 100 gerações
Número máximo de gerações: 100

Tamanho da população: 230
Fração elite: 0.15
Fração mutante: 0.2
Probabilidade herdar alelo elite: 0.55
Número de populações independentes: 3
Número de threads: 14
Trocar os melhores indivíduos a cada 40 gerações
Número máximo de gerações: 130
Número máximo de iterações sem melhora: 30
Melhor até agora: 168 Geração: 0
Iteração: 0
Melhor até agora: 167 Geração: 1
Iteração: 0
Melhor até agora: 166 Geração: 3
Iteração: 0
Melhor até agora: 160 Geração: 4
Iteração: 0
Melhor até agora: 156 Geração: 7
Iteração: 0
Melhor até agora: 154 Geração: 1
Iteração: 1
Melhor até agora: 153 Geração: 6
Iteração: 2
Melhor até agora: 152 Geração: 7
Iteração: 2
Melhor até agora: 151 Geração: 10
Iteração: 2
Melhor até agora: 147 Geração: 0
Iteração: 3
Melhor até agora: 146 Geração: 1
Iteração: 3
Melhor até agora: 145 Geração: 5
Iteração: 3
Melhor até agora: 144 Geração: 8
Iteração: 3
Melhor até agora: 143 Geração: 16
Iteração: 3
Número de swaps entre camadas = 10
Largura da faixa = 35
Melhor altura = 143

Lower Bound 1 = 128
Lower Bound 2 = 35
Avaliação = 1.11719

Tempo de execução: 7s

---------------------------

Número de cromossomos: 50
Tamanho da população: 60
Fração elite: 0.3
Fração mutante: 0.7
Probabilidade herdar alelo elite: 0.6
Número de populações independentes: 2
Número de threads: 14
Trocar os melhores indivíduos a cada 100 gerações
Número máximo de gerações: 100

Número de cromossomos: 50
Tamanho da população: 60
Fração elite: 0.3
Fração mutante: 0.7
Probabilidade herdar alelo elite: 0.6
Número de populações independentes: 2
Número de threads: 14
Trocar os melhores indivíduos a cada 100 gerações
Número máximo de gerações: 100

Tamanho da população: 230
Fração elite: 0.15
Fração mutante: 0.2
Probabilidade herdar alelo elite: 0.55
Número de populações independentes: 3
Número de threads: 14
Trocar os melhores indivíduos a cada 40 gerações
Número máximo de gerações: 130
Número máximo de iterações sem melhora: 30
Melhor até agora: 167 Geração: 0
Iteração: 0
Melhor até agora: 163 Geração: 2
Iteração: 0
Melhor até agora: 156 Geração: 4
Iteração: 0
Melhor até agora: 155 Geração: 1
Iteração: 1
Melhor até agora: 154 Geração: 6
Iteração: 1
Melhor até agora: 152 Geração: 12
Iteração: 1
Melhor até agora: 151 Geração: 8
Iteração: 2
Melhor até agora: 145 Geração: 0
Iteração: 3
Melhor até agora: 144 Geração: 5
Iteração: 3
Número de swaps entre camadas = 10
Largura da faixa = 35
Melhor altura = 144

Lower Bound 1 = 128
Lower Bound 2 = 35
Avaliação = 1.125

Tempo de execução: 6s

---------------------------

Número de cromossomos: 50
Tamanho da população: 60
Fração elite: 0.3
Fração mutante: 0.7
Probabilidade herdar alelo elite: 0.6
Número de populações independentes: 2
Número de threads: 14
Trocar os melhores indivíduos a cada 100 gerações
Número máximo de gerações: 100

Número de cromossomos: 50
Tamanho da população: 60
Fração elite: 0.3
Fração mutante: 0.7
Probabilidade herdar alelo elite: 0.6
Número de populações independentes: 2
Número de threads: 14
Trocar os melhores indivíduos a cada 100 gerações
Número máximo de gerações: 100

Tamanho da população: 230
Fração elite: 0.15
Fração mutante: 0.2
Probabilidade herdar alelo elite: 0.55
Número de populações independentes: 3
Número de threads: 14
Trocar os melhores indivíduos a cada 40 gerações
Número máximo de gerações: 130
Número máximo de iterações sem melhora: 30
Melhor até agora: 165 Geração: 0
Iteração: 0
Melhor até agora: 163 Geração: 1
Iteração: 0
Melhor até agora: 162 Geração: 2
Iteração: 0
Melhor até agora: 159 Geração: 4
Iteração: 0
Melhor até agora: 157 Geração: 6
Iteração: 0
Melhor até agora: 156 Geração: 11
Iteração: 0
Melhor até agora: 155 Geração: 0
Iteração: 1
Melhor até agora: 154 Geração: 5
Iteração: 1
Melhor até agora: 153 Geração: 3
Iteração: 2
Melhor até agora: 144 Geração: 0
Iteração: 3
Melhor até agora: 143 Geração: 3
Iteração: 3
Melhor até agora: 142 Geração: 10
Iteração: 3
Número de swaps entre camadas = 10
Largura da faixa = 35
Melhor altura = 142

Lower Bound 1 = 128
Lower Bound 2 = 35
Avaliação = 1.10938

Tempo de execução: 6s

---------------------------

Número de cromossomos: 50
Tamanho da população: 60
Fração elite: 0.3
Fração mutante: 0.7
Probabilidade herdar alelo elite: 0.6
Número de populações independentes: 2
Número de threads: 14
Trocar os melhores indivíduos a cada 100 gerações
Número máximo de gerações: 100

Melhor até agora: 285 Geração: 0
Iteração: 0
Número de cromossomos: 50
Tamanho da população: 60
Fração elite: 0.3
Fração mutante: 0.7
Probabilidade herdar alelo elite: 0.6
Número de populações independentes: 2
Número de threads: 14
Trocar os melhores indivíduos a cada 100 gerações
Número máximo de gerações: 100

Tamanho da população: 230
Fração elite: 0.15
Fração mutante: 0.2
Probabilidade herdar alelo elite: 0.55
Número de populações independentes: 3
Número de threads: 14
Trocar os melhores indivíduos a cada 40 gerações
Número máximo de gerações: 130
Número máximo de iterações sem melhora: 30
Melhor até agora: 162 Geração: 0
Iteração: 0
Melhor até agora: 161 Geração: 6
Iteração: 0
Melhor até agora: 157 Geração: 9
Iteração: 0
Melhor até agora: 156 Geração: 12
Iteração: 1
Melhor até agora: 152 Geração: 3
Iteração: 2
Melhor até agora: 142 Geração: 0
Iteração: 3
Melhor até agora: 140 Geração: 12
Iteração: 3
Número de swaps entre camadas = 10
Largura da faixa = 35
Melhor altura = 140

Lower Bound 1 = 128
Lower Bound 2 = 35
Avaliação = 1.09375

Tempo de execução: 7s

---------------------------

Número de cromossomos: 50
Tamanho da população: 60
Fração elite: 0.3
Fração mutante: 0.7
Probabilidade herdar alelo elite: 0.6
Número de populações independentes: 2
Número de threads: 14
Trocar os melhores indivíduos a cada 100 gerações
Número máximo de gerações: 100

Número de cromossomos: 50
Tamanho da população: 60
Fração elite: 0.3
Fração mutante: 0.7
Probabilidade herdar alelo elite: 0.6
Número de populações independentes: 2
Número de threads: 14
Trocar os melhores indivíduos a cada 100 gerações
Número máximo de gerações: 100

Tamanho da população: 230
Fração elite: 0.15
Fração mutante: 0.2
Probabilidade herdar alelo elite: 0.55
Número de populações independentes: 3
Número de threads: 14
Trocar os melhores indivíduos a cada 40 gerações
Número máximo de gerações: 130
Número máximo de iterações sem melhora: 30
Melhor até agora: 164 Geração: 0
Iteração: 0
Melhor até agora: 162 Geração: 6
Iteração: 0
Melhor até agora: 159 Geração: 7
Iteração: 0
Melhor até agora: 156 Geração: 8
Iteração: 0
Melhor até agora: 154 Geração: 3
Iteração: 1
Melhor até agora: 152 Geração: 10
Iteração: 1
Melhor até agora: 146 Geração: 0
Iteração: 3
Melhor até agora: 144 Geração: 1
Iteração: 3
Melhor até agora: 143 Geração: 5
Iteração: 3
Número de swaps entre camadas = 10
Largura da faixa = 35
Melhor altura = 143

Lower Bound 1 = 128
Lower Bound 2 = 35
Avaliação = 1.11719

Tempo de execução: 6s

---------------------------

Número de cromossomos: 50
Tamanho da população: 60
Fração elite: 0.3
Fração mutante: 0.7
Probabilidade herdar alelo elite: 0.6
Número de populações independentes: 2
Número de threads: 14
Trocar os melhores indivíduos a cada 100 gerações
Número máximo de gerações: 100

Número de cromossomos: 50
Tamanho da população: 60
Fração elite: 0.3
Fração mutante: 0.7
Probabilidade herdar alelo elite: 0.6
Número de populações independentes: 2
Número de threads: 14
Trocar os melhores indivíduos a cada 100 gerações
Número máximo de gerações: 100

Tamanho da população: 230
Fração elite: 0.15
Fração mutante: 0.2
Probabilidade herdar alelo elite: 0.55
Número de populações independentes: 3
Número de threads: 14
Trocar os melhores indivíduos a cada 40 gerações
Número máximo de gerações: 130
Número máximo de iterações sem melhora: 30
Melhor até agora: 157 Geração: 0
Iteração: 0
Melhor até agora: 156 Geração: 7
Iteração: 0
Melhor até agora: 154 Geração: 2
Iteração: 1
Melhor até agora: 152 Geração: 0
Iteração: 2
Melhor até agora: 151 Geração: 3
Iteração: 2
Melhor até agora: 145 Geração: 0
Iteração: 3
Melhor até agora: 144 Geração: 1
Iteração: 3
Melhor até agora: 142 Geração: 2
Iteração: 3
Número de swaps entre camadas = 10
Largura da faixa = 35
Melhor altura = 142

Lower Bound 1 = 128
Lower Bound 2 = 35
Avaliação = 1.10938

Tempo de execução: 6s

---------------------------

Número de cromossomos: 50
Tamanho da população: 60
Fração elite: 0.3
Fração mutante: 0.7
Probabilidade herdar alelo elite: 0.6
Número de populações independentes: 2
Número de threads: 14
Trocar os melhores indivíduos a cada 100 gerações
Número máximo de gerações: 100

Número de cromossomos: 50
Tamanho da população: 60
Fração elite: 0.3
Fração mutante: 0.7
Probabilidade herdar alelo elite: 0.6
Número de populações independentes: 2
Número de threads: 14
Trocar os melhores indivíduos a cada 100 gerações
Número máximo de gerações: 100

Tamanho da população: 230
Fração elite: 0.15
Fração mutante: 0.2
Probabilidade herdar alelo elite: 0.55
Número de populações independentes: 3
Número de threads: 14
Trocar os melhores indivíduos a cada 40 gerações
Número máximo de gerações: 130
Número máximo de iterações sem melhora: 30
Melhor até agora: 167 Geração: 0
Iteração: 0
Melhor até agora: 164 Geração: 3
Iteração: 0
Melhor até agora: 163 Geração: 4
Iteração: 0
Melhor até agora: 157 Geração: 5
Iteração: 0
Melhor até agora: 156 Geração: 7
Iteração: 0
Melhor até agora: 154 Geração: 2
Iteração: 1
Melhor até agora: 152 Geração: 9
Iteração: 1
Melhor até agora: 146 Geração: 0
Iteração: 3
Melhor até agora: 143 Geração: 1
Iteração: 3
Melhor até agora: 142 Geração: 4
Iteração: 3
Melhor até agora: 140 Geração: 7
Iteração: 3
Número de swaps entre camadas = 10
Largura da faixa = 35
Melhor altura = 140

Lower Bound 1 = 128
Lower Bound 2 = 35
Avaliação = 1.09375

Tempo de execução: 6s

---------------------------

Número de cromossomos: 50
Tamanho da população: 60
Fração elite: 0.3
Fração mutante: 0.7
Probabilidade herdar alelo elite: 0.6
Número de populações independentes: 2
Número de threads: 14
Trocar os melhores indivíduos a cada 100 gerações
Número máximo de gerações: 100

Número de cromossomos: 50
Tamanho da população: 60
Fração elite: 0.3
Fração mutante: 0.7
Probabilidade herdar alelo elite: 0.6
Número de populações independentes: 2
Número de threads: 14
Trocar os melhores indivíduos a cada 100 gerações
Número máximo de gerações: 100

Tamanho da população: 230
Fração elite: 0.15
Fração mutante: 0.2
Probabilidade herdar alelo elite: 0.55
Número de populações independentes: 3
Número de threads: 14
Trocar os melhores indivíduos a cada 40 gerações
Número máximo de gerações: 130
Número máximo de iterações sem melhora: 30
Melhor até agora: 166 Geração: 1
Iteração: 0
Melhor até agora: 161 Geração: 3
Iteração: 0
Melhor até agora: 160 Geração: 8
Iteração: 0
Melhor até agora: 159 Geração: 9
Iteração: 0
Melhor até agora: 157 Geração: 13
Iteração: 0
Melhor até agora: 156 Geração: 18
Iteração: 0
Melhor até agora: 152 Geração: 6
Iteração: 1
Melhor até agora: 146 Geração: 0
Iteração: 3
Melhor até agora: 143 Geração: 6
Iteração: 3
Melhor até agora: 142 Geração: 11
Iteração: 3
Número de swaps entre camadas = 10
Largura da faixa = 35
Melhor altura = 142

Lower Bound 1 = 128
Lower Bound 2 = 35
Avaliação = 1.10938

Tempo de execução: 7s

---------------------------

Número de cromossomos: 50
Tamanho da população: 60
Fração elite: 0.3
Fração mutante: 0.7
Probabilidade herdar alelo elite: 0.6
Número de populações independentes: 2
Número de threads: 14
Trocar os melhores indivíduos a cada 100 gerações
Número máximo de gerações: 100

Número de cromossomos: 50
Tamanho da população: 60
Fração elite: 0.3
Fração mutante: 0.7
Probabilidade herdar alelo elite: 0.6
Número de populações independentes: 2
Número de threads: 14
Trocar os melhores indivíduos a cada 100 gerações
Número máximo de gerações: 100

Tamanho da população: 230
Fração elite: 0.15
Fração mutante: 0.2
Probabilidade herdar alelo elite: 0.55
Número de populações independentes: 3
Número de threads: 14
Trocar os melhores indivíduos a cada 40 gerações
Número máximo de gerações: 130
Número máximo de iterações sem melhora: 30
Melhor até agora: 168 Geração: 0
Iteração: 0
Melhor até agora: 165 Geração: 1
Iteração: 0
Melhor até agora: 164 Geração: 2
Iteração: 0
Melhor até agora: 163 Geração: 3
Iteração: 0
Melhor até agora: 160 Geração: 4
Iteração: 0
Melhor até agora: 159 Geração: 5
Iteração: 0
Melhor até agora: 156 Geração: 8
Iteração: 0
Melhor até agora: 154 Geração: 0
Iteração: 1
Melhor até agora: 151 Geração: 6
Iteração: 2
Melhor até agora: 146 Geração: 0
Iteração: 3
Melhor até agora: 145 Geração: 3
Iteração: 3
Melhor até agora: 144 Geração: 4
Iteração: 3
Melhor até agora: 143 Geração: 24
Iteração: 3
Número de swaps entre camadas = 10
Largura da faixa = 35
Melhor altura = 143

Lower Bound 1 = 128
Lower Bound 2 = 35
Avaliação = 1.11719

Tempo de execução: 7s

---------------------------

Número de cromossomos: 50
Tamanho da população: 60
Fração elite: 0.3
Fração mutante: 0.7
Probabilidade herdar alelo elite: 0.6
Número de populações independentes: 2
Número de threads: 14
Trocar os melhores indivíduos a cada 100 gerações
Número máximo de gerações: 100

Número de cromossomos: 50
Tamanho da população: 60
Fração elite: 0.3
Fração mutante: 0.7
Probabilidade herdar alelo elite: 0.6
Número de populações independentes: 2
Número de threads: 14
Trocar os melhores indivíduos a cada 100 gerações
Número máximo de gerações: 100

Tamanho da população: 230
Fração elite: 0.15
Fração mutante: 0.2
Probabilidade herdar alelo elite: 0.55
Número de populações independentes: 3
Número de threads: 14
Trocar os melhores indivíduos a cada 40 gerações
Número máximo de gerações: 130
Número máximo de iterações sem melhora: 30
Melhor até agora: 166 Geração: 0
Iteração: 0
Melhor até agora: 161 Geração: 2
Iteração: 0
Melhor até agora: 160 Geração: 6
Iteração: 0
Melhor até agora: 156 Geração: 8
Iteração: 0
Melhor até agora: 154 Geração: 4
Iteração: 1
Melhor até agora: 151 Geração: 14
Iteração: 1
Melhor até agora: 147 Geração: 0
Iteração: 3
Melhor até agora: 145 Geração: 2
Iteração: 3
Melhor até agora: 143 Geração: 3
Iteração: 3
Melhor até agora: 142 Geração: 4
Iteração: 3
Melhor até agora: 141 Geração: 8
Iteração: 3
Número de swaps entre camadas = 10
Largura da faixa = 35
Melhor altura = 141

Lower Bound 1 = 128
Lower Bound 2 = 35
Avaliação = 1.10156

Tempo de execução: 6s

---------------------------

Número de cromossomos: 50
Tamanho da população: 60
Fração elite: 0.3
Fração mutante: 0.7
Probabilidade herdar alelo elite: 0.6
Número de populações independentes: 2
Número de threads: 14
Trocar os melhores indivíduos a cada 100 gerações
Número máximo de gerações: 100

Número de cromossomos: 50
Tamanho da população: 60
Fração elite: 0.3
Fração mutante: 0.7
Probabilidade herdar alelo elite: 0.6
Número de populações independentes: 2
Número de threads: 14
Trocar os melhores indivíduos a cada 100 gerações
Número máximo de gerações: 100

Tamanho da população: 230
Fração elite: 0.15
Fração mutante: 0.2
Probabilidade herdar alelo elite: 0.55
Número de populações independentes: 3
Número de threads: 14
Trocar os melhores indivíduos a cada 40 gerações
Número máximo de gerações: 130
Número máximo de iterações sem melhora: 30
Melhor até agora: 162 Geração: 0
Iteração: 0
Melhor até agora: 161 Geração: 2
Iteração: 0
Melhor até agora: 156 Geração: 4
Iteração: 0
Melhor até agora: 154 Geração: 0
Iteração: 1
Melhor até agora: 152 Geração: 9
Iteração: 1
Melhor até agora: 148 Geração: 0
Iteração: 3
Melhor até agora: 145 Geração: 1
Iteração: 3
Melhor até agora: 144 Geração: 2
Iteração: 3
Melhor até agora: 143 Geração: 7
Iteração: 3
Melhor até agora: 140 Geração: 13
Iteração: 3
Número de swaps entre camadas = 10
Largura da faixa = 35
Melhor altura = 140

Lower Bound 1 = 128
Lower Bound 2 = 35
Avaliação = 1.09375

Tempo de execução: 6s

---------------------------

Número de cromossomos: 50
Tamanho da população: 60
Fração elite: 0.3
Fração mutante: 0.7
Probabilidade herdar alelo elite: 0.6
Número de populações independentes: 2
Número de threads: 14
Trocar os melhores indivíduos a cada 100 gerações
Número máximo de gerações: 100

Número de cromossomos: 50
Tamanho da população: 60
Fração elite: 0.3
Fração mutante: 0.7
Probabilidade herdar alelo elite: 0.6
Número de populações independentes: 2
Número de threads: 14
Trocar os melhores indivíduos a cada 100 gerações
Número máximo de gerações: 100

Tamanho da população: 230
Fração elite: 0.15
Fração mutante: 0.2
Probabilidade herdar alelo elite: 0.55
Número de populações independentes: 3
Número de threads: 14
Trocar os melhores indivíduos a cada 40 gerações
Número máximo de gerações: 130
Número máximo de iterações sem melhora: 30
Melhor até agora: 162 Geração: 0
Iteração: 0
Melhor até agora: 156 Geração: 3
Iteração: 0
Melhor até agora: 154 Geração: 1
Iteração: 1
Melhor até agora: 152 Geração: 21
Iteração: 1
Melhor até agora: 147 Geração: 0
Iteração: 3
Melhor até agora: 145 Geração: 1
Iteração: 3
Melhor até agora: 144 Geração: 2
Iteração: 3
Melhor até agora: 142 Geração: 4
Iteração: 3
Número de swaps entre camadas = 10
Largura da faixa = 35
Melhor altura = 142

Lower Bound 1 = 128
Lower Bound 2 = 35
Avaliação = 1.10938

Tempo de execução: 6s

---------------------------

Número de cromossomos: 50
Tamanho da população: 60
Fração elite: 0.3
Fração mutante: 0.7
Probabilidade herdar alelo elite: 0.6
Número de populações independentes: 2
Número de threads: 14
Trocar os melhores indivíduos a cada 100 gerações
Número máximo de gerações: 100

Número de cromossomos: 50
Tamanho da população: 60
Fração elite: 0.3
Fração mutante: 0.7
Probabilidade herdar alelo elite: 0.6
Número de populações independentes: 2
Número de threads: 14
Trocar os melhores indivíduos a cada 100 gerações
Número máximo de gerações: 100

Tamanho da população: 230
Fração elite: 0.15
Fração mutante: 0.2
Probabilidade herdar alelo elite: 0.55
Número de populações independentes: 3
Número de threads: 14
Trocar os melhores indivíduos a cada 40 gerações
Número máximo de gerações: 130
Número máximo de iterações sem melhora: 30
Melhor até agora: 164 Geração: 0
Iteração: 0
Melhor até agora: 163 Geração: 2
Iteração: 0
Melhor até agora: 161 Geração: 4
Iteração: 0
Melhor até agora: 156 Geração: 6
Iteração: 0
Melhor até agora: 155 Geração: 4
Iteração: 1
Melhor até agora: 154 Geração: 7
Iteração: 1
Melhor até agora: 151 Geração: 8
Iteração: 1
Melhor até agora: 148 Geração: 0
Iteração: 3
Melhor até agora: 147 Geração: 1
Iteração: 3
Melhor até agora: 143 Geração: 2
Iteração: 3
Melhor até agora: 142 Geração: 5
Iteração: 3
Melhor até agora: 141 Geração: 9
Iteração: 3
Número de swaps entre camadas = 10
Largura da faixa = 35
Melhor altura = 141

Lower Bound 1 = 128
Lower Bound 2 = 35
Avaliação = 1.10156

Tempo de execução: 6s

---------------------------

Número de cromossomos: 50
Tamanho da população: 60
Fração elite: 0.3
Fração mutante: 0.7
Probabilidade herdar alelo elite: 0.6
Número de populações independentes: 2
Número de threads: 14
Trocar os melhores indivíduos a cada 100 gerações
Número máximo de gerações: 100

Número de cromossomos: 50
Tamanho da população: 60
Fração elite: 0.3
Fração mutante: 0.7
Probabilidade herdar alelo elite: 0.6
Número de populações independentes: 2
Número de threads: 14
Trocar os melhores indivíduos a cada 100 gerações
Número máximo de gerações: 100

Tamanho da população: 230
Fração elite: 0.15
Fração mutante: 0.2
Probabilidade herdar alelo elite: 0.55
Número de populações independentes: 3
Número de threads: 14
Trocar os melhores indivíduos a cada 40 gerações
Número máximo de gerações: 130
Número máximo de iterações sem melhora: 30
Melhor até agora: 162 Geração: 0
Iteração: 0
Melhor até agora: 160 Geração: 3
Iteração: 0
Melhor até agora: 159 Geração: 5
Iteração: 0
Melhor até agora: 156 Geração: 6
Iteração: 0
Melhor até agora: 154 Geração: 0
Iteração: 1
Melhor até agora: 152 Geração: 1
Iteração: 1
Melhor até agora: 149 Geração: 0
Iteração: 3
Melhor até agora: 146 Geração: 2
Iteração: 3
Melhor até agora: 144 Geração: 4
Iteração: 3
Número de swaps entre camadas = 10
Largura da faixa = 35
Melhor altura = 144

Lower Bound 1 = 128
Lower Bound 2 = 35
Avaliação = 1.125

Tempo de execução: 6s

---------------------------

Tamanho da população: 297
Fração elite: 0.55
Fração mutante: 0.0174
Probabilidade herdar alelo elite: 0.7678
Número de populações independentes: 1
Número de threads: 1
Trocar os melhores indivíduos a cada 30 gerações
Número máximo de gerações: 279

Largura da faixa = 35
Melhor altura = 141

Lower Bound 1 = 128
Lower Bound 2 = 35
Avaliação = 1.10156

Tempo de execução: 8.72258s

---------------------------

Tamanho da população: 297
Fração elite: 0.55
Fração mutante: 0.0174
Probabilidade herdar alelo elite: 0.7678
Número de populações independentes: 1
Número de threads: 1
Trocar os melhores indivíduos a cada 30 gerações
Número máximo de gerações: 279

Largura da faixa = 35
Melhor altura = 141

Lower Bound 1 = 128
Lower Bound 2 = 35
Avaliação = 1.10156

Tempo de execução: 8.80598s

---------------------------

Tamanho da população: 297
Fração elite: 0.55
Fração mutante: 0.0174
Probabilidade herdar alelo elite: 0.7678
Número de populações independentes: 1
Número de threads: 1
Trocar os melhores indivíduos a cada 30 gerações
Número máximo de gerações: 279

Largura da faixa = 35
Melhor altura = 140

Lower Bound 1 = 128
Lower Bound 2 = 35
Avaliação = 1.09375

Tempo de execução: 9.17999s

---------------------------

Tamanho da população: 297
Fração elite: 0.55
Fração mutante: 0.0174
Probabilidade herdar alelo elite: 0.7678
Número de populações independentes: 1
Número de threads: 1
Trocar os melhores indivíduos a cada 30 gerações
Número máximo de gerações: 279

Largura da faixa = 35
Melhor altura = 140

Lower Bound 1 = 128
Lower Bound 2 = 35
Avaliação = 1.09375

Tempo de execução: 8.70848s

---------------------------

Tamanho da população: 297
Fração elite: 0.55
Fração mutante: 0.0174
Probabilidade herdar alelo elite: 0.7678
Número de populações independentes: 1
Número de threads: 1
Trocar os melhores indivíduos a cada 30 gerações
Número máximo de gerações: 279

Largura da faixa = 35
Melhor altura = 139

Lower Bound 1 = 128
Lower Bound 2 = 35
Avaliação = 1.08594

Tempo de execução: 8.83471s

---------------------------

Tamanho da população: 297
Fração elite: 0.55
Fração mutante: 0.0174
Probabilidade herdar alelo elite: 0.7678
Número de populações independentes: 1
Número de threads: 1
Trocar os melhores indivíduos a cada 30 gerações
Número máximo de gerações: 279

Largura da faixa = 35
Melhor altura = 139

Lower Bound 1 = 128
Lower Bound 2 = 35
Avaliação = 1.08594

Tempo de execução: 8.9391s

---------------------------

Tamanho da população: 297
Fração elite: 0.55
Fração mutante: 0.0174
Probabilidade herdar alelo elite: 0.7678
Número de populações independentes: 1
Número de threads: 1
Trocar os melhores indivíduos a cada 30 gerações
Número máximo de gerações: 279

Largura da faixa = 35
Melhor altura = 141

Lower Bound 1 = 128
Lower Bound 2 = 35
Avaliação = 1.10156

Tempo de execução: 6.08559s

---------------------------

Tamanho da população: 297
Fração elite: 0.55
Fração mutante: 0.0174
Probabilidade herdar alelo elite: 0.7678
Número de populações independentes: 1
Número de threads: 1
Trocar os melhores indivíduos a cada 30 gerações
Número máximo de gerações: 279

Largura da faixa = 35
Melhor altura = 139

Lower Bound 1 = 128
Lower Bound 2 = 35
Avaliação = 1.08594

Tempo de execução: 6.60328s

---------------------------

Tamanho da população: 297
Fração elite: 0.55
Fração mutante: 0.0174
Probabilidade herdar alelo elite: 0.7678
Número de populações independentes: 1
Número de threads: 1
Trocar os melhores indivíduos a cada 30 gerações
Número máximo de gerações: 279

Largura da faixa = 35
Melhor altura = 138

Lower Bound 1 = 128
Lower Bound 2 = 35
Avaliação = 1.07812

Tempo de execução: 7.86417s

---------------------------

Tamanho da população: 297
Fração elite: 0.55
Fração mutante: 0.0174
Probabilidade herdar alelo elite: 0.7678
Número de populações independentes: 1
Número de threads: 1
Trocar os melhores indivíduos a cada 30 gerações
Número máximo de gerações: 279

Largura da faixa = 35
Melhor altura = 139

Lower Bound 1 = 128
Lower Bound 2 = 35
Avaliação = 1.08594

Tempo de execução: 6.12267s

---------------------------

Tamanho da população: 297
Fração elite: 0.55
Fração mutante: 0.0174
Probabilidade herdar alelo elite: 0.7678
Número de populações independentes: 1
Número de threads: 1
Trocar os melhores indivíduos a cada 30 gerações
Número máximo de gerações: 279

Largura da faixa = 35
Melhor altura = 140

Lower Bound 1 = 128
Lower Bound 2 = 35
Avaliação = 1.09375

Tempo de execução: 7.91885s

---------------------------

Tamanho da população: 297
Fração elite: 0.55
Fração mutante: 0.0174
Probabilidade herdar alelo elite: 0.7678
Número de populações independentes: 1
Número de threads: 1
Trocar os melhores indivíduos a cada 30 gerações
Número máximo de gerações: 279

Largura da faixa = 35
Melhor altura = 141

Lower Bound 1 = 128
Lower Bound 2 = 35
Avaliação = 1.10156

Tempo de execução: 8.17554s

---------------------------

Tamanho da população: 297
Fração elite: 0.55
Fração mutante: 0.0174
Probabilidade herdar alelo elite: 0.7678
Número de populações independentes: 1
Número de threads: 1
Trocar os melhores indivíduos a cada 30 gerações
Número máximo de gerações: 279

Largura da faixa = 35
Melhor altura = 139

Lower Bound 1 = 128
Lower Bound 2 = 35
Avaliação = 1.08594

Tempo de execução: 7.20662s

---------------------------

Tamanho da população: 297
Fração elite: 0.55
Fração mutante: 0.0174
Probabilidade herdar alelo elite: 0.7678
Número de populações independentes: 1
Número de threads: 1
Trocar os melhores indivíduos a cada 30 gerações
Número máximo de gerações: 279

Largura da faixa = 35
Melhor altura = 139

Lower Bound 1 = 128
Lower Bound 2 = 35
Avaliação = 1.08594

Tempo de execução: 8.47966s

---------------------------

Tamanho da população: 297
Fração elite: 0.55
Fração mutante: 0.0174
Probabilidade herdar alelo elite: 0.7678
Número de populações independentes: 1
Número de threads: 1
Trocar os melhores indivíduos a cada 30 gerações
Número máximo de gerações: 279

Largura da faixa = 35
Melhor altura = 142

Lower Bound 1 = 128
Lower Bound 2 = 35
Avaliação = 1.10938

Tempo de execução: 8.84761s

---------------------------

Tamanho da população: 297
Fração elite: 0.55
Fração mutante: 0.0174
Probabilidade herdar alelo elite: 0.7678
Número de populações independentes: 1
Número de threads: 1
Trocar os melhores indivíduos a cada 30 gerações
Número máximo de gerações: 279

Largura da faixa = 35
Melhor altura = 140

Lower Bound 1 = 128
Lower Bound 2 = 35
Avaliação = 1.09375

Tempo de execução: 6.39991s

---------------------------

Tamanho da população: 297
Fração elite: 0.55
Fração mutante: 0.0174
Probabilidade herdar alelo elite: 0.7678
Número de populações independentes: 1
Número de threads: 1
Trocar os melhores indivíduos a cada 30 gerações
Número máximo de gerações: 279

Largura da faixa = 35
Melhor altura = 139

Lower Bound 1 = 128
Lower Bound 2 = 35
Avaliação = 1.08594

Tempo de execução: 7.80675s

---------------------------

Tamanho da população: 297
Fração elite: 0.55
Fração mutante: 0.0174
Probabilidade herdar alelo elite: 0.7678
Número de populações independentes: 1
Número de threads: 1
Trocar os melhores indivíduos a cada 30 gerações
Número máximo de gerações: 279

Largura da faixa = 35
Melhor altura = 139

Lower Bound 1 = 128
Lower Bound 2 = 35
Avaliação = 1.08594

Tempo de execução: 8.54037s

---------------------------

Tamanho da população: 297
Fração elite: 0.55
Fração mutante: 0.0174
Probabilidade herdar alelo elite: 0.7678
Número de populações independentes: 1
Número de threads: 1
Trocar os melhores indivíduos a cada 30 gerações
Número máximo de gerações: 279

Largura da faixa = 35
Melhor altura = 140

Lower Bound 1 = 128
Lower Bound 2 = 35
Avaliação = 1.09375

Tempo de execução: 5.96718s

---------------------------

Tamanho da população: 297
Fração elite: 0.55
Fração mutante: 0.0174
Probabilidade herdar alelo elite: 0.7678
Número de populações independentes: 1
Número de threads: 1
Trocar os melhores indivíduos a cada 30 gerações
Número máximo de gerações: 279

Largura da faixa = 35
Melhor altura = 140

Lower Bound 1 = 128
Lower Bound 2 = 35
Avaliação = 1.09375

Tempo de execução: 9.07853s

---------------------------

Tamanho da população: 392
Fração elite: 0.2567
Fração mutante: 0.0202
Probabilidade herdar alelo elite: 0.6001
Número de populações independentes: 1
Número de threads: 1
Número máximo de gerações: 364

Largura da faixa = 35
Melhor altura = 140

Lower Bound 1 = 128
Lower Bound 2 = 35
Avaliação = 1.09375

Tempo de execução: 10.1781s

---------------------------

Tamanho da população: 392
Fração elite: 0.2567
Fração mutante: 0.0202
Probabilidade herdar alelo elite: 0.6001
Número de populações independentes: 1
Número de threads: 1
Número máximo de gerações: 364

Largura da faixa = 35
Melhor altura = 138

Lower Bound 1 = 128
Lower Bound 2 = 35
Avaliação = 1.07812

Tempo de execução: 10.2698s

---------------------------

Tamanho da população: 392
Fração elite: 0.2567
Fração mutante: 0.0202
Probabilidade herdar alelo elite: 0.6001
Número de populações independentes: 1
Número de threads: 1
Número máximo de gerações: 364

Largura da faixa = 35
Melhor altura = 138

Lower Bound 1 = 128
Lower Bound 2 = 35
Avaliação = 1.07812

Tempo de execução: 11.2207s

---------------------------

Tamanho da população: 392
Fração elite: 0.2567
Fração mutante: 0.0202
Probabilidade herdar alelo elite: 0.6001
Número de populações independentes: 1
Número de threads: 1
Número máximo de gerações: 364

Largura da faixa = 35
Melhor altura = 139

Lower Bound 1 = 128
Lower Bound 2 = 35
Avaliação = 1.08594

Tempo de execução: 10.561s

---------------------------

Tamanho da população: 392
Fração elite: 0.2567
Fração mutante: 0.0202
Probabilidade herdar alelo elite: 0.6001
Número de populações independentes: 1
Número de threads: 1
Número máximo de gerações: 364

Largura da faixa = 35
Melhor altura = 139

Lower Bound 1 = 128
Lower Bound 2 = 35
Avaliação = 1.08594

Tempo de execução: 10.6334s

---------------------------

Tamanho da população: 392
Fração elite: 0.2567
Fração mutante: 0.0202
Probabilidade herdar alelo elite: 0.6001
Número de populações independentes: 1
Número de threads: 1
Número máximo de gerações: 364

Largura da faixa = 35
Melhor altura = 139

Lower Bound 1 = 128
Lower Bound 2 = 35
Avaliação = 1.08594

Tempo de execução: 11.2195s

---------------------------

Tamanho da população: 392
Fração elite: 0.2567
Fração mutante: 0.0202
Probabilidade herdar alelo elite: 0.6001
Número de populações independentes: 1
Número de threads: 1
Número máximo de gerações: 364

Largura da faixa = 35
Melhor altura = 138

Lower Bound 1 = 128
Lower Bound 2 = 35
Avaliação = 1.07812

Tempo de execução: 10.5301s

---------------------------

Tamanho da população: 392
Fração elite: 0.2567
Fração mutante: 0.0202
Probabilidade herdar alelo elite: 0.6001
Número de populações independentes: 1
Número de threads: 1
Número máximo de gerações: 364

Largura da faixa = 35
Melhor altura = 139

Lower Bound 1 = 128
Lower Bound 2 = 35
Avaliação = 1.08594

Tempo de execução: 10.6901s

---------------------------

Tamanho da população: 392
Fração elite: 0.2567
Fração mutante: 0.0202
Probabilidade herdar alelo elite: 0.6001
Número de populações independentes: 1
Número de threads: 1
Número máximo de gerações: 364

Largura da faixa = 35
Melhor altura = 140

Lower Bound 1 = 128
Lower Bound 2 = 35
Avaliação = 1.09375

Tempo de execução: 10.8039s

---------------------------

Tamanho da população: 392
Fração elite: 0.2567
Fração mutante: 0.0202
Probabilidade herdar alelo elite: 0.6001
Número de populações independentes: 1
Número de threads: 1
Número máximo de gerações: 364

Largura da faixa = 35
Melhor altura = 138

Lower Bound 1 = 128
Lower Bound 2 = 35
Avaliação = 1.07812

Tempo de execução: 10.5147s

---------------------------

Tamanho da população: 392
Fração elite: 0.2567
Fração mutante: 0.0202
Probabilidade herdar alelo elite: 0.6001
Número de populações independentes: 1
Número de threads: 1
Número máximo de gerações: 364

Largura da faixa = 35
Melhor altura = 141

Lower Bound 1 = 128
Lower Bound 2 = 35
Avaliação = 1.10156

Tempo de execução: 10.5236s

---------------------------

Tamanho da população: 392
Fração elite: 0.2567
Fração mutante: 0.0202
Probabilidade herdar alelo elite: 0.6001
Número de populações independentes: 1
Número de threads: 1
Número máximo de gerações: 364

Largura da faixa = 35
Melhor altura = 138

Lower Bound 1 = 128
Lower Bound 2 = 35
Avaliação = 1.07812

Tempo de execução: 10.8619s

---------------------------

Tamanho da população: 392
Fração elite: 0.2567
Fração mutante: 0.0202
Probabilidade herdar alelo elite: 0.6001
Número de populações independentes: 1
Número de threads: 1
Número máximo de gerações: 364

Largura da faixa = 35
Melhor altura = 139

Lower Bound 1 = 128
Lower Bound 2 = 35
Avaliação = 1.08594

Tempo de execução: 10.4606s

---------------------------

Tamanho da população: 392
Fração elite: 0.2567
Fração mutante: 0.0202
Probabilidade herdar alelo elite: 0.6001
Número de populações independentes: 1
Número de threads: 1
Número máximo de gerações: 364

Largura da faixa = 35
Melhor altura = 138

Lower Bound 1 = 128
Lower Bound 2 = 35
Avaliação = 1.07812

Tempo de execução: 10.4639s

---------------------------

Tamanho da população: 392
Fração elite: 0.2567
Fração mutante: 0.0202
Probabilidade herdar alelo elite: 0.6001
Número de populações independentes: 1
Número de threads: 1
Número máximo de gerações: 364

Largura da faixa = 35
Melhor altura = 140

Lower Bound 1 = 128
Lower Bound 2 = 35
Avaliação = 1.09375

Tempo de execução: 10.5793s

---------------------------

Tamanho da população: 392
Fração elite: 0.2567
Fração mutante: 0.0202
Probabilidade herdar alelo elite: 0.6001
Número de populações independentes: 1
Número de threads: 1
Número máximo de gerações: 364

Largura da faixa = 35
Melhor altura = 139

Lower Bound 1 = 128
Lower Bound 2 = 35
Avaliação = 1.08594

Tempo de execução: 10.4771s

---------------------------

Tamanho da população: 392
Fração elite: 0.2567
Fração mutante: 0.0202
Probabilidade herdar alelo elite: 0.6001
Número de populações independentes: 1
Número de threads: 1
Número máximo de gerações: 364

Largura da faixa = 35
Melhor altura = 140

Lower Bound 1 = 128
Lower Bound 2 = 35
Avaliação = 1.09375

Tempo de execução: 10.4927s

---------------------------

Tamanho da população: 392
Fração elite: 0.2567
Fração mutante: 0.0202
Probabilidade herdar alelo elite: 0.6001
Número de populações independentes: 1
Número de threads: 1
Número máximo de gerações: 364

Largura da faixa = 35
Melhor altura = 140

Lower Bound 1 = 128
Lower Bound 2 = 35
Avaliação = 1.09375

Tempo de execução: 10.9857s

---------------------------

Tamanho da população: 392
Fração elite: 0.2567
Fração mutante: 0.0202
Probabilidade herdar alelo elite: 0.6001
Número de populações independentes: 1
Número de threads: 1
Número máximo de gerações: 364

Largura da faixa = 35
Melhor altura = 138

Lower Bound 1 = 128
Lower Bound 2 = 35
Avaliação = 1.07812

Tempo de execução: 10.1249s

---------------------------

Tamanho da população: 392
Fração elite: 0.2567
Fração mutante: 0.0202
Probabilidade herdar alelo elite: 0.6001
Número de populações independentes: 1
Número de threads: 1
Número máximo de gerações: 364

Largura da faixa = 35
Melhor altura = 139

Lower Bound 1 = 128
Lower Bound 2 = 35
Avaliação = 1.08594

Tempo de execução: 10.5371s

---------------------------

