Tamanho da população: 297
Fração elite: 0.55
Fração mutante: 0.0174
Probabilidade herdar alelo elite: 0.7678
Número de populações independentes: 1
Número de threads: 1
Trocar os melhores indivíduos a cada 30 gerações
Número máximo de gerações: 279

Largura da faixa = 1
Melhor altura = 25

Lower Bound 1 = 25
Lower Bound 2 = 25
Avaliação = 1

Tempo de execução: 0.317697s

---------------------------

Tamanho da população: 297
Fração elite: 0.55
Fração mutante: 0.0174
Probabilidade herdar alelo elite: 0.7678
Número de populações independentes: 1
Número de threads: 1
Trocar os melhores indivíduos a cada 30 gerações
Número máximo de gerações: 279

Largura da faixa = 1
Melhor altura = 25

Lower Bound 1 = 25
Lower Bound 2 = 25
Avaliação = 1

Tempo de execução: 0.319062s

---------------------------

Tamanho da população: 297
Fração elite: 0.55
Fração mutante: 0.0174
Probabilidade herdar alelo elite: 0.7678
Número de populações independentes: 1
Número de threads: 1
Trocar os melhores indivíduos a cada 30 gerações
Número máximo de gerações: 279

Largura da faixa = 1
Melhor altura = 25

Lower Bound 1 = 25
Lower Bound 2 = 25
Avaliação = 1

Tempo de execução: 0.469199s

---------------------------

Tamanho da população: 297
Fração elite: 0.55
Fração mutante: 0.0174
Probabilidade herdar alelo elite: 0.7678
Número de populações independentes: 1
Número de threads: 1
Trocar os melhores indivíduos a cada 30 gerações
Número máximo de gerações: 279

Largura da faixa = 1
Melhor altura = 25

Lower Bound 1 = 25
Lower Bound 2 = 25
Avaliação = 1

Tempo de execução: 0.317065s

---------------------------

Tamanho da população: 297
Fração elite: 0.55
Fração mutante: 0.0174
Probabilidade herdar alelo elite: 0.7678
Número de populações independentes: 1
Número de threads: 1
Trocar os melhores indivíduos a cada 30 gerações
Número máximo de gerações: 279

Largura da faixa = 1
Melhor altura = 25

Lower Bound 1 = 25
Lower Bound 2 = 25
Avaliação = 1

Tempo de execução: 0.323408s

---------------------------

Tamanho da população: 297
Fração elite: 0.55
Fração mutante: 0.0174
Probabilidade herdar alelo elite: 0.7678
Número de populações independentes: 1
Número de threads: 1
Trocar os melhores indivíduos a cada 30 gerações
Número máximo de gerações: 279

Largura da faixa = 1
Melhor altura = 25

Lower Bound 1 = 25
Lower Bound 2 = 25
Avaliação = 1

Tempo de execução: 0.468744s

---------------------------

Tamanho da população: 297
Fração elite: 0.55
Fração mutante: 0.0174
Probabilidade herdar alelo elite: 0.7678
Número de populações independentes: 1
Número de threads: 1
Trocar os melhores indivíduos a cada 30 gerações
Número máximo de gerações: 279

Largura da faixa = 1
Melhor altura = 25

Lower Bound 1 = 25
Lower Bound 2 = 25
Avaliação = 1

Tempo de execução: 0.313524s

---------------------------

Tamanho da população: 297
Fração elite: 0.55
Fração mutante: 0.0174
Probabilidade herdar alelo elite: 0.7678
Número de populações independentes: 1
Número de threads: 1
Trocar os melhores indivíduos a cada 30 gerações
Número máximo de gerações: 279

Largura da faixa = 1
Melhor altura = 25

Lower Bound 1 = 25
Lower Bound 2 = 25
Avaliação = 1

Tempo de execução: 0.328708s

---------------------------

Tamanho da população: 297
Fração elite: 0.55
Fração mutante: 0.0174
Probabilidade herdar alelo elite: 0.7678
Número de populações independentes: 1
Número de threads: 1
Trocar os melhores indivíduos a cada 30 gerações
Número máximo de gerações: 279

Largura da faixa = 1
Melhor altura = 25

Lower Bound 1 = 25
Lower Bound 2 = 25
Avaliação = 1

Tempo de execução: 0.466117s

---------------------------

Tamanho da população: 297
Fração elite: 0.55
Fração mutante: 0.0174
Probabilidade herdar alelo elite: 0.7678
Número de populações independentes: 1
Número de threads: 1
Trocar os melhores indivíduos a cada 30 gerações
Número máximo de gerações: 279

Largura da faixa = 1
Melhor altura = 25

Lower Bound 1 = 25
Lower Bound 2 = 25
Avaliação = 1

Tempo de execução: 0.323012s

---------------------------

Tamanho da população: 297
Fração elite: 0.55
Fração mutante: 0.0174
Probabilidade herdar alelo elite: 0.7678
Número de populações independentes: 1
Número de threads: 1
Trocar os melhores indivíduos a cada 30 gerações
Número máximo de gerações: 279

Largura da faixa = 1
Melhor altura = 25

Lower Bound 1 = 25
Lower Bound 2 = 25
Avaliação = 1

Tempo de execução: 0.346819s

---------------------------

Tamanho da população: 297
Fração elite: 0.55
Fração mutante: 0.0174
Probabilidade herdar alelo elite: 0.7678
Número de populações independentes: 1
Número de threads: 1
Trocar os melhores indivíduos a cada 30 gerações
Número máximo de gerações: 279

Largura da faixa = 1
Melhor altura = 25

Lower Bound 1 = 25
Lower Bound 2 = 25
Avaliação = 1

Tempo de execução: 0.48148s

---------------------------

Tamanho da população: 297
Fração elite: 0.55
Fração mutante: 0.0174
Probabilidade herdar alelo elite: 0.7678
Número de populações independentes: 1
Número de threads: 1
Trocar os melhores indivíduos a cada 30 gerações
Número máximo de gerações: 279

Largura da faixa = 1
Melhor altura = 25

Lower Bound 1 = 25
Lower Bound 2 = 25
Avaliação = 1

Tempo de execução: 0.591804s

---------------------------

Tamanho da população: 297
Fração elite: 0.55
Fração mutante: 0.0174
Probabilidade herdar alelo elite: 0.7678
Número de populações independentes: 1
Número de threads: 1
Trocar os melhores indivíduos a cada 30 gerações
Número máximo de gerações: 279

Largura da faixa = 1
Melhor altura = 25

Lower Bound 1 = 25
Lower Bound 2 = 25
Avaliação = 1

Tempo de execução: 0.594828s

---------------------------

Tamanho da população: 297
Fração elite: 0.55
Fração mutante: 0.0174
Probabilidade herdar alelo elite: 0.7678
Número de populações independentes: 1
Número de threads: 1
Trocar os melhores indivíduos a cada 30 gerações
Número máximo de gerações: 279

Largura da faixa = 1
Melhor altura = 25

Lower Bound 1 = 25
Lower Bound 2 = 25
Avaliação = 1

Tempo de execução: 0.622964s

---------------------------

Tamanho da população: 297
Fração elite: 0.55
Fração mutante: 0.0174
Probabilidade herdar alelo elite: 0.7678
Número de populações independentes: 1
Número de threads: 1
Trocar os melhores indivíduos a cada 30 gerações
Número máximo de gerações: 279

Largura da faixa = 1
Melhor altura = 25

Lower Bound 1 = 25
Lower Bound 2 = 25
Avaliação = 1

Tempo de execução: 0.617387s

---------------------------

Tamanho da população: 297
Fração elite: 0.55
Fração mutante: 0.0174
Probabilidade herdar alelo elite: 0.7678
Número de populações independentes: 1
Número de threads: 1
Trocar os melhores indivíduos a cada 30 gerações
Número máximo de gerações: 279

Largura da faixa = 1
Melhor altura = 25

Lower Bound 1 = 25
Lower Bound 2 = 25
Avaliação = 1

Tempo de execução: 0.61931s

---------------------------

Tamanho da população: 297
Fração elite: 0.55
Fração mutante: 0.0174
Probabilidade herdar alelo elite: 0.7678
Número de populações independentes: 1
Número de threads: 1
Trocar os melhores indivíduos a cada 30 gerações
Número máximo de gerações: 279

Largura da faixa = 1
Melhor altura = 25

Lower Bound 1 = 25
Lower Bound 2 = 25
Avaliação = 1

Tempo de execução: 0.621008s

---------------------------

Tamanho da população: 297
Fração elite: 0.55
Fração mutante: 0.0174
Probabilidade herdar alelo elite: 0.7678
Número de populações independentes: 1
Número de threads: 1
Trocar os melhores indivíduos a cada 30 gerações
Número máximo de gerações: 279

Largura da faixa = 1
Melhor altura = 25

Lower Bound 1 = 25
Lower Bound 2 = 25
Avaliação = 1

Tempo de execução: 0.322923s

---------------------------

Tamanho da população: 297
Fração elite: 0.55
Fração mutante: 0.0174
Probabilidade herdar alelo elite: 0.7678
Número de populações independentes: 1
Número de threads: 1
Trocar os melhores indivíduos a cada 30 gerações
Número máximo de gerações: 279

Largura da faixa = 1
Melhor altura = 25

Lower Bound 1 = 25
Lower Bound 2 = 25
Avaliação = 1

Tempo de execução: 0.526955s

---------------------------

Tamanho da população: 392
Fração elite: 0.2567
Fração mutante: 0.0202
Probabilidade herdar alelo elite: 0.6001
Número de populações independentes: 1
Número de threads: 1
Número máximo de gerações: 364

Largura da faixa = 1
Melhor altura = 25

Lower Bound 1 = 25
Lower Bound 2 = 25
Avaliação = 1

Tempo de execução: 0.615838s

---------------------------

Tamanho da população: 392
Fração elite: 0.2567
Fração mutante: 0.0202
Probabilidade herdar alelo elite: 0.6001
Número de populações independentes: 1
Número de threads: 1
Número máximo de gerações: 364

Largura da faixa = 1
Melhor altura = 25

Lower Bound 1 = 25
Lower Bound 2 = 25
Avaliação = 1

Tempo de execução: 0.616515s

---------------------------

Tamanho da população: 392
Fração elite: 0.2567
Fração mutante: 0.0202
Probabilidade herdar alelo elite: 0.6001
Número de populações independentes: 1
Número de threads: 1
Número máximo de gerações: 364

Largura da faixa = 1
Melhor altura = 25

Lower Bound 1 = 25
Lower Bound 2 = 25
Avaliação = 1

Tempo de execução: 0.630051s

---------------------------

Tamanho da população: 392
Fração elite: 0.2567
Fração mutante: 0.0202
Probabilidade herdar alelo elite: 0.6001
Número de populações independentes: 1
Número de threads: 1
Número máximo de gerações: 364

Largura da faixa = 1
Melhor altura = 25

Lower Bound 1 = 25
Lower Bound 2 = 25
Avaliação = 1

Tempo de execução: 0.619458s

---------------------------

Tamanho da população: 392
Fração elite: 0.2567
Fração mutante: 0.0202
Probabilidade herdar alelo elite: 0.6001
Número de populações independentes: 1
Número de threads: 1
Número máximo de gerações: 364

Largura da faixa = 1
Melhor altura = 25

Lower Bound 1 = 25
Lower Bound 2 = 25
Avaliação = 1

Tempo de execução: 0.626709s

---------------------------

Tamanho da população: 392
Fração elite: 0.2567
Fração mutante: 0.0202
Probabilidade herdar alelo elite: 0.6001
Número de populações independentes: 1
Número de threads: 1
Número máximo de gerações: 364

Largura da faixa = 1
Melhor altura = 25

Lower Bound 1 = 25
Lower Bound 2 = 25
Avaliação = 1

Tempo de execução: 0.63215s

---------------------------

Tamanho da população: 392
Fração elite: 0.2567
Fração mutante: 0.0202
Probabilidade herdar alelo elite: 0.6001
Número de populações independentes: 1
Número de threads: 1
Número máximo de gerações: 364

Largura da faixa = 1
Melhor altura = 25

Lower Bound 1 = 25
Lower Bound 2 = 25
Avaliação = 1

Tempo de execução: 0.61394s

---------------------------

Tamanho da população: 392
Fração elite: 0.2567
Fração mutante: 0.0202
Probabilidade herdar alelo elite: 0.6001
Número de populações independentes: 1
Número de threads: 1
Número máximo de gerações: 364

Largura da faixa = 1
Melhor altura = 25

Lower Bound 1 = 25
Lower Bound 2 = 25
Avaliação = 1

Tempo de execução: 0.61515s

---------------------------

Tamanho da população: 392
Fração elite: 0.2567
Fração mutante: 0.0202
Probabilidade herdar alelo elite: 0.6001
Número de populações independentes: 1
Número de threads: 1
Número máximo de gerações: 364

Largura da faixa = 1
Melhor altura = 25

Lower Bound 1 = 25
Lower Bound 2 = 25
Avaliação = 1

Tempo de execução: 0.64212s

---------------------------

Tamanho da população: 392
Fração elite: 0.2567
Fração mutante: 0.0202
Probabilidade herdar alelo elite: 0.6001
Número de populações independentes: 1
Número de threads: 1
Número máximo de gerações: 364

Largura da faixa = 1
Melhor altura = 25

Lower Bound 1 = 25
Lower Bound 2 = 25
Avaliação = 1

Tempo de execução: 0.61393s

---------------------------

Tamanho da população: 392
Fração elite: 0.2567
Fração mutante: 0.0202
Probabilidade herdar alelo elite: 0.6001
Número de populações independentes: 1
Número de threads: 1
Número máximo de gerações: 364

Largura da faixa = 1
Melhor altura = 25

Lower Bound 1 = 25
Lower Bound 2 = 25
Avaliação = 1

Tempo de execução: 0.615644s

---------------------------

Tamanho da população: 392
Fração elite: 0.2567
Fração mutante: 0.0202
Probabilidade herdar alelo elite: 0.6001
Número de populações independentes: 1
Número de threads: 1
Número máximo de gerações: 364

Largura da faixa = 1
Melhor altura = 25

Lower Bound 1 = 25
Lower Bound 2 = 25
Avaliação = 1

Tempo de execução: 0.617742s

---------------------------

Tamanho da população: 392
Fração elite: 0.2567
Fração mutante: 0.0202
Probabilidade herdar alelo elite: 0.6001
Número de populações independentes: 1
Número de threads: 1
Número máximo de gerações: 364

Largura da faixa = 1
Melhor altura = 25

Lower Bound 1 = 25
Lower Bound 2 = 25
Avaliação = 1

Tempo de execução: 0.612789s

---------------------------

Tamanho da população: 392
Fração elite: 0.2567
Fração mutante: 0.0202
Probabilidade herdar alelo elite: 0.6001
Número de populações independentes: 1
Número de threads: 1
Número máximo de gerações: 364

Largura da faixa = 1
Melhor altura = 25

Lower Bound 1 = 25
Lower Bound 2 = 25
Avaliação = 1

Tempo de execução: 0.615477s

---------------------------

Tamanho da população: 392
Fração elite: 0.2567
Fração mutante: 0.0202
Probabilidade herdar alelo elite: 0.6001
Número de populações independentes: 1
Número de threads: 1
Número máximo de gerações: 364

Largura da faixa = 1
Melhor altura = 25

Lower Bound 1 = 25
Lower Bound 2 = 25
Avaliação = 1

Tempo de execução: 0.621119s

---------------------------

Tamanho da população: 392
Fração elite: 0.2567
Fração mutante: 0.0202
Probabilidade herdar alelo elite: 0.6001
Número de populações independentes: 1
Número de threads: 1
Número máximo de gerações: 364

Largura da faixa = 1
Melhor altura = 25

Lower Bound 1 = 25
Lower Bound 2 = 25
Avaliação = 1

Tempo de execução: 0.611129s

---------------------------

Tamanho da população: 392
Fração elite: 0.2567
Fração mutante: 0.0202
Probabilidade herdar alelo elite: 0.6001
Número de populações independentes: 1
Número de threads: 1
Número máximo de gerações: 364

Largura da faixa = 1
Melhor altura = 25

Lower Bound 1 = 25
Lower Bound 2 = 25
Avaliação = 1

Tempo de execução: 0.617609s

---------------------------

Tamanho da população: 392
Fração elite: 0.2567
Fração mutante: 0.0202
Probabilidade herdar alelo elite: 0.6001
Número de populações independentes: 1
Número de threads: 1
Número máximo de gerações: 364

Largura da faixa = 1
Melhor altura = 25

Lower Bound 1 = 25
Lower Bound 2 = 25
Avaliação = 1

Tempo de execução: 0.633256s

---------------------------

Tamanho da população: 392
Fração elite: 0.2567
Fração mutante: 0.0202
Probabilidade herdar alelo elite: 0.6001
Número de populações independentes: 1
Número de threads: 1
Número máximo de gerações: 364

Largura da faixa = 1
Melhor altura = 25

Lower Bound 1 = 25
Lower Bound 2 = 25
Avaliação = 1

Tempo de execução: 0.601112s

---------------------------

Tamanho da população: 392
Fração elite: 0.2567
Fração mutante: 0.0202
Probabilidade herdar alelo elite: 0.6001
Número de populações independentes: 1
Número de threads: 1
Número máximo de gerações: 364

Largura da faixa = 1
Melhor altura = 25

Lower Bound 1 = 25
Lower Bound 2 = 25
Avaliação = 1

Tempo de execução: 0.609642s

---------------------------

