Número de cromossomos: 320
Tamanho da população: 1000
Fração elite: 0.3
Fração mutante: 0.4
Probabilidade herdar alelo elite: 0.8
Número de populações independentes: 3
Número de threads: 2
Melhor até agora: 825 Geração: 0
Melhor até agora: 824 Geração: 1
Melhor até agora: 811 Geração: 3
Melhor até agora: 804 Geração: 5
Melhor até agora: 801 Geração: 7
Melhor até agora: 789 Geração: 11
Melhor até agora: 787 Geração: 24
Melhor até agora: 781 Geração: 27
Melhor até agora: 779 Geração: 28
Melhor até agora: 778 Geração: 31
Melhor até agora: 777 Geração: 39
Melhor até agora: 776 Geração: 40
Melhor até agora: 775 Geração: 42
Melhor até agora: 774 Geração: 44
Melhor até agora: 773 Geração: 45
Melhor até agora: 771 Geração: 48
Melhor até agora: 770 Geração: 49
Melhor até agora: 766 Geração: 53
Melhor até agora: 765 Geração: 60
Melhor até agora: 762 Geração: 66
Melhor até agora: 759 Geração: 73
Melhor até agora: 757 Geração: 78
Melhor até agora: 756 Geração: 80
Melhor até agora: 752 Geração: 94
Largura da faixa = 24
Melhor altura = 752

Lower Bound 1 = 521
Lower Bound 2 = 24
Avaliação = 1.44338
Tempo de execução: 85815ms

---------------------------

