Número de cromossomos: 604
Tamanho da população: 1000
Fração elite: 0.3
Fração mutante: 0.4
Probabilidade herdar alelo elite: 0.8
Número de populações independentes: 3
Número de threads: 2
Melhor até agora: 2026 Geração: 0
Melhor até agora: 1983 Geração: 1
Melhor até agora: 1974 Geração: 3
Melhor até agora: 1968 Geração: 7
Melhor até agora: 1960 Geração: 8
Melhor até agora: 1946 Geração: 11
Melhor até agora: 1945 Geração: 16
Melhor até agora: 1926 Geração: 17
Melhor até agora: 1910 Geração: 20
Melhor até agora: 1901 Geração: 23
Melhor até agora: 1896 Geração: 34
Melhor até agora: 1889 Geração: 45
Melhor até agora: 1887 Geração: 49
Melhor até agora: 1872 Geração: 55
Melhor até agora: 1861 Geração: 62
Melhor até agora: 1847 Geração: 78
Melhor até agora: 1844 Geração: 94
Melhor até agora: 1833 Geração: 99
Largura da faixa = 32
Melhor altura = 1833

Lower Bound 1 = 1077
Lower Bound 2 = 32
Avaliação = 1.70195
Tempo de execução: 179862ms

---------------------------

