Tamanho da população: 475
Fração elite: 0.2121
Fração mutante: 0.0442
Probabilidade herdar alelo elite: 0.6514
Número de populações independentes: 3
Troca de informação de 4 individuos a cada 241 gerações
Número de threads: 1

Largura da faixa = 31
Melhor altura = 145

Lower Bound 1 = 133
Lower Bound 2 = 31
Avaliação = 1.09023

Tempo de execução: 60.052s

---------------------------

Tamanho da população: 475
Fração elite: 0.2121
Fração mutante: 0.0442
Probabilidade herdar alelo elite: 0.6514
Número de populações independentes: 3
Troca de informação de 4 individuos a cada 241 gerações
Número de threads: 1

Largura da faixa = 31
Melhor altura = 146

Lower Bound 1 = 133
Lower Bound 2 = 31
Avaliação = 1.09774

Tempo de execução: 60.0682s

---------------------------

Tamanho da população: 475
Fração elite: 0.2121
Fração mutante: 0.0442
Probabilidade herdar alelo elite: 0.6514
Número de populações independentes: 3
Troca de informação de 4 individuos a cada 241 gerações
Número de threads: 1

Largura da faixa = 31
Melhor altura = 148

Lower Bound 1 = 133
Lower Bound 2 = 31
Avaliação = 1.11278

Tempo de execução: 60.0794s

---------------------------

Tamanho da população: 475
Fração elite: 0.2121
Fração mutante: 0.0442
Probabilidade herdar alelo elite: 0.6514
Número de populações independentes: 3
Troca de informação de 4 individuos a cada 241 gerações
Número de threads: 1

Largura da faixa = 31
Melhor altura = 144

Lower Bound 1 = 133
Lower Bound 2 = 31
Avaliação = 1.08271

Tempo de execução: 60.0191s

---------------------------

Tamanho da população: 475
Fração elite: 0.2121
Fração mutante: 0.0442
Probabilidade herdar alelo elite: 0.6514
Número de populações independentes: 3
Troca de informação de 4 individuos a cada 241 gerações
Número de threads: 1

Largura da faixa = 31
Melhor altura = 146

Lower Bound 1 = 133
Lower Bound 2 = 31
Avaliação = 1.09774

Tempo de execução: 60.0264s

---------------------------

Tamanho da população: 475
Fração elite: 0.2121
Fração mutante: 0.0442
Probabilidade herdar alelo elite: 0.6514
Número de populações independentes: 3
Troca de informação de 4 individuos a cada 241 gerações
Número de threads: 1

Largura da faixa = 31
Melhor altura = 146

Lower Bound 1 = 133
Lower Bound 2 = 31
Avaliação = 1.09774

Tempo de execução: 60.0472s

---------------------------

Tamanho da população: 475
Fração elite: 0.2121
Fração mutante: 0.0442
Probabilidade herdar alelo elite: 0.6514
Número de populações independentes: 3
Troca de informação de 4 individuos a cada 241 gerações
Número de threads: 1

Largura da faixa = 31
Melhor altura = 144

Lower Bound 1 = 133
Lower Bound 2 = 31
Avaliação = 1.08271

Tempo de execução: 60.019s

---------------------------

Tamanho da população: 475
Fração elite: 0.2121
Fração mutante: 0.0442
Probabilidade herdar alelo elite: 0.6514
Número de populações independentes: 3
Troca de informação de 4 individuos a cada 241 gerações
Número de threads: 1

Largura da faixa = 31
Melhor altura = 146

Lower Bound 1 = 133
Lower Bound 2 = 31
Avaliação = 1.09774

Tempo de execução: 60.0622s

---------------------------

Tamanho da população: 475
Fração elite: 0.2121
Fração mutante: 0.0442
Probabilidade herdar alelo elite: 0.6514
Número de populações independentes: 3
Troca de informação de 4 individuos a cada 241 gerações
Número de threads: 1

Largura da faixa = 31
Melhor altura = 145

Lower Bound 1 = 133
Lower Bound 2 = 31
Avaliação = 1.09023

Tempo de execução: 60.063s

---------------------------

Tamanho da população: 475
Fração elite: 0.2121
Fração mutante: 0.0442
Probabilidade herdar alelo elite: 0.6514
Número de populações independentes: 3
Troca de informação de 4 individuos a cada 241 gerações
Número de threads: 1

Largura da faixa = 31
Melhor altura = 144

Lower Bound 1 = 133
Lower Bound 2 = 31
Avaliação = 1.08271

Tempo de execução: 60.0147s

---------------------------

Tamanho da população: 475
Fração elite: 0.2121
Fração mutante: 0.0442
Probabilidade herdar alelo elite: 0.6514
Número de populações independentes: 3
Troca de informação de 4 individuos a cada 241 gerações
Número de threads: 1

Largura da faixa = 31
Melhor altura = 146

Lower Bound 1 = 133
Lower Bound 2 = 31
Avaliação = 1.09774

Tempo de execução: 60.0324s

---------------------------

Tamanho da população: 475
Fração elite: 0.2121
Fração mutante: 0.0442
Probabilidade herdar alelo elite: 0.6514
Número de populações independentes: 3
Troca de informação de 4 individuos a cada 241 gerações
Número de threads: 1

Largura da faixa = 31
Melhor altura = 146

Lower Bound 1 = 133
Lower Bound 2 = 31
Avaliação = 1.09774

Tempo de execução: 60.0695s

---------------------------

Tamanho da população: 475
Fração elite: 0.2121
Fração mutante: 0.0442
Probabilidade herdar alelo elite: 0.6514
Número de populações independentes: 3
Troca de informação de 4 individuos a cada 241 gerações
Número de threads: 1

Largura da faixa = 31
Melhor altura = 147

Lower Bound 1 = 133
Lower Bound 2 = 31
Avaliação = 1.10526

Tempo de execução: 60.0185s

---------------------------

Tamanho da população: 475
Fração elite: 0.2121
Fração mutante: 0.0442
Probabilidade herdar alelo elite: 0.6514
Número de populações independentes: 3
Troca de informação de 4 individuos a cada 241 gerações
Número de threads: 1

Largura da faixa = 31
Melhor altura = 146

Lower Bound 1 = 133
Lower Bound 2 = 31
Avaliação = 1.09774

Tempo de execução: 60.0512s

---------------------------

Tamanho da população: 475
Fração elite: 0.2121
Fração mutante: 0.0442
Probabilidade herdar alelo elite: 0.6514
Número de populações independentes: 3
Troca de informação de 4 individuos a cada 241 gerações
Número de threads: 1

Largura da faixa = 31
Melhor altura = 144

Lower Bound 1 = 133
Lower Bound 2 = 31
Avaliação = 1.08271

Tempo de execução: 60.0702s

---------------------------

Tamanho da população: 475
Fração elite: 0.2121
Fração mutante: 0.0442
Probabilidade herdar alelo elite: 0.6514
Número de populações independentes: 3
Troca de informação de 4 individuos a cada 241 gerações
Número de threads: 1

Largura da faixa = 31
Melhor altura = 145

Lower Bound 1 = 133
Lower Bound 2 = 31
Avaliação = 1.09023

Tempo de execução: 60.0256s

---------------------------

Tamanho da população: 475
Fração elite: 0.2121
Fração mutante: 0.0442
Probabilidade herdar alelo elite: 0.6514
Número de populações independentes: 3
Troca de informação de 4 individuos a cada 241 gerações
Número de threads: 1

Largura da faixa = 31
Melhor altura = 148

Lower Bound 1 = 133
Lower Bound 2 = 31
Avaliação = 1.11278

Tempo de execução: 60.0548s

---------------------------

Tamanho da população: 475
Fração elite: 0.2121
Fração mutante: 0.0442
Probabilidade herdar alelo elite: 0.6514
Número de populações independentes: 3
Troca de informação de 4 individuos a cada 241 gerações
Número de threads: 1

Largura da faixa = 31
Melhor altura = 145

Lower Bound 1 = 133
Lower Bound 2 = 31
Avaliação = 1.09023

Tempo de execução: 60.0777s

---------------------------

Tamanho da população: 475
Fração elite: 0.2121
Fração mutante: 0.0442
Probabilidade herdar alelo elite: 0.6514
Número de populações independentes: 3
Troca de informação de 4 individuos a cada 241 gerações
Número de threads: 1

Largura da faixa = 31
Melhor altura = 146

Lower Bound 1 = 133
Lower Bound 2 = 31
Avaliação = 1.09774

Tempo de execução: 60.0243s

---------------------------

Tamanho da população: 475
Fração elite: 0.2121
Fração mutante: 0.0442
Probabilidade herdar alelo elite: 0.6514
Número de populações independentes: 3
Troca de informação de 4 individuos a cada 241 gerações
Número de threads: 1

Largura da faixa = 31
Melhor altura = 146

Lower Bound 1 = 133
Lower Bound 2 = 31
Avaliação = 1.09774

Tempo de execução: 60.0563s
