Tamanho da população: 297
Fração elite: 0.55
Fração mutante: 0.0174
Probabilidade herdar alelo elite: 0.7678
Número de populações independentes: 1
Número de threads: 1
Trocar os melhores indivíduos a cada 30 gerações
Número máximo de gerações: 279

Largura da faixa = 32
Melhor altura = 159

Lower Bound 1 = 144
Lower Bound 2 = 32
Avaliação = 1.10417

Tempo de execução: 11.9187s

---------------------------

Tamanho da população: 297
Fração elite: 0.55
Fração mutante: 0.0174
Probabilidade herdar alelo elite: 0.7678
Número de populações independentes: 1
Número de threads: 1
Trocar os melhores indivíduos a cada 30 gerações
Número máximo de gerações: 279

Largura da faixa = 32
Melhor altura = 160

Lower Bound 1 = 144
Lower Bound 2 = 32
Avaliação = 1.11111

Tempo de execução: 13.156s

---------------------------

Tamanho da população: 297
Fração elite: 0.55
Fração mutante: 0.0174
Probabilidade herdar alelo elite: 0.7678
Número de populações independentes: 1
Número de threads: 1
Trocar os melhores indivíduos a cada 30 gerações
Número máximo de gerações: 279

Largura da faixa = 32
Melhor altura = 161

Lower Bound 1 = 144
Lower Bound 2 = 32
Avaliação = 1.11806

Tempo de execução: 13.1877s

---------------------------

Tamanho da população: 297
Fração elite: 0.55
Fração mutante: 0.0174
Probabilidade herdar alelo elite: 0.7678
Número de populações independentes: 1
Número de threads: 1
Trocar os melhores indivíduos a cada 30 gerações
Número máximo de gerações: 279

Largura da faixa = 32
Melhor altura = 161

Lower Bound 1 = 144
Lower Bound 2 = 32
Avaliação = 1.11806

Tempo de execução: 12.0622s

---------------------------

Tamanho da população: 297
Fração elite: 0.55
Fração mutante: 0.0174
Probabilidade herdar alelo elite: 0.7678
Número de populações independentes: 1
Número de threads: 1
Trocar os melhores indivíduos a cada 30 gerações
Número máximo de gerações: 279

Largura da faixa = 32
Melhor altura = 157

Lower Bound 1 = 144
Lower Bound 2 = 32
Avaliação = 1.09028

Tempo de execução: 13.6791s

---------------------------

Tamanho da população: 297
Fração elite: 0.55
Fração mutante: 0.0174
Probabilidade herdar alelo elite: 0.7678
Número de populações independentes: 1
Número de threads: 1
Trocar os melhores indivíduos a cada 30 gerações
Número máximo de gerações: 279

Largura da faixa = 32
Melhor altura = 161

Lower Bound 1 = 144
Lower Bound 2 = 32
Avaliação = 1.11806

Tempo de execução: 13.6867s

---------------------------

Tamanho da população: 297
Fração elite: 0.55
Fração mutante: 0.0174
Probabilidade herdar alelo elite: 0.7678
Número de populações independentes: 1
Número de threads: 1
Trocar os melhores indivíduos a cada 30 gerações
Número máximo de gerações: 279

Largura da faixa = 32
Melhor altura = 160

Lower Bound 1 = 144
Lower Bound 2 = 32
Avaliação = 1.11111

Tempo de execução: 9.61128s

---------------------------

Tamanho da população: 297
Fração elite: 0.55
Fração mutante: 0.0174
Probabilidade herdar alelo elite: 0.7678
Número de populações independentes: 1
Número de threads: 1
Trocar os melhores indivíduos a cada 30 gerações
Número máximo de gerações: 279

Largura da faixa = 32
Melhor altura = 158

Lower Bound 1 = 144
Lower Bound 2 = 32
Avaliação = 1.09722

Tempo de execução: 12.1974s

---------------------------

Tamanho da população: 297
Fração elite: 0.55
Fração mutante: 0.0174
Probabilidade herdar alelo elite: 0.7678
Número de populações independentes: 1
Número de threads: 1
Trocar os melhores indivíduos a cada 30 gerações
Número máximo de gerações: 279

Largura da faixa = 32
Melhor altura = 160

Lower Bound 1 = 144
Lower Bound 2 = 32
Avaliação = 1.11111

Tempo de execução: 13.4745s

---------------------------

Tamanho da população: 297
Fração elite: 0.55
Fração mutante: 0.0174
Probabilidade herdar alelo elite: 0.7678
Número de populações independentes: 1
Número de threads: 1
Trocar os melhores indivíduos a cada 30 gerações
Número máximo de gerações: 279

Largura da faixa = 32
Melhor altura = 159

Lower Bound 1 = 144
Lower Bound 2 = 32
Avaliação = 1.10417

Tempo de execução: 11.2168s

---------------------------

Tamanho da população: 297
Fração elite: 0.55
Fração mutante: 0.0174
Probabilidade herdar alelo elite: 0.7678
Número de populações independentes: 1
Número de threads: 1
Trocar os melhores indivíduos a cada 30 gerações
Número máximo de gerações: 279

Largura da faixa = 32
Melhor altura = 159

Lower Bound 1 = 144
Lower Bound 2 = 32
Avaliação = 1.10417

Tempo de execução: 13.4712s

---------------------------

Tamanho da população: 297
Fração elite: 0.55
Fração mutante: 0.0174
Probabilidade herdar alelo elite: 0.7678
Número de populações independentes: 1
Número de threads: 1
Trocar os melhores indivíduos a cada 30 gerações
Número máximo de gerações: 279

Largura da faixa = 32
Melhor altura = 159

Lower Bound 1 = 144
Lower Bound 2 = 32
Avaliação = 1.10417

Tempo de execução: 13.55s

---------------------------

Tamanho da população: 297
Fração elite: 0.55
Fração mutante: 0.0174
Probabilidade herdar alelo elite: 0.7678
Número de populações independentes: 1
Número de threads: 1
Trocar os melhores indivíduos a cada 30 gerações
Número máximo de gerações: 279

Largura da faixa = 32
Melhor altura = 159

Lower Bound 1 = 144
Lower Bound 2 = 32
Avaliação = 1.10417

Tempo de execução: 9.64262s

---------------------------

Tamanho da população: 297
Fração elite: 0.55
Fração mutante: 0.0174
Probabilidade herdar alelo elite: 0.7678
Número de populações independentes: 1
Número de threads: 1
Trocar os melhores indivíduos a cada 30 gerações
Número máximo de gerações: 279

Largura da faixa = 32
Melhor altura = 160

Lower Bound 1 = 144
Lower Bound 2 = 32
Avaliação = 1.11111

Tempo de execução: 12.7978s

---------------------------

Tamanho da população: 297
Fração elite: 0.55
Fração mutante: 0.0174
Probabilidade herdar alelo elite: 0.7678
Número de populações independentes: 1
Número de threads: 1
Trocar os melhores indivíduos a cada 30 gerações
Número máximo de gerações: 279

Largura da faixa = 32
Melhor altura = 159

Lower Bound 1 = 144
Lower Bound 2 = 32
Avaliação = 1.10417

Tempo de execução: 13.1156s

---------------------------

Tamanho da população: 297
Fração elite: 0.55
Fração mutante: 0.0174
Probabilidade herdar alelo elite: 0.7678
Número de populações independentes: 1
Número de threads: 1
Trocar os melhores indivíduos a cada 30 gerações
Número máximo de gerações: 279

Largura da faixa = 32
Melhor altura = 160

Lower Bound 1 = 144
Lower Bound 2 = 32
Avaliação = 1.11111

Tempo de execução: 11.9348s

---------------------------

Tamanho da população: 297
Fração elite: 0.55
Fração mutante: 0.0174
Probabilidade herdar alelo elite: 0.7678
Número de populações independentes: 1
Número de threads: 1
Trocar os melhores indivíduos a cada 30 gerações
Número máximo de gerações: 279

Largura da faixa = 32
Melhor altura = 161

Lower Bound 1 = 144
Lower Bound 2 = 32
Avaliação = 1.11806

Tempo de execução: 12.3396s

---------------------------

Tamanho da população: 297
Fração elite: 0.55
Fração mutante: 0.0174
Probabilidade herdar alelo elite: 0.7678
Número de populações independentes: 1
Número de threads: 1
Trocar os melhores indivíduos a cada 30 gerações
Número máximo de gerações: 279

Largura da faixa = 32
Melhor altura = 161

Lower Bound 1 = 144
Lower Bound 2 = 32
Avaliação = 1.11806

Tempo de execução: 13.0249s

---------------------------

Tamanho da população: 297
Fração elite: 0.55
Fração mutante: 0.0174
Probabilidade herdar alelo elite: 0.7678
Número de populações independentes: 1
Número de threads: 1
Trocar os melhores indivíduos a cada 30 gerações
Número máximo de gerações: 279

Largura da faixa = 32
Melhor altura = 158

Lower Bound 1 = 144
Lower Bound 2 = 32
Avaliação = 1.09722

Tempo de execução: 11.1941s

---------------------------

Tamanho da população: 297
Fração elite: 0.55
Fração mutante: 0.0174
Probabilidade herdar alelo elite: 0.7678
Número de populações independentes: 1
Número de threads: 1
Trocar os melhores indivíduos a cada 30 gerações
Número máximo de gerações: 279

Largura da faixa = 32
Melhor altura = 159

Lower Bound 1 = 144
Lower Bound 2 = 32
Avaliação = 1.10417

Tempo de execução: 11.4685s

---------------------------

Tamanho da população: 392
Fração elite: 0.2567
Fração mutante: 0.0202
Probabilidade herdar alelo elite: 0.6001
Número de populações independentes: 1
Número de threads: 1
Número máximo de gerações: 364

Largura da faixa = 32
Melhor altura = 158

Lower Bound 1 = 144
Lower Bound 2 = 32
Avaliação = 1.09722

Tempo de execução: 16.4422s

---------------------------

Tamanho da população: 392
Fração elite: 0.2567
Fração mutante: 0.0202
Probabilidade herdar alelo elite: 0.6001
Número de populações independentes: 1
Número de threads: 1
Número máximo de gerações: 364

Largura da faixa = 32
Melhor altura = 160

Lower Bound 1 = 144
Lower Bound 2 = 32
Avaliação = 1.11111

Tempo de execução: 16.5664s

---------------------------

Tamanho da população: 392
Fração elite: 0.2567
Fração mutante: 0.0202
Probabilidade herdar alelo elite: 0.6001
Número de populações independentes: 1
Número de threads: 1
Número máximo de gerações: 364

Largura da faixa = 32
Melhor altura = 159

Lower Bound 1 = 144
Lower Bound 2 = 32
Avaliação = 1.10417

Tempo de execução: 16.572s

---------------------------

Tamanho da população: 392
Fração elite: 0.2567
Fração mutante: 0.0202
Probabilidade herdar alelo elite: 0.6001
Número de populações independentes: 1
Número de threads: 1
Número máximo de gerações: 364

Largura da faixa = 32
Melhor altura = 158

Lower Bound 1 = 144
Lower Bound 2 = 32
Avaliação = 1.09722

Tempo de execução: 16.6405s

---------------------------

Tamanho da população: 392
Fração elite: 0.2567
Fração mutante: 0.0202
Probabilidade herdar alelo elite: 0.6001
Número de populações independentes: 1
Número de threads: 1
Número máximo de gerações: 364

Largura da faixa = 32
Melhor altura = 158

Lower Bound 1 = 144
Lower Bound 2 = 32
Avaliação = 1.09722

Tempo de execução: 16.7843s

---------------------------

Tamanho da população: 392
Fração elite: 0.2567
Fração mutante: 0.0202
Probabilidade herdar alelo elite: 0.6001
Número de populações independentes: 1
Número de threads: 1
Número máximo de gerações: 364

Largura da faixa = 32
Melhor altura = 160

Lower Bound 1 = 144
Lower Bound 2 = 32
Avaliação = 1.11111

Tempo de execução: 16.8592s

---------------------------

Tamanho da população: 392
Fração elite: 0.2567
Fração mutante: 0.0202
Probabilidade herdar alelo elite: 0.6001
Número de populações independentes: 1
Número de threads: 1
Número máximo de gerações: 364

Largura da faixa = 32
Melhor altura = 159

Lower Bound 1 = 144
Lower Bound 2 = 32
Avaliação = 1.10417

Tempo de execução: 16.617s

---------------------------

Tamanho da população: 392
Fração elite: 0.2567
Fração mutante: 0.0202
Probabilidade herdar alelo elite: 0.6001
Número de populações independentes: 1
Número de threads: 1
Número máximo de gerações: 364

Largura da faixa = 32
Melhor altura = 159

Lower Bound 1 = 144
Lower Bound 2 = 32
Avaliação = 1.10417

Tempo de execução: 16.6574s

---------------------------

Tamanho da população: 392
Fração elite: 0.2567
Fração mutante: 0.0202
Probabilidade herdar alelo elite: 0.6001
Número de populações independentes: 1
Número de threads: 1
Número máximo de gerações: 364

Largura da faixa = 32
Melhor altura = 159

Lower Bound 1 = 144
Lower Bound 2 = 32
Avaliação = 1.10417

Tempo de execução: 16.6834s

---------------------------

Tamanho da população: 392
Fração elite: 0.2567
Fração mutante: 0.0202
Probabilidade herdar alelo elite: 0.6001
Número de populações independentes: 1
Número de threads: 1
Número máximo de gerações: 364

Largura da faixa = 32
Melhor altura = 156

Lower Bound 1 = 144
Lower Bound 2 = 32
Avaliação = 1.08333

Tempo de execução: 16.5021s

---------------------------

Tamanho da população: 392
Fração elite: 0.2567
Fração mutante: 0.0202
Probabilidade herdar alelo elite: 0.6001
Número de populações independentes: 1
Número de threads: 1
Número máximo de gerações: 364

Largura da faixa = 32
Melhor altura = 159

Lower Bound 1 = 144
Lower Bound 2 = 32
Avaliação = 1.10417

Tempo de execução: 16.6629s

---------------------------

Tamanho da população: 392
Fração elite: 0.2567
Fração mutante: 0.0202
Probabilidade herdar alelo elite: 0.6001
Número de populações independentes: 1
Número de threads: 1
Número máximo de gerações: 364

Largura da faixa = 32
Melhor altura = 160

Lower Bound 1 = 144
Lower Bound 2 = 32
Avaliação = 1.11111

Tempo de execução: 16.6929s

---------------------------

Tamanho da população: 392
Fração elite: 0.2567
Fração mutante: 0.0202
Probabilidade herdar alelo elite: 0.6001
Número de populações independentes: 1
Número de threads: 1
Número máximo de gerações: 364

Largura da faixa = 32
Melhor altura = 158

Lower Bound 1 = 144
Lower Bound 2 = 32
Avaliação = 1.09722

Tempo de execução: 16.5686s

---------------------------

Tamanho da população: 392
Fração elite: 0.2567
Fração mutante: 0.0202
Probabilidade herdar alelo elite: 0.6001
Número de populações independentes: 1
Número de threads: 1
Número máximo de gerações: 364

Largura da faixa = 32
Melhor altura = 159

Lower Bound 1 = 144
Lower Bound 2 = 32
Avaliação = 1.10417

Tempo de execução: 16.7464s

---------------------------

Tamanho da população: 392
Fração elite: 0.2567
Fração mutante: 0.0202
Probabilidade herdar alelo elite: 0.6001
Número de populações independentes: 1
Número de threads: 1
Número máximo de gerações: 364

Largura da faixa = 32
Melhor altura = 159

Lower Bound 1 = 144
Lower Bound 2 = 32
Avaliação = 1.10417

Tempo de execução: 16.9069s

---------------------------

Tamanho da população: 392
Fração elite: 0.2567
Fração mutante: 0.0202
Probabilidade herdar alelo elite: 0.6001
Número de populações independentes: 1
Número de threads: 1
Número máximo de gerações: 364

Largura da faixa = 32
Melhor altura = 158

Lower Bound 1 = 144
Lower Bound 2 = 32
Avaliação = 1.09722

Tempo de execução: 16.4393s

---------------------------

Tamanho da população: 392
Fração elite: 0.2567
Fração mutante: 0.0202
Probabilidade herdar alelo elite: 0.6001
Número de populações independentes: 1
Número de threads: 1
Número máximo de gerações: 364

Largura da faixa = 32
Melhor altura = 159

Lower Bound 1 = 144
Lower Bound 2 = 32
Avaliação = 1.10417

Tempo de execução: 16.6343s

---------------------------

Tamanho da população: 392
Fração elite: 0.2567
Fração mutante: 0.0202
Probabilidade herdar alelo elite: 0.6001
Número de populações independentes: 1
Número de threads: 1
Número máximo de gerações: 364

Largura da faixa = 32
Melhor altura = 159

Lower Bound 1 = 144
Lower Bound 2 = 32
Avaliação = 1.10417

Tempo de execução: 16.6681s

---------------------------

Tamanho da população: 392
Fração elite: 0.2567
Fração mutante: 0.0202
Probabilidade herdar alelo elite: 0.6001
Número de populações independentes: 1
Número de threads: 1
Número máximo de gerações: 364

Largura da faixa = 32
Melhor altura = 158

Lower Bound 1 = 144
Lower Bound 2 = 32
Avaliação = 1.09722

Tempo de execução: 16.2723s

---------------------------

Tamanho da população: 392
Fração elite: 0.2567
Fração mutante: 0.0202
Probabilidade herdar alelo elite: 0.6001
Número de populações independentes: 1
Número de threads: 1
Número máximo de gerações: 364

Largura da faixa = 32
Melhor altura = 157

Lower Bound 1 = 144
Lower Bound 2 = 32
Avaliação = 1.09028

Tempo de execução: 16.3439s

---------------------------

