Número de cromossomos: 46
Tamanho da população: 60
Fração elite: 0.3
Fração mutante: 0.7
Probabilidade herdar alelo elite: 0.6
Número de populações independentes: 2
Número de threads: 14
Trocar os melhores indivíduos a cada 100 gerações
Número máximo de gerações: 100

Número de cromossomos: 46
Tamanho da população: 60
Fração elite: 0.3
Fração mutante: 0.7
Probabilidade herdar alelo elite: 0.6
Número de populações independentes: 2
Número de threads: 14
Trocar os melhores indivíduos a cada 100 gerações
Número máximo de gerações: 100

Tamanho da população: 230
Fração elite: 0.15
Fração mutante: 0.2
Probabilidade herdar alelo elite: 0.55
Número de populações independentes: 3
Número de threads: 14
Trocar os melhores indivíduos a cada 40 gerações
Número máximo de gerações: 130
Número máximo de iterações sem melhora: 30
Melhor até agora: 122 Geração: 0
Iteração: 0
Melhor até agora: 117 Geração: 3
Iteração: 0
Melhor até agora: 113 Geração: 6
Iteração: 0
Melhor até agora: 112 Geração: 0
Iteração: 3
Número de swaps entre camadas = 10
Largura da faixa = 30
Melhor altura = 112

Lower Bound 1 = 102
Lower Bound 2 = 30
Avaliação = 1.09804

Tempo de execução: 3s

---------------------------

Número de cromossomos: 46
Tamanho da população: 60
Fração elite: 0.3
Fração mutante: 0.7
Probabilidade herdar alelo elite: 0.6
Número de populações independentes: 2
Número de threads: 14
Trocar os melhores indivíduos a cada 100 gerações
Número máximo de gerações: 100

Número de cromossomos: 46
Tamanho da população: 60
Fração elite: 0.3
Fração mutante: 0.7
Probabilidade herdar alelo elite: 0.6
Número de populações independentes: 2
Número de threads: 14
Trocar os melhores indivíduos a cada 100 gerações
Número máximo de gerações: 100

Tamanho da população: 230
Fração elite: 0.15
Fração mutante: 0.2
Probabilidade herdar alelo elite: 0.55
Número de populações independentes: 3
Número de threads: 14
Trocar os melhores indivíduos a cada 40 gerações
Número máximo de gerações: 130
Número máximo de iterações sem melhora: 30
Melhor até agora: 129 Geração: 0
Iteração: 0
Melhor até agora: 127 Geração: 2
Iteração: 0
Melhor até agora: 121 Geração: 3
Iteração: 0
Melhor até agora: 120 Geração: 6
Iteração: 0
Melhor até agora: 113 Geração: 14
Iteração: 0
Melhor até agora: 112 Geração: 0
Iteração: 3
Número de swaps entre camadas = 10
Largura da faixa = 30
Melhor altura = 112

Lower Bound 1 = 102
Lower Bound 2 = 30
Avaliação = 1.09804

Tempo de execução: 3s

---------------------------

Número de cromossomos: 46
Tamanho da população: 60
Fração elite: 0.3
Fração mutante: 0.7
Probabilidade herdar alelo elite: 0.6
Número de populações independentes: 2
Número de threads: 14
Trocar os melhores indivíduos a cada 100 gerações
Número máximo de gerações: 100

Número de cromossomos: 46
Tamanho da população: 60
Fração elite: 0.3
Fração mutante: 0.7
Probabilidade herdar alelo elite: 0.6
Número de populações independentes: 2
Número de threads: 14
Trocar os melhores indivíduos a cada 100 gerações
Número máximo de gerações: 100

Tamanho da população: 230
Fração elite: 0.15
Fração mutante: 0.2
Probabilidade herdar alelo elite: 0.55
Número de populações independentes: 3
Número de threads: 14
Trocar os melhores indivíduos a cada 40 gerações
Número máximo de gerações: 130
Número máximo de iterações sem melhora: 30
Melhor até agora: 122 Geração: 0
Iteração: 0
Melhor até agora: 120 Geração: 1
Iteração: 0
Melhor até agora: 119 Geração: 2
Iteração: 0
Melhor até agora: 118 Geração: 9
Iteração: 0
Melhor até agora: 116 Geração: 11
Iteração: 0
Melhor até agora: 115 Geração: 8
Iteração: 2
Melhor até agora: 114 Geração: 14
Iteração: 2
Número de swaps entre camadas = 10
Largura da faixa = 30
Melhor altura = 114

Lower Bound 1 = 102
Lower Bound 2 = 30
Avaliação = 1.11765

Tempo de execução: 4s

---------------------------

Número de cromossomos: 46
Tamanho da população: 60
Fração elite: 0.3
Fração mutante: 0.7
Probabilidade herdar alelo elite: 0.6
Número de populações independentes: 2
Número de threads: 14
Trocar os melhores indivíduos a cada 100 gerações
Número máximo de gerações: 100

Melhor até agora: 185 Geração: 0
Iteração: 0
Número de cromossomos: 46
Tamanho da população: 60
Fração elite: 0.3
Fração mutante: 0.7
Probabilidade herdar alelo elite: 0.6
Número de populações independentes: 2
Número de threads: 14
Trocar os melhores indivíduos a cada 100 gerações
Número máximo de gerações: 100

Tamanho da população: 230
Fração elite: 0.15
Fração mutante: 0.2
Probabilidade herdar alelo elite: 0.55
Número de populações independentes: 3
Número de threads: 14
Trocar os melhores indivíduos a cada 40 gerações
Número máximo de gerações: 130
Número máximo de iterações sem melhora: 30
Melhor até agora: 122 Geração: 0
Iteração: 0
Melhor até agora: 120 Geração: 2
Iteração: 0
Melhor até agora: 119 Geração: 3
Iteração: 0
Melhor até agora: 117 Geração: 30
Iteração: 0
Melhor até agora: 116 Geração: 0
Iteração: 1
Melhor até agora: 115 Geração: 4
Iteração: 3
Número de swaps entre camadas = 10
Largura da faixa = 30
Melhor altura = 115

Lower Bound 1 = 102
Lower Bound 2 = 30
Avaliação = 1.12745

Tempo de execução: 4s

---------------------------

Número de cromossomos: 46
Tamanho da população: 60
Fração elite: 0.3
Fração mutante: 0.7
Probabilidade herdar alelo elite: 0.6
Número de populações independentes: 2
Número de threads: 14
Trocar os melhores indivíduos a cada 100 gerações
Número máximo de gerações: 100

Melhor até agora: 185 Geração: 0
Iteração: 1
Número de cromossomos: 46
Tamanho da população: 60
Fração elite: 0.3
Fração mutante: 0.7
Probabilidade herdar alelo elite: 0.6
Número de populações independentes: 2
Número de threads: 14
Trocar os melhores indivíduos a cada 100 gerações
Número máximo de gerações: 100

Tamanho da população: 230
Fração elite: 0.15
Fração mutante: 0.2
Probabilidade herdar alelo elite: 0.55
Número de populações independentes: 3
Número de threads: 14
Trocar os melhores indivíduos a cada 40 gerações
Número máximo de gerações: 130
Número máximo de iterações sem melhora: 30
Melhor até agora: 128 Geração: 0
Iteração: 0
Melhor até agora: 122 Geração: 1
Iteração: 0
Melhor até agora: 117 Geração: 2
Iteração: 0
Melhor até agora: 113 Geração: 13
Iteração: 0
Melhor até agora: 112 Geração: 0
Iteração: 3
Número de swaps entre camadas = 10
Largura da faixa = 30
Melhor altura = 112

Lower Bound 1 = 102
Lower Bound 2 = 30
Avaliação = 1.09804

Tempo de execução: 4s

---------------------------

Número de cromossomos: 46
Tamanho da população: 60
Fração elite: 0.3
Fração mutante: 0.7
Probabilidade herdar alelo elite: 0.6
Número de populações independentes: 2
Número de threads: 14
Trocar os melhores indivíduos a cada 100 gerações
Número máximo de gerações: 100

Número de cromossomos: 46
Tamanho da população: 60
Fração elite: 0.3
Fração mutante: 0.7
Probabilidade herdar alelo elite: 0.6
Número de populações independentes: 2
Número de threads: 14
Trocar os melhores indivíduos a cada 100 gerações
Número máximo de gerações: 100

Tamanho da população: 230
Fração elite: 0.15
Fração mutante: 0.2
Probabilidade herdar alelo elite: 0.55
Número de populações independentes: 3
Número de threads: 14
Trocar os melhores indivíduos a cada 40 gerações
Número máximo de gerações: 130
Número máximo de iterações sem melhora: 30
Melhor até agora: 122 Geração: 0
Iteração: 0
Melhor até agora: 121 Geração: 3
Iteração: 0
Melhor até agora: 118 Geração: 4
Iteração: 0
Melhor até agora: 117 Geração: 13
Iteração: 0
Melhor até agora: 113 Geração: 32
Iteração: 0
Melhor até agora: 112 Geração: 0
Iteração: 3
Número de swaps entre camadas = 10
Largura da faixa = 30
Melhor altura = 112

Lower Bound 1 = 102
Lower Bound 2 = 30
Avaliação = 1.09804

Tempo de execução: 4s

---------------------------

Número de cromossomos: 46
Tamanho da população: 60
Fração elite: 0.3
Fração mutante: 0.7
Probabilidade herdar alelo elite: 0.6
Número de populações independentes: 2
Número de threads: 14
Trocar os melhores indivíduos a cada 100 gerações
Número máximo de gerações: 100

Melhor até agora: 185 Geração: 0
Iteração: 1
Número de cromossomos: 46
Tamanho da população: 60
Fração elite: 0.3
Fração mutante: 0.7
Probabilidade herdar alelo elite: 0.6
Número de populações independentes: 2
Número de threads: 14
Trocar os melhores indivíduos a cada 100 gerações
Número máximo de gerações: 100

Tamanho da população: 230
Fração elite: 0.15
Fração mutante: 0.2
Probabilidade herdar alelo elite: 0.55
Número de populações independentes: 3
Número de threads: 14
Trocar os melhores indivíduos a cada 40 gerações
Número máximo de gerações: 130
Número máximo de iterações sem melhora: 30
Melhor até agora: 129 Geração: 0
Iteração: 0
Melhor até agora: 125 Geração: 1
Iteração: 0
Melhor até agora: 119 Geração: 2
Iteração: 0
Melhor até agora: 113 Geração: 5
Iteração: 0
Melhor até agora: 112 Geração: 1
Iteração: 3
Número de swaps entre camadas = 10
Largura da faixa = 30
Melhor altura = 112

Lower Bound 1 = 102
Lower Bound 2 = 30
Avaliação = 1.09804

Tempo de execução: 4s

---------------------------

Número de cromossomos: 46
Tamanho da população: 60
Fração elite: 0.3
Fração mutante: 0.7
Probabilidade herdar alelo elite: 0.6
Número de populações independentes: 2
Número de threads: 14
Trocar os melhores indivíduos a cada 100 gerações
Número máximo de gerações: 100

Número de cromossomos: 46
Tamanho da população: 60
Fração elite: 0.3
Fração mutante: 0.7
Probabilidade herdar alelo elite: 0.6
Número de populações independentes: 2
Número de threads: 14
Trocar os melhores indivíduos a cada 100 gerações
Número máximo de gerações: 100

Tamanho da população: 230
Fração elite: 0.15
Fração mutante: 0.2
Probabilidade herdar alelo elite: 0.55
Número de populações independentes: 3
Número de threads: 14
Trocar os melhores indivíduos a cada 40 gerações
Número máximo de gerações: 130
Número máximo de iterações sem melhora: 30
Melhor até agora: 126 Geração: 0
Iteração: 0
Melhor até agora: 125 Geração: 1
Iteração: 0
Melhor até agora: 123 Geração: 2
Iteração: 0
Melhor até agora: 121 Geração: 4
Iteração: 0
Melhor até agora: 120 Geração: 7
Iteração: 0
Melhor até agora: 113 Geração: 9
Iteração: 0
Melhor até agora: 112 Geração: 0
Iteração: 3
Número de swaps entre camadas = 10
Largura da faixa = 30
Melhor altura = 112

Lower Bound 1 = 102
Lower Bound 2 = 30
Avaliação = 1.09804

Tempo de execução: 4s

---------------------------

Número de cromossomos: 46
Tamanho da população: 60
Fração elite: 0.3
Fração mutante: 0.7
Probabilidade herdar alelo elite: 0.6
Número de populações independentes: 2
Número de threads: 14
Trocar os melhores indivíduos a cada 100 gerações
Número máximo de gerações: 100

Melhor até agora: 185 Geração: 0
Iteração: 1
Número de cromossomos: 46
Tamanho da população: 60
Fração elite: 0.3
Fração mutante: 0.7
Probabilidade herdar alelo elite: 0.6
Número de populações independentes: 2
Número de threads: 14
Trocar os melhores indivíduos a cada 100 gerações
Número máximo de gerações: 100

Tamanho da população: 230
Fração elite: 0.15
Fração mutante: 0.2
Probabilidade herdar alelo elite: 0.55
Número de populações independentes: 3
Número de threads: 14
Trocar os melhores indivíduos a cada 40 gerações
Número máximo de gerações: 130
Número máximo de iterações sem melhora: 30
Melhor até agora: 124 Geração: 1
Iteração: 0
Melhor até agora: 123 Geração: 2
Iteração: 0
Melhor até agora: 122 Geração: 4
Iteração: 0
Melhor até agora: 120 Geração: 5
Iteração: 0
Melhor até agora: 119 Geração: 11
Iteração: 0
Melhor até agora: 113 Geração: 21
Iteração: 0
Melhor até agora: 112 Geração: 0
Iteração: 3
Número de swaps entre camadas = 10
Largura da faixa = 30
Melhor altura = 112

Lower Bound 1 = 102
Lower Bound 2 = 30
Avaliação = 1.09804

Tempo de execução: 4s

---------------------------

Número de cromossomos: 46
Tamanho da população: 60
Fração elite: 0.3
Fração mutante: 0.7
Probabilidade herdar alelo elite: 0.6
Número de populações independentes: 2
Número de threads: 14
Trocar os melhores indivíduos a cada 100 gerações
Número máximo de gerações: 100

Número de cromossomos: 46
Tamanho da população: 60
Fração elite: 0.3
Fração mutante: 0.7
Probabilidade herdar alelo elite: 0.6
Número de populações independentes: 2
Número de threads: 14
Trocar os melhores indivíduos a cada 100 gerações
Número máximo de gerações: 100

Tamanho da população: 230
Fração elite: 0.15
Fração mutante: 0.2
Probabilidade herdar alelo elite: 0.55
Número de populações independentes: 3
Número de threads: 14
Trocar os melhores indivíduos a cada 40 gerações
Número máximo de gerações: 130
Número máximo de iterações sem melhora: 30
Melhor até agora: 122 Geração: 0
Iteração: 0
Melhor até agora: 120 Geração: 4
Iteração: 0
Melhor até agora: 117 Geração: 7
Iteração: 0
Melhor até agora: 116 Geração: 0
Iteração: 2
Melhor até agora: 115 Geração: 6
Iteração: 2
Melhor até agora: 114 Geração: 28
Iteração: 2
Melhor até agora: 113 Geração: 0
Iteração: 3
Número de swaps entre camadas = 10
Largura da faixa = 30
Melhor altura = 113

Lower Bound 1 = 102
Lower Bound 2 = 30
Avaliação = 1.10784

Tempo de execução: 4s

---------------------------

Número de cromossomos: 46
Tamanho da população: 60
Fração elite: 0.3
Fração mutante: 0.7
Probabilidade herdar alelo elite: 0.6
Número de populações independentes: 2
Número de threads: 14
Trocar os melhores indivíduos a cada 100 gerações
Número máximo de gerações: 100

Número de cromossomos: 46
Tamanho da população: 60
Fração elite: 0.3
Fração mutante: 0.7
Probabilidade herdar alelo elite: 0.6
Número de populações independentes: 2
Número de threads: 14
Trocar os melhores indivíduos a cada 100 gerações
Número máximo de gerações: 100

Tamanho da população: 230
Fração elite: 0.15
Fração mutante: 0.2
Probabilidade herdar alelo elite: 0.55
Número de populações independentes: 3
Número de threads: 14
Trocar os melhores indivíduos a cada 40 gerações
Número máximo de gerações: 130
Número máximo de iterações sem melhora: 30
Melhor até agora: 122 Geração: 0
Iteração: 0
Melhor até agora: 119 Geração: 3
Iteração: 0
Melhor até agora: 117 Geração: 4
Iteração: 0
Melhor até agora: 113 Geração: 15
Iteração: 0
Melhor até agora: 112 Geração: 2
Iteração: 3
Número de swaps entre camadas = 10
Largura da faixa = 30
Melhor altura = 112

Lower Bound 1 = 102
Lower Bound 2 = 30
Avaliação = 1.09804

Tempo de execução: 3s

---------------------------

Número de cromossomos: 46
Tamanho da população: 60
Fração elite: 0.3
Fração mutante: 0.7
Probabilidade herdar alelo elite: 0.6
Número de populações independentes: 2
Número de threads: 14
Trocar os melhores indivíduos a cada 100 gerações
Número máximo de gerações: 100

Melhor até agora: 185 Geração: 0
Iteração: 0
Número de cromossomos: 46
Tamanho da população: 60
Fração elite: 0.3
Fração mutante: 0.7
Probabilidade herdar alelo elite: 0.6
Número de populações independentes: 2
Número de threads: 14
Trocar os melhores indivíduos a cada 100 gerações
Número máximo de gerações: 100

Tamanho da população: 230
Fração elite: 0.15
Fração mutante: 0.2
Probabilidade herdar alelo elite: 0.55
Número de populações independentes: 3
Número de threads: 14
Trocar os melhores indivíduos a cada 40 gerações
Número máximo de gerações: 130
Número máximo de iterações sem melhora: 30
Melhor até agora: 124 Geração: 0
Iteração: 0
Melhor até agora: 120 Geração: 3
Iteração: 0
Melhor até agora: 119 Geração: 5
Iteração: 0
Melhor até agora: 118 Geração: 18
Iteração: 0
Melhor até agora: 117 Geração: 30
Iteração: 0
Melhor até agora: 114 Geração: 9
Iteração: 1
Melhor até agora: 113 Geração: 3
Iteração: 3
Número de swaps entre camadas = 10
Largura da faixa = 30
Melhor altura = 113

Lower Bound 1 = 102
Lower Bound 2 = 30
Avaliação = 1.10784

Tempo de execução: 4s

---------------------------

Número de cromossomos: 46
Tamanho da população: 60
Fração elite: 0.3
Fração mutante: 0.7
Probabilidade herdar alelo elite: 0.6
Número de populações independentes: 2
Número de threads: 14
Trocar os melhores indivíduos a cada 100 gerações
Número máximo de gerações: 100

Número de cromossomos: 46
Tamanho da população: 60
Fração elite: 0.3
Fração mutante: 0.7
Probabilidade herdar alelo elite: 0.6
Número de populações independentes: 2
Número de threads: 14
Trocar os melhores indivíduos a cada 100 gerações
Número máximo de gerações: 100

Tamanho da população: 230
Fração elite: 0.15
Fração mutante: 0.2
Probabilidade herdar alelo elite: 0.55
Número de populações independentes: 3
Número de threads: 14
Trocar os melhores indivíduos a cada 40 gerações
Número máximo de gerações: 130
Número máximo de iterações sem melhora: 30
Melhor até agora: 125 Geração: 0
Iteração: 0
Melhor até agora: 124 Geração: 1
Iteração: 0
Melhor até agora: 116 Geração: 2
Iteração: 0
Melhor até agora: 113 Geração: 23
Iteração: 0
Melhor até agora: 112 Geração: 0
Iteração: 3
Número de swaps entre camadas = 10
Largura da faixa = 30
Melhor altura = 112

Lower Bound 1 = 102
Lower Bound 2 = 30
Avaliação = 1.09804

Tempo de execução: 4s

---------------------------

Número de cromossomos: 46
Tamanho da população: 60
Fração elite: 0.3
Fração mutante: 0.7
Probabilidade herdar alelo elite: 0.6
Número de populações independentes: 2
Número de threads: 14
Trocar os melhores indivíduos a cada 100 gerações
Número máximo de gerações: 100

Número de cromossomos: 46
Tamanho da população: 60
Fração elite: 0.3
Fração mutante: 0.7
Probabilidade herdar alelo elite: 0.6
Número de populações independentes: 2
Número de threads: 14
Trocar os melhores indivíduos a cada 100 gerações
Número máximo de gerações: 100

Tamanho da população: 230
Fração elite: 0.15
Fração mutante: 0.2
Probabilidade herdar alelo elite: 0.55
Número de populações independentes: 3
Número de threads: 14
Trocar os melhores indivíduos a cada 40 gerações
Número máximo de gerações: 130
Número máximo de iterações sem melhora: 30
Melhor até agora: 121 Geração: 0
Iteração: 0
Melhor até agora: 119 Geração: 1
Iteração: 0
Melhor até agora: 118 Geração: 9
Iteração: 0
Melhor até agora: 116 Geração: 6
Iteração: 1
Melhor até agora: 115 Geração: 0
Iteração: 3
Melhor até agora: 114 Geração: 1
Iteração: 3
Melhor até agora: 113 Geração: 2
Iteração: 3
Número de swaps entre camadas = 10
Largura da faixa = 30
Melhor altura = 113

Lower Bound 1 = 102
Lower Bound 2 = 30
Avaliação = 1.10784

Tempo de execução: 4s

---------------------------

Número de cromossomos: 46
Tamanho da população: 60
Fração elite: 0.3
Fração mutante: 0.7
Probabilidade herdar alelo elite: 0.6
Número de populações independentes: 2
Número de threads: 14
Trocar os melhores indivíduos a cada 100 gerações
Número máximo de gerações: 100

Número de cromossomos: 46
Tamanho da população: 60
Fração elite: 0.3
Fração mutante: 0.7
Probabilidade herdar alelo elite: 0.6
Número de populações independentes: 2
Número de threads: 14
Trocar os melhores indivíduos a cada 100 gerações
Número máximo de gerações: 100

Tamanho da população: 230
Fração elite: 0.15
Fração mutante: 0.2
Probabilidade herdar alelo elite: 0.55
Número de populações independentes: 3
Número de threads: 14
Trocar os melhores indivíduos a cada 40 gerações
Número máximo de gerações: 130
Número máximo de iterações sem melhora: 30
Melhor até agora: 124 Geração: 0
Iteração: 0
Melhor até agora: 121 Geração: 2
Iteração: 0
Melhor até agora: 119 Geração: 3
Iteração: 0
Melhor até agora: 118 Geração: 6
Iteração: 0
Melhor até agora: 117 Geração: 11
Iteração: 0
Melhor até agora: 116 Geração: 4
Iteração: 1
Melhor até agora: 115 Geração: 1
Iteração: 2
Melhor até agora: 114 Geração: 2
Iteração: 2
Melhor até agora: 113 Geração: 9
Iteração: 2
Número de swaps entre camadas = 10
Largura da faixa = 30
Melhor altura = 113

Lower Bound 1 = 102
Lower Bound 2 = 30
Avaliação = 1.10784

Tempo de execução: 4s

---------------------------

Número de cromossomos: 46
Tamanho da população: 60
Fração elite: 0.3
Fração mutante: 0.7
Probabilidade herdar alelo elite: 0.6
Número de populações independentes: 2
Número de threads: 14
Trocar os melhores indivíduos a cada 100 gerações
Número máximo de gerações: 100

Melhor até agora: 185 Geração: 0
Iteração: 1
Número de cromossomos: 46
Tamanho da população: 60
Fração elite: 0.3
Fração mutante: 0.7
Probabilidade herdar alelo elite: 0.6
Número de populações independentes: 2
Número de threads: 14
Trocar os melhores indivíduos a cada 100 gerações
Número máximo de gerações: 100

Tamanho da população: 230
Fração elite: 0.15
Fração mutante: 0.2
Probabilidade herdar alelo elite: 0.55
Número de populações independentes: 3
Número de threads: 14
Trocar os melhores indivíduos a cada 40 gerações
Número máximo de gerações: 130
Número máximo de iterações sem melhora: 30
Melhor até agora: 125 Geração: 0
Iteração: 0
Melhor até agora: 121 Geração: 2
Iteração: 0
Melhor até agora: 120 Geração: 4
Iteração: 0
Melhor até agora: 117 Geração: 6
Iteração: 0
Melhor até agora: 114 Geração: 8
Iteração: 1
Melhor até agora: 113 Geração: 3
Iteração: 3
Número de swaps entre camadas = 10
Largura da faixa = 30
Melhor altura = 113

Lower Bound 1 = 102
Lower Bound 2 = 30
Avaliação = 1.10784

Tempo de execução: 4s

---------------------------

Número de cromossomos: 46
Tamanho da população: 60
Fração elite: 0.3
Fração mutante: 0.7
Probabilidade herdar alelo elite: 0.6
Número de populações independentes: 2
Número de threads: 14
Trocar os melhores indivíduos a cada 100 gerações
Número máximo de gerações: 100

Melhor até agora: 185 Geração: 0
Iteração: 0
Número de cromossomos: 46
Tamanho da população: 60
Fração elite: 0.3
Fração mutante: 0.7
Probabilidade herdar alelo elite: 0.6
Número de populações independentes: 2
Número de threads: 14
Trocar os melhores indivíduos a cada 100 gerações
Número máximo de gerações: 100

Tamanho da população: 230
Fração elite: 0.15
Fração mutante: 0.2
Probabilidade herdar alelo elite: 0.55
Número de populações independentes: 3
Número de threads: 14
Trocar os melhores indivíduos a cada 40 gerações
Número máximo de gerações: 130
Número máximo de iterações sem melhora: 30
Melhor até agora: 120 Geração: 0
Iteração: 0
Melhor até agora: 118 Geração: 4
Iteração: 0
Melhor até agora: 117 Geração: 5
Iteração: 0
Melhor até agora: 114 Geração: 11
Iteração: 1
Melhor até agora: 113 Geração: 1
Iteração: 3
Número de swaps entre camadas = 10
Largura da faixa = 30
Melhor altura = 113

Lower Bound 1 = 102
Lower Bound 2 = 30
Avaliação = 1.10784

Tempo de execução: 4s

---------------------------

Número de cromossomos: 46
Tamanho da população: 60
Fração elite: 0.3
Fração mutante: 0.7
Probabilidade herdar alelo elite: 0.6
Número de populações independentes: 2
Número de threads: 14
Trocar os melhores indivíduos a cada 100 gerações
Número máximo de gerações: 100

Número de cromossomos: 46
Tamanho da população: 60
Fração elite: 0.3
Fração mutante: 0.7
Probabilidade herdar alelo elite: 0.6
Número de populações independentes: 2
Número de threads: 14
Trocar os melhores indivíduos a cada 100 gerações
Número máximo de gerações: 100

Tamanho da população: 230
Fração elite: 0.15
Fração mutante: 0.2
Probabilidade herdar alelo elite: 0.55
Número de populações independentes: 3
Número de threads: 14
Trocar os melhores indivíduos a cada 40 gerações
Número máximo de gerações: 130
Número máximo de iterações sem melhora: 30
Melhor até agora: 121 Geração: 0
Iteração: 0
Melhor até agora: 119 Geração: 2
Iteração: 0
Melhor até agora: 118 Geração: 8
Iteração: 0
Melhor até agora: 117 Geração: 11
Iteração: 1
Melhor até agora: 116 Geração: 14
Iteração: 1
Melhor até agora: 115 Geração: 6
Iteração: 2
Melhor até agora: 113 Geração: 0
Iteração: 3
Número de swaps entre camadas = 10
Largura da faixa = 30
Melhor altura = 113

Lower Bound 1 = 102
Lower Bound 2 = 30
Avaliação = 1.10784

Tempo de execução: 4s

---------------------------

Número de cromossomos: 46
Tamanho da população: 60
Fração elite: 0.3
Fração mutante: 0.7
Probabilidade herdar alelo elite: 0.6
Número de populações independentes: 2
Número de threads: 14
Trocar os melhores indivíduos a cada 100 gerações
Número máximo de gerações: 100

Melhor até agora: 185 Geração: 0
Iteração: 0
Número de cromossomos: 46
Tamanho da população: 60
Fração elite: 0.3
Fração mutante: 0.7
Probabilidade herdar alelo elite: 0.6
Número de populações independentes: 2
Número de threads: 14
Trocar os melhores indivíduos a cada 100 gerações
Número máximo de gerações: 100

Tamanho da população: 230
Fração elite: 0.15
Fração mutante: 0.2
Probabilidade herdar alelo elite: 0.55
Número de populações independentes: 3
Número de threads: 14
Trocar os melhores indivíduos a cada 40 gerações
Número máximo de gerações: 130
Número máximo de iterações sem melhora: 30
Melhor até agora: 123 Geração: 1
Iteração: 0
Melhor até agora: 121 Geração: 3
Iteração: 0
Melhor até agora: 117 Geração: 6
Iteração: 0
Melhor até agora: 116 Geração: 8
Iteração: 2
Melhor até agora: 115 Geração: 9
Iteração: 2
Número de swaps entre camadas = 10
Largura da faixa = 30
Melhor altura = 115

Lower Bound 1 = 102
Lower Bound 2 = 30
Avaliação = 1.12745

Tempo de execução: 4s

---------------------------

Número de cromossomos: 46
Tamanho da população: 60
Fração elite: 0.3
Fração mutante: 0.7
Probabilidade herdar alelo elite: 0.6
Número de populações independentes: 2
Número de threads: 14
Trocar os melhores indivíduos a cada 100 gerações
Número máximo de gerações: 100

Número de cromossomos: 46
Tamanho da população: 60
Fração elite: 0.3
Fração mutante: 0.7
Probabilidade herdar alelo elite: 0.6
Número de populações independentes: 2
Número de threads: 14
Trocar os melhores indivíduos a cada 100 gerações
Número máximo de gerações: 100

Tamanho da população: 230
Fração elite: 0.15
Fração mutante: 0.2
Probabilidade herdar alelo elite: 0.55
Número de populações independentes: 3
Número de threads: 14
Trocar os melhores indivíduos a cada 40 gerações
Número máximo de gerações: 130
Número máximo de iterações sem melhora: 30
Melhor até agora: 120 Geração: 0
Iteração: 0
Melhor até agora: 118 Geração: 5
Iteração: 0
Melhor até agora: 113 Geração: 7
Iteração: 0
Melhor até agora: 112 Geração: 0
Iteração: 3
Número de swaps entre camadas = 10
Largura da faixa = 30
Melhor altura = 112

Lower Bound 1 = 102
Lower Bound 2 = 30
Avaliação = 1.09804

Tempo de execução: 4s

---------------------------

