Tamanho da população: 475
Fração elite: 0.2121
Fração mutante: 0.0442
Probabilidade herdar alelo elite: 0.6514
Número de populações independentes: 3
Troca de informação de 4 individuos a cada 241 gerações
Número de threads: 1

Largura da faixa = 1
Melhor altura = 15

Lower Bound 1 = 15
Lower Bound 2 = 15
Avaliação = 1

Tempo de execução: 60.0001s

---------------------------

Tamanho da população: 475
Fração elite: 0.2121
Fração mutante: 0.0442
Probabilidade herdar alelo elite: 0.6514
Número de populações independentes: 3
Troca de informação de 4 individuos a cada 241 gerações
Número de threads: 1

Largura da faixa = 1
Melhor altura = 15

Lower Bound 1 = 15
Lower Bound 2 = 15
Avaliação = 1

Tempo de execução: 60.0019s

---------------------------

Tamanho da população: 475
Fração elite: 0.2121
Fração mutante: 0.0442
Probabilidade herdar alelo elite: 0.6514
Número de populações independentes: 3
Troca de informação de 4 individuos a cada 241 gerações
Número de threads: 1

Largura da faixa = 1
Melhor altura = 15

Lower Bound 1 = 15
Lower Bound 2 = 15
Avaliação = 1

Tempo de execução: 60.0019s

---------------------------

Tamanho da população: 475
Fração elite: 0.2121
Fração mutante: 0.0442
Probabilidade herdar alelo elite: 0.6514
Número de populações independentes: 3
Troca de informação de 4 individuos a cada 241 gerações
Número de threads: 1

Largura da faixa = 1
Melhor altura = 15

Lower Bound 1 = 15
Lower Bound 2 = 15
Avaliação = 1

Tempo de execução: 60.0004s

---------------------------

Tamanho da população: 475
Fração elite: 0.2121
Fração mutante: 0.0442
Probabilidade herdar alelo elite: 0.6514
Número de populações independentes: 3
Troca de informação de 4 individuos a cada 241 gerações
Número de threads: 1

Largura da faixa = 1
Melhor altura = 15

Lower Bound 1 = 15
Lower Bound 2 = 15
Avaliação = 1

Tempo de execução: 60.0013s

---------------------------

Tamanho da população: 475
Fração elite: 0.2121
Fração mutante: 0.0442
Probabilidade herdar alelo elite: 0.6514
Número de populações independentes: 3
Troca de informação de 4 individuos a cada 241 gerações
Número de threads: 1

Largura da faixa = 1
Melhor altura = 15

Lower Bound 1 = 15
Lower Bound 2 = 15
Avaliação = 1

Tempo de execução: 60.0026s

---------------------------

Tamanho da população: 475
Fração elite: 0.2121
Fração mutante: 0.0442
Probabilidade herdar alelo elite: 0.6514
Número de populações independentes: 3
Troca de informação de 4 individuos a cada 241 gerações
Número de threads: 1

Largura da faixa = 1
Melhor altura = 15

Lower Bound 1 = 15
Lower Bound 2 = 15
Avaliação = 1

Tempo de execução: 60.0011s

---------------------------

Tamanho da população: 475
Fração elite: 0.2121
Fração mutante: 0.0442
Probabilidade herdar alelo elite: 0.6514
Número de populações independentes: 3
Troca de informação de 4 individuos a cada 241 gerações
Número de threads: 1

Largura da faixa = 1
Melhor altura = 15

Lower Bound 1 = 15
Lower Bound 2 = 15
Avaliação = 1

Tempo de execução: 60.0012s

---------------------------

Tamanho da população: 475
Fração elite: 0.2121
Fração mutante: 0.0442
Probabilidade herdar alelo elite: 0.6514
Número de populações independentes: 3
Troca de informação de 4 individuos a cada 241 gerações
Número de threads: 1

Largura da faixa = 1
Melhor altura = 15

Lower Bound 1 = 15
Lower Bound 2 = 15
Avaliação = 1

Tempo de execução: 60.0022s

---------------------------

Tamanho da população: 475
Fração elite: 0.2121
Fração mutante: 0.0442
Probabilidade herdar alelo elite: 0.6514
Número de populações independentes: 3
Troca de informação de 4 individuos a cada 241 gerações
Número de threads: 1

Largura da faixa = 1
Melhor altura = 15

Lower Bound 1 = 15
Lower Bound 2 = 15
Avaliação = 1

Tempo de execução: 60.0005s

---------------------------

Tamanho da população: 475
Fração elite: 0.2121
Fração mutante: 0.0442
Probabilidade herdar alelo elite: 0.6514
Número de populações independentes: 3
Troca de informação de 4 individuos a cada 241 gerações
Número de threads: 1

Largura da faixa = 1
Melhor altura = 15

Lower Bound 1 = 15
Lower Bound 2 = 15
Avaliação = 1

Tempo de execução: 60.0009s

---------------------------

Tamanho da população: 475
Fração elite: 0.2121
Fração mutante: 0.0442
Probabilidade herdar alelo elite: 0.6514
Número de populações independentes: 3
Troca de informação de 4 individuos a cada 241 gerações
Número de threads: 1

Largura da faixa = 1
Melhor altura = 15

Lower Bound 1 = 15
Lower Bound 2 = 15
Avaliação = 1

Tempo de execução: 60.0014s

---------------------------

Tamanho da população: 475
Fração elite: 0.2121
Fração mutante: 0.0442
Probabilidade herdar alelo elite: 0.6514
Número de populações independentes: 3
Troca de informação de 4 individuos a cada 241 gerações
Número de threads: 1

Largura da faixa = 1
Melhor altura = 15

Lower Bound 1 = 15
Lower Bound 2 = 15
Avaliação = 1

Tempo de execução: 60.0017s

---------------------------

Tamanho da população: 475
Fração elite: 0.2121
Fração mutante: 0.0442
Probabilidade herdar alelo elite: 0.6514
Número de populações independentes: 3
Troca de informação de 4 individuos a cada 241 gerações
Número de threads: 1

Largura da faixa = 1
Melhor altura = 15

Lower Bound 1 = 15
Lower Bound 2 = 15
Avaliação = 1

Tempo de execução: 60.0025s

---------------------------

Tamanho da população: 475
Fração elite: 0.2121
Fração mutante: 0.0442
Probabilidade herdar alelo elite: 0.6514
Número de populações independentes: 3
Troca de informação de 4 individuos a cada 241 gerações
Número de threads: 1

Largura da faixa = 1
Melhor altura = 15

Lower Bound 1 = 15
Lower Bound 2 = 15
Avaliação = 1

Tempo de execução: 60.0032s

---------------------------

Tamanho da população: 475
Fração elite: 0.2121
Fração mutante: 0.0442
Probabilidade herdar alelo elite: 0.6514
Número de populações independentes: 3
Troca de informação de 4 individuos a cada 241 gerações
Número de threads: 1

Largura da faixa = 1
Melhor altura = 15

Lower Bound 1 = 15
Lower Bound 2 = 15
Avaliação = 1

Tempo de execução: 60.0008s

---------------------------

Tamanho da população: 475
Fração elite: 0.2121
Fração mutante: 0.0442
Probabilidade herdar alelo elite: 0.6514
Número de populações independentes: 3
Troca de informação de 4 individuos a cada 241 gerações
Número de threads: 1

Largura da faixa = 1
Melhor altura = 15

Lower Bound 1 = 15
Lower Bound 2 = 15
Avaliação = 1

Tempo de execução: 60.002s

---------------------------

Tamanho da população: 475
Fração elite: 0.2121
Fração mutante: 0.0442
Probabilidade herdar alelo elite: 0.6514
Número de populações independentes: 3
Troca de informação de 4 individuos a cada 241 gerações
Número de threads: 1

Largura da faixa = 1
Melhor altura = 15

Lower Bound 1 = 15
Lower Bound 2 = 15
Avaliação = 1

Tempo de execução: 60.003s

---------------------------

Tamanho da população: 475
Fração elite: 0.2121
Fração mutante: 0.0442
Probabilidade herdar alelo elite: 0.6514
Número de populações independentes: 3
Troca de informação de 4 individuos a cada 241 gerações
Número de threads: 1

Largura da faixa = 1
Melhor altura = 15

Lower Bound 1 = 15
Lower Bound 2 = 15
Avaliação = 1

Tempo de execução: 60.0003s

---------------------------

Tamanho da população: 475
Fração elite: 0.2121
Fração mutante: 0.0442
Probabilidade herdar alelo elite: 0.6514
Número de populações independentes: 3
Troca de informação de 4 individuos a cada 241 gerações
Número de threads: 1

Largura da faixa = 1
Melhor altura = 15

Lower Bound 1 = 15
Lower Bound 2 = 15
Avaliação = 1

Tempo de execução: 60.0024s
