Tamanho da população: 297
Fração elite: 0.55
Fração mutante: 0.0174
Probabilidade herdar alelo elite: 0.7678
Número de populações independentes: 1
Número de threads: 1
Trocar os melhores indivíduos a cada 30 gerações
Número máximo de gerações: 279

Largura da faixa = 29
Melhor altura = 100

Lower Bound 1 = 92
Lower Bound 2 = 29
Avaliação = 1.08696

Tempo de execução: 5.1086s

---------------------------

Tamanho da população: 297
Fração elite: 0.55
Fração mutante: 0.0174
Probabilidade herdar alelo elite: 0.7678
Número de populações independentes: 1
Número de threads: 1
Trocar os melhores indivíduos a cada 30 gerações
Número máximo de gerações: 279

Largura da faixa = 29
Melhor altura = 101

Lower Bound 1 = 92
Lower Bound 2 = 29
Avaliação = 1.09783

Tempo de execução: 5.465s

---------------------------

Tamanho da população: 297
Fração elite: 0.55
Fração mutante: 0.0174
Probabilidade herdar alelo elite: 0.7678
Número de populações independentes: 1
Número de threads: 1
Trocar os melhores indivíduos a cada 30 gerações
Número máximo de gerações: 279

Largura da faixa = 29
Melhor altura = 101

Lower Bound 1 = 92
Lower Bound 2 = 29
Avaliação = 1.09783

Tempo de execução: 7.55559s

---------------------------

Tamanho da população: 297
Fração elite: 0.55
Fração mutante: 0.0174
Probabilidade herdar alelo elite: 0.7678
Número de populações independentes: 1
Número de threads: 1
Trocar os melhores indivíduos a cada 30 gerações
Número máximo de gerações: 279

Largura da faixa = 29
Melhor altura = 100

Lower Bound 1 = 92
Lower Bound 2 = 29
Avaliação = 1.08696

Tempo de execução: 7.63883s

---------------------------

Tamanho da população: 297
Fração elite: 0.55
Fração mutante: 0.0174
Probabilidade herdar alelo elite: 0.7678
Número de populações independentes: 1
Número de threads: 1
Trocar os melhores indivíduos a cada 30 gerações
Número máximo de gerações: 279

Largura da faixa = 29
Melhor altura = 100

Lower Bound 1 = 92
Lower Bound 2 = 29
Avaliação = 1.08696

Tempo de execução: 7.69753s

---------------------------

Tamanho da população: 297
Fração elite: 0.55
Fração mutante: 0.0174
Probabilidade herdar alelo elite: 0.7678
Número de populações independentes: 1
Número de threads: 1
Trocar os melhores indivíduos a cada 30 gerações
Número máximo de gerações: 279

Largura da faixa = 29
Melhor altura = 101

Lower Bound 1 = 92
Lower Bound 2 = 29
Avaliação = 1.09783

Tempo de execução: 7.86997s

---------------------------

Tamanho da população: 297
Fração elite: 0.55
Fração mutante: 0.0174
Probabilidade herdar alelo elite: 0.7678
Número de populações independentes: 1
Número de threads: 1
Trocar os melhores indivíduos a cada 30 gerações
Número máximo de gerações: 279

Largura da faixa = 29
Melhor altura = 100

Lower Bound 1 = 92
Lower Bound 2 = 29
Avaliação = 1.08696

Tempo de execução: 6.75072s

---------------------------

Tamanho da população: 297
Fração elite: 0.55
Fração mutante: 0.0174
Probabilidade herdar alelo elite: 0.7678
Número de populações independentes: 1
Número de threads: 1
Trocar os melhores indivíduos a cada 30 gerações
Número máximo de gerações: 279

Largura da faixa = 29
Melhor altura = 101

Lower Bound 1 = 92
Lower Bound 2 = 29
Avaliação = 1.09783

Tempo de execução: 7.08129s

---------------------------

Tamanho da população: 297
Fração elite: 0.55
Fração mutante: 0.0174
Probabilidade herdar alelo elite: 0.7678
Número de populações independentes: 1
Número de threads: 1
Trocar os melhores indivíduos a cada 30 gerações
Número máximo de gerações: 279

Largura da faixa = 29
Melhor altura = 102

Lower Bound 1 = 92
Lower Bound 2 = 29
Avaliação = 1.1087

Tempo de execução: 7.37951s

---------------------------

Tamanho da população: 297
Fração elite: 0.55
Fração mutante: 0.0174
Probabilidade herdar alelo elite: 0.7678
Número de populações independentes: 1
Número de threads: 1
Trocar os melhores indivíduos a cada 30 gerações
Número máximo de gerações: 279

Largura da faixa = 29
Melhor altura = 99

Lower Bound 1 = 92
Lower Bound 2 = 29
Avaliação = 1.07609

Tempo de execução: 5.17976s

---------------------------

Tamanho da população: 297
Fração elite: 0.55
Fração mutante: 0.0174
Probabilidade herdar alelo elite: 0.7678
Número de populações independentes: 1
Número de threads: 1
Trocar os melhores indivíduos a cada 30 gerações
Número máximo de gerações: 279

Largura da faixa = 29
Melhor altura = 101

Lower Bound 1 = 92
Lower Bound 2 = 29
Avaliação = 1.09783

Tempo de execução: 5.39196s

---------------------------

Tamanho da população: 297
Fração elite: 0.55
Fração mutante: 0.0174
Probabilidade herdar alelo elite: 0.7678
Número de populações independentes: 1
Número de threads: 1
Trocar os melhores indivíduos a cada 30 gerações
Número máximo de gerações: 279

Largura da faixa = 29
Melhor altura = 100

Lower Bound 1 = 92
Lower Bound 2 = 29
Avaliação = 1.08696

Tempo de execução: 5.92037s

---------------------------

Tamanho da população: 297
Fração elite: 0.55
Fração mutante: 0.0174
Probabilidade herdar alelo elite: 0.7678
Número de populações independentes: 1
Número de threads: 1
Trocar os melhores indivíduos a cada 30 gerações
Número máximo de gerações: 279

Largura da faixa = 29
Melhor altura = 101

Lower Bound 1 = 92
Lower Bound 2 = 29
Avaliação = 1.09783

Tempo de execução: 5.15464s

---------------------------

Tamanho da população: 297
Fração elite: 0.55
Fração mutante: 0.0174
Probabilidade herdar alelo elite: 0.7678
Número de populações independentes: 1
Número de threads: 1
Trocar os melhores indivíduos a cada 30 gerações
Número máximo de gerações: 279

Largura da faixa = 29
Melhor altura = 101

Lower Bound 1 = 92
Lower Bound 2 = 29
Avaliação = 1.09783

Tempo de execução: 5.19625s

---------------------------

Tamanho da população: 297
Fração elite: 0.55
Fração mutante: 0.0174
Probabilidade herdar alelo elite: 0.7678
Número de populações independentes: 1
Número de threads: 1
Trocar os melhores indivíduos a cada 30 gerações
Número máximo de gerações: 279

Largura da faixa = 29
Melhor altura = 101

Lower Bound 1 = 92
Lower Bound 2 = 29
Avaliação = 1.09783

Tempo de execução: 7.34801s

---------------------------

Tamanho da população: 297
Fração elite: 0.55
Fração mutante: 0.0174
Probabilidade herdar alelo elite: 0.7678
Número de populações independentes: 1
Número de threads: 1
Trocar os melhores indivíduos a cada 30 gerações
Número máximo de gerações: 279

Largura da faixa = 29
Melhor altura = 101

Lower Bound 1 = 92
Lower Bound 2 = 29
Avaliação = 1.09783

Tempo de execução: 6.78055s

---------------------------

Tamanho da população: 297
Fração elite: 0.55
Fração mutante: 0.0174
Probabilidade herdar alelo elite: 0.7678
Número de populações independentes: 1
Número de threads: 1
Trocar os melhores indivíduos a cada 30 gerações
Número máximo de gerações: 279

Largura da faixa = 29
Melhor altura = 100

Lower Bound 1 = 92
Lower Bound 2 = 29
Avaliação = 1.08696

Tempo de execução: 7.62574s

---------------------------

Tamanho da população: 297
Fração elite: 0.55
Fração mutante: 0.0174
Probabilidade herdar alelo elite: 0.7678
Número de populações independentes: 1
Número de threads: 1
Trocar os melhores indivíduos a cada 30 gerações
Número máximo de gerações: 279

Largura da faixa = 29
Melhor altura = 101

Lower Bound 1 = 92
Lower Bound 2 = 29
Avaliação = 1.09783

Tempo de execução: 7.64225s

---------------------------

Tamanho da população: 297
Fração elite: 0.55
Fração mutante: 0.0174
Probabilidade herdar alelo elite: 0.7678
Número de populações independentes: 1
Número de threads: 1
Trocar os melhores indivíduos a cada 30 gerações
Número máximo de gerações: 279

Largura da faixa = 29
Melhor altura = 101

Lower Bound 1 = 92
Lower Bound 2 = 29
Avaliação = 1.09783

Tempo de execução: 7.67101s

---------------------------

Tamanho da população: 297
Fração elite: 0.55
Fração mutante: 0.0174
Probabilidade herdar alelo elite: 0.7678
Número de populações independentes: 1
Número de threads: 1
Trocar os melhores indivíduos a cada 30 gerações
Número máximo de gerações: 279

Largura da faixa = 29
Melhor altura = 100

Lower Bound 1 = 92
Lower Bound 2 = 29
Avaliação = 1.08696

Tempo de execução: 7.74194s

---------------------------

Tamanho da população: 392
Fração elite: 0.2567
Fração mutante: 0.0202
Probabilidade herdar alelo elite: 0.6001
Número de populações independentes: 1
Número de threads: 1
Número máximo de gerações: 364

Largura da faixa = 29
Melhor altura = 100

Lower Bound 1 = 92
Lower Bound 2 = 29
Avaliação = 1.08696

Tempo de execução: 8.73209s

---------------------------

Tamanho da população: 392
Fração elite: 0.2567
Fração mutante: 0.0202
Probabilidade herdar alelo elite: 0.6001
Número de populações independentes: 1
Número de threads: 1
Número máximo de gerações: 364

Largura da faixa = 29
Melhor altura = 99

Lower Bound 1 = 92
Lower Bound 2 = 29
Avaliação = 1.07609

Tempo de execução: 9.14479s

---------------------------

Tamanho da população: 392
Fração elite: 0.2567
Fração mutante: 0.0202
Probabilidade herdar alelo elite: 0.6001
Número de populações independentes: 1
Número de threads: 1
Número máximo de gerações: 364

Largura da faixa = 29
Melhor altura = 100

Lower Bound 1 = 92
Lower Bound 2 = 29
Avaliação = 1.08696

Tempo de execução: 9.3819s

---------------------------

Tamanho da população: 392
Fração elite: 0.2567
Fração mutante: 0.0202
Probabilidade herdar alelo elite: 0.6001
Número de populações independentes: 1
Número de threads: 1
Número máximo de gerações: 364

Largura da faixa = 29
Melhor altura = 99

Lower Bound 1 = 92
Lower Bound 2 = 29
Avaliação = 1.07609

Tempo de execução: 8.61953s

---------------------------

Tamanho da população: 392
Fração elite: 0.2567
Fração mutante: 0.0202
Probabilidade herdar alelo elite: 0.6001
Número de populações independentes: 1
Número de threads: 1
Número máximo de gerações: 364

Largura da faixa = 29
Melhor altura = 100

Lower Bound 1 = 92
Lower Bound 2 = 29
Avaliação = 1.08696

Tempo de execução: 8.8758s

---------------------------

Tamanho da população: 392
Fração elite: 0.2567
Fração mutante: 0.0202
Probabilidade herdar alelo elite: 0.6001
Número de populações independentes: 1
Número de threads: 1
Número máximo de gerações: 364

Largura da faixa = 29
Melhor altura = 100

Lower Bound 1 = 92
Lower Bound 2 = 29
Avaliação = 1.08696

Tempo de execução: 9.02205s

---------------------------

Tamanho da população: 392
Fração elite: 0.2567
Fração mutante: 0.0202
Probabilidade herdar alelo elite: 0.6001
Número de populações independentes: 1
Número de threads: 1
Número máximo de gerações: 364

Largura da faixa = 29
Melhor altura = 98

Lower Bound 1 = 92
Lower Bound 2 = 29
Avaliação = 1.06522

Tempo de execução: 8.97695s

---------------------------

Tamanho da população: 392
Fração elite: 0.2567
Fração mutante: 0.0202
Probabilidade herdar alelo elite: 0.6001
Número de populações independentes: 1
Número de threads: 1
Número máximo de gerações: 364

Largura da faixa = 29
Melhor altura = 100

Lower Bound 1 = 92
Lower Bound 2 = 29
Avaliação = 1.08696

Tempo de execução: 9.05672s

---------------------------

Tamanho da população: 392
Fração elite: 0.2567
Fração mutante: 0.0202
Probabilidade herdar alelo elite: 0.6001
Número de populações independentes: 1
Número de threads: 1
Número máximo de gerações: 364

Largura da faixa = 29
Melhor altura = 100

Lower Bound 1 = 92
Lower Bound 2 = 29
Avaliação = 1.08696

Tempo de execução: 9.31958s

---------------------------

Tamanho da população: 392
Fração elite: 0.2567
Fração mutante: 0.0202
Probabilidade herdar alelo elite: 0.6001
Número de populações independentes: 1
Número de threads: 1
Número máximo de gerações: 364

Largura da faixa = 29
Melhor altura = 100

Lower Bound 1 = 92
Lower Bound 2 = 29
Avaliação = 1.08696

Tempo de execução: 8.59439s

---------------------------

Tamanho da população: 392
Fração elite: 0.2567
Fração mutante: 0.0202
Probabilidade herdar alelo elite: 0.6001
Número de populações independentes: 1
Número de threads: 1
Número máximo de gerações: 364

Largura da faixa = 29
Melhor altura = 100

Lower Bound 1 = 92
Lower Bound 2 = 29
Avaliação = 1.08696

Tempo de execução: 9.08756s

---------------------------

Tamanho da população: 392
Fração elite: 0.2567
Fração mutante: 0.0202
Probabilidade herdar alelo elite: 0.6001
Número de populações independentes: 1
Número de threads: 1
Número máximo de gerações: 364

Largura da faixa = 29
Melhor altura = 99

Lower Bound 1 = 92
Lower Bound 2 = 29
Avaliação = 1.07609

Tempo de execução: 9.34948s

---------------------------

Tamanho da população: 392
Fração elite: 0.2567
Fração mutante: 0.0202
Probabilidade herdar alelo elite: 0.6001
Número de populações independentes: 1
Número de threads: 1
Número máximo de gerações: 364

Largura da faixa = 29
Melhor altura = 100

Lower Bound 1 = 92
Lower Bound 2 = 29
Avaliação = 1.08696

Tempo de execução: 8.7047s

---------------------------

Tamanho da população: 392
Fração elite: 0.2567
Fração mutante: 0.0202
Probabilidade herdar alelo elite: 0.6001
Número de populações independentes: 1
Número de threads: 1
Número máximo de gerações: 364

Largura da faixa = 29
Melhor altura = 100

Lower Bound 1 = 92
Lower Bound 2 = 29
Avaliação = 1.08696

Tempo de execução: 8.99252s

---------------------------

Tamanho da população: 392
Fração elite: 0.2567
Fração mutante: 0.0202
Probabilidade herdar alelo elite: 0.6001
Número de populações independentes: 1
Número de threads: 1
Número máximo de gerações: 364

Largura da faixa = 29
Melhor altura = 100

Lower Bound 1 = 92
Lower Bound 2 = 29
Avaliação = 1.08696

Tempo de execução: 9.15414s

---------------------------

Tamanho da população: 392
Fração elite: 0.2567
Fração mutante: 0.0202
Probabilidade herdar alelo elite: 0.6001
Número de populações independentes: 1
Número de threads: 1
Número máximo de gerações: 364

Largura da faixa = 29
Melhor altura = 100

Lower Bound 1 = 92
Lower Bound 2 = 29
Avaliação = 1.08696

Tempo de execução: 9.02183s

---------------------------

Tamanho da população: 392
Fração elite: 0.2567
Fração mutante: 0.0202
Probabilidade herdar alelo elite: 0.6001
Número de populações independentes: 1
Número de threads: 1
Número máximo de gerações: 364

Largura da faixa = 29
Melhor altura = 99

Lower Bound 1 = 92
Lower Bound 2 = 29
Avaliação = 1.07609

Tempo de execução: 9.0658s

---------------------------

Tamanho da população: 392
Fração elite: 0.2567
Fração mutante: 0.0202
Probabilidade herdar alelo elite: 0.6001
Número de populações independentes: 1
Número de threads: 1
Número máximo de gerações: 364

Largura da faixa = 29
Melhor altura = 99

Lower Bound 1 = 92
Lower Bound 2 = 29
Avaliação = 1.07609

Tempo de execução: 9.12263s

---------------------------

Tamanho da população: 392
Fração elite: 0.2567
Fração mutante: 0.0202
Probabilidade herdar alelo elite: 0.6001
Número de populações independentes: 1
Número de threads: 1
Número máximo de gerações: 364

Largura da faixa = 29
Melhor altura = 99

Lower Bound 1 = 92
Lower Bound 2 = 29
Avaliação = 1.07609

Tempo de execução: 8.48958s

---------------------------

Tamanho da população: 392
Fração elite: 0.2567
Fração mutante: 0.0202
Probabilidade herdar alelo elite: 0.6001
Número de populações independentes: 1
Número de threads: 1
Número máximo de gerações: 364

Largura da faixa = 29
Melhor altura = 100

Lower Bound 1 = 92
Lower Bound 2 = 29
Avaliação = 1.08696

Tempo de execução: 8.69588s

---------------------------

