Tamanho da população: 475
Fração elite: 0.2121
Fração mutante: 0.0442
Probabilidade herdar alelo elite: 0.6514
Número de populações independentes: 3
Troca de informação de 4 individuos a cada 241 gerações
Número de threads: 1

Largura da faixa = 32
Melhor altura = 123

Lower Bound 1 = 114
Lower Bound 2 = 32
Avaliação = 1.07895

Tempo de execução: 60.0038s

---------------------------

Tamanho da população: 475
Fração elite: 0.2121
Fração mutante: 0.0442
Probabilidade herdar alelo elite: 0.6514
Número de populações independentes: 3
Troca de informação de 4 individuos a cada 241 gerações
Número de threads: 1

Largura da faixa = 32
Melhor altura = 123

Lower Bound 1 = 114
Lower Bound 2 = 32
Avaliação = 1.07895

Tempo de execução: 60.0562s

---------------------------

Tamanho da população: 475
Fração elite: 0.2121
Fração mutante: 0.0442
Probabilidade herdar alelo elite: 0.6514
Número de populações independentes: 3
Troca de informação de 4 individuos a cada 241 gerações
Número de threads: 1

Largura da faixa = 32
Melhor altura = 125

Lower Bound 1 = 114
Lower Bound 2 = 32
Avaliação = 1.09649

Tempo de execução: 60.0771s

---------------------------

Tamanho da população: 475
Fração elite: 0.2121
Fração mutante: 0.0442
Probabilidade herdar alelo elite: 0.6514
Número de populações independentes: 3
Troca de informação de 4 individuos a cada 241 gerações
Número de threads: 1

Largura da faixa = 32
Melhor altura = 125

Lower Bound 1 = 114
Lower Bound 2 = 32
Avaliação = 1.09649

Tempo de execução: 60.0316s

---------------------------

Tamanho da população: 475
Fração elite: 0.2121
Fração mutante: 0.0442
Probabilidade herdar alelo elite: 0.6514
Número de populações independentes: 3
Troca de informação de 4 individuos a cada 241 gerações
Número de threads: 1

Largura da faixa = 32
Melhor altura = 123

Lower Bound 1 = 114
Lower Bound 2 = 32
Avaliação = 1.07895

Tempo de execução: 60.0648s

---------------------------

Tamanho da população: 475
Fração elite: 0.2121
Fração mutante: 0.0442
Probabilidade herdar alelo elite: 0.6514
Número de populações independentes: 3
Troca de informação de 4 individuos a cada 241 gerações
Número de threads: 1

Largura da faixa = 32
Melhor altura = 125

Lower Bound 1 = 114
Lower Bound 2 = 32
Avaliação = 1.09649

Tempo de execução: 60.0719s

---------------------------

Tamanho da população: 475
Fração elite: 0.2121
Fração mutante: 0.0442
Probabilidade herdar alelo elite: 0.6514
Número de populações independentes: 3
Troca de informação de 4 individuos a cada 241 gerações
Número de threads: 1

Largura da faixa = 32
Melhor altura = 123

Lower Bound 1 = 114
Lower Bound 2 = 32
Avaliação = 1.07895

Tempo de execução: 60.0282s

---------------------------

Tamanho da população: 475
Fração elite: 0.2121
Fração mutante: 0.0442
Probabilidade herdar alelo elite: 0.6514
Número de populações independentes: 3
Troca de informação de 4 individuos a cada 241 gerações
Número de threads: 1

Largura da faixa = 32
Melhor altura = 124

Lower Bound 1 = 114
Lower Bound 2 = 32
Avaliação = 1.08772

Tempo de execução: 60.0571s

---------------------------

Tamanho da população: 475
Fração elite: 0.2121
Fração mutante: 0.0442
Probabilidade herdar alelo elite: 0.6514
Número de populações independentes: 3
Troca de informação de 4 individuos a cada 241 gerações
Número de threads: 1

Largura da faixa = 32
Melhor altura = 124

Lower Bound 1 = 114
Lower Bound 2 = 32
Avaliação = 1.08772

Tempo de execução: 60.0619s

---------------------------

Tamanho da população: 475
Fração elite: 0.2121
Fração mutante: 0.0442
Probabilidade herdar alelo elite: 0.6514
Número de populações independentes: 3
Troca de informação de 4 individuos a cada 241 gerações
Número de threads: 1

Largura da faixa = 32
Melhor altura = 124

Lower Bound 1 = 114
Lower Bound 2 = 32
Avaliação = 1.08772

Tempo de execução: 60.0064s

---------------------------

Tamanho da população: 475
Fração elite: 0.2121
Fração mutante: 0.0442
Probabilidade herdar alelo elite: 0.6514
Número de populações independentes: 3
Troca de informação de 4 individuos a cada 241 gerações
Número de threads: 1

Largura da faixa = 32
Melhor altura = 123

Lower Bound 1 = 114
Lower Bound 2 = 32
Avaliação = 1.07895

Tempo de execução: 60.0075s

---------------------------

Tamanho da população: 475
Fração elite: 0.2121
Fração mutante: 0.0442
Probabilidade herdar alelo elite: 0.6514
Número de populações independentes: 3
Troca de informação de 4 individuos a cada 241 gerações
Número de threads: 1

Largura da faixa = 32
Melhor altura = 124

Lower Bound 1 = 114
Lower Bound 2 = 32
Avaliação = 1.08772

Tempo de execução: 60.0239s

---------------------------

Tamanho da população: 475
Fração elite: 0.2121
Fração mutante: 0.0442
Probabilidade herdar alelo elite: 0.6514
Número de populações independentes: 3
Troca de informação de 4 individuos a cada 241 gerações
Número de threads: 1

Largura da faixa = 32
Melhor altura = 124

Lower Bound 1 = 114
Lower Bound 2 = 32
Avaliação = 1.08772

Tempo de execução: 60.0254s

---------------------------

Tamanho da população: 475
Fração elite: 0.2121
Fração mutante: 0.0442
Probabilidade herdar alelo elite: 0.6514
Número de populações independentes: 3
Troca de informação de 4 individuos a cada 241 gerações
Número de threads: 1

Largura da faixa = 32
Melhor altura = 124

Lower Bound 1 = 114
Lower Bound 2 = 32
Avaliação = 1.08772

Tempo de execução: 60.0545s

---------------------------

Tamanho da população: 475
Fração elite: 0.2121
Fração mutante: 0.0442
Probabilidade herdar alelo elite: 0.6514
Número de populações independentes: 3
Troca de informação de 4 individuos a cada 241 gerações
Número de threads: 1

Largura da faixa = 32
Melhor altura = 123

Lower Bound 1 = 114
Lower Bound 2 = 32
Avaliação = 1.07895

Tempo de execução: 60.0612s

---------------------------

Tamanho da população: 475
Fração elite: 0.2121
Fração mutante: 0.0442
Probabilidade herdar alelo elite: 0.6514
Número de populações independentes: 3
Troca de informação de 4 individuos a cada 241 gerações
Número de threads: 1

Largura da faixa = 32
Melhor altura = 125

Lower Bound 1 = 114
Lower Bound 2 = 32
Avaliação = 1.09649

Tempo de execução: 60.0029s

---------------------------

Tamanho da população: 475
Fração elite: 0.2121
Fração mutante: 0.0442
Probabilidade herdar alelo elite: 0.6514
Número de populações independentes: 3
Troca de informação de 4 individuos a cada 241 gerações
Número de threads: 1

Largura da faixa = 32
Melhor altura = 125

Lower Bound 1 = 114
Lower Bound 2 = 32
Avaliação = 1.09649

Tempo de execução: 60.0078s

---------------------------

Tamanho da população: 475
Fração elite: 0.2121
Fração mutante: 0.0442
Probabilidade herdar alelo elite: 0.6514
Número de populações independentes: 3
Troca de informação de 4 individuos a cada 241 gerações
Número de threads: 1

Largura da faixa = 32
Melhor altura = 124

Lower Bound 1 = 114
Lower Bound 2 = 32
Avaliação = 1.08772

Tempo de execução: 60.054s

---------------------------

Tamanho da população: 475
Fração elite: 0.2121
Fração mutante: 0.0442
Probabilidade herdar alelo elite: 0.6514
Número de populações independentes: 3
Troca de informação de 4 individuos a cada 241 gerações
Número de threads: 1

Largura da faixa = 32
Melhor altura = 124

Lower Bound 1 = 114
Lower Bound 2 = 32
Avaliação = 1.08772

Tempo de execução: 60.0226s

---------------------------

Tamanho da população: 475
Fração elite: 0.2121
Fração mutante: 0.0442
Probabilidade herdar alelo elite: 0.6514
Número de populações independentes: 3
Troca de informação de 4 individuos a cada 241 gerações
Número de threads: 1

Largura da faixa = 32
Melhor altura = 125

Lower Bound 1 = 114
Lower Bound 2 = 32
Avaliação = 1.09649

Tempo de execução: 60.0337s
