Tamanho da população: 297
Fração elite: 0.55
Fração mutante: 0.0174
Probabilidade herdar alelo elite: 0.7678
Número de populações independentes: 1
Número de threads: 1
Trocar os melhores indivíduos a cada 30 gerações
Número máximo de gerações: 279

Largura da faixa = 36
Melhor altura = 408

Lower Bound 1 = 355
Lower Bound 2 = 36
Avaliação = 1.1493

Tempo de execução: 20.8921s

---------------------------

Tamanho da população: 297
Fração elite: 0.55
Fração mutante: 0.0174
Probabilidade herdar alelo elite: 0.7678
Número de populações independentes: 1
Número de threads: 1
Trocar os melhores indivíduos a cada 30 gerações
Número máximo de gerações: 279

Largura da faixa = 36
Melhor altura = 409

Lower Bound 1 = 355
Lower Bound 2 = 36
Avaliação = 1.15211

Tempo de execução: 24.5202s

---------------------------

Tamanho da população: 297
Fração elite: 0.55
Fração mutante: 0.0174
Probabilidade herdar alelo elite: 0.7678
Número de populações independentes: 1
Número de threads: 1
Trocar os melhores indivíduos a cada 30 gerações
Número máximo de gerações: 279

Largura da faixa = 36
Melhor altura = 400

Lower Bound 1 = 355
Lower Bound 2 = 36
Avaliação = 1.12676

Tempo de execução: 26.4088s

---------------------------

Tamanho da população: 297
Fração elite: 0.55
Fração mutante: 0.0174
Probabilidade herdar alelo elite: 0.7678
Número de populações independentes: 1
Número de threads: 1
Trocar os melhores indivíduos a cada 30 gerações
Número máximo de gerações: 279

Largura da faixa = 36
Melhor altura = 400

Lower Bound 1 = 355
Lower Bound 2 = 36
Avaliação = 1.12676

Tempo de execução: 20.5624s

---------------------------

Tamanho da população: 297
Fração elite: 0.55
Fração mutante: 0.0174
Probabilidade herdar alelo elite: 0.7678
Número de populações independentes: 1
Número de threads: 1
Trocar os melhores indivíduos a cada 30 gerações
Número máximo de gerações: 279

Largura da faixa = 36
Melhor altura = 408

Lower Bound 1 = 355
Lower Bound 2 = 36
Avaliação = 1.1493

Tempo de execução: 24.6549s

---------------------------

Tamanho da população: 297
Fração elite: 0.55
Fração mutante: 0.0174
Probabilidade herdar alelo elite: 0.7678
Número de populações independentes: 1
Número de threads: 1
Trocar os melhores indivíduos a cada 30 gerações
Número máximo de gerações: 279

Largura da faixa = 36
Melhor altura = 402

Lower Bound 1 = 355
Lower Bound 2 = 36
Avaliação = 1.13239

Tempo de execução: 25.1469s

---------------------------

Tamanho da população: 297
Fração elite: 0.55
Fração mutante: 0.0174
Probabilidade herdar alelo elite: 0.7678
Número de populações independentes: 1
Número de threads: 1
Trocar os melhores indivíduos a cada 30 gerações
Número máximo de gerações: 279

Largura da faixa = 36
Melhor altura = 402

Lower Bound 1 = 355
Lower Bound 2 = 36
Avaliação = 1.13239

Tempo de execução: 22.9392s

---------------------------

Tamanho da população: 297
Fração elite: 0.55
Fração mutante: 0.0174
Probabilidade herdar alelo elite: 0.7678
Número de populações independentes: 1
Número de threads: 1
Trocar os melhores indivíduos a cada 30 gerações
Número máximo de gerações: 279

Largura da faixa = 36
Melhor altura = 400

Lower Bound 1 = 355
Lower Bound 2 = 36
Avaliação = 1.12676

Tempo de execução: 26.4007s

---------------------------

Tamanho da população: 297
Fração elite: 0.55
Fração mutante: 0.0174
Probabilidade herdar alelo elite: 0.7678
Número de populações independentes: 1
Número de threads: 1
Trocar os melhores indivíduos a cada 30 gerações
Número máximo de gerações: 279

Largura da faixa = 36
Melhor altura = 400

Lower Bound 1 = 355
Lower Bound 2 = 36
Avaliação = 1.12676

Tempo de execução: 27.9682s

---------------------------

Tamanho da população: 297
Fração elite: 0.55
Fração mutante: 0.0174
Probabilidade herdar alelo elite: 0.7678
Número de populações independentes: 1
Número de threads: 1
Trocar os melhores indivíduos a cada 30 gerações
Número máximo de gerações: 279

Largura da faixa = 36
Melhor altura = 405

Lower Bound 1 = 355
Lower Bound 2 = 36
Avaliação = 1.14085

Tempo de execução: 20.737s

---------------------------

Tamanho da população: 297
Fração elite: 0.55
Fração mutante: 0.0174
Probabilidade herdar alelo elite: 0.7678
Número de populações independentes: 1
Número de threads: 1
Trocar os melhores indivíduos a cada 30 gerações
Número máximo de gerações: 279

Largura da faixa = 36
Melhor altura = 395

Lower Bound 1 = 355
Lower Bound 2 = 36
Avaliação = 1.11268

Tempo de execução: 22.9334s

---------------------------

Tamanho da população: 297
Fração elite: 0.55
Fração mutante: 0.0174
Probabilidade herdar alelo elite: 0.7678
Número de populações independentes: 1
Número de threads: 1
Trocar os melhores indivíduos a cada 30 gerações
Número máximo de gerações: 279

Largura da faixa = 36
Melhor altura = 404

Lower Bound 1 = 355
Lower Bound 2 = 36
Avaliação = 1.13803

Tempo de execução: 22.9943s

---------------------------

Tamanho da população: 297
Fração elite: 0.55
Fração mutante: 0.0174
Probabilidade herdar alelo elite: 0.7678
Número de populações independentes: 1
Número de threads: 1
Trocar os melhores indivíduos a cada 30 gerações
Número máximo de gerações: 279

Largura da faixa = 36
Melhor altura = 410

Lower Bound 1 = 355
Lower Bound 2 = 36
Avaliação = 1.15493

Tempo de execução: 17.7167s

---------------------------

Tamanho da população: 297
Fração elite: 0.55
Fração mutante: 0.0174
Probabilidade herdar alelo elite: 0.7678
Número de populações independentes: 1
Número de threads: 1
Trocar os melhores indivíduos a cada 30 gerações
Número máximo de gerações: 279

Largura da faixa = 36
Melhor altura = 401

Lower Bound 1 = 355
Lower Bound 2 = 36
Avaliação = 1.12958

Tempo de execução: 22.3948s

---------------------------

Tamanho da população: 297
Fração elite: 0.55
Fração mutante: 0.0174
Probabilidade herdar alelo elite: 0.7678
Número de populações independentes: 1
Número de threads: 1
Trocar os melhores indivíduos a cada 30 gerações
Número máximo de gerações: 279

Largura da faixa = 36
Melhor altura = 401

Lower Bound 1 = 355
Lower Bound 2 = 36
Avaliação = 1.12958

Tempo de execução: 26.3217s

---------------------------

Tamanho da população: 297
Fração elite: 0.55
Fração mutante: 0.0174
Probabilidade herdar alelo elite: 0.7678
Número de populações independentes: 1
Número de threads: 1
Trocar os melhores indivíduos a cada 30 gerações
Número máximo de gerações: 279

Largura da faixa = 36
Melhor altura = 409

Lower Bound 1 = 355
Lower Bound 2 = 36
Avaliação = 1.15211

Tempo de execução: 20.541s

---------------------------

Tamanho da população: 297
Fração elite: 0.55
Fração mutante: 0.0174
Probabilidade herdar alelo elite: 0.7678
Número de populações independentes: 1
Número de threads: 1
Trocar os melhores indivíduos a cada 30 gerações
Número máximo de gerações: 279

Largura da faixa = 36
Melhor altura = 404

Lower Bound 1 = 355
Lower Bound 2 = 36
Avaliação = 1.13803

Tempo de execução: 21.85s

---------------------------

Tamanho da população: 297
Fração elite: 0.55
Fração mutante: 0.0174
Probabilidade herdar alelo elite: 0.7678
Número de populações independentes: 1
Número de threads: 1
Trocar os melhores indivíduos a cada 30 gerações
Número máximo de gerações: 279

Largura da faixa = 36
Melhor altura = 409

Lower Bound 1 = 355
Lower Bound 2 = 36
Avaliação = 1.15211

Tempo de execução: 25.0037s

---------------------------

Tamanho da população: 297
Fração elite: 0.55
Fração mutante: 0.0174
Probabilidade herdar alelo elite: 0.7678
Número de populações independentes: 1
Número de threads: 1
Trocar os melhores indivíduos a cada 30 gerações
Número máximo de gerações: 279

Largura da faixa = 36
Melhor altura = 402

Lower Bound 1 = 355
Lower Bound 2 = 36
Avaliação = 1.13239

Tempo de execução: 19.7065s

---------------------------

Tamanho da população: 297
Fração elite: 0.55
Fração mutante: 0.0174
Probabilidade herdar alelo elite: 0.7678
Número de populações independentes: 1
Número de threads: 1
Trocar os melhores indivíduos a cada 30 gerações
Número máximo de gerações: 279

Largura da faixa = 36
Melhor altura = 406

Lower Bound 1 = 355
Lower Bound 2 = 36
Avaliação = 1.14366

Tempo de execução: 26.336s

---------------------------

Tamanho da população: 392
Fração elite: 0.2567
Fração mutante: 0.0202
Probabilidade herdar alelo elite: 0.6001
Número de populações independentes: 1
Número de threads: 1
Número máximo de gerações: 364

Largura da faixa = 36
Melhor altura = 392

Lower Bound 1 = 355
Lower Bound 2 = 36
Avaliação = 1.10423

Tempo de execução: 31.6575s

---------------------------

Tamanho da população: 392
Fração elite: 0.2567
Fração mutante: 0.0202
Probabilidade herdar alelo elite: 0.6001
Número de populações independentes: 1
Número de threads: 1
Número máximo de gerações: 364

Largura da faixa = 36
Melhor altura = 396

Lower Bound 1 = 355
Lower Bound 2 = 36
Avaliação = 1.11549

Tempo de execução: 32.3289s

---------------------------

Tamanho da população: 392
Fração elite: 0.2567
Fração mutante: 0.0202
Probabilidade herdar alelo elite: 0.6001
Número de populações independentes: 1
Número de threads: 1
Número máximo de gerações: 364

Largura da faixa = 36
Melhor altura = 400

Lower Bound 1 = 355
Lower Bound 2 = 36
Avaliação = 1.12676

Tempo de execução: 32.7008s

---------------------------

Tamanho da população: 392
Fração elite: 0.2567
Fração mutante: 0.0202
Probabilidade herdar alelo elite: 0.6001
Número de populações independentes: 1
Número de threads: 1
Número máximo de gerações: 364

Largura da faixa = 36
Melhor altura = 405

Lower Bound 1 = 355
Lower Bound 2 = 36
Avaliação = 1.14085

Tempo de execução: 32.1951s

---------------------------

Tamanho da população: 392
Fração elite: 0.2567
Fração mutante: 0.0202
Probabilidade herdar alelo elite: 0.6001
Número de populações independentes: 1
Número de threads: 1
Número máximo de gerações: 364

Largura da faixa = 36
Melhor altura = 403

Lower Bound 1 = 355
Lower Bound 2 = 36
Avaliação = 1.13521

Tempo de execução: 32.7506s

---------------------------

Tamanho da população: 392
Fração elite: 0.2567
Fração mutante: 0.0202
Probabilidade herdar alelo elite: 0.6001
Número de populações independentes: 1
Número de threads: 1
Número máximo de gerações: 364

Largura da faixa = 36
Melhor altura = 404

Lower Bound 1 = 355
Lower Bound 2 = 36
Avaliação = 1.13803

Tempo de execução: 34.0747s

---------------------------

Tamanho da população: 392
Fração elite: 0.2567
Fração mutante: 0.0202
Probabilidade herdar alelo elite: 0.6001
Número de populações independentes: 1
Número de threads: 1
Número máximo de gerações: 364

Largura da faixa = 36
Melhor altura = 402

Lower Bound 1 = 355
Lower Bound 2 = 36
Avaliação = 1.13239

Tempo de execução: 31.1197s

---------------------------

Tamanho da população: 392
Fração elite: 0.2567
Fração mutante: 0.0202
Probabilidade herdar alelo elite: 0.6001
Número de populações independentes: 1
Número de threads: 1
Número máximo de gerações: 364

Largura da faixa = 36
Melhor altura = 402

Lower Bound 1 = 355
Lower Bound 2 = 36
Avaliação = 1.13239

Tempo de execução: 32.3972s

---------------------------

Tamanho da população: 392
Fração elite: 0.2567
Fração mutante: 0.0202
Probabilidade herdar alelo elite: 0.6001
Número de populações independentes: 1
Número de threads: 1
Número máximo de gerações: 364

Largura da faixa = 36
Melhor altura = 400

Lower Bound 1 = 355
Lower Bound 2 = 36
Avaliação = 1.12676

Tempo de execução: 33.0886s

---------------------------

Tamanho da população: 392
Fração elite: 0.2567
Fração mutante: 0.0202
Probabilidade herdar alelo elite: 0.6001
Número de populações independentes: 1
Número de threads: 1
Número máximo de gerações: 364

Largura da faixa = 36
Melhor altura = 405

Lower Bound 1 = 355
Lower Bound 2 = 36
Avaliação = 1.14085

Tempo de execução: 32.3194s

---------------------------

Tamanho da população: 392
Fração elite: 0.2567
Fração mutante: 0.0202
Probabilidade herdar alelo elite: 0.6001
Número de populações independentes: 1
Número de threads: 1
Número máximo de gerações: 364

Largura da faixa = 36
Melhor altura = 401

Lower Bound 1 = 355
Lower Bound 2 = 36
Avaliação = 1.12958

Tempo de execução: 33.0959s

---------------------------

Tamanho da população: 392
Fração elite: 0.2567
Fração mutante: 0.0202
Probabilidade herdar alelo elite: 0.6001
Número de populações independentes: 1
Número de threads: 1
Número máximo de gerações: 364

Largura da faixa = 36
Melhor altura = 402

Lower Bound 1 = 355
Lower Bound 2 = 36
Avaliação = 1.13239

Tempo de execução: 33.1577s

---------------------------

Tamanho da população: 392
Fração elite: 0.2567
Fração mutante: 0.0202
Probabilidade herdar alelo elite: 0.6001
Número de populações independentes: 1
Número de threads: 1
Número máximo de gerações: 364

Largura da faixa = 36
Melhor altura = 399

Lower Bound 1 = 355
Lower Bound 2 = 36
Avaliação = 1.12394

Tempo de execução: 32.742s

---------------------------

Tamanho da população: 392
Fração elite: 0.2567
Fração mutante: 0.0202
Probabilidade herdar alelo elite: 0.6001
Número de populações independentes: 1
Número de threads: 1
Número máximo de gerações: 364

Largura da faixa = 36
Melhor altura = 408

Lower Bound 1 = 355
Lower Bound 2 = 36
Avaliação = 1.1493

Tempo de execução: 32.8745s

---------------------------

Tamanho da população: 392
Fração elite: 0.2567
Fração mutante: 0.0202
Probabilidade herdar alelo elite: 0.6001
Número de populações independentes: 1
Número de threads: 1
Número máximo de gerações: 364

Largura da faixa = 36
Melhor altura = 402

Lower Bound 1 = 355
Lower Bound 2 = 36
Avaliação = 1.13239

Tempo de execução: 33.3321s

---------------------------

Tamanho da população: 392
Fração elite: 0.2567
Fração mutante: 0.0202
Probabilidade herdar alelo elite: 0.6001
Número de populações independentes: 1
Número de threads: 1
Número máximo de gerações: 364

Largura da faixa = 36
Melhor altura = 404

Lower Bound 1 = 355
Lower Bound 2 = 36
Avaliação = 1.13803

Tempo de execução: 31.8697s

---------------------------

Tamanho da população: 392
Fração elite: 0.2567
Fração mutante: 0.0202
Probabilidade herdar alelo elite: 0.6001
Número de populações independentes: 1
Número de threads: 1
Número máximo de gerações: 364

Largura da faixa = 36
Melhor altura = 406

Lower Bound 1 = 355
Lower Bound 2 = 36
Avaliação = 1.14366

Tempo de execução: 32.4221s

---------------------------

Tamanho da população: 392
Fração elite: 0.2567
Fração mutante: 0.0202
Probabilidade herdar alelo elite: 0.6001
Número de populações independentes: 1
Número de threads: 1
Número máximo de gerações: 364

Largura da faixa = 36
Melhor altura = 395

Lower Bound 1 = 355
Lower Bound 2 = 36
Avaliação = 1.11268

Tempo de execução: 32.6721s

---------------------------

Tamanho da população: 392
Fração elite: 0.2567
Fração mutante: 0.0202
Probabilidade herdar alelo elite: 0.6001
Número de populações independentes: 1
Número de threads: 1
Número máximo de gerações: 364

Largura da faixa = 36
Melhor altura = 399

Lower Bound 1 = 355
Lower Bound 2 = 36
Avaliação = 1.12394

Tempo de execução: 31.7991s

---------------------------

Tamanho da população: 392
Fração elite: 0.2567
Fração mutante: 0.0202
Probabilidade herdar alelo elite: 0.6001
Número de populações independentes: 1
Número de threads: 1
Número máximo de gerações: 364

Largura da faixa = 36
Melhor altura = 399

Lower Bound 1 = 355
Lower Bound 2 = 36
Avaliação = 1.12394

Tempo de execução: 33.5993s

---------------------------

