Tamanho da população: 475
Fração elite: 0.2121
Fração mutante: 0.0442
Probabilidade herdar alelo elite: 0.6514
Número de populações independentes: 3
Troca de informação de 4 individuos a cada 241 gerações
Número de threads: 1

Largura da faixa = 34
Melhor altura = 89

Lower Bound 1 = 81
Lower Bound 2 = 34
Avaliação = 1.09877

Tempo de execução: 60.0025s

---------------------------

Tamanho da população: 475
Fração elite: 0.2121
Fração mutante: 0.0442
Probabilidade herdar alelo elite: 0.6514
Número de populações independentes: 3
Troca de informação de 4 individuos a cada 241 gerações
Número de threads: 1

Largura da faixa = 34
Melhor altura = 88

Lower Bound 1 = 81
Lower Bound 2 = 34
Avaliação = 1.08642

Tempo de execução: 60.0148s

---------------------------

Tamanho da população: 475
Fração elite: 0.2121
Fração mutante: 0.0442
Probabilidade herdar alelo elite: 0.6514
Número de populações independentes: 3
Troca de informação de 4 individuos a cada 241 gerações
Número de threads: 1

Largura da faixa = 34
Melhor altura = 88

Lower Bound 1 = 81
Lower Bound 2 = 34
Avaliação = 1.08642

Tempo de execução: 60.0284s

---------------------------

Tamanho da população: 475
Fração elite: 0.2121
Fração mutante: 0.0442
Probabilidade herdar alelo elite: 0.6514
Número de populações independentes: 3
Troca de informação de 4 individuos a cada 241 gerações
Número de threads: 1

Largura da faixa = 34
Melhor altura = 88

Lower Bound 1 = 81
Lower Bound 2 = 34
Avaliação = 1.08642

Tempo de execução: 60.0023s

---------------------------

Tamanho da população: 475
Fração elite: 0.2121
Fração mutante: 0.0442
Probabilidade herdar alelo elite: 0.6514
Número de populações independentes: 3
Troca de informação de 4 individuos a cada 241 gerações
Número de threads: 1

Largura da faixa = 34
Melhor altura = 89

Lower Bound 1 = 81
Lower Bound 2 = 34
Avaliação = 1.09877

Tempo de execução: 60.0163s

---------------------------

Tamanho da população: 475
Fração elite: 0.2121
Fração mutante: 0.0442
Probabilidade herdar alelo elite: 0.6514
Número de populações independentes: 3
Troca de informação de 4 individuos a cada 241 gerações
Número de threads: 1

Largura da faixa = 34
Melhor altura = 90

Lower Bound 1 = 81
Lower Bound 2 = 34
Avaliação = 1.11111

Tempo de execução: 60.0304s

---------------------------

Tamanho da população: 475
Fração elite: 0.2121
Fração mutante: 0.0442
Probabilidade herdar alelo elite: 0.6514
Número de populações independentes: 3
Troca de informação de 4 individuos a cada 241 gerações
Número de threads: 1

Largura da faixa = 34
Melhor altura = 88

Lower Bound 1 = 81
Lower Bound 2 = 34
Avaliação = 1.08642

Tempo de execução: 60.0057s

---------------------------

Tamanho da população: 475
Fração elite: 0.2121
Fração mutante: 0.0442
Probabilidade herdar alelo elite: 0.6514
Número de populações independentes: 3
Troca de informação de 4 individuos a cada 241 gerações
Número de threads: 1

Largura da faixa = 34
Melhor altura = 88

Lower Bound 1 = 81
Lower Bound 2 = 34
Avaliação = 1.08642

Tempo de execução: 60.0123s

---------------------------

Tamanho da população: 475
Fração elite: 0.2121
Fração mutante: 0.0442
Probabilidade herdar alelo elite: 0.6514
Número de populações independentes: 3
Troca de informação de 4 individuos a cada 241 gerações
Número de threads: 1

Largura da faixa = 34
Melhor altura = 89

Lower Bound 1 = 81
Lower Bound 2 = 34
Avaliação = 1.09877

Tempo de execução: 60.0149s

---------------------------

Tamanho da população: 475
Fração elite: 0.2121
Fração mutante: 0.0442
Probabilidade herdar alelo elite: 0.6514
Número de populações independentes: 3
Troca de informação de 4 individuos a cada 241 gerações
Número de threads: 1

Largura da faixa = 34
Melhor altura = 89

Lower Bound 1 = 81
Lower Bound 2 = 34
Avaliação = 1.09877

Tempo de execução: 60.0051s

---------------------------

Tamanho da população: 475
Fração elite: 0.2121
Fração mutante: 0.0442
Probabilidade herdar alelo elite: 0.6514
Número de populações independentes: 3
Troca de informação de 4 individuos a cada 241 gerações
Número de threads: 1

Largura da faixa = 34
Melhor altura = 89

Lower Bound 1 = 81
Lower Bound 2 = 34
Avaliação = 1.09877

Tempo de execução: 60.0091s

---------------------------

Tamanho da população: 475
Fração elite: 0.2121
Fração mutante: 0.0442
Probabilidade herdar alelo elite: 0.6514
Número de populações independentes: 3
Troca de informação de 4 individuos a cada 241 gerações
Número de threads: 1

Largura da faixa = 34
Melhor altura = 89

Lower Bound 1 = 81
Lower Bound 2 = 34
Avaliação = 1.09877

Tempo de execução: 60.0133s

---------------------------

Tamanho da população: 475
Fração elite: 0.2121
Fração mutante: 0.0442
Probabilidade herdar alelo elite: 0.6514
Número de populações independentes: 3
Troca de informação de 4 individuos a cada 241 gerações
Número de threads: 1

Largura da faixa = 34
Melhor altura = 89

Lower Bound 1 = 81
Lower Bound 2 = 34
Avaliação = 1.09877

Tempo de execução: 60.0026s

---------------------------

Tamanho da população: 475
Fração elite: 0.2121
Fração mutante: 0.0442
Probabilidade herdar alelo elite: 0.6514
Número de populações independentes: 3
Troca de informação de 4 individuos a cada 241 gerações
Número de threads: 1

Largura da faixa = 34
Melhor altura = 88

Lower Bound 1 = 81
Lower Bound 2 = 34
Avaliação = 1.08642

Tempo de execução: 60.0031s

---------------------------

Tamanho da população: 475
Fração elite: 0.2121
Fração mutante: 0.0442
Probabilidade herdar alelo elite: 0.6514
Número de populações independentes: 3
Troca de informação de 4 individuos a cada 241 gerações
Número de threads: 1

Largura da faixa = 34
Melhor altura = 88

Lower Bound 1 = 81
Lower Bound 2 = 34
Avaliação = 1.08642

Tempo de execução: 60.0147s

---------------------------

Tamanho da população: 475
Fração elite: 0.2121
Fração mutante: 0.0442
Probabilidade herdar alelo elite: 0.6514
Número de populações independentes: 3
Troca de informação de 4 individuos a cada 241 gerações
Número de threads: 1

Largura da faixa = 34
Melhor altura = 88

Lower Bound 1 = 81
Lower Bound 2 = 34
Avaliação = 1.08642

Tempo de execução: 60.0231s

---------------------------

Tamanho da população: 475
Fração elite: 0.2121
Fração mutante: 0.0442
Probabilidade herdar alelo elite: 0.6514
Número de populações independentes: 3
Troca de informação de 4 individuos a cada 241 gerações
Número de threads: 1

Largura da faixa = 34
Melhor altura = 88

Lower Bound 1 = 81
Lower Bound 2 = 34
Avaliação = 1.08642

Tempo de execução: 60.0287s

---------------------------

Tamanho da população: 475
Fração elite: 0.2121
Fração mutante: 0.0442
Probabilidade herdar alelo elite: 0.6514
Número de populações independentes: 3
Troca de informação de 4 individuos a cada 241 gerações
Número de threads: 1

Largura da faixa = 34
Melhor altura = 87

Lower Bound 1 = 81
Lower Bound 2 = 34
Avaliação = 1.07407

Tempo de execução: 60.0377s

---------------------------

Tamanho da população: 475
Fração elite: 0.2121
Fração mutante: 0.0442
Probabilidade herdar alelo elite: 0.6514
Número de populações independentes: 3
Troca de informação de 4 individuos a cada 241 gerações
Número de threads: 1

Largura da faixa = 34
Melhor altura = 88

Lower Bound 1 = 81
Lower Bound 2 = 34
Avaliação = 1.08642

Tempo de execução: 60.0012s

---------------------------

Tamanho da população: 475
Fração elite: 0.2121
Fração mutante: 0.0442
Probabilidade herdar alelo elite: 0.6514
Número de populações independentes: 3
Troca de informação de 4 individuos a cada 241 gerações
Número de threads: 1

Largura da faixa = 34
Melhor altura = 88

Lower Bound 1 = 81
Lower Bound 2 = 34
Avaliação = 1.08642

Tempo de execução: 60.0167s
