Número de cromossomos: 198
Tamanho da população: 1000
Fração elite: 0.3
Fração mutante: 0.4
Probabilidade herdar alelo elite: 0.8
Número de populações independentes: 3
Número de threads: 2
Melhor até agora: 612 Geração: 0
Melhor até agora: 611 Geração: 3
Melhor até agora: 610 Geração: 5
Melhor até agora: 608 Geração: 6
Melhor até agora: 604 Geração: 8
Melhor até agora: 603 Geração: 18
Melhor até agora: 601 Geração: 25
Melhor até agora: 597 Geração: 26
Melhor até agora: 594 Geração: 31
Melhor até agora: 593 Geração: 48
Melhor até agora: 587 Geração: 56
Melhor até agora: 586 Geração: 57
Melhor até agora: 584 Geração: 77
Melhor até agora: 580 Geração: 85
Largura da faixa = 31
Melhor altura = 580

Lower Bound 1 = 360
Lower Bound 2 = 31
Avaliação = 1.61111
Tempo de execução: 60099ms

---------------------------

