Tamanho da população: 475
Fração elite: 0.2121
Fração mutante: 0.0442
Probabilidade herdar alelo elite: 0.6514
Número de populações independentes: 3
Troca de informação de 4 individuos a cada 241 gerações
Número de threads: 1

Largura da faixa = 23
Melhor altura = 102

Lower Bound 1 = 97
Lower Bound 2 = 23
Avaliação = 1.05155

Tempo de execução: 60.0062s

---------------------------

Tamanho da população: 475
Fração elite: 0.2121
Fração mutante: 0.0442
Probabilidade herdar alelo elite: 0.6514
Número de populações independentes: 3
Troca de informação de 4 individuos a cada 241 gerações
Número de threads: 1

Largura da faixa = 23
Melhor altura = 101

Lower Bound 1 = 97
Lower Bound 2 = 23
Avaliação = 1.04124

Tempo de execução: 60.0534s

---------------------------

Tamanho da população: 475
Fração elite: 0.2121
Fração mutante: 0.0442
Probabilidade herdar alelo elite: 0.6514
Número de populações independentes: 3
Troca de informação de 4 individuos a cada 241 gerações
Número de threads: 1

Largura da faixa = 23
Melhor altura = 101

Lower Bound 1 = 97
Lower Bound 2 = 23
Avaliação = 1.04124

Tempo de execução: 60.0657s

---------------------------

Tamanho da população: 475
Fração elite: 0.2121
Fração mutante: 0.0442
Probabilidade herdar alelo elite: 0.6514
Número de populações independentes: 3
Troca de informação de 4 individuos a cada 241 gerações
Número de threads: 1

Largura da faixa = 23
Melhor altura = 101

Lower Bound 1 = 97
Lower Bound 2 = 23
Avaliação = 1.04124

Tempo de execução: 60.0008s

---------------------------

Tamanho da população: 475
Fração elite: 0.2121
Fração mutante: 0.0442
Probabilidade herdar alelo elite: 0.6514
Número de populações independentes: 3
Troca de informação de 4 individuos a cada 241 gerações
Número de threads: 1

Largura da faixa = 23
Melhor altura = 102

Lower Bound 1 = 97
Lower Bound 2 = 23
Avaliação = 1.05155

Tempo de execução: 60.0525s

---------------------------

Tamanho da população: 475
Fração elite: 0.2121
Fração mutante: 0.0442
Probabilidade herdar alelo elite: 0.6514
Número de populações independentes: 3
Troca de informação de 4 individuos a cada 241 gerações
Número de threads: 1

Largura da faixa = 23
Melhor altura = 102

Lower Bound 1 = 97
Lower Bound 2 = 23
Avaliação = 1.05155

Tempo de execução: 60.0601s

---------------------------

Tamanho da população: 475
Fração elite: 0.2121
Fração mutante: 0.0442
Probabilidade herdar alelo elite: 0.6514
Número de populações independentes: 3
Troca de informação de 4 individuos a cada 241 gerações
Número de threads: 1

Largura da faixa = 23
Melhor altura = 101

Lower Bound 1 = 97
Lower Bound 2 = 23
Avaliação = 1.04124

Tempo de execução: 60.0423s

---------------------------

Tamanho da população: 475
Fração elite: 0.2121
Fração mutante: 0.0442
Probabilidade herdar alelo elite: 0.6514
Número de populações independentes: 3
Troca de informação de 4 individuos a cada 241 gerações
Número de threads: 1

Largura da faixa = 23
Melhor altura = 102

Lower Bound 1 = 97
Lower Bound 2 = 23
Avaliação = 1.05155

Tempo de execução: 60.0665s

---------------------------

Tamanho da população: 475
Fração elite: 0.2121
Fração mutante: 0.0442
Probabilidade herdar alelo elite: 0.6514
Número de populações independentes: 3
Troca de informação de 4 individuos a cada 241 gerações
Número de threads: 1

Largura da faixa = 23
Melhor altura = 101

Lower Bound 1 = 97
Lower Bound 2 = 23
Avaliação = 1.04124

Tempo de execução: 60.0708s

---------------------------

Tamanho da população: 475
Fração elite: 0.2121
Fração mutante: 0.0442
Probabilidade herdar alelo elite: 0.6514
Número de populações independentes: 3
Troca de informação de 4 individuos a cada 241 gerações
Número de threads: 1

Largura da faixa = 23
Melhor altura = 101

Lower Bound 1 = 97
Lower Bound 2 = 23
Avaliação = 1.04124

Tempo de execução: 60.047s

---------------------------

Tamanho da população: 475
Fração elite: 0.2121
Fração mutante: 0.0442
Probabilidade herdar alelo elite: 0.6514
Número de populações independentes: 3
Troca de informação de 4 individuos a cada 241 gerações
Número de threads: 1

Largura da faixa = 23
Melhor altura = 102

Lower Bound 1 = 97
Lower Bound 2 = 23
Avaliação = 1.05155

Tempo de execução: 60.0632s

---------------------------

Tamanho da população: 475
Fração elite: 0.2121
Fração mutante: 0.0442
Probabilidade herdar alelo elite: 0.6514
Número de populações independentes: 3
Troca de informação de 4 individuos a cada 241 gerações
Número de threads: 1

Largura da faixa = 23
Melhor altura = 102

Lower Bound 1 = 97
Lower Bound 2 = 23
Avaliação = 1.05155

Tempo de execução: 60.073s

---------------------------

Tamanho da população: 475
Fração elite: 0.2121
Fração mutante: 0.0442
Probabilidade herdar alelo elite: 0.6514
Número de populações independentes: 3
Troca de informação de 4 individuos a cada 241 gerações
Número de threads: 1

Largura da faixa = 23
Melhor altura = 102

Lower Bound 1 = 97
Lower Bound 2 = 23
Avaliação = 1.05155

Tempo de execução: 60.0295s

---------------------------

Tamanho da população: 475
Fração elite: 0.2121
Fração mutante: 0.0442
Probabilidade herdar alelo elite: 0.6514
Número de populações independentes: 3
Troca de informação de 4 individuos a cada 241 gerações
Número de threads: 1

Largura da faixa = 23
Melhor altura = 101

Lower Bound 1 = 97
Lower Bound 2 = 23
Avaliação = 1.04124

Tempo de execução: 60.035s

---------------------------

Tamanho da população: 475
Fração elite: 0.2121
Fração mutante: 0.0442
Probabilidade herdar alelo elite: 0.6514
Número de populações independentes: 3
Troca de informação de 4 individuos a cada 241 gerações
Número de threads: 1

Largura da faixa = 23
Melhor altura = 102

Lower Bound 1 = 97
Lower Bound 2 = 23
Avaliação = 1.05155

Tempo de execução: 60.0672s

---------------------------

Tamanho da população: 475
Fração elite: 0.2121
Fração mutante: 0.0442
Probabilidade herdar alelo elite: 0.6514
Número de populações independentes: 3
Troca de informação de 4 individuos a cada 241 gerações
Número de threads: 1

Largura da faixa = 23
Melhor altura = 102

Lower Bound 1 = 97
Lower Bound 2 = 23
Avaliação = 1.05155

Tempo de execução: 60.001s

---------------------------

Tamanho da população: 475
Fração elite: 0.2121
Fração mutante: 0.0442
Probabilidade herdar alelo elite: 0.6514
Número de populações independentes: 3
Troca de informação de 4 individuos a cada 241 gerações
Número de threads: 1

Largura da faixa = 23
Melhor altura = 103

Lower Bound 1 = 97
Lower Bound 2 = 23
Avaliação = 1.06186

Tempo de execução: 60.0392s

---------------------------

Tamanho da população: 475
Fração elite: 0.2121
Fração mutante: 0.0442
Probabilidade herdar alelo elite: 0.6514
Número de populações independentes: 3
Troca de informação de 4 individuos a cada 241 gerações
Número de threads: 1

Largura da faixa = 23
Melhor altura = 102

Lower Bound 1 = 97
Lower Bound 2 = 23
Avaliação = 1.05155

Tempo de execução: 60.0566s

---------------------------

Tamanho da população: 475
Fração elite: 0.2121
Fração mutante: 0.0442
Probabilidade herdar alelo elite: 0.6514
Número de populações independentes: 3
Troca de informação de 4 individuos a cada 241 gerações
Número de threads: 1

Largura da faixa = 23
Melhor altura = 103

Lower Bound 1 = 97
Lower Bound 2 = 23
Avaliação = 1.06186

Tempo de execução: 60.0582s

---------------------------

Tamanho da população: 475
Fração elite: 0.2121
Fração mutante: 0.0442
Probabilidade herdar alelo elite: 0.6514
Número de populações independentes: 3
Troca de informação de 4 individuos a cada 241 gerações
Número de threads: 1

Largura da faixa = 23
Melhor altura = 101

Lower Bound 1 = 97
Lower Bound 2 = 23
Avaliação = 1.04124

Tempo de execução: 60.0691s
