Tamanho da população: 475
Fração elite: 0.2121
Fração mutante: 0.0442
Probabilidade herdar alelo elite: 0.6514
Número de populações independentes: 3
Troca de informação de 4 individuos a cada 241 gerações
Número de threads: 1

Largura da faixa = 32
Melhor altura = 467

Lower Bound 1 = 412
Lower Bound 2 = 32
Avaliação = 1.1335

Tempo de execução: 60.1912s

---------------------------

Tamanho da população: 475
Fração elite: 0.2121
Fração mutante: 0.0442
Probabilidade herdar alelo elite: 0.6514
Número de populações independentes: 3
Troca de informação de 4 individuos a cada 241 gerações
Número de threads: 1

Largura da faixa = 32
Melhor altura = 469

Lower Bound 1 = 412
Lower Bound 2 = 32
Avaliação = 1.13835

Tempo de execução: 60.2131s

---------------------------

Tamanho da população: 475
Fração elite: 0.2121
Fração mutante: 0.0442
Probabilidade herdar alelo elite: 0.6514
Número de populações independentes: 3
Troca de informação de 4 individuos a cada 241 gerações
Número de threads: 1

Largura da faixa = 32
Melhor altura = 464

Lower Bound 1 = 412
Lower Bound 2 = 32
Avaliação = 1.12621

Tempo de execução: 60.2497s

---------------------------

Tamanho da população: 475
Fração elite: 0.2121
Fração mutante: 0.0442
Probabilidade herdar alelo elite: 0.6514
Número de populações independentes: 3
Troca de informação de 4 individuos a cada 241 gerações
Número de threads: 1

Largura da faixa = 32
Melhor altura = 468

Lower Bound 1 = 412
Lower Bound 2 = 32
Avaliação = 1.13592

Tempo de execução: 60.0281s

---------------------------

Tamanho da população: 475
Fração elite: 0.2121
Fração mutante: 0.0442
Probabilidade herdar alelo elite: 0.6514
Número de populações independentes: 3
Troca de informação de 4 individuos a cada 241 gerações
Número de threads: 1

Largura da faixa = 32
Melhor altura = 464

Lower Bound 1 = 412
Lower Bound 2 = 32
Avaliação = 1.12621

Tempo de execução: 60.0298s

---------------------------

Tamanho da população: 475
Fração elite: 0.2121
Fração mutante: 0.0442
Probabilidade herdar alelo elite: 0.6514
Número de populações independentes: 3
Troca de informação de 4 individuos a cada 241 gerações
Número de threads: 1

Largura da faixa = 32
Melhor altura = 469

Lower Bound 1 = 412
Lower Bound 2 = 32
Avaliação = 1.13835

Tempo de execução: 60.2643s

---------------------------

Tamanho da população: 475
Fração elite: 0.2121
Fração mutante: 0.0442
Probabilidade herdar alelo elite: 0.6514
Número de populações independentes: 3
Troca de informação de 4 individuos a cada 241 gerações
Número de threads: 1

Largura da faixa = 32
Melhor altura = 469

Lower Bound 1 = 412
Lower Bound 2 = 32
Avaliação = 1.13835

Tempo de execução: 60.1464s

---------------------------

Tamanho da população: 475
Fração elite: 0.2121
Fração mutante: 0.0442
Probabilidade herdar alelo elite: 0.6514
Número de populações independentes: 3
Troca de informação de 4 individuos a cada 241 gerações
Número de threads: 1

Largura da faixa = 32
Melhor altura = 464

Lower Bound 1 = 412
Lower Bound 2 = 32
Avaliação = 1.12621

Tempo de execução: 60.2061s

---------------------------

Tamanho da população: 475
Fração elite: 0.2121
Fração mutante: 0.0442
Probabilidade herdar alelo elite: 0.6514
Número de populações independentes: 3
Troca de informação de 4 individuos a cada 241 gerações
Número de threads: 1

Largura da faixa = 32
Melhor altura = 469

Lower Bound 1 = 412
Lower Bound 2 = 32
Avaliação = 1.13835

Tempo de execução: 60.2704s

---------------------------

Tamanho da população: 475
Fração elite: 0.2121
Fração mutante: 0.0442
Probabilidade herdar alelo elite: 0.6514
Número de populações independentes: 3
Troca de informação de 4 individuos a cada 241 gerações
Número de threads: 1

Largura da faixa = 32
Melhor altura = 465

Lower Bound 1 = 412
Lower Bound 2 = 32
Avaliação = 1.12864

Tempo de execução: 60.0238s

---------------------------

Tamanho da população: 475
Fração elite: 0.2121
Fração mutante: 0.0442
Probabilidade herdar alelo elite: 0.6514
Número de populações independentes: 3
Troca de informação de 4 individuos a cada 241 gerações
Número de threads: 1

Largura da faixa = 32
Melhor altura = 470

Lower Bound 1 = 412
Lower Bound 2 = 32
Avaliação = 1.14078

Tempo de execução: 60.0858s

---------------------------

Tamanho da população: 475
Fração elite: 0.2121
Fração mutante: 0.0442
Probabilidade herdar alelo elite: 0.6514
Número de populações independentes: 3
Troca de informação de 4 individuos a cada 241 gerações
Número de threads: 1

Largura da faixa = 32
Melhor altura = 463

Lower Bound 1 = 412
Lower Bound 2 = 32
Avaliação = 1.12379

Tempo de execução: 60.2486s

---------------------------

Tamanho da população: 475
Fração elite: 0.2121
Fração mutante: 0.0442
Probabilidade herdar alelo elite: 0.6514
Número de populações independentes: 3
Troca de informação de 4 individuos a cada 241 gerações
Número de threads: 1

Largura da faixa = 32
Melhor altura = 464

Lower Bound 1 = 412
Lower Bound 2 = 32
Avaliação = 1.12621

Tempo de execução: 60.1365s

---------------------------

Tamanho da população: 475
Fração elite: 0.2121
Fração mutante: 0.0442
Probabilidade herdar alelo elite: 0.6514
Número de populações independentes: 3
Troca de informação de 4 individuos a cada 241 gerações
Número de threads: 1

Largura da faixa = 32
Melhor altura = 468

Lower Bound 1 = 412
Lower Bound 2 = 32
Avaliação = 1.13592

Tempo de execução: 60.2429s

---------------------------

Tamanho da população: 475
Fração elite: 0.2121
Fração mutante: 0.0442
Probabilidade herdar alelo elite: 0.6514
Número de populações independentes: 3
Troca de informação de 4 individuos a cada 241 gerações
Número de threads: 1

Largura da faixa = 32
Melhor altura = 458

Lower Bound 1 = 412
Lower Bound 2 = 32
Avaliação = 1.11165

Tempo de execução: 60.383s

---------------------------

Tamanho da população: 475
Fração elite: 0.2121
Fração mutante: 0.0442
Probabilidade herdar alelo elite: 0.6514
Número de populações independentes: 3
Troca de informação de 4 individuos a cada 241 gerações
Número de threads: 1

Largura da faixa = 32
Melhor altura = 461

Lower Bound 1 = 412
Lower Bound 2 = 32
Avaliação = 1.11893

Tempo de execução: 60.0185s

---------------------------

Tamanho da população: 475
Fração elite: 0.2121
Fração mutante: 0.0442
Probabilidade herdar alelo elite: 0.6514
Número de populações independentes: 3
Troca de informação de 4 individuos a cada 241 gerações
Número de threads: 1

Largura da faixa = 32
Melhor altura = 469

Lower Bound 1 = 412
Lower Bound 2 = 32
Avaliação = 1.13835

Tempo de execução: 60.0193s

---------------------------

Tamanho da população: 475
Fração elite: 0.2121
Fração mutante: 0.0442
Probabilidade herdar alelo elite: 0.6514
Número de populações independentes: 3
Troca de informação de 4 individuos a cada 241 gerações
Número de threads: 1

Largura da faixa = 32
Melhor altura = 466

Lower Bound 1 = 412
Lower Bound 2 = 32
Avaliação = 1.13107

Tempo de execução: 60.3347s

---------------------------

Tamanho da população: 475
Fração elite: 0.2121
Fração mutante: 0.0442
Probabilidade herdar alelo elite: 0.6514
Número de populações independentes: 3
Troca de informação de 4 individuos a cada 241 gerações
Número de threads: 1

Largura da faixa = 32
Melhor altura = 461

Lower Bound 1 = 412
Lower Bound 2 = 32
Avaliação = 1.11893

Tempo de execução: 60.0082s

---------------------------

Tamanho da população: 475
Fração elite: 0.2121
Fração mutante: 0.0442
Probabilidade herdar alelo elite: 0.6514
Número de populações independentes: 3
Troca de informação de 4 individuos a cada 241 gerações
Número de threads: 1

Largura da faixa = 32
Melhor altura = 469

Lower Bound 1 = 412
Lower Bound 2 = 32
Avaliação = 1.13835

Tempo de execução: 60.2425s
