Tamanho da população: 475
Fração elite: 0.2121
Fração mutante: 0.0442
Probabilidade herdar alelo elite: 0.6514
Número de populações independentes: 3
Troca de informação de 4 individuos a cada 241 gerações
Número de threads: 1

Largura da faixa = 23
Melhor altura = 108

Lower Bound 1 = 101
Lower Bound 2 = 23
Avaliação = 1.06931

Tempo de execução: 60.0113s

---------------------------

Tamanho da população: 475
Fração elite: 0.2121
Fração mutante: 0.0442
Probabilidade herdar alelo elite: 0.6514
Número de populações independentes: 3
Troca de informação de 4 individuos a cada 241 gerações
Número de threads: 1

Largura da faixa = 23
Melhor altura = 109

Lower Bound 1 = 101
Lower Bound 2 = 23
Avaliação = 1.07921

Tempo de execução: 60.0553s

---------------------------

Tamanho da população: 475
Fração elite: 0.2121
Fração mutante: 0.0442
Probabilidade herdar alelo elite: 0.6514
Número de populações independentes: 3
Troca de informação de 4 individuos a cada 241 gerações
Número de threads: 1

Largura da faixa = 23
Melhor altura = 108

Lower Bound 1 = 101
Lower Bound 2 = 23
Avaliação = 1.06931

Tempo de execução: 60.0613s

---------------------------

Tamanho da população: 475
Fração elite: 0.2121
Fração mutante: 0.0442
Probabilidade herdar alelo elite: 0.6514
Número de populações independentes: 3
Troca de informação de 4 individuos a cada 241 gerações
Número de threads: 1

Largura da faixa = 23
Melhor altura = 108

Lower Bound 1 = 101
Lower Bound 2 = 23
Avaliação = 1.06931

Tempo de execução: 60.0127s

---------------------------

Tamanho da população: 475
Fração elite: 0.2121
Fração mutante: 0.0442
Probabilidade herdar alelo elite: 0.6514
Número de populações independentes: 3
Troca de informação de 4 individuos a cada 241 gerações
Número de threads: 1

Largura da faixa = 23
Melhor altura = 108

Lower Bound 1 = 101
Lower Bound 2 = 23
Avaliação = 1.06931

Tempo de execução: 60.0323s

---------------------------

Tamanho da população: 475
Fração elite: 0.2121
Fração mutante: 0.0442
Probabilidade herdar alelo elite: 0.6514
Número de populações independentes: 3
Troca de informação de 4 individuos a cada 241 gerações
Número de threads: 1

Largura da faixa = 23
Melhor altura = 108

Lower Bound 1 = 101
Lower Bound 2 = 23
Avaliação = 1.06931

Tempo de execução: 60.0563s

---------------------------

Tamanho da população: 475
Fração elite: 0.2121
Fração mutante: 0.0442
Probabilidade herdar alelo elite: 0.6514
Número de populações independentes: 3
Troca de informação de 4 individuos a cada 241 gerações
Número de threads: 1

Largura da faixa = 23
Melhor altura = 108

Lower Bound 1 = 101
Lower Bound 2 = 23
Avaliação = 1.06931

Tempo de execução: 60.0219s

---------------------------

Tamanho da população: 475
Fração elite: 0.2121
Fração mutante: 0.0442
Probabilidade herdar alelo elite: 0.6514
Número de populações independentes: 3
Troca de informação de 4 individuos a cada 241 gerações
Número de threads: 1

Largura da faixa = 23
Melhor altura = 107

Lower Bound 1 = 101
Lower Bound 2 = 23
Avaliação = 1.05941

Tempo de execução: 60.0429s

---------------------------

Tamanho da população: 475
Fração elite: 0.2121
Fração mutante: 0.0442
Probabilidade herdar alelo elite: 0.6514
Número de populações independentes: 3
Troca de informação de 4 individuos a cada 241 gerações
Número de threads: 1

Largura da faixa = 23
Melhor altura = 107

Lower Bound 1 = 101
Lower Bound 2 = 23
Avaliação = 1.05941

Tempo de execução: 60.0447s

---------------------------

Tamanho da população: 475
Fração elite: 0.2121
Fração mutante: 0.0442
Probabilidade herdar alelo elite: 0.6514
Número de populações independentes: 3
Troca de informação de 4 individuos a cada 241 gerações
Número de threads: 1

Largura da faixa = 23
Melhor altura = 107

Lower Bound 1 = 101
Lower Bound 2 = 23
Avaliação = 1.05941

Tempo de execução: 60.0039s

---------------------------

Tamanho da população: 475
Fração elite: 0.2121
Fração mutante: 0.0442
Probabilidade herdar alelo elite: 0.6514
Número de populações independentes: 3
Troca de informação de 4 individuos a cada 241 gerações
Número de threads: 1

Largura da faixa = 23
Melhor altura = 108

Lower Bound 1 = 101
Lower Bound 2 = 23
Avaliação = 1.06931

Tempo de execução: 60.0415s

---------------------------

Tamanho da população: 475
Fração elite: 0.2121
Fração mutante: 0.0442
Probabilidade herdar alelo elite: 0.6514
Número de populações independentes: 3
Troca de informação de 4 individuos a cada 241 gerações
Número de threads: 1

Largura da faixa = 23
Melhor altura = 109

Lower Bound 1 = 101
Lower Bound 2 = 23
Avaliação = 1.07921

Tempo de execução: 60.0418s

---------------------------

Tamanho da população: 475
Fração elite: 0.2121
Fração mutante: 0.0442
Probabilidade herdar alelo elite: 0.6514
Número de populações independentes: 3
Troca de informação de 4 individuos a cada 241 gerações
Número de threads: 1

Largura da faixa = 23
Melhor altura = 108

Lower Bound 1 = 101
Lower Bound 2 = 23
Avaliação = 1.06931

Tempo de execução: 60.0253s

---------------------------

Tamanho da população: 475
Fração elite: 0.2121
Fração mutante: 0.0442
Probabilidade herdar alelo elite: 0.6514
Número de populações independentes: 3
Troca de informação de 4 individuos a cada 241 gerações
Número de threads: 1

Largura da faixa = 23
Melhor altura = 108

Lower Bound 1 = 101
Lower Bound 2 = 23
Avaliação = 1.06931

Tempo de execução: 60.04s

---------------------------

Tamanho da população: 475
Fração elite: 0.2121
Fração mutante: 0.0442
Probabilidade herdar alelo elite: 0.6514
Número de populações independentes: 3
Troca de informação de 4 individuos a cada 241 gerações
Número de threads: 1

Largura da faixa = 23
Melhor altura = 109

Lower Bound 1 = 101
Lower Bound 2 = 23
Avaliação = 1.07921

Tempo de execução: 60.0463s

---------------------------

Tamanho da população: 475
Fração elite: 0.2121
Fração mutante: 0.0442
Probabilidade herdar alelo elite: 0.6514
Número de populações independentes: 3
Troca de informação de 4 individuos a cada 241 gerações
Número de threads: 1

Largura da faixa = 23
Melhor altura = 108

Lower Bound 1 = 101
Lower Bound 2 = 23
Avaliação = 1.06931

Tempo de execução: 60.0149s

---------------------------

Tamanho da população: 475
Fração elite: 0.2121
Fração mutante: 0.0442
Probabilidade herdar alelo elite: 0.6514
Número de populações independentes: 3
Troca de informação de 4 individuos a cada 241 gerações
Número de threads: 1

Largura da faixa = 23
Melhor altura = 108

Lower Bound 1 = 101
Lower Bound 2 = 23
Avaliação = 1.06931

Tempo de execução: 60.0496s

---------------------------

Tamanho da população: 475
Fração elite: 0.2121
Fração mutante: 0.0442
Probabilidade herdar alelo elite: 0.6514
Número de populações independentes: 3
Troca de informação de 4 individuos a cada 241 gerações
Número de threads: 1

Largura da faixa = 23
Melhor altura = 108

Lower Bound 1 = 101
Lower Bound 2 = 23
Avaliação = 1.06931

Tempo de execução: 60.0528s

---------------------------

Tamanho da população: 475
Fração elite: 0.2121
Fração mutante: 0.0442
Probabilidade herdar alelo elite: 0.6514
Número de populações independentes: 3
Troca de informação de 4 individuos a cada 241 gerações
Número de threads: 1

Largura da faixa = 23
Melhor altura = 108

Lower Bound 1 = 101
Lower Bound 2 = 23
Avaliação = 1.06931

Tempo de execução: 60.054s

---------------------------

Tamanho da população: 475
Fração elite: 0.2121
Fração mutante: 0.0442
Probabilidade herdar alelo elite: 0.6514
Número de populações independentes: 3
Troca de informação de 4 individuos a cada 241 gerações
Número de threads: 1

Largura da faixa = 23
Melhor altura = 108

Lower Bound 1 = 101
Lower Bound 2 = 23
Avaliação = 1.06931

Tempo de execução: 60.0653s
