Tamanho da população: 297
Fração elite: 0.55
Fração mutante: 0.0174
Probabilidade herdar alelo elite: 0.7678
Número de populações independentes: 1
Número de threads: 1
Trocar os melhores indivíduos a cada 30 gerações
Número máximo de gerações: 279

Largura da faixa = 35
Melhor altura = 117

Lower Bound 1 = 105
Lower Bound 2 = 35
Avaliação = 1.11429

Tempo de execução: 7.21271s

---------------------------

Tamanho da população: 297
Fração elite: 0.55
Fração mutante: 0.0174
Probabilidade herdar alelo elite: 0.7678
Número de populações independentes: 1
Número de threads: 1
Trocar os melhores indivíduos a cada 30 gerações
Número máximo de gerações: 279

Largura da faixa = 35
Melhor altura = 118

Lower Bound 1 = 105
Lower Bound 2 = 35
Avaliação = 1.12381

Tempo de execução: 7.2958s

---------------------------

Tamanho da população: 297
Fração elite: 0.55
Fração mutante: 0.0174
Probabilidade herdar alelo elite: 0.7678
Número de populações independentes: 1
Número de threads: 1
Trocar os melhores indivíduos a cada 30 gerações
Número máximo de gerações: 279

Largura da faixa = 35
Melhor altura = 119

Lower Bound 1 = 105
Lower Bound 2 = 35
Avaliação = 1.13333

Tempo de execução: 7.4272s

---------------------------

Tamanho da população: 297
Fração elite: 0.55
Fração mutante: 0.0174
Probabilidade herdar alelo elite: 0.7678
Número de populações independentes: 1
Número de threads: 1
Trocar os melhores indivíduos a cada 30 gerações
Número máximo de gerações: 279

Largura da faixa = 35
Melhor altura = 118

Lower Bound 1 = 105
Lower Bound 2 = 35
Avaliação = 1.12381

Tempo de execução: 4.81972s

---------------------------

Tamanho da população: 297
Fração elite: 0.55
Fração mutante: 0.0174
Probabilidade herdar alelo elite: 0.7678
Número de populações independentes: 1
Número de threads: 1
Trocar os melhores indivíduos a cada 30 gerações
Número máximo de gerações: 279

Largura da faixa = 35
Melhor altura = 119

Lower Bound 1 = 105
Lower Bound 2 = 35
Avaliação = 1.13333

Tempo de execução: 6.32317s

---------------------------

Tamanho da população: 297
Fração elite: 0.55
Fração mutante: 0.0174
Probabilidade herdar alelo elite: 0.7678
Número de populações independentes: 1
Número de threads: 1
Trocar os melhores indivíduos a cada 30 gerações
Número máximo de gerações: 279

Largura da faixa = 35
Melhor altura = 117

Lower Bound 1 = 105
Lower Bound 2 = 35
Avaliação = 1.11429

Tempo de execução: 7.61935s

---------------------------

Tamanho da população: 297
Fração elite: 0.55
Fração mutante: 0.0174
Probabilidade herdar alelo elite: 0.7678
Número de populações independentes: 1
Número de threads: 1
Trocar os melhores indivíduos a cada 30 gerações
Número máximo de gerações: 279

Largura da faixa = 35
Melhor altura = 117

Lower Bound 1 = 105
Lower Bound 2 = 35
Avaliação = 1.11429

Tempo de execução: 7.18229s

---------------------------

Tamanho da população: 297
Fração elite: 0.55
Fração mutante: 0.0174
Probabilidade herdar alelo elite: 0.7678
Número de populações independentes: 1
Número de threads: 1
Trocar os melhores indivíduos a cada 30 gerações
Número máximo de gerações: 279

Largura da faixa = 35
Melhor altura = 120

Lower Bound 1 = 105
Lower Bound 2 = 35
Avaliação = 1.14286

Tempo de execução: 7.23703s

---------------------------

Tamanho da população: 297
Fração elite: 0.55
Fração mutante: 0.0174
Probabilidade herdar alelo elite: 0.7678
Número de populações independentes: 1
Número de threads: 1
Trocar os melhores indivíduos a cada 30 gerações
Número máximo de gerações: 279

Largura da faixa = 35
Melhor altura = 116

Lower Bound 1 = 105
Lower Bound 2 = 35
Avaliação = 1.10476

Tempo de execução: 7.65549s

---------------------------

Tamanho da população: 297
Fração elite: 0.55
Fração mutante: 0.0174
Probabilidade herdar alelo elite: 0.7678
Número de populações independentes: 1
Número de threads: 1
Trocar os melhores indivíduos a cada 30 gerações
Número máximo de gerações: 279

Largura da faixa = 35
Melhor altura = 118

Lower Bound 1 = 105
Lower Bound 2 = 35
Avaliação = 1.12381

Tempo de execução: 7.04877s

---------------------------

Tamanho da população: 297
Fração elite: 0.55
Fração mutante: 0.0174
Probabilidade herdar alelo elite: 0.7678
Número de populações independentes: 1
Número de threads: 1
Trocar os melhores indivíduos a cada 30 gerações
Número máximo de gerações: 279

Largura da faixa = 35
Melhor altura = 117

Lower Bound 1 = 105
Lower Bound 2 = 35
Avaliação = 1.11429

Tempo de execução: 7.2098s

---------------------------

Tamanho da população: 297
Fração elite: 0.55
Fração mutante: 0.0174
Probabilidade herdar alelo elite: 0.7678
Número de populações independentes: 1
Número de threads: 1
Trocar os melhores indivíduos a cada 30 gerações
Número máximo de gerações: 279

Largura da faixa = 35
Melhor altura = 114

Lower Bound 1 = 105
Lower Bound 2 = 35
Avaliação = 1.08571

Tempo de execução: 7.32566s

---------------------------

Tamanho da população: 297
Fração elite: 0.55
Fração mutante: 0.0174
Probabilidade herdar alelo elite: 0.7678
Número de populações independentes: 1
Número de threads: 1
Trocar os melhores indivíduos a cada 30 gerações
Número máximo de gerações: 279

Largura da faixa = 35
Melhor altura = 119

Lower Bound 1 = 105
Lower Bound 2 = 35
Avaliação = 1.13333

Tempo de execução: 7.04501s

---------------------------

Tamanho da população: 297
Fração elite: 0.55
Fração mutante: 0.0174
Probabilidade herdar alelo elite: 0.7678
Número de populações independentes: 1
Número de threads: 1
Trocar os melhores indivíduos a cada 30 gerações
Número máximo de gerações: 279

Largura da faixa = 35
Melhor altura = 117

Lower Bound 1 = 105
Lower Bound 2 = 35
Avaliação = 1.11429

Tempo de execução: 7.2888s

---------------------------

Tamanho da população: 297
Fração elite: 0.55
Fração mutante: 0.0174
Probabilidade herdar alelo elite: 0.7678
Número de populações independentes: 1
Número de threads: 1
Trocar os melhores indivíduos a cada 30 gerações
Número máximo de gerações: 279

Largura da faixa = 35
Melhor altura = 117

Lower Bound 1 = 105
Lower Bound 2 = 35
Avaliação = 1.11429

Tempo de execução: 7.80068s

---------------------------

Tamanho da população: 297
Fração elite: 0.55
Fração mutante: 0.0174
Probabilidade herdar alelo elite: 0.7678
Número de populações independentes: 1
Número de threads: 1
Trocar os melhores indivíduos a cada 30 gerações
Número máximo de gerações: 279

Largura da faixa = 35
Melhor altura = 120

Lower Bound 1 = 105
Lower Bound 2 = 35
Avaliação = 1.14286

Tempo de execução: 7.08228s

---------------------------

Tamanho da população: 297
Fração elite: 0.55
Fração mutante: 0.0174
Probabilidade herdar alelo elite: 0.7678
Número de populações independentes: 1
Número de threads: 1
Trocar os melhores indivíduos a cada 30 gerações
Número máximo de gerações: 279

Largura da faixa = 35
Melhor altura = 118

Lower Bound 1 = 105
Lower Bound 2 = 35
Avaliação = 1.12381

Tempo de execução: 7.18467s

---------------------------

Tamanho da população: 297
Fração elite: 0.55
Fração mutante: 0.0174
Probabilidade herdar alelo elite: 0.7678
Número de populações independentes: 1
Número de threads: 1
Trocar os melhores indivíduos a cada 30 gerações
Número máximo de gerações: 279

Largura da faixa = 35
Melhor altura = 119

Lower Bound 1 = 105
Lower Bound 2 = 35
Avaliação = 1.13333

Tempo de execução: 7.28753s

---------------------------

Tamanho da população: 297
Fração elite: 0.55
Fração mutante: 0.0174
Probabilidade herdar alelo elite: 0.7678
Número de populações independentes: 1
Número de threads: 1
Trocar os melhores indivíduos a cada 30 gerações
Número máximo de gerações: 279

Largura da faixa = 35
Melhor altura = 118

Lower Bound 1 = 105
Lower Bound 2 = 35
Avaliação = 1.12381

Tempo de execução: 4.67738s

---------------------------

Tamanho da população: 297
Fração elite: 0.55
Fração mutante: 0.0174
Probabilidade herdar alelo elite: 0.7678
Número de populações independentes: 1
Número de threads: 1
Trocar os melhores indivíduos a cada 30 gerações
Número máximo de gerações: 279

Largura da faixa = 35
Melhor altura = 114

Lower Bound 1 = 105
Lower Bound 2 = 35
Avaliação = 1.08571

Tempo de execução: 5.6551s

---------------------------

Tamanho da população: 392
Fração elite: 0.2567
Fração mutante: 0.0202
Probabilidade herdar alelo elite: 0.6001
Número de populações independentes: 1
Número de threads: 1
Número máximo de gerações: 364

Largura da faixa = 35
Melhor altura = 115

Lower Bound 1 = 105
Lower Bound 2 = 35
Avaliação = 1.09524

Tempo de execução: 8.3209s

---------------------------

Tamanho da população: 392
Fração elite: 0.2567
Fração mutante: 0.0202
Probabilidade herdar alelo elite: 0.6001
Número de populações independentes: 1
Número de threads: 1
Número máximo de gerações: 364

Largura da faixa = 35
Melhor altura = 115

Lower Bound 1 = 105
Lower Bound 2 = 35
Avaliação = 1.09524

Tempo de execução: 8.32788s

---------------------------

Tamanho da população: 392
Fração elite: 0.2567
Fração mutante: 0.0202
Probabilidade herdar alelo elite: 0.6001
Número de populações independentes: 1
Número de threads: 1
Número máximo de gerações: 364

Largura da faixa = 35
Melhor altura = 117

Lower Bound 1 = 105
Lower Bound 2 = 35
Avaliação = 1.11429

Tempo de execução: 8.8653s

---------------------------

Tamanho da população: 392
Fração elite: 0.2567
Fração mutante: 0.0202
Probabilidade herdar alelo elite: 0.6001
Número de populações independentes: 1
Número de threads: 1
Número máximo de gerações: 364

Largura da faixa = 35
Melhor altura = 118

Lower Bound 1 = 105
Lower Bound 2 = 35
Avaliação = 1.12381

Tempo de execução: 7.86985s

---------------------------

Tamanho da população: 392
Fração elite: 0.2567
Fração mutante: 0.0202
Probabilidade herdar alelo elite: 0.6001
Número de populações independentes: 1
Número de threads: 1
Número máximo de gerações: 364

Largura da faixa = 35
Melhor altura = 118

Lower Bound 1 = 105
Lower Bound 2 = 35
Avaliação = 1.12381

Tempo de execução: 8.59654s

---------------------------

Tamanho da população: 392
Fração elite: 0.2567
Fração mutante: 0.0202
Probabilidade herdar alelo elite: 0.6001
Número de populações independentes: 1
Número de threads: 1
Número máximo de gerações: 364

Largura da faixa = 35
Melhor altura = 114

Lower Bound 1 = 105
Lower Bound 2 = 35
Avaliação = 1.08571

Tempo de execução: 9.32382s

---------------------------

Tamanho da população: 392
Fração elite: 0.2567
Fração mutante: 0.0202
Probabilidade herdar alelo elite: 0.6001
Número de populações independentes: 1
Número de threads: 1
Número máximo de gerações: 364

Largura da faixa = 35
Melhor altura = 117

Lower Bound 1 = 105
Lower Bound 2 = 35
Avaliação = 1.11429

Tempo de execução: 8.47622s

---------------------------

Tamanho da população: 392
Fração elite: 0.2567
Fração mutante: 0.0202
Probabilidade herdar alelo elite: 0.6001
Número de populações independentes: 1
Número de threads: 1
Número máximo de gerações: 364

Largura da faixa = 35
Melhor altura = 117

Lower Bound 1 = 105
Lower Bound 2 = 35
Avaliação = 1.11429

Tempo de execução: 8.53777s

---------------------------

Tamanho da população: 392
Fração elite: 0.2567
Fração mutante: 0.0202
Probabilidade herdar alelo elite: 0.6001
Número de populações independentes: 1
Número de threads: 1
Número máximo de gerações: 364

Largura da faixa = 35
Melhor altura = 117

Lower Bound 1 = 105
Lower Bound 2 = 35
Avaliação = 1.11429

Tempo de execução: 8.6022s

---------------------------

Tamanho da população: 392
Fração elite: 0.2567
Fração mutante: 0.0202
Probabilidade herdar alelo elite: 0.6001
Número de populações independentes: 1
Número de threads: 1
Número máximo de gerações: 364

Largura da faixa = 35
Melhor altura = 117

Lower Bound 1 = 105
Lower Bound 2 = 35
Avaliação = 1.11429

Tempo de execução: 8.40414s

---------------------------

Tamanho da população: 392
Fração elite: 0.2567
Fração mutante: 0.0202
Probabilidade herdar alelo elite: 0.6001
Número de populações independentes: 1
Número de threads: 1
Número máximo de gerações: 364

Largura da faixa = 35
Melhor altura = 116

Lower Bound 1 = 105
Lower Bound 2 = 35
Avaliação = 1.10476

Tempo de execução: 8.69078s

---------------------------

Tamanho da população: 392
Fração elite: 0.2567
Fração mutante: 0.0202
Probabilidade herdar alelo elite: 0.6001
Número de populações independentes: 1
Número de threads: 1
Número máximo de gerações: 364

Largura da faixa = 35
Melhor altura = 115

Lower Bound 1 = 105
Lower Bound 2 = 35
Avaliação = 1.09524

Tempo de execução: 8.95098s

---------------------------

Tamanho da população: 392
Fração elite: 0.2567
Fração mutante: 0.0202
Probabilidade herdar alelo elite: 0.6001
Número de populações independentes: 1
Número de threads: 1
Número máximo de gerações: 364

Largura da faixa = 35
Melhor altura = 117

Lower Bound 1 = 105
Lower Bound 2 = 35
Avaliação = 1.11429

Tempo de execução: 7.86973s

---------------------------

Tamanho da população: 392
Fração elite: 0.2567
Fração mutante: 0.0202
Probabilidade herdar alelo elite: 0.6001
Número de populações independentes: 1
Número de threads: 1
Número máximo de gerações: 364

Largura da faixa = 35
Melhor altura = 116

Lower Bound 1 = 105
Lower Bound 2 = 35
Avaliação = 1.10476

Tempo de execução: 8.68219s

---------------------------

Tamanho da população: 392
Fração elite: 0.2567
Fração mutante: 0.0202
Probabilidade herdar alelo elite: 0.6001
Número de populações independentes: 1
Número de threads: 1
Número máximo de gerações: 364

Largura da faixa = 35
Melhor altura = 117

Lower Bound 1 = 105
Lower Bound 2 = 35
Avaliação = 1.11429

Tempo de execução: 8.71193s

---------------------------

Tamanho da população: 392
Fração elite: 0.2567
Fração mutante: 0.0202
Probabilidade herdar alelo elite: 0.6001
Número de populações independentes: 1
Número de threads: 1
Número máximo de gerações: 364

Largura da faixa = 35
Melhor altura = 116

Lower Bound 1 = 105
Lower Bound 2 = 35
Avaliação = 1.10476

Tempo de execução: 8.14555s

---------------------------

Tamanho da população: 392
Fração elite: 0.2567
Fração mutante: 0.0202
Probabilidade herdar alelo elite: 0.6001
Número de populações independentes: 1
Número de threads: 1
Número máximo de gerações: 364

Largura da faixa = 35
Melhor altura = 116

Lower Bound 1 = 105
Lower Bound 2 = 35
Avaliação = 1.10476

Tempo de execução: 8.54992s

---------------------------

Tamanho da população: 392
Fração elite: 0.2567
Fração mutante: 0.0202
Probabilidade herdar alelo elite: 0.6001
Número de populações independentes: 1
Número de threads: 1
Número máximo de gerações: 364

Largura da faixa = 35
Melhor altura = 117

Lower Bound 1 = 105
Lower Bound 2 = 35
Avaliação = 1.11429

Tempo de execução: 8.68558s

---------------------------

Tamanho da população: 392
Fração elite: 0.2567
Fração mutante: 0.0202
Probabilidade herdar alelo elite: 0.6001
Número de populações independentes: 1
Número de threads: 1
Número máximo de gerações: 364

Largura da faixa = 35
Melhor altura = 114

Lower Bound 1 = 105
Lower Bound 2 = 35
Avaliação = 1.08571

Tempo de execução: 8.55416s

---------------------------

Tamanho da população: 392
Fração elite: 0.2567
Fração mutante: 0.0202
Probabilidade herdar alelo elite: 0.6001
Número de populações independentes: 1
Número de threads: 1
Número máximo de gerações: 364

Largura da faixa = 35
Melhor altura = 115

Lower Bound 1 = 105
Lower Bound 2 = 35
Avaliação = 1.09524

Tempo de execução: 8.59797s

---------------------------

