Número de cromossomos: 44
Tamanho da população: 60
Fração elite: 0.3
Fração mutante: 0.7
Probabilidade herdar alelo elite: 0.6
Número de populações independentes: 2
Número de threads: 14
Trocar os melhores indivíduos a cada 100 gerações
Número máximo de gerações: 100

Número de cromossomos: 44
Tamanho da população: 60
Fração elite: 0.3
Fração mutante: 0.7
Probabilidade herdar alelo elite: 0.6
Número de populações independentes: 2
Número de threads: 14
Trocar os melhores indivíduos a cada 100 gerações
Número máximo de gerações: 100

Tamanho da população: 230
Fração elite: 0.15
Fração mutante: 0.2
Probabilidade herdar alelo elite: 0.55
Número de populações independentes: 3
Número de threads: 14
Trocar os melhores indivíduos a cada 40 gerações
Número máximo de gerações: 130
Número máximo de iterações sem melhora: 30
Melhor até agora: 138 Geração: 0
Iteração: 0
Melhor até agora: 137 Geração: 4
Iteração: 0
Melhor até agora: 135 Geração: 9
Iteração: 3
Número de swaps entre camadas = 10
Largura da faixa = 33
Melhor altura = 135

Lower Bound 1 = 117
Lower Bound 2 = 33
Avaliação = 1.15385

Tempo de execução: 3s

---------------------------

Número de cromossomos: 44
Tamanho da população: 60
Fração elite: 0.3
Fração mutante: 0.7
Probabilidade herdar alelo elite: 0.6
Número de populações independentes: 2
Número de threads: 14
Trocar os melhores indivíduos a cada 100 gerações
Número máximo de gerações: 100

Número de cromossomos: 44
Tamanho da população: 60
Fração elite: 0.3
Fração mutante: 0.7
Probabilidade herdar alelo elite: 0.6
Número de populações independentes: 2
Número de threads: 14
Trocar os melhores indivíduos a cada 100 gerações
Número máximo de gerações: 100

Tamanho da população: 230
Fração elite: 0.15
Fração mutante: 0.2
Probabilidade herdar alelo elite: 0.55
Número de populações independentes: 3
Número de threads: 14
Trocar os melhores indivíduos a cada 40 gerações
Número máximo de gerações: 130
Número máximo de iterações sem melhora: 30
Melhor até agora: 140 Geração: 0
Iteração: 0
Melhor até agora: 138 Geração: 2
Iteração: 0
Melhor até agora: 136 Geração: 6
Iteração: 0
Melhor até agora: 134 Geração: 9
Iteração: 3
Número de swaps entre camadas = 10
Largura da faixa = 33
Melhor altura = 134

Lower Bound 1 = 117
Lower Bound 2 = 33
Avaliação = 1.1453

Tempo de execução: 4s

---------------------------

Número de cromossomos: 44
Tamanho da população: 60
Fração elite: 0.3
Fração mutante: 0.7
Probabilidade herdar alelo elite: 0.6
Número de populações independentes: 2
Número de threads: 14
Trocar os melhores indivíduos a cada 100 gerações
Número máximo de gerações: 100

Número de cromossomos: 44
Tamanho da população: 60
Fração elite: 0.3
Fração mutante: 0.7
Probabilidade herdar alelo elite: 0.6
Número de populações independentes: 2
Número de threads: 14
Trocar os melhores indivíduos a cada 100 gerações
Número máximo de gerações: 100

Tamanho da população: 230
Fração elite: 0.15
Fração mutante: 0.2
Probabilidade herdar alelo elite: 0.55
Número de populações independentes: 3
Número de threads: 14
Trocar os melhores indivíduos a cada 40 gerações
Número máximo de gerações: 130
Número máximo de iterações sem melhora: 30
Melhor até agora: 138 Geração: 0
Iteração: 0
Melhor até agora: 137 Geração: 3
Iteração: 1
Melhor até agora: 135 Geração: 5
Iteração: 3
Número de swaps entre camadas = 10
Largura da faixa = 33
Melhor altura = 135

Lower Bound 1 = 117
Lower Bound 2 = 33
Avaliação = 1.15385

Tempo de execução: 3s

---------------------------

Número de cromossomos: 44
Tamanho da população: 60
Fração elite: 0.3
Fração mutante: 0.7
Probabilidade herdar alelo elite: 0.6
Número de populações independentes: 2
Número de threads: 14
Trocar os melhores indivíduos a cada 100 gerações
Número máximo de gerações: 100

Número de cromossomos: 44
Tamanho da população: 60
Fração elite: 0.3
Fração mutante: 0.7
Probabilidade herdar alelo elite: 0.6
Número de populações independentes: 2
Número de threads: 14
Trocar os melhores indivíduos a cada 100 gerações
Número máximo de gerações: 100

Tamanho da população: 230
Fração elite: 0.15
Fração mutante: 0.2
Probabilidade herdar alelo elite: 0.55
Número de populações independentes: 3
Número de threads: 14
Trocar os melhores indivíduos a cada 40 gerações
Número máximo de gerações: 130
Número máximo de iterações sem melhora: 30
Melhor até agora: 137 Geração: 0
Iteração: 0
Melhor até agora: 135 Geração: 8
Iteração: 0
Melhor até agora: 133 Geração: 5
Iteração: 3
Número de swaps entre camadas = 10
Largura da faixa = 33
Melhor altura = 133

Lower Bound 1 = 117
Lower Bound 2 = 33
Avaliação = 1.13675

Tempo de execução: 4s

---------------------------

Número de cromossomos: 44
Tamanho da população: 60
Fração elite: 0.3
Fração mutante: 0.7
Probabilidade herdar alelo elite: 0.6
Número de populações independentes: 2
Número de threads: 14
Trocar os melhores indivíduos a cada 100 gerações
Número máximo de gerações: 100

Número de cromossomos: 44
Tamanho da população: 60
Fração elite: 0.3
Fração mutante: 0.7
Probabilidade herdar alelo elite: 0.6
Número de populações independentes: 2
Número de threads: 14
Trocar os melhores indivíduos a cada 100 gerações
Número máximo de gerações: 100

Tamanho da população: 230
Fração elite: 0.15
Fração mutante: 0.2
Probabilidade herdar alelo elite: 0.55
Número de populações independentes: 3
Número de threads: 14
Trocar os melhores indivíduos a cada 40 gerações
Número máximo de gerações: 130
Número máximo de iterações sem melhora: 30
Melhor até agora: 138 Geração: 0
Iteração: 0
Melhor até agora: 135 Geração: 1
Iteração: 0
Melhor até agora: 134 Geração: 6
Iteração: 1
Melhor até agora: 133 Geração: 3
Iteração: 2
Melhor até agora: 132 Geração: 0
Iteração: 3
Número de swaps entre camadas = 10
Largura da faixa = 33
Melhor altura = 132

Lower Bound 1 = 117
Lower Bound 2 = 33
Avaliação = 1.12821

Tempo de execução: 4s

---------------------------

Número de cromossomos: 44
Tamanho da população: 60
Fração elite: 0.3
Fração mutante: 0.7
Probabilidade herdar alelo elite: 0.6
Número de populações independentes: 2
Número de threads: 14
Trocar os melhores indivíduos a cada 100 gerações
Número máximo de gerações: 100

Número de cromossomos: 44
Tamanho da população: 60
Fração elite: 0.3
Fração mutante: 0.7
Probabilidade herdar alelo elite: 0.6
Número de populações independentes: 2
Número de threads: 14
Trocar os melhores indivíduos a cada 100 gerações
Número máximo de gerações: 100

Tamanho da população: 230
Fração elite: 0.15
Fração mutante: 0.2
Probabilidade herdar alelo elite: 0.55
Número de populações independentes: 3
Número de threads: 14
Trocar os melhores indivíduos a cada 40 gerações
Número máximo de gerações: 130
Número máximo de iterações sem melhora: 30
Melhor até agora: 140 Geração: 0
Iteração: 0
Melhor até agora: 139 Geração: 1
Iteração: 0
Melhor até agora: 138 Geração: 3
Iteração: 0
Melhor até agora: 135 Geração: 4
Iteração: 0
Melhor até agora: 134 Geração: 0
Iteração: 1
Melhor até agora: 133 Geração: 6
Iteração: 2
Melhor até agora: 132 Geração: 2
Iteração: 3
Número de swaps entre camadas = 10
Largura da faixa = 33
Melhor altura = 132

Lower Bound 1 = 117
Lower Bound 2 = 33
Avaliação = 1.12821

Tempo de execução: 4s

---------------------------

Número de cromossomos: 44
Tamanho da população: 60
Fração elite: 0.3
Fração mutante: 0.7
Probabilidade herdar alelo elite: 0.6
Número de populações independentes: 2
Número de threads: 14
Trocar os melhores indivíduos a cada 100 gerações
Número máximo de gerações: 100

Melhor até agora: 287 Geração: 12
Iteração: 1
Melhor até agora: 286 Geração: 50
Iteração: 1
Melhor até agora: 261 Geração: 85
Iteração: 1
Número de cromossomos: 44
Tamanho da população: 60
Fração elite: 0.3
Fração mutante: 0.7
Probabilidade herdar alelo elite: 0.6
Número de populações independentes: 2
Número de threads: 14
Trocar os melhores indivíduos a cada 100 gerações
Número máximo de gerações: 100

Tamanho da população: 230
Fração elite: 0.15
Fração mutante: 0.2
Probabilidade herdar alelo elite: 0.55
Número de populações independentes: 3
Número de threads: 14
Trocar os melhores indivíduos a cada 40 gerações
Número máximo de gerações: 130
Número máximo de iterações sem melhora: 30
Melhor até agora: 141 Geração: 0
Iteração: 0
Melhor até agora: 140 Geração: 1
Iteração: 0
Melhor até agora: 138 Geração: 4
Iteração: 0
Melhor até agora: 137 Geração: 12
Iteração: 0
Melhor até agora: 136 Geração: 1
Iteração: 1
Número de swaps entre camadas = 10
Largura da faixa = 33
Melhor altura = 136

Lower Bound 1 = 117
Lower Bound 2 = 33
Avaliação = 1.16239

Tempo de execução: 4s

---------------------------

Número de cromossomos: 44
Tamanho da população: 60
Fração elite: 0.3
Fração mutante: 0.7
Probabilidade herdar alelo elite: 0.6
Número de populações independentes: 2
Número de threads: 14
Trocar os melhores indivíduos a cada 100 gerações
Número máximo de gerações: 100

Número de cromossomos: 44
Tamanho da população: 60
Fração elite: 0.3
Fração mutante: 0.7
Probabilidade herdar alelo elite: 0.6
Número de populações independentes: 2
Número de threads: 14
Trocar os melhores indivíduos a cada 100 gerações
Número máximo de gerações: 100

Tamanho da população: 230
Fração elite: 0.15
Fração mutante: 0.2
Probabilidade herdar alelo elite: 0.55
Número de populações independentes: 3
Número de threads: 14
Trocar os melhores indivíduos a cada 40 gerações
Número máximo de gerações: 130
Número máximo de iterações sem melhora: 30
Melhor até agora: 142 Geração: 0
Iteração: 0
Melhor até agora: 139 Geração: 2
Iteração: 0
Melhor até agora: 138 Geração: 5
Iteração: 0
Melhor até agora: 135 Geração: 9
Iteração: 0
Melhor até agora: 134 Geração: 0
Iteração: 1
Melhor até agora: 133 Geração: 2
Iteração: 2
Melhor até agora: 132 Geração: 2
Iteração: 3
Número de swaps entre camadas = 10
Largura da faixa = 33
Melhor altura = 132

Lower Bound 1 = 117
Lower Bound 2 = 33
Avaliação = 1.12821

Tempo de execução: 4s

---------------------------

Número de cromossomos: 44
Tamanho da população: 60
Fração elite: 0.3
Fração mutante: 0.7
Probabilidade herdar alelo elite: 0.6
Número de populações independentes: 2
Número de threads: 14
Trocar os melhores indivíduos a cada 100 gerações
Número máximo de gerações: 100

Número de cromossomos: 44
Tamanho da população: 60
Fração elite: 0.3
Fração mutante: 0.7
Probabilidade herdar alelo elite: 0.6
Número de populações independentes: 2
Número de threads: 14
Trocar os melhores indivíduos a cada 100 gerações
Número máximo de gerações: 100

Tamanho da população: 230
Fração elite: 0.15
Fração mutante: 0.2
Probabilidade herdar alelo elite: 0.55
Número de populações independentes: 3
Número de threads: 14
Trocar os melhores indivíduos a cada 40 gerações
Número máximo de gerações: 130
Número máximo de iterações sem melhora: 30
Melhor até agora: 140 Geração: 0
Iteração: 0
Melhor até agora: 139 Geração: 3
Iteração: 0
Melhor até agora: 138 Geração: 10
Iteração: 0
Número de swaps entre camadas = 10
Largura da faixa = 33
Melhor altura = 138

Lower Bound 1 = 117
Lower Bound 2 = 33
Avaliação = 1.17949

Tempo de execução: 3s

---------------------------

Número de cromossomos: 44
Tamanho da população: 60
Fração elite: 0.3
Fração mutante: 0.7
Probabilidade herdar alelo elite: 0.6
Número de populações independentes: 2
Número de threads: 14
Trocar os melhores indivíduos a cada 100 gerações
Número máximo de gerações: 100

Número de cromossomos: 44
Tamanho da população: 60
Fração elite: 0.3
Fração mutante: 0.7
Probabilidade herdar alelo elite: 0.6
Número de populações independentes: 2
Número de threads: 14
Trocar os melhores indivíduos a cada 100 gerações
Número máximo de gerações: 100

Tamanho da população: 230
Fração elite: 0.15
Fração mutante: 0.2
Probabilidade herdar alelo elite: 0.55
Número de populações independentes: 3
Número de threads: 14
Trocar os melhores indivíduos a cada 40 gerações
Número máximo de gerações: 130
Número máximo de iterações sem melhora: 30
Melhor até agora: 139 Geração: 0
Iteração: 0
Melhor até agora: 138 Geração: 1
Iteração: 0
Número de swaps entre camadas = 10
Largura da faixa = 33
Melhor altura = 138

Lower Bound 1 = 117
Lower Bound 2 = 33
Avaliação = 1.17949

Tempo de execução: 3s

---------------------------

Número de cromossomos: 44
Tamanho da população: 60
Fração elite: 0.3
Fração mutante: 0.7
Probabilidade herdar alelo elite: 0.6
Número de populações independentes: 2
Número de threads: 14
Trocar os melhores indivíduos a cada 100 gerações
Número máximo de gerações: 100

Número de cromossomos: 44
Tamanho da população: 60
Fração elite: 0.3
Fração mutante: 0.7
Probabilidade herdar alelo elite: 0.6
Número de populações independentes: 2
Número de threads: 14
Trocar os melhores indivíduos a cada 100 gerações
Número máximo de gerações: 100

Tamanho da população: 230
Fração elite: 0.15
Fração mutante: 0.2
Probabilidade herdar alelo elite: 0.55
Número de populações independentes: 3
Número de threads: 14
Trocar os melhores indivíduos a cada 40 gerações
Número máximo de gerações: 130
Número máximo de iterações sem melhora: 30
Melhor até agora: 142 Geração: 0
Iteração: 0
Melhor até agora: 140 Geração: 2
Iteração: 0
Melhor até agora: 137 Geração: 3
Iteração: 0
Melhor até agora: 135 Geração: 12
Iteração: 0
Melhor até agora: 134 Geração: 1
Iteração: 1
Melhor até agora: 133 Geração: 6
Iteração: 2
Melhor até agora: 132 Geração: 0
Iteração: 3
Número de swaps entre camadas = 10
Largura da faixa = 33
Melhor altura = 132

Lower Bound 1 = 117
Lower Bound 2 = 33
Avaliação = 1.12821

Tempo de execução: 4s

---------------------------

Número de cromossomos: 44
Tamanho da população: 60
Fração elite: 0.3
Fração mutante: 0.7
Probabilidade herdar alelo elite: 0.6
Número de populações independentes: 2
Número de threads: 14
Trocar os melhores indivíduos a cada 100 gerações
Número máximo de gerações: 100

Número de cromossomos: 44
Tamanho da população: 60
Fração elite: 0.3
Fração mutante: 0.7
Probabilidade herdar alelo elite: 0.6
Número de populações independentes: 2
Número de threads: 14
Trocar os melhores indivíduos a cada 100 gerações
Número máximo de gerações: 100

Tamanho da população: 230
Fração elite: 0.15
Fração mutante: 0.2
Probabilidade herdar alelo elite: 0.55
Número de populações independentes: 3
Número de threads: 14
Trocar os melhores indivíduos a cada 40 gerações
Número máximo de gerações: 130
Número máximo de iterações sem melhora: 30
Melhor até agora: 140 Geração: 0
Iteração: 0
Melhor até agora: 137 Geração: 2
Iteração: 0
Melhor até agora: 136 Geração: 13
Iteração: 0
Melhor até agora: 135 Geração: 35
Iteração: 0
Melhor até agora: 133 Geração: 4
Iteração: 3
Número de swaps entre camadas = 10
Largura da faixa = 33
Melhor altura = 133

Lower Bound 1 = 117
Lower Bound 2 = 33
Avaliação = 1.13675

Tempo de execução: 4s

---------------------------

Número de cromossomos: 44
Tamanho da população: 60
Fração elite: 0.3
Fração mutante: 0.7
Probabilidade herdar alelo elite: 0.6
Número de populações independentes: 2
Número de threads: 14
Trocar os melhores indivíduos a cada 100 gerações
Número máximo de gerações: 100

Número de cromossomos: 44
Tamanho da população: 60
Fração elite: 0.3
Fração mutante: 0.7
Probabilidade herdar alelo elite: 0.6
Número de populações independentes: 2
Número de threads: 14
Trocar os melhores indivíduos a cada 100 gerações
Número máximo de gerações: 100

Tamanho da população: 230
Fração elite: 0.15
Fração mutante: 0.2
Probabilidade herdar alelo elite: 0.55
Número de populações independentes: 3
Número de threads: 14
Trocar os melhores indivíduos a cada 40 gerações
Número máximo de gerações: 130
Número máximo de iterações sem melhora: 30
Melhor até agora: 140 Geração: 0
Iteração: 0
Melhor até agora: 138 Geração: 2
Iteração: 0
Melhor até agora: 137 Geração: 3
Iteração: 0
Melhor até agora: 136 Geração: 2
Iteração: 1
Melhor até agora: 134 Geração: 8
Iteração: 3
Número de swaps entre camadas = 10
Largura da faixa = 33
Melhor altura = 134

Lower Bound 1 = 117
Lower Bound 2 = 33
Avaliação = 1.1453

Tempo de execução: 3s

---------------------------

Número de cromossomos: 44
Tamanho da população: 60
Fração elite: 0.3
Fração mutante: 0.7
Probabilidade herdar alelo elite: 0.6
Número de populações independentes: 2
Número de threads: 14
Trocar os melhores indivíduos a cada 100 gerações
Número máximo de gerações: 100

Número de cromossomos: 44
Tamanho da população: 60
Fração elite: 0.3
Fração mutante: 0.7
Probabilidade herdar alelo elite: 0.6
Número de populações independentes: 2
Número de threads: 14
Trocar os melhores indivíduos a cada 100 gerações
Número máximo de gerações: 100

Tamanho da população: 230
Fração elite: 0.15
Fração mutante: 0.2
Probabilidade herdar alelo elite: 0.55
Número de populações independentes: 3
Número de threads: 14
Trocar os melhores indivíduos a cada 40 gerações
Número máximo de gerações: 130
Número máximo de iterações sem melhora: 30
Melhor até agora: 142 Geração: 0
Iteração: 0
Melhor até agora: 140 Geração: 2
Iteração: 0
Melhor até agora: 137 Geração: 4
Iteração: 0
Melhor até agora: 135 Geração: 11
Iteração: 0
Melhor até agora: 134 Geração: 5
Iteração: 1
Melhor até agora: 133 Geração: 11
Iteração: 2
Melhor até agora: 132 Geração: 0
Iteração: 3
Número de swaps entre camadas = 10
Largura da faixa = 33
Melhor altura = 132

Lower Bound 1 = 117
Lower Bound 2 = 33
Avaliação = 1.12821

Tempo de execução: 4s

---------------------------

Número de cromossomos: 44
Tamanho da população: 60
Fração elite: 0.3
Fração mutante: 0.7
Probabilidade herdar alelo elite: 0.6
Número de populações independentes: 2
Número de threads: 14
Trocar os melhores indivíduos a cada 100 gerações
Número máximo de gerações: 100

Número de cromossomos: 44
Tamanho da população: 60
Fração elite: 0.3
Fração mutante: 0.7
Probabilidade herdar alelo elite: 0.6
Número de populações independentes: 2
Número de threads: 14
Trocar os melhores indivíduos a cada 100 gerações
Número máximo de gerações: 100

Tamanho da população: 230
Fração elite: 0.15
Fração mutante: 0.2
Probabilidade herdar alelo elite: 0.55
Número de populações independentes: 3
Número de threads: 14
Trocar os melhores indivíduos a cada 40 gerações
Número máximo de gerações: 130
Número máximo de iterações sem melhora: 30
Melhor até agora: 138 Geração: 0
Iteração: 0
Melhor até agora: 137 Geração: 4
Iteração: 0
Melhor até agora: 136 Geração: 23
Iteração: 0
Melhor até agora: 135 Geração: 37
Iteração: 0
Melhor até agora: 133 Geração: 5
Iteração: 3
Número de swaps entre camadas = 10
Largura da faixa = 33
Melhor altura = 133

Lower Bound 1 = 117
Lower Bound 2 = 33
Avaliação = 1.13675

Tempo de execução: 4s

---------------------------

Número de cromossomos: 44
Tamanho da população: 60
Fração elite: 0.3
Fração mutante: 0.7
Probabilidade herdar alelo elite: 0.6
Número de populações independentes: 2
Número de threads: 14
Trocar os melhores indivíduos a cada 100 gerações
Número máximo de gerações: 100

Número de cromossomos: 44
Tamanho da população: 60
Fração elite: 0.3
Fração mutante: 0.7
Probabilidade herdar alelo elite: 0.6
Número de populações independentes: 2
Número de threads: 14
Trocar os melhores indivíduos a cada 100 gerações
Número máximo de gerações: 100

Tamanho da população: 230
Fração elite: 0.15
Fração mutante: 0.2
Probabilidade herdar alelo elite: 0.55
Número de populações independentes: 3
Número de threads: 14
Trocar os melhores indivíduos a cada 40 gerações
Número máximo de gerações: 130
Número máximo de iterações sem melhora: 30
Melhor até agora: 141 Geração: 0
Iteração: 0
Melhor até agora: 138 Geração: 1
Iteração: 0
Melhor até agora: 136 Geração: 5
Iteração: 0
Número de swaps entre camadas = 10
Largura da faixa = 33
Melhor altura = 136

Lower Bound 1 = 117
Lower Bound 2 = 33
Avaliação = 1.16239

Tempo de execução: 3s

---------------------------

Número de cromossomos: 44
Tamanho da população: 60
Fração elite: 0.3
Fração mutante: 0.7
Probabilidade herdar alelo elite: 0.6
Número de populações independentes: 2
Número de threads: 14
Trocar os melhores indivíduos a cada 100 gerações
Número máximo de gerações: 100

Número de cromossomos: 44
Tamanho da população: 60
Fração elite: 0.3
Fração mutante: 0.7
Probabilidade herdar alelo elite: 0.6
Número de populações independentes: 2
Número de threads: 14
Trocar os melhores indivíduos a cada 100 gerações
Número máximo de gerações: 100

Tamanho da população: 230
Fração elite: 0.15
Fração mutante: 0.2
Probabilidade herdar alelo elite: 0.55
Número de populações independentes: 3
Número de threads: 14
Trocar os melhores indivíduos a cada 40 gerações
Número máximo de gerações: 130
Número máximo de iterações sem melhora: 30
Melhor até agora: 140 Geração: 0
Iteração: 0
Melhor até agora: 139 Geração: 1
Iteração: 0
Melhor até agora: 138 Geração: 3
Iteração: 0
Melhor até agora: 137 Geração: 7
Iteração: 0
Melhor até agora: 136 Geração: 0
Iteração: 1
Melhor até agora: 134 Geração: 6
Iteração: 3
Número de swaps entre camadas = 10
Largura da faixa = 33
Melhor altura = 134

Lower Bound 1 = 117
Lower Bound 2 = 33
Avaliação = 1.1453

Tempo de execução: 4s

---------------------------

Número de cromossomos: 44
Tamanho da população: 60
Fração elite: 0.3
Fração mutante: 0.7
Probabilidade herdar alelo elite: 0.6
Número de populações independentes: 2
Número de threads: 14
Trocar os melhores indivíduos a cada 100 gerações
Número máximo de gerações: 100

Número de cromossomos: 44
Tamanho da população: 60
Fração elite: 0.3
Fração mutante: 0.7
Probabilidade herdar alelo elite: 0.6
Número de populações independentes: 2
Número de threads: 14
Trocar os melhores indivíduos a cada 100 gerações
Número máximo de gerações: 100

Tamanho da população: 230
Fração elite: 0.15
Fração mutante: 0.2
Probabilidade herdar alelo elite: 0.55
Número de populações independentes: 3
Número de threads: 14
Trocar os melhores indivíduos a cada 40 gerações
Número máximo de gerações: 130
Número máximo de iterações sem melhora: 30
Melhor até agora: 144 Geração: 0
Iteração: 0
Melhor até agora: 140 Geração: 1
Iteração: 0
Melhor até agora: 138 Geração: 2
Iteração: 0
Melhor até agora: 137 Geração: 5
Iteração: 0
Melhor até agora: 135 Geração: 23
Iteração: 0
Melhor até agora: 134 Geração: 0
Iteração: 1
Melhor até agora: 133 Geração: 1
Iteração: 2
Melhor até agora: 132 Geração: 0
Iteração: 3
Número de swaps entre camadas = 10
Largura da faixa = 33
Melhor altura = 132

Lower Bound 1 = 117
Lower Bound 2 = 33
Avaliação = 1.12821

Tempo de execução: 4s

---------------------------

Número de cromossomos: 44
Tamanho da população: 60
Fração elite: 0.3
Fração mutante: 0.7
Probabilidade herdar alelo elite: 0.6
Número de populações independentes: 2
Número de threads: 14
Trocar os melhores indivíduos a cada 100 gerações
Número máximo de gerações: 100

Número de cromossomos: 44
Tamanho da população: 60
Fração elite: 0.3
Fração mutante: 0.7
Probabilidade herdar alelo elite: 0.6
Número de populações independentes: 2
Número de threads: 14
Trocar os melhores indivíduos a cada 100 gerações
Número máximo de gerações: 100

Tamanho da população: 230
Fração elite: 0.15
Fração mutante: 0.2
Probabilidade herdar alelo elite: 0.55
Número de populações independentes: 3
Número de threads: 14
Trocar os melhores indivíduos a cada 40 gerações
Número máximo de gerações: 130
Número máximo de iterações sem melhora: 30
Melhor até agora: 138 Geração: 0
Iteração: 0
Melhor até agora: 137 Geração: 12
Iteração: 0
Melhor até agora: 136 Geração: 4
Iteração: 1
Número de swaps entre camadas = 10
Largura da faixa = 33
Melhor altura = 136

Lower Bound 1 = 117
Lower Bound 2 = 33
Avaliação = 1.16239

Tempo de execução: 3s

---------------------------

Número de cromossomos: 44
Tamanho da população: 60
Fração elite: 0.3
Fração mutante: 0.7
Probabilidade herdar alelo elite: 0.6
Número de populações independentes: 2
Número de threads: 14
Trocar os melhores indivíduos a cada 100 gerações
Número máximo de gerações: 100

Número de cromossomos: 44
Tamanho da população: 60
Fração elite: 0.3
Fração mutante: 0.7
Probabilidade herdar alelo elite: 0.6
Número de populações independentes: 2
Número de threads: 14
Trocar os melhores indivíduos a cada 100 gerações
Número máximo de gerações: 100

Tamanho da população: 230
Fração elite: 0.15
Fração mutante: 0.2
Probabilidade herdar alelo elite: 0.55
Número de populações independentes: 3
Número de threads: 14
Trocar os melhores indivíduos a cada 40 gerações
Número máximo de gerações: 130
Número máximo de iterações sem melhora: 30
Melhor até agora: 140 Geração: 0
Iteração: 0
Melhor até agora: 138 Geração: 2
Iteração: 0
Melhor até agora: 137 Geração: 9
Iteração: 0
Número de swaps entre camadas = 10
Largura da faixa = 33
Melhor altura = 137

Lower Bound 1 = 117
Lower Bound 2 = 33
Avaliação = 1.17094

Tempo de execução: 3s

---------------------------

