Tamanho da população: 297
Fração elite: 0.55
Fração mutante: 0.0174
Probabilidade herdar alelo elite: 0.7678
Número de populações independentes: 1
Número de threads: 1
Trocar os melhores indivíduos a cada 30 gerações
Número máximo de gerações: 279

Largura da faixa = 112
Melhor altura = 445

Lower Bound 1 = 357
Lower Bound 2 = 351
Avaliação = 1.2465

Tempo de execução: 2.16058s

---------------------------

Tamanho da população: 297
Fração elite: 0.55
Fração mutante: 0.0174
Probabilidade herdar alelo elite: 0.7678
Número de populações independentes: 1
Número de threads: 1
Trocar os melhores indivíduos a cada 30 gerações
Número máximo de gerações: 279

Largura da faixa = 112
Melhor altura = 445

Lower Bound 1 = 357
Lower Bound 2 = 351
Avaliação = 1.2465

Tempo de execução: 2.17533s

---------------------------

Tamanho da população: 297
Fração elite: 0.55
Fração mutante: 0.0174
Probabilidade herdar alelo elite: 0.7678
Número de populações independentes: 1
Número de threads: 1
Trocar os melhores indivíduos a cada 30 gerações
Número máximo de gerações: 279

Largura da faixa = 112
Melhor altura = 445

Lower Bound 1 = 357
Lower Bound 2 = 351
Avaliação = 1.2465

Tempo de execução: 2.21555s

---------------------------

Tamanho da população: 297
Fração elite: 0.55
Fração mutante: 0.0174
Probabilidade herdar alelo elite: 0.7678
Número de populações independentes: 1
Número de threads: 1
Trocar os melhores indivíduos a cada 30 gerações
Número máximo de gerações: 279

Largura da faixa = 112
Melhor altura = 445

Lower Bound 1 = 357
Lower Bound 2 = 351
Avaliação = 1.2465

Tempo de execução: 2.09808s

---------------------------

Tamanho da população: 297
Fração elite: 0.55
Fração mutante: 0.0174
Probabilidade herdar alelo elite: 0.7678
Número de populações independentes: 1
Número de threads: 1
Trocar os melhores indivíduos a cada 30 gerações
Número máximo de gerações: 279

Largura da faixa = 112
Melhor altura = 445

Lower Bound 1 = 357
Lower Bound 2 = 351
Avaliação = 1.2465

Tempo de execução: 2.10969s

---------------------------

Tamanho da população: 297
Fração elite: 0.55
Fração mutante: 0.0174
Probabilidade herdar alelo elite: 0.7678
Número de populações independentes: 1
Número de threads: 1
Trocar os melhores indivíduos a cada 30 gerações
Número máximo de gerações: 279

Largura da faixa = 112
Melhor altura = 473

Lower Bound 1 = 357
Lower Bound 2 = 351
Avaliação = 1.32493

Tempo de execução: 2.16908s

---------------------------

Tamanho da população: 297
Fração elite: 0.55
Fração mutante: 0.0174
Probabilidade herdar alelo elite: 0.7678
Número de populações independentes: 1
Número de threads: 1
Trocar os melhores indivíduos a cada 30 gerações
Número máximo de gerações: 279

Largura da faixa = 112
Melhor altura = 473

Lower Bound 1 = 357
Lower Bound 2 = 351
Avaliação = 1.32493

Tempo de execução: 2.15601s

---------------------------

Tamanho da população: 297
Fração elite: 0.55
Fração mutante: 0.0174
Probabilidade herdar alelo elite: 0.7678
Número de populações independentes: 1
Número de threads: 1
Trocar os melhores indivíduos a cada 30 gerações
Número máximo de gerações: 279

Largura da faixa = 112
Melhor altura = 473

Lower Bound 1 = 357
Lower Bound 2 = 351
Avaliação = 1.32493

Tempo de execução: 2.16861s

---------------------------

Tamanho da população: 297
Fração elite: 0.55
Fração mutante: 0.0174
Probabilidade herdar alelo elite: 0.7678
Número de populações independentes: 1
Número de threads: 1
Trocar os melhores indivíduos a cada 30 gerações
Número máximo de gerações: 279

Largura da faixa = 112
Melhor altura = 461

Lower Bound 1 = 357
Lower Bound 2 = 351
Avaliação = 1.29132

Tempo de execução: 2.25682s

---------------------------

Tamanho da população: 297
Fração elite: 0.55
Fração mutante: 0.0174
Probabilidade herdar alelo elite: 0.7678
Número de populações independentes: 1
Número de threads: 1
Trocar os melhores indivíduos a cada 30 gerações
Número máximo de gerações: 279

Largura da faixa = 112
Melhor altura = 461

Lower Bound 1 = 357
Lower Bound 2 = 351
Avaliação = 1.29132

Tempo de execução: 2.12512s

---------------------------

Tamanho da população: 297
Fração elite: 0.55
Fração mutante: 0.0174
Probabilidade herdar alelo elite: 0.7678
Número de populações independentes: 1
Número de threads: 1
Trocar os melhores indivíduos a cada 30 gerações
Número máximo de gerações: 279

Largura da faixa = 112
Melhor altura = 458

Lower Bound 1 = 357
Lower Bound 2 = 351
Avaliação = 1.28291

Tempo de execução: 2.12894s

---------------------------

Tamanho da população: 297
Fração elite: 0.55
Fração mutante: 0.0174
Probabilidade herdar alelo elite: 0.7678
Número de populações independentes: 1
Número de threads: 1
Trocar os melhores indivíduos a cada 30 gerações
Número máximo de gerações: 279

Largura da faixa = 112
Melhor altura = 465

Lower Bound 1 = 357
Lower Bound 2 = 351
Avaliação = 1.30252

Tempo de execução: 2.13737s

---------------------------

Tamanho da população: 297
Fração elite: 0.55
Fração mutante: 0.0174
Probabilidade herdar alelo elite: 0.7678
Número de populações independentes: 1
Número de threads: 1
Trocar os melhores indivíduos a cada 30 gerações
Número máximo de gerações: 279

Largura da faixa = 112
Melhor altura = 458

Lower Bound 1 = 357
Lower Bound 2 = 351
Avaliação = 1.28291

Tempo de execução: 2.08565s

---------------------------

Tamanho da população: 297
Fração elite: 0.55
Fração mutante: 0.0174
Probabilidade herdar alelo elite: 0.7678
Número de populações independentes: 1
Número de threads: 1
Trocar os melhores indivíduos a cada 30 gerações
Número máximo de gerações: 279

Largura da faixa = 112
Melhor altura = 445

Lower Bound 1 = 357
Lower Bound 2 = 351
Avaliação = 1.2465

Tempo de execução: 2.09611s

---------------------------

Tamanho da população: 297
Fração elite: 0.55
Fração mutante: 0.0174
Probabilidade herdar alelo elite: 0.7678
Número de populações independentes: 1
Número de threads: 1
Trocar os melhores indivíduos a cada 30 gerações
Número máximo de gerações: 279

Largura da faixa = 112
Melhor altura = 445

Lower Bound 1 = 357
Lower Bound 2 = 351
Avaliação = 1.2465

Tempo de execução: 2.1308s

---------------------------

Tamanho da população: 297
Fração elite: 0.55
Fração mutante: 0.0174
Probabilidade herdar alelo elite: 0.7678
Número de populações independentes: 1
Número de threads: 1
Trocar os melhores indivíduos a cada 30 gerações
Número máximo de gerações: 279

Largura da faixa = 112
Melhor altura = 445

Lower Bound 1 = 357
Lower Bound 2 = 351
Avaliação = 1.2465

Tempo de execução: 2.15462s

---------------------------

Tamanho da população: 297
Fração elite: 0.55
Fração mutante: 0.0174
Probabilidade herdar alelo elite: 0.7678
Número de populações independentes: 1
Número de threads: 1
Trocar os melhores indivíduos a cada 30 gerações
Número máximo de gerações: 279

Largura da faixa = 112
Melhor altura = 461

Lower Bound 1 = 357
Lower Bound 2 = 351
Avaliação = 1.29132

Tempo de execução: 2.15896s

---------------------------

Tamanho da população: 297
Fração elite: 0.55
Fração mutante: 0.0174
Probabilidade herdar alelo elite: 0.7678
Número de populações independentes: 1
Número de threads: 1
Trocar os melhores indivíduos a cada 30 gerações
Número máximo de gerações: 279

Largura da faixa = 112
Melhor altura = 458

Lower Bound 1 = 357
Lower Bound 2 = 351
Avaliação = 1.28291

Tempo de execução: 2.16875s

---------------------------

Tamanho da população: 297
Fração elite: 0.55
Fração mutante: 0.0174
Probabilidade herdar alelo elite: 0.7678
Número de populações independentes: 1
Número de threads: 1
Trocar os melhores indivíduos a cada 30 gerações
Número máximo de gerações: 279

Largura da faixa = 112
Melhor altura = 473

Lower Bound 1 = 357
Lower Bound 2 = 351
Avaliação = 1.32493

Tempo de execução: 2.09029s

---------------------------

Tamanho da população: 297
Fração elite: 0.55
Fração mutante: 0.0174
Probabilidade herdar alelo elite: 0.7678
Número de populações independentes: 1
Número de threads: 1
Trocar os melhores indivíduos a cada 30 gerações
Número máximo de gerações: 279

Largura da faixa = 112
Melhor altura = 445

Lower Bound 1 = 357
Lower Bound 2 = 351
Avaliação = 1.2465

Tempo de execução: 2.13774s

---------------------------

