Tamanho da população: 475
Fração elite: 0.2121
Fração mutante: 0.0442
Probabilidade herdar alelo elite: 0.6514
Número de populações independentes: 3
Troca de informação de 4 individuos a cada 241 gerações
Número de threads: 1

Largura da faixa = 109
Melhor altura = 418

Lower Bound 1 = 366
Lower Bound 2 = 313
Avaliação = 1.14208

Tempo de execução: 60.0106s

---------------------------

Tamanho da população: 475
Fração elite: 0.2121
Fração mutante: 0.0442
Probabilidade herdar alelo elite: 0.6514
Número de populações independentes: 3
Troca de informação de 4 individuos a cada 241 gerações
Número de threads: 1

Largura da faixa = 109
Melhor altura = 417

Lower Bound 1 = 366
Lower Bound 2 = 313
Avaliação = 1.13934

Tempo de execução: 60.0276s

---------------------------

Tamanho da população: 475
Fração elite: 0.2121
Fração mutante: 0.0442
Probabilidade herdar alelo elite: 0.6514
Número de populações independentes: 3
Troca de informação de 4 individuos a cada 241 gerações
Número de threads: 1

Largura da faixa = 109
Melhor altura = 421

Lower Bound 1 = 366
Lower Bound 2 = 313
Avaliação = 1.15027

Tempo de execução: 60.043s

---------------------------

Tamanho da população: 475
Fração elite: 0.2121
Fração mutante: 0.0442
Probabilidade herdar alelo elite: 0.6514
Número de populações independentes: 3
Troca de informação de 4 individuos a cada 241 gerações
Número de threads: 1

Largura da faixa = 109
Melhor altura = 416

Lower Bound 1 = 366
Lower Bound 2 = 313
Avaliação = 1.13661

Tempo de execução: 60.0576s

---------------------------

Tamanho da população: 475
Fração elite: 0.2121
Fração mutante: 0.0442
Probabilidade herdar alelo elite: 0.6514
Número de populações independentes: 3
Troca de informação de 4 individuos a cada 241 gerações
Número de threads: 1

Largura da faixa = 109
Melhor altura = 422

Lower Bound 1 = 366
Lower Bound 2 = 313
Avaliação = 1.15301

Tempo de execução: 60.0582s

---------------------------

Tamanho da população: 475
Fração elite: 0.2121
Fração mutante: 0.0442
Probabilidade herdar alelo elite: 0.6514
Número de populações independentes: 3
Troca de informação de 4 individuos a cada 241 gerações
Número de threads: 1

Largura da faixa = 109
Melhor altura = 425

Lower Bound 1 = 366
Lower Bound 2 = 313
Avaliação = 1.1612

Tempo de execução: 60.0605s

---------------------------

Tamanho da população: 475
Fração elite: 0.2121
Fração mutante: 0.0442
Probabilidade herdar alelo elite: 0.6514
Número de populações independentes: 3
Troca de informação de 4 individuos a cada 241 gerações
Número de threads: 1

Largura da faixa = 109
Melhor altura = 429

Lower Bound 1 = 366
Lower Bound 2 = 313
Avaliação = 1.17213

Tempo de execução: 60.0017s

---------------------------

Tamanho da população: 475
Fração elite: 0.2121
Fração mutante: 0.0442
Probabilidade herdar alelo elite: 0.6514
Número de populações independentes: 3
Troca de informação de 4 individuos a cada 241 gerações
Número de threads: 1

Largura da faixa = 109
Melhor altura = 419

Lower Bound 1 = 366
Lower Bound 2 = 313
Avaliação = 1.14481

Tempo de execução: 60.0113s

---------------------------

Tamanho da população: 475
Fração elite: 0.2121
Fração mutante: 0.0442
Probabilidade herdar alelo elite: 0.6514
Número de populações independentes: 3
Troca de informação de 4 individuos a cada 241 gerações
Número de threads: 1

Largura da faixa = 109
Melhor altura = 416

Lower Bound 1 = 366
Lower Bound 2 = 313
Avaliação = 1.13661

Tempo de execução: 60.0131s

---------------------------

Tamanho da população: 475
Fração elite: 0.2121
Fração mutante: 0.0442
Probabilidade herdar alelo elite: 0.6514
Número de populações independentes: 3
Troca de informação de 4 individuos a cada 241 gerações
Número de threads: 1

Largura da faixa = 109
Melhor altura = 421

Lower Bound 1 = 366
Lower Bound 2 = 313
Avaliação = 1.15027

Tempo de execução: 60.0471s

---------------------------

Tamanho da população: 475
Fração elite: 0.2121
Fração mutante: 0.0442
Probabilidade herdar alelo elite: 0.6514
Número de populações independentes: 3
Troca de informação de 4 individuos a cada 241 gerações
Número de threads: 1

Largura da faixa = 109
Melhor altura = 417

Lower Bound 1 = 366
Lower Bound 2 = 313
Avaliação = 1.13934

Tempo de execução: 60.0485s

---------------------------

Tamanho da população: 475
Fração elite: 0.2121
Fração mutante: 0.0442
Probabilidade herdar alelo elite: 0.6514
Número de populações independentes: 3
Troca de informação de 4 individuos a cada 241 gerações
Número de threads: 1

Largura da faixa = 109
Melhor altura = 422

Lower Bound 1 = 366
Lower Bound 2 = 313
Avaliação = 1.15301

Tempo de execução: 60.05s

---------------------------

Tamanho da população: 475
Fração elite: 0.2121
Fração mutante: 0.0442
Probabilidade herdar alelo elite: 0.6514
Número de populações independentes: 3
Troca de informação de 4 individuos a cada 241 gerações
Número de threads: 1

Largura da faixa = 109
Melhor altura = 422

Lower Bound 1 = 366
Lower Bound 2 = 313
Avaliação = 1.15301

Tempo de execução: 60.0066s

---------------------------

Tamanho da população: 475
Fração elite: 0.2121
Fração mutante: 0.0442
Probabilidade herdar alelo elite: 0.6514
Número de populações independentes: 3
Troca de informação de 4 individuos a cada 241 gerações
Número de threads: 1

Largura da faixa = 109
Melhor altura = 425

Lower Bound 1 = 366
Lower Bound 2 = 313
Avaliação = 1.1612

Tempo de execução: 60.0186s

---------------------------

Tamanho da população: 475
Fração elite: 0.2121
Fração mutante: 0.0442
Probabilidade herdar alelo elite: 0.6514
Número de populações independentes: 3
Troca de informação de 4 individuos a cada 241 gerações
Número de threads: 1

Largura da faixa = 109
Melhor altura = 418

Lower Bound 1 = 366
Lower Bound 2 = 313
Avaliação = 1.14208

Tempo de execução: 60.0259s

---------------------------

Tamanho da população: 475
Fração elite: 0.2121
Fração mutante: 0.0442
Probabilidade herdar alelo elite: 0.6514
Número de populações independentes: 3
Troca de informação de 4 individuos a cada 241 gerações
Número de threads: 1

Largura da faixa = 109
Melhor altura = 415

Lower Bound 1 = 366
Lower Bound 2 = 313
Avaliação = 1.13388

Tempo de execução: 60.0355s

---------------------------

Tamanho da população: 475
Fração elite: 0.2121
Fração mutante: 0.0442
Probabilidade herdar alelo elite: 0.6514
Número de populações independentes: 3
Troca de informação de 4 individuos a cada 241 gerações
Número de threads: 1

Largura da faixa = 109
Melhor altura = 423

Lower Bound 1 = 366
Lower Bound 2 = 313
Avaliação = 1.15574

Tempo de execução: 60.0362s

---------------------------

Tamanho da população: 475
Fração elite: 0.2121
Fração mutante: 0.0442
Probabilidade herdar alelo elite: 0.6514
Número de populações independentes: 3
Troca de informação de 4 individuos a cada 241 gerações
Número de threads: 1

Largura da faixa = 109
Melhor altura = 419

Lower Bound 1 = 366
Lower Bound 2 = 313
Avaliação = 1.14481

Tempo de execução: 60.0413s

---------------------------

Tamanho da população: 475
Fração elite: 0.2121
Fração mutante: 0.0442
Probabilidade herdar alelo elite: 0.6514
Número de populações independentes: 3
Troca de informação de 4 individuos a cada 241 gerações
Número de threads: 1

Largura da faixa = 109
Melhor altura = 421

Lower Bound 1 = 366
Lower Bound 2 = 313
Avaliação = 1.15027

Tempo de execução: 60.0031s

---------------------------

Tamanho da população: 475
Fração elite: 0.2121
Fração mutante: 0.0442
Probabilidade herdar alelo elite: 0.6514
Número de populações independentes: 3
Troca de informação de 4 individuos a cada 241 gerações
Número de threads: 1

Largura da faixa = 109
Melhor altura = 426

Lower Bound 1 = 366
Lower Bound 2 = 313
Avaliação = 1.16393

Tempo de execução: 60.0306s
