Tamanho da população: 297
Fração elite: 0.55
Fração mutante: 0.0174
Probabilidade herdar alelo elite: 0.7678
Número de populações independentes: 1
Número de threads: 1
Trocar os melhores indivíduos a cada 30 gerações
Número máximo de gerações: 279

Largura da faixa = 165
Melhor altura = 276

Lower Bound 1 = 242
Lower Bound 2 = 267
Avaliação = 1.03371

Tempo de execução: 2.71959s

---------------------------

Tamanho da população: 297
Fração elite: 0.55
Fração mutante: 0.0174
Probabilidade herdar alelo elite: 0.7678
Número de populações independentes: 1
Número de threads: 1
Trocar os melhores indivíduos a cada 30 gerações
Número máximo de gerações: 279

Largura da faixa = 165
Melhor altura = 276

Lower Bound 1 = 242
Lower Bound 2 = 267
Avaliação = 1.03371

Tempo de execução: 2.81986s

---------------------------

Tamanho da população: 297
Fração elite: 0.55
Fração mutante: 0.0174
Probabilidade herdar alelo elite: 0.7678
Número de populações independentes: 1
Número de threads: 1
Trocar os melhores indivíduos a cada 30 gerações
Número máximo de gerações: 279

Largura da faixa = 165
Melhor altura = 276

Lower Bound 1 = 242
Lower Bound 2 = 267
Avaliação = 1.03371

Tempo de execução: 2.86735s

---------------------------

Tamanho da população: 297
Fração elite: 0.55
Fração mutante: 0.0174
Probabilidade herdar alelo elite: 0.7678
Número de populações independentes: 1
Número de threads: 1
Trocar os melhores indivíduos a cada 30 gerações
Número máximo de gerações: 279

Largura da faixa = 165
Melhor altura = 276

Lower Bound 1 = 242
Lower Bound 2 = 267
Avaliação = 1.03371

Tempo de execução: 2.71518s

---------------------------

Tamanho da população: 297
Fração elite: 0.55
Fração mutante: 0.0174
Probabilidade herdar alelo elite: 0.7678
Número de populações independentes: 1
Número de threads: 1
Trocar os melhores indivíduos a cada 30 gerações
Número máximo de gerações: 279

Largura da faixa = 165
Melhor altura = 276

Lower Bound 1 = 242
Lower Bound 2 = 267
Avaliação = 1.03371

Tempo de execução: 2.88171s

---------------------------

Tamanho da população: 297
Fração elite: 0.55
Fração mutante: 0.0174
Probabilidade herdar alelo elite: 0.7678
Número de populações independentes: 1
Número de threads: 1
Trocar os melhores indivíduos a cada 30 gerações
Número máximo de gerações: 279

Largura da faixa = 165
Melhor altura = 276

Lower Bound 1 = 242
Lower Bound 2 = 267
Avaliação = 1.03371

Tempo de execução: 2.90385s

---------------------------

Tamanho da população: 297
Fração elite: 0.55
Fração mutante: 0.0174
Probabilidade herdar alelo elite: 0.7678
Número de populações independentes: 1
Número de threads: 1
Trocar os melhores indivíduos a cada 30 gerações
Número máximo de gerações: 279

Largura da faixa = 165
Melhor altura = 276

Lower Bound 1 = 242
Lower Bound 2 = 267
Avaliação = 1.03371

Tempo de execução: 2.75196s

---------------------------

Tamanho da população: 297
Fração elite: 0.55
Fração mutante: 0.0174
Probabilidade herdar alelo elite: 0.7678
Número de populações independentes: 1
Número de threads: 1
Trocar os melhores indivíduos a cada 30 gerações
Número máximo de gerações: 279

Largura da faixa = 165
Melhor altura = 286

Lower Bound 1 = 242
Lower Bound 2 = 267
Avaliação = 1.07116

Tempo de execução: 2.84297s

---------------------------

Tamanho da população: 297
Fração elite: 0.55
Fração mutante: 0.0174
Probabilidade herdar alelo elite: 0.7678
Número de populações independentes: 1
Número de threads: 1
Trocar os melhores indivíduos a cada 30 gerações
Número máximo de gerações: 279

Largura da faixa = 165
Melhor altura = 276

Lower Bound 1 = 242
Lower Bound 2 = 267
Avaliação = 1.03371

Tempo de execução: 2.87113s

---------------------------

Tamanho da população: 297
Fração elite: 0.55
Fração mutante: 0.0174
Probabilidade herdar alelo elite: 0.7678
Número de populações independentes: 1
Número de threads: 1
Trocar os melhores indivíduos a cada 30 gerações
Número máximo de gerações: 279

Largura da faixa = 165
Melhor altura = 277

Lower Bound 1 = 242
Lower Bound 2 = 267
Avaliação = 1.03745

Tempo de execução: 2.70166s

---------------------------

Tamanho da população: 297
Fração elite: 0.55
Fração mutante: 0.0174
Probabilidade herdar alelo elite: 0.7678
Número de populações independentes: 1
Número de threads: 1
Trocar os melhores indivíduos a cada 30 gerações
Número máximo de gerações: 279

Largura da faixa = 165
Melhor altura = 276

Lower Bound 1 = 242
Lower Bound 2 = 267
Avaliação = 1.03371

Tempo de execução: 2.75926s

---------------------------

Tamanho da população: 297
Fração elite: 0.55
Fração mutante: 0.0174
Probabilidade herdar alelo elite: 0.7678
Número de populações independentes: 1
Número de threads: 1
Trocar os melhores indivíduos a cada 30 gerações
Número máximo de gerações: 279

Largura da faixa = 165
Melhor altura = 276

Lower Bound 1 = 242
Lower Bound 2 = 267
Avaliação = 1.03371

Tempo de execução: 2.82457s

---------------------------

Tamanho da população: 297
Fração elite: 0.55
Fração mutante: 0.0174
Probabilidade herdar alelo elite: 0.7678
Número de populações independentes: 1
Número de threads: 1
Trocar os melhores indivíduos a cada 30 gerações
Número máximo de gerações: 279

Largura da faixa = 165
Melhor altura = 276

Lower Bound 1 = 242
Lower Bound 2 = 267
Avaliação = 1.03371

Tempo de execução: 2.82789s

---------------------------

Tamanho da população: 297
Fração elite: 0.55
Fração mutante: 0.0174
Probabilidade herdar alelo elite: 0.7678
Número de populações independentes: 1
Número de threads: 1
Trocar os melhores indivíduos a cada 30 gerações
Número máximo de gerações: 279

Largura da faixa = 165
Melhor altura = 276

Lower Bound 1 = 242
Lower Bound 2 = 267
Avaliação = 1.03371

Tempo de execução: 2.86078s

---------------------------

Tamanho da população: 297
Fração elite: 0.55
Fração mutante: 0.0174
Probabilidade herdar alelo elite: 0.7678
Número de populações independentes: 1
Número de threads: 1
Trocar os melhores indivíduos a cada 30 gerações
Número máximo de gerações: 279

Largura da faixa = 165
Melhor altura = 286

Lower Bound 1 = 242
Lower Bound 2 = 267
Avaliação = 1.07116

Tempo de execução: 2.89815s

---------------------------

Tamanho da população: 297
Fração elite: 0.55
Fração mutante: 0.0174
Probabilidade herdar alelo elite: 0.7678
Número de populações independentes: 1
Número de threads: 1
Trocar os melhores indivíduos a cada 30 gerações
Número máximo de gerações: 279

Largura da faixa = 165
Melhor altura = 286

Lower Bound 1 = 242
Lower Bound 2 = 267
Avaliação = 1.07116

Tempo de execução: 2.73784s

---------------------------

Tamanho da população: 297
Fração elite: 0.55
Fração mutante: 0.0174
Probabilidade herdar alelo elite: 0.7678
Número de populações independentes: 1
Número de threads: 1
Trocar os melhores indivíduos a cada 30 gerações
Número máximo de gerações: 279

Largura da faixa = 165
Melhor altura = 276

Lower Bound 1 = 242
Lower Bound 2 = 267
Avaliação = 1.03371

Tempo de execução: 2.75761s

---------------------------

Tamanho da população: 297
Fração elite: 0.55
Fração mutante: 0.0174
Probabilidade herdar alelo elite: 0.7678
Número de populações independentes: 1
Número de threads: 1
Trocar os melhores indivíduos a cada 30 gerações
Número máximo de gerações: 279

Largura da faixa = 165
Melhor altura = 276

Lower Bound 1 = 242
Lower Bound 2 = 267
Avaliação = 1.03371

Tempo de execução: 2.81824s

---------------------------

Tamanho da população: 297
Fração elite: 0.55
Fração mutante: 0.0174
Probabilidade herdar alelo elite: 0.7678
Número de populações independentes: 1
Número de threads: 1
Trocar os melhores indivíduos a cada 30 gerações
Número máximo de gerações: 279

Largura da faixa = 165
Melhor altura = 286

Lower Bound 1 = 242
Lower Bound 2 = 267
Avaliação = 1.07116

Tempo de execução: 2.68193s

---------------------------

Tamanho da população: 297
Fração elite: 0.55
Fração mutante: 0.0174
Probabilidade herdar alelo elite: 0.7678
Número de populações independentes: 1
Número de threads: 1
Trocar os melhores indivíduos a cada 30 gerações
Número máximo de gerações: 279

Largura da faixa = 165
Melhor altura = 276

Lower Bound 1 = 242
Lower Bound 2 = 267
Avaliação = 1.03371

Tempo de execução: 2.78864s

---------------------------

