Tamanho da população: 475
Fração elite: 0.2121
Fração mutante: 0.0442
Probabilidade herdar alelo elite: 0.6514
Número de populações independentes: 3
Troca de informação de 4 individuos a cada 241 gerações
Número de threads: 1

Largura da faixa = 123
Melhor altura = 387

Lower Bound 1 = 325
Lower Bound 2 = 252
Avaliação = 1.19077

Tempo de execução: 60.0034s

---------------------------

Tamanho da população: 475
Fração elite: 0.2121
Fração mutante: 0.0442
Probabilidade herdar alelo elite: 0.6514
Número de populações independentes: 3
Troca de informação de 4 individuos a cada 241 gerações
Número de threads: 1

Largura da faixa = 123
Melhor altura = 387

Lower Bound 1 = 325
Lower Bound 2 = 252
Avaliação = 1.19077

Tempo de execução: 60.0036s

---------------------------

Tamanho da população: 475
Fração elite: 0.2121
Fração mutante: 0.0442
Probabilidade herdar alelo elite: 0.6514
Número de populações independentes: 3
Troca de informação de 4 individuos a cada 241 gerações
Número de threads: 1

Largura da faixa = 123
Melhor altura = 387

Lower Bound 1 = 325
Lower Bound 2 = 252
Avaliação = 1.19077

Tempo de execução: 60.0122s

---------------------------

Tamanho da população: 475
Fração elite: 0.2121
Fração mutante: 0.0442
Probabilidade herdar alelo elite: 0.6514
Número de populações independentes: 3
Troca de informação de 4 individuos a cada 241 gerações
Número de threads: 1

Largura da faixa = 123
Melhor altura = 387

Lower Bound 1 = 325
Lower Bound 2 = 252
Avaliação = 1.19077

Tempo de execução: 60.0127s

---------------------------

Tamanho da população: 475
Fração elite: 0.2121
Fração mutante: 0.0442
Probabilidade herdar alelo elite: 0.6514
Número de populações independentes: 3
Troca de informação de 4 individuos a cada 241 gerações
Número de threads: 1

Largura da faixa = 123
Melhor altura = 387

Lower Bound 1 = 325
Lower Bound 2 = 252
Avaliação = 1.19077

Tempo de execução: 60.0146s

---------------------------

Tamanho da população: 475
Fração elite: 0.2121
Fração mutante: 0.0442
Probabilidade herdar alelo elite: 0.6514
Número de populações independentes: 3
Troca de informação de 4 individuos a cada 241 gerações
Número de threads: 1

Largura da faixa = 123
Melhor altura = 387

Lower Bound 1 = 325
Lower Bound 2 = 252
Avaliação = 1.19077

Tempo de execução: 60.0148s

---------------------------

Tamanho da população: 475
Fração elite: 0.2121
Fração mutante: 0.0442
Probabilidade herdar alelo elite: 0.6514
Número de populações independentes: 3
Troca de informação de 4 individuos a cada 241 gerações
Número de threads: 1

Largura da faixa = 123
Melhor altura = 387

Lower Bound 1 = 325
Lower Bound 2 = 252
Avaliação = 1.19077

Tempo de execução: 60.004s

---------------------------

Tamanho da população: 475
Fração elite: 0.2121
Fração mutante: 0.0442
Probabilidade herdar alelo elite: 0.6514
Número de populações independentes: 3
Troca de informação de 4 individuos a cada 241 gerações
Número de threads: 1

Largura da faixa = 123
Melhor altura = 387

Lower Bound 1 = 325
Lower Bound 2 = 252
Avaliação = 1.19077

Tempo de execução: 60.0043s

---------------------------

Tamanho da população: 475
Fração elite: 0.2121
Fração mutante: 0.0442
Probabilidade herdar alelo elite: 0.6514
Número de populações independentes: 3
Troca de informação de 4 individuos a cada 241 gerações
Número de threads: 1

Largura da faixa = 123
Melhor altura = 387

Lower Bound 1 = 325
Lower Bound 2 = 252
Avaliação = 1.19077

Tempo de execução: 60.0047s

---------------------------

Tamanho da população: 475
Fração elite: 0.2121
Fração mutante: 0.0442
Probabilidade herdar alelo elite: 0.6514
Número de populações independentes: 3
Troca de informação de 4 individuos a cada 241 gerações
Número de threads: 1

Largura da faixa = 123
Melhor altura = 387

Lower Bound 1 = 325
Lower Bound 2 = 252
Avaliação = 1.19077

Tempo de execução: 60.0125s

---------------------------

Tamanho da população: 475
Fração elite: 0.2121
Fração mutante: 0.0442
Probabilidade herdar alelo elite: 0.6514
Número de populações independentes: 3
Troca de informação de 4 individuos a cada 241 gerações
Número de threads: 1

Largura da faixa = 123
Melhor altura = 387

Lower Bound 1 = 325
Lower Bound 2 = 252
Avaliação = 1.19077

Tempo de execução: 60.0176s

---------------------------

Tamanho da população: 475
Fração elite: 0.2121
Fração mutante: 0.0442
Probabilidade herdar alelo elite: 0.6514
Número de populações independentes: 3
Troca de informação de 4 individuos a cada 241 gerações
Número de threads: 1

Largura da faixa = 123
Melhor altura = 387

Lower Bound 1 = 325
Lower Bound 2 = 252
Avaliação = 1.19077

Tempo de execução: 60.0168s

---------------------------

Tamanho da população: 475
Fração elite: 0.2121
Fração mutante: 0.0442
Probabilidade herdar alelo elite: 0.6514
Número de populações independentes: 3
Troca de informação de 4 individuos a cada 241 gerações
Número de threads: 1

Largura da faixa = 123
Melhor altura = 387

Lower Bound 1 = 325
Lower Bound 2 = 252
Avaliação = 1.19077

Tempo de execução: 60.0042s

---------------------------

Tamanho da população: 475
Fração elite: 0.2121
Fração mutante: 0.0442
Probabilidade herdar alelo elite: 0.6514
Número de populações independentes: 3
Troca de informação de 4 individuos a cada 241 gerações
Número de threads: 1

Largura da faixa = 123
Melhor altura = 387

Lower Bound 1 = 325
Lower Bound 2 = 252
Avaliação = 1.19077

Tempo de execução: 60.0057s

---------------------------

Tamanho da população: 475
Fração elite: 0.2121
Fração mutante: 0.0442
Probabilidade herdar alelo elite: 0.6514
Número de populações independentes: 3
Troca de informação de 4 individuos a cada 241 gerações
Número de threads: 1

Largura da faixa = 123
Melhor altura = 387

Lower Bound 1 = 325
Lower Bound 2 = 252
Avaliação = 1.19077

Tempo de execução: 60.0085s

---------------------------

Tamanho da população: 475
Fração elite: 0.2121
Fração mutante: 0.0442
Probabilidade herdar alelo elite: 0.6514
Número de populações independentes: 3
Troca de informação de 4 individuos a cada 241 gerações
Número de threads: 1

Largura da faixa = 123
Melhor altura = 387

Lower Bound 1 = 325
Lower Bound 2 = 252
Avaliação = 1.19077

Tempo de execução: 60.013s

---------------------------

Tamanho da população: 475
Fração elite: 0.2121
Fração mutante: 0.0442
Probabilidade herdar alelo elite: 0.6514
Número de populações independentes: 3
Troca de informação de 4 individuos a cada 241 gerações
Número de threads: 1

Largura da faixa = 123
Melhor altura = 387

Lower Bound 1 = 325
Lower Bound 2 = 252
Avaliação = 1.19077

Tempo de execução: 60.0156s

---------------------------

Tamanho da população: 475
Fração elite: 0.2121
Fração mutante: 0.0442
Probabilidade herdar alelo elite: 0.6514
Número de populações independentes: 3
Troca de informação de 4 individuos a cada 241 gerações
Número de threads: 1

Largura da faixa = 123
Melhor altura = 387

Lower Bound 1 = 325
Lower Bound 2 = 252
Avaliação = 1.19077

Tempo de execução: 60.0167s

---------------------------

Tamanho da população: 475
Fração elite: 0.2121
Fração mutante: 0.0442
Probabilidade herdar alelo elite: 0.6514
Número de populações independentes: 3
Troca de informação de 4 individuos a cada 241 gerações
Número de threads: 1

Largura da faixa = 123
Melhor altura = 387

Lower Bound 1 = 325
Lower Bound 2 = 252
Avaliação = 1.19077

Tempo de execução: 60.0003s

---------------------------

Tamanho da população: 475
Fração elite: 0.2121
Fração mutante: 0.0442
Probabilidade herdar alelo elite: 0.6514
Número de populações independentes: 3
Troca de informação de 4 individuos a cada 241 gerações
Número de threads: 1

Largura da faixa = 123
Melhor altura = 387

Lower Bound 1 = 325
Lower Bound 2 = 252
Avaliação = 1.19077

Tempo de execução: 60.0068s
