Tamanho da população: 297
Fração elite: 0.55
Fração mutante: 0.0174
Probabilidade herdar alelo elite: 0.7678
Número de populações independentes: 1
Número de threads: 1
Trocar os melhores indivíduos a cada 30 gerações
Número máximo de gerações: 279

Largura da faixa = 180
Melhor altura = 254

Lower Bound 1 = 222
Lower Bound 2 = 180
Avaliação = 1.14414

Tempo de execução: 2.41568s

---------------------------

Tamanho da população: 297
Fração elite: 0.55
Fração mutante: 0.0174
Probabilidade herdar alelo elite: 0.7678
Número de populações independentes: 1
Número de threads: 1
Trocar os melhores indivíduos a cada 30 gerações
Número máximo de gerações: 279

Largura da faixa = 180
Melhor altura = 264

Lower Bound 1 = 222
Lower Bound 2 = 180
Avaliação = 1.18919

Tempo de execução: 2.45166s

---------------------------

Tamanho da população: 297
Fração elite: 0.55
Fração mutante: 0.0174
Probabilidade herdar alelo elite: 0.7678
Número de populações independentes: 1
Número de threads: 1
Trocar os melhores indivíduos a cada 30 gerações
Número máximo de gerações: 279

Largura da faixa = 180
Melhor altura = 254

Lower Bound 1 = 222
Lower Bound 2 = 180
Avaliação = 1.14414

Tempo de execução: 2.5036s

---------------------------

Tamanho da população: 297
Fração elite: 0.55
Fração mutante: 0.0174
Probabilidade herdar alelo elite: 0.7678
Número de populações independentes: 1
Número de threads: 1
Trocar os melhores indivíduos a cada 30 gerações
Número máximo de gerações: 279

Largura da faixa = 180
Melhor altura = 265

Lower Bound 1 = 222
Lower Bound 2 = 180
Avaliação = 1.19369

Tempo de execução: 2.29541s

---------------------------

Tamanho da população: 297
Fração elite: 0.55
Fração mutante: 0.0174
Probabilidade herdar alelo elite: 0.7678
Número de populações independentes: 1
Número de threads: 1
Trocar os melhores indivíduos a cada 30 gerações
Número máximo de gerações: 279

Largura da faixa = 180
Melhor altura = 265

Lower Bound 1 = 222
Lower Bound 2 = 180
Avaliação = 1.19369

Tempo de execução: 2.40692s

---------------------------

Tamanho da população: 297
Fração elite: 0.55
Fração mutante: 0.0174
Probabilidade herdar alelo elite: 0.7678
Número de populações independentes: 1
Número de threads: 1
Trocar os melhores indivíduos a cada 30 gerações
Número máximo de gerações: 279

Largura da faixa = 180
Melhor altura = 254

Lower Bound 1 = 222
Lower Bound 2 = 180
Avaliação = 1.14414

Tempo de execução: 2.53136s

---------------------------

Tamanho da população: 297
Fração elite: 0.55
Fração mutante: 0.0174
Probabilidade herdar alelo elite: 0.7678
Número de populações independentes: 1
Número de threads: 1
Trocar os melhores indivíduos a cada 30 gerações
Número máximo de gerações: 279

Largura da faixa = 180
Melhor altura = 264

Lower Bound 1 = 222
Lower Bound 2 = 180
Avaliação = 1.18919

Tempo de execução: 2.43207s

---------------------------

Tamanho da população: 297
Fração elite: 0.55
Fração mutante: 0.0174
Probabilidade herdar alelo elite: 0.7678
Número de populações independentes: 1
Número de threads: 1
Trocar os melhores indivíduos a cada 30 gerações
Número máximo de gerações: 279

Largura da faixa = 180
Melhor altura = 254

Lower Bound 1 = 222
Lower Bound 2 = 180
Avaliação = 1.14414

Tempo de execução: 2.4504s

---------------------------

Tamanho da população: 297
Fração elite: 0.55
Fração mutante: 0.0174
Probabilidade herdar alelo elite: 0.7678
Número de populações independentes: 1
Número de threads: 1
Trocar os melhores indivíduos a cada 30 gerações
Número máximo de gerações: 279

Largura da faixa = 180
Melhor altura = 254

Lower Bound 1 = 222
Lower Bound 2 = 180
Avaliação = 1.14414

Tempo de execução: 2.48887s

---------------------------

Tamanho da população: 297
Fração elite: 0.55
Fração mutante: 0.0174
Probabilidade herdar alelo elite: 0.7678
Número de populações independentes: 1
Número de threads: 1
Trocar os melhores indivíduos a cada 30 gerações
Número máximo de gerações: 279

Largura da faixa = 180
Melhor altura = 254

Lower Bound 1 = 222
Lower Bound 2 = 180
Avaliação = 1.14414

Tempo de execução: 2.43178s

---------------------------

Tamanho da população: 297
Fração elite: 0.55
Fração mutante: 0.0174
Probabilidade herdar alelo elite: 0.7678
Número de populações independentes: 1
Número de threads: 1
Trocar os melhores indivíduos a cada 30 gerações
Número máximo de gerações: 279

Largura da faixa = 180
Melhor altura = 253

Lower Bound 1 = 222
Lower Bound 2 = 180
Avaliação = 1.13964

Tempo de execução: 2.46592s

---------------------------

Tamanho da população: 297
Fração elite: 0.55
Fração mutante: 0.0174
Probabilidade herdar alelo elite: 0.7678
Número de populações independentes: 1
Número de threads: 1
Trocar os melhores indivíduos a cada 30 gerações
Número máximo de gerações: 279

Largura da faixa = 180
Melhor altura = 254

Lower Bound 1 = 222
Lower Bound 2 = 180
Avaliação = 1.14414

Tempo de execução: 2.47974s

---------------------------

Tamanho da população: 297
Fração elite: 0.55
Fração mutante: 0.0174
Probabilidade herdar alelo elite: 0.7678
Número de populações independentes: 1
Número de threads: 1
Trocar os melhores indivíduos a cada 30 gerações
Número máximo de gerações: 279

Largura da faixa = 180
Melhor altura = 261

Lower Bound 1 = 222
Lower Bound 2 = 180
Avaliação = 1.17568

Tempo de execução: 2.37859s

---------------------------

Tamanho da população: 297
Fração elite: 0.55
Fração mutante: 0.0174
Probabilidade herdar alelo elite: 0.7678
Número de populações independentes: 1
Número de threads: 1
Trocar os melhores indivíduos a cada 30 gerações
Número máximo de gerações: 279

Largura da faixa = 180
Melhor altura = 253

Lower Bound 1 = 222
Lower Bound 2 = 180
Avaliação = 1.13964

Tempo de execução: 2.42205s

---------------------------

Tamanho da população: 297
Fração elite: 0.55
Fração mutante: 0.0174
Probabilidade herdar alelo elite: 0.7678
Número de populações independentes: 1
Número de threads: 1
Trocar os melhores indivíduos a cada 30 gerações
Número máximo de gerações: 279

Largura da faixa = 180
Melhor altura = 265

Lower Bound 1 = 222
Lower Bound 2 = 180
Avaliação = 1.19369

Tempo de execução: 2.44595s

---------------------------

Tamanho da população: 297
Fração elite: 0.55
Fração mutante: 0.0174
Probabilidade herdar alelo elite: 0.7678
Número de populações independentes: 1
Número de threads: 1
Trocar os melhores indivíduos a cada 30 gerações
Número máximo de gerações: 279

Largura da faixa = 180
Melhor altura = 254

Lower Bound 1 = 222
Lower Bound 2 = 180
Avaliação = 1.14414

Tempo de execução: 2.42467s

---------------------------

Tamanho da população: 297
Fração elite: 0.55
Fração mutante: 0.0174
Probabilidade herdar alelo elite: 0.7678
Número de populações independentes: 1
Número de threads: 1
Trocar os melhores indivíduos a cada 30 gerações
Número máximo de gerações: 279

Largura da faixa = 180
Melhor altura = 253

Lower Bound 1 = 222
Lower Bound 2 = 180
Avaliação = 1.13964

Tempo de execução: 2.4665s

---------------------------

Tamanho da população: 297
Fração elite: 0.55
Fração mutante: 0.0174
Probabilidade herdar alelo elite: 0.7678
Número de populações independentes: 1
Número de threads: 1
Trocar os melhores indivíduos a cada 30 gerações
Número máximo de gerações: 279

Largura da faixa = 180
Melhor altura = 254

Lower Bound 1 = 222
Lower Bound 2 = 180
Avaliação = 1.14414

Tempo de execução: 2.48344s

---------------------------

Tamanho da população: 297
Fração elite: 0.55
Fração mutante: 0.0174
Probabilidade herdar alelo elite: 0.7678
Número de populações independentes: 1
Número de threads: 1
Trocar os melhores indivíduos a cada 30 gerações
Número máximo de gerações: 279

Largura da faixa = 180
Melhor altura = 254

Lower Bound 1 = 222
Lower Bound 2 = 180
Avaliação = 1.14414

Tempo de execução: 2.42179s

---------------------------

Tamanho da população: 297
Fração elite: 0.55
Fração mutante: 0.0174
Probabilidade herdar alelo elite: 0.7678
Número de populações independentes: 1
Número de threads: 1
Trocar os melhores indivíduos a cada 30 gerações
Número máximo de gerações: 279

Largura da faixa = 180
Melhor altura = 254

Lower Bound 1 = 222
Lower Bound 2 = 180
Avaliação = 1.14414

Tempo de execução: 2.4387s

---------------------------

