Tamanho da população: 475
Fração elite: 0.2121
Fração mutante: 0.0442
Probabilidade herdar alelo elite: 0.6514
Número de populações independentes: 3
Troca de informação de 4 individuos a cada 241 gerações
Número de threads: 1

Largura da faixa = 131
Melhor altura = 354

Lower Bound 1 = 305
Lower Bound 2 = 191
Avaliação = 1.16066

Tempo de execução: 60.0338s

---------------------------

Tamanho da população: 475
Fração elite: 0.2121
Fração mutante: 0.0442
Probabilidade herdar alelo elite: 0.6514
Número de populações independentes: 3
Troca de informação de 4 individuos a cada 241 gerações
Número de threads: 1

Largura da faixa = 131
Melhor altura = 357

Lower Bound 1 = 305
Lower Bound 2 = 191
Avaliação = 1.17049

Tempo de execução: 60.0377s

---------------------------

Tamanho da população: 475
Fração elite: 0.2121
Fração mutante: 0.0442
Probabilidade herdar alelo elite: 0.6514
Número de populações independentes: 3
Troca de informação de 4 individuos a cada 241 gerações
Número de threads: 1

Largura da faixa = 131
Melhor altura = 353

Lower Bound 1 = 305
Lower Bound 2 = 191
Avaliação = 1.15738

Tempo de execução: 60.0379s

---------------------------

Tamanho da população: 475
Fração elite: 0.2121
Fração mutante: 0.0442
Probabilidade herdar alelo elite: 0.6514
Número de populações independentes: 3
Troca de informação de 4 individuos a cada 241 gerações
Número de threads: 1

Largura da faixa = 131
Melhor altura = 353

Lower Bound 1 = 305
Lower Bound 2 = 191
Avaliação = 1.15738

Tempo de execução: 60.0467s

---------------------------

Tamanho da população: 475
Fração elite: 0.2121
Fração mutante: 0.0442
Probabilidade herdar alelo elite: 0.6514
Número de populações independentes: 3
Troca de informação de 4 individuos a cada 241 gerações
Número de threads: 1

Largura da faixa = 131
Melhor altura = 353

Lower Bound 1 = 305
Lower Bound 2 = 191
Avaliação = 1.15738

Tempo de execução: 60.0502s

---------------------------

Tamanho da população: 475
Fração elite: 0.2121
Fração mutante: 0.0442
Probabilidade herdar alelo elite: 0.6514
Número de populações independentes: 3
Troca de informação de 4 individuos a cada 241 gerações
Número de threads: 1

Largura da faixa = 131
Melhor altura = 353

Lower Bound 1 = 305
Lower Bound 2 = 191
Avaliação = 1.15738

Tempo de execução: 60.0533s

---------------------------

Tamanho da população: 475
Fração elite: 0.2121
Fração mutante: 0.0442
Probabilidade herdar alelo elite: 0.6514
Número de populações independentes: 3
Troca de informação de 4 individuos a cada 241 gerações
Número de threads: 1

Largura da faixa = 131
Melhor altura = 354

Lower Bound 1 = 305
Lower Bound 2 = 191
Avaliação = 1.16066

Tempo de execução: 60.0284s

---------------------------

Tamanho da população: 475
Fração elite: 0.2121
Fração mutante: 0.0442
Probabilidade herdar alelo elite: 0.6514
Número de populações independentes: 3
Troca de informação de 4 individuos a cada 241 gerações
Número de threads: 1

Largura da faixa = 131
Melhor altura = 354

Lower Bound 1 = 305
Lower Bound 2 = 191
Avaliação = 1.16066

Tempo de execução: 60.0334s

---------------------------

Tamanho da população: 475
Fração elite: 0.2121
Fração mutante: 0.0442
Probabilidade herdar alelo elite: 0.6514
Número de populações independentes: 3
Troca de informação de 4 individuos a cada 241 gerações
Número de threads: 1

Largura da faixa = 131
Melhor altura = 356

Lower Bound 1 = 305
Lower Bound 2 = 191
Avaliação = 1.16721

Tempo de execução: 60.0354s

---------------------------

Tamanho da população: 475
Fração elite: 0.2121
Fração mutante: 0.0442
Probabilidade herdar alelo elite: 0.6514
Número de populações independentes: 3
Troca de informação de 4 individuos a cada 241 gerações
Número de threads: 1

Largura da faixa = 131
Melhor altura = 354

Lower Bound 1 = 305
Lower Bound 2 = 191
Avaliação = 1.16066

Tempo de execução: 60.0364s

---------------------------

Tamanho da população: 475
Fração elite: 0.2121
Fração mutante: 0.0442
Probabilidade herdar alelo elite: 0.6514
Número de populações independentes: 3
Troca de informação de 4 individuos a cada 241 gerações
Número de threads: 1

Largura da faixa = 131
Melhor altura = 353

Lower Bound 1 = 305
Lower Bound 2 = 191
Avaliação = 1.15738

Tempo de execução: 60.0399s

---------------------------

Tamanho da população: 475
Fração elite: 0.2121
Fração mutante: 0.0442
Probabilidade herdar alelo elite: 0.6514
Número de populações independentes: 3
Troca de informação de 4 individuos a cada 241 gerações
Número de threads: 1

Largura da faixa = 131
Melhor altura = 355

Lower Bound 1 = 305
Lower Bound 2 = 191
Avaliação = 1.16393

Tempo de execução: 60.0625s

---------------------------

Tamanho da população: 475
Fração elite: 0.2121
Fração mutante: 0.0442
Probabilidade herdar alelo elite: 0.6514
Número de populações independentes: 3
Troca de informação de 4 individuos a cada 241 gerações
Número de threads: 1

Largura da faixa = 131
Melhor altura = 355

Lower Bound 1 = 305
Lower Bound 2 = 191
Avaliação = 1.16393

Tempo de execução: 60.0034s

---------------------------

Tamanho da população: 475
Fração elite: 0.2121
Fração mutante: 0.0442
Probabilidade herdar alelo elite: 0.6514
Número de populações independentes: 3
Troca de informação de 4 individuos a cada 241 gerações
Número de threads: 1

Largura da faixa = 131
Melhor altura = 354

Lower Bound 1 = 305
Lower Bound 2 = 191
Avaliação = 1.16066

Tempo de execução: 60.0077s

---------------------------

Tamanho da população: 475
Fração elite: 0.2121
Fração mutante: 0.0442
Probabilidade herdar alelo elite: 0.6514
Número de populações independentes: 3
Troca de informação de 4 individuos a cada 241 gerações
Número de threads: 1

Largura da faixa = 131
Melhor altura = 353

Lower Bound 1 = 305
Lower Bound 2 = 191
Avaliação = 1.15738

Tempo de execução: 60.0081s

---------------------------

Tamanho da população: 475
Fração elite: 0.2121
Fração mutante: 0.0442
Probabilidade herdar alelo elite: 0.6514
Número de populações independentes: 3
Troca de informação de 4 individuos a cada 241 gerações
Número de threads: 1

Largura da faixa = 131
Melhor altura = 355

Lower Bound 1 = 305
Lower Bound 2 = 191
Avaliação = 1.16393

Tempo de execução: 60.0484s

---------------------------

Tamanho da população: 475
Fração elite: 0.2121
Fração mutante: 0.0442
Probabilidade herdar alelo elite: 0.6514
Número de populações independentes: 3
Troca de informação de 4 individuos a cada 241 gerações
Número de threads: 1

Largura da faixa = 131
Melhor altura = 356

Lower Bound 1 = 305
Lower Bound 2 = 191
Avaliação = 1.16721

Tempo de execução: 60.0507s

---------------------------

Tamanho da população: 475
Fração elite: 0.2121
Fração mutante: 0.0442
Probabilidade herdar alelo elite: 0.6514
Número de populações independentes: 3
Troca de informação de 4 individuos a cada 241 gerações
Número de threads: 1

Largura da faixa = 131
Melhor altura = 354

Lower Bound 1 = 305
Lower Bound 2 = 191
Avaliação = 1.16066

Tempo de execução: 60.0668s

---------------------------

Tamanho da população: 475
Fração elite: 0.2121
Fração mutante: 0.0442
Probabilidade herdar alelo elite: 0.6514
Número de populações independentes: 3
Troca de informação de 4 individuos a cada 241 gerações
Número de threads: 1

Largura da faixa = 131
Melhor altura = 359

Lower Bound 1 = 305
Lower Bound 2 = 191
Avaliação = 1.17705

Tempo de execução: 60.0353s

---------------------------

Tamanho da população: 475
Fração elite: 0.2121
Fração mutante: 0.0442
Probabilidade herdar alelo elite: 0.6514
Número de populações independentes: 3
Troca de informação de 4 individuos a cada 241 gerações
Número de threads: 1

Largura da faixa = 131
Melhor altura = 353

Lower Bound 1 = 305
Lower Bound 2 = 191
Avaliação = 1.15738

Tempo de execução: 60.0438s
