Tamanho da população: 475
Fração elite: 0.2121
Fração mutante: 0.0442
Probabilidade herdar alelo elite: 0.6514
Número de populações independentes: 3
Troca de informação de 4 individuos a cada 241 gerações
Número de threads: 1

Largura da faixa = 159
Melhor altura = 292

Lower Bound 1 = 251
Lower Bound 2 = 252
Avaliação = 1.15873

Tempo de execução: 60.0004s

---------------------------

Tamanho da população: 475
Fração elite: 0.2121
Fração mutante: 0.0442
Probabilidade herdar alelo elite: 0.6514
Número de populações independentes: 3
Troca de informação de 4 individuos a cada 241 gerações
Número de threads: 1

Largura da faixa = 159
Melhor altura = 296

Lower Bound 1 = 251
Lower Bound 2 = 252
Avaliação = 1.1746

Tempo de execução: 60.0191s

---------------------------

Tamanho da população: 475
Fração elite: 0.2121
Fração mutante: 0.0442
Probabilidade herdar alelo elite: 0.6514
Número de populações independentes: 3
Troca de informação de 4 individuos a cada 241 gerações
Número de threads: 1

Largura da faixa = 159
Melhor altura = 289

Lower Bound 1 = 251
Lower Bound 2 = 252
Avaliação = 1.14683

Tempo de execução: 60.0235s

---------------------------

Tamanho da população: 475
Fração elite: 0.2121
Fração mutante: 0.0442
Probabilidade herdar alelo elite: 0.6514
Número de populações independentes: 3
Troca de informação de 4 individuos a cada 241 gerações
Número de threads: 1

Largura da faixa = 159
Melhor altura = 297

Lower Bound 1 = 251
Lower Bound 2 = 252
Avaliação = 1.17857

Tempo de execução: 60.0251s

---------------------------

Tamanho da população: 475
Fração elite: 0.2121
Fração mutante: 0.0442
Probabilidade herdar alelo elite: 0.6514
Número de populações independentes: 3
Troca de informação de 4 individuos a cada 241 gerações
Número de threads: 1

Largura da faixa = 159
Melhor altura = 301

Lower Bound 1 = 251
Lower Bound 2 = 252
Avaliação = 1.19444

Tempo de execução: 60.0307s

---------------------------

Tamanho da população: 475
Fração elite: 0.2121
Fração mutante: 0.0442
Probabilidade herdar alelo elite: 0.6514
Número de populações independentes: 3
Troca de informação de 4 individuos a cada 241 gerações
Número de threads: 1

Largura da faixa = 159
Melhor altura = 291

Lower Bound 1 = 251
Lower Bound 2 = 252
Avaliação = 1.15476

Tempo de execução: 60.0356s

---------------------------

Tamanho da população: 475
Fração elite: 0.2121
Fração mutante: 0.0442
Probabilidade herdar alelo elite: 0.6514
Número de populações independentes: 3
Troca de informação de 4 individuos a cada 241 gerações
Número de threads: 1

Largura da faixa = 159
Melhor altura = 297

Lower Bound 1 = 251
Lower Bound 2 = 252
Avaliação = 1.17857

Tempo de execução: 60.0164s

---------------------------

Tamanho da população: 475
Fração elite: 0.2121
Fração mutante: 0.0442
Probabilidade herdar alelo elite: 0.6514
Número de populações independentes: 3
Troca de informação de 4 individuos a cada 241 gerações
Número de threads: 1

Largura da faixa = 159
Melhor altura = 297

Lower Bound 1 = 251
Lower Bound 2 = 252
Avaliação = 1.17857

Tempo de execução: 60.0197s

---------------------------

Tamanho da população: 475
Fração elite: 0.2121
Fração mutante: 0.0442
Probabilidade herdar alelo elite: 0.6514
Número de populações independentes: 3
Troca de informação de 4 individuos a cada 241 gerações
Número de threads: 1

Largura da faixa = 159
Melhor altura = 297

Lower Bound 1 = 251
Lower Bound 2 = 252
Avaliação = 1.17857

Tempo de execução: 60.0216s

---------------------------

Tamanho da população: 475
Fração elite: 0.2121
Fração mutante: 0.0442
Probabilidade herdar alelo elite: 0.6514
Número de populações independentes: 3
Troca de informação de 4 individuos a cada 241 gerações
Número de threads: 1

Largura da faixa = 159
Melhor altura = 298

Lower Bound 1 = 251
Lower Bound 2 = 252
Avaliação = 1.18254

Tempo de execução: 60.0273s

---------------------------

Tamanho da população: 475
Fração elite: 0.2121
Fração mutante: 0.0442
Probabilidade herdar alelo elite: 0.6514
Número de populações independentes: 3
Troca de informação de 4 individuos a cada 241 gerações
Número de threads: 1

Largura da faixa = 159
Melhor altura = 297

Lower Bound 1 = 251
Lower Bound 2 = 252
Avaliação = 1.17857

Tempo de execução: 60.0275s

---------------------------

Tamanho da população: 475
Fração elite: 0.2121
Fração mutante: 0.0442
Probabilidade herdar alelo elite: 0.6514
Número de populações independentes: 3
Troca de informação de 4 individuos a cada 241 gerações
Número de threads: 1

Largura da faixa = 159
Melhor altura = 299

Lower Bound 1 = 251
Lower Bound 2 = 252
Avaliação = 1.18651

Tempo de execução: 60.0381s

---------------------------

Tamanho da população: 475
Fração elite: 0.2121
Fração mutante: 0.0442
Probabilidade herdar alelo elite: 0.6514
Número de populações independentes: 3
Troca de informação de 4 individuos a cada 241 gerações
Número de threads: 1

Largura da faixa = 159
Melhor altura = 297

Lower Bound 1 = 251
Lower Bound 2 = 252
Avaliação = 1.17857

Tempo de execução: 60.0056s

---------------------------

Tamanho da população: 475
Fração elite: 0.2121
Fração mutante: 0.0442
Probabilidade herdar alelo elite: 0.6514
Número de populações independentes: 3
Troca de informação de 4 individuos a cada 241 gerações
Número de threads: 1

Largura da faixa = 159
Melhor altura = 297

Lower Bound 1 = 251
Lower Bound 2 = 252
Avaliação = 1.17857

Tempo de execução: 60.0089s

---------------------------

Tamanho da população: 475
Fração elite: 0.2121
Fração mutante: 0.0442
Probabilidade herdar alelo elite: 0.6514
Número de populações independentes: 3
Troca de informação de 4 individuos a cada 241 gerações
Número de threads: 1

Largura da faixa = 159
Melhor altura = 297

Lower Bound 1 = 251
Lower Bound 2 = 252
Avaliação = 1.17857

Tempo de execução: 60.0138s

---------------------------

Tamanho da população: 475
Fração elite: 0.2121
Fração mutante: 0.0442
Probabilidade herdar alelo elite: 0.6514
Número de populações independentes: 3
Troca de informação de 4 individuos a cada 241 gerações
Número de threads: 1

Largura da faixa = 159
Melhor altura = 297

Lower Bound 1 = 251
Lower Bound 2 = 252
Avaliação = 1.17857

Tempo de execução: 60.0304s

---------------------------

Tamanho da população: 475
Fração elite: 0.2121
Fração mutante: 0.0442
Probabilidade herdar alelo elite: 0.6514
Número de populações independentes: 3
Troca de informação de 4 individuos a cada 241 gerações
Número de threads: 1

Largura da faixa = 159
Melhor altura = 297

Lower Bound 1 = 251
Lower Bound 2 = 252
Avaliação = 1.17857

Tempo de execução: 60.0341s

---------------------------

Tamanho da população: 475
Fração elite: 0.2121
Fração mutante: 0.0442
Probabilidade herdar alelo elite: 0.6514
Número de populações independentes: 3
Troca de informação de 4 individuos a cada 241 gerações
Número de threads: 1

Largura da faixa = 159
Melhor altura = 288

Lower Bound 1 = 251
Lower Bound 2 = 252
Avaliação = 1.14286

Tempo de execução: 60.0375s

---------------------------

Tamanho da população: 475
Fração elite: 0.2121
Fração mutante: 0.0442
Probabilidade herdar alelo elite: 0.6514
Número de populações independentes: 3
Troca de informação de 4 individuos a cada 241 gerações
Número de threads: 1

Largura da faixa = 159
Melhor altura = 297

Lower Bound 1 = 251
Lower Bound 2 = 252
Avaliação = 1.17857

Tempo de execução: 60.0059s

---------------------------

Tamanho da população: 475
Fração elite: 0.2121
Fração mutante: 0.0442
Probabilidade herdar alelo elite: 0.6514
Número de populações independentes: 3
Troca de informação de 4 individuos a cada 241 gerações
Número de threads: 1

Largura da faixa = 159
Melhor altura = 301

Lower Bound 1 = 251
Lower Bound 2 = 252
Avaliação = 1.19444

Tempo de execução: 60.0384s
