Tamanho da população: 297
Fração elite: 0.55
Fração mutante: 0.0174
Probabilidade herdar alelo elite: 0.7678
Número de populações independentes: 1
Número de threads: 1
Trocar os melhores indivíduos a cada 30 gerações
Número máximo de gerações: 279

Largura da faixa = 150
Melhor altura = 345

Lower Bound 1 = 266
Lower Bound 2 = 286
Avaliação = 1.20629

Tempo de execução: 2.01004s

---------------------------

Tamanho da população: 297
Fração elite: 0.55
Fração mutante: 0.0174
Probabilidade herdar alelo elite: 0.7678
Número de populações independentes: 1
Número de threads: 1
Trocar os melhores indivíduos a cada 30 gerações
Número máximo de gerações: 279

Largura da faixa = 150
Melhor altura = 345

Lower Bound 1 = 266
Lower Bound 2 = 286
Avaliação = 1.20629

Tempo de execução: 2.02099s

---------------------------

Tamanho da população: 297
Fração elite: 0.55
Fração mutante: 0.0174
Probabilidade herdar alelo elite: 0.7678
Número de populações independentes: 1
Número de threads: 1
Trocar os melhores indivíduos a cada 30 gerações
Número máximo de gerações: 279

Largura da faixa = 150
Melhor altura = 345

Lower Bound 1 = 266
Lower Bound 2 = 286
Avaliação = 1.20629

Tempo de execução: 2.05392s

---------------------------

Tamanho da população: 297
Fração elite: 0.55
Fração mutante: 0.0174
Probabilidade herdar alelo elite: 0.7678
Número de populações independentes: 1
Número de threads: 1
Trocar os melhores indivíduos a cada 30 gerações
Número máximo de gerações: 279

Largura da faixa = 150
Melhor altura = 343

Lower Bound 1 = 266
Lower Bound 2 = 286
Avaliação = 1.1993

Tempo de execução: 2.0524s

---------------------------

Tamanho da população: 297
Fração elite: 0.55
Fração mutante: 0.0174
Probabilidade herdar alelo elite: 0.7678
Número de populações independentes: 1
Número de threads: 1
Trocar os melhores indivíduos a cada 30 gerações
Número máximo de gerações: 279

Largura da faixa = 150
Melhor altura = 345

Lower Bound 1 = 266
Lower Bound 2 = 286
Avaliação = 1.20629

Tempo de execução: 2.07583s

---------------------------

Tamanho da população: 297
Fração elite: 0.55
Fração mutante: 0.0174
Probabilidade herdar alelo elite: 0.7678
Número de populações independentes: 1
Número de threads: 1
Trocar os melhores indivíduos a cada 30 gerações
Número máximo de gerações: 279

Largura da faixa = 150
Melhor altura = 345

Lower Bound 1 = 266
Lower Bound 2 = 286
Avaliação = 1.20629

Tempo de execução: 2.25971s

---------------------------

Tamanho da população: 297
Fração elite: 0.55
Fração mutante: 0.0174
Probabilidade herdar alelo elite: 0.7678
Número de populações independentes: 1
Número de threads: 1
Trocar os melhores indivíduos a cada 30 gerações
Número máximo de gerações: 279

Largura da faixa = 150
Melhor altura = 345

Lower Bound 1 = 266
Lower Bound 2 = 286
Avaliação = 1.20629

Tempo de execução: 2.09131s

---------------------------

Tamanho da população: 297
Fração elite: 0.55
Fração mutante: 0.0174
Probabilidade herdar alelo elite: 0.7678
Número de populações independentes: 1
Número de threads: 1
Trocar os melhores indivíduos a cada 30 gerações
Número máximo de gerações: 279

Largura da faixa = 150
Melhor altura = 345

Lower Bound 1 = 266
Lower Bound 2 = 286
Avaliação = 1.20629

Tempo de execução: 2.10615s

---------------------------

Tamanho da população: 297
Fração elite: 0.55
Fração mutante: 0.0174
Probabilidade herdar alelo elite: 0.7678
Número de populações independentes: 1
Número de threads: 1
Trocar os melhores indivíduos a cada 30 gerações
Número máximo de gerações: 279

Largura da faixa = 150
Melhor altura = 349

Lower Bound 1 = 266
Lower Bound 2 = 286
Avaliação = 1.22028

Tempo de execução: 2.14129s

---------------------------

Tamanho da população: 297
Fração elite: 0.55
Fração mutante: 0.0174
Probabilidade herdar alelo elite: 0.7678
Número de populações independentes: 1
Número de threads: 1
Trocar os melhores indivíduos a cada 30 gerações
Número máximo de gerações: 279

Largura da faixa = 150
Melhor altura = 345

Lower Bound 1 = 266
Lower Bound 2 = 286
Avaliação = 1.20629

Tempo de execução: 2.01254s

---------------------------

Tamanho da população: 297
Fração elite: 0.55
Fração mutante: 0.0174
Probabilidade herdar alelo elite: 0.7678
Número de populações independentes: 1
Número de threads: 1
Trocar os melhores indivíduos a cada 30 gerações
Número máximo de gerações: 279

Largura da faixa = 150
Melhor altura = 345

Lower Bound 1 = 266
Lower Bound 2 = 286
Avaliação = 1.20629

Tempo de execução: 2.04437s

---------------------------

Tamanho da população: 297
Fração elite: 0.55
Fração mutante: 0.0174
Probabilidade herdar alelo elite: 0.7678
Número de populações independentes: 1
Número de threads: 1
Trocar os melhores indivíduos a cada 30 gerações
Número máximo de gerações: 279

Largura da faixa = 150
Melhor altura = 345

Lower Bound 1 = 266
Lower Bound 2 = 286
Avaliação = 1.20629

Tempo de execução: 2.06419s

---------------------------

Tamanho da população: 297
Fração elite: 0.55
Fração mutante: 0.0174
Probabilidade herdar alelo elite: 0.7678
Número de populações independentes: 1
Número de threads: 1
Trocar os melhores indivíduos a cada 30 gerações
Número máximo de gerações: 279

Largura da faixa = 150
Melhor altura = 345

Lower Bound 1 = 266
Lower Bound 2 = 286
Avaliação = 1.20629

Tempo de execução: 2.07207s

---------------------------

Tamanho da população: 297
Fração elite: 0.55
Fração mutante: 0.0174
Probabilidade herdar alelo elite: 0.7678
Número de populações independentes: 1
Número de threads: 1
Trocar os melhores indivíduos a cada 30 gerações
Número máximo de gerações: 279

Largura da faixa = 150
Melhor altura = 345

Lower Bound 1 = 266
Lower Bound 2 = 286
Avaliação = 1.20629

Tempo de execução: 2.07342s

---------------------------

Tamanho da população: 297
Fração elite: 0.55
Fração mutante: 0.0174
Probabilidade herdar alelo elite: 0.7678
Número de populações independentes: 1
Número de threads: 1
Trocar os melhores indivíduos a cada 30 gerações
Número máximo de gerações: 279

Largura da faixa = 150
Melhor altura = 345

Lower Bound 1 = 266
Lower Bound 2 = 286
Avaliação = 1.20629

Tempo de execução: 2.15139s

---------------------------

Tamanho da população: 297
Fração elite: 0.55
Fração mutante: 0.0174
Probabilidade herdar alelo elite: 0.7678
Número de populações independentes: 1
Número de threads: 1
Trocar os melhores indivíduos a cada 30 gerações
Número máximo de gerações: 279

Largura da faixa = 150
Melhor altura = 345

Lower Bound 1 = 266
Lower Bound 2 = 286
Avaliação = 1.20629

Tempo de execução: 1.98401s

---------------------------

Tamanho da população: 297
Fração elite: 0.55
Fração mutante: 0.0174
Probabilidade herdar alelo elite: 0.7678
Número de populações independentes: 1
Número de threads: 1
Trocar os melhores indivíduos a cada 30 gerações
Número máximo de gerações: 279

Largura da faixa = 150
Melhor altura = 345

Lower Bound 1 = 266
Lower Bound 2 = 286
Avaliação = 1.20629

Tempo de execução: 2.02835s

---------------------------

Tamanho da população: 297
Fração elite: 0.55
Fração mutante: 0.0174
Probabilidade herdar alelo elite: 0.7678
Número de populações independentes: 1
Número de threads: 1
Trocar os melhores indivíduos a cada 30 gerações
Número máximo de gerações: 279

Largura da faixa = 150
Melhor altura = 345

Lower Bound 1 = 266
Lower Bound 2 = 286
Avaliação = 1.20629

Tempo de execução: 2.05091s

---------------------------

Tamanho da população: 297
Fração elite: 0.55
Fração mutante: 0.0174
Probabilidade herdar alelo elite: 0.7678
Número de populações independentes: 1
Número de threads: 1
Trocar os melhores indivíduos a cada 30 gerações
Número máximo de gerações: 279

Largura da faixa = 150
Melhor altura = 345

Lower Bound 1 = 266
Lower Bound 2 = 286
Avaliação = 1.20629

Tempo de execução: 2.01106s

---------------------------

Tamanho da população: 297
Fração elite: 0.55
Fração mutante: 0.0174
Probabilidade herdar alelo elite: 0.7678
Número de populações independentes: 1
Número de threads: 1
Trocar os melhores indivíduos a cada 30 gerações
Número máximo de gerações: 279

Largura da faixa = 150
Melhor altura = 345

Lower Bound 1 = 266
Lower Bound 2 = 286
Avaliação = 1.20629

Tempo de execução: 2.01923s

---------------------------

