Tamanho da população: 475
Fração elite: 0.2121
Fração mutante: 0.0442
Probabilidade herdar alelo elite: 0.6514
Número de populações independentes: 3
Troca de informação de 4 individuos a cada 241 gerações
Número de threads: 1

Largura da faixa = 108
Melhor altura = 457

Lower Bound 1 = 370
Lower Bound 2 = 254
Avaliação = 1.23514

Tempo de execução: 60.0356s

---------------------------

Tamanho da população: 475
Fração elite: 0.2121
Fração mutante: 0.0442
Probabilidade herdar alelo elite: 0.6514
Número de populações independentes: 3
Troca de informação de 4 individuos a cada 241 gerações
Número de threads: 1

Largura da faixa = 108
Melhor altura = 466

Lower Bound 1 = 370
Lower Bound 2 = 254
Avaliação = 1.25946

Tempo de execução: 60.0817s

---------------------------

Tamanho da população: 475
Fração elite: 0.2121
Fração mutante: 0.0442
Probabilidade herdar alelo elite: 0.6514
Número de populações independentes: 3
Troca de informação de 4 individuos a cada 241 gerações
Número de threads: 1

Largura da faixa = 108
Melhor altura = 459

Lower Bound 1 = 370
Lower Bound 2 = 254
Avaliação = 1.24054

Tempo de execução: 60.0819s

---------------------------

Tamanho da população: 475
Fração elite: 0.2121
Fração mutante: 0.0442
Probabilidade herdar alelo elite: 0.6514
Número de populações independentes: 3
Troca de informação de 4 individuos a cada 241 gerações
Número de threads: 1

Largura da faixa = 108
Melhor altura = 453

Lower Bound 1 = 370
Lower Bound 2 = 254
Avaliação = 1.22432

Tempo de execução: 60.0864s

---------------------------

Tamanho da população: 475
Fração elite: 0.2121
Fração mutante: 0.0442
Probabilidade herdar alelo elite: 0.6514
Número de populações independentes: 3
Troca de informação de 4 individuos a cada 241 gerações
Número de threads: 1

Largura da faixa = 108
Melhor altura = 458

Lower Bound 1 = 370
Lower Bound 2 = 254
Avaliação = 1.23784

Tempo de execução: 60.1355s

---------------------------

Tamanho da população: 475
Fração elite: 0.2121
Fração mutante: 0.0442
Probabilidade herdar alelo elite: 0.6514
Número de populações independentes: 3
Troca de informação de 4 individuos a cada 241 gerações
Número de threads: 1

Largura da faixa = 108
Melhor altura = 457

Lower Bound 1 = 370
Lower Bound 2 = 254
Avaliação = 1.23514

Tempo de execução: 60.1454s

---------------------------

Tamanho da população: 475
Fração elite: 0.2121
Fração mutante: 0.0442
Probabilidade herdar alelo elite: 0.6514
Número de populações independentes: 3
Troca de informação de 4 individuos a cada 241 gerações
Número de threads: 1

Largura da faixa = 108
Melhor altura = 462

Lower Bound 1 = 370
Lower Bound 2 = 254
Avaliação = 1.24865

Tempo de execução: 60.0311s

---------------------------

Tamanho da população: 475
Fração elite: 0.2121
Fração mutante: 0.0442
Probabilidade herdar alelo elite: 0.6514
Número de populações independentes: 3
Troca de informação de 4 individuos a cada 241 gerações
Número de threads: 1

Largura da faixa = 108
Melhor altura = 453

Lower Bound 1 = 370
Lower Bound 2 = 254
Avaliação = 1.22432

Tempo de execução: 60.1089s

---------------------------

Tamanho da população: 475
Fração elite: 0.2121
Fração mutante: 0.0442
Probabilidade herdar alelo elite: 0.6514
Número de populações independentes: 3
Troca de informação de 4 individuos a cada 241 gerações
Número de threads: 1

Largura da faixa = 108
Melhor altura = 464

Lower Bound 1 = 370
Lower Bound 2 = 254
Avaliação = 1.25405

Tempo de execução: 60.146s

---------------------------

Tamanho da população: 475
Fração elite: 0.2121
Fração mutante: 0.0442
Probabilidade herdar alelo elite: 0.6514
Número de populações independentes: 3
Troca de informação de 4 individuos a cada 241 gerações
Número de threads: 1

Largura da faixa = 108
Melhor altura = 473

Lower Bound 1 = 370
Lower Bound 2 = 254
Avaliação = 1.27838

Tempo de execução: 60.1516s

---------------------------

Tamanho da população: 475
Fração elite: 0.2121
Fração mutante: 0.0442
Probabilidade herdar alelo elite: 0.6514
Número de populações independentes: 3
Troca de informação de 4 individuos a cada 241 gerações
Número de threads: 1

Largura da faixa = 108
Melhor altura = 481

Lower Bound 1 = 370
Lower Bound 2 = 254
Avaliação = 1.3

Tempo de execução: 60.1556s

---------------------------

Tamanho da população: 475
Fração elite: 0.2121
Fração mutante: 0.0442
Probabilidade herdar alelo elite: 0.6514
Número de populações independentes: 3
Troca de informação de 4 individuos a cada 241 gerações
Número de threads: 1

Largura da faixa = 108
Melhor altura = 458

Lower Bound 1 = 370
Lower Bound 2 = 254
Avaliação = 1.23784

Tempo de execução: 60.1627s

---------------------------

Tamanho da população: 475
Fração elite: 0.2121
Fração mutante: 0.0442
Probabilidade herdar alelo elite: 0.6514
Número de populações independentes: 3
Troca de informação de 4 individuos a cada 241 gerações
Número de threads: 1

Largura da faixa = 108
Melhor altura = 452

Lower Bound 1 = 370
Lower Bound 2 = 254
Avaliação = 1.22162

Tempo de execução: 60.0009s

---------------------------

Tamanho da população: 475
Fração elite: 0.2121
Fração mutante: 0.0442
Probabilidade herdar alelo elite: 0.6514
Número de populações independentes: 3
Troca de informação de 4 individuos a cada 241 gerações
Número de threads: 1

Largura da faixa = 108
Melhor altura = 484

Lower Bound 1 = 370
Lower Bound 2 = 254
Avaliação = 1.30811

Tempo de execução: 60.0513s

---------------------------

Tamanho da população: 475
Fração elite: 0.2121
Fração mutante: 0.0442
Probabilidade herdar alelo elite: 0.6514
Número de populações independentes: 3
Troca de informação de 4 individuos a cada 241 gerações
Número de threads: 1

Largura da faixa = 108
Melhor altura = 455

Lower Bound 1 = 370
Lower Bound 2 = 254
Avaliação = 1.22973

Tempo de execução: 60.0948s

---------------------------

Tamanho da população: 475
Fração elite: 0.2121
Fração mutante: 0.0442
Probabilidade herdar alelo elite: 0.6514
Número de populações independentes: 3
Troca de informação de 4 individuos a cada 241 gerações
Número de threads: 1

Largura da faixa = 108
Melhor altura = 457

Lower Bound 1 = 370
Lower Bound 2 = 254
Avaliação = 1.23514

Tempo de execução: 60.105s

---------------------------

Tamanho da população: 475
Fração elite: 0.2121
Fração mutante: 0.0442
Probabilidade herdar alelo elite: 0.6514
Número de populações independentes: 3
Troca de informação de 4 individuos a cada 241 gerações
Número de threads: 1

Largura da faixa = 108
Melhor altura = 464

Lower Bound 1 = 370
Lower Bound 2 = 254
Avaliação = 1.25405

Tempo de execução: 60.1084s

---------------------------

Tamanho da população: 475
Fração elite: 0.2121
Fração mutante: 0.0442
Probabilidade herdar alelo elite: 0.6514
Número de populações independentes: 3
Troca de informação de 4 individuos a cada 241 gerações
Número de threads: 1

Largura da faixa = 108
Melhor altura = 460

Lower Bound 1 = 370
Lower Bound 2 = 254
Avaliação = 1.24324

Tempo de execução: 60.1185s

---------------------------

Tamanho da população: 475
Fração elite: 0.2121
Fração mutante: 0.0442
Probabilidade herdar alelo elite: 0.6514
Número de populações independentes: 3
Troca de informação de 4 individuos a cada 241 gerações
Número de threads: 1

Largura da faixa = 108
Melhor altura = 468

Lower Bound 1 = 370
Lower Bound 2 = 254
Avaliação = 1.26486

Tempo de execução: 60.0101s

---------------------------

Tamanho da população: 475
Fração elite: 0.2121
Fração mutante: 0.0442
Probabilidade herdar alelo elite: 0.6514
Número de populações independentes: 3
Troca de informação de 4 individuos a cada 241 gerações
Número de threads: 1

Largura da faixa = 108
Melhor altura = 466

Lower Bound 1 = 370
Lower Bound 2 = 254
Avaliação = 1.25946

Tempo de execução: 60.0615s
