Tamanho da população: 475
Fração elite: 0.2121
Fração mutante: 0.0442
Probabilidade herdar alelo elite: 0.6514
Número de populações independentes: 3
Troca de informação de 4 individuos a cada 241 gerações
Número de threads: 1

Largura da faixa = 120
Melhor altura = 383

Lower Bound 1 = 333
Lower Bound 2 = 335
Avaliação = 1.14328

Tempo de execução: 60.0245s

---------------------------

Tamanho da população: 475
Fração elite: 0.2121
Fração mutante: 0.0442
Probabilidade herdar alelo elite: 0.6514
Número de populações independentes: 3
Troca de informação de 4 individuos a cada 241 gerações
Número de threads: 1

Largura da faixa = 120
Melhor altura = 383

Lower Bound 1 = 333
Lower Bound 2 = 335
Avaliação = 1.14328

Tempo de execução: 60.0271s

---------------------------

Tamanho da população: 475
Fração elite: 0.2121
Fração mutante: 0.0442
Probabilidade herdar alelo elite: 0.6514
Número de populações independentes: 3
Troca de informação de 4 individuos a cada 241 gerações
Número de threads: 1

Largura da faixa = 120
Melhor altura = 383

Lower Bound 1 = 333
Lower Bound 2 = 335
Avaliação = 1.14328

Tempo de execução: 60.0323s

---------------------------

Tamanho da população: 475
Fração elite: 0.2121
Fração mutante: 0.0442
Probabilidade herdar alelo elite: 0.6514
Número de populações independentes: 3
Troca de informação de 4 individuos a cada 241 gerações
Número de threads: 1

Largura da faixa = 120
Melhor altura = 383

Lower Bound 1 = 333
Lower Bound 2 = 335
Avaliação = 1.14328

Tempo de execução: 60.001s

---------------------------

Tamanho da população: 475
Fração elite: 0.2121
Fração mutante: 0.0442
Probabilidade herdar alelo elite: 0.6514
Número de populações independentes: 3
Troca de informação de 4 individuos a cada 241 gerações
Número de threads: 1

Largura da faixa = 120
Melhor altura = 383

Lower Bound 1 = 333
Lower Bound 2 = 335
Avaliação = 1.14328

Tempo de execução: 60.0258s

---------------------------

Tamanho da população: 475
Fração elite: 0.2121
Fração mutante: 0.0442
Probabilidade herdar alelo elite: 0.6514
Número de populações independentes: 3
Troca de informação de 4 individuos a cada 241 gerações
Número de threads: 1

Largura da faixa = 120
Melhor altura = 383

Lower Bound 1 = 333
Lower Bound 2 = 335
Avaliação = 1.14328

Tempo de execução: 60.0328s

---------------------------

Tamanho da população: 475
Fração elite: 0.2121
Fração mutante: 0.0442
Probabilidade herdar alelo elite: 0.6514
Número de populações independentes: 3
Troca de informação de 4 individuos a cada 241 gerações
Número de threads: 1

Largura da faixa = 120
Melhor altura = 383

Lower Bound 1 = 333
Lower Bound 2 = 335
Avaliação = 1.14328

Tempo de execução: 60.0066s

---------------------------

Tamanho da população: 475
Fração elite: 0.2121
Fração mutante: 0.0442
Probabilidade herdar alelo elite: 0.6514
Número de populações independentes: 3
Troca de informação de 4 individuos a cada 241 gerações
Número de threads: 1

Largura da faixa = 120
Melhor altura = 383

Lower Bound 1 = 333
Lower Bound 2 = 335
Avaliação = 1.14328

Tempo de execução: 60.013s

---------------------------

Tamanho da população: 475
Fração elite: 0.2121
Fração mutante: 0.0442
Probabilidade herdar alelo elite: 0.6514
Número de populações independentes: 3
Troca de informação de 4 individuos a cada 241 gerações
Número de threads: 1

Largura da faixa = 120
Melhor altura = 383

Lower Bound 1 = 333
Lower Bound 2 = 335
Avaliação = 1.14328

Tempo de execução: 60.0246s

---------------------------

Tamanho da população: 475
Fração elite: 0.2121
Fração mutante: 0.0442
Probabilidade herdar alelo elite: 0.6514
Número de populações independentes: 3
Troca de informação de 4 individuos a cada 241 gerações
Número de threads: 1

Largura da faixa = 120
Melhor altura = 383

Lower Bound 1 = 333
Lower Bound 2 = 335
Avaliação = 1.14328

Tempo de execução: 60.0085s

---------------------------

Tamanho da população: 475
Fração elite: 0.2121
Fração mutante: 0.0442
Probabilidade herdar alelo elite: 0.6514
Número de populações independentes: 3
Troca de informação de 4 individuos a cada 241 gerações
Número de threads: 1

Largura da faixa = 120
Melhor altura = 383

Lower Bound 1 = 333
Lower Bound 2 = 335
Avaliação = 1.14328

Tempo de execução: 60.0202s

---------------------------

Tamanho da população: 475
Fração elite: 0.2121
Fração mutante: 0.0442
Probabilidade herdar alelo elite: 0.6514
Número de populações independentes: 3
Troca de informação de 4 individuos a cada 241 gerações
Número de threads: 1

Largura da faixa = 120
Melhor altura = 383

Lower Bound 1 = 333
Lower Bound 2 = 335
Avaliação = 1.14328

Tempo de execução: 60.0283s

---------------------------

Tamanho da população: 475
Fração elite: 0.2121
Fração mutante: 0.0442
Probabilidade herdar alelo elite: 0.6514
Número de populações independentes: 3
Troca de informação de 4 individuos a cada 241 gerações
Número de threads: 1

Largura da faixa = 120
Melhor altura = 383

Lower Bound 1 = 333
Lower Bound 2 = 335
Avaliação = 1.14328

Tempo de execução: 60.0016s

---------------------------

Tamanho da população: 475
Fração elite: 0.2121
Fração mutante: 0.0442
Probabilidade herdar alelo elite: 0.6514
Número de populações independentes: 3
Troca de informação de 4 individuos a cada 241 gerações
Número de threads: 1

Largura da faixa = 120
Melhor altura = 383

Lower Bound 1 = 333
Lower Bound 2 = 335
Avaliação = 1.14328

Tempo de execução: 60.0018s

---------------------------

Tamanho da população: 475
Fração elite: 0.2121
Fração mutante: 0.0442
Probabilidade herdar alelo elite: 0.6514
Número de populações independentes: 3
Troca de informação de 4 individuos a cada 241 gerações
Número de threads: 1

Largura da faixa = 120
Melhor altura = 383

Lower Bound 1 = 333
Lower Bound 2 = 335
Avaliação = 1.14328

Tempo de execução: 60.0068s

---------------------------

Tamanho da população: 475
Fração elite: 0.2121
Fração mutante: 0.0442
Probabilidade herdar alelo elite: 0.6514
Número de populações independentes: 3
Troca de informação de 4 individuos a cada 241 gerações
Número de threads: 1

Largura da faixa = 120
Melhor altura = 383

Lower Bound 1 = 333
Lower Bound 2 = 335
Avaliação = 1.14328

Tempo de execução: 60.0092s

---------------------------

Tamanho da população: 475
Fração elite: 0.2121
Fração mutante: 0.0442
Probabilidade herdar alelo elite: 0.6514
Número de populações independentes: 3
Troca de informação de 4 individuos a cada 241 gerações
Número de threads: 1

Largura da faixa = 120
Melhor altura = 383

Lower Bound 1 = 333
Lower Bound 2 = 335
Avaliação = 1.14328

Tempo de execução: 60.0128s

---------------------------

Tamanho da população: 475
Fração elite: 0.2121
Fração mutante: 0.0442
Probabilidade herdar alelo elite: 0.6514
Número de populações independentes: 3
Troca de informação de 4 individuos a cada 241 gerações
Número de threads: 1

Largura da faixa = 120
Melhor altura = 383

Lower Bound 1 = 333
Lower Bound 2 = 335
Avaliação = 1.14328

Tempo de execução: 60.0267s

---------------------------

Tamanho da população: 475
Fração elite: 0.2121
Fração mutante: 0.0442
Probabilidade herdar alelo elite: 0.6514
Número de populações independentes: 3
Troca de informação de 4 individuos a cada 241 gerações
Número de threads: 1

Largura da faixa = 120
Melhor altura = 383

Lower Bound 1 = 333
Lower Bound 2 = 335
Avaliação = 1.14328

Tempo de execução: 60.0052s

---------------------------

Tamanho da população: 475
Fração elite: 0.2121
Fração mutante: 0.0442
Probabilidade herdar alelo elite: 0.6514
Número de populações independentes: 3
Troca de informação de 4 individuos a cada 241 gerações
Número de threads: 1

Largura da faixa = 120
Melhor altura = 383

Lower Bound 1 = 333
Lower Bound 2 = 335
Avaliação = 1.14328

Tempo de execução: 60.0136s
