Tamanho da população: 475
Fração elite: 0.2121
Fração mutante: 0.0442
Probabilidade herdar alelo elite: 0.6514
Número de populações independentes: 3
Troca de informação de 4 individuos a cada 241 gerações
Número de threads: 1

Largura da faixa = 178
Melhor altura = 267

Lower Bound 1 = 224
Lower Bound 2 = 178
Avaliação = 1.19196

Tempo de execução: 60.0022s

---------------------------

Tamanho da população: 475
Fração elite: 0.2121
Fração mutante: 0.0442
Probabilidade herdar alelo elite: 0.6514
Número de populações independentes: 3
Troca de informação de 4 individuos a cada 241 gerações
Número de threads: 1

Largura da faixa = 178
Melhor altura = 268

Lower Bound 1 = 224
Lower Bound 2 = 178
Avaliação = 1.19643

Tempo de execução: 60.0056s

---------------------------

Tamanho da população: 475
Fração elite: 0.2121
Fração mutante: 0.0442
Probabilidade herdar alelo elite: 0.6514
Número de populações independentes: 3
Troca de informação de 4 individuos a cada 241 gerações
Número de threads: 1

Largura da faixa = 178
Melhor altura = 268

Lower Bound 1 = 224
Lower Bound 2 = 178
Avaliação = 1.19643

Tempo de execução: 60.0084s

---------------------------

Tamanho da população: 475
Fração elite: 0.2121
Fração mutante: 0.0442
Probabilidade herdar alelo elite: 0.6514
Número de populações independentes: 3
Troca de informação de 4 individuos a cada 241 gerações
Número de threads: 1

Largura da faixa = 178
Melhor altura = 268

Lower Bound 1 = 224
Lower Bound 2 = 178
Avaliação = 1.19643

Tempo de execução: 60.0093s

---------------------------

Tamanho da população: 475
Fração elite: 0.2121
Fração mutante: 0.0442
Probabilidade herdar alelo elite: 0.6514
Número de populações independentes: 3
Troca de informação de 4 individuos a cada 241 gerações
Número de threads: 1

Largura da faixa = 178
Melhor altura = 267

Lower Bound 1 = 224
Lower Bound 2 = 178
Avaliação = 1.19196

Tempo de execução: 60.0185s

---------------------------

Tamanho da população: 475
Fração elite: 0.2121
Fração mutante: 0.0442
Probabilidade herdar alelo elite: 0.6514
Número de populações independentes: 3
Troca de informação de 4 individuos a cada 241 gerações
Número de threads: 1

Largura da faixa = 178
Melhor altura = 267

Lower Bound 1 = 224
Lower Bound 2 = 178
Avaliação = 1.19196

Tempo de execução: 60.0199s

---------------------------

Tamanho da população: 475
Fração elite: 0.2121
Fração mutante: 0.0442
Probabilidade herdar alelo elite: 0.6514
Número de populações independentes: 3
Troca de informação de 4 individuos a cada 241 gerações
Número de threads: 1

Largura da faixa = 178
Melhor altura = 268

Lower Bound 1 = 224
Lower Bound 2 = 178
Avaliação = 1.19643

Tempo de execução: 60.0063s

---------------------------

Tamanho da população: 475
Fração elite: 0.2121
Fração mutante: 0.0442
Probabilidade herdar alelo elite: 0.6514
Número de populações independentes: 3
Troca de informação de 4 individuos a cada 241 gerações
Número de threads: 1

Largura da faixa = 178
Melhor altura = 267

Lower Bound 1 = 224
Lower Bound 2 = 178
Avaliação = 1.19196

Tempo de execução: 60.0099s

---------------------------

Tamanho da população: 475
Fração elite: 0.2121
Fração mutante: 0.0442
Probabilidade herdar alelo elite: 0.6514
Número de populações independentes: 3
Troca de informação de 4 individuos a cada 241 gerações
Número de threads: 1

Largura da faixa = 178
Melhor altura = 268

Lower Bound 1 = 224
Lower Bound 2 = 178
Avaliação = 1.19643

Tempo de execução: 60.0118s

---------------------------

Tamanho da população: 475
Fração elite: 0.2121
Fração mutante: 0.0442
Probabilidade herdar alelo elite: 0.6514
Número de populações independentes: 3
Troca de informação de 4 individuos a cada 241 gerações
Número de threads: 1

Largura da faixa = 178
Melhor altura = 268

Lower Bound 1 = 224
Lower Bound 2 = 178
Avaliação = 1.19643

Tempo de execução: 60.0124s

---------------------------

Tamanho da população: 475
Fração elite: 0.2121
Fração mutante: 0.0442
Probabilidade herdar alelo elite: 0.6514
Número de populações independentes: 3
Troca de informação de 4 individuos a cada 241 gerações
Número de threads: 1

Largura da faixa = 178
Melhor altura = 267

Lower Bound 1 = 224
Lower Bound 2 = 178
Avaliação = 1.19196

Tempo de execução: 60.0143s

---------------------------

Tamanho da população: 475
Fração elite: 0.2121
Fração mutante: 0.0442
Probabilidade herdar alelo elite: 0.6514
Número de populações independentes: 3
Troca de informação de 4 individuos a cada 241 gerações
Número de threads: 1

Largura da faixa = 178
Melhor altura = 267

Lower Bound 1 = 224
Lower Bound 2 = 178
Avaliação = 1.19196

Tempo de execução: 60.0216s

---------------------------

Tamanho da população: 475
Fração elite: 0.2121
Fração mutante: 0.0442
Probabilidade herdar alelo elite: 0.6514
Número de populações independentes: 3
Troca de informação de 4 individuos a cada 241 gerações
Número de threads: 1

Largura da faixa = 178
Melhor altura = 268

Lower Bound 1 = 224
Lower Bound 2 = 178
Avaliação = 1.19643

Tempo de execução: 60.0019s

---------------------------

Tamanho da população: 475
Fração elite: 0.2121
Fração mutante: 0.0442
Probabilidade herdar alelo elite: 0.6514
Número de populações independentes: 3
Troca de informação de 4 individuos a cada 241 gerações
Número de threads: 1

Largura da faixa = 178
Melhor altura = 267

Lower Bound 1 = 224
Lower Bound 2 = 178
Avaliação = 1.19196

Tempo de execução: 60.0083s

---------------------------

Tamanho da população: 475
Fração elite: 0.2121
Fração mutante: 0.0442
Probabilidade herdar alelo elite: 0.6514
Número de populações independentes: 3
Troca de informação de 4 individuos a cada 241 gerações
Número de threads: 1

Largura da faixa = 178
Melhor altura = 268

Lower Bound 1 = 224
Lower Bound 2 = 178
Avaliação = 1.19643

Tempo de execução: 60.0128s

---------------------------

Tamanho da população: 475
Fração elite: 0.2121
Fração mutante: 0.0442
Probabilidade herdar alelo elite: 0.6514
Número de populações independentes: 3
Troca de informação de 4 individuos a cada 241 gerações
Número de threads: 1

Largura da faixa = 178
Melhor altura = 265

Lower Bound 1 = 224
Lower Bound 2 = 178
Avaliação = 1.18304

Tempo de execução: 60.0147s

---------------------------

Tamanho da população: 475
Fração elite: 0.2121
Fração mutante: 0.0442
Probabilidade herdar alelo elite: 0.6514
Número de populações independentes: 3
Troca de informação de 4 individuos a cada 241 gerações
Número de threads: 1

Largura da faixa = 178
Melhor altura = 267

Lower Bound 1 = 224
Lower Bound 2 = 178
Avaliação = 1.19196

Tempo de execução: 60.016s

---------------------------

Tamanho da população: 475
Fração elite: 0.2121
Fração mutante: 0.0442
Probabilidade herdar alelo elite: 0.6514
Número de populações independentes: 3
Troca de informação de 4 individuos a cada 241 gerações
Número de threads: 1

Largura da faixa = 178
Melhor altura = 265

Lower Bound 1 = 224
Lower Bound 2 = 178
Avaliação = 1.18304

Tempo de execução: 60.02s

---------------------------

Tamanho da população: 475
Fração elite: 0.2121
Fração mutante: 0.0442
Probabilidade herdar alelo elite: 0.6514
Número de populações independentes: 3
Troca de informação de 4 individuos a cada 241 gerações
Número de threads: 1

Largura da faixa = 178
Melhor altura = 268

Lower Bound 1 = 224
Lower Bound 2 = 178
Avaliação = 1.19643

Tempo de execução: 60.0131s

---------------------------

Tamanho da população: 475
Fração elite: 0.2121
Fração mutante: 0.0442
Probabilidade herdar alelo elite: 0.6514
Número de populações independentes: 3
Troca de informação de 4 individuos a cada 241 gerações
Número de threads: 1

Largura da faixa = 178
Melhor altura = 267

Lower Bound 1 = 224
Lower Bound 2 = 178
Avaliação = 1.19196

Tempo de execução: 60.0204s
