Tamanho da população: 297
Fração elite: 0.55
Fração mutante: 0.0174
Probabilidade herdar alelo elite: 0.7678
Número de populações independentes: 1
Número de threads: 1
Trocar os melhores indivíduos a cada 30 gerações
Número máximo de gerações: 279

Largura da faixa = 115
Melhor altura = 408

Lower Bound 1 = 347
Lower Bound 2 = 244
Avaliação = 1.17579

Tempo de execução: 4.23397s

---------------------------

Tamanho da população: 297
Fração elite: 0.55
Fração mutante: 0.0174
Probabilidade herdar alelo elite: 0.7678
Número de populações independentes: 1
Número de threads: 1
Trocar os melhores indivíduos a cada 30 gerações
Número máximo de gerações: 279

Largura da faixa = 115
Melhor altura = 405

Lower Bound 1 = 347
Lower Bound 2 = 244
Avaliação = 1.16715

Tempo de execução: 4.41272s

---------------------------

Tamanho da população: 297
Fração elite: 0.55
Fração mutante: 0.0174
Probabilidade herdar alelo elite: 0.7678
Número de populações independentes: 1
Número de threads: 1
Trocar os melhores indivíduos a cada 30 gerações
Número máximo de gerações: 279

Largura da faixa = 115
Melhor altura = 407

Lower Bound 1 = 347
Lower Bound 2 = 244
Avaliação = 1.17291

Tempo de execução: 4.41726s

---------------------------

Tamanho da população: 297
Fração elite: 0.55
Fração mutante: 0.0174
Probabilidade herdar alelo elite: 0.7678
Número de populações independentes: 1
Número de threads: 1
Trocar os melhores indivíduos a cada 30 gerações
Número máximo de gerações: 279

Largura da faixa = 115
Melhor altura = 404

Lower Bound 1 = 347
Lower Bound 2 = 244
Avaliação = 1.16427

Tempo de execução: 4.38038s

---------------------------

Tamanho da população: 297
Fração elite: 0.55
Fração mutante: 0.0174
Probabilidade herdar alelo elite: 0.7678
Número de populações independentes: 1
Número de threads: 1
Trocar os melhores indivíduos a cada 30 gerações
Número máximo de gerações: 279

Largura da faixa = 115
Melhor altura = 401

Lower Bound 1 = 347
Lower Bound 2 = 244
Avaliação = 1.15562

Tempo de execução: 4.4227s

---------------------------

Tamanho da população: 297
Fração elite: 0.55
Fração mutante: 0.0174
Probabilidade herdar alelo elite: 0.7678
Número de populações independentes: 1
Número de threads: 1
Trocar os melhores indivíduos a cada 30 gerações
Número máximo de gerações: 279

Largura da faixa = 115
Melhor altura = 405

Lower Bound 1 = 347
Lower Bound 2 = 244
Avaliação = 1.16715

Tempo de execução: 4.59239s

---------------------------

Tamanho da população: 297
Fração elite: 0.55
Fração mutante: 0.0174
Probabilidade herdar alelo elite: 0.7678
Número de populações independentes: 1
Número de threads: 1
Trocar os melhores indivíduos a cada 30 gerações
Número máximo de gerações: 279

Largura da faixa = 115
Melhor altura = 405

Lower Bound 1 = 347
Lower Bound 2 = 244
Avaliação = 1.16715

Tempo de execução: 4.2428s

---------------------------

Tamanho da população: 297
Fração elite: 0.55
Fração mutante: 0.0174
Probabilidade herdar alelo elite: 0.7678
Número de populações independentes: 1
Número de threads: 1
Trocar os melhores indivíduos a cada 30 gerações
Número máximo de gerações: 279

Largura da faixa = 115
Melhor altura = 408

Lower Bound 1 = 347
Lower Bound 2 = 244
Avaliação = 1.17579

Tempo de execução: 4.25157s

---------------------------

Tamanho da população: 297
Fração elite: 0.55
Fração mutante: 0.0174
Probabilidade herdar alelo elite: 0.7678
Número de populações independentes: 1
Número de threads: 1
Trocar os melhores indivíduos a cada 30 gerações
Número máximo de gerações: 279

Largura da faixa = 115
Melhor altura = 407

Lower Bound 1 = 347
Lower Bound 2 = 244
Avaliação = 1.17291

Tempo de execução: 4.29348s

---------------------------

Tamanho da população: 297
Fração elite: 0.55
Fração mutante: 0.0174
Probabilidade herdar alelo elite: 0.7678
Número de populações independentes: 1
Número de threads: 1
Trocar os melhores indivíduos a cada 30 gerações
Número máximo de gerações: 279

Largura da faixa = 115
Melhor altura = 403

Lower Bound 1 = 347
Lower Bound 2 = 244
Avaliação = 1.16138

Tempo de execução: 4.34518s

---------------------------

Tamanho da população: 297
Fração elite: 0.55
Fração mutante: 0.0174
Probabilidade herdar alelo elite: 0.7678
Número de populações independentes: 1
Número de threads: 1
Trocar os melhores indivíduos a cada 30 gerações
Número máximo de gerações: 279

Largura da faixa = 115
Melhor altura = 405

Lower Bound 1 = 347
Lower Bound 2 = 244
Avaliação = 1.16715

Tempo de execução: 4.37438s

---------------------------

Tamanho da população: 297
Fração elite: 0.55
Fração mutante: 0.0174
Probabilidade herdar alelo elite: 0.7678
Número de populações independentes: 1
Número de threads: 1
Trocar os melhores indivíduos a cada 30 gerações
Número máximo de gerações: 279

Largura da faixa = 115
Melhor altura = 406

Lower Bound 1 = 347
Lower Bound 2 = 244
Avaliação = 1.17003

Tempo de execução: 4.43766s

---------------------------

Tamanho da população: 297
Fração elite: 0.55
Fração mutante: 0.0174
Probabilidade herdar alelo elite: 0.7678
Número de populações independentes: 1
Número de threads: 1
Trocar os melhores indivíduos a cada 30 gerações
Número máximo de gerações: 279

Largura da faixa = 115
Melhor altura = 400

Lower Bound 1 = 347
Lower Bound 2 = 244
Avaliação = 1.15274

Tempo de execução: 4.35151s

---------------------------

Tamanho da população: 297
Fração elite: 0.55
Fração mutante: 0.0174
Probabilidade herdar alelo elite: 0.7678
Número de populações independentes: 1
Número de threads: 1
Trocar os melhores indivíduos a cada 30 gerações
Número máximo de gerações: 279

Largura da faixa = 115
Melhor altura = 402

Lower Bound 1 = 347
Lower Bound 2 = 244
Avaliação = 1.1585

Tempo de execução: 4.48699s

---------------------------

Tamanho da população: 297
Fração elite: 0.55
Fração mutante: 0.0174
Probabilidade herdar alelo elite: 0.7678
Número de populações independentes: 1
Número de threads: 1
Trocar os melhores indivíduos a cada 30 gerações
Número máximo de gerações: 279

Largura da faixa = 115
Melhor altura = 400

Lower Bound 1 = 347
Lower Bound 2 = 244
Avaliação = 1.15274

Tempo de execução: 4.50446s

---------------------------

Tamanho da população: 297
Fração elite: 0.55
Fração mutante: 0.0174
Probabilidade herdar alelo elite: 0.7678
Número de populações independentes: 1
Número de threads: 1
Trocar os melhores indivíduos a cada 30 gerações
Número máximo de gerações: 279

Largura da faixa = 115
Melhor altura = 410

Lower Bound 1 = 347
Lower Bound 2 = 244
Avaliação = 1.18156

Tempo de execução: 4.22725s

---------------------------

Tamanho da população: 297
Fração elite: 0.55
Fração mutante: 0.0174
Probabilidade herdar alelo elite: 0.7678
Número de populações independentes: 1
Número de threads: 1
Trocar os melhores indivíduos a cada 30 gerações
Número máximo de gerações: 279

Largura da faixa = 115
Melhor altura = 408

Lower Bound 1 = 347
Lower Bound 2 = 244
Avaliação = 1.17579

Tempo de execução: 4.31142s

---------------------------

Tamanho da população: 297
Fração elite: 0.55
Fração mutante: 0.0174
Probabilidade herdar alelo elite: 0.7678
Número de populações independentes: 1
Número de threads: 1
Trocar os melhores indivíduos a cada 30 gerações
Número máximo de gerações: 279

Largura da faixa = 115
Melhor altura = 400

Lower Bound 1 = 347
Lower Bound 2 = 244
Avaliação = 1.15274

Tempo de execução: 4.44436s

---------------------------

Tamanho da população: 297
Fração elite: 0.55
Fração mutante: 0.0174
Probabilidade herdar alelo elite: 0.7678
Número de populações independentes: 1
Número de threads: 1
Trocar os melhores indivíduos a cada 30 gerações
Número máximo de gerações: 279

Largura da faixa = 115
Melhor altura = 408

Lower Bound 1 = 347
Lower Bound 2 = 244
Avaliação = 1.17579

Tempo de execução: 4.12985s

---------------------------

Tamanho da população: 297
Fração elite: 0.55
Fração mutante: 0.0174
Probabilidade herdar alelo elite: 0.7678
Número de populações independentes: 1
Número de threads: 1
Trocar os melhores indivíduos a cada 30 gerações
Número máximo de gerações: 279

Largura da faixa = 115
Melhor altura = 403

Lower Bound 1 = 347
Lower Bound 2 = 244
Avaliação = 1.16138

Tempo de execução: 4.28561s

---------------------------

