Tamanho da população: 475
Fração elite: 0.2121
Fração mutante: 0.0442
Probabilidade herdar alelo elite: 0.6514
Número de populações independentes: 3
Troca de informação de 4 individuos a cada 241 gerações
Número de threads: 1

Largura da faixa = 116
Melhor altura = 386

Lower Bound 1 = 344
Lower Bound 2 = 234
Avaliação = 1.12209

Tempo de execução: 60.0127s

---------------------------

Tamanho da população: 475
Fração elite: 0.2121
Fração mutante: 0.0442
Probabilidade herdar alelo elite: 0.6514
Número de populações independentes: 3
Troca de informação de 4 individuos a cada 241 gerações
Número de threads: 1

Largura da faixa = 116
Melhor altura = 385

Lower Bound 1 = 344
Lower Bound 2 = 234
Avaliação = 1.11919

Tempo de execução: 60.0728s

---------------------------

Tamanho da população: 475
Fração elite: 0.2121
Fração mutante: 0.0442
Probabilidade herdar alelo elite: 0.6514
Número de populações independentes: 3
Troca de informação de 4 individuos a cada 241 gerações
Número de threads: 1

Largura da faixa = 116
Melhor altura = 387

Lower Bound 1 = 344
Lower Bound 2 = 234
Avaliação = 1.125

Tempo de execução: 60.0827s

---------------------------

Tamanho da população: 475
Fração elite: 0.2121
Fração mutante: 0.0442
Probabilidade herdar alelo elite: 0.6514
Número de populações independentes: 3
Troca de informação de 4 individuos a cada 241 gerações
Número de threads: 1

Largura da faixa = 116
Melhor altura = 386

Lower Bound 1 = 344
Lower Bound 2 = 234
Avaliação = 1.12209

Tempo de execução: 60.106s

---------------------------

Tamanho da população: 475
Fração elite: 0.2121
Fração mutante: 0.0442
Probabilidade herdar alelo elite: 0.6514
Número de populações independentes: 3
Troca de informação de 4 individuos a cada 241 gerações
Número de threads: 1

Largura da faixa = 116
Melhor altura = 388

Lower Bound 1 = 344
Lower Bound 2 = 234
Avaliação = 1.12791

Tempo de execução: 60.1087s

---------------------------

Tamanho da população: 475
Fração elite: 0.2121
Fração mutante: 0.0442
Probabilidade herdar alelo elite: 0.6514
Número de populações independentes: 3
Troca de informação de 4 individuos a cada 241 gerações
Número de threads: 1

Largura da faixa = 116
Melhor altura = 386

Lower Bound 1 = 344
Lower Bound 2 = 234
Avaliação = 1.12209

Tempo de execução: 60.1271s

---------------------------

Tamanho da população: 475
Fração elite: 0.2121
Fração mutante: 0.0442
Probabilidade herdar alelo elite: 0.6514
Número de populações independentes: 3
Troca de informação de 4 individuos a cada 241 gerações
Número de threads: 1

Largura da faixa = 116
Melhor altura = 386

Lower Bound 1 = 344
Lower Bound 2 = 234
Avaliação = 1.12209

Tempo de execução: 60.0395s

---------------------------

Tamanho da população: 475
Fração elite: 0.2121
Fração mutante: 0.0442
Probabilidade herdar alelo elite: 0.6514
Número de populações independentes: 3
Troca de informação de 4 individuos a cada 241 gerações
Número de threads: 1

Largura da faixa = 116
Melhor altura = 386

Lower Bound 1 = 344
Lower Bound 2 = 234
Avaliação = 1.12209

Tempo de execução: 60.0394s

---------------------------

Tamanho da população: 475
Fração elite: 0.2121
Fração mutante: 0.0442
Probabilidade herdar alelo elite: 0.6514
Número de populações independentes: 3
Troca de informação de 4 individuos a cada 241 gerações
Número de threads: 1

Largura da faixa = 116
Melhor altura = 384

Lower Bound 1 = 344
Lower Bound 2 = 234
Avaliação = 1.11628

Tempo de execução: 60.0563s

---------------------------

Tamanho da população: 475
Fração elite: 0.2121
Fração mutante: 0.0442
Probabilidade herdar alelo elite: 0.6514
Número de populações independentes: 3
Troca de informação de 4 individuos a cada 241 gerações
Número de threads: 1

Largura da faixa = 116
Melhor altura = 386

Lower Bound 1 = 344
Lower Bound 2 = 234
Avaliação = 1.12209

Tempo de execução: 60.0672s

---------------------------

Tamanho da população: 475
Fração elite: 0.2121
Fração mutante: 0.0442
Probabilidade herdar alelo elite: 0.6514
Número de populações independentes: 3
Troca de informação de 4 individuos a cada 241 gerações
Número de threads: 1

Largura da faixa = 116
Melhor altura = 387

Lower Bound 1 = 344
Lower Bound 2 = 234
Avaliação = 1.125

Tempo de execução: 60.0893s

---------------------------

Tamanho da população: 475
Fração elite: 0.2121
Fração mutante: 0.0442
Probabilidade herdar alelo elite: 0.6514
Número de populações independentes: 3
Troca de informação de 4 individuos a cada 241 gerações
Número de threads: 1

Largura da faixa = 116
Melhor altura = 386

Lower Bound 1 = 344
Lower Bound 2 = 234
Avaliação = 1.12209

Tempo de execução: 60.127s

---------------------------

Tamanho da população: 475
Fração elite: 0.2121
Fração mutante: 0.0442
Probabilidade herdar alelo elite: 0.6514
Número de populações independentes: 3
Troca de informação de 4 individuos a cada 241 gerações
Número de threads: 1

Largura da faixa = 116
Melhor altura = 387

Lower Bound 1 = 344
Lower Bound 2 = 234
Avaliação = 1.125

Tempo de execução: 60.0016s

---------------------------

Tamanho da população: 475
Fração elite: 0.2121
Fração mutante: 0.0442
Probabilidade herdar alelo elite: 0.6514
Número de populações independentes: 3
Troca de informação de 4 individuos a cada 241 gerações
Número de threads: 1

Largura da faixa = 116
Melhor altura = 384

Lower Bound 1 = 344
Lower Bound 2 = 234
Avaliação = 1.11628

Tempo de execução: 60.0186s

---------------------------

Tamanho da população: 475
Fração elite: 0.2121
Fração mutante: 0.0442
Probabilidade herdar alelo elite: 0.6514
Número de populações independentes: 3
Troca de informação de 4 individuos a cada 241 gerações
Número de threads: 1

Largura da faixa = 116
Melhor altura = 385

Lower Bound 1 = 344
Lower Bound 2 = 234
Avaliação = 1.11919

Tempo de execução: 60.0188s

---------------------------

Tamanho da população: 475
Fração elite: 0.2121
Fração mutante: 0.0442
Probabilidade herdar alelo elite: 0.6514
Número de populações independentes: 3
Troca de informação de 4 individuos a cada 241 gerações
Número de threads: 1

Largura da faixa = 116
Melhor altura = 387

Lower Bound 1 = 344
Lower Bound 2 = 234
Avaliação = 1.125

Tempo de execução: 60.0368s

---------------------------

Tamanho da população: 475
Fração elite: 0.2121
Fração mutante: 0.0442
Probabilidade herdar alelo elite: 0.6514
Número de populações independentes: 3
Troca de informação de 4 individuos a cada 241 gerações
Número de threads: 1

Largura da faixa = 116
Melhor altura = 387

Lower Bound 1 = 344
Lower Bound 2 = 234
Avaliação = 1.125

Tempo de execução: 60.0679s

---------------------------

Tamanho da população: 475
Fração elite: 0.2121
Fração mutante: 0.0442
Probabilidade herdar alelo elite: 0.6514
Número de populações independentes: 3
Troca de informação de 4 individuos a cada 241 gerações
Número de threads: 1

Largura da faixa = 116
Melhor altura = 387

Lower Bound 1 = 344
Lower Bound 2 = 234
Avaliação = 1.125

Tempo de execução: 60.1188s

---------------------------

Tamanho da população: 475
Fração elite: 0.2121
Fração mutante: 0.0442
Probabilidade herdar alelo elite: 0.6514
Número de populações independentes: 3
Troca de informação de 4 individuos a cada 241 gerações
Número de threads: 1

Largura da faixa = 116
Melhor altura = 387

Lower Bound 1 = 344
Lower Bound 2 = 234
Avaliação = 1.125

Tempo de execução: 60.0339s

---------------------------

Tamanho da população: 475
Fração elite: 0.2121
Fração mutante: 0.0442
Probabilidade herdar alelo elite: 0.6514
Número de populações independentes: 3
Troca de informação de 4 individuos a cada 241 gerações
Número de threads: 1

Largura da faixa = 116
Melhor altura = 384

Lower Bound 1 = 344
Lower Bound 2 = 234
Avaliação = 1.11628

Tempo de execução: 60.1141s
