Tamanho da população: 297
Fração elite: 0.55
Fração mutante: 0.0174
Probabilidade herdar alelo elite: 0.7678
Número de populações independentes: 1
Número de threads: 1
Trocar os melhores indivíduos a cada 30 gerações
Número máximo de gerações: 279

Largura da faixa = 119
Melhor altura = 390

Lower Bound 1 = 336
Lower Bound 2 = 200
Avaliação = 1.16071

Tempo de execução: 2.50229s

---------------------------

Tamanho da população: 297
Fração elite: 0.55
Fração mutante: 0.0174
Probabilidade herdar alelo elite: 0.7678
Número de populações independentes: 1
Número de threads: 1
Trocar os melhores indivíduos a cada 30 gerações
Número máximo de gerações: 279

Largura da faixa = 119
Melhor altura = 376

Lower Bound 1 = 336
Lower Bound 2 = 200
Avaliação = 1.11905

Tempo de execução: 2.52641s

---------------------------

Tamanho da população: 297
Fração elite: 0.55
Fração mutante: 0.0174
Probabilidade herdar alelo elite: 0.7678
Número de populações independentes: 1
Número de threads: 1
Trocar os melhores indivíduos a cada 30 gerações
Número máximo de gerações: 279

Largura da faixa = 119
Melhor altura = 376

Lower Bound 1 = 336
Lower Bound 2 = 200
Avaliação = 1.11905

Tempo de execução: 2.59565s

---------------------------

Tamanho da população: 297
Fração elite: 0.55
Fração mutante: 0.0174
Probabilidade herdar alelo elite: 0.7678
Número de populações independentes: 1
Número de threads: 1
Trocar os melhores indivíduos a cada 30 gerações
Número máximo de gerações: 279

Largura da faixa = 119
Melhor altura = 376

Lower Bound 1 = 336
Lower Bound 2 = 200
Avaliação = 1.11905

Tempo de execução: 2.57482s

---------------------------

Tamanho da população: 297
Fração elite: 0.55
Fração mutante: 0.0174
Probabilidade herdar alelo elite: 0.7678
Número de populações independentes: 1
Número de threads: 1
Trocar os melhores indivíduos a cada 30 gerações
Número máximo de gerações: 279

Largura da faixa = 119
Melhor altura = 376

Lower Bound 1 = 336
Lower Bound 2 = 200
Avaliação = 1.11905

Tempo de execução: 2.58735s

---------------------------

Tamanho da população: 297
Fração elite: 0.55
Fração mutante: 0.0174
Probabilidade herdar alelo elite: 0.7678
Número de populações independentes: 1
Número de threads: 1
Trocar os melhores indivíduos a cada 30 gerações
Número máximo de gerações: 279

Largura da faixa = 119
Melhor altura = 376

Lower Bound 1 = 336
Lower Bound 2 = 200
Avaliação = 1.11905

Tempo de execução: 2.61372s

---------------------------

Tamanho da população: 297
Fração elite: 0.55
Fração mutante: 0.0174
Probabilidade herdar alelo elite: 0.7678
Número de populações independentes: 1
Número de threads: 1
Trocar os melhores indivíduos a cada 30 gerações
Número máximo de gerações: 279

Largura da faixa = 119
Melhor altura = 376

Lower Bound 1 = 336
Lower Bound 2 = 200
Avaliação = 1.11905

Tempo de execução: 2.53825s

---------------------------

Tamanho da população: 297
Fração elite: 0.55
Fração mutante: 0.0174
Probabilidade herdar alelo elite: 0.7678
Número de populações independentes: 1
Número de threads: 1
Trocar os melhores indivíduos a cada 30 gerações
Número máximo de gerações: 279

Largura da faixa = 119
Melhor altura = 378

Lower Bound 1 = 336
Lower Bound 2 = 200
Avaliação = 1.125

Tempo de execução: 2.54195s

---------------------------

Tamanho da população: 297
Fração elite: 0.55
Fração mutante: 0.0174
Probabilidade herdar alelo elite: 0.7678
Número de populações independentes: 1
Número de threads: 1
Trocar os melhores indivíduos a cada 30 gerações
Número máximo de gerações: 279

Largura da faixa = 119
Melhor altura = 381

Lower Bound 1 = 336
Lower Bound 2 = 200
Avaliação = 1.13393

Tempo de execução: 2.58139s

---------------------------

Tamanho da população: 297
Fração elite: 0.55
Fração mutante: 0.0174
Probabilidade herdar alelo elite: 0.7678
Número de populações independentes: 1
Número de threads: 1
Trocar os melhores indivíduos a cada 30 gerações
Número máximo de gerações: 279

Largura da faixa = 119
Melhor altura = 378

Lower Bound 1 = 336
Lower Bound 2 = 200
Avaliação = 1.125

Tempo de execução: 2.48366s

---------------------------

Tamanho da população: 297
Fração elite: 0.55
Fração mutante: 0.0174
Probabilidade herdar alelo elite: 0.7678
Número de populações independentes: 1
Número de threads: 1
Trocar os melhores indivíduos a cada 30 gerações
Número máximo de gerações: 279

Largura da faixa = 119
Melhor altura = 378

Lower Bound 1 = 336
Lower Bound 2 = 200
Avaliação = 1.125

Tempo de execução: 2.51273s

---------------------------

Tamanho da população: 297
Fração elite: 0.55
Fração mutante: 0.0174
Probabilidade herdar alelo elite: 0.7678
Número de populações independentes: 1
Número de threads: 1
Trocar os melhores indivíduos a cada 30 gerações
Número máximo de gerações: 279

Largura da faixa = 119
Melhor altura = 376

Lower Bound 1 = 336
Lower Bound 2 = 200
Avaliação = 1.11905

Tempo de execução: 2.55173s

---------------------------

Tamanho da população: 297
Fração elite: 0.55
Fração mutante: 0.0174
Probabilidade herdar alelo elite: 0.7678
Número de populações independentes: 1
Número de threads: 1
Trocar os melhores indivíduos a cada 30 gerações
Número máximo de gerações: 279

Largura da faixa = 119
Melhor altura = 387

Lower Bound 1 = 336
Lower Bound 2 = 200
Avaliação = 1.15179

Tempo de execução: 2.48807s

---------------------------

Tamanho da população: 297
Fração elite: 0.55
Fração mutante: 0.0174
Probabilidade herdar alelo elite: 0.7678
Número de populações independentes: 1
Número de threads: 1
Trocar os melhores indivíduos a cada 30 gerações
Número máximo de gerações: 279

Largura da faixa = 119
Melhor altura = 376

Lower Bound 1 = 336
Lower Bound 2 = 200
Avaliação = 1.11905

Tempo de execução: 2.54568s

---------------------------

Tamanho da população: 297
Fração elite: 0.55
Fração mutante: 0.0174
Probabilidade herdar alelo elite: 0.7678
Número de populações independentes: 1
Número de threads: 1
Trocar os melhores indivíduos a cada 30 gerações
Número máximo de gerações: 279

Largura da faixa = 119
Melhor altura = 376

Lower Bound 1 = 336
Lower Bound 2 = 200
Avaliação = 1.11905

Tempo de execução: 2.6224s

---------------------------

Tamanho da população: 297
Fração elite: 0.55
Fração mutante: 0.0174
Probabilidade herdar alelo elite: 0.7678
Número de populações independentes: 1
Número de threads: 1
Trocar os melhores indivíduos a cada 30 gerações
Número máximo de gerações: 279

Largura da faixa = 119
Melhor altura = 379

Lower Bound 1 = 336
Lower Bound 2 = 200
Avaliação = 1.12798

Tempo de execução: 2.51559s

---------------------------

Tamanho da população: 297
Fração elite: 0.55
Fração mutante: 0.0174
Probabilidade herdar alelo elite: 0.7678
Número de populações independentes: 1
Número de threads: 1
Trocar os melhores indivíduos a cada 30 gerações
Número máximo de gerações: 279

Largura da faixa = 119
Melhor altura = 376

Lower Bound 1 = 336
Lower Bound 2 = 200
Avaliação = 1.11905

Tempo de execução: 2.55481s

---------------------------

Tamanho da população: 297
Fração elite: 0.55
Fração mutante: 0.0174
Probabilidade herdar alelo elite: 0.7678
Número de populações independentes: 1
Número de threads: 1
Trocar os melhores indivíduos a cada 30 gerações
Número máximo de gerações: 279

Largura da faixa = 119
Melhor altura = 383

Lower Bound 1 = 336
Lower Bound 2 = 200
Avaliação = 1.13988

Tempo de execução: 2.60885s

---------------------------

Tamanho da população: 297
Fração elite: 0.55
Fração mutante: 0.0174
Probabilidade herdar alelo elite: 0.7678
Número de populações independentes: 1
Número de threads: 1
Trocar os melhores indivíduos a cada 30 gerações
Número máximo de gerações: 279

Largura da faixa = 119
Melhor altura = 385

Lower Bound 1 = 336
Lower Bound 2 = 200
Avaliação = 1.14583

Tempo de execução: 2.39752s

---------------------------

Tamanho da população: 297
Fração elite: 0.55
Fração mutante: 0.0174
Probabilidade herdar alelo elite: 0.7678
Número de populações independentes: 1
Número de threads: 1
Trocar os melhores indivíduos a cada 30 gerações
Número máximo de gerações: 279

Largura da faixa = 119
Melhor altura = 378

Lower Bound 1 = 336
Lower Bound 2 = 200
Avaliação = 1.125

Tempo de execução: 2.48221s

---------------------------

