Tamanho da população: 475
Fração elite: 0.2121
Fração mutante: 0.0442
Probabilidade herdar alelo elite: 0.6514
Número de populações independentes: 3
Troca de informação de 4 individuos a cada 241 gerações
Número de threads: 1

Largura da faixa = 108
Melhor altura = 417

Lower Bound 1 = 370
Lower Bound 2 = 270
Avaliação = 1.12703

Tempo de execução: 60.0183s

---------------------------

Tamanho da população: 475
Fração elite: 0.2121
Fração mutante: 0.0442
Probabilidade herdar alelo elite: 0.6514
Número de populações independentes: 3
Troca de informação de 4 individuos a cada 241 gerações
Número de threads: 1

Largura da faixa = 108
Melhor altura = 418

Lower Bound 1 = 370
Lower Bound 2 = 270
Avaliação = 1.12973

Tempo de execução: 60.0253s

---------------------------

Tamanho da população: 475
Fração elite: 0.2121
Fração mutante: 0.0442
Probabilidade herdar alelo elite: 0.6514
Número de populações independentes: 3
Troca de informação de 4 individuos a cada 241 gerações
Número de threads: 1

Largura da faixa = 108
Melhor altura = 422

Lower Bound 1 = 370
Lower Bound 2 = 270
Avaliação = 1.14054

Tempo de execução: 60.0522s

---------------------------

Tamanho da população: 475
Fração elite: 0.2121
Fração mutante: 0.0442
Probabilidade herdar alelo elite: 0.6514
Número de populações independentes: 3
Troca de informação de 4 individuos a cada 241 gerações
Número de threads: 1

Largura da faixa = 108
Melhor altura = 423

Lower Bound 1 = 370
Lower Bound 2 = 270
Avaliação = 1.14324

Tempo de execução: 60.0634s

---------------------------

Tamanho da população: 475
Fração elite: 0.2121
Fração mutante: 0.0442
Probabilidade herdar alelo elite: 0.6514
Número de populações independentes: 3
Troca de informação de 4 individuos a cada 241 gerações
Número de threads: 1

Largura da faixa = 108
Melhor altura = 417

Lower Bound 1 = 370
Lower Bound 2 = 270
Avaliação = 1.12703

Tempo de execução: 60.0858s

---------------------------

Tamanho da população: 475
Fração elite: 0.2121
Fração mutante: 0.0442
Probabilidade herdar alelo elite: 0.6514
Número de populações independentes: 3
Troca de informação de 4 individuos a cada 241 gerações
Número de threads: 1

Largura da faixa = 108
Melhor altura = 413

Lower Bound 1 = 370
Lower Bound 2 = 270
Avaliação = 1.11622

Tempo de execução: 60.1015s

---------------------------

Tamanho da população: 475
Fração elite: 0.2121
Fração mutante: 0.0442
Probabilidade herdar alelo elite: 0.6514
Número de populações independentes: 3
Troca de informação de 4 individuos a cada 241 gerações
Número de threads: 1

Largura da faixa = 108
Melhor altura = 418

Lower Bound 1 = 370
Lower Bound 2 = 270
Avaliação = 1.12973

Tempo de execução: 60.009s

---------------------------

Tamanho da população: 475
Fração elite: 0.2121
Fração mutante: 0.0442
Probabilidade herdar alelo elite: 0.6514
Número de populações independentes: 3
Troca de informação de 4 individuos a cada 241 gerações
Número de threads: 1

Largura da faixa = 108
Melhor altura = 417

Lower Bound 1 = 370
Lower Bound 2 = 270
Avaliação = 1.12703

Tempo de execução: 60.0176s

---------------------------

Tamanho da população: 475
Fração elite: 0.2121
Fração mutante: 0.0442
Probabilidade herdar alelo elite: 0.6514
Número de populações independentes: 3
Troca de informação de 4 individuos a cada 241 gerações
Número de threads: 1

Largura da faixa = 108
Melhor altura = 422

Lower Bound 1 = 370
Lower Bound 2 = 270
Avaliação = 1.14054

Tempo de execução: 60.0666s

---------------------------

Tamanho da população: 475
Fração elite: 0.2121
Fração mutante: 0.0442
Probabilidade herdar alelo elite: 0.6514
Número de populações independentes: 3
Troca de informação de 4 individuos a cada 241 gerações
Número de threads: 1

Largura da faixa = 108
Melhor altura = 418

Lower Bound 1 = 370
Lower Bound 2 = 270
Avaliação = 1.12973

Tempo de execução: 60.1118s

---------------------------

Tamanho da população: 475
Fração elite: 0.2121
Fração mutante: 0.0442
Probabilidade herdar alelo elite: 0.6514
Número de populações independentes: 3
Troca de informação de 4 individuos a cada 241 gerações
Número de threads: 1

Largura da faixa = 108
Melhor altura = 422

Lower Bound 1 = 370
Lower Bound 2 = 270
Avaliação = 1.14054

Tempo de execução: 60.123s

---------------------------

Tamanho da população: 475
Fração elite: 0.2121
Fração mutante: 0.0442
Probabilidade herdar alelo elite: 0.6514
Número de populações independentes: 3
Troca de informação de 4 individuos a cada 241 gerações
Número de threads: 1

Largura da faixa = 108
Melhor altura = 417

Lower Bound 1 = 370
Lower Bound 2 = 270
Avaliação = 1.12703

Tempo de execução: 60.1348s

---------------------------

Tamanho da população: 475
Fração elite: 0.2121
Fração mutante: 0.0442
Probabilidade herdar alelo elite: 0.6514
Número de populações independentes: 3
Troca de informação de 4 individuos a cada 241 gerações
Número de threads: 1

Largura da faixa = 108
Melhor altura = 424

Lower Bound 1 = 370
Lower Bound 2 = 270
Avaliação = 1.14595

Tempo de execução: 60.0116s

---------------------------

Tamanho da população: 475
Fração elite: 0.2121
Fração mutante: 0.0442
Probabilidade herdar alelo elite: 0.6514
Número de populações independentes: 3
Troca de informação de 4 individuos a cada 241 gerações
Número de threads: 1

Largura da faixa = 108
Melhor altura = 412

Lower Bound 1 = 370
Lower Bound 2 = 270
Avaliação = 1.11351

Tempo de execução: 60.0151s

---------------------------

Tamanho da população: 475
Fração elite: 0.2121
Fração mutante: 0.0442
Probabilidade herdar alelo elite: 0.6514
Número de populações independentes: 3
Troca de informação de 4 individuos a cada 241 gerações
Número de threads: 1

Largura da faixa = 108
Melhor altura = 411

Lower Bound 1 = 370
Lower Bound 2 = 270
Avaliação = 1.11081

Tempo de execução: 60.0355s

---------------------------

Tamanho da população: 475
Fração elite: 0.2121
Fração mutante: 0.0442
Probabilidade herdar alelo elite: 0.6514
Número de populações independentes: 3
Troca de informação de 4 individuos a cada 241 gerações
Número de threads: 1

Largura da faixa = 108
Melhor altura = 423

Lower Bound 1 = 370
Lower Bound 2 = 270
Avaliação = 1.14324

Tempo de execução: 60.0466s

---------------------------

Tamanho da população: 475
Fração elite: 0.2121
Fração mutante: 0.0442
Probabilidade herdar alelo elite: 0.6514
Número de populações independentes: 3
Troca de informação de 4 individuos a cada 241 gerações
Número de threads: 1

Largura da faixa = 108
Melhor altura = 422

Lower Bound 1 = 370
Lower Bound 2 = 270
Avaliação = 1.14054

Tempo de execução: 60.1073s

---------------------------

Tamanho da população: 475
Fração elite: 0.2121
Fração mutante: 0.0442
Probabilidade herdar alelo elite: 0.6514
Número de populações independentes: 3
Troca de informação de 4 individuos a cada 241 gerações
Número de threads: 1

Largura da faixa = 108
Melhor altura = 423

Lower Bound 1 = 370
Lower Bound 2 = 270
Avaliação = 1.14324

Tempo de execução: 60.1291s

---------------------------

Tamanho da população: 475
Fração elite: 0.2121
Fração mutante: 0.0442
Probabilidade herdar alelo elite: 0.6514
Número de populações independentes: 3
Troca de informação de 4 individuos a cada 241 gerações
Número de threads: 1

Largura da faixa = 108
Melhor altura = 418

Lower Bound 1 = 370
Lower Bound 2 = 270
Avaliação = 1.12973

Tempo de execução: 60.0339s

---------------------------

Tamanho da população: 475
Fração elite: 0.2121
Fração mutante: 0.0442
Probabilidade herdar alelo elite: 0.6514
Número de populações independentes: 3
Troca de informação de 4 individuos a cada 241 gerações
Número de threads: 1

Largura da faixa = 108
Melhor altura = 428

Lower Bound 1 = 370
Lower Bound 2 = 270
Avaliação = 1.15676

Tempo de execução: 60.0749s
