Tamanho da população: 297
Fração elite: 0.55
Fração mutante: 0.0174
Probabilidade herdar alelo elite: 0.7678
Número de populações independentes: 1
Número de threads: 1
Trocar os melhores indivíduos a cada 30 gerações
Número máximo de gerações: 279

Largura da faixa = 104
Melhor altura = 444

Lower Bound 1 = 384
Lower Bound 2 = 257
Avaliação = 1.15625

Tempo de execução: 10.8598s

---------------------------

Tamanho da população: 297
Fração elite: 0.55
Fração mutante: 0.0174
Probabilidade herdar alelo elite: 0.7678
Número de populações independentes: 1
Número de threads: 1
Trocar os melhores indivíduos a cada 30 gerações
Número máximo de gerações: 279

Largura da faixa = 104
Melhor altura = 450

Lower Bound 1 = 384
Lower Bound 2 = 257
Avaliação = 1.17188

Tempo de execução: 10.9371s

---------------------------

Tamanho da população: 297
Fração elite: 0.55
Fração mutante: 0.0174
Probabilidade herdar alelo elite: 0.7678
Número de populações independentes: 1
Número de threads: 1
Trocar os melhores indivíduos a cada 30 gerações
Número máximo de gerações: 279

Largura da faixa = 104
Melhor altura = 442

Lower Bound 1 = 384
Lower Bound 2 = 257
Avaliação = 1.15104

Tempo de execução: 11.0133s

---------------------------

Tamanho da população: 297
Fração elite: 0.55
Fração mutante: 0.0174
Probabilidade herdar alelo elite: 0.7678
Número de populações independentes: 1
Número de threads: 1
Trocar os melhores indivíduos a cada 30 gerações
Número máximo de gerações: 279

Largura da faixa = 104
Melhor altura = 439

Lower Bound 1 = 384
Lower Bound 2 = 257
Avaliação = 1.14323

Tempo de execução: 10.5471s

---------------------------

Tamanho da população: 297
Fração elite: 0.55
Fração mutante: 0.0174
Probabilidade herdar alelo elite: 0.7678
Número de populações independentes: 1
Número de threads: 1
Trocar os melhores indivíduos a cada 30 gerações
Número máximo de gerações: 279

Largura da faixa = 104
Melhor altura = 447

Lower Bound 1 = 384
Lower Bound 2 = 257
Avaliação = 1.16406

Tempo de execução: 10.7853s

---------------------------

Tamanho da população: 297
Fração elite: 0.55
Fração mutante: 0.0174
Probabilidade herdar alelo elite: 0.7678
Número de populações independentes: 1
Número de threads: 1
Trocar os melhores indivíduos a cada 30 gerações
Número máximo de gerações: 279

Largura da faixa = 104
Melhor altura = 444

Lower Bound 1 = 384
Lower Bound 2 = 257
Avaliação = 1.15625

Tempo de execução: 10.9362s

---------------------------

Tamanho da população: 297
Fração elite: 0.55
Fração mutante: 0.0174
Probabilidade herdar alelo elite: 0.7678
Número de populações independentes: 1
Número de threads: 1
Trocar os melhores indivíduos a cada 30 gerações
Número máximo de gerações: 279

Largura da faixa = 104
Melhor altura = 445

Lower Bound 1 = 384
Lower Bound 2 = 257
Avaliação = 1.15885

Tempo de execução: 10.8101s

---------------------------

Tamanho da população: 297
Fração elite: 0.55
Fração mutante: 0.0174
Probabilidade herdar alelo elite: 0.7678
Número de populações independentes: 1
Número de threads: 1
Trocar os melhores indivíduos a cada 30 gerações
Número máximo de gerações: 279

Largura da faixa = 104
Melhor altura = 447

Lower Bound 1 = 384
Lower Bound 2 = 257
Avaliação = 1.16406

Tempo de execução: 11.0068s

---------------------------

Tamanho da população: 297
Fração elite: 0.55
Fração mutante: 0.0174
Probabilidade herdar alelo elite: 0.7678
Número de populações independentes: 1
Número de threads: 1
Trocar os melhores indivíduos a cada 30 gerações
Número máximo de gerações: 279

Largura da faixa = 104
Melhor altura = 449

Lower Bound 1 = 384
Lower Bound 2 = 257
Avaliação = 1.16927

Tempo de execução: 11.2151s

---------------------------

Tamanho da população: 297
Fração elite: 0.55
Fração mutante: 0.0174
Probabilidade herdar alelo elite: 0.7678
Número de populações independentes: 1
Número de threads: 1
Trocar os melhores indivíduos a cada 30 gerações
Número máximo de gerações: 279

Largura da faixa = 104
Melhor altura = 442

Lower Bound 1 = 384
Lower Bound 2 = 257
Avaliação = 1.15104

Tempo de execução: 10.6926s

---------------------------

Tamanho da população: 297
Fração elite: 0.55
Fração mutante: 0.0174
Probabilidade herdar alelo elite: 0.7678
Número de populações independentes: 1
Número de threads: 1
Trocar os melhores indivíduos a cada 30 gerações
Número máximo de gerações: 279

Largura da faixa = 104
Melhor altura = 452

Lower Bound 1 = 384
Lower Bound 2 = 257
Avaliação = 1.17708

Tempo de execução: 10.7469s

---------------------------

Tamanho da população: 297
Fração elite: 0.55
Fração mutante: 0.0174
Probabilidade herdar alelo elite: 0.7678
Número de populações independentes: 1
Número de threads: 1
Trocar os melhores indivíduos a cada 30 gerações
Número máximo de gerações: 279

Largura da faixa = 104
Melhor altura = 440

Lower Bound 1 = 384
Lower Bound 2 = 257
Avaliação = 1.14583

Tempo de execução: 10.8315s

---------------------------

Tamanho da população: 297
Fração elite: 0.55
Fração mutante: 0.0174
Probabilidade herdar alelo elite: 0.7678
Número de populações independentes: 1
Número de threads: 1
Trocar os melhores indivíduos a cada 30 gerações
Número máximo de gerações: 279

Largura da faixa = 104
Melhor altura = 438

Lower Bound 1 = 384
Lower Bound 2 = 257
Avaliação = 1.14062

Tempo de execução: 10.4385s

---------------------------

Tamanho da população: 297
Fração elite: 0.55
Fração mutante: 0.0174
Probabilidade herdar alelo elite: 0.7678
Número de populações independentes: 1
Número de threads: 1
Trocar os melhores indivíduos a cada 30 gerações
Número máximo de gerações: 279

Largura da faixa = 104
Melhor altura = 448

Lower Bound 1 = 384
Lower Bound 2 = 257
Avaliação = 1.16667

Tempo de execução: 11.0404s

---------------------------

Tamanho da população: 297
Fração elite: 0.55
Fração mutante: 0.0174
Probabilidade herdar alelo elite: 0.7678
Número de populações independentes: 1
Número de threads: 1
Trocar os melhores indivíduos a cada 30 gerações
Número máximo de gerações: 279

Largura da faixa = 104
Melhor altura = 447

Lower Bound 1 = 384
Lower Bound 2 = 257
Avaliação = 1.16406

Tempo de execução: 11.1151s

---------------------------

Tamanho da população: 297
Fração elite: 0.55
Fração mutante: 0.0174
Probabilidade herdar alelo elite: 0.7678
Número de populações independentes: 1
Número de threads: 1
Trocar os melhores indivíduos a cada 30 gerações
Número máximo de gerações: 279

Largura da faixa = 104
Melhor altura = 443

Lower Bound 1 = 384
Lower Bound 2 = 257
Avaliação = 1.15365

Tempo de execução: 10.7199s

---------------------------

Tamanho da população: 297
Fração elite: 0.55
Fração mutante: 0.0174
Probabilidade herdar alelo elite: 0.7678
Número de populações independentes: 1
Número de threads: 1
Trocar os melhores indivíduos a cada 30 gerações
Número máximo de gerações: 279

Largura da faixa = 104
Melhor altura = 450

Lower Bound 1 = 384
Lower Bound 2 = 257
Avaliação = 1.17188

Tempo de execução: 11.0754s

---------------------------

Tamanho da população: 297
Fração elite: 0.55
Fração mutante: 0.0174
Probabilidade herdar alelo elite: 0.7678
Número de populações independentes: 1
Número de threads: 1
Trocar os melhores indivíduos a cada 30 gerações
Número máximo de gerações: 279

Largura da faixa = 104
Melhor altura = 451

Lower Bound 1 = 384
Lower Bound 2 = 257
Avaliação = 1.17448

Tempo de execução: 11.3245s

---------------------------

Tamanho da população: 297
Fração elite: 0.55
Fração mutante: 0.0174
Probabilidade herdar alelo elite: 0.7678
Número de populações independentes: 1
Número de threads: 1
Trocar os melhores indivíduos a cada 30 gerações
Número máximo de gerações: 279

Largura da faixa = 104
Melhor altura = 450

Lower Bound 1 = 384
Lower Bound 2 = 257
Avaliação = 1.17188

Tempo de execução: 10.4146s

---------------------------

Tamanho da população: 297
Fração elite: 0.55
Fração mutante: 0.0174
Probabilidade herdar alelo elite: 0.7678
Número de populações independentes: 1
Número de threads: 1
Trocar os melhores indivíduos a cada 30 gerações
Número máximo de gerações: 279

Largura da faixa = 104
Melhor altura = 442

Lower Bound 1 = 384
Lower Bound 2 = 257
Avaliação = 1.15104

Tempo de execução: 10.9801s

---------------------------

