Tamanho da população: 475
Fração elite: 0.2121
Fração mutante: 0.0442
Probabilidade herdar alelo elite: 0.6514
Número de populações independentes: 3
Troca de informação de 4 individuos a cada 241 gerações
Número de threads: 1

Largura da faixa = 115
Melhor altura = 417

Lower Bound 1 = 347
Lower Bound 2 = 254
Avaliação = 1.20173

Tempo de execução: 60.018s

---------------------------

Tamanho da população: 475
Fração elite: 0.2121
Fração mutante: 0.0442
Probabilidade herdar alelo elite: 0.6514
Número de populações independentes: 3
Troca de informação de 4 individuos a cada 241 gerações
Número de threads: 1

Largura da faixa = 115
Melhor altura = 417

Lower Bound 1 = 347
Lower Bound 2 = 254
Avaliação = 1.20173

Tempo de execução: 60.0401s

---------------------------

Tamanho da população: 475
Fração elite: 0.2121
Fração mutante: 0.0442
Probabilidade herdar alelo elite: 0.6514
Número de populações independentes: 3
Troca de informação de 4 individuos a cada 241 gerações
Número de threads: 1

Largura da faixa = 115
Melhor altura = 417

Lower Bound 1 = 347
Lower Bound 2 = 254
Avaliação = 1.20173

Tempo de execução: 60.0582s

---------------------------

Tamanho da população: 475
Fração elite: 0.2121
Fração mutante: 0.0442
Probabilidade herdar alelo elite: 0.6514
Número de populações independentes: 3
Troca de informação de 4 individuos a cada 241 gerações
Número de threads: 1

Largura da faixa = 115
Melhor altura = 417

Lower Bound 1 = 347
Lower Bound 2 = 254
Avaliação = 1.20173

Tempo de execução: 60.0035s

---------------------------

Tamanho da população: 475
Fração elite: 0.2121
Fração mutante: 0.0442
Probabilidade herdar alelo elite: 0.6514
Número de populações independentes: 3
Troca de informação de 4 individuos a cada 241 gerações
Número de threads: 1

Largura da faixa = 115
Melhor altura = 417

Lower Bound 1 = 347
Lower Bound 2 = 254
Avaliação = 1.20173

Tempo de execução: 60.0228s

---------------------------

Tamanho da população: 475
Fração elite: 0.2121
Fração mutante: 0.0442
Probabilidade herdar alelo elite: 0.6514
Número de populações independentes: 3
Troca de informação de 4 individuos a cada 241 gerações
Número de threads: 1

Largura da faixa = 115
Melhor altura = 417

Lower Bound 1 = 347
Lower Bound 2 = 254
Avaliação = 1.20173

Tempo de execução: 60.0249s

---------------------------

Tamanho da população: 475
Fração elite: 0.2121
Fração mutante: 0.0442
Probabilidade herdar alelo elite: 0.6514
Número de populações independentes: 3
Troca de informação de 4 individuos a cada 241 gerações
Número de threads: 1

Largura da faixa = 115
Melhor altura = 417

Lower Bound 1 = 347
Lower Bound 2 = 254
Avaliação = 1.20173

Tempo de execução: 60.0017s

---------------------------

Tamanho da população: 475
Fração elite: 0.2121
Fração mutante: 0.0442
Probabilidade herdar alelo elite: 0.6514
Número de populações independentes: 3
Troca de informação de 4 individuos a cada 241 gerações
Número de threads: 1

Largura da faixa = 115
Melhor altura = 420

Lower Bound 1 = 347
Lower Bound 2 = 254
Avaliação = 1.21037

Tempo de execução: 60.0353s

---------------------------

Tamanho da população: 475
Fração elite: 0.2121
Fração mutante: 0.0442
Probabilidade herdar alelo elite: 0.6514
Número de populações independentes: 3
Troca de informação de 4 individuos a cada 241 gerações
Número de threads: 1

Largura da faixa = 115
Melhor altura = 420

Lower Bound 1 = 347
Lower Bound 2 = 254
Avaliação = 1.21037

Tempo de execução: 60.0361s

---------------------------

Tamanho da população: 475
Fração elite: 0.2121
Fração mutante: 0.0442
Probabilidade herdar alelo elite: 0.6514
Número de populações independentes: 3
Troca de informação de 4 individuos a cada 241 gerações
Número de threads: 1

Largura da faixa = 115
Melhor altura = 417

Lower Bound 1 = 347
Lower Bound 2 = 254
Avaliação = 1.20173

Tempo de execução: 60.0177s

---------------------------

Tamanho da população: 475
Fração elite: 0.2121
Fração mutante: 0.0442
Probabilidade herdar alelo elite: 0.6514
Número de populações independentes: 3
Troca de informação de 4 individuos a cada 241 gerações
Número de threads: 1

Largura da faixa = 115
Melhor altura = 417

Lower Bound 1 = 347
Lower Bound 2 = 254
Avaliação = 1.20173

Tempo de execução: 60.024s

---------------------------

Tamanho da população: 475
Fração elite: 0.2121
Fração mutante: 0.0442
Probabilidade herdar alelo elite: 0.6514
Número de populações independentes: 3
Troca de informação de 4 individuos a cada 241 gerações
Número de threads: 1

Largura da faixa = 115
Melhor altura = 417

Lower Bound 1 = 347
Lower Bound 2 = 254
Avaliação = 1.20173

Tempo de execução: 60.0593s

---------------------------

Tamanho da população: 475
Fração elite: 0.2121
Fração mutante: 0.0442
Probabilidade herdar alelo elite: 0.6514
Número de populações independentes: 3
Troca de informação de 4 individuos a cada 241 gerações
Número de threads: 1

Largura da faixa = 115
Melhor altura = 417

Lower Bound 1 = 347
Lower Bound 2 = 254
Avaliação = 1.20173

Tempo de execução: 60.0048s

---------------------------

Tamanho da população: 475
Fração elite: 0.2121
Fração mutante: 0.0442
Probabilidade herdar alelo elite: 0.6514
Número de populações independentes: 3
Troca de informação de 4 individuos a cada 241 gerações
Número de threads: 1

Largura da faixa = 115
Melhor altura = 417

Lower Bound 1 = 347
Lower Bound 2 = 254
Avaliação = 1.20173

Tempo de execução: 60.0372s

---------------------------

Tamanho da população: 475
Fração elite: 0.2121
Fração mutante: 0.0442
Probabilidade herdar alelo elite: 0.6514
Número de populações independentes: 3
Troca de informação de 4 individuos a cada 241 gerações
Número de threads: 1

Largura da faixa = 115
Melhor altura = 420

Lower Bound 1 = 347
Lower Bound 2 = 254
Avaliação = 1.21037

Tempo de execução: 60.0503s

---------------------------

Tamanho da população: 475
Fração elite: 0.2121
Fração mutante: 0.0442
Probabilidade herdar alelo elite: 0.6514
Número de populações independentes: 3
Troca de informação de 4 individuos a cada 241 gerações
Número de threads: 1

Largura da faixa = 115
Melhor altura = 417

Lower Bound 1 = 347
Lower Bound 2 = 254
Avaliação = 1.20173

Tempo de execução: 60.0258s

---------------------------

Tamanho da população: 475
Fração elite: 0.2121
Fração mutante: 0.0442
Probabilidade herdar alelo elite: 0.6514
Número de populações independentes: 3
Troca de informação de 4 individuos a cada 241 gerações
Número de threads: 1

Largura da faixa = 115
Melhor altura = 420

Lower Bound 1 = 347
Lower Bound 2 = 254
Avaliação = 1.21037

Tempo de execução: 60.0556s

---------------------------

Tamanho da população: 475
Fração elite: 0.2121
Fração mutante: 0.0442
Probabilidade herdar alelo elite: 0.6514
Número de populações independentes: 3
Troca de informação de 4 individuos a cada 241 gerações
Número de threads: 1

Largura da faixa = 115
Melhor altura = 420

Lower Bound 1 = 347
Lower Bound 2 = 254
Avaliação = 1.21037

Tempo de execução: 60.0559s

---------------------------

Tamanho da população: 475
Fração elite: 0.2121
Fração mutante: 0.0442
Probabilidade herdar alelo elite: 0.6514
Número de populações independentes: 3
Troca de informação de 4 individuos a cada 241 gerações
Número de threads: 1

Largura da faixa = 115
Melhor altura = 417

Lower Bound 1 = 347
Lower Bound 2 = 254
Avaliação = 1.20173

Tempo de execução: 60.0087s

---------------------------

Tamanho da população: 475
Fração elite: 0.2121
Fração mutante: 0.0442
Probabilidade herdar alelo elite: 0.6514
Número de populações independentes: 3
Troca de informação de 4 individuos a cada 241 gerações
Número de threads: 1

Largura da faixa = 115
Melhor altura = 420

Lower Bound 1 = 347
Lower Bound 2 = 254
Avaliação = 1.21037

Tempo de execução: 60.0634s
