Tamanho da população: 475
Fração elite: 0.2121
Fração mutante: 0.0442
Probabilidade herdar alelo elite: 0.6514
Número de populações independentes: 3
Troca de informação de 4 individuos a cada 241 gerações
Número de threads: 1

Largura da faixa = 117
Melhor altura = 396

Lower Bound 1 = 341
Lower Bound 2 = 176
Avaliação = 1.16129

Tempo de execução: 60.0145s

---------------------------

Tamanho da população: 475
Fração elite: 0.2121
Fração mutante: 0.0442
Probabilidade herdar alelo elite: 0.6514
Número de populações independentes: 3
Troca de informação de 4 individuos a cada 241 gerações
Número de threads: 1

Largura da faixa = 117
Melhor altura = 389

Lower Bound 1 = 341
Lower Bound 2 = 176
Avaliação = 1.14076

Tempo de execução: 60.0237s

---------------------------

Tamanho da população: 475
Fração elite: 0.2121
Fração mutante: 0.0442
Probabilidade herdar alelo elite: 0.6514
Número de populações independentes: 3
Troca de informação de 4 individuos a cada 241 gerações
Número de threads: 1

Largura da faixa = 117
Melhor altura = 389

Lower Bound 1 = 341
Lower Bound 2 = 176
Avaliação = 1.14076

Tempo de execução: 60.0447s

---------------------------

Tamanho da população: 475
Fração elite: 0.2121
Fração mutante: 0.0442
Probabilidade herdar alelo elite: 0.6514
Número de populações independentes: 3
Troca de informação de 4 individuos a cada 241 gerações
Número de threads: 1

Largura da faixa = 117
Melhor altura = 389

Lower Bound 1 = 341
Lower Bound 2 = 176
Avaliação = 1.14076

Tempo de execução: 60.0715s

---------------------------

Tamanho da população: 475
Fração elite: 0.2121
Fração mutante: 0.0442
Probabilidade herdar alelo elite: 0.6514
Número de populações independentes: 3
Troca de informação de 4 individuos a cada 241 gerações
Número de threads: 1

Largura da faixa = 117
Melhor altura = 388

Lower Bound 1 = 341
Lower Bound 2 = 176
Avaliação = 1.13783

Tempo de execução: 60.0797s

---------------------------

Tamanho da população: 475
Fração elite: 0.2121
Fração mutante: 0.0442
Probabilidade herdar alelo elite: 0.6514
Número de populações independentes: 3
Troca de informação de 4 individuos a cada 241 gerações
Número de threads: 1

Largura da faixa = 117
Melhor altura = 397

Lower Bound 1 = 341
Lower Bound 2 = 176
Avaliação = 1.16422

Tempo de execução: 60.1809s

---------------------------

Tamanho da população: 475
Fração elite: 0.2121
Fração mutante: 0.0442
Probabilidade herdar alelo elite: 0.6514
Número de populações independentes: 3
Troca de informação de 4 individuos a cada 241 gerações
Número de threads: 1

Largura da faixa = 117
Melhor altura = 384

Lower Bound 1 = 341
Lower Bound 2 = 176
Avaliação = 1.1261

Tempo de execução: 60.0181s

---------------------------

Tamanho da população: 475
Fração elite: 0.2121
Fração mutante: 0.0442
Probabilidade herdar alelo elite: 0.6514
Número de populações independentes: 3
Troca de informação de 4 individuos a cada 241 gerações
Número de threads: 1

Largura da faixa = 117
Melhor altura = 387

Lower Bound 1 = 341
Lower Bound 2 = 176
Avaliação = 1.1349

Tempo de execução: 60.0429s

---------------------------

Tamanho da população: 475
Fração elite: 0.2121
Fração mutante: 0.0442
Probabilidade herdar alelo elite: 0.6514
Número de populações independentes: 3
Troca de informação de 4 individuos a cada 241 gerações
Número de threads: 1

Largura da faixa = 117
Melhor altura = 391

Lower Bound 1 = 341
Lower Bound 2 = 176
Avaliação = 1.14663

Tempo de execução: 60.0433s

---------------------------

Tamanho da população: 475
Fração elite: 0.2121
Fração mutante: 0.0442
Probabilidade herdar alelo elite: 0.6514
Número de populações independentes: 3
Troca de informação de 4 individuos a cada 241 gerações
Número de threads: 1

Largura da faixa = 117
Melhor altura = 388

Lower Bound 1 = 341
Lower Bound 2 = 176
Avaliação = 1.13783

Tempo de execução: 60.0937s

---------------------------

Tamanho da população: 475
Fração elite: 0.2121
Fração mutante: 0.0442
Probabilidade herdar alelo elite: 0.6514
Número de populações independentes: 3
Troca de informação de 4 individuos a cada 241 gerações
Número de threads: 1

Largura da faixa = 117
Melhor altura = 389

Lower Bound 1 = 341
Lower Bound 2 = 176
Avaliação = 1.14076

Tempo de execução: 60.1075s

---------------------------

Tamanho da população: 475
Fração elite: 0.2121
Fração mutante: 0.0442
Probabilidade herdar alelo elite: 0.6514
Número de populações independentes: 3
Troca de informação de 4 individuos a cada 241 gerações
Número de threads: 1

Largura da faixa = 117
Melhor altura = 390

Lower Bound 1 = 341
Lower Bound 2 = 176
Avaliação = 1.1437

Tempo de execução: 60.1379s

---------------------------

Tamanho da população: 475
Fração elite: 0.2121
Fração mutante: 0.0442
Probabilidade herdar alelo elite: 0.6514
Número de populações independentes: 3
Troca de informação de 4 individuos a cada 241 gerações
Número de threads: 1

Largura da faixa = 117
Melhor altura = 386

Lower Bound 1 = 341
Lower Bound 2 = 176
Avaliação = 1.13196

Tempo de execução: 60.0234s

---------------------------

Tamanho da população: 475
Fração elite: 0.2121
Fração mutante: 0.0442
Probabilidade herdar alelo elite: 0.6514
Número de populações independentes: 3
Troca de informação de 4 individuos a cada 241 gerações
Número de threads: 1

Largura da faixa = 117
Melhor altura = 390

Lower Bound 1 = 341
Lower Bound 2 = 176
Avaliação = 1.1437

Tempo de execução: 60.069s

---------------------------

Tamanho da população: 475
Fração elite: 0.2121
Fração mutante: 0.0442
Probabilidade herdar alelo elite: 0.6514
Número de populações independentes: 3
Troca de informação de 4 individuos a cada 241 gerações
Número de threads: 1

Largura da faixa = 117
Melhor altura = 386

Lower Bound 1 = 341
Lower Bound 2 = 176
Avaliação = 1.13196

Tempo de execução: 60.0953s

---------------------------

Tamanho da população: 475
Fração elite: 0.2121
Fração mutante: 0.0442
Probabilidade herdar alelo elite: 0.6514
Número de populações independentes: 3
Troca de informação de 4 individuos a cada 241 gerações
Número de threads: 1

Largura da faixa = 117
Melhor altura = 386

Lower Bound 1 = 341
Lower Bound 2 = 176
Avaliação = 1.13196

Tempo de execução: 60.1203s

---------------------------

Tamanho da população: 475
Fração elite: 0.2121
Fração mutante: 0.0442
Probabilidade herdar alelo elite: 0.6514
Número de populações independentes: 3
Troca de informação de 4 individuos a cada 241 gerações
Número de threads: 1

Largura da faixa = 117
Melhor altura = 389

Lower Bound 1 = 341
Lower Bound 2 = 176
Avaliação = 1.14076

Tempo de execução: 60.1346s

---------------------------

Tamanho da população: 475
Fração elite: 0.2121
Fração mutante: 0.0442
Probabilidade herdar alelo elite: 0.6514
Número de populações independentes: 3
Troca de informação de 4 individuos a cada 241 gerações
Número de threads: 1

Largura da faixa = 117
Melhor altura = 390

Lower Bound 1 = 341
Lower Bound 2 = 176
Avaliação = 1.1437

Tempo de execução: 60.1442s

---------------------------

Tamanho da população: 475
Fração elite: 0.2121
Fração mutante: 0.0442
Probabilidade herdar alelo elite: 0.6514
Número de populações independentes: 3
Troca de informação de 4 individuos a cada 241 gerações
Número de threads: 1

Largura da faixa = 117
Melhor altura = 388

Lower Bound 1 = 341
Lower Bound 2 = 176
Avaliação = 1.13783

Tempo de execução: 60.1244s

---------------------------

Tamanho da população: 475
Fração elite: 0.2121
Fração mutante: 0.0442
Probabilidade herdar alelo elite: 0.6514
Número de populações independentes: 3
Troca de informação de 4 individuos a cada 241 gerações
Número de threads: 1

Largura da faixa = 117
Melhor altura = 389

Lower Bound 1 = 341
Lower Bound 2 = 176
Avaliação = 1.14076

Tempo de execução: 60.1405s
