Tamanho da população: 475
Fração elite: 0.2121
Fração mutante: 0.0442
Probabilidade herdar alelo elite: 0.6514
Número de populações independentes: 3
Troca de informação de 4 individuos a cada 241 gerações
Número de threads: 1

Largura da faixa = 97
Melhor altura = 478

Lower Bound 1 = 412
Lower Bound 2 = 218
Avaliação = 1.16019

Tempo de execução: 60.0008s

---------------------------

Tamanho da população: 475
Fração elite: 0.2121
Fração mutante: 0.0442
Probabilidade herdar alelo elite: 0.6514
Número de populações independentes: 3
Troca de informação de 4 individuos a cada 241 gerações
Número de threads: 1

Largura da faixa = 97
Melhor altura = 474

Lower Bound 1 = 412
Lower Bound 2 = 218
Avaliação = 1.15049

Tempo de execução: 60.0292s

---------------------------

Tamanho da população: 475
Fração elite: 0.2121
Fração mutante: 0.0442
Probabilidade herdar alelo elite: 0.6514
Número de populações independentes: 3
Troca de informação de 4 individuos a cada 241 gerações
Número de threads: 1

Largura da faixa = 97
Melhor altura = 474

Lower Bound 1 = 412
Lower Bound 2 = 218
Avaliação = 1.15049

Tempo de execução: 60.0396s

---------------------------

Tamanho da população: 475
Fração elite: 0.2121
Fração mutante: 0.0442
Probabilidade herdar alelo elite: 0.6514
Número de populações independentes: 3
Troca de informação de 4 individuos a cada 241 gerações
Número de threads: 1

Largura da faixa = 97
Melhor altura = 471

Lower Bound 1 = 412
Lower Bound 2 = 218
Avaliação = 1.1432

Tempo de execução: 60.0599s

---------------------------

Tamanho da população: 475
Fração elite: 0.2121
Fração mutante: 0.0442
Probabilidade herdar alelo elite: 0.6514
Número de populações independentes: 3
Troca de informação de 4 individuos a cada 241 gerações
Número de threads: 1

Largura da faixa = 97
Melhor altura = 472

Lower Bound 1 = 412
Lower Bound 2 = 218
Avaliação = 1.14563

Tempo de execução: 60.0659s

---------------------------

Tamanho da população: 475
Fração elite: 0.2121
Fração mutante: 0.0442
Probabilidade herdar alelo elite: 0.6514
Número de populações independentes: 3
Troca de informação de 4 individuos a cada 241 gerações
Número de threads: 1

Largura da faixa = 97
Melhor altura = 460

Lower Bound 1 = 412
Lower Bound 2 = 218
Avaliação = 1.1165

Tempo de execução: 60.0877s

---------------------------

Tamanho da população: 475
Fração elite: 0.2121
Fração mutante: 0.0442
Probabilidade herdar alelo elite: 0.6514
Número de populações independentes: 3
Troca de informação de 4 individuos a cada 241 gerações
Número de threads: 1

Largura da faixa = 97
Melhor altura = 463

Lower Bound 1 = 412
Lower Bound 2 = 218
Avaliação = 1.12379

Tempo de execução: 60.0182s

---------------------------

Tamanho da população: 475
Fração elite: 0.2121
Fração mutante: 0.0442
Probabilidade herdar alelo elite: 0.6514
Número de populações independentes: 3
Troca de informação de 4 individuos a cada 241 gerações
Número de threads: 1

Largura da faixa = 97
Melhor altura = 472

Lower Bound 1 = 412
Lower Bound 2 = 218
Avaliação = 1.14563

Tempo de execução: 60.0259s

---------------------------

Tamanho da população: 475
Fração elite: 0.2121
Fração mutante: 0.0442
Probabilidade herdar alelo elite: 0.6514
Número de populações independentes: 3
Troca de informação de 4 individuos a cada 241 gerações
Número de threads: 1

Largura da faixa = 97
Melhor altura = 468

Lower Bound 1 = 412
Lower Bound 2 = 218
Avaliação = 1.13592

Tempo de execução: 60.0284s

---------------------------

Tamanho da população: 475
Fração elite: 0.2121
Fração mutante: 0.0442
Probabilidade herdar alelo elite: 0.6514
Número de populações independentes: 3
Troca de informação de 4 individuos a cada 241 gerações
Número de threads: 1

Largura da faixa = 97
Melhor altura = 464

Lower Bound 1 = 412
Lower Bound 2 = 218
Avaliação = 1.12621

Tempo de execução: 60.0419s

---------------------------

Tamanho da população: 475
Fração elite: 0.2121
Fração mutante: 0.0442
Probabilidade herdar alelo elite: 0.6514
Número de populações independentes: 3
Troca de informação de 4 individuos a cada 241 gerações
Número de threads: 1

Largura da faixa = 97
Melhor altura = 472

Lower Bound 1 = 412
Lower Bound 2 = 218
Avaliação = 1.14563

Tempo de execução: 60.0611s

---------------------------

Tamanho da população: 475
Fração elite: 0.2121
Fração mutante: 0.0442
Probabilidade herdar alelo elite: 0.6514
Número de populações independentes: 3
Troca de informação de 4 individuos a cada 241 gerações
Número de threads: 1

Largura da faixa = 97
Melhor altura = 464

Lower Bound 1 = 412
Lower Bound 2 = 218
Avaliação = 1.12621

Tempo de execução: 60.0662s

---------------------------

Tamanho da população: 475
Fração elite: 0.2121
Fração mutante: 0.0442
Probabilidade herdar alelo elite: 0.6514
Número de populações independentes: 3
Troca de informação de 4 individuos a cada 241 gerações
Número de threads: 1

Largura da faixa = 97
Melhor altura = 464

Lower Bound 1 = 412
Lower Bound 2 = 218
Avaliação = 1.12621

Tempo de execução: 60.0055s

---------------------------

Tamanho da população: 475
Fração elite: 0.2121
Fração mutante: 0.0442
Probabilidade herdar alelo elite: 0.6514
Número de populações independentes: 3
Troca de informação de 4 individuos a cada 241 gerações
Número de threads: 1

Largura da faixa = 97
Melhor altura = 466

Lower Bound 1 = 412
Lower Bound 2 = 218
Avaliação = 1.13107

Tempo de execução: 60.0402s

---------------------------

Tamanho da população: 475
Fração elite: 0.2121
Fração mutante: 0.0442
Probabilidade herdar alelo elite: 0.6514
Número de populações independentes: 3
Troca de informação de 4 individuos a cada 241 gerações
Número de threads: 1

Largura da faixa = 97
Melhor altura = 470

Lower Bound 1 = 412
Lower Bound 2 = 218
Avaliação = 1.14078

Tempo de execução: 60.0489s

---------------------------

Tamanho da população: 475
Fração elite: 0.2121
Fração mutante: 0.0442
Probabilidade herdar alelo elite: 0.6514
Número de populações independentes: 3
Troca de informação de 4 individuos a cada 241 gerações
Número de threads: 1

Largura da faixa = 97
Melhor altura = 474

Lower Bound 1 = 412
Lower Bound 2 = 218
Avaliação = 1.15049

Tempo de execução: 60.0578s

---------------------------

Tamanho da população: 475
Fração elite: 0.2121
Fração mutante: 0.0442
Probabilidade herdar alelo elite: 0.6514
Número de populações independentes: 3
Troca de informação de 4 individuos a cada 241 gerações
Número de threads: 1

Largura da faixa = 97
Melhor altura = 471

Lower Bound 1 = 412
Lower Bound 2 = 218
Avaliação = 1.1432

Tempo de execução: 60.0715s

---------------------------

Tamanho da população: 475
Fração elite: 0.2121
Fração mutante: 0.0442
Probabilidade herdar alelo elite: 0.6514
Número de populações independentes: 3
Troca de informação de 4 individuos a cada 241 gerações
Número de threads: 1

Largura da faixa = 97
Melhor altura = 472

Lower Bound 1 = 412
Lower Bound 2 = 218
Avaliação = 1.14563

Tempo de execução: 60.0859s

---------------------------

Tamanho da população: 475
Fração elite: 0.2121
Fração mutante: 0.0442
Probabilidade herdar alelo elite: 0.6514
Número de populações independentes: 3
Troca de informação de 4 individuos a cada 241 gerações
Número de threads: 1

Largura da faixa = 97
Melhor altura = 470

Lower Bound 1 = 412
Lower Bound 2 = 218
Avaliação = 1.14078

Tempo de execução: 60.0083s

---------------------------

Tamanho da população: 475
Fração elite: 0.2121
Fração mutante: 0.0442
Probabilidade herdar alelo elite: 0.6514
Número de populações independentes: 3
Troca de informação de 4 individuos a cada 241 gerações
Número de threads: 1

Largura da faixa = 97
Melhor altura = 473

Lower Bound 1 = 412
Lower Bound 2 = 218
Avaliação = 1.14806

Tempo de execução: 60.039s
