Tamanho da população: 297
Fração elite: 0.55
Fração mutante: 0.0174
Probabilidade herdar alelo elite: 0.7678
Número de populações independentes: 1
Número de threads: 1
Trocar os melhores indivíduos a cada 30 gerações
Número máximo de gerações: 279

Largura da faixa = 165
Melhor altura = 278

Lower Bound 1 = 242
Lower Bound 2 = 182
Avaliação = 1.14876

Tempo de execução: 3.00254s

---------------------------

Tamanho da população: 297
Fração elite: 0.55
Fração mutante: 0.0174
Probabilidade herdar alelo elite: 0.7678
Número de populações independentes: 1
Número de threads: 1
Trocar os melhores indivíduos a cada 30 gerações
Número máximo de gerações: 279

Largura da faixa = 165
Melhor altura = 278

Lower Bound 1 = 242
Lower Bound 2 = 182
Avaliação = 1.14876

Tempo de execução: 3.07084s

---------------------------

Tamanho da população: 297
Fração elite: 0.55
Fração mutante: 0.0174
Probabilidade herdar alelo elite: 0.7678
Número de populações independentes: 1
Número de threads: 1
Trocar os melhores indivíduos a cada 30 gerações
Número máximo de gerações: 279

Largura da faixa = 165
Melhor altura = 271

Lower Bound 1 = 242
Lower Bound 2 = 182
Avaliação = 1.11983

Tempo de execução: 3.17088s

---------------------------

Tamanho da população: 297
Fração elite: 0.55
Fração mutante: 0.0174
Probabilidade herdar alelo elite: 0.7678
Número de populações independentes: 1
Número de threads: 1
Trocar os melhores indivíduos a cada 30 gerações
Número máximo de gerações: 279

Largura da faixa = 165
Melhor altura = 279

Lower Bound 1 = 242
Lower Bound 2 = 182
Avaliação = 1.15289

Tempo de execução: 3.01232s

---------------------------

Tamanho da população: 297
Fração elite: 0.55
Fração mutante: 0.0174
Probabilidade herdar alelo elite: 0.7678
Número de populações independentes: 1
Número de threads: 1
Trocar os melhores indivíduos a cada 30 gerações
Número máximo de gerações: 279

Largura da faixa = 165
Melhor altura = 277

Lower Bound 1 = 242
Lower Bound 2 = 182
Avaliação = 1.14463

Tempo de execução: 3.03985s

---------------------------

Tamanho da população: 297
Fração elite: 0.55
Fração mutante: 0.0174
Probabilidade herdar alelo elite: 0.7678
Número de populações independentes: 1
Número de threads: 1
Trocar os melhores indivíduos a cada 30 gerações
Número máximo de gerações: 279

Largura da faixa = 165
Melhor altura = 278

Lower Bound 1 = 242
Lower Bound 2 = 182
Avaliação = 1.14876

Tempo de execução: 3.04236s

---------------------------

Tamanho da população: 297
Fração elite: 0.55
Fração mutante: 0.0174
Probabilidade herdar alelo elite: 0.7678
Número de populações independentes: 1
Número de threads: 1
Trocar os melhores indivíduos a cada 30 gerações
Número máximo de gerações: 279

Largura da faixa = 165
Melhor altura = 276

Lower Bound 1 = 242
Lower Bound 2 = 182
Avaliação = 1.1405

Tempo de execução: 3.04662s

---------------------------

Tamanho da população: 297
Fração elite: 0.55
Fração mutante: 0.0174
Probabilidade herdar alelo elite: 0.7678
Número de populações independentes: 1
Número de threads: 1
Trocar os melhores indivíduos a cada 30 gerações
Número máximo de gerações: 279

Largura da faixa = 165
Melhor altura = 278

Lower Bound 1 = 242
Lower Bound 2 = 182
Avaliação = 1.14876

Tempo de execução: 3.06394s

---------------------------

Tamanho da população: 297
Fração elite: 0.55
Fração mutante: 0.0174
Probabilidade herdar alelo elite: 0.7678
Número de populações independentes: 1
Número de threads: 1
Trocar os melhores indivíduos a cada 30 gerações
Número máximo de gerações: 279

Largura da faixa = 165
Melhor altura = 278

Lower Bound 1 = 242
Lower Bound 2 = 182
Avaliação = 1.14876

Tempo de execução: 3.10275s

---------------------------

Tamanho da população: 297
Fração elite: 0.55
Fração mutante: 0.0174
Probabilidade herdar alelo elite: 0.7678
Número de populações independentes: 1
Número de threads: 1
Trocar os melhores indivíduos a cada 30 gerações
Número máximo de gerações: 279

Largura da faixa = 165
Melhor altura = 281

Lower Bound 1 = 242
Lower Bound 2 = 182
Avaliação = 1.16116

Tempo de execução: 2.92966s

---------------------------

Tamanho da população: 297
Fração elite: 0.55
Fração mutante: 0.0174
Probabilidade herdar alelo elite: 0.7678
Número de populações independentes: 1
Número de threads: 1
Trocar os melhores indivíduos a cada 30 gerações
Número máximo de gerações: 279

Largura da faixa = 165
Melhor altura = 272

Lower Bound 1 = 242
Lower Bound 2 = 182
Avaliação = 1.12397

Tempo de execução: 3.0989s

---------------------------

Tamanho da população: 297
Fração elite: 0.55
Fração mutante: 0.0174
Probabilidade herdar alelo elite: 0.7678
Número de populações independentes: 1
Número de threads: 1
Trocar os melhores indivíduos a cada 30 gerações
Número máximo de gerações: 279

Largura da faixa = 165
Melhor altura = 273

Lower Bound 1 = 242
Lower Bound 2 = 182
Avaliação = 1.1281

Tempo de execução: 3.10121s

---------------------------

Tamanho da população: 297
Fração elite: 0.55
Fração mutante: 0.0174
Probabilidade herdar alelo elite: 0.7678
Número de populações independentes: 1
Número de threads: 1
Trocar os melhores indivíduos a cada 30 gerações
Número máximo de gerações: 279

Largura da faixa = 165
Melhor altura = 278

Lower Bound 1 = 242
Lower Bound 2 = 182
Avaliação = 1.14876

Tempo de execução: 2.99553s

---------------------------

Tamanho da população: 297
Fração elite: 0.55
Fração mutante: 0.0174
Probabilidade herdar alelo elite: 0.7678
Número de populações independentes: 1
Número de threads: 1
Trocar os melhores indivíduos a cada 30 gerações
Número máximo de gerações: 279

Largura da faixa = 165
Melhor altura = 273

Lower Bound 1 = 242
Lower Bound 2 = 182
Avaliação = 1.1281

Tempo de execução: 3.02116s

---------------------------

Tamanho da população: 297
Fração elite: 0.55
Fração mutante: 0.0174
Probabilidade herdar alelo elite: 0.7678
Número de populações independentes: 1
Número de threads: 1
Trocar os melhores indivíduos a cada 30 gerações
Número máximo de gerações: 279

Largura da faixa = 165
Melhor altura = 278

Lower Bound 1 = 242
Lower Bound 2 = 182
Avaliação = 1.14876

Tempo de execução: 3.05706s

---------------------------

Tamanho da população: 297
Fração elite: 0.55
Fração mutante: 0.0174
Probabilidade herdar alelo elite: 0.7678
Número de populações independentes: 1
Número de threads: 1
Trocar os melhores indivíduos a cada 30 gerações
Número máximo de gerações: 279

Largura da faixa = 165
Melhor altura = 279

Lower Bound 1 = 242
Lower Bound 2 = 182
Avaliação = 1.15289

Tempo de execução: 2.96249s

---------------------------

Tamanho da população: 297
Fração elite: 0.55
Fração mutante: 0.0174
Probabilidade herdar alelo elite: 0.7678
Número de populações independentes: 1
Número de threads: 1
Trocar os melhores indivíduos a cada 30 gerações
Número máximo de gerações: 279

Largura da faixa = 165
Melhor altura = 279

Lower Bound 1 = 242
Lower Bound 2 = 182
Avaliação = 1.15289

Tempo de execução: 2.9997s

---------------------------

Tamanho da população: 297
Fração elite: 0.55
Fração mutante: 0.0174
Probabilidade herdar alelo elite: 0.7678
Número de populações independentes: 1
Número de threads: 1
Trocar os melhores indivíduos a cada 30 gerações
Número máximo de gerações: 279

Largura da faixa = 165
Melhor altura = 278

Lower Bound 1 = 242
Lower Bound 2 = 182
Avaliação = 1.14876

Tempo de execução: 3.11017s

---------------------------

Tamanho da população: 297
Fração elite: 0.55
Fração mutante: 0.0174
Probabilidade herdar alelo elite: 0.7678
Número de populações independentes: 1
Número de threads: 1
Trocar os melhores indivíduos a cada 30 gerações
Número máximo de gerações: 279

Largura da faixa = 165
Melhor altura = 276

Lower Bound 1 = 242
Lower Bound 2 = 182
Avaliação = 1.1405

Tempo de execução: 3.07558s

---------------------------

Tamanho da população: 297
Fração elite: 0.55
Fração mutante: 0.0174
Probabilidade herdar alelo elite: 0.7678
Número de populações independentes: 1
Número de threads: 1
Trocar os melhores indivíduos a cada 30 gerações
Número máximo de gerações: 279

Largura da faixa = 165
Melhor altura = 275

Lower Bound 1 = 242
Lower Bound 2 = 182
Avaliação = 1.13636

Tempo de execução: 3.12313s

---------------------------

