Tamanho da população: 297
Fração elite: 0.55
Fração mutante: 0.0174
Probabilidade herdar alelo elite: 0.7678
Número de populações independentes: 1
Número de threads: 1
Trocar os melhores indivíduos a cada 30 gerações
Número máximo de gerações: 279

Largura da faixa = 119
Melhor altura = 399

Lower Bound 1 = 336
Lower Bound 2 = 307
Avaliação = 1.1875

Tempo de execução: 1.75326s

---------------------------

Tamanho da população: 297
Fração elite: 0.55
Fração mutante: 0.0174
Probabilidade herdar alelo elite: 0.7678
Número de populações independentes: 1
Número de threads: 1
Trocar os melhores indivíduos a cada 30 gerações
Número máximo de gerações: 279

Largura da faixa = 119
Melhor altura = 401

Lower Bound 1 = 336
Lower Bound 2 = 307
Avaliação = 1.19345

Tempo de execução: 1.82487s

---------------------------

Tamanho da população: 297
Fração elite: 0.55
Fração mutante: 0.0174
Probabilidade herdar alelo elite: 0.7678
Número de populações independentes: 1
Número de threads: 1
Trocar os melhores indivíduos a cada 30 gerações
Número máximo de gerações: 279

Largura da faixa = 119
Melhor altura = 399

Lower Bound 1 = 336
Lower Bound 2 = 307
Avaliação = 1.1875

Tempo de execução: 1.86549s

---------------------------

Tamanho da população: 297
Fração elite: 0.55
Fração mutante: 0.0174
Probabilidade herdar alelo elite: 0.7678
Número de populações independentes: 1
Número de threads: 1
Trocar os melhores indivíduos a cada 30 gerações
Número máximo de gerações: 279

Largura da faixa = 119
Melhor altura = 399

Lower Bound 1 = 336
Lower Bound 2 = 307
Avaliação = 1.1875

Tempo de execução: 1.77641s

---------------------------

Tamanho da população: 297
Fração elite: 0.55
Fração mutante: 0.0174
Probabilidade herdar alelo elite: 0.7678
Número de populações independentes: 1
Número de threads: 1
Trocar os melhores indivíduos a cada 30 gerações
Número máximo de gerações: 279

Largura da faixa = 119
Melhor altura = 401

Lower Bound 1 = 336
Lower Bound 2 = 307
Avaliação = 1.19345

Tempo de execução: 1.82434s

---------------------------

Tamanho da população: 297
Fração elite: 0.55
Fração mutante: 0.0174
Probabilidade herdar alelo elite: 0.7678
Número de populações independentes: 1
Número de threads: 1
Trocar os melhores indivíduos a cada 30 gerações
Número máximo de gerações: 279

Largura da faixa = 119
Melhor altura = 399

Lower Bound 1 = 336
Lower Bound 2 = 307
Avaliação = 1.1875

Tempo de execução: 1.83604s

---------------------------

Tamanho da população: 297
Fração elite: 0.55
Fração mutante: 0.0174
Probabilidade herdar alelo elite: 0.7678
Número de populações independentes: 1
Número de threads: 1
Trocar os melhores indivíduos a cada 30 gerações
Número máximo de gerações: 279

Largura da faixa = 119
Melhor altura = 399

Lower Bound 1 = 336
Lower Bound 2 = 307
Avaliação = 1.1875

Tempo de execução: 1.78738s

---------------------------

Tamanho da população: 297
Fração elite: 0.55
Fração mutante: 0.0174
Probabilidade herdar alelo elite: 0.7678
Número de populações independentes: 1
Número de threads: 1
Trocar os melhores indivíduos a cada 30 gerações
Número máximo de gerações: 279

Largura da faixa = 119
Melhor altura = 399

Lower Bound 1 = 336
Lower Bound 2 = 307
Avaliação = 1.1875

Tempo de execução: 1.80887s

---------------------------

Tamanho da população: 297
Fração elite: 0.55
Fração mutante: 0.0174
Probabilidade herdar alelo elite: 0.7678
Número de populações independentes: 1
Número de threads: 1
Trocar os melhores indivíduos a cada 30 gerações
Número máximo de gerações: 279

Largura da faixa = 119
Melhor altura = 399

Lower Bound 1 = 336
Lower Bound 2 = 307
Avaliação = 1.1875

Tempo de execução: 1.83117s

---------------------------

Tamanho da população: 297
Fração elite: 0.55
Fração mutante: 0.0174
Probabilidade herdar alelo elite: 0.7678
Número de populações independentes: 1
Número de threads: 1
Trocar os melhores indivíduos a cada 30 gerações
Número máximo de gerações: 279

Largura da faixa = 119
Melhor altura = 399

Lower Bound 1 = 336
Lower Bound 2 = 307
Avaliação = 1.1875

Tempo de execução: 1.77987s

---------------------------

Tamanho da população: 297
Fração elite: 0.55
Fração mutante: 0.0174
Probabilidade herdar alelo elite: 0.7678
Número de populações independentes: 1
Número de threads: 1
Trocar os melhores indivíduos a cada 30 gerações
Número máximo de gerações: 279

Largura da faixa = 119
Melhor altura = 401

Lower Bound 1 = 336
Lower Bound 2 = 307
Avaliação = 1.19345

Tempo de execução: 1.78139s

---------------------------

Tamanho da população: 297
Fração elite: 0.55
Fração mutante: 0.0174
Probabilidade herdar alelo elite: 0.7678
Número de populações independentes: 1
Número de threads: 1
Trocar os melhores indivíduos a cada 30 gerações
Número máximo de gerações: 279

Largura da faixa = 119
Melhor altura = 401

Lower Bound 1 = 336
Lower Bound 2 = 307
Avaliação = 1.19345

Tempo de execução: 1.81269s

---------------------------

Tamanho da população: 297
Fração elite: 0.55
Fração mutante: 0.0174
Probabilidade herdar alelo elite: 0.7678
Número de populações independentes: 1
Número de threads: 1
Trocar os melhores indivíduos a cada 30 gerações
Número máximo de gerações: 279

Largura da faixa = 119
Melhor altura = 399

Lower Bound 1 = 336
Lower Bound 2 = 307
Avaliação = 1.1875

Tempo de execução: 1.78314s

---------------------------

Tamanho da população: 297
Fração elite: 0.55
Fração mutante: 0.0174
Probabilidade herdar alelo elite: 0.7678
Número de populações independentes: 1
Número de threads: 1
Trocar os melhores indivíduos a cada 30 gerações
Número máximo de gerações: 279

Largura da faixa = 119
Melhor altura = 399

Lower Bound 1 = 336
Lower Bound 2 = 307
Avaliação = 1.1875

Tempo de execução: 1.79062s

---------------------------

Tamanho da população: 297
Fração elite: 0.55
Fração mutante: 0.0174
Probabilidade herdar alelo elite: 0.7678
Número de populações independentes: 1
Número de threads: 1
Trocar os melhores indivíduos a cada 30 gerações
Número máximo de gerações: 279

Largura da faixa = 119
Melhor altura = 399

Lower Bound 1 = 336
Lower Bound 2 = 307
Avaliação = 1.1875

Tempo de execução: 1.79481s

---------------------------

Tamanho da população: 297
Fração elite: 0.55
Fração mutante: 0.0174
Probabilidade herdar alelo elite: 0.7678
Número de populações independentes: 1
Número de threads: 1
Trocar os melhores indivíduos a cada 30 gerações
Número máximo de gerações: 279

Largura da faixa = 119
Melhor altura = 391

Lower Bound 1 = 336
Lower Bound 2 = 307
Avaliação = 1.16369

Tempo de execução: 1.71923s

---------------------------

Tamanho da população: 297
Fração elite: 0.55
Fração mutante: 0.0174
Probabilidade herdar alelo elite: 0.7678
Número de populações independentes: 1
Número de threads: 1
Trocar os melhores indivíduos a cada 30 gerações
Número máximo de gerações: 279

Largura da faixa = 119
Melhor altura = 399

Lower Bound 1 = 336
Lower Bound 2 = 307
Avaliação = 1.1875

Tempo de execução: 1.8025s

---------------------------

Tamanho da população: 297
Fração elite: 0.55
Fração mutante: 0.0174
Probabilidade herdar alelo elite: 0.7678
Número de populações independentes: 1
Número de threads: 1
Trocar os melhores indivíduos a cada 30 gerações
Número máximo de gerações: 279

Largura da faixa = 119
Melhor altura = 399

Lower Bound 1 = 336
Lower Bound 2 = 307
Avaliação = 1.1875

Tempo de execução: 1.82447s

---------------------------

Tamanho da população: 297
Fração elite: 0.55
Fração mutante: 0.0174
Probabilidade herdar alelo elite: 0.7678
Número de populações independentes: 1
Número de threads: 1
Trocar os melhores indivíduos a cada 30 gerações
Número máximo de gerações: 279

Largura da faixa = 119
Melhor altura = 391

Lower Bound 1 = 336
Lower Bound 2 = 307
Avaliação = 1.16369

Tempo de execução: 1.72431s

---------------------------

Tamanho da população: 297
Fração elite: 0.55
Fração mutante: 0.0174
Probabilidade herdar alelo elite: 0.7678
Número de populações independentes: 1
Número de threads: 1
Trocar os melhores indivíduos a cada 30 gerações
Número máximo de gerações: 279

Largura da faixa = 119
Melhor altura = 401

Lower Bound 1 = 336
Lower Bound 2 = 307
Avaliação = 1.19345

Tempo de execução: 1.77102s

---------------------------

