Tamanho da população: 297
Fração elite: 0.55
Fração mutante: 0.0174
Probabilidade herdar alelo elite: 0.7678
Número de populações independentes: 1
Número de threads: 1
Trocar os melhores indivíduos a cada 30 gerações
Número máximo de gerações: 279

Largura da faixa = 105
Melhor altura = 449

Lower Bound 1 = 380
Lower Bound 2 = 257
Avaliação = 1.18158

Tempo de execução: 4.12462s

---------------------------

Tamanho da população: 297
Fração elite: 0.55
Fração mutante: 0.0174
Probabilidade herdar alelo elite: 0.7678
Número de populações independentes: 1
Número de threads: 1
Trocar os melhores indivíduos a cada 30 gerações
Número máximo de gerações: 279

Largura da faixa = 105
Melhor altura = 451

Lower Bound 1 = 380
Lower Bound 2 = 257
Avaliação = 1.18684

Tempo de execução: 4.14311s

---------------------------

Tamanho da população: 297
Fração elite: 0.55
Fração mutante: 0.0174
Probabilidade herdar alelo elite: 0.7678
Número de populações independentes: 1
Número de threads: 1
Trocar os melhores indivíduos a cada 30 gerações
Número máximo de gerações: 279

Largura da faixa = 105
Melhor altura = 451

Lower Bound 1 = 380
Lower Bound 2 = 257
Avaliação = 1.18684

Tempo de execução: 4.19381s

---------------------------

Tamanho da população: 297
Fração elite: 0.55
Fração mutante: 0.0174
Probabilidade herdar alelo elite: 0.7678
Número de populações independentes: 1
Número de threads: 1
Trocar os melhores indivíduos a cada 30 gerações
Número máximo de gerações: 279

Largura da faixa = 105
Melhor altura = 452

Lower Bound 1 = 380
Lower Bound 2 = 257
Avaliação = 1.18947

Tempo de execução: 4.0957s

---------------------------

Tamanho da população: 297
Fração elite: 0.55
Fração mutante: 0.0174
Probabilidade herdar alelo elite: 0.7678
Número de populações independentes: 1
Número de threads: 1
Trocar os melhores indivíduos a cada 30 gerações
Número máximo de gerações: 279

Largura da faixa = 105
Melhor altura = 449

Lower Bound 1 = 380
Lower Bound 2 = 257
Avaliação = 1.18158

Tempo de execução: 4.15599s

---------------------------

Tamanho da população: 297
Fração elite: 0.55
Fração mutante: 0.0174
Probabilidade herdar alelo elite: 0.7678
Número de populações independentes: 1
Número de threads: 1
Trocar os melhores indivíduos a cada 30 gerações
Número máximo de gerações: 279

Largura da faixa = 105
Melhor altura = 447

Lower Bound 1 = 380
Lower Bound 2 = 257
Avaliação = 1.17632

Tempo de execução: 4.21682s

---------------------------

Tamanho da população: 297
Fração elite: 0.55
Fração mutante: 0.0174
Probabilidade herdar alelo elite: 0.7678
Número de populações independentes: 1
Número de threads: 1
Trocar os melhores indivíduos a cada 30 gerações
Número máximo de gerações: 279

Largura da faixa = 105
Melhor altura = 455

Lower Bound 1 = 380
Lower Bound 2 = 257
Avaliação = 1.19737

Tempo de execução: 3.9636s

---------------------------

Tamanho da população: 297
Fração elite: 0.55
Fração mutante: 0.0174
Probabilidade herdar alelo elite: 0.7678
Número de populações independentes: 1
Número de threads: 1
Trocar os melhores indivíduos a cada 30 gerações
Número máximo de gerações: 279

Largura da faixa = 105
Melhor altura = 463

Lower Bound 1 = 380
Lower Bound 2 = 257
Avaliação = 1.21842

Tempo de execução: 4.34762s

---------------------------

Tamanho da população: 297
Fração elite: 0.55
Fração mutante: 0.0174
Probabilidade herdar alelo elite: 0.7678
Número de populações independentes: 1
Número de threads: 1
Trocar os melhores indivíduos a cada 30 gerações
Número máximo de gerações: 279

Largura da faixa = 105
Melhor altura = 460

Lower Bound 1 = 380
Lower Bound 2 = 257
Avaliação = 1.21053

Tempo de execução: 4.37825s

---------------------------

Tamanho da população: 297
Fração elite: 0.55
Fração mutante: 0.0174
Probabilidade herdar alelo elite: 0.7678
Número de populações independentes: 1
Número de threads: 1
Trocar os melhores indivíduos a cada 30 gerações
Número máximo de gerações: 279

Largura da faixa = 105
Melhor altura = 458

Lower Bound 1 = 380
Lower Bound 2 = 257
Avaliação = 1.20526

Tempo de execução: 4.03451s

---------------------------

Tamanho da população: 297
Fração elite: 0.55
Fração mutante: 0.0174
Probabilidade herdar alelo elite: 0.7678
Número de populações independentes: 1
Número de threads: 1
Trocar os melhores indivíduos a cada 30 gerações
Número máximo de gerações: 279

Largura da faixa = 105
Melhor altura = 451

Lower Bound 1 = 380
Lower Bound 2 = 257
Avaliação = 1.18684

Tempo de execução: 4.30434s

---------------------------

Tamanho da população: 297
Fração elite: 0.55
Fração mutante: 0.0174
Probabilidade herdar alelo elite: 0.7678
Número de populações independentes: 1
Número de threads: 1
Trocar os melhores indivíduos a cada 30 gerações
Número máximo de gerações: 279

Largura da faixa = 105
Melhor altura = 461

Lower Bound 1 = 380
Lower Bound 2 = 257
Avaliação = 1.21316

Tempo de execução: 4.30822s

---------------------------

Tamanho da população: 297
Fração elite: 0.55
Fração mutante: 0.0174
Probabilidade herdar alelo elite: 0.7678
Número de populações independentes: 1
Número de threads: 1
Trocar os melhores indivíduos a cada 30 gerações
Número máximo de gerações: 279

Largura da faixa = 105
Melhor altura = 454

Lower Bound 1 = 380
Lower Bound 2 = 257
Avaliação = 1.19474

Tempo de execução: 3.99622s

---------------------------

Tamanho da população: 297
Fração elite: 0.55
Fração mutante: 0.0174
Probabilidade herdar alelo elite: 0.7678
Número de populações independentes: 1
Número de threads: 1
Trocar os melhores indivíduos a cada 30 gerações
Número máximo de gerações: 279

Largura da faixa = 105
Melhor altura = 447

Lower Bound 1 = 380
Lower Bound 2 = 257
Avaliação = 1.17632

Tempo de execução: 4.08785s

---------------------------

Tamanho da população: 297
Fração elite: 0.55
Fração mutante: 0.0174
Probabilidade herdar alelo elite: 0.7678
Número de populações independentes: 1
Número de threads: 1
Trocar os melhores indivíduos a cada 30 gerações
Número máximo de gerações: 279

Largura da faixa = 105
Melhor altura = 448

Lower Bound 1 = 380
Lower Bound 2 = 257
Avaliação = 1.17895

Tempo de execução: 4.13386s

---------------------------

Tamanho da população: 297
Fração elite: 0.55
Fração mutante: 0.0174
Probabilidade herdar alelo elite: 0.7678
Número de populações independentes: 1
Número de threads: 1
Trocar os melhores indivíduos a cada 30 gerações
Número máximo de gerações: 279

Largura da faixa = 105
Melhor altura = 457

Lower Bound 1 = 380
Lower Bound 2 = 257
Avaliação = 1.20263

Tempo de execução: 3.8646s

---------------------------

Tamanho da população: 297
Fração elite: 0.55
Fração mutante: 0.0174
Probabilidade herdar alelo elite: 0.7678
Número de populações independentes: 1
Número de threads: 1
Trocar os melhores indivíduos a cada 30 gerações
Número máximo de gerações: 279

Largura da faixa = 105
Melhor altura = 455

Lower Bound 1 = 380
Lower Bound 2 = 257
Avaliação = 1.19737

Tempo de execução: 3.9567s

---------------------------

Tamanho da população: 297
Fração elite: 0.55
Fração mutante: 0.0174
Probabilidade herdar alelo elite: 0.7678
Número de populações independentes: 1
Número de threads: 1
Trocar os melhores indivíduos a cada 30 gerações
Número máximo de gerações: 279

Largura da faixa = 105
Melhor altura = 459

Lower Bound 1 = 380
Lower Bound 2 = 257
Avaliação = 1.20789

Tempo de execução: 4.01454s

---------------------------

Tamanho da população: 297
Fração elite: 0.55
Fração mutante: 0.0174
Probabilidade herdar alelo elite: 0.7678
Número de populações independentes: 1
Número de threads: 1
Trocar os melhores indivíduos a cada 30 gerações
Número máximo de gerações: 279

Largura da faixa = 105
Melhor altura = 463

Lower Bound 1 = 380
Lower Bound 2 = 257
Avaliação = 1.21842

Tempo de execução: 4.00848s

---------------------------

Tamanho da população: 297
Fração elite: 0.55
Fração mutante: 0.0174
Probabilidade herdar alelo elite: 0.7678
Número de populações independentes: 1
Número de threads: 1
Trocar os melhores indivíduos a cada 30 gerações
Número máximo de gerações: 279

Largura da faixa = 105
Melhor altura = 457

Lower Bound 1 = 380
Lower Bound 2 = 257
Avaliação = 1.20263

Tempo de execução: 4.07481s

---------------------------

