Tamanho da população: 297
Fração elite: 0.55
Fração mutante: 0.0174
Probabilidade herdar alelo elite: 0.7678
Número de populações independentes: 1
Número de threads: 1
Trocar os melhores indivíduos a cada 30 gerações
Número máximo de gerações: 279

Largura da faixa = 146
Melhor altura = 371

Lower Bound 1 = 273
Lower Bound 2 = 318
Avaliação = 1.16667

Tempo de execução: 1.11835s

---------------------------

Tamanho da população: 297
Fração elite: 0.55
Fração mutante: 0.0174
Probabilidade herdar alelo elite: 0.7678
Número de populações independentes: 1
Número de threads: 1
Trocar os melhores indivíduos a cada 30 gerações
Número máximo de gerações: 279

Largura da faixa = 146
Melhor altura = 371

Lower Bound 1 = 273
Lower Bound 2 = 318
Avaliação = 1.16667

Tempo de execução: 1.13734s

---------------------------

Tamanho da população: 297
Fração elite: 0.55
Fração mutante: 0.0174
Probabilidade herdar alelo elite: 0.7678
Número de populações independentes: 1
Número de threads: 1
Trocar os melhores indivíduos a cada 30 gerações
Número máximo de gerações: 279

Largura da faixa = 146
Melhor altura = 371

Lower Bound 1 = 273
Lower Bound 2 = 318
Avaliação = 1.16667

Tempo de execução: 1.1401s

---------------------------

Tamanho da população: 297
Fração elite: 0.55
Fração mutante: 0.0174
Probabilidade herdar alelo elite: 0.7678
Número de populações independentes: 1
Número de threads: 1
Trocar os melhores indivíduos a cada 30 gerações
Número máximo de gerações: 279

Largura da faixa = 146
Melhor altura = 371

Lower Bound 1 = 273
Lower Bound 2 = 318
Avaliação = 1.16667

Tempo de execução: 1.15059s

---------------------------

Tamanho da população: 297
Fração elite: 0.55
Fração mutante: 0.0174
Probabilidade herdar alelo elite: 0.7678
Número de populações independentes: 1
Número de threads: 1
Trocar os melhores indivíduos a cada 30 gerações
Número máximo de gerações: 279

Largura da faixa = 146
Melhor altura = 371

Lower Bound 1 = 273
Lower Bound 2 = 318
Avaliação = 1.16667

Tempo de execução: 1.15411s

---------------------------

Tamanho da população: 297
Fração elite: 0.55
Fração mutante: 0.0174
Probabilidade herdar alelo elite: 0.7678
Número de populações independentes: 1
Número de threads: 1
Trocar os melhores indivíduos a cada 30 gerações
Número máximo de gerações: 279

Largura da faixa = 146
Melhor altura = 371

Lower Bound 1 = 273
Lower Bound 2 = 318
Avaliação = 1.16667

Tempo de execução: 1.16938s

---------------------------

Tamanho da população: 297
Fração elite: 0.55
Fração mutante: 0.0174
Probabilidade herdar alelo elite: 0.7678
Número de populações independentes: 1
Número de threads: 1
Trocar os melhores indivíduos a cada 30 gerações
Número máximo de gerações: 279

Largura da faixa = 146
Melhor altura = 371

Lower Bound 1 = 273
Lower Bound 2 = 318
Avaliação = 1.16667

Tempo de execução: 1.13971s

---------------------------

Tamanho da população: 297
Fração elite: 0.55
Fração mutante: 0.0174
Probabilidade herdar alelo elite: 0.7678
Número de populações independentes: 1
Número de threads: 1
Trocar os melhores indivíduos a cada 30 gerações
Número máximo de gerações: 279

Largura da faixa = 146
Melhor altura = 371

Lower Bound 1 = 273
Lower Bound 2 = 318
Avaliação = 1.16667

Tempo de execução: 1.1507s

---------------------------

Tamanho da população: 297
Fração elite: 0.55
Fração mutante: 0.0174
Probabilidade herdar alelo elite: 0.7678
Número de populações independentes: 1
Número de threads: 1
Trocar os melhores indivíduos a cada 30 gerações
Número máximo de gerações: 279

Largura da faixa = 146
Melhor altura = 371

Lower Bound 1 = 273
Lower Bound 2 = 318
Avaliação = 1.16667

Tempo de execução: 1.15105s

---------------------------

Tamanho da população: 297
Fração elite: 0.55
Fração mutante: 0.0174
Probabilidade herdar alelo elite: 0.7678
Número de populações independentes: 1
Número de threads: 1
Trocar os melhores indivíduos a cada 30 gerações
Número máximo de gerações: 279

Largura da faixa = 146
Melhor altura = 371

Lower Bound 1 = 273
Lower Bound 2 = 318
Avaliação = 1.16667

Tempo de execução: 1.128s

---------------------------

Tamanho da população: 297
Fração elite: 0.55
Fração mutante: 0.0174
Probabilidade herdar alelo elite: 0.7678
Número de populações independentes: 1
Número de threads: 1
Trocar os melhores indivíduos a cada 30 gerações
Número máximo de gerações: 279

Largura da faixa = 146
Melhor altura = 371

Lower Bound 1 = 273
Lower Bound 2 = 318
Avaliação = 1.16667

Tempo de execução: 1.13604s

---------------------------

Tamanho da população: 297
Fração elite: 0.55
Fração mutante: 0.0174
Probabilidade herdar alelo elite: 0.7678
Número de populações independentes: 1
Número de threads: 1
Trocar os melhores indivíduos a cada 30 gerações
Número máximo de gerações: 279

Largura da faixa = 146
Melhor altura = 371

Lower Bound 1 = 273
Lower Bound 2 = 318
Avaliação = 1.16667

Tempo de execução: 1.15955s

---------------------------

Tamanho da população: 297
Fração elite: 0.55
Fração mutante: 0.0174
Probabilidade herdar alelo elite: 0.7678
Número de populações independentes: 1
Número de threads: 1
Trocar os melhores indivíduos a cada 30 gerações
Número máximo de gerações: 279

Largura da faixa = 146
Melhor altura = 371

Lower Bound 1 = 273
Lower Bound 2 = 318
Avaliação = 1.16667

Tempo de execução: 1.12479s

---------------------------

Tamanho da população: 297
Fração elite: 0.55
Fração mutante: 0.0174
Probabilidade herdar alelo elite: 0.7678
Número de populações independentes: 1
Número de threads: 1
Trocar os melhores indivíduos a cada 30 gerações
Número máximo de gerações: 279

Largura da faixa = 146
Melhor altura = 371

Lower Bound 1 = 273
Lower Bound 2 = 318
Avaliação = 1.16667

Tempo de execução: 1.13686s

---------------------------

Tamanho da população: 297
Fração elite: 0.55
Fração mutante: 0.0174
Probabilidade herdar alelo elite: 0.7678
Número de populações independentes: 1
Número de threads: 1
Trocar os melhores indivíduos a cada 30 gerações
Número máximo de gerações: 279

Largura da faixa = 146
Melhor altura = 371

Lower Bound 1 = 273
Lower Bound 2 = 318
Avaliação = 1.16667

Tempo de execução: 1.15845s

---------------------------

Tamanho da população: 297
Fração elite: 0.55
Fração mutante: 0.0174
Probabilidade herdar alelo elite: 0.7678
Número de populações independentes: 1
Número de threads: 1
Trocar os melhores indivíduos a cada 30 gerações
Número máximo de gerações: 279

Largura da faixa = 146
Melhor altura = 371

Lower Bound 1 = 273
Lower Bound 2 = 318
Avaliação = 1.16667

Tempo de execução: 1.13359s

---------------------------

Tamanho da população: 297
Fração elite: 0.55
Fração mutante: 0.0174
Probabilidade herdar alelo elite: 0.7678
Número de populações independentes: 1
Número de threads: 1
Trocar os melhores indivíduos a cada 30 gerações
Número máximo de gerações: 279

Largura da faixa = 146
Melhor altura = 371

Lower Bound 1 = 273
Lower Bound 2 = 318
Avaliação = 1.16667

Tempo de execução: 1.14636s

---------------------------

Tamanho da população: 297
Fração elite: 0.55
Fração mutante: 0.0174
Probabilidade herdar alelo elite: 0.7678
Número de populações independentes: 1
Número de threads: 1
Trocar os melhores indivíduos a cada 30 gerações
Número máximo de gerações: 279

Largura da faixa = 146
Melhor altura = 371

Lower Bound 1 = 273
Lower Bound 2 = 318
Avaliação = 1.16667

Tempo de execução: 1.16924s

---------------------------

Tamanho da população: 297
Fração elite: 0.55
Fração mutante: 0.0174
Probabilidade herdar alelo elite: 0.7678
Número de populações independentes: 1
Número de threads: 1
Trocar os melhores indivíduos a cada 30 gerações
Número máximo de gerações: 279

Largura da faixa = 146
Melhor altura = 371

Lower Bound 1 = 273
Lower Bound 2 = 318
Avaliação = 1.16667

Tempo de execução: 1.1308s

---------------------------

Tamanho da população: 297
Fração elite: 0.55
Fração mutante: 0.0174
Probabilidade herdar alelo elite: 0.7678
Número de populações independentes: 1
Número de threads: 1
Trocar os melhores indivíduos a cada 30 gerações
Número máximo de gerações: 279

Largura da faixa = 146
Melhor altura = 371

Lower Bound 1 = 273
Lower Bound 2 = 318
Avaliação = 1.16667

Tempo de execução: 1.14426s

---------------------------

