Tamanho da população: 297
Fração elite: 0.55
Fração mutante: 0.0174
Probabilidade herdar alelo elite: 0.7678
Número de populações independentes: 1
Número de threads: 1
Trocar os melhores indivíduos a cada 30 gerações
Número máximo de gerações: 279

Largura da faixa = 119
Melhor altura = 418

Lower Bound 1 = 336
Lower Bound 2 = 377
Avaliação = 1.10875

Tempo de execução: 2.02664s

---------------------------

Tamanho da população: 297
Fração elite: 0.55
Fração mutante: 0.0174
Probabilidade herdar alelo elite: 0.7678
Número de populações independentes: 1
Número de threads: 1
Trocar os melhores indivíduos a cada 30 gerações
Número máximo de gerações: 279

Largura da faixa = 119
Melhor altura = 418

Lower Bound 1 = 336
Lower Bound 2 = 377
Avaliação = 1.10875

Tempo de execução: 2.05773s

---------------------------

Tamanho da população: 297
Fração elite: 0.55
Fração mutante: 0.0174
Probabilidade herdar alelo elite: 0.7678
Número de populações independentes: 1
Número de threads: 1
Trocar os melhores indivíduos a cada 30 gerações
Número máximo de gerações: 279

Largura da faixa = 119
Melhor altura = 418

Lower Bound 1 = 336
Lower Bound 2 = 377
Avaliação = 1.10875

Tempo de execução: 2.07459s

---------------------------

Tamanho da população: 297
Fração elite: 0.55
Fração mutante: 0.0174
Probabilidade herdar alelo elite: 0.7678
Número de populações independentes: 1
Número de threads: 1
Trocar os melhores indivíduos a cada 30 gerações
Número máximo de gerações: 279

Largura da faixa = 119
Melhor altura = 418

Lower Bound 1 = 336
Lower Bound 2 = 377
Avaliação = 1.10875

Tempo de execução: 2.05846s

---------------------------

Tamanho da população: 297
Fração elite: 0.55
Fração mutante: 0.0174
Probabilidade herdar alelo elite: 0.7678
Número de populações independentes: 1
Número de threads: 1
Trocar os melhores indivíduos a cada 30 gerações
Número máximo de gerações: 279

Largura da faixa = 119
Melhor altura = 418

Lower Bound 1 = 336
Lower Bound 2 = 377
Avaliação = 1.10875

Tempo de execução: 2.06884s

---------------------------

Tamanho da população: 297
Fração elite: 0.55
Fração mutante: 0.0174
Probabilidade herdar alelo elite: 0.7678
Número de populações independentes: 1
Número de threads: 1
Trocar os melhores indivíduos a cada 30 gerações
Número máximo de gerações: 279

Largura da faixa = 119
Melhor altura = 418

Lower Bound 1 = 336
Lower Bound 2 = 377
Avaliação = 1.10875

Tempo de execução: 2.08651s

---------------------------

Tamanho da população: 297
Fração elite: 0.55
Fração mutante: 0.0174
Probabilidade herdar alelo elite: 0.7678
Número de populações independentes: 1
Número de threads: 1
Trocar os melhores indivíduos a cada 30 gerações
Número máximo de gerações: 279

Largura da faixa = 119
Melhor altura = 418

Lower Bound 1 = 336
Lower Bound 2 = 377
Avaliação = 1.10875

Tempo de execução: 2.0791s

---------------------------

Tamanho da população: 297
Fração elite: 0.55
Fração mutante: 0.0174
Probabilidade herdar alelo elite: 0.7678
Número de populações independentes: 1
Número de threads: 1
Trocar os melhores indivíduos a cada 30 gerações
Número máximo de gerações: 279

Largura da faixa = 119
Melhor altura = 418

Lower Bound 1 = 336
Lower Bound 2 = 377
Avaliação = 1.10875

Tempo de execução: 2.08034s

---------------------------

Tamanho da população: 297
Fração elite: 0.55
Fração mutante: 0.0174
Probabilidade herdar alelo elite: 0.7678
Número de populações independentes: 1
Número de threads: 1
Trocar os melhores indivíduos a cada 30 gerações
Número máximo de gerações: 279

Largura da faixa = 119
Melhor altura = 418

Lower Bound 1 = 336
Lower Bound 2 = 377
Avaliação = 1.10875

Tempo de execução: 2.12569s

---------------------------

Tamanho da população: 297
Fração elite: 0.55
Fração mutante: 0.0174
Probabilidade herdar alelo elite: 0.7678
Número de populações independentes: 1
Número de threads: 1
Trocar os melhores indivíduos a cada 30 gerações
Número máximo de gerações: 279

Largura da faixa = 119
Melhor altura = 403

Lower Bound 1 = 336
Lower Bound 2 = 377
Avaliação = 1.06897

Tempo de execução: 2.04954s

---------------------------

Tamanho da população: 297
Fração elite: 0.55
Fração mutante: 0.0174
Probabilidade herdar alelo elite: 0.7678
Número de populações independentes: 1
Número de threads: 1
Trocar os melhores indivíduos a cada 30 gerações
Número máximo de gerações: 279

Largura da faixa = 119
Melhor altura = 418

Lower Bound 1 = 336
Lower Bound 2 = 377
Avaliação = 1.10875

Tempo de execução: 2.08441s

---------------------------

Tamanho da população: 297
Fração elite: 0.55
Fração mutante: 0.0174
Probabilidade herdar alelo elite: 0.7678
Número de populações independentes: 1
Número de threads: 1
Trocar os melhores indivíduos a cada 30 gerações
Número máximo de gerações: 279

Largura da faixa = 119
Melhor altura = 408

Lower Bound 1 = 336
Lower Bound 2 = 377
Avaliação = 1.08223

Tempo de execução: 2.11958s

---------------------------

Tamanho da população: 297
Fração elite: 0.55
Fração mutante: 0.0174
Probabilidade herdar alelo elite: 0.7678
Número de populações independentes: 1
Número de threads: 1
Trocar os melhores indivíduos a cada 30 gerações
Número máximo de gerações: 279

Largura da faixa = 119
Melhor altura = 418

Lower Bound 1 = 336
Lower Bound 2 = 377
Avaliação = 1.10875

Tempo de execução: 2.08549s

---------------------------

Tamanho da população: 297
Fração elite: 0.55
Fração mutante: 0.0174
Probabilidade herdar alelo elite: 0.7678
Número de populações independentes: 1
Número de threads: 1
Trocar os melhores indivíduos a cada 30 gerações
Número máximo de gerações: 279

Largura da faixa = 119
Melhor altura = 418

Lower Bound 1 = 336
Lower Bound 2 = 377
Avaliação = 1.10875

Tempo de execução: 2.11592s

---------------------------

Tamanho da população: 297
Fração elite: 0.55
Fração mutante: 0.0174
Probabilidade herdar alelo elite: 0.7678
Número de populações independentes: 1
Número de threads: 1
Trocar os melhores indivíduos a cada 30 gerações
Número máximo de gerações: 279

Largura da faixa = 119
Melhor altura = 418

Lower Bound 1 = 336
Lower Bound 2 = 377
Avaliação = 1.10875

Tempo de execução: 2.15235s

---------------------------

Tamanho da população: 297
Fração elite: 0.55
Fração mutante: 0.0174
Probabilidade herdar alelo elite: 0.7678
Número de populações independentes: 1
Número de threads: 1
Trocar os melhores indivíduos a cada 30 gerações
Número máximo de gerações: 279

Largura da faixa = 119
Melhor altura = 418

Lower Bound 1 = 336
Lower Bound 2 = 377
Avaliação = 1.10875

Tempo de execução: 2.04762s

---------------------------

Tamanho da população: 297
Fração elite: 0.55
Fração mutante: 0.0174
Probabilidade herdar alelo elite: 0.7678
Número de populações independentes: 1
Número de threads: 1
Trocar os melhores indivíduos a cada 30 gerações
Número máximo de gerações: 279

Largura da faixa = 119
Melhor altura = 418

Lower Bound 1 = 336
Lower Bound 2 = 377
Avaliação = 1.10875

Tempo de execução: 2.097s

---------------------------

Tamanho da população: 297
Fração elite: 0.55
Fração mutante: 0.0174
Probabilidade herdar alelo elite: 0.7678
Número de populações independentes: 1
Número de threads: 1
Trocar os melhores indivíduos a cada 30 gerações
Número máximo de gerações: 279

Largura da faixa = 119
Melhor altura = 418

Lower Bound 1 = 336
Lower Bound 2 = 377
Avaliação = 1.10875

Tempo de execução: 2.14272s

---------------------------

Tamanho da população: 297
Fração elite: 0.55
Fração mutante: 0.0174
Probabilidade herdar alelo elite: 0.7678
Número de populações independentes: 1
Número de threads: 1
Trocar os melhores indivíduos a cada 30 gerações
Número máximo de gerações: 279

Largura da faixa = 119
Melhor altura = 418

Lower Bound 1 = 336
Lower Bound 2 = 377
Avaliação = 1.10875

Tempo de execução: 2.02313s

---------------------------

Tamanho da população: 297
Fração elite: 0.55
Fração mutante: 0.0174
Probabilidade herdar alelo elite: 0.7678
Número de populações independentes: 1
Número de threads: 1
Trocar os melhores indivíduos a cada 30 gerações
Número máximo de gerações: 279

Largura da faixa = 119
Melhor altura = 418

Lower Bound 1 = 336
Lower Bound 2 = 377
Avaliação = 1.10875

Tempo de execução: 2.1189s

---------------------------

