Tamanho da população: 297
Fração elite: 0.55
Fração mutante: 0.0174
Probabilidade herdar alelo elite: 0.7678
Número de populações independentes: 1
Número de threads: 1
Trocar os melhores indivíduos a cada 30 gerações
Número máximo de gerações: 279

Largura da faixa = 91
Melhor altura = 499

Lower Bound 1 = 439
Lower Bound 2 = 355
Avaliação = 1.13667

Tempo de execução: 6.04884s

---------------------------

Tamanho da população: 297
Fração elite: 0.55
Fração mutante: 0.0174
Probabilidade herdar alelo elite: 0.7678
Número de populações independentes: 1
Número de threads: 1
Trocar os melhores indivíduos a cada 30 gerações
Número máximo de gerações: 279

Largura da faixa = 91
Melhor altura = 506

Lower Bound 1 = 439
Lower Bound 2 = 355
Avaliação = 1.15262

Tempo de execução: 6.47823s

---------------------------

Tamanho da população: 297
Fração elite: 0.55
Fração mutante: 0.0174
Probabilidade herdar alelo elite: 0.7678
Número de populações independentes: 1
Número de threads: 1
Trocar os melhores indivíduos a cada 30 gerações
Número máximo de gerações: 279

Largura da faixa = 91
Melhor altura = 494

Lower Bound 1 = 439
Lower Bound 2 = 355
Avaliação = 1.12528

Tempo de execução: 6.65346s

---------------------------

Tamanho da população: 297
Fração elite: 0.55
Fração mutante: 0.0174
Probabilidade herdar alelo elite: 0.7678
Número de populações independentes: 1
Número de threads: 1
Trocar os melhores indivíduos a cada 30 gerações
Número máximo de gerações: 279

Largura da faixa = 91
Melhor altura = 494

Lower Bound 1 = 439
Lower Bound 2 = 355
Avaliação = 1.12528

Tempo de execução: 6.34413s

---------------------------

Tamanho da população: 297
Fração elite: 0.55
Fração mutante: 0.0174
Probabilidade herdar alelo elite: 0.7678
Número de populações independentes: 1
Número de threads: 1
Trocar os melhores indivíduos a cada 30 gerações
Número máximo de gerações: 279

Largura da faixa = 91
Melhor altura = 505

Lower Bound 1 = 439
Lower Bound 2 = 355
Avaliação = 1.15034

Tempo de execução: 6.4135s

---------------------------

Tamanho da população: 297
Fração elite: 0.55
Fração mutante: 0.0174
Probabilidade herdar alelo elite: 0.7678
Número de populações independentes: 1
Número de threads: 1
Trocar os melhores indivíduos a cada 30 gerações
Número máximo de gerações: 279

Largura da faixa = 91
Melhor altura = 492

Lower Bound 1 = 439
Lower Bound 2 = 355
Avaliação = 1.12073

Tempo de execução: 6.43908s

---------------------------

Tamanho da população: 297
Fração elite: 0.55
Fração mutante: 0.0174
Probabilidade herdar alelo elite: 0.7678
Número de populações independentes: 1
Número de threads: 1
Trocar os melhores indivíduos a cada 30 gerações
Número máximo de gerações: 279

Largura da faixa = 91
Melhor altura = 501

Lower Bound 1 = 439
Lower Bound 2 = 355
Avaliação = 1.14123

Tempo de execução: 6.47409s

---------------------------

Tamanho da população: 297
Fração elite: 0.55
Fração mutante: 0.0174
Probabilidade herdar alelo elite: 0.7678
Número de populações independentes: 1
Número de threads: 1
Trocar os melhores indivíduos a cada 30 gerações
Número máximo de gerações: 279

Largura da faixa = 91
Melhor altura = 495

Lower Bound 1 = 439
Lower Bound 2 = 355
Avaliação = 1.12756

Tempo de execução: 6.63331s

---------------------------

Tamanho da população: 297
Fração elite: 0.55
Fração mutante: 0.0174
Probabilidade herdar alelo elite: 0.7678
Número de populações independentes: 1
Número de threads: 1
Trocar os melhores indivíduos a cada 30 gerações
Número máximo de gerações: 279

Largura da faixa = 91
Melhor altura = 492

Lower Bound 1 = 439
Lower Bound 2 = 355
Avaliação = 1.12073

Tempo de execução: 6.65496s

---------------------------

Tamanho da população: 297
Fração elite: 0.55
Fração mutante: 0.0174
Probabilidade herdar alelo elite: 0.7678
Número de populações independentes: 1
Número de threads: 1
Trocar os melhores indivíduos a cada 30 gerações
Número máximo de gerações: 279

Largura da faixa = 91
Melhor altura = 503

Lower Bound 1 = 439
Lower Bound 2 = 355
Avaliação = 1.14579

Tempo de execução: 6.43334s

---------------------------

Tamanho da população: 297
Fração elite: 0.55
Fração mutante: 0.0174
Probabilidade herdar alelo elite: 0.7678
Número de populações independentes: 1
Número de threads: 1
Trocar os melhores indivíduos a cada 30 gerações
Número máximo de gerações: 279

Largura da faixa = 91
Melhor altura = 504

Lower Bound 1 = 439
Lower Bound 2 = 355
Avaliação = 1.14806

Tempo de execução: 6.45729s

---------------------------

Tamanho da população: 297
Fração elite: 0.55
Fração mutante: 0.0174
Probabilidade herdar alelo elite: 0.7678
Número de populações independentes: 1
Número de threads: 1
Trocar os melhores indivíduos a cada 30 gerações
Número máximo de gerações: 279

Largura da faixa = 91
Melhor altura = 493

Lower Bound 1 = 439
Lower Bound 2 = 355
Avaliação = 1.12301

Tempo de execução: 6.71566s

---------------------------

Tamanho da população: 297
Fração elite: 0.55
Fração mutante: 0.0174
Probabilidade herdar alelo elite: 0.7678
Número de populações independentes: 1
Número de threads: 1
Trocar os melhores indivíduos a cada 30 gerações
Número máximo de gerações: 279

Largura da faixa = 91
Melhor altura = 499

Lower Bound 1 = 439
Lower Bound 2 = 355
Avaliação = 1.13667

Tempo de execução: 6.36516s

---------------------------

Tamanho da população: 297
Fração elite: 0.55
Fração mutante: 0.0174
Probabilidade herdar alelo elite: 0.7678
Número de populações independentes: 1
Número de threads: 1
Trocar os melhores indivíduos a cada 30 gerações
Número máximo de gerações: 279

Largura da faixa = 91
Melhor altura = 496

Lower Bound 1 = 439
Lower Bound 2 = 355
Avaliação = 1.12984

Tempo de execução: 6.41585s

---------------------------

Tamanho da população: 297
Fração elite: 0.55
Fração mutante: 0.0174
Probabilidade herdar alelo elite: 0.7678
Número de populações independentes: 1
Número de threads: 1
Trocar os melhores indivíduos a cada 30 gerações
Número máximo de gerações: 279

Largura da faixa = 91
Melhor altura = 494

Lower Bound 1 = 439
Lower Bound 2 = 355
Avaliação = 1.12528

Tempo de execução: 6.62598s

---------------------------

Tamanho da população: 297
Fração elite: 0.55
Fração mutante: 0.0174
Probabilidade herdar alelo elite: 0.7678
Número de populações independentes: 1
Número de threads: 1
Trocar os melhores indivíduos a cada 30 gerações
Número máximo de gerações: 279

Largura da faixa = 91
Melhor altura = 505

Lower Bound 1 = 439
Lower Bound 2 = 355
Avaliação = 1.15034

Tempo de execução: 6.33491s

---------------------------

Tamanho da população: 297
Fração elite: 0.55
Fração mutante: 0.0174
Probabilidade herdar alelo elite: 0.7678
Número de populações independentes: 1
Número de threads: 1
Trocar os melhores indivíduos a cada 30 gerações
Número máximo de gerações: 279

Largura da faixa = 91
Melhor altura = 493

Lower Bound 1 = 439
Lower Bound 2 = 355
Avaliação = 1.12301

Tempo de execução: 6.3519s

---------------------------

Tamanho da população: 297
Fração elite: 0.55
Fração mutante: 0.0174
Probabilidade herdar alelo elite: 0.7678
Número de populações independentes: 1
Número de threads: 1
Trocar os melhores indivíduos a cada 30 gerações
Número máximo de gerações: 279

Largura da faixa = 91
Melhor altura = 495

Lower Bound 1 = 439
Lower Bound 2 = 355
Avaliação = 1.12756

Tempo de execução: 6.56571s

---------------------------

Tamanho da população: 297
Fração elite: 0.55
Fração mutante: 0.0174
Probabilidade herdar alelo elite: 0.7678
Número de populações independentes: 1
Número de threads: 1
Trocar os melhores indivíduos a cada 30 gerações
Número máximo de gerações: 279

Largura da faixa = 91
Melhor altura = 493

Lower Bound 1 = 439
Lower Bound 2 = 355
Avaliação = 1.12301

Tempo de execução: 6.29469s

---------------------------

Tamanho da população: 297
Fração elite: 0.55
Fração mutante: 0.0174
Probabilidade herdar alelo elite: 0.7678
Número de populações independentes: 1
Número de threads: 1
Trocar os melhores indivíduos a cada 30 gerações
Número máximo de gerações: 279

Largura da faixa = 91
Melhor altura = 494

Lower Bound 1 = 439
Lower Bound 2 = 355
Avaliação = 1.12528

Tempo de execução: 6.38013s

---------------------------

