Tamanho da população: 297
Fração elite: 0.55
Fração mutante: 0.0174
Probabilidade herdar alelo elite: 0.7678
Número de populações independentes: 1
Número de threads: 1
Trocar os melhores indivíduos a cada 30 gerações
Número máximo de gerações: 279

Largura da faixa = 167
Melhor altura = 330

Lower Bound 1 = 239
Lower Bound 2 = 264
Avaliação = 1.25

Tempo de execução: 1.28712s

---------------------------

Tamanho da população: 297
Fração elite: 0.55
Fração mutante: 0.0174
Probabilidade herdar alelo elite: 0.7678
Número de populações independentes: 1
Número de threads: 1
Trocar os melhores indivíduos a cada 30 gerações
Número máximo de gerações: 279

Largura da faixa = 167
Melhor altura = 316

Lower Bound 1 = 239
Lower Bound 2 = 264
Avaliação = 1.19697

Tempo de execução: 1.44188s

---------------------------

Tamanho da população: 297
Fração elite: 0.55
Fração mutante: 0.0174
Probabilidade herdar alelo elite: 0.7678
Número de populações independentes: 1
Número de threads: 1
Trocar os melhores indivíduos a cada 30 gerações
Número máximo de gerações: 279

Largura da faixa = 167
Melhor altura = 316

Lower Bound 1 = 239
Lower Bound 2 = 264
Avaliação = 1.19697

Tempo de execução: 1.47869s

---------------------------

Tamanho da população: 297
Fração elite: 0.55
Fração mutante: 0.0174
Probabilidade herdar alelo elite: 0.7678
Número de populações independentes: 1
Número de threads: 1
Trocar os melhores indivíduos a cada 30 gerações
Número máximo de gerações: 279

Largura da faixa = 167
Melhor altura = 325

Lower Bound 1 = 239
Lower Bound 2 = 264
Avaliação = 1.23106

Tempo de execução: 1.3071s

---------------------------

Tamanho da população: 297
Fração elite: 0.55
Fração mutante: 0.0174
Probabilidade herdar alelo elite: 0.7678
Número de populações independentes: 1
Número de threads: 1
Trocar os melhores indivíduos a cada 30 gerações
Número máximo de gerações: 279

Largura da faixa = 167
Melhor altura = 330

Lower Bound 1 = 239
Lower Bound 2 = 264
Avaliação = 1.25

Tempo de execução: 1.35074s

---------------------------

Tamanho da população: 297
Fração elite: 0.55
Fração mutante: 0.0174
Probabilidade herdar alelo elite: 0.7678
Número de populações independentes: 1
Número de threads: 1
Trocar os melhores indivíduos a cada 30 gerações
Número máximo de gerações: 279

Largura da faixa = 167
Melhor altura = 316

Lower Bound 1 = 239
Lower Bound 2 = 264
Avaliação = 1.19697

Tempo de execução: 1.44539s

---------------------------

Tamanho da população: 297
Fração elite: 0.55
Fração mutante: 0.0174
Probabilidade herdar alelo elite: 0.7678
Número de populações independentes: 1
Número de threads: 1
Trocar os melhores indivíduos a cada 30 gerações
Número máximo de gerações: 279

Largura da faixa = 167
Melhor altura = 316

Lower Bound 1 = 239
Lower Bound 2 = 264
Avaliação = 1.19697

Tempo de execução: 1.41193s

---------------------------

Tamanho da população: 297
Fração elite: 0.55
Fração mutante: 0.0174
Probabilidade herdar alelo elite: 0.7678
Número de populações independentes: 1
Número de threads: 1
Trocar os melhores indivíduos a cada 30 gerações
Número máximo de gerações: 279

Largura da faixa = 167
Melhor altura = 316

Lower Bound 1 = 239
Lower Bound 2 = 264
Avaliação = 1.19697

Tempo de execução: 1.47608s

---------------------------

Tamanho da população: 297
Fração elite: 0.55
Fração mutante: 0.0174
Probabilidade herdar alelo elite: 0.7678
Número de populações independentes: 1
Número de threads: 1
Trocar os melhores indivíduos a cada 30 gerações
Número máximo de gerações: 279

Largura da faixa = 167
Melhor altura = 316

Lower Bound 1 = 239
Lower Bound 2 = 264
Avaliação = 1.19697

Tempo de execução: 1.49029s

---------------------------

Tamanho da população: 297
Fração elite: 0.55
Fração mutante: 0.0174
Probabilidade herdar alelo elite: 0.7678
Número de populações independentes: 1
Número de threads: 1
Trocar os melhores indivíduos a cada 30 gerações
Número máximo de gerações: 279

Largura da faixa = 167
Melhor altura = 330

Lower Bound 1 = 239
Lower Bound 2 = 264
Avaliação = 1.25

Tempo de execução: 1.26333s

---------------------------

Tamanho da população: 297
Fração elite: 0.55
Fração mutante: 0.0174
Probabilidade herdar alelo elite: 0.7678
Número de populações independentes: 1
Número de threads: 1
Trocar os melhores indivíduos a cada 30 gerações
Número máximo de gerações: 279

Largura da faixa = 167
Melhor altura = 316

Lower Bound 1 = 239
Lower Bound 2 = 264
Avaliação = 1.19697

Tempo de execução: 1.42681s

---------------------------

Tamanho da população: 297
Fração elite: 0.55
Fração mutante: 0.0174
Probabilidade herdar alelo elite: 0.7678
Número de populações independentes: 1
Número de threads: 1
Trocar os melhores indivíduos a cada 30 gerações
Número máximo de gerações: 279

Largura da faixa = 167
Melhor altura = 316

Lower Bound 1 = 239
Lower Bound 2 = 264
Avaliação = 1.19697

Tempo de execução: 1.42802s

---------------------------

Tamanho da população: 297
Fração elite: 0.55
Fração mutante: 0.0174
Probabilidade herdar alelo elite: 0.7678
Número de populações independentes: 1
Número de threads: 1
Trocar os melhores indivíduos a cada 30 gerações
Número máximo de gerações: 279

Largura da faixa = 167
Melhor altura = 325

Lower Bound 1 = 239
Lower Bound 2 = 264
Avaliação = 1.23106

Tempo de execução: 1.45349s

---------------------------

Tamanho da população: 297
Fração elite: 0.55
Fração mutante: 0.0174
Probabilidade herdar alelo elite: 0.7678
Número de populações independentes: 1
Número de threads: 1
Trocar os melhores indivíduos a cada 30 gerações
Número máximo de gerações: 279

Largura da faixa = 167
Melhor altura = 325

Lower Bound 1 = 239
Lower Bound 2 = 264
Avaliação = 1.23106

Tempo de execução: 1.46398s

---------------------------

Tamanho da população: 297
Fração elite: 0.55
Fração mutante: 0.0174
Probabilidade herdar alelo elite: 0.7678
Número de populações independentes: 1
Número de threads: 1
Trocar os melhores indivíduos a cada 30 gerações
Número máximo de gerações: 279

Largura da faixa = 167
Melhor altura = 316

Lower Bound 1 = 239
Lower Bound 2 = 264
Avaliação = 1.19697

Tempo de execução: 1.4771s

---------------------------

Tamanho da população: 297
Fração elite: 0.55
Fração mutante: 0.0174
Probabilidade herdar alelo elite: 0.7678
Número de populações independentes: 1
Número de threads: 1
Trocar os melhores indivíduos a cada 30 gerações
Número máximo de gerações: 279

Largura da faixa = 167
Melhor altura = 316

Lower Bound 1 = 239
Lower Bound 2 = 264
Avaliação = 1.19697

Tempo de execução: 1.42615s

---------------------------

Tamanho da população: 297
Fração elite: 0.55
Fração mutante: 0.0174
Probabilidade herdar alelo elite: 0.7678
Número de populações independentes: 1
Número de threads: 1
Trocar os melhores indivíduos a cada 30 gerações
Número máximo de gerações: 279

Largura da faixa = 167
Melhor altura = 316

Lower Bound 1 = 239
Lower Bound 2 = 264
Avaliação = 1.19697

Tempo de execução: 1.43525s

---------------------------

Tamanho da população: 297
Fração elite: 0.55
Fração mutante: 0.0174
Probabilidade herdar alelo elite: 0.7678
Número de populações independentes: 1
Número de threads: 1
Trocar os melhores indivíduos a cada 30 gerações
Número máximo de gerações: 279

Largura da faixa = 167
Melhor altura = 325

Lower Bound 1 = 239
Lower Bound 2 = 264
Avaliação = 1.23106

Tempo de execução: 1.45178s

---------------------------

Tamanho da população: 297
Fração elite: 0.55
Fração mutante: 0.0174
Probabilidade herdar alelo elite: 0.7678
Número de populações independentes: 1
Número de threads: 1
Trocar os melhores indivíduos a cada 30 gerações
Número máximo de gerações: 279

Largura da faixa = 167
Melhor altura = 330

Lower Bound 1 = 239
Lower Bound 2 = 264
Avaliação = 1.25

Tempo de execução: 1.30947s

---------------------------

Tamanho da população: 297
Fração elite: 0.55
Fração mutante: 0.0174
Probabilidade herdar alelo elite: 0.7678
Número de populações independentes: 1
Número de threads: 1
Trocar os melhores indivíduos a cada 30 gerações
Número máximo de gerações: 279

Largura da faixa = 167
Melhor altura = 325

Lower Bound 1 = 239
Lower Bound 2 = 264
Avaliação = 1.23106

Tempo de execução: 1.41262s

---------------------------

