Tamanho da população: 475
Fração elite: 0.2121
Fração mutante: 0.0442
Probabilidade herdar alelo elite: 0.6514
Número de populações independentes: 3
Troca de informação de 4 individuos a cada 241 gerações
Número de threads: 1

Largura da faixa = 114
Melhor altura = 419

Lower Bound 1 = 350
Lower Bound 2 = 287
Avaliação = 1.19714

Tempo de execução: 60.0114s

---------------------------

Tamanho da população: 475
Fração elite: 0.2121
Fração mutante: 0.0442
Probabilidade herdar alelo elite: 0.6514
Número de populações independentes: 3
Troca de informação de 4 individuos a cada 241 gerações
Número de threads: 1

Largura da faixa = 114
Melhor altura = 419

Lower Bound 1 = 350
Lower Bound 2 = 287
Avaliação = 1.19714

Tempo de execução: 60.0139s

---------------------------

Tamanho da população: 475
Fração elite: 0.2121
Fração mutante: 0.0442
Probabilidade herdar alelo elite: 0.6514
Número de populações independentes: 3
Troca de informação de 4 individuos a cada 241 gerações
Número de threads: 1

Largura da faixa = 114
Melhor altura = 419

Lower Bound 1 = 350
Lower Bound 2 = 287
Avaliação = 1.19714

Tempo de execução: 60.0182s

---------------------------

Tamanho da população: 475
Fração elite: 0.2121
Fração mutante: 0.0442
Probabilidade herdar alelo elite: 0.6514
Número de populações independentes: 3
Troca de informação de 4 individuos a cada 241 gerações
Número de threads: 1

Largura da faixa = 114
Melhor altura = 419

Lower Bound 1 = 350
Lower Bound 2 = 287
Avaliação = 1.19714

Tempo de execução: 60.0201s

---------------------------

Tamanho da população: 475
Fração elite: 0.2121
Fração mutante: 0.0442
Probabilidade herdar alelo elite: 0.6514
Número de populações independentes: 3
Troca de informação de 4 individuos a cada 241 gerações
Número de threads: 1

Largura da faixa = 114
Melhor altura = 419

Lower Bound 1 = 350
Lower Bound 2 = 287
Avaliação = 1.19714

Tempo de execução: 60.0313s

---------------------------

Tamanho da população: 475
Fração elite: 0.2121
Fração mutante: 0.0442
Probabilidade herdar alelo elite: 0.6514
Número de populações independentes: 3
Troca de informação de 4 individuos a cada 241 gerações
Número de threads: 1

Largura da faixa = 114
Melhor altura = 419

Lower Bound 1 = 350
Lower Bound 2 = 287
Avaliação = 1.19714

Tempo de execução: 60.0326s

---------------------------

Tamanho da população: 475
Fração elite: 0.2121
Fração mutante: 0.0442
Probabilidade herdar alelo elite: 0.6514
Número de populações independentes: 3
Troca de informação de 4 individuos a cada 241 gerações
Número de threads: 1

Largura da faixa = 114
Melhor altura = 419

Lower Bound 1 = 350
Lower Bound 2 = 287
Avaliação = 1.19714

Tempo de execução: 60.01s

---------------------------

Tamanho da população: 475
Fração elite: 0.2121
Fração mutante: 0.0442
Probabilidade herdar alelo elite: 0.6514
Número de populações independentes: 3
Troca de informação de 4 individuos a cada 241 gerações
Número de threads: 1

Largura da faixa = 114
Melhor altura = 419

Lower Bound 1 = 350
Lower Bound 2 = 287
Avaliação = 1.19714

Tempo de execução: 60.0121s

---------------------------

Tamanho da população: 475
Fração elite: 0.2121
Fração mutante: 0.0442
Probabilidade herdar alelo elite: 0.6514
Número de populações independentes: 3
Troca de informação de 4 individuos a cada 241 gerações
Número de threads: 1

Largura da faixa = 114
Melhor altura = 419

Lower Bound 1 = 350
Lower Bound 2 = 287
Avaliação = 1.19714

Tempo de execução: 60.0203s

---------------------------

Tamanho da população: 475
Fração elite: 0.2121
Fração mutante: 0.0442
Probabilidade herdar alelo elite: 0.6514
Número de populações independentes: 3
Troca de informação de 4 individuos a cada 241 gerações
Número de threads: 1

Largura da faixa = 114
Melhor altura = 419

Lower Bound 1 = 350
Lower Bound 2 = 287
Avaliação = 1.19714

Tempo de execução: 60.0226s

---------------------------

Tamanho da população: 475
Fração elite: 0.2121
Fração mutante: 0.0442
Probabilidade herdar alelo elite: 0.6514
Número de populações independentes: 3
Troca de informação de 4 individuos a cada 241 gerações
Número de threads: 1

Largura da faixa = 114
Melhor altura = 419

Lower Bound 1 = 350
Lower Bound 2 = 287
Avaliação = 1.19714

Tempo de execução: 60.0251s

---------------------------

Tamanho da população: 475
Fração elite: 0.2121
Fração mutante: 0.0442
Probabilidade herdar alelo elite: 0.6514
Número de populações independentes: 3
Troca de informação de 4 individuos a cada 241 gerações
Número de threads: 1

Largura da faixa = 114
Melhor altura = 419

Lower Bound 1 = 350
Lower Bound 2 = 287
Avaliação = 1.19714

Tempo de execução: 60.0308s

---------------------------

Tamanho da população: 475
Fração elite: 0.2121
Fração mutante: 0.0442
Probabilidade herdar alelo elite: 0.6514
Número de populações independentes: 3
Troca de informação de 4 individuos a cada 241 gerações
Número de threads: 1

Largura da faixa = 114
Melhor altura = 411

Lower Bound 1 = 350
Lower Bound 2 = 287
Avaliação = 1.17429

Tempo de execução: 60.0057s

---------------------------

Tamanho da população: 475
Fração elite: 0.2121
Fração mutante: 0.0442
Probabilidade herdar alelo elite: 0.6514
Número de populações independentes: 3
Troca de informação de 4 individuos a cada 241 gerações
Número de threads: 1

Largura da faixa = 114
Melhor altura = 419

Lower Bound 1 = 350
Lower Bound 2 = 287
Avaliação = 1.19714

Tempo de execução: 60.0078s

---------------------------

Tamanho da população: 475
Fração elite: 0.2121
Fração mutante: 0.0442
Probabilidade herdar alelo elite: 0.6514
Número de populações independentes: 3
Troca de informação de 4 individuos a cada 241 gerações
Número de threads: 1

Largura da faixa = 114
Melhor altura = 419

Lower Bound 1 = 350
Lower Bound 2 = 287
Avaliação = 1.19714

Tempo de execução: 60.0101s

---------------------------

Tamanho da população: 475
Fração elite: 0.2121
Fração mutante: 0.0442
Probabilidade herdar alelo elite: 0.6514
Número de populações independentes: 3
Troca de informação de 4 individuos a cada 241 gerações
Número de threads: 1

Largura da faixa = 114
Melhor altura = 419

Lower Bound 1 = 350
Lower Bound 2 = 287
Avaliação = 1.19714

Tempo de execução: 60.0103s

---------------------------

Tamanho da população: 475
Fração elite: 0.2121
Fração mutante: 0.0442
Probabilidade herdar alelo elite: 0.6514
Número de populações independentes: 3
Troca de informação de 4 individuos a cada 241 gerações
Número de threads: 1

Largura da faixa = 114
Melhor altura = 419

Lower Bound 1 = 350
Lower Bound 2 = 287
Avaliação = 1.19714

Tempo de execução: 60.0175s

---------------------------

Tamanho da população: 475
Fração elite: 0.2121
Fração mutante: 0.0442
Probabilidade herdar alelo elite: 0.6514
Número de populações independentes: 3
Troca de informação de 4 individuos a cada 241 gerações
Número de threads: 1

Largura da faixa = 114
Melhor altura = 419

Lower Bound 1 = 350
Lower Bound 2 = 287
Avaliação = 1.19714

Tempo de execução: 60.0245s

---------------------------

Tamanho da população: 475
Fração elite: 0.2121
Fração mutante: 0.0442
Probabilidade herdar alelo elite: 0.6514
Número de populações independentes: 3
Troca de informação de 4 individuos a cada 241 gerações
Número de threads: 1

Largura da faixa = 114
Melhor altura = 419

Lower Bound 1 = 350
Lower Bound 2 = 287
Avaliação = 1.19714

Tempo de execução: 60.0083s

---------------------------

Tamanho da população: 475
Fração elite: 0.2121
Fração mutante: 0.0442
Probabilidade herdar alelo elite: 0.6514
Número de populações independentes: 3
Troca de informação de 4 individuos a cada 241 gerações
Número de threads: 1

Largura da faixa = 114
Melhor altura = 419

Lower Bound 1 = 350
Lower Bound 2 = 287
Avaliação = 1.19714

Tempo de execução: 60.0178s
