Tamanho da população: 297
Fração elite: 0.55
Fração mutante: 0.0174
Probabilidade herdar alelo elite: 0.7678
Número de populações independentes: 1
Número de threads: 1
Trocar os melhores indivíduos a cada 30 gerações
Número máximo de gerações: 279

Largura da faixa = 105
Melhor altura = 447

Lower Bound 1 = 380
Lower Bound 2 = 216
Avaliação = 1.17632

Tempo de execução: 4.12533s

---------------------------

Tamanho da população: 297
Fração elite: 0.55
Fração mutante: 0.0174
Probabilidade herdar alelo elite: 0.7678
Número de populações independentes: 1
Número de threads: 1
Trocar os melhores indivíduos a cada 30 gerações
Número máximo de gerações: 279

Largura da faixa = 105
Melhor altura = 440

Lower Bound 1 = 380
Lower Bound 2 = 216
Avaliação = 1.15789

Tempo de execução: 4.15444s

---------------------------

Tamanho da população: 297
Fração elite: 0.55
Fração mutante: 0.0174
Probabilidade herdar alelo elite: 0.7678
Número de populações independentes: 1
Número de threads: 1
Trocar os melhores indivíduos a cada 30 gerações
Número máximo de gerações: 279

Largura da faixa = 105
Melhor altura = 440

Lower Bound 1 = 380
Lower Bound 2 = 216
Avaliação = 1.15789

Tempo de execução: 4.17292s

---------------------------

Tamanho da população: 297
Fração elite: 0.55
Fração mutante: 0.0174
Probabilidade herdar alelo elite: 0.7678
Número de populações independentes: 1
Número de threads: 1
Trocar os melhores indivíduos a cada 30 gerações
Número máximo de gerações: 279

Largura da faixa = 105
Melhor altura = 452

Lower Bound 1 = 380
Lower Bound 2 = 216
Avaliação = 1.18947

Tempo de execução: 4.06368s

---------------------------

Tamanho da população: 297
Fração elite: 0.55
Fração mutante: 0.0174
Probabilidade herdar alelo elite: 0.7678
Número de populações independentes: 1
Número de threads: 1
Trocar os melhores indivíduos a cada 30 gerações
Número máximo de gerações: 279

Largura da faixa = 105
Melhor altura = 445

Lower Bound 1 = 380
Lower Bound 2 = 216
Avaliação = 1.17105

Tempo de execução: 4.17572s

---------------------------

Tamanho da população: 297
Fração elite: 0.55
Fração mutante: 0.0174
Probabilidade herdar alelo elite: 0.7678
Número de populações independentes: 1
Número de threads: 1
Trocar os melhores indivíduos a cada 30 gerações
Número máximo de gerações: 279

Largura da faixa = 105
Melhor altura = 450

Lower Bound 1 = 380
Lower Bound 2 = 216
Avaliação = 1.18421

Tempo de execução: 4.18133s

---------------------------

Tamanho da população: 297
Fração elite: 0.55
Fração mutante: 0.0174
Probabilidade herdar alelo elite: 0.7678
Número de populações independentes: 1
Número de threads: 1
Trocar os melhores indivíduos a cada 30 gerações
Número máximo de gerações: 279

Largura da faixa = 105
Melhor altura = 452

Lower Bound 1 = 380
Lower Bound 2 = 216
Avaliação = 1.18947

Tempo de execução: 4.04003s

---------------------------

Tamanho da população: 297
Fração elite: 0.55
Fração mutante: 0.0174
Probabilidade herdar alelo elite: 0.7678
Número de populações independentes: 1
Número de threads: 1
Trocar os melhores indivíduos a cada 30 gerações
Número máximo de gerações: 279

Largura da faixa = 105
Melhor altura = 448

Lower Bound 1 = 380
Lower Bound 2 = 216
Avaliação = 1.17895

Tempo de execução: 4.15558s

---------------------------

Tamanho da população: 297
Fração elite: 0.55
Fração mutante: 0.0174
Probabilidade herdar alelo elite: 0.7678
Número de populações independentes: 1
Número de threads: 1
Trocar os melhores indivíduos a cada 30 gerações
Número máximo de gerações: 279

Largura da faixa = 105
Melhor altura = 440

Lower Bound 1 = 380
Lower Bound 2 = 216
Avaliação = 1.15789

Tempo de execução: 4.23833s

---------------------------

Tamanho da população: 297
Fração elite: 0.55
Fração mutante: 0.0174
Probabilidade herdar alelo elite: 0.7678
Número de populações independentes: 1
Número de threads: 1
Trocar os melhores indivíduos a cada 30 gerações
Número máximo de gerações: 279

Largura da faixa = 105
Melhor altura = 440

Lower Bound 1 = 380
Lower Bound 2 = 216
Avaliação = 1.15789

Tempo de execução: 4.06073s

---------------------------

Tamanho da população: 297
Fração elite: 0.55
Fração mutante: 0.0174
Probabilidade herdar alelo elite: 0.7678
Número de populações independentes: 1
Número de threads: 1
Trocar os melhores indivíduos a cada 30 gerações
Número máximo de gerações: 279

Largura da faixa = 105
Melhor altura = 444

Lower Bound 1 = 380
Lower Bound 2 = 216
Avaliação = 1.16842

Tempo de execução: 4.14315s

---------------------------

Tamanho da população: 297
Fração elite: 0.55
Fração mutante: 0.0174
Probabilidade herdar alelo elite: 0.7678
Número de populações independentes: 1
Número de threads: 1
Trocar os melhores indivíduos a cada 30 gerações
Número máximo de gerações: 279

Largura da faixa = 105
Melhor altura = 447

Lower Bound 1 = 380
Lower Bound 2 = 216
Avaliação = 1.17632

Tempo de execução: 4.26704s

---------------------------

Tamanho da população: 297
Fração elite: 0.55
Fração mutante: 0.0174
Probabilidade herdar alelo elite: 0.7678
Número de populações independentes: 1
Número de threads: 1
Trocar os melhores indivíduos a cada 30 gerações
Número máximo de gerações: 279

Largura da faixa = 105
Melhor altura = 440

Lower Bound 1 = 380
Lower Bound 2 = 216
Avaliação = 1.15789

Tempo de execução: 4.02461s

---------------------------

Tamanho da população: 297
Fração elite: 0.55
Fração mutante: 0.0174
Probabilidade herdar alelo elite: 0.7678
Número de populações independentes: 1
Número de threads: 1
Trocar os melhores indivíduos a cada 30 gerações
Número máximo de gerações: 279

Largura da faixa = 105
Melhor altura = 445

Lower Bound 1 = 380
Lower Bound 2 = 216
Avaliação = 1.17105

Tempo de execução: 4.09092s

---------------------------

Tamanho da população: 297
Fração elite: 0.55
Fração mutante: 0.0174
Probabilidade herdar alelo elite: 0.7678
Número de populações independentes: 1
Número de threads: 1
Trocar os melhores indivíduos a cada 30 gerações
Número máximo de gerações: 279

Largura da faixa = 105
Melhor altura = 440

Lower Bound 1 = 380
Lower Bound 2 = 216
Avaliação = 1.15789

Tempo de execução: 4.15914s

---------------------------

Tamanho da população: 297
Fração elite: 0.55
Fração mutante: 0.0174
Probabilidade herdar alelo elite: 0.7678
Número de populações independentes: 1
Número de threads: 1
Trocar os melhores indivíduos a cada 30 gerações
Número máximo de gerações: 279

Largura da faixa = 105
Melhor altura = 459

Lower Bound 1 = 380
Lower Bound 2 = 216
Avaliação = 1.20789

Tempo de execução: 4.06258s

---------------------------

Tamanho da população: 297
Fração elite: 0.55
Fração mutante: 0.0174
Probabilidade herdar alelo elite: 0.7678
Número de populações independentes: 1
Número de threads: 1
Trocar os melhores indivíduos a cada 30 gerações
Número máximo de gerações: 279

Largura da faixa = 105
Melhor altura = 450

Lower Bound 1 = 380
Lower Bound 2 = 216
Avaliação = 1.18421

Tempo de execução: 4.10314s

---------------------------

Tamanho da população: 297
Fração elite: 0.55
Fração mutante: 0.0174
Probabilidade herdar alelo elite: 0.7678
Número de populações independentes: 1
Número de threads: 1
Trocar os melhores indivíduos a cada 30 gerações
Número máximo de gerações: 279

Largura da faixa = 105
Melhor altura = 448

Lower Bound 1 = 380
Lower Bound 2 = 216
Avaliação = 1.17895

Tempo de execução: 4.17331s

---------------------------

Tamanho da população: 297
Fração elite: 0.55
Fração mutante: 0.0174
Probabilidade herdar alelo elite: 0.7678
Número de populações independentes: 1
Número de threads: 1
Trocar os melhores indivíduos a cada 30 gerações
Número máximo de gerações: 279

Largura da faixa = 105
Melhor altura = 440

Lower Bound 1 = 380
Lower Bound 2 = 216
Avaliação = 1.15789

Tempo de execução: 3.9215s

---------------------------

Tamanho da população: 297
Fração elite: 0.55
Fração mutante: 0.0174
Probabilidade herdar alelo elite: 0.7678
Número de populações independentes: 1
Número de threads: 1
Trocar os melhores indivíduos a cada 30 gerações
Número máximo de gerações: 279

Largura da faixa = 105
Melhor altura = 454

Lower Bound 1 = 380
Lower Bound 2 = 216
Avaliação = 1.19474

Tempo de execução: 4.16532s

---------------------------

