Tamanho da população: 475
Fração elite: 0.2121
Fração mutante: 0.0442
Probabilidade herdar alelo elite: 0.6514
Número de populações independentes: 3
Troca de informação de 4 individuos a cada 241 gerações
Número de threads: 1

Largura da faixa = 74
Melhor altura = 649

Lower Bound 1 = 540
Lower Bound 2 = 465
Avaliação = 1.20185

Tempo de execução: 60.0414s

---------------------------

Tamanho da população: 475
Fração elite: 0.2121
Fração mutante: 0.0442
Probabilidade herdar alelo elite: 0.6514
Número de populações independentes: 3
Troca de informação de 4 individuos a cada 241 gerações
Número de threads: 1

Largura da faixa = 74
Melhor altura = 647

Lower Bound 1 = 540
Lower Bound 2 = 465
Avaliação = 1.19815

Tempo de execução: 60.0614s

---------------------------

Tamanho da população: 475
Fração elite: 0.2121
Fração mutante: 0.0442
Probabilidade herdar alelo elite: 0.6514
Número de populações independentes: 3
Troca de informação de 4 individuos a cada 241 gerações
Número de threads: 1

Largura da faixa = 74
Melhor altura = 639

Lower Bound 1 = 540
Lower Bound 2 = 465
Avaliação = 1.18333

Tempo de execução: 60.0839s

---------------------------

Tamanho da população: 475
Fração elite: 0.2121
Fração mutante: 0.0442
Probabilidade herdar alelo elite: 0.6514
Número de populações independentes: 3
Troca de informação de 4 individuos a cada 241 gerações
Número de threads: 1

Largura da faixa = 74
Melhor altura = 643

Lower Bound 1 = 540
Lower Bound 2 = 465
Avaliação = 1.19074

Tempo de execução: 60.104s

---------------------------

Tamanho da população: 475
Fração elite: 0.2121
Fração mutante: 0.0442
Probabilidade herdar alelo elite: 0.6514
Número de populações independentes: 3
Troca de informação de 4 individuos a cada 241 gerações
Número de threads: 1

Largura da faixa = 74
Melhor altura = 648

Lower Bound 1 = 540
Lower Bound 2 = 465
Avaliação = 1.2

Tempo de execução: 60.1973s

---------------------------

Tamanho da população: 475
Fração elite: 0.2121
Fração mutante: 0.0442
Probabilidade herdar alelo elite: 0.6514
Número de populações independentes: 3
Troca de informação de 4 individuos a cada 241 gerações
Número de threads: 1

Largura da faixa = 74
Melhor altura = 645

Lower Bound 1 = 540
Lower Bound 2 = 465
Avaliação = 1.19444

Tempo de execução: 60.2424s

---------------------------

Tamanho da população: 475
Fração elite: 0.2121
Fração mutante: 0.0442
Probabilidade herdar alelo elite: 0.6514
Número de populações independentes: 3
Troca de informação de 4 individuos a cada 241 gerações
Número de threads: 1

Largura da faixa = 74
Melhor altura = 657

Lower Bound 1 = 540
Lower Bound 2 = 465
Avaliação = 1.21667

Tempo de execução: 60.0219s

---------------------------

Tamanho da população: 475
Fração elite: 0.2121
Fração mutante: 0.0442
Probabilidade herdar alelo elite: 0.6514
Número de populações independentes: 3
Troca de informação de 4 individuos a cada 241 gerações
Número de threads: 1

Largura da faixa = 74
Melhor altura = 647

Lower Bound 1 = 540
Lower Bound 2 = 465
Avaliação = 1.19815

Tempo de execução: 60.1421s

---------------------------

Tamanho da população: 475
Fração elite: 0.2121
Fração mutante: 0.0442
Probabilidade herdar alelo elite: 0.6514
Número de populações independentes: 3
Troca de informação de 4 individuos a cada 241 gerações
Número de threads: 1

Largura da faixa = 74
Melhor altura = 640

Lower Bound 1 = 540
Lower Bound 2 = 465
Avaliação = 1.18519

Tempo de execução: 60.1687s

---------------------------

Tamanho da população: 475
Fração elite: 0.2121
Fração mutante: 0.0442
Probabilidade herdar alelo elite: 0.6514
Número de populações independentes: 3
Troca de informação de 4 individuos a cada 241 gerações
Número de threads: 1

Largura da faixa = 74
Melhor altura = 643

Lower Bound 1 = 540
Lower Bound 2 = 465
Avaliação = 1.19074

Tempo de execução: 60.1742s

---------------------------

Tamanho da população: 475
Fração elite: 0.2121
Fração mutante: 0.0442
Probabilidade herdar alelo elite: 0.6514
Número de populações independentes: 3
Troca de informação de 4 individuos a cada 241 gerações
Número de threads: 1

Largura da faixa = 74
Melhor altura = 644

Lower Bound 1 = 540
Lower Bound 2 = 465
Avaliação = 1.19259

Tempo de execução: 60.22s

---------------------------

Tamanho da população: 475
Fração elite: 0.2121
Fração mutante: 0.0442
Probabilidade herdar alelo elite: 0.6514
Número de populações independentes: 3
Troca de informação de 4 individuos a cada 241 gerações
Número de threads: 1

Largura da faixa = 74
Melhor altura = 648

Lower Bound 1 = 540
Lower Bound 2 = 465
Avaliação = 1.2

Tempo de execução: 60.2785s

---------------------------

Tamanho da população: 475
Fração elite: 0.2121
Fração mutante: 0.0442
Probabilidade herdar alelo elite: 0.6514
Número de populações independentes: 3
Troca de informação de 4 individuos a cada 241 gerações
Número de threads: 1

Largura da faixa = 74
Melhor altura = 647

Lower Bound 1 = 540
Lower Bound 2 = 465
Avaliação = 1.19815

Tempo de execução: 60.0083s

---------------------------

Tamanho da população: 475
Fração elite: 0.2121
Fração mutante: 0.0442
Probabilidade herdar alelo elite: 0.6514
Número de populações independentes: 3
Troca de informação de 4 individuos a cada 241 gerações
Número de threads: 1

Largura da faixa = 74
Melhor altura = 653

Lower Bound 1 = 540
Lower Bound 2 = 465
Avaliação = 1.20926

Tempo de execução: 60.0162s

---------------------------

Tamanho da população: 475
Fração elite: 0.2121
Fração mutante: 0.0442
Probabilidade herdar alelo elite: 0.6514
Número de populações independentes: 3
Troca de informação de 4 individuos a cada 241 gerações
Número de threads: 1

Largura da faixa = 74
Melhor altura = 643

Lower Bound 1 = 540
Lower Bound 2 = 465
Avaliação = 1.19074

Tempo de execução: 60.1238s

---------------------------

Tamanho da população: 475
Fração elite: 0.2121
Fração mutante: 0.0442
Probabilidade herdar alelo elite: 0.6514
Número de populações independentes: 3
Troca de informação de 4 individuos a cada 241 gerações
Número de threads: 1

Largura da faixa = 74
Melhor altura = 647

Lower Bound 1 = 540
Lower Bound 2 = 465
Avaliação = 1.19815

Tempo de execução: 60.1852s

---------------------------

Tamanho da população: 475
Fração elite: 0.2121
Fração mutante: 0.0442
Probabilidade herdar alelo elite: 0.6514
Número de populações independentes: 3
Troca de informação de 4 individuos a cada 241 gerações
Número de threads: 1

Largura da faixa = 74
Melhor altura = 642

Lower Bound 1 = 540
Lower Bound 2 = 465
Avaliação = 1.18889

Tempo de execução: 60.1925s

---------------------------

Tamanho da população: 475
Fração elite: 0.2121
Fração mutante: 0.0442
Probabilidade herdar alelo elite: 0.6514
Número de populações independentes: 3
Troca de informação de 4 individuos a cada 241 gerações
Número de threads: 1

Largura da faixa = 74
Melhor altura = 647

Lower Bound 1 = 540
Lower Bound 2 = 465
Avaliação = 1.19815

Tempo de execução: 60.2723s

---------------------------

Tamanho da população: 475
Fração elite: 0.2121
Fração mutante: 0.0442
Probabilidade herdar alelo elite: 0.6514
Número de populações independentes: 3
Troca de informação de 4 individuos a cada 241 gerações
Número de threads: 1

Largura da faixa = 74
Melhor altura = 649

Lower Bound 1 = 540
Lower Bound 2 = 465
Avaliação = 1.20185

Tempo de execução: 60.1839s

---------------------------

Tamanho da população: 475
Fração elite: 0.2121
Fração mutante: 0.0442
Probabilidade herdar alelo elite: 0.6514
Número de populações independentes: 3
Troca de informação de 4 individuos a cada 241 gerações
Número de threads: 1

Largura da faixa = 74
Melhor altura = 647

Lower Bound 1 = 540
Lower Bound 2 = 465
Avaliação = 1.19815

Tempo de execução: 60.2366s
