Tamanho da população: 475
Fração elite: 0.2121
Fração mutante: 0.0442
Probabilidade herdar alelo elite: 0.6514
Número de populações independentes: 3
Troca de informação de 4 individuos a cada 241 gerações
Número de threads: 1

Largura da faixa = 125
Melhor altura = 301

Lower Bound 1 = 240
Lower Bound 2 = 125
Avaliação = 1.25417

Tempo de execução: 60.134s

---------------------------

Tamanho da população: 475
Fração elite: 0.2121
Fração mutante: 0.0442
Probabilidade herdar alelo elite: 0.6514
Número de populações independentes: 3
Troca de informação de 4 individuos a cada 241 gerações
Número de threads: 1

Largura da faixa = 125
Melhor altura = 299

Lower Bound 1 = 240
Lower Bound 2 = 125
Avaliação = 1.24583

Tempo de execução: 61.2126s

---------------------------

Tamanho da população: 475
Fração elite: 0.2121
Fração mutante: 0.0442
Probabilidade herdar alelo elite: 0.6514
Número de populações independentes: 3
Troca de informação de 4 individuos a cada 241 gerações
Número de threads: 1

Largura da faixa = 125
Melhor altura = 292

Lower Bound 1 = 240
Lower Bound 2 = 125
Avaliação = 1.21667

Tempo de execução: 61.286s

---------------------------

Tamanho da população: 475
Fração elite: 0.2121
Fração mutante: 0.0442
Probabilidade herdar alelo elite: 0.6514
Número de populações independentes: 3
Troca de informação de 4 individuos a cada 241 gerações
Número de threads: 1

Largura da faixa = 125
Melhor altura = 301

Lower Bound 1 = 240
Lower Bound 2 = 125
Avaliação = 1.25417

Tempo de execução: 60.7184s

---------------------------

Tamanho da população: 475
Fração elite: 0.2121
Fração mutante: 0.0442
Probabilidade herdar alelo elite: 0.6514
Número de populações independentes: 3
Troca de informação de 4 individuos a cada 241 gerações
Número de threads: 1

Largura da faixa = 125
Melhor altura = 297

Lower Bound 1 = 240
Lower Bound 2 = 125
Avaliação = 1.2375

Tempo de execução: 61.2562s

---------------------------

Tamanho da população: 475
Fração elite: 0.2121
Fração mutante: 0.0442
Probabilidade herdar alelo elite: 0.6514
Número de populações independentes: 3
Troca de informação de 4 individuos a cada 241 gerações
Número de threads: 1

Largura da faixa = 125
Melhor altura = 294

Lower Bound 1 = 240
Lower Bound 2 = 125
Avaliação = 1.225

Tempo de execução: 61.4177s

---------------------------

Tamanho da população: 475
Fração elite: 0.2121
Fração mutante: 0.0442
Probabilidade herdar alelo elite: 0.6514
Número de populações independentes: 3
Troca de informação de 4 individuos a cada 241 gerações
Número de threads: 1

Largura da faixa = 125
Melhor altura = 300

Lower Bound 1 = 240
Lower Bound 2 = 125
Avaliação = 1.25

Tempo de execução: 60.0744s

---------------------------

Tamanho da população: 475
Fração elite: 0.2121
Fração mutante: 0.0442
Probabilidade herdar alelo elite: 0.6514
Número de populações independentes: 3
Troca de informação de 4 individuos a cada 241 gerações
Número de threads: 1

Largura da faixa = 125
Melhor altura = 293

Lower Bound 1 = 240
Lower Bound 2 = 125
Avaliação = 1.22083

Tempo de execução: 60.7123s

---------------------------

Tamanho da população: 475
Fração elite: 0.2121
Fração mutante: 0.0442
Probabilidade herdar alelo elite: 0.6514
Número de populações independentes: 3
Troca de informação de 4 individuos a cada 241 gerações
Número de threads: 1

Largura da faixa = 125
Melhor altura = 299

Lower Bound 1 = 240
Lower Bound 2 = 125
Avaliação = 1.24583

Tempo de execução: 61.0405s

---------------------------

Tamanho da população: 475
Fração elite: 0.2121
Fração mutante: 0.0442
Probabilidade herdar alelo elite: 0.6514
Número de populações independentes: 3
Troca de informação de 4 individuos a cada 241 gerações
Número de threads: 1

Largura da faixa = 125
Melhor altura = 298

Lower Bound 1 = 240
Lower Bound 2 = 125
Avaliação = 1.24167

Tempo de execução: 60.1659s

---------------------------

Tamanho da população: 475
Fração elite: 0.2121
Fração mutante: 0.0442
Probabilidade herdar alelo elite: 0.6514
Número de populações independentes: 3
Troca de informação de 4 individuos a cada 241 gerações
Número de threads: 1

Largura da faixa = 125
Melhor altura = 301

Lower Bound 1 = 240
Lower Bound 2 = 125
Avaliação = 1.25417

Tempo de execução: 60.4352s

---------------------------

Tamanho da população: 475
Fração elite: 0.2121
Fração mutante: 0.0442
Probabilidade herdar alelo elite: 0.6514
Número de populações independentes: 3
Troca de informação de 4 individuos a cada 241 gerações
Número de threads: 1

Largura da faixa = 125
Melhor altura = 304

Lower Bound 1 = 240
Lower Bound 2 = 125
Avaliação = 1.26667

Tempo de execução: 61.2173s

---------------------------

Tamanho da população: 475
Fração elite: 0.2121
Fração mutante: 0.0442
Probabilidade herdar alelo elite: 0.6514
Número de populações independentes: 3
Troca de informação de 4 individuos a cada 241 gerações
Número de threads: 1

Largura da faixa = 125
Melhor altura = 297

Lower Bound 1 = 240
Lower Bound 2 = 125
Avaliação = 1.2375

Tempo de execução: 60.0875s

---------------------------

Tamanho da população: 475
Fração elite: 0.2121
Fração mutante: 0.0442
Probabilidade herdar alelo elite: 0.6514
Número de populações independentes: 3
Troca de informação de 4 individuos a cada 241 gerações
Número de threads: 1

Largura da faixa = 125
Melhor altura = 297

Lower Bound 1 = 240
Lower Bound 2 = 125
Avaliação = 1.2375

Tempo de execução: 60.318s

---------------------------

Tamanho da população: 475
Fração elite: 0.2121
Fração mutante: 0.0442
Probabilidade herdar alelo elite: 0.6514
Número de populações independentes: 3
Troca de informação de 4 individuos a cada 241 gerações
Número de threads: 1

Largura da faixa = 125
Melhor altura = 300

Lower Bound 1 = 240
Lower Bound 2 = 125
Avaliação = 1.25

Tempo de execução: 60.5174s

---------------------------

Tamanho da população: 475
Fração elite: 0.2121
Fração mutante: 0.0442
Probabilidade herdar alelo elite: 0.6514
Número de populações independentes: 3
Troca de informação de 4 individuos a cada 241 gerações
Número de threads: 1

Largura da faixa = 125
Melhor altura = 300

Lower Bound 1 = 240
Lower Bound 2 = 125
Avaliação = 1.25

Tempo de execução: 60.2516s

---------------------------

Tamanho da população: 475
Fração elite: 0.2121
Fração mutante: 0.0442
Probabilidade herdar alelo elite: 0.6514
Número de populações independentes: 3
Troca de informação de 4 individuos a cada 241 gerações
Número de threads: 1

Largura da faixa = 125
Melhor altura = 299

Lower Bound 1 = 240
Lower Bound 2 = 125
Avaliação = 1.24583

Tempo de execução: 60.4766s

---------------------------

Tamanho da população: 475
Fração elite: 0.2121
Fração mutante: 0.0442
Probabilidade herdar alelo elite: 0.6514
Número de populações independentes: 3
Troca de informação de 4 individuos a cada 241 gerações
Número de threads: 1

Largura da faixa = 125
Melhor altura = 300

Lower Bound 1 = 240
Lower Bound 2 = 125
Avaliação = 1.25

Tempo de execução: 61.175s

---------------------------

Tamanho da população: 475
Fração elite: 0.2121
Fração mutante: 0.0442
Probabilidade herdar alelo elite: 0.6514
Número de populações independentes: 3
Troca de informação de 4 individuos a cada 241 gerações
Número de threads: 1

Largura da faixa = 125
Melhor altura = 298

Lower Bound 1 = 240
Lower Bound 2 = 125
Avaliação = 1.24167

Tempo de execução: 60.0463s

---------------------------

Tamanho da população: 475
Fração elite: 0.2121
Fração mutante: 0.0442
Probabilidade herdar alelo elite: 0.6514
Número de populações independentes: 3
Troca de informação de 4 individuos a cada 241 gerações
Número de threads: 1

Largura da faixa = 125
Melhor altura = 300

Lower Bound 1 = 240
Lower Bound 2 = 125
Avaliação = 1.25

Tempo de execução: 60.6034s
