Número de cromossomos: 20
Tamanho da população: 500
Fração elite: 0.2
Fração mutante: 0.1
Probabilidade herdar alelo elite: 0.7
Número de populações independentes: 3
Número de threads: 1
Melhor até agora: 145 Geração: 0
Largura da faixa = 23
Melhor altura = 145

Lower Bound 1 = 65
Lower Bound 2 = 73
Avaliação = 1.9863
Tempo de execução: 3350ms

---------------------------

Número de cromossomos: 20
Tamanho da população: 1000
Fração elite: 0.3
Fração mutante: 0.4
Probabilidade herdar alelo elite: 0.8
Número de populações independentes: 3
Número de threads: 2
Melhor até agora: 145 Geração: 0
Largura da faixa = 23
Melhor altura = 145

Lower Bound 1 = 65
Lower Bound 2 = 73
Avaliação = 1.9863
Tempo de execução: 4046ms

---------------------------

Número de cromossomos: 20
Tamanho da população: 1500
Fração elite: 0.3
Fração mutante: 0.7
Probabilidade herdar alelo elite: 0.7
Número de populações independentes: 6
Número de threads: 14
Trocar os melhores indivíduos a cada 1000 gerações
Número máximo de gerações: 100

Melhor até agora: 96 Geração: 0
Largura da faixa = 23
Melhor altura = 96

Lower Bound 1 = 65
Lower Bound 2 = 73
Avaliação = 1.31507

Tempo de execução: 6513ms

---------------------------

Número de cromossomos: 20
Tamanho da população: 50
Fração elite: 0.3
Fração mutante: 0.7
Probabilidade herdar alelo elite: 0.6
Número de populações independentes: 4
Número de threads: 1
Trocar os melhores indivíduos a cada 600 gerações
Número máximo de gerações: 100

Número de swaps entre camadas = 5
Largura da faixa = 23
Melhor altura = 86

Lower Bound 1 = 65
Lower Bound 2 = 73
Avaliação = 1.17808

Tempo de execução: 3s

---------------------------

Número de cromossomos: 20
Tamanho da população: 60
Fração elite: 0.3
Fração mutante: 0.7
Probabilidade herdar alelo elite: 0.6
Número de populações independentes: 2
Número de threads: 1
Trocar os melhores indivíduos a cada 100 gerações
Número máximo de gerações: 100

Número de swaps entre camadas = 5
Largura da faixa = 23
Melhor altura = 81

Lower Bound 1 = 65
Lower Bound 2 = 73
Avaliação = 1.10959

Tempo de execução: 2s

---------------------------

Número de cromossomos: 20
Tamanho da população: 60
Fração elite: 0.3
Fração mutante: 0.7
Probabilidade herdar alelo elite: 0.6
Número de populações independentes: 2
Número de threads: 14
Trocar os melhores indivíduos a cada 100 gerações
Número máximo de gerações: 100

Número de cromossomos: 20
Tamanho da população: 60
Fração elite: 0.3
Fração mutante: 0.7
Probabilidade herdar alelo elite: 0.6
Número de populações independentes: 2
Número de threads: 14
Trocar os melhores indivíduos a cada 100 gerações
Número máximo de gerações: 100

Tamanho da população: 200
Fração elite: 0.2
Fração mutante: 0.2
Probabilidade herdar alelo elite: 0.5
Número de populações independentes: 3
Número de threads: 14
Trocar os melhores indivíduos a cada 40 gerações
Número máximo de gerações: 60
Número máximo de iterações sem melhora: 50
Melhor até agora: 79 Geração: 28
Iteração: 0
Melhor até agora: 77 Geração: 29
Iteração: 0
Número de swaps entre camadas = 5
Largura da faixa = 23
Melhor altura = 77

Lower Bound 1 = 65
Lower Bound 2 = 73
Avaliação = 1.05479

Tempo de execução: 1s

---------------------------

Número de cromossomos: 20
Tamanho da população: 60
Fração elite: 0.3
Fração mutante: 0.7
Probabilidade herdar alelo elite: 0.6
Número de populações independentes: 2
Número de threads: 14
Trocar os melhores indivíduos a cada 100 gerações
Número máximo de gerações: 100

Número de cromossomos: 20
Tamanho da população: 60
Fração elite: 0.3
Fração mutante: 0.7
Probabilidade herdar alelo elite: 0.6
Número de populações independentes: 2
Número de threads: 14
Trocar os melhores indivíduos a cada 100 gerações
Número máximo de gerações: 100

Tamanho da população: 250
Fração elite: 0.15
Fração mutante: 0.2
Probabilidade herdar alelo elite: 0.55
Número de populações independentes: 3
Número de threads: 14
Trocar os melhores indivíduos a cada 40 gerações
Número máximo de gerações: 130
Número máximo de iterações sem melhora: 30
Melhor até agora: 77 Geração: 10
Iteração: 0
Número de swaps entre camadas = 10
Largura da faixa = 23
Melhor altura = 77

Lower Bound 1 = 65
Lower Bound 2 = 73
Avaliação = 1.05479

Tempo de execução: 0s

---------------------------

Número de cromossomos: 20
Tamanho da população: 60
Fração elite: 0.3
Fração mutante: 0.7
Probabilidade herdar alelo elite: 0.6
Número de populações independentes: 2
Número de threads: 14
Trocar os melhores indivíduos a cada 100 gerações
Número máximo de gerações: 100

Número de cromossomos: 20
Tamanho da população: 60
Fração elite: 0.3
Fração mutante: 0.7
Probabilidade herdar alelo elite: 0.6
Número de populações independentes: 2
Número de threads: 14
Trocar os melhores indivíduos a cada 100 gerações
Número máximo de gerações: 100

Tamanho da população: 250
Fração elite: 0.15
Fração mutante: 0.2
Probabilidade herdar alelo elite: 0.55
Número de populações independentes: 3
Número de threads: 14
Trocar os melhores indivíduos a cada 40 gerações
Número máximo de gerações: 130
Número máximo de iterações sem melhora: 30
Melhor até agora: 83 Geração: 10
Iteração: 0
Melhor até agora: 77 Geração: 17
Iteração: 0
Número de swaps entre camadas = 10
Largura da faixa = 23
Melhor altura = 77

Lower Bound 1 = 65
Lower Bound 2 = 73
Avaliação = 1.05479

Tempo de execução: 0s

---------------------------

Número de cromossomos: 20
Tamanho da população: 60
Fração elite: 0.3
Fração mutante: 0.7
Probabilidade herdar alelo elite: 0.6
Número de populações independentes: 2
Número de threads: 14
Trocar os melhores indivíduos a cada 100 gerações
Número máximo de gerações: 100

Número de cromossomos: 20
Tamanho da população: 60
Fração elite: 0.3
Fração mutante: 0.7
Probabilidade herdar alelo elite: 0.6
Número de populações independentes: 2
Número de threads: 14
Trocar os melhores indivíduos a cada 100 gerações
Número máximo de gerações: 100

Tamanho da população: 250
Fração elite: 0.15
Fração mutante: 0.2
Probabilidade herdar alelo elite: 0.55
Número de populações independentes: 3
Número de threads: 14
Trocar os melhores indivíduos a cada 40 gerações
Número máximo de gerações: 130
Número máximo de iterações sem melhora: 30
Melhor até agora: 79 Geração: 14
Iteração: 0
Número de swaps entre camadas = 10
Largura da faixa = 23
Melhor altura = 79

Lower Bound 1 = 65
Lower Bound 2 = 73
Avaliação = 1.08219

Tempo de execução: 0s

---------------------------

Número de cromossomos: 20
Tamanho da população: 60
Fração elite: 0.3
Fração mutante: 0.7
Probabilidade herdar alelo elite: 0.6
Número de populações independentes: 2
Número de threads: 14
Trocar os melhores indivíduos a cada 100 gerações
Número máximo de gerações: 100

Número de cromossomos: 20
Tamanho da população: 60
Fração elite: 0.3
Fração mutante: 0.7
Probabilidade herdar alelo elite: 0.6
Número de populações independentes: 2
Número de threads: 14
Trocar os melhores indivíduos a cada 100 gerações
Número máximo de gerações: 100

Tamanho da população: 250
Fração elite: 0.15
Fração mutante: 0.2
Probabilidade herdar alelo elite: 0.55
Número de populações independentes: 3
Número de threads: 14
Trocar os melhores indivíduos a cada 40 gerações
Número máximo de gerações: 130
Número máximo de iterações sem melhora: 30
Melhor até agora: 79 Geração: 10
Iteração: 0
Melhor até agora: 77 Geração: 13
Iteração: 0
Número de swaps entre camadas = 10
Largura da faixa = 23
Melhor altura = 77

Lower Bound 1 = 65
Lower Bound 2 = 73
Avaliação = 1.05479

Tempo de execução: 0s

---------------------------

Número de cromossomos: 20
Tamanho da população: 60
Fração elite: 0.3
Fração mutante: 0.7
Probabilidade herdar alelo elite: 0.6
Número de populações independentes: 2
Número de threads: 14
Trocar os melhores indivíduos a cada 100 gerações
Número máximo de gerações: 100

Número de cromossomos: 20
Tamanho da população: 60
Fração elite: 0.3
Fração mutante: 0.7
Probabilidade herdar alelo elite: 0.6
Número de populações independentes: 2
Número de threads: 14
Trocar os melhores indivíduos a cada 100 gerações
Número máximo de gerações: 100

Tamanho da população: 250
Fração elite: 0.15
Fração mutante: 0.2
Probabilidade herdar alelo elite: 0.55
Número de populações independentes: 3
Número de threads: 14
Trocar os melhores indivíduos a cada 40 gerações
Número máximo de gerações: 130
Número máximo de iterações sem melhora: 30
Melhor até agora: 81 Geração: 12
Iteração: 0
Melhor até agora: 79 Geração: 13
Iteração: 0
Melhor até agora: 77 Geração: 43
Iteração: 0
Número de swaps entre camadas = 10
Largura da faixa = 23
Melhor altura = 77

Lower Bound 1 = 65
Lower Bound 2 = 73
Avaliação = 1.05479

Tempo de execução: 1s

---------------------------

Número de cromossomos: 20
Tamanho da população: 60
Fração elite: 0.3
Fração mutante: 0.7
Probabilidade herdar alelo elite: 0.6
Número de populações independentes: 2
Número de threads: 14
Trocar os melhores indivíduos a cada 100 gerações
Número máximo de gerações: 100

Número de cromossomos: 20
Tamanho da população: 60
Fração elite: 0.3
Fração mutante: 0.7
Probabilidade herdar alelo elite: 0.6
Número de populações independentes: 2
Número de threads: 14
Trocar os melhores indivíduos a cada 100 gerações
Número máximo de gerações: 100

Tamanho da população: 250
Fração elite: 0.15
Fração mutante: 0.2
Probabilidade herdar alelo elite: 0.55
Número de populações independentes: 3
Número de threads: 14
Trocar os melhores indivíduos a cada 40 gerações
Número máximo de gerações: 130
Número máximo de iterações sem melhora: 30
Melhor até agora: 81 Geração: 13
Iteração: 0
Melhor até agora: 77 Geração: 14
Iteração: 0
Número de swaps entre camadas = 10
Largura da faixa = 23
Melhor altura = 77

Lower Bound 1 = 65
Lower Bound 2 = 73
Avaliação = 1.05479

Tempo de execução: 0s

---------------------------

Número de cromossomos: 20
Tamanho da população: 60
Fração elite: 0.3
Fração mutante: 0.7
Probabilidade herdar alelo elite: 0.6
Número de populações independentes: 2
Número de threads: 14
Trocar os melhores indivíduos a cada 100 gerações
Número máximo de gerações: 100

Número de cromossomos: 20
Tamanho da população: 60
Fração elite: 0.3
Fração mutante: 0.7
Probabilidade herdar alelo elite: 0.6
Número de populações independentes: 2
Número de threads: 14
Trocar os melhores indivíduos a cada 100 gerações
Número máximo de gerações: 100

Tamanho da população: 250
Fração elite: 0.15
Fração mutante: 0.2
Probabilidade herdar alelo elite: 0.55
Número de populações independentes: 3
Número de threads: 14
Trocar os melhores indivíduos a cada 40 gerações
Número máximo de gerações: 130
Número máximo de iterações sem melhora: 30
Melhor até agora: 83 Geração: 5
Iteração: 0
Melhor até agora: 77 Geração: 13
Iteração: 0
Número de swaps entre camadas = 10
Largura da faixa = 23
Melhor altura = 77

Lower Bound 1 = 65
Lower Bound 2 = 73
Avaliação = 1.05479

Tempo de execução: 0s

---------------------------

Número de cromossomos: 20
Tamanho da população: 60
Fração elite: 0.3
Fração mutante: 0.7
Probabilidade herdar alelo elite: 0.6
Número de populações independentes: 2
Número de threads: 14
Trocar os melhores indivíduos a cada 100 gerações
Número máximo de gerações: 100

Número de cromossomos: 20
Tamanho da população: 60
Fração elite: 0.3
Fração mutante: 0.7
Probabilidade herdar alelo elite: 0.6
Número de populações independentes: 2
Número de threads: 14
Trocar os melhores indivíduos a cada 100 gerações
Número máximo de gerações: 100

Tamanho da população: 250
Fração elite: 0.15
Fração mutante: 0.2
Probabilidade herdar alelo elite: 0.55
Número de populações independentes: 3
Número de threads: 14
Trocar os melhores indivíduos a cada 40 gerações
Número máximo de gerações: 130
Número máximo de iterações sem melhora: 30
Melhor até agora: 83 Geração: 11
Iteração: 0
Melhor até agora: 81 Geração: 13
Iteração: 0
Melhor até agora: 79 Geração: 14
Iteração: 0
Número de swaps entre camadas = 10
Largura da faixa = 23
Melhor altura = 79

Lower Bound 1 = 65
Lower Bound 2 = 73
Avaliação = 1.08219

Tempo de execução: 1s

---------------------------

Número de cromossomos: 20
Tamanho da população: 60
Fração elite: 0.3
Fração mutante: 0.7
Probabilidade herdar alelo elite: 0.6
Número de populações independentes: 2
Número de threads: 14
Trocar os melhores indivíduos a cada 100 gerações
Número máximo de gerações: 100

Número de cromossomos: 20
Tamanho da população: 60
Fração elite: 0.3
Fração mutante: 0.7
Probabilidade herdar alelo elite: 0.6
Número de populações independentes: 2
Número de threads: 14
Trocar os melhores indivíduos a cada 100 gerações
Número máximo de gerações: 100

Tamanho da população: 250
Fração elite: 0.15
Fração mutante: 0.2
Probabilidade herdar alelo elite: 0.55
Número de populações independentes: 3
Número de threads: 14
Trocar os melhores indivíduos a cada 40 gerações
Número máximo de gerações: 130
Número máximo de iterações sem melhora: 30
Melhor até agora: 84 Geração: 3
Iteração: 0
Melhor até agora: 83 Geração: 12
Iteração: 0
Melhor até agora: 77 Geração: 14
Iteração: 0
Número de swaps entre camadas = 10
Largura da faixa = 23
Melhor altura = 77

Lower Bound 1 = 65
Lower Bound 2 = 73
Avaliação = 1.05479

Tempo de execução: 1s

---------------------------

Número de cromossomos: 20
Tamanho da população: 60
Fração elite: 0.3
Fração mutante: 0.7
Probabilidade herdar alelo elite: 0.6
Número de populações independentes: 2
Número de threads: 14
Trocar os melhores indivíduos a cada 100 gerações
Número máximo de gerações: 100

Número de cromossomos: 20
Tamanho da população: 60
Fração elite: 0.3
Fração mutante: 0.7
Probabilidade herdar alelo elite: 0.6
Número de populações independentes: 2
Número de threads: 14
Trocar os melhores indivíduos a cada 100 gerações
Número máximo de gerações: 100

Tamanho da população: 250
Fração elite: 0.15
Fração mutante: 0.2
Probabilidade herdar alelo elite: 0.55
Número de populações independentes: 3
Número de threads: 14
Trocar os melhores indivíduos a cada 40 gerações
Número máximo de gerações: 130
Número máximo de iterações sem melhora: 30
Melhor até agora: 83 Geração: 0
Iteração: 0
Melhor até agora: 81 Geração: 6
Iteração: 0
Melhor até agora: 79 Geração: 11
Iteração: 0
Melhor até agora: 77 Geração: 30
Iteração: 0
Número de swaps entre camadas = 10
Largura da faixa = 23
Melhor altura = 77

Lower Bound 1 = 65
Lower Bound 2 = 73
Avaliação = 1.05479

Tempo de execução: 1s

---------------------------

Número de cromossomos: 20
Tamanho da população: 60
Fração elite: 0.3
Fração mutante: 0.7
Probabilidade herdar alelo elite: 0.6
Número de populações independentes: 2
Número de threads: 14
Trocar os melhores indivíduos a cada 100 gerações
Número máximo de gerações: 100

Número de cromossomos: 20
Tamanho da população: 60
Fração elite: 0.3
Fração mutante: 0.7
Probabilidade herdar alelo elite: 0.6
Número de populações independentes: 2
Número de threads: 14
Trocar os melhores indivíduos a cada 100 gerações
Número máximo de gerações: 100

Tamanho da população: 250
Fração elite: 0.15
Fração mutante: 0.2
Probabilidade herdar alelo elite: 0.55
Número de populações independentes: 3
Número de threads: 14
Trocar os melhores indivíduos a cada 40 gerações
Número máximo de gerações: 130
Número máximo de iterações sem melhora: 30
Melhor até agora: 83 Geração: 9
Iteração: 0
Melhor até agora: 81 Geração: 14
Iteração: 0
Número de swaps entre camadas = 10
Largura da faixa = 23
Melhor altura = 81

Lower Bound 1 = 65
Lower Bound 2 = 73
Avaliação = 1.10959

Tempo de execução: 1s

---------------------------

Número de cromossomos: 20
Tamanho da população: 60
Fração elite: 0.3
Fração mutante: 0.7
Probabilidade herdar alelo elite: 0.6
Número de populações independentes: 2
Número de threads: 14
Trocar os melhores indivíduos a cada 100 gerações
Número máximo de gerações: 100

Número de cromossomos: 20
Tamanho da população: 60
Fração elite: 0.3
Fração mutante: 0.7
Probabilidade herdar alelo elite: 0.6
Número de populações independentes: 2
Número de threads: 14
Trocar os melhores indivíduos a cada 100 gerações
Número máximo de gerações: 100

Tamanho da população: 250
Fração elite: 0.15
Fração mutante: 0.2
Probabilidade herdar alelo elite: 0.55
Número de populações independentes: 3
Número de threads: 14
Trocar os melhores indivíduos a cada 40 gerações
Número máximo de gerações: 130
Número máximo de iterações sem melhora: 30
Melhor até agora: 79 Geração: 11
Iteração: 0
Melhor até agora: 78 Geração: 18
Iteração: 0
Melhor até agora: 77 Geração: 19
Iteração: 0
Número de swaps entre camadas = 10
Largura da faixa = 23
Melhor altura = 77

Lower Bound 1 = 65
Lower Bound 2 = 73
Avaliação = 1.05479

Tempo de execução: 1s

---------------------------

Número de cromossomos: 20
Tamanho da população: 60
Fração elite: 0.3
Fração mutante: 0.7
Probabilidade herdar alelo elite: 0.6
Número de populações independentes: 2
Número de threads: 14
Trocar os melhores indivíduos a cada 100 gerações
Número máximo de gerações: 100

Número de cromossomos: 20
Tamanho da população: 60
Fração elite: 0.3
Fração mutante: 0.7
Probabilidade herdar alelo elite: 0.6
Número de populações independentes: 2
Número de threads: 14
Trocar os melhores indivíduos a cada 100 gerações
Número máximo de gerações: 100

Tamanho da população: 250
Fração elite: 0.15
Fração mutante: 0.2
Probabilidade herdar alelo elite: 0.55
Número de populações independentes: 3
Número de threads: 14
Trocar os melhores indivíduos a cada 40 gerações
Número máximo de gerações: 130
Número máximo de iterações sem melhora: 30
Melhor até agora: 79 Geração: 7
Iteração: 0
Melhor até agora: 77 Geração: 13
Iteração: 0
Número de swaps entre camadas = 10
Largura da faixa = 23
Melhor altura = 77

Lower Bound 1 = 65
Lower Bound 2 = 73
Avaliação = 1.05479

Tempo de execução: 0s

---------------------------

Número de cromossomos: 20
Tamanho da população: 60
Fração elite: 0.3
Fração mutante: 0.7
Probabilidade herdar alelo elite: 0.6
Número de populações independentes: 2
Número de threads: 14
Trocar os melhores indivíduos a cada 100 gerações
Número máximo de gerações: 100

Número de cromossomos: 20
Tamanho da população: 60
Fração elite: 0.3
Fração mutante: 0.7
Probabilidade herdar alelo elite: 0.6
Número de populações independentes: 2
Número de threads: 14
Trocar os melhores indivíduos a cada 100 gerações
Número máximo de gerações: 100

Tamanho da população: 250
Fração elite: 0.15
Fração mutante: 0.2
Probabilidade herdar alelo elite: 0.55
Número de populações independentes: 3
Número de threads: 14
Trocar os melhores indivíduos a cada 40 gerações
Número máximo de gerações: 130
Número máximo de iterações sem melhora: 30
Melhor até agora: 77 Geração: 11
Iteração: 0
Número de swaps entre camadas = 10
Largura da faixa = 23
Melhor altura = 77

Lower Bound 1 = 65
Lower Bound 2 = 73
Avaliação = 1.05479

Tempo de execução: 0s

---------------------------

Número de cromossomos: 20
Tamanho da população: 60
Fração elite: 0.3
Fração mutante: 0.7
Probabilidade herdar alelo elite: 0.6
Número de populações independentes: 2
Número de threads: 14
Trocar os melhores indivíduos a cada 100 gerações
Número máximo de gerações: 100

Número de cromossomos: 20
Tamanho da população: 60
Fração elite: 0.3
Fração mutante: 0.7
Probabilidade herdar alelo elite: 0.6
Número de populações independentes: 2
Número de threads: 14
Trocar os melhores indivíduos a cada 100 gerações
Número máximo de gerações: 100

Tamanho da população: 250
Fração elite: 0.15
Fração mutante: 0.2
Probabilidade herdar alelo elite: 0.55
Número de populações independentes: 3
Número de threads: 14
Trocar os melhores indivíduos a cada 40 gerações
Número máximo de gerações: 130
Número máximo de iterações sem melhora: 30
Melhor até agora: 77 Geração: 12
Iteração: 0
Número de swaps entre camadas = 10
Largura da faixa = 23
Melhor altura = 77

Lower Bound 1 = 65
Lower Bound 2 = 73
Avaliação = 1.05479

Tempo de execução: 0s

---------------------------

Número de cromossomos: 20
Tamanho da população: 60
Fração elite: 0.3
Fração mutante: 0.7
Probabilidade herdar alelo elite: 0.6
Número de populações independentes: 2
Número de threads: 14
Trocar os melhores indivíduos a cada 100 gerações
Número máximo de gerações: 100

Número de cromossomos: 20
Tamanho da população: 60
Fração elite: 0.3
Fração mutante: 0.7
Probabilidade herdar alelo elite: 0.6
Número de populações independentes: 2
Número de threads: 14
Trocar os melhores indivíduos a cada 100 gerações
Número máximo de gerações: 100

Tamanho da população: 250
Fração elite: 0.15
Fração mutante: 0.2
Probabilidade herdar alelo elite: 0.55
Número de populações independentes: 3
Número de threads: 14
Trocar os melhores indivíduos a cada 40 gerações
Número máximo de gerações: 130
Número máximo de iterações sem melhora: 30
Melhor até agora: 83 Geração: 12
Iteração: 0
Melhor até agora: 81 Geração: 14
Iteração: 0
Melhor até agora: 79 Geração: 16
Iteração: 0
Melhor até agora: 77 Geração: 17
Iteração: 0
Número de swaps entre camadas = 10
Largura da faixa = 23
Melhor altura = 77

Lower Bound 1 = 65
Lower Bound 2 = 73
Avaliação = 1.05479

Tempo de execução: 1s

---------------------------

Número de cromossomos: 20
Tamanho da população: 60
Fração elite: 0.3
Fração mutante: 0.7
Probabilidade herdar alelo elite: 0.6
Número de populações independentes: 2
Número de threads: 14
Trocar os melhores indivíduos a cada 100 gerações
Número máximo de gerações: 100

Número de cromossomos: 20
Tamanho da população: 60
Fração elite: 0.3
Fração mutante: 0.7
Probabilidade herdar alelo elite: 0.6
Número de populações independentes: 2
Número de threads: 14
Trocar os melhores indivíduos a cada 100 gerações
Número máximo de gerações: 100

Tamanho da população: 250
Fração elite: 0.15
Fração mutante: 0.2
Probabilidade herdar alelo elite: 0.55
Número de populações independentes: 3
Número de threads: 14
Trocar os melhores indivíduos a cada 40 gerações
Número máximo de gerações: 130
Número máximo de iterações sem melhora: 30
Melhor até agora: 81 Geração: 9
Iteração: 0
Melhor até agora: 79 Geração: 10
Iteração: 0
Melhor até agora: 77 Geração: 35
Iteração: 0
Número de swaps entre camadas = 10
Largura da faixa = 23
Melhor altura = 77

Lower Bound 1 = 65
Lower Bound 2 = 73
Avaliação = 1.05479

Tempo de execução: 1s

---------------------------

Número de cromossomos: 20
Tamanho da população: 60
Fração elite: 0.3
Fração mutante: 0.7
Probabilidade herdar alelo elite: 0.6
Número de populações independentes: 2
Número de threads: 14
Trocar os melhores indivíduos a cada 100 gerações
Número máximo de gerações: 100

Número de cromossomos: 20
Tamanho da população: 60
Fração elite: 0.3
Fração mutante: 0.7
Probabilidade herdar alelo elite: 0.6
Número de populações independentes: 2
Número de threads: 14
Trocar os melhores indivíduos a cada 100 gerações
Número máximo de gerações: 100

Tamanho da população: 250
Fração elite: 0.15
Fração mutante: 0.2
Probabilidade herdar alelo elite: 0.55
Número de populações independentes: 3
Número de threads: 14
Trocar os melhores indivíduos a cada 40 gerações
Número máximo de gerações: 130
Número máximo de iterações sem melhora: 30
Melhor até agora: 79 Geração: 11
Iteração: 0
Melhor até agora: 77 Geração: 15
Iteração: 0
Número de swaps entre camadas = 10
Largura da faixa = 23
Melhor altura = 77

Lower Bound 1 = 65
Lower Bound 2 = 73
Avaliação = 1.05479

Tempo de execução: 0s

---------------------------

Número de cromossomos: 20
Tamanho da população: 60
Fração elite: 0.3
Fração mutante: 0.7
Probabilidade herdar alelo elite: 0.6
Número de populações independentes: 2
Número de threads: 14
Trocar os melhores indivíduos a cada 100 gerações
Número máximo de gerações: 100

Número de cromossomos: 20
Tamanho da população: 60
Fração elite: 0.3
Fração mutante: 0.7
Probabilidade herdar alelo elite: 0.6
Número de populações independentes: 2
Número de threads: 14
Trocar os melhores indivíduos a cada 100 gerações
Número máximo de gerações: 100

Tamanho da população: 250
Fração elite: 0.15
Fração mutante: 0.2
Probabilidade herdar alelo elite: 0.55
Número de populações independentes: 3
Número de threads: 14
Trocar os melhores indivíduos a cada 40 gerações
Número máximo de gerações: 130
Número máximo de iterações sem melhora: 30
Melhor até agora: 77 Geração: 11
Iteração: 0
Número de swaps entre camadas = 10
Largura da faixa = 23
Melhor altura = 77

Lower Bound 1 = 65
Lower Bound 2 = 73
Avaliação = 1.05479

Tempo de execução: 0s

---------------------------

Número de cromossomos: 20
Tamanho da população: 60
Fração elite: 0.3
Fração mutante: 0.7
Probabilidade herdar alelo elite: 0.6
Número de populações independentes: 2
Número de threads: 14
Trocar os melhores indivíduos a cada 100 gerações
Número máximo de gerações: 100

Número de cromossomos: 20
Tamanho da população: 60
Fração elite: 0.3
Fração mutante: 0.7
Probabilidade herdar alelo elite: 0.6
Número de populações independentes: 2
Número de threads: 14
Trocar os melhores indivíduos a cada 100 gerações
Número máximo de gerações: 100

Tamanho da população: 250
Fração elite: 0.15
Fração mutante: 0.2
Probabilidade herdar alelo elite: 0.55
Número de populações independentes: 3
Número de threads: 14
Trocar os melhores indivíduos a cada 40 gerações
Número máximo de gerações: 130
Número máximo de iterações sem melhora: 30
Melhor até agora: 83 Geração: 11
Iteração: 0
Melhor até agora: 79 Geração: 12
Iteração: 0
Melhor até agora: 77 Geração: 17
Iteração: 0
Número de swaps entre camadas = 10
Largura da faixa = 23
Melhor altura = 77

Lower Bound 1 = 65
Lower Bound 2 = 73
Avaliação = 1.05479

Tempo de execução: 1s

---------------------------

Número de cromossomos: 20
Tamanho da população: 60
Fração elite: 0.3
Fração mutante: 0.7
Probabilidade herdar alelo elite: 0.6
Número de populações independentes: 2
Número de threads: 14
Trocar os melhores indivíduos a cada 100 gerações
Número máximo de gerações: 100

Número de cromossomos: 20
Tamanho da população: 60
Fração elite: 0.3
Fração mutante: 0.7
Probabilidade herdar alelo elite: 0.6
Número de populações independentes: 2
Número de threads: 14
Trocar os melhores indivíduos a cada 100 gerações
Número máximo de gerações: 100

Tamanho da população: 250
Fração elite: 0.15
Fração mutante: 0.2
Probabilidade herdar alelo elite: 0.55
Número de populações independentes: 3
Número de threads: 14
Trocar os melhores indivíduos a cada 40 gerações
Número máximo de gerações: 130
Número máximo de iterações sem melhora: 50
Melhor até agora: 81 Geração: 8
Iteração: 0
Melhor até agora: 79 Geração: 13
Iteração: 0
Melhor até agora: 77 Geração: 14
Iteração: 0
Número de swaps entre camadas = 0
Largura da faixa = 23
Melhor altura = 77

Lower Bound 1 = 65
Lower Bound 2 = 73
Avaliação = 1.05479

Tempo de execução: 0s

---------------------------

Número de cromossomos: 20
Tamanho da população: 60
Fração elite: 0.3
Fração mutante: 0.7
Probabilidade herdar alelo elite: 0.6
Número de populações independentes: 2
Número de threads: 14
Trocar os melhores indivíduos a cada 100 gerações
Número máximo de gerações: 100

Número de cromossomos: 20
Tamanho da população: 60
Fração elite: 0.3
Fração mutante: 0.7
Probabilidade herdar alelo elite: 0.6
Número de populações independentes: 2
Número de threads: 14
Trocar os melhores indivíduos a cada 100 gerações
Número máximo de gerações: 100

Tamanho da população: 250
Fração elite: 0.15
Fração mutante: 0.2
Probabilidade herdar alelo elite: 0.55
Número de populações independentes: 3
Número de threads: 14
Trocar os melhores indivíduos a cada 40 gerações
Número máximo de gerações: 130
Número máximo de iterações sem melhora: 50
Melhor até agora: 83 Geração: 12
Iteração: 0
Melhor até agora: 81 Geração: 22
Iteração: 0
Melhor até agora: 77 Geração: 40
Iteração: 0
Número de swaps entre camadas = 0
Largura da faixa = 23
Melhor altura = 77

Lower Bound 1 = 65
Lower Bound 2 = 73
Avaliação = 1.05479

Tempo de execução: 1s

---------------------------

Número de cromossomos: 20
Tamanho da população: 60
Fração elite: 0.3
Fração mutante: 0.7
Probabilidade herdar alelo elite: 0.6
Número de populações independentes: 2
Número de threads: 14
Trocar os melhores indivíduos a cada 100 gerações
Número máximo de gerações: 100

Número de cromossomos: 20
Tamanho da população: 60
Fração elite: 0.3
Fração mutante: 0.7
Probabilidade herdar alelo elite: 0.6
Número de populações independentes: 2
Número de threads: 14
Trocar os melhores indivíduos a cada 100 gerações
Número máximo de gerações: 100

Tamanho da população: 250
Fração elite: 0.15
Fração mutante: 0.2
Probabilidade herdar alelo elite: 0.55
Número de populações independentes: 3
Número de threads: 14
Trocar os melhores indivíduos a cada 40 gerações
Número máximo de gerações: 130
Número máximo de iterações sem melhora: 50
Melhor até agora: 83 Geração: 10
Iteração: 0
Melhor até agora: 81 Geração: 35
Iteração: 0
Melhor até agora: 77 Geração: 67
Iteração: 0
Número de swaps entre camadas = 0
Largura da faixa = 23
Melhor altura = 77

Lower Bound 1 = 65
Lower Bound 2 = 73
Avaliação = 1.05479

Tempo de execução: 1s

---------------------------

Número de cromossomos: 20
Tamanho da população: 60
Fração elite: 0.3
Fração mutante: 0.7
Probabilidade herdar alelo elite: 0.6
Número de populações independentes: 2
Número de threads: 14
Trocar os melhores indivíduos a cada 100 gerações
Número máximo de gerações: 100

Número de cromossomos: 20
Tamanho da população: 60
Fração elite: 0.3
Fração mutante: 0.7
Probabilidade herdar alelo elite: 0.6
Número de populações independentes: 2
Número de threads: 14
Trocar os melhores indivíduos a cada 100 gerações
Número máximo de gerações: 100

Tamanho da população: 250
Fração elite: 0.15
Fração mutante: 0.2
Probabilidade herdar alelo elite: 0.55
Número de populações independentes: 3
Número de threads: 14
Trocar os melhores indivíduos a cada 40 gerações
Número máximo de gerações: 130
Número máximo de iterações sem melhora: 50
Melhor até agora: 79 Geração: 10
Iteração: 0
Melhor até agora: 77 Geração: 14
Iteração: 0
Número de swaps entre camadas = 0
Largura da faixa = 23
Melhor altura = 77

Lower Bound 1 = 65
Lower Bound 2 = 73
Avaliação = 1.05479

Tempo de execução: 0s

---------------------------

Número de cromossomos: 20
Tamanho da população: 60
Fração elite: 0.3
Fração mutante: 0.7
Probabilidade herdar alelo elite: 0.6
Número de populações independentes: 2
Número de threads: 14
Trocar os melhores indivíduos a cada 100 gerações
Número máximo de gerações: 100

Número de cromossomos: 20
Tamanho da população: 60
Fração elite: 0.3
Fração mutante: 0.7
Probabilidade herdar alelo elite: 0.6
Número de populações independentes: 2
Número de threads: 14
Trocar os melhores indivíduos a cada 100 gerações
Número máximo de gerações: 100

Tamanho da população: 250
Fração elite: 0.15
Fração mutante: 0.2
Probabilidade herdar alelo elite: 0.55
Número de populações independentes: 3
Número de threads: 14
Trocar os melhores indivíduos a cada 40 gerações
Número máximo de gerações: 130
Número máximo de iterações sem melhora: 50
Melhor até agora: 81 Geração: 14
Iteração: 0
Melhor até agora: 79 Geração: 15
Iteração: 0
Melhor até agora: 77 Geração: 34
Iteração: 0
Número de swaps entre camadas = 0
Largura da faixa = 23
Melhor altura = 77

Lower Bound 1 = 65
Lower Bound 2 = 73
Avaliação = 1.05479

Tempo de execução: 1s

---------------------------

Número de cromossomos: 20
Tamanho da população: 60
Fração elite: 0.3
Fração mutante: 0.7
Probabilidade herdar alelo elite: 0.6
Número de populações independentes: 2
Número de threads: 14
Trocar os melhores indivíduos a cada 100 gerações
Número máximo de gerações: 100

Número de cromossomos: 20
Tamanho da população: 60
Fração elite: 0.3
Fração mutante: 0.7
Probabilidade herdar alelo elite: 0.6
Número de populações independentes: 2
Número de threads: 14
Trocar os melhores indivíduos a cada 100 gerações
Número máximo de gerações: 100

Tamanho da população: 250
Fração elite: 0.15
Fração mutante: 0.2
Probabilidade herdar alelo elite: 0.55
Número de populações independentes: 3
Número de threads: 14
Trocar os melhores indivíduos a cada 40 gerações
Número máximo de gerações: 130
Número máximo de iterações sem melhora: 50
Melhor até agora: 83 Geração: 10
Iteração: 0
Melhor até agora: 77 Geração: 11
Iteração: 0
Número de swaps entre camadas = 0
Largura da faixa = 23
Melhor altura = 77

Lower Bound 1 = 65
Lower Bound 2 = 73
Avaliação = 1.05479

Tempo de execução: 0s

---------------------------

Número de cromossomos: 20
Tamanho da população: 60
Fração elite: 0.3
Fração mutante: 0.7
Probabilidade herdar alelo elite: 0.6
Número de populações independentes: 2
Número de threads: 14
Trocar os melhores indivíduos a cada 100 gerações
Número máximo de gerações: 100

Número de cromossomos: 20
Tamanho da população: 60
Fração elite: 0.3
Fração mutante: 0.7
Probabilidade herdar alelo elite: 0.6
Número de populações independentes: 2
Número de threads: 14
Trocar os melhores indivíduos a cada 100 gerações
Número máximo de gerações: 100

Tamanho da população: 250
Fração elite: 0.15
Fração mutante: 0.2
Probabilidade herdar alelo elite: 0.55
Número de populações independentes: 3
Número de threads: 14
Trocar os melhores indivíduos a cada 40 gerações
Número máximo de gerações: 130
Número máximo de iterações sem melhora: 50
Melhor até agora: 79 Geração: 10
Iteração: 0
Melhor até agora: 77 Geração: 28
Iteração: 0
Melhor até agora: 76 Geração: 31
Iteração: 0
Número de swaps entre camadas = 0
Largura da faixa = 23
Melhor altura = 76

Lower Bound 1 = 65
Lower Bound 2 = 73
Avaliação = 1.0411

Tempo de execução: 1s

---------------------------

Número de cromossomos: 20
Tamanho da população: 60
Fração elite: 0.3
Fração mutante: 0.7
Probabilidade herdar alelo elite: 0.6
Número de populações independentes: 2
Número de threads: 14
Trocar os melhores indivíduos a cada 100 gerações
Número máximo de gerações: 100

Número de cromossomos: 20
Tamanho da população: 60
Fração elite: 0.3
Fração mutante: 0.7
Probabilidade herdar alelo elite: 0.6
Número de populações independentes: 2
Número de threads: 14
Trocar os melhores indivíduos a cada 100 gerações
Número máximo de gerações: 100

Tamanho da população: 250
Fração elite: 0.15
Fração mutante: 0.2
Probabilidade herdar alelo elite: 0.55
Número de populações independentes: 3
Número de threads: 14
Trocar os melhores indivíduos a cada 40 gerações
Número máximo de gerações: 130
Número máximo de iterações sem melhora: 50
Melhor até agora: 81 Geração: 8
Iteração: 0
Melhor até agora: 79 Geração: 13
Iteração: 0
Melhor até agora: 77 Geração: 14
Iteração: 0
Número de swaps entre camadas = 0
Largura da faixa = 23
Melhor altura = 77

Lower Bound 1 = 65
Lower Bound 2 = 73
Avaliação = 1.05479

Tempo de execução: 1s

---------------------------

Número de cromossomos: 20
Tamanho da população: 60
Fração elite: 0.3
Fração mutante: 0.7
Probabilidade herdar alelo elite: 0.6
Número de populações independentes: 2
Número de threads: 14
Trocar os melhores indivíduos a cada 100 gerações
Número máximo de gerações: 100

Número de cromossomos: 20
Tamanho da população: 60
Fração elite: 0.3
Fração mutante: 0.7
Probabilidade herdar alelo elite: 0.6
Número de populações independentes: 2
Número de threads: 14
Trocar os melhores indivíduos a cada 100 gerações
Número máximo de gerações: 100

Tamanho da população: 250
Fração elite: 0.15
Fração mutante: 0.2
Probabilidade herdar alelo elite: 0.55
Número de populações independentes: 3
Número de threads: 14
Trocar os melhores indivíduos a cada 40 gerações
Número máximo de gerações: 130
Número máximo de iterações sem melhora: 50
Melhor até agora: 78 Geração: 11
Iteração: 0
Melhor até agora: 77 Geração: 13
Iteração: 0
Número de swaps entre camadas = 0
Largura da faixa = 23
Melhor altura = 77

Lower Bound 1 = 65
Lower Bound 2 = 73
Avaliação = 1.05479

Tempo de execução: 0s

---------------------------

Número de cromossomos: 20
Tamanho da população: 60
Fração elite: 0.3
Fração mutante: 0.7
Probabilidade herdar alelo elite: 0.6
Número de populações independentes: 2
Número de threads: 14
Trocar os melhores indivíduos a cada 100 gerações
Número máximo de gerações: 100

Número de cromossomos: 20
Tamanho da população: 60
Fração elite: 0.3
Fração mutante: 0.7
Probabilidade herdar alelo elite: 0.6
Número de populações independentes: 2
Número de threads: 14
Trocar os melhores indivíduos a cada 100 gerações
Número máximo de gerações: 100

Tamanho da população: 250
Fração elite: 0.15
Fração mutante: 0.2
Probabilidade herdar alelo elite: 0.55
Número de populações independentes: 3
Número de threads: 14
Trocar os melhores indivíduos a cada 40 gerações
Número máximo de gerações: 130
Número máximo de iterações sem melhora: 50
Melhor até agora: 81 Geração: 8
Iteração: 0
Melhor até agora: 79 Geração: 10
Iteração: 0
Melhor até agora: 78 Geração: 13
Iteração: 0
Melhor até agora: 77 Geração: 44
Iteração: 0
Número de swaps entre camadas = 0
Largura da faixa = 23
Melhor altura = 77

Lower Bound 1 = 65
Lower Bound 2 = 73
Avaliação = 1.05479

Tempo de execução: 1s

---------------------------

Número de cromossomos: 20
Tamanho da população: 60
Fração elite: 0.3
Fração mutante: 0.7
Probabilidade herdar alelo elite: 0.6
Número de populações independentes: 2
Número de threads: 14
Trocar os melhores indivíduos a cada 100 gerações
Número máximo de gerações: 100

Número de cromossomos: 20
Tamanho da população: 60
Fração elite: 0.3
Fração mutante: 0.7
Probabilidade herdar alelo elite: 0.6
Número de populações independentes: 2
Número de threads: 14
Trocar os melhores indivíduos a cada 100 gerações
Número máximo de gerações: 100

Tamanho da população: 250
Fração elite: 0.15
Fração mutante: 0.2
Probabilidade herdar alelo elite: 0.55
Número de populações independentes: 3
Número de threads: 14
Trocar os melhores indivíduos a cada 40 gerações
Número máximo de gerações: 130
Número máximo de iterações sem melhora: 50
Melhor até agora: 81 Geração: 12
Iteração: 0
Melhor até agora: 79 Geração: 14
Iteração: 0
Melhor até agora: 77 Geração: 40
Iteração: 0
Número de swaps entre camadas = 0
Largura da faixa = 23
Melhor altura = 77

Lower Bound 1 = 65
Lower Bound 2 = 73
Avaliação = 1.05479

Tempo de execução: 1s

---------------------------

Número de cromossomos: 20
Tamanho da população: 60
Fração elite: 0.3
Fração mutante: 0.7
Probabilidade herdar alelo elite: 0.6
Número de populações independentes: 2
Número de threads: 14
Trocar os melhores indivíduos a cada 100 gerações
Número máximo de gerações: 100

Número de cromossomos: 20
Tamanho da população: 60
Fração elite: 0.3
Fração mutante: 0.7
Probabilidade herdar alelo elite: 0.6
Número de populações independentes: 2
Número de threads: 14
Trocar os melhores indivíduos a cada 100 gerações
Número máximo de gerações: 100

Tamanho da população: 250
Fração elite: 0.15
Fração mutante: 0.2
Probabilidade herdar alelo elite: 0.55
Número de populações independentes: 3
Número de threads: 14
Trocar os melhores indivíduos a cada 40 gerações
Número máximo de gerações: 130
Número máximo de iterações sem melhora: 50
Melhor até agora: 83 Geração: 3
Iteração: 0
Melhor até agora: 79 Geração: 12
Iteração: 0
Melhor até agora: 76 Geração: 13
Iteração: 0
Número de swaps entre camadas = 0
Largura da faixa = 23
Melhor altura = 76

Lower Bound 1 = 65
Lower Bound 2 = 73
Avaliação = 1.0411

Tempo de execução: 0s

---------------------------

Número de cromossomos: 20
Tamanho da população: 60
Fração elite: 0.3
Fração mutante: 0.7
Probabilidade herdar alelo elite: 0.6
Número de populações independentes: 2
Número de threads: 14
Trocar os melhores indivíduos a cada 100 gerações
Número máximo de gerações: 100

Número de cromossomos: 20
Tamanho da população: 60
Fração elite: 0.3
Fração mutante: 0.7
Probabilidade herdar alelo elite: 0.6
Número de populações independentes: 2
Número de threads: 14
Trocar os melhores indivíduos a cada 100 gerações
Número máximo de gerações: 100

Tamanho da população: 250
Fração elite: 0.15
Fração mutante: 0.2
Probabilidade herdar alelo elite: 0.55
Número de populações independentes: 3
Número de threads: 14
Trocar os melhores indivíduos a cada 40 gerações
Número máximo de gerações: 130
Número máximo de iterações sem melhora: 50
Melhor até agora: 81 Geração: 12
Iteração: 0
Melhor até agora: 79 Geração: 15
Iteração: 0
Melhor até agora: 77 Geração: 16
Iteração: 0
Número de swaps entre camadas = 0
Largura da faixa = 23
Melhor altura = 77

Lower Bound 1 = 65
Lower Bound 2 = 73
Avaliação = 1.05479

Tempo de execução: 0s

---------------------------

Número de cromossomos: 20
Tamanho da população: 60
Fração elite: 0.3
Fração mutante: 0.7
Probabilidade herdar alelo elite: 0.6
Número de populações independentes: 2
Número de threads: 14
Trocar os melhores indivíduos a cada 100 gerações
Número máximo de gerações: 100

Número de cromossomos: 20
Tamanho da população: 60
Fração elite: 0.3
Fração mutante: 0.7
Probabilidade herdar alelo elite: 0.6
Número de populações independentes: 2
Número de threads: 14
Trocar os melhores indivíduos a cada 100 gerações
Número máximo de gerações: 100

Tamanho da população: 250
Fração elite: 0.15
Fração mutante: 0.2
Probabilidade herdar alelo elite: 0.55
Número de populações independentes: 3
Número de threads: 14
Trocar os melhores indivíduos a cada 40 gerações
Número máximo de gerações: 130
Número máximo de iterações sem melhora: 50
Melhor até agora: 79 Geração: 8
Iteração: 0
Melhor até agora: 78 Geração: 12
Iteração: 0
Melhor até agora: 77 Geração: 14
Iteração: 0
Número de swaps entre camadas = 0
Largura da faixa = 23
Melhor altura = 77

Lower Bound 1 = 65
Lower Bound 2 = 73
Avaliação = 1.05479

Tempo de execução: 0s

---------------------------

Número de cromossomos: 20
Tamanho da população: 60
Fração elite: 0.3
Fração mutante: 0.7
Probabilidade herdar alelo elite: 0.6
Número de populações independentes: 2
Número de threads: 14
Trocar os melhores indivíduos a cada 100 gerações
Número máximo de gerações: 100

Número de cromossomos: 20
Tamanho da população: 60
Fração elite: 0.3
Fração mutante: 0.7
Probabilidade herdar alelo elite: 0.6
Número de populações independentes: 2
Número de threads: 14
Trocar os melhores indivíduos a cada 100 gerações
Número máximo de gerações: 100

Tamanho da população: 250
Fração elite: 0.15
Fração mutante: 0.2
Probabilidade herdar alelo elite: 0.55
Número de populações independentes: 3
Número de threads: 14
Trocar os melhores indivíduos a cada 40 gerações
Número máximo de gerações: 130
Número máximo de iterações sem melhora: 50
Melhor até agora: 83 Geração: 12
Iteração: 0
Melhor até agora: 77 Geração: 13
Iteração: 0
Número de swaps entre camadas = 0
Largura da faixa = 23
Melhor altura = 77

Lower Bound 1 = 65
Lower Bound 2 = 73
Avaliação = 1.05479

Tempo de execução: 0s

---------------------------

Número de cromossomos: 20
Tamanho da população: 60
Fração elite: 0.3
Fração mutante: 0.7
Probabilidade herdar alelo elite: 0.6
Número de populações independentes: 2
Número de threads: 14
Trocar os melhores indivíduos a cada 100 gerações
Número máximo de gerações: 100

Número de cromossomos: 20
Tamanho da população: 60
Fração elite: 0.3
Fração mutante: 0.7
Probabilidade herdar alelo elite: 0.6
Número de populações independentes: 2
Número de threads: 14
Trocar os melhores indivíduos a cada 100 gerações
Número máximo de gerações: 100

Tamanho da população: 250
Fração elite: 0.15
Fração mutante: 0.2
Probabilidade herdar alelo elite: 0.55
Número de populações independentes: 3
Número de threads: 14
Trocar os melhores indivíduos a cada 40 gerações
Número máximo de gerações: 130
Número máximo de iterações sem melhora: 50
Melhor até agora: 81 Geração: 9
Iteração: 0
Melhor até agora: 78 Geração: 11
Iteração: 0
Melhor até agora: 77 Geração: 18
Iteração: 0
Número de swaps entre camadas = 0
Largura da faixa = 23
Melhor altura = 77

Lower Bound 1 = 65
Lower Bound 2 = 73
Avaliação = 1.05479

Tempo de execução: 1s

---------------------------

Número de cromossomos: 20
Tamanho da população: 60
Fração elite: 0.3
Fração mutante: 0.7
Probabilidade herdar alelo elite: 0.6
Número de populações independentes: 2
Número de threads: 14
Trocar os melhores indivíduos a cada 100 gerações
Número máximo de gerações: 100

Número de cromossomos: 20
Tamanho da população: 60
Fração elite: 0.3
Fração mutante: 0.7
Probabilidade herdar alelo elite: 0.6
Número de populações independentes: 2
Número de threads: 14
Trocar os melhores indivíduos a cada 100 gerações
Número máximo de gerações: 100

Tamanho da população: 250
Fração elite: 0.15
Fração mutante: 0.2
Probabilidade herdar alelo elite: 0.55
Número de populações independentes: 3
Número de threads: 14
Trocar os melhores indivíduos a cada 40 gerações
Número máximo de gerações: 130
Número máximo de iterações sem melhora: 50
Melhor até agora: 81 Geração: 12
Iteração: 0
Melhor até agora: 79 Geração: 16
Iteração: 0
Melhor até agora: 77 Geração: 17
Iteração: 0
Número de swaps entre camadas = 0
Largura da faixa = 23
Melhor altura = 77

Lower Bound 1 = 65
Lower Bound 2 = 73
Avaliação = 1.05479

Tempo de execução: 1s

---------------------------

Número de cromossomos: 20
Tamanho da população: 60
Fração elite: 0.3
Fração mutante: 0.7
Probabilidade herdar alelo elite: 0.6
Número de populações independentes: 2
Número de threads: 14
Trocar os melhores indivíduos a cada 100 gerações
Número máximo de gerações: 100

Número de cromossomos: 20
Tamanho da população: 60
Fração elite: 0.3
Fração mutante: 0.7
Probabilidade herdar alelo elite: 0.6
Número de populações independentes: 2
Número de threads: 14
Trocar os melhores indivíduos a cada 100 gerações
Número máximo de gerações: 100

Tamanho da população: 250
Fração elite: 0.15
Fração mutante: 0.2
Probabilidade herdar alelo elite: 0.55
Número de populações independentes: 3
Número de threads: 14
Trocar os melhores indivíduos a cada 40 gerações
Número máximo de gerações: 130
Número máximo de iterações sem melhora: 50
Melhor até agora: 79 Geração: 15
Iteração: 0
Melhor até agora: 78 Geração: 27
Iteração: 0
Melhor até agora: 77 Geração: 28
Iteração: 0
Número de swaps entre camadas = 0
Largura da faixa = 23
Melhor altura = 77

Lower Bound 1 = 65
Lower Bound 2 = 73
Avaliação = 1.05479

Tempo de execução: 1s

---------------------------

Número de cromossomos: 20
Tamanho da população: 60
Fração elite: 0.3
Fração mutante: 0.7
Probabilidade herdar alelo elite: 0.6
Número de populações independentes: 2
Número de threads: 14
Trocar os melhores indivíduos a cada 100 gerações
Número máximo de gerações: 100

Número de cromossomos: 20
Tamanho da população: 60
Fração elite: 0.3
Fração mutante: 0.7
Probabilidade herdar alelo elite: 0.6
Número de populações independentes: 2
Número de threads: 14
Trocar os melhores indivíduos a cada 100 gerações
Número máximo de gerações: 100

Tamanho da população: 250
Fração elite: 0.15
Fração mutante: 0.2
Probabilidade herdar alelo elite: 0.55
Número de populações independentes: 3
Número de threads: 14
Trocar os melhores indivíduos a cada 40 gerações
Número máximo de gerações: 130
Número máximo de iterações sem melhora: 50
Melhor até agora: 83 Geração: 5
Iteração: 0
Melhor até agora: 81 Geração: 10
Iteração: 0
Melhor até agora: 79 Geração: 11
Iteração: 0
Melhor até agora: 76 Geração: 31
Iteração: 0
Número de swaps entre camadas = 0
Largura da faixa = 23
Melhor altura = 76

Lower Bound 1 = 65
Lower Bound 2 = 73
Avaliação = 1.0411

Tempo de execução: 1s

---------------------------

Número de cromossomos: 20
Tamanho da população: 60
Fração elite: 0.3
Fração mutante: 0.7
Probabilidade herdar alelo elite: 0.6
Número de populações independentes: 2
Número de threads: 14
Trocar os melhores indivíduos a cada 100 gerações
Número máximo de gerações: 100

Número de cromossomos: 20
Tamanho da população: 60
Fração elite: 0.3
Fração mutante: 0.7
Probabilidade herdar alelo elite: 0.6
Número de populações independentes: 2
Número de threads: 14
Trocar os melhores indivíduos a cada 100 gerações
Número máximo de gerações: 100

Tamanho da população: 250
Fração elite: 0.15
Fração mutante: 0.2
Probabilidade herdar alelo elite: 0.55
Número de populações independentes: 3
Número de threads: 14
Trocar os melhores indivíduos a cada 40 gerações
Número máximo de gerações: 130
Número máximo de iterações sem melhora: 50
Melhor até agora: 77 Geração: 9
Iteração: 0
Número de swaps entre camadas = 0
Largura da faixa = 23
Melhor altura = 77

Lower Bound 1 = 65
Lower Bound 2 = 73
Avaliação = 1.05479

Tempo de execução: 0s

---------------------------

Tamanho da população: 300
Fração elite: 0.2
Fração mutante: 0.15
Probabilidade herdar alelo elite: 0.7
Número de populações independentes: 6
Número de threads: 14
Trocar os melhores indivíduos a cada 40 gerações
Número máximo de gerações: 250
Número máximo de iterações sem melhora: 90
Melhor até agora: 76 Geração: 0
Largura da faixa = 23
Melhor altura = 76

Lower Bound 1 = 65
Lower Bound 2 = 73
Avaliação = 1.0411

Tempo de execução: 11s

---------------------------

Tamanho da população: 300
Fração elite: 0.15
Fração mutante: 0.2
Probabilidade herdar alelo elite: 0.7
Número de populações independentes: 2
Número de threads: 16
Trocar os melhores indivíduos a cada 30 gerações
Número máximo de gerações: 300
Número máximo de iterações sem melhora: 40
Largura da faixa = 23
Melhor altura = 76

Lower Bound 1 = 65
Lower Bound 2 = 73
Avaliação = 1.0411

Tempo de execução: 1s

---------------------------

Tamanho da população: 300
Fração elite: 0.15
Fração mutante: 0.2
Probabilidade herdar alelo elite: 0.7
Número de populações independentes: 2
Número de threads: 16
Trocar os melhores indivíduos a cada 30 gerações
Número máximo de gerações: 300
Número máximo de iterações sem melhora: 40
Largura da faixa = 23
Melhor altura = 76

Lower Bound 1 = 65
Lower Bound 2 = 73
Avaliação = 1.0411

Tempo de execução: 1s

---------------------------

Tamanho da população: 300
Fração elite: 0.15
Fração mutante: 0.2
Probabilidade herdar alelo elite: 0.7
Número de populações independentes: 2
Número de threads: 16
Trocar os melhores indivíduos a cada 30 gerações
Número máximo de gerações: 300
Número máximo de iterações sem melhora: 40
Largura da faixa = 23
Melhor altura = 77

Lower Bound 1 = 65
Lower Bound 2 = 73
Avaliação = 1.05479

Tempo de execução: 1s

---------------------------

Tamanho da população: 300
Fração elite: 0.15
Fração mutante: 0.2
Probabilidade herdar alelo elite: 0.7
Número de populações independentes: 2
Número de threads: 16
Trocar os melhores indivíduos a cada 30 gerações
Número máximo de gerações: 300
Número máximo de iterações sem melhora: 40
Largura da faixa = 23
Melhor altura = 77

Lower Bound 1 = 65
Lower Bound 2 = 73
Avaliação = 1.05479

Tempo de execução: 1s

---------------------------

Tamanho da população: 300
Fração elite: 0.15
Fração mutante: 0.2
Probabilidade herdar alelo elite: 0.7
Número de populações independentes: 2
Número de threads: 16
Trocar os melhores indivíduos a cada 30 gerações
Número máximo de gerações: 300
Número máximo de iterações sem melhora: 40
Largura da faixa = 23
Melhor altura = 76

Lower Bound 1 = 65
Lower Bound 2 = 73
Avaliação = 1.0411

Tempo de execução: 1s

---------------------------

Tamanho da população: 300
Fração elite: 0.15
Fração mutante: 0.2
Probabilidade herdar alelo elite: 0.7
Número de populações independentes: 2
Número de threads: 16
Trocar os melhores indivíduos a cada 30 gerações
Número máximo de gerações: 300
Número máximo de iterações sem melhora: 40
Largura da faixa = 23
Melhor altura = 76

Lower Bound 1 = 65
Lower Bound 2 = 73
Avaliação = 1.0411

Tempo de execução: 1s

---------------------------

Tamanho da população: 300
Fração elite: 0.15
Fração mutante: 0.2
Probabilidade herdar alelo elite: 0.7
Número de populações independentes: 2
Número de threads: 16
Trocar os melhores indivíduos a cada 30 gerações
Número máximo de gerações: 300
Número máximo de iterações sem melhora: 40
Largura da faixa = 23
Melhor altura = 76

Lower Bound 1 = 65
Lower Bound 2 = 73
Avaliação = 1.0411

Tempo de execução: 1s

---------------------------

Tamanho da população: 300
Fração elite: 0.15
Fração mutante: 0.2
Probabilidade herdar alelo elite: 0.7
Número de populações independentes: 2
Número de threads: 16
Trocar os melhores indivíduos a cada 30 gerações
Número máximo de gerações: 300
Número máximo de iterações sem melhora: 40
Largura da faixa = 23
Melhor altura = 77

Lower Bound 1 = 65
Lower Bound 2 = 73
Avaliação = 1.05479

Tempo de execução: 1s

---------------------------

Tamanho da população: 300
Fração elite: 0.15
Fração mutante: 0.2
Probabilidade herdar alelo elite: 0.7
Número de populações independentes: 2
Número de threads: 16
Trocar os melhores indivíduos a cada 30 gerações
Número máximo de gerações: 300
Número máximo de iterações sem melhora: 40
Largura da faixa = 23
Melhor altura = 77

Lower Bound 1 = 65
Lower Bound 2 = 73
Avaliação = 1.05479

Tempo de execução: 1s

---------------------------

Tamanho da população: 300
Fração elite: 0.15
Fração mutante: 0.2
Probabilidade herdar alelo elite: 0.7
Número de populações independentes: 2
Número de threads: 16
Trocar os melhores indivíduos a cada 30 gerações
Número máximo de gerações: 300
Número máximo de iterações sem melhora: 40
Largura da faixa = 23
Melhor altura = 77

Lower Bound 1 = 65
Lower Bound 2 = 73
Avaliação = 1.05479

Tempo de execução: 1s

---------------------------

Tamanho da população: 300
Fração elite: 0.15
Fração mutante: 0.2
Probabilidade herdar alelo elite: 0.7
Número de populações independentes: 2
Número de threads: 16
Trocar os melhores indivíduos a cada 30 gerações
Número máximo de gerações: 300
Número máximo de iterações sem melhora: 40
Largura da faixa = 23
Melhor altura = 76

Lower Bound 1 = 65
Lower Bound 2 = 73
Avaliação = 1.0411

Tempo de execução: 1s

---------------------------

Tamanho da população: 300
Fração elite: 0.15
Fração mutante: 0.2
Probabilidade herdar alelo elite: 0.7
Número de populações independentes: 2
Número de threads: 16
Trocar os melhores indivíduos a cada 30 gerações
Número máximo de gerações: 300
Número máximo de iterações sem melhora: 40
Largura da faixa = 23
Melhor altura = 76

Lower Bound 1 = 65
Lower Bound 2 = 73
Avaliação = 1.0411

Tempo de execução: 1s

---------------------------

Tamanho da população: 300
Fração elite: 0.15
Fração mutante: 0.2
Probabilidade herdar alelo elite: 0.7
Número de populações independentes: 2
Número de threads: 16
Trocar os melhores indivíduos a cada 30 gerações
Número máximo de gerações: 300
Número máximo de iterações sem melhora: 40
Largura da faixa = 23
Melhor altura = 76

Lower Bound 1 = 65
Lower Bound 2 = 73
Avaliação = 1.0411

Tempo de execução: 1s

---------------------------

Tamanho da população: 300
Fração elite: 0.15
Fração mutante: 0.2
Probabilidade herdar alelo elite: 0.7
Número de populações independentes: 2
Número de threads: 16
Trocar os melhores indivíduos a cada 30 gerações
Número máximo de gerações: 300
Número máximo de iterações sem melhora: 40
Largura da faixa = 23
Melhor altura = 76

Lower Bound 1 = 65
Lower Bound 2 = 73
Avaliação = 1.0411

Tempo de execução: 1s

---------------------------

Tamanho da população: 300
Fração elite: 0.15
Fração mutante: 0.2
Probabilidade herdar alelo elite: 0.7
Número de populações independentes: 2
Número de threads: 16
Trocar os melhores indivíduos a cada 30 gerações
Número máximo de gerações: 300
Número máximo de iterações sem melhora: 40
Largura da faixa = 23
Melhor altura = 76

Lower Bound 1 = 65
Lower Bound 2 = 73
Avaliação = 1.0411

Tempo de execução: 1s

---------------------------

Tamanho da população: 300
Fração elite: 0.15
Fração mutante: 0.2
Probabilidade herdar alelo elite: 0.7
Número de populações independentes: 2
Número de threads: 16
Trocar os melhores indivíduos a cada 30 gerações
Número máximo de gerações: 300
Número máximo de iterações sem melhora: 40
Largura da faixa = 23
Melhor altura = 77

Lower Bound 1 = 65
Lower Bound 2 = 73
Avaliação = 1.05479

Tempo de execução: 1s

---------------------------

Tamanho da população: 300
Fração elite: 0.15
Fração mutante: 0.2
Probabilidade herdar alelo elite: 0.7
Número de populações independentes: 2
Número de threads: 16
Trocar os melhores indivíduos a cada 30 gerações
Número máximo de gerações: 300
Número máximo de iterações sem melhora: 40
Largura da faixa = 23
Melhor altura = 76

Lower Bound 1 = 65
Lower Bound 2 = 73
Avaliação = 1.0411

Tempo de execução: 1s

---------------------------

Tamanho da população: 300
Fração elite: 0.15
Fração mutante: 0.2
Probabilidade herdar alelo elite: 0.7
Número de populações independentes: 2
Número de threads: 16
Trocar os melhores indivíduos a cada 30 gerações
Número máximo de gerações: 300
Número máximo de iterações sem melhora: 40
Largura da faixa = 23
Melhor altura = 77

Lower Bound 1 = 65
Lower Bound 2 = 73
Avaliação = 1.05479

Tempo de execução: 1s

---------------------------

Tamanho da população: 300
Fração elite: 0.15
Fração mutante: 0.2
Probabilidade herdar alelo elite: 0.7
Número de populações independentes: 2
Número de threads: 16
Trocar os melhores indivíduos a cada 30 gerações
Número máximo de gerações: 300
Número máximo de iterações sem melhora: 40
Largura da faixa = 23
Melhor altura = 77

Lower Bound 1 = 65
Lower Bound 2 = 73
Avaliação = 1.05479

Tempo de execução: 1s

---------------------------

Tamanho da população: 300
Fração elite: 0.15
Fração mutante: 0.2
Probabilidade herdar alelo elite: 0.7
Número de populações independentes: 2
Número de threads: 16
Trocar os melhores indivíduos a cada 30 gerações
Número máximo de gerações: 300
Número máximo de iterações sem melhora: 40
Largura da faixa = 23
Melhor altura = 76

Lower Bound 1 = 65
Lower Bound 2 = 73
Avaliação = 1.0411

Tempo de execução: 1s

---------------------------

Melhor até agora: 83 Geração: 0
Melhor até agora: 81 Geração: 2
Melhor até agora: 79 Geração: 3
Melhor até agora: 77 Geração: 4
Melhor até agora: 76 Geração: 8
Tamanho da população: 300
Fração elite: 0.2
Fração mutante: 0.2
Probabilidade herdar alelo elite: 0.7
Número de populações independentes: 2
Número de threads: 16
Trocar os melhores indivíduos a cada 30 gerações
Número máximo de gerações: 300
Número máximo de iterações sem melhora: 50
Largura da faixa = 23
Melhor altura = 76

Lower Bound 1 = 65
Lower Bound 2 = 73
Avaliação = 1.0411

Tempo de execução: 0s

---------------------------

Melhor até agora: 79 Geração: 0
Melhor até agora: 76 Geração: 1
Tamanho da população: 300
Fração elite: 0.2
Fração mutante: 0.2
Probabilidade herdar alelo elite: 0.7
Número de populações independentes: 2
Número de threads: 16
Trocar os melhores indivíduos a cada 30 gerações
Número máximo de gerações: 300
Número máximo de iterações sem melhora: 50
Largura da faixa = 23
Melhor altura = 76

Lower Bound 1 = 65
Lower Bound 2 = 73
Avaliação = 1.0411

Tempo de execução: 0s

---------------------------

Melhor até agora: 81 Geração: 0
Melhor até agora: 77 Geração: 1
Melhor até agora: 76 Geração: 8
Tamanho da população: 300
Fração elite: 0.2
Fração mutante: 0.2
Probabilidade herdar alelo elite: 0.7
Número de populações independentes: 2
Número de threads: 16
Trocar os melhores indivíduos a cada 30 gerações
Número máximo de gerações: 300
Número máximo de iterações sem melhora: 50
Largura da faixa = 23
Melhor altura = 76

Lower Bound 1 = 65
Lower Bound 2 = 73
Avaliação = 1.0411

Tempo de execução: 0s

---------------------------

Melhor até agora: 77 Geração: 0
Tamanho da população: 300
Fração elite: 0.2
Fração mutante: 0.2
Probabilidade herdar alelo elite: 0.7
Número de populações independentes: 2
Número de threads: 16
Trocar os melhores indivíduos a cada 30 gerações
Número máximo de gerações: 300
Número máximo de iterações sem melhora: 50
Largura da faixa = 23
Melhor altura = 77

Lower Bound 1 = 65
Lower Bound 2 = 73
Avaliação = 1.05479

Tempo de execução: 0s

---------------------------

Melhor até agora: 81 Geração: 0
Melhor até agora: 79 Geração: 1
Melhor até agora: 78 Geração: 2
Melhor até agora: 77 Geração: 3
Tamanho da população: 300
Fração elite: 0.2
Fração mutante: 0.2
Probabilidade herdar alelo elite: 0.7
Número de populações independentes: 2
Número de threads: 16
Trocar os melhores indivíduos a cada 30 gerações
Número máximo de gerações: 300
Número máximo de iterações sem melhora: 50
Largura da faixa = 23
Melhor altura = 77

Lower Bound 1 = 65
Lower Bound 2 = 73
Avaliação = 1.05479

Tempo de execução: 0s

---------------------------

Melhor até agora: 79 Geração: 0
Melhor até agora: 77 Geração: 3
Melhor até agora: 76 Geração: 9
Tamanho da população: 300
Fração elite: 0.2
Fração mutante: 0.2
Probabilidade herdar alelo elite: 0.7
Número de populações independentes: 2
Número de threads: 16
Trocar os melhores indivíduos a cada 30 gerações
Número máximo de gerações: 300
Número máximo de iterações sem melhora: 50
Largura da faixa = 23
Melhor altura = 76

Lower Bound 1 = 65
Lower Bound 2 = 73
Avaliação = 1.0411

Tempo de execução: 0s

---------------------------

Melhor até agora: 86 Geração: 0
Melhor até agora: 76 Geração: 1
Tamanho da população: 300
Fração elite: 0.2
Fração mutante: 0.2
Probabilidade herdar alelo elite: 0.7
Número de populações independentes: 2
Número de threads: 16
Trocar os melhores indivíduos a cada 30 gerações
Número máximo de gerações: 300
Número máximo de iterações sem melhora: 50
Largura da faixa = 23
Melhor altura = 76

Lower Bound 1 = 65
Lower Bound 2 = 73
Avaliação = 1.0411

Tempo de execução: 0s

---------------------------

Melhor até agora: 79 Geração: 0
Melhor até agora: 78 Geração: 2
Melhor até agora: 77 Geração: 3
Melhor até agora: 76 Geração: 9
Tamanho da população: 300
Fração elite: 0.2
Fração mutante: 0.2
Probabilidade herdar alelo elite: 0.7
Número de populações independentes: 2
Número de threads: 16
Trocar os melhores indivíduos a cada 30 gerações
Número máximo de gerações: 300
Número máximo de iterações sem melhora: 50
Largura da faixa = 23
Melhor altura = 76

Lower Bound 1 = 65
Lower Bound 2 = 73
Avaliação = 1.0411

Tempo de execução: 0s

---------------------------

Melhor até agora: 86 Geração: 0
Melhor até agora: 79 Geração: 1
Melhor até agora: 77 Geração: 2
Melhor até agora: 76 Geração: 5
Tamanho da população: 300
Fração elite: 0.2
Fração mutante: 0.2
Probabilidade herdar alelo elite: 0.7
Número de populações independentes: 2
Número de threads: 16
Trocar os melhores indivíduos a cada 30 gerações
Número máximo de gerações: 300
Número máximo de iterações sem melhora: 50
Largura da faixa = 23
Melhor altura = 76

Lower Bound 1 = 65
Lower Bound 2 = 73
Avaliação = 1.0411

Tempo de execução: 0s

---------------------------

Melhor até agora: 77 Geração: 0
Tamanho da população: 300
Fração elite: 0.2
Fração mutante: 0.2
Probabilidade herdar alelo elite: 0.7
Número de populações independentes: 2
Número de threads: 16
Trocar os melhores indivíduos a cada 30 gerações
Número máximo de gerações: 300
Número máximo de iterações sem melhora: 50
Largura da faixa = 23
Melhor altura = 77

Lower Bound 1 = 65
Lower Bound 2 = 73
Avaliação = 1.05479

Tempo de execução: 0s

---------------------------

Melhor até agora: 81 Geração: 0
Melhor até agora: 77 Geração: 1
Tamanho da população: 300
Fração elite: 0.2
Fração mutante: 0.2
Probabilidade herdar alelo elite: 0.7
Número de populações independentes: 2
Número de threads: 16
Trocar os melhores indivíduos a cada 30 gerações
Número máximo de gerações: 300
Número máximo de iterações sem melhora: 50
Largura da faixa = 23
Melhor altura = 77

Lower Bound 1 = 65
Lower Bound 2 = 73
Avaliação = 1.05479

Tempo de execução: 0s

---------------------------

Melhor até agora: 83 Geração: 0
Melhor até agora: 77 Geração: 1
Melhor até agora: 76 Geração: 11
Tamanho da população: 300
Fração elite: 0.2
Fração mutante: 0.2
Probabilidade herdar alelo elite: 0.7
Número de populações independentes: 2
Número de threads: 16
Trocar os melhores indivíduos a cada 30 gerações
Número máximo de gerações: 300
Número máximo de iterações sem melhora: 50
Largura da faixa = 23
Melhor altura = 76

Lower Bound 1 = 65
Lower Bound 2 = 73
Avaliação = 1.0411

Tempo de execução: 0s

---------------------------

Melhor até agora: 81 Geração: 0
Melhor até agora: 79 Geração: 2
Melhor até agora: 77 Geração: 5
Tamanho da população: 300
Fração elite: 0.2
Fração mutante: 0.2
Probabilidade herdar alelo elite: 0.7
Número de populações independentes: 2
Número de threads: 16
Trocar os melhores indivíduos a cada 30 gerações
Número máximo de gerações: 300
Número máximo de iterações sem melhora: 50
Largura da faixa = 23
Melhor altura = 77

Lower Bound 1 = 65
Lower Bound 2 = 73
Avaliação = 1.05479

Tempo de execução: 0s

---------------------------

Melhor até agora: 81 Geração: 0
Melhor até agora: 79 Geração: 1
Melhor até agora: 77 Geração: 2
Tamanho da população: 300
Fração elite: 0.2
Fração mutante: 0.2
Probabilidade herdar alelo elite: 0.7
Número de populações independentes: 2
Número de threads: 16
Trocar os melhores indivíduos a cada 30 gerações
Número máximo de gerações: 300
Número máximo de iterações sem melhora: 50
Largura da faixa = 23
Melhor altura = 77

Lower Bound 1 = 65
Lower Bound 2 = 73
Avaliação = 1.05479

Tempo de execução: 0s

---------------------------

Melhor até agora: 79 Geração: 0
Melhor até agora: 77 Geração: 2
Melhor até agora: 76 Geração: 11
Tamanho da população: 300
Fração elite: 0.2
Fração mutante: 0.2
Probabilidade herdar alelo elite: 0.7
Número de populações independentes: 2
Número de threads: 16
Trocar os melhores indivíduos a cada 30 gerações
Número máximo de gerações: 300
Número máximo de iterações sem melhora: 50
Largura da faixa = 23
Melhor altura = 76

Lower Bound 1 = 65
Lower Bound 2 = 73
Avaliação = 1.0411

Tempo de execução: 0s

---------------------------

Melhor até agora: 77 Geração: 0
Melhor até agora: 76 Geração: 10
Tamanho da população: 300
Fração elite: 0.2
Fração mutante: 0.2
Probabilidade herdar alelo elite: 0.7
Número de populações independentes: 2
Número de threads: 16
Trocar os melhores indivíduos a cada 30 gerações
Número máximo de gerações: 300
Número máximo de iterações sem melhora: 50
Largura da faixa = 23
Melhor altura = 76

Lower Bound 1 = 65
Lower Bound 2 = 73
Avaliação = 1.0411

Tempo de execução: 0s

---------------------------

Melhor até agora: 81 Geração: 0
Melhor até agora: 77 Geração: 1
Melhor até agora: 76 Geração: 10
Tamanho da população: 300
Fração elite: 0.2
Fração mutante: 0.2
Probabilidade herdar alelo elite: 0.7
Número de populações independentes: 2
Número de threads: 16
Trocar os melhores indivíduos a cada 30 gerações
Número máximo de gerações: 300
Número máximo de iterações sem melhora: 50
Largura da faixa = 23
Melhor altura = 76

Lower Bound 1 = 65
Lower Bound 2 = 73
Avaliação = 1.0411

Tempo de execução: 0s

---------------------------

Melhor até agora: 77 Geração: 0
Melhor até agora: 76 Geração: 7
Tamanho da população: 300
Fração elite: 0.2
Fração mutante: 0.2
Probabilidade herdar alelo elite: 0.7
Número de populações independentes: 2
Número de threads: 16
Trocar os melhores indivíduos a cada 30 gerações
Número máximo de gerações: 300
Número máximo de iterações sem melhora: 50
Largura da faixa = 23
Melhor altura = 76

Lower Bound 1 = 65
Lower Bound 2 = 73
Avaliação = 1.0411

Tempo de execução: 0s

---------------------------

Melhor até agora: 86 Geração: 0
Melhor até agora: 83 Geração: 1
Melhor até agora: 77 Geração: 2
Melhor até agora: 76 Geração: 7
Tamanho da população: 300
Fração elite: 0.2
Fração mutante: 0.2
Probabilidade herdar alelo elite: 0.7
Número de populações independentes: 2
Número de threads: 16
Trocar os melhores indivíduos a cada 30 gerações
Número máximo de gerações: 300
Número máximo de iterações sem melhora: 50
Largura da faixa = 23
Melhor altura = 76

Lower Bound 1 = 65
Lower Bound 2 = 73
Avaliação = 1.0411

Tempo de execução: 0s

---------------------------

Melhor até agora: 79 Geração: 0
Melhor até agora: 77 Geração: 1
Melhor até agora: 76 Geração: 4
Tamanho da população: 300
Fração elite: 0.2
Fração mutante: 0.2
Probabilidade herdar alelo elite: 0.7
Número de populações independentes: 2
Número de threads: 16
Trocar os melhores indivíduos a cada 30 gerações
Número máximo de gerações: 300
Número máximo de iterações sem melhora: 50
Largura da faixa = 23
Melhor altura = 76

Lower Bound 1 = 65
Lower Bound 2 = 73
Avaliação = 1.0411

Tempo de execução: 0s

---------------------------
Tamanho da população: 389
Fração elite: 0.5799
Fração mutante: 0.0086
Probabilidade herdar alelo elite: 0.7325
Número de populações independentes: 1
Número de threads: 1
Trocar os melhores indivíduos a cada 30 gerações
Número máximo de gerações: 338
Número máximo de iterações sem melhora: 70
Largura da faixa = 23
Melhor altura = 77

Lower Bound 1 = 65
Lower Bound 2 = 73
Avaliação = 1.05479

Tempo de execução: 0s

---------------------------

Tamanho da população: 389
Fração elite: 0.5799
Fração mutante: 0.0086
Probabilidade herdar alelo elite: 0.7325
Número de populações independentes: 1
Número de threads: 1
Trocar os melhores indivíduos a cada 30 gerações
Número máximo de gerações: 338
Número máximo de iterações sem melhora: 70
Largura da faixa = 23
Melhor altura = 77

Lower Bound 1 = 65
Lower Bound 2 = 73
Avaliação = 1.05479

Tempo de execução: 0s

---------------------------

Tamanho da população: 389
Fração elite: 0.5799
Fração mutante: 0.0086
Probabilidade herdar alelo elite: 0.7325
Número de populações independentes: 1
Número de threads: 1
Trocar os melhores indivíduos a cada 30 gerações
Número máximo de gerações: 338
Número máximo de iterações sem melhora: 70
Largura da faixa = 23
Melhor altura = 77

Lower Bound 1 = 65
Lower Bound 2 = 73
Avaliação = 1.05479

Tempo de execução: 0s

---------------------------

Tamanho da população: 389
Fração elite: 0.5799
Fração mutante: 0.0086
Probabilidade herdar alelo elite: 0.7325
Número de populações independentes: 1
Número de threads: 1
Trocar os melhores indivíduos a cada 30 gerações
Número máximo de gerações: 338
Número máximo de iterações sem melhora: 70
Largura da faixa = 23
Melhor altura = 76

Lower Bound 1 = 65
Lower Bound 2 = 73
Avaliação = 1.0411

Tempo de execução: 1s

---------------------------

Tamanho da população: 389
Fração elite: 0.5799
Fração mutante: 0.0086
Probabilidade herdar alelo elite: 0.7325
Número de populações independentes: 1
Número de threads: 1
Trocar os melhores indivíduos a cada 30 gerações
Número máximo de gerações: 338
Número máximo de iterações sem melhora: 70
Largura da faixa = 23
Melhor altura = 77

Lower Bound 1 = 65
Lower Bound 2 = 73
Avaliação = 1.05479

Tempo de execução: 0s

---------------------------

Tamanho da população: 389
Fração elite: 0.5799
Fração mutante: 0.0086
Probabilidade herdar alelo elite: 0.7325
Número de populações independentes: 1
Número de threads: 1
Trocar os melhores indivíduos a cada 30 gerações
Número máximo de gerações: 338
Número máximo de iterações sem melhora: 70
Largura da faixa = 23
Melhor altura = 76

Lower Bound 1 = 65
Lower Bound 2 = 73
Avaliação = 1.0411

Tempo de execução: 0s

---------------------------

Tamanho da população: 389
Fração elite: 0.5799
Fração mutante: 0.0086
Probabilidade herdar alelo elite: 0.7325
Número de populações independentes: 1
Número de threads: 1
Trocar os melhores indivíduos a cada 30 gerações
Número máximo de gerações: 338
Número máximo de iterações sem melhora: 70
Largura da faixa = 23
Melhor altura = 76

Lower Bound 1 = 65
Lower Bound 2 = 73
Avaliação = 1.0411

Tempo de execução: 0s

---------------------------

Tamanho da população: 389
Fração elite: 0.5799
Fração mutante: 0.0086
Probabilidade herdar alelo elite: 0.7325
Número de populações independentes: 1
Número de threads: 1
Trocar os melhores indivíduos a cada 30 gerações
Número máximo de gerações: 338
Número máximo de iterações sem melhora: 70
Largura da faixa = 23
Melhor altura = 76

Lower Bound 1 = 65
Lower Bound 2 = 73
Avaliação = 1.0411

Tempo de execução: 1s

---------------------------

Tamanho da população: 389
Fração elite: 0.5799
Fração mutante: 0.0086
Probabilidade herdar alelo elite: 0.7325
Número de populações independentes: 1
Número de threads: 1
Trocar os melhores indivíduos a cada 30 gerações
Número máximo de gerações: 338
Número máximo de iterações sem melhora: 70
Largura da faixa = 23
Melhor altura = 77

Lower Bound 1 = 65
Lower Bound 2 = 73
Avaliação = 1.05479

Tempo de execução: 0s

---------------------------

Tamanho da população: 389
Fração elite: 0.5799
Fração mutante: 0.0086
Probabilidade herdar alelo elite: 0.7325
Número de populações independentes: 1
Número de threads: 1
Trocar os melhores indivíduos a cada 30 gerações
Número máximo de gerações: 338
Número máximo de iterações sem melhora: 70
Largura da faixa = 23
Melhor altura = 77

Lower Bound 1 = 65
Lower Bound 2 = 73
Avaliação = 1.05479

Tempo de execução: 0s

---------------------------

Tamanho da população: 389
Fração elite: 0.5799
Fração mutante: 0.0086
Probabilidade herdar alelo elite: 0.7325
Número de populações independentes: 1
Número de threads: 1
Trocar os melhores indivíduos a cada 30 gerações
Número máximo de gerações: 338
Número máximo de iterações sem melhora: 70
Largura da faixa = 23
Melhor altura = 76

Lower Bound 1 = 65
Lower Bound 2 = 73
Avaliação = 1.0411

Tempo de execução: 1s

---------------------------

Tamanho da população: 389
Fração elite: 0.5799
Fração mutante: 0.0086
Probabilidade herdar alelo elite: 0.7325
Número de populações independentes: 1
Número de threads: 1
Trocar os melhores indivíduos a cada 30 gerações
Número máximo de gerações: 338
Número máximo de iterações sem melhora: 70
Largura da faixa = 23
Melhor altura = 76

Lower Bound 1 = 65
Lower Bound 2 = 73
Avaliação = 1.0411

Tempo de execução: 1s

---------------------------

Tamanho da população: 389
Fração elite: 0.5799
Fração mutante: 0.0086
Probabilidade herdar alelo elite: 0.7325
Número de populações independentes: 1
Número de threads: 1
Trocar os melhores indivíduos a cada 30 gerações
Número máximo de gerações: 338
Número máximo de iterações sem melhora: 70
Largura da faixa = 23
Melhor altura = 77

Lower Bound 1 = 65
Lower Bound 2 = 73
Avaliação = 1.05479

Tempo de execução: 0s

---------------------------

Tamanho da população: 389
Fração elite: 0.5799
Fração mutante: 0.0086
Probabilidade herdar alelo elite: 0.7325
Número de populações independentes: 1
Número de threads: 1
Trocar os melhores indivíduos a cada 30 gerações
Número máximo de gerações: 338
Número máximo de iterações sem melhora: 70
Largura da faixa = 23
Melhor altura = 77

Lower Bound 1 = 65
Lower Bound 2 = 73
Avaliação = 1.05479

Tempo de execução: 0s

---------------------------

Tamanho da população: 389
Fração elite: 0.5799
Fração mutante: 0.0086
Probabilidade herdar alelo elite: 0.7325
Número de populações independentes: 1
Número de threads: 1
Trocar os melhores indivíduos a cada 30 gerações
Número máximo de gerações: 338
Número máximo de iterações sem melhora: 70
Largura da faixa = 23
Melhor altura = 76

Lower Bound 1 = 65
Lower Bound 2 = 73
Avaliação = 1.0411

Tempo de execução: 1s

---------------------------

Tamanho da população: 389
Fração elite: 0.5799
Fração mutante: 0.0086
Probabilidade herdar alelo elite: 0.7325
Número de populações independentes: 1
Número de threads: 1
Trocar os melhores indivíduos a cada 30 gerações
Número máximo de gerações: 338
Número máximo de iterações sem melhora: 70
Largura da faixa = 23
Melhor altura = 76

Lower Bound 1 = 65
Lower Bound 2 = 73
Avaliação = 1.0411

Tempo de execução: 1s

---------------------------

Tamanho da população: 389
Fração elite: 0.5799
Fração mutante: 0.0086
Probabilidade herdar alelo elite: 0.7325
Número de populações independentes: 1
Número de threads: 1
Trocar os melhores indivíduos a cada 30 gerações
Número máximo de gerações: 338
Número máximo de iterações sem melhora: 70
Largura da faixa = 23
Melhor altura = 77

Lower Bound 1 = 65
Lower Bound 2 = 73
Avaliação = 1.05479

Tempo de execução: 0s

---------------------------

Tamanho da população: 389
Fração elite: 0.5799
Fração mutante: 0.0086
Probabilidade herdar alelo elite: 0.7325
Número de populações independentes: 1
Número de threads: 1
Trocar os melhores indivíduos a cada 30 gerações
Número máximo de gerações: 338
Número máximo de iterações sem melhora: 70
Largura da faixa = 23
Melhor altura = 76

Lower Bound 1 = 65
Lower Bound 2 = 73
Avaliação = 1.0411

Tempo de execução: 1s

---------------------------

Tamanho da população: 389
Fração elite: 0.5799
Fração mutante: 0.0086
Probabilidade herdar alelo elite: 0.7325
Número de populações independentes: 1
Número de threads: 1
Trocar os melhores indivíduos a cada 30 gerações
Número máximo de gerações: 338
Número máximo de iterações sem melhora: 70
Largura da faixa = 23
Melhor altura = 76

Lower Bound 1 = 65
Lower Bound 2 = 73
Avaliação = 1.0411

Tempo de execução: 1s

---------------------------

Tamanho da população: 389
Fração elite: 0.5799
Fração mutante: 0.0086
Probabilidade herdar alelo elite: 0.7325
Número de populações independentes: 1
Número de threads: 1
Trocar os melhores indivíduos a cada 30 gerações
Número máximo de gerações: 338
Número máximo de iterações sem melhora: 70
Largura da faixa = 23
Melhor altura = 76

Lower Bound 1 = 65
Lower Bound 2 = 73
Avaliação = 1.0411

Tempo de execução: 1s

---------------------------

Tamanho da população: 297
Fração elite: 0.55
Fração mutante: 0.0174
Probabilidade herdar alelo elite: 0.7678
Número de populações independentes: 1
Número de threads: 1
Trocar os melhores indivíduos a cada 30 gerações
Número máximo de gerações: 279

Largura da faixa = 23
Melhor altura = 76

Lower Bound 1 = 65
Lower Bound 2 = 73
Avaliação = 1.0411

Tempo de execução: 1.01059s

---------------------------

Tamanho da população: 297
Fração elite: 0.55
Fração mutante: 0.0174
Probabilidade herdar alelo elite: 0.7678
Número de populações independentes: 1
Número de threads: 1
Trocar os melhores indivíduos a cada 30 gerações
Número máximo de gerações: 279

Largura da faixa = 23
Melhor altura = 76

Lower Bound 1 = 65
Lower Bound 2 = 73
Avaliação = 1.0411

Tempo de execução: 1.17219s

---------------------------

Tamanho da população: 297
Fração elite: 0.55
Fração mutante: 0.0174
Probabilidade herdar alelo elite: 0.7678
Número de populações independentes: 1
Número de threads: 1
Trocar os melhores indivíduos a cada 30 gerações
Número máximo de gerações: 279

Largura da faixa = 23
Melhor altura = 77

Lower Bound 1 = 65
Lower Bound 2 = 73
Avaliação = 1.05479

Tempo de execução: 1.33993s

---------------------------

Tamanho da população: 297
Fração elite: 0.55
Fração mutante: 0.0174
Probabilidade herdar alelo elite: 0.7678
Número de populações independentes: 1
Número de threads: 1
Trocar os melhores indivíduos a cada 30 gerações
Número máximo de gerações: 279

Largura da faixa = 23
Melhor altura = 76

Lower Bound 1 = 65
Lower Bound 2 = 73
Avaliação = 1.0411

Tempo de execução: 0.944986s

---------------------------

Tamanho da população: 297
Fração elite: 0.55
Fração mutante: 0.0174
Probabilidade herdar alelo elite: 0.7678
Número de populações independentes: 1
Número de threads: 1
Trocar os melhores indivíduos a cada 30 gerações
Número máximo de gerações: 279

Largura da faixa = 23
Melhor altura = 76

Lower Bound 1 = 65
Lower Bound 2 = 73
Avaliação = 1.0411

Tempo de execução: 1.34346s

---------------------------

Tamanho da população: 297
Fração elite: 0.55
Fração mutante: 0.0174
Probabilidade herdar alelo elite: 0.7678
Número de populações independentes: 1
Número de threads: 1
Trocar os melhores indivíduos a cada 30 gerações
Número máximo de gerações: 279

Largura da faixa = 23
Melhor altura = 76

Lower Bound 1 = 65
Lower Bound 2 = 73
Avaliação = 1.0411

Tempo de execução: 1.46644s

---------------------------

Tamanho da população: 297
Fração elite: 0.55
Fração mutante: 0.0174
Probabilidade herdar alelo elite: 0.7678
Número de populações independentes: 1
Número de threads: 1
Trocar os melhores indivíduos a cada 30 gerações
Número máximo de gerações: 279

Largura da faixa = 23
Melhor altura = 77

Lower Bound 1 = 65
Lower Bound 2 = 73
Avaliação = 1.05479

Tempo de execução: 1.56591s

---------------------------

Tamanho da população: 297
Fração elite: 0.55
Fração mutante: 0.0174
Probabilidade herdar alelo elite: 0.7678
Número de populações independentes: 1
Número de threads: 1
Trocar os melhores indivíduos a cada 30 gerações
Número máximo de gerações: 279

Largura da faixa = 23
Melhor altura = 77

Lower Bound 1 = 65
Lower Bound 2 = 73
Avaliação = 1.05479

Tempo de execução: 1.57229s

---------------------------

Tamanho da população: 297
Fração elite: 0.55
Fração mutante: 0.0174
Probabilidade herdar alelo elite: 0.7678
Número de populações independentes: 1
Número de threads: 1
Trocar os melhores indivíduos a cada 30 gerações
Número máximo de gerações: 279

Largura da faixa = 23
Melhor altura = 76

Lower Bound 1 = 65
Lower Bound 2 = 73
Avaliação = 1.0411

Tempo de execução: 1.59358s

---------------------------

Tamanho da população: 297
Fração elite: 0.55
Fração mutante: 0.0174
Probabilidade herdar alelo elite: 0.7678
Número de populações independentes: 1
Número de threads: 1
Trocar os melhores indivíduos a cada 30 gerações
Número máximo de gerações: 279

Largura da faixa = 23
Melhor altura = 77

Lower Bound 1 = 65
Lower Bound 2 = 73
Avaliação = 1.05479

Tempo de execução: 0.913986s

---------------------------

Tamanho da população: 297
Fração elite: 0.55
Fração mutante: 0.0174
Probabilidade herdar alelo elite: 0.7678
Número de populações independentes: 1
Número de threads: 1
Trocar os melhores indivíduos a cada 30 gerações
Número máximo de gerações: 279

Largura da faixa = 23
Melhor altura = 77

Lower Bound 1 = 65
Lower Bound 2 = 73
Avaliação = 1.05479

Tempo de execução: 0.919128s

---------------------------

Tamanho da população: 297
Fração elite: 0.55
Fração mutante: 0.0174
Probabilidade herdar alelo elite: 0.7678
Número de populações independentes: 1
Número de threads: 1
Trocar os melhores indivíduos a cada 30 gerações
Número máximo de gerações: 279

Largura da faixa = 23
Melhor altura = 76

Lower Bound 1 = 65
Lower Bound 2 = 73
Avaliação = 1.0411

Tempo de execução: 1.31994s

---------------------------

Tamanho da população: 297
Fração elite: 0.55
Fração mutante: 0.0174
Probabilidade herdar alelo elite: 0.7678
Número de populações independentes: 1
Número de threads: 1
Trocar os melhores indivíduos a cada 30 gerações
Número máximo de gerações: 279

Largura da faixa = 23
Melhor altura = 77

Lower Bound 1 = 65
Lower Bound 2 = 73
Avaliação = 1.05479

Tempo de execução: 1.50086s

---------------------------

Tamanho da população: 297
Fração elite: 0.55
Fração mutante: 0.0174
Probabilidade herdar alelo elite: 0.7678
Número de populações independentes: 1
Número de threads: 1
Trocar os melhores indivíduos a cada 30 gerações
Número máximo de gerações: 279

Largura da faixa = 23
Melhor altura = 76

Lower Bound 1 = 65
Lower Bound 2 = 73
Avaliação = 1.0411

Tempo de execução: 1.5724s

---------------------------

Tamanho da população: 297
Fração elite: 0.55
Fração mutante: 0.0174
Probabilidade herdar alelo elite: 0.7678
Número de populações independentes: 1
Número de threads: 1
Trocar os melhores indivíduos a cada 30 gerações
Número máximo de gerações: 279

Largura da faixa = 23
Melhor altura = 76

Lower Bound 1 = 65
Lower Bound 2 = 73
Avaliação = 1.0411

Tempo de execução: 1.646s

---------------------------

Tamanho da população: 297
Fração elite: 0.55
Fração mutante: 0.0174
Probabilidade herdar alelo elite: 0.7678
Número de populações independentes: 1
Número de threads: 1
Trocar os melhores indivíduos a cada 30 gerações
Número máximo de gerações: 279

Largura da faixa = 23
Melhor altura = 76

Lower Bound 1 = 65
Lower Bound 2 = 73
Avaliação = 1.0411

Tempo de execução: 1.19043s

---------------------------

Tamanho da população: 297
Fração elite: 0.55
Fração mutante: 0.0174
Probabilidade herdar alelo elite: 0.7678
Número de populações independentes: 1
Número de threads: 1
Trocar os melhores indivíduos a cada 30 gerações
Número máximo de gerações: 279

Largura da faixa = 23
Melhor altura = 77

Lower Bound 1 = 65
Lower Bound 2 = 73
Avaliação = 1.05479

Tempo de execução: 1.40744s

---------------------------

Tamanho da população: 297
Fração elite: 0.55
Fração mutante: 0.0174
Probabilidade herdar alelo elite: 0.7678
Número de populações independentes: 1
Número de threads: 1
Trocar os melhores indivíduos a cada 30 gerações
Número máximo de gerações: 279

Largura da faixa = 23
Melhor altura = 76

Lower Bound 1 = 65
Lower Bound 2 = 73
Avaliação = 1.0411

Tempo de execução: 1.41744s

---------------------------

Tamanho da população: 297
Fração elite: 0.55
Fração mutante: 0.0174
Probabilidade herdar alelo elite: 0.7678
Número de populações independentes: 1
Número de threads: 1
Trocar os melhores indivíduos a cada 30 gerações
Número máximo de gerações: 279

Largura da faixa = 23
Melhor altura = 76

Lower Bound 1 = 65
Lower Bound 2 = 73
Avaliação = 1.0411

Tempo de execução: 0.923429s

---------------------------

Tamanho da população: 297
Fração elite: 0.55
Fração mutante: 0.0174
Probabilidade herdar alelo elite: 0.7678
Número de populações independentes: 1
Número de threads: 1
Trocar os melhores indivíduos a cada 30 gerações
Número máximo de gerações: 279

Largura da faixa = 23
Melhor altura = 76

Lower Bound 1 = 65
Lower Bound 2 = 73
Avaliação = 1.0411

Tempo de execução: 0.935734s

---------------------------

Tamanho da população: 392
Fração elite: 0.2567
Fração mutante: 0.0202
Probabilidade herdar alelo elite: 0.6001
Número de populações independentes: 1
Número de threads: 1
Número máximo de gerações: 364

Largura da faixa = 23
Melhor altura = 77

Lower Bound 1 = 65
Lower Bound 2 = 73
Avaliação = 1.05479

Tempo de execução: 1.6723s

---------------------------

Tamanho da população: 392
Fração elite: 0.2567
Fração mutante: 0.0202
Probabilidade herdar alelo elite: 0.6001
Número de populações independentes: 1
Número de threads: 1
Número máximo de gerações: 364

Largura da faixa = 23
Melhor altura = 76

Lower Bound 1 = 65
Lower Bound 2 = 73
Avaliação = 1.0411

Tempo de execução: 1.71347s

---------------------------

Tamanho da população: 392
Fração elite: 0.2567
Fração mutante: 0.0202
Probabilidade herdar alelo elite: 0.6001
Número de populações independentes: 1
Número de threads: 1
Número máximo de gerações: 364

Largura da faixa = 23
Melhor altura = 76

Lower Bound 1 = 65
Lower Bound 2 = 73
Avaliação = 1.0411

Tempo de execução: 1.74158s

---------------------------

Tamanho da população: 392
Fração elite: 0.2567
Fração mutante: 0.0202
Probabilidade herdar alelo elite: 0.6001
Número de populações independentes: 1
Número de threads: 1
Número máximo de gerações: 364

Largura da faixa = 23
Melhor altura = 76

Lower Bound 1 = 65
Lower Bound 2 = 73
Avaliação = 1.0411

Tempo de execução: 1.73297s

---------------------------

Tamanho da população: 392
Fração elite: 0.2567
Fração mutante: 0.0202
Probabilidade herdar alelo elite: 0.6001
Número de populações independentes: 1
Número de threads: 1
Número máximo de gerações: 364

Largura da faixa = 23
Melhor altura = 76

Lower Bound 1 = 65
Lower Bound 2 = 73
Avaliação = 1.0411

Tempo de execução: 1.73666s

---------------------------

Tamanho da população: 392
Fração elite: 0.2567
Fração mutante: 0.0202
Probabilidade herdar alelo elite: 0.6001
Número de populações independentes: 1
Número de threads: 1
Número máximo de gerações: 364

Largura da faixa = 23
Melhor altura = 76

Lower Bound 1 = 65
Lower Bound 2 = 73
Avaliação = 1.0411

Tempo de execução: 1.75533s

---------------------------

Tamanho da população: 392
Fração elite: 0.2567
Fração mutante: 0.0202
Probabilidade herdar alelo elite: 0.6001
Número de populações independentes: 1
Número de threads: 1
Número máximo de gerações: 364

Largura da faixa = 23
Melhor altura = 76

Lower Bound 1 = 65
Lower Bound 2 = 73
Avaliação = 1.0411

Tempo de execução: 1.76173s

---------------------------

Tamanho da população: 392
Fração elite: 0.2567
Fração mutante: 0.0202
Probabilidade herdar alelo elite: 0.6001
Número de populações independentes: 1
Número de threads: 1
Número máximo de gerações: 364

Largura da faixa = 23
Melhor altura = 76

Lower Bound 1 = 65
Lower Bound 2 = 73
Avaliação = 1.0411

Tempo de execução: 1.77596s

---------------------------

Tamanho da população: 392
Fração elite: 0.2567
Fração mutante: 0.0202
Probabilidade herdar alelo elite: 0.6001
Número de populações independentes: 1
Número de threads: 1
Número máximo de gerações: 364

Largura da faixa = 23
Melhor altura = 76

Lower Bound 1 = 65
Lower Bound 2 = 73
Avaliação = 1.0411

Tempo de execução: 1.77763s

---------------------------

Tamanho da população: 392
Fração elite: 0.2567
Fração mutante: 0.0202
Probabilidade herdar alelo elite: 0.6001
Número de populações independentes: 1
Número de threads: 1
Número máximo de gerações: 364

Largura da faixa = 23
Melhor altura = 76

Lower Bound 1 = 65
Lower Bound 2 = 73
Avaliação = 1.0411

Tempo de execução: 1.73809s

---------------------------

Tamanho da população: 392
Fração elite: 0.2567
Fração mutante: 0.0202
Probabilidade herdar alelo elite: 0.6001
Número de populações independentes: 1
Número de threads: 1
Número máximo de gerações: 364

Largura da faixa = 23
Melhor altura = 76

Lower Bound 1 = 65
Lower Bound 2 = 73
Avaliação = 1.0411

Tempo de execução: 1.76046s

---------------------------

Tamanho da população: 392
Fração elite: 0.2567
Fração mutante: 0.0202
Probabilidade herdar alelo elite: 0.6001
Número de populações independentes: 1
Número de threads: 1
Número máximo de gerações: 364

Largura da faixa = 23
Melhor altura = 76

Lower Bound 1 = 65
Lower Bound 2 = 73
Avaliação = 1.0411

Tempo de execução: 1.76467s

---------------------------

Tamanho da população: 392
Fração elite: 0.2567
Fração mutante: 0.0202
Probabilidade herdar alelo elite: 0.6001
Número de populações independentes: 1
Número de threads: 1
Número máximo de gerações: 364

Largura da faixa = 23
Melhor altura = 76

Lower Bound 1 = 65
Lower Bound 2 = 73
Avaliação = 1.0411

Tempo de execução: 1.72879s

---------------------------

Tamanho da população: 392
Fração elite: 0.2567
Fração mutante: 0.0202
Probabilidade herdar alelo elite: 0.6001
Número de populações independentes: 1
Número de threads: 1
Número máximo de gerações: 364

Largura da faixa = 23
Melhor altura = 76

Lower Bound 1 = 65
Lower Bound 2 = 73
Avaliação = 1.0411

Tempo de execução: 1.74118s

---------------------------

Tamanho da população: 392
Fração elite: 0.2567
Fração mutante: 0.0202
Probabilidade herdar alelo elite: 0.6001
Número de populações independentes: 1
Número de threads: 1
Número máximo de gerações: 364

Largura da faixa = 23
Melhor altura = 76

Lower Bound 1 = 65
Lower Bound 2 = 73
Avaliação = 1.0411

Tempo de execução: 1.76979s

---------------------------

Tamanho da população: 392
Fração elite: 0.2567
Fração mutante: 0.0202
Probabilidade herdar alelo elite: 0.6001
Número de populações independentes: 1
Número de threads: 1
Número máximo de gerações: 364

Largura da faixa = 23
Melhor altura = 77

Lower Bound 1 = 65
Lower Bound 2 = 73
Avaliação = 1.05479

Tempo de execução: 1.60389s

---------------------------

Tamanho da população: 392
Fração elite: 0.2567
Fração mutante: 0.0202
Probabilidade herdar alelo elite: 0.6001
Número de populações independentes: 1
Número de threads: 1
Número máximo de gerações: 364

Largura da faixa = 23
Melhor altura = 76

Lower Bound 1 = 65
Lower Bound 2 = 73
Avaliação = 1.0411

Tempo de execução: 1.77428s

---------------------------

Tamanho da população: 392
Fração elite: 0.2567
Fração mutante: 0.0202
Probabilidade herdar alelo elite: 0.6001
Número de populações independentes: 1
Número de threads: 1
Número máximo de gerações: 364

Largura da faixa = 23
Melhor altura = 76

Lower Bound 1 = 65
Lower Bound 2 = 73
Avaliação = 1.0411

Tempo de execução: 1.85911s

---------------------------

Tamanho da população: 392
Fração elite: 0.2567
Fração mutante: 0.0202
Probabilidade herdar alelo elite: 0.6001
Número de populações independentes: 1
Número de threads: 1
Número máximo de gerações: 364

Largura da faixa = 23
Melhor altura = 76

Lower Bound 1 = 65
Lower Bound 2 = 73
Avaliação = 1.0411

Tempo de execução: 1.71108s

---------------------------

Tamanho da população: 392
Fração elite: 0.2567
Fração mutante: 0.0202
Probabilidade herdar alelo elite: 0.6001
Número de populações independentes: 1
Número de threads: 1
Número máximo de gerações: 364

Largura da faixa = 23
Melhor altura = 76

Lower Bound 1 = 65
Lower Bound 2 = 73
Avaliação = 1.0411

Tempo de execução: 1.73433s

---------------------------

