Tamanho da população: 475
Fração elite: 0.2121
Fração mutante: 0.0442
Probabilidade herdar alelo elite: 0.6514
Número de populações independentes: 3
Troca de informação de 4 individuos a cada 241 gerações
Número de threads: 1

Largura da faixa = 72
Melhor altura = 103

Lower Bound 1 = 88
Lower Bound 2 = 72
Avaliação = 1.17045

Tempo de execução: 60.0108s

---------------------------

Tamanho da população: 475
Fração elite: 0.2121
Fração mutante: 0.0442
Probabilidade herdar alelo elite: 0.6514
Número de populações independentes: 3
Troca de informação de 4 individuos a cada 241 gerações
Número de threads: 1

Largura da faixa = 72
Melhor altura = 101

Lower Bound 1 = 88
Lower Bound 2 = 72
Avaliação = 1.14773

Tempo de execução: 60.0168s

---------------------------

Tamanho da população: 475
Fração elite: 0.2121
Fração mutante: 0.0442
Probabilidade herdar alelo elite: 0.6514
Número de populações independentes: 3
Troca de informação de 4 individuos a cada 241 gerações
Número de threads: 1

Largura da faixa = 72
Melhor altura = 101

Lower Bound 1 = 88
Lower Bound 2 = 72
Avaliação = 1.14773

Tempo de execução: 60.0369s

---------------------------

Tamanho da população: 475
Fração elite: 0.2121
Fração mutante: 0.0442
Probabilidade herdar alelo elite: 0.6514
Número de populações independentes: 3
Troca de informação de 4 individuos a cada 241 gerações
Número de threads: 1

Largura da faixa = 72
Melhor altura = 102

Lower Bound 1 = 88
Lower Bound 2 = 72
Avaliação = 1.15909

Tempo de execução: 60.0107s

---------------------------

Tamanho da população: 475
Fração elite: 0.2121
Fração mutante: 0.0442
Probabilidade herdar alelo elite: 0.6514
Número de populações independentes: 3
Troca de informação de 4 individuos a cada 241 gerações
Número de threads: 1

Largura da faixa = 72
Melhor altura = 102

Lower Bound 1 = 88
Lower Bound 2 = 72
Avaliação = 1.15909

Tempo de execução: 60.023s

---------------------------

Tamanho da população: 475
Fração elite: 0.2121
Fração mutante: 0.0442
Probabilidade herdar alelo elite: 0.6514
Número de populações independentes: 3
Troca de informação de 4 individuos a cada 241 gerações
Número de threads: 1

Largura da faixa = 72
Melhor altura = 103

Lower Bound 1 = 88
Lower Bound 2 = 72
Avaliação = 1.17045

Tempo de execução: 60.0382s

---------------------------

Tamanho da população: 475
Fração elite: 0.2121
Fração mutante: 0.0442
Probabilidade herdar alelo elite: 0.6514
Número de populações independentes: 3
Troca de informação de 4 individuos a cada 241 gerações
Número de threads: 1

Largura da faixa = 72
Melhor altura = 103

Lower Bound 1 = 88
Lower Bound 2 = 72
Avaliação = 1.17045

Tempo de execução: 60.0007s

---------------------------

Tamanho da população: 475
Fração elite: 0.2121
Fração mutante: 0.0442
Probabilidade herdar alelo elite: 0.6514
Número de populações independentes: 3
Troca de informação de 4 individuos a cada 241 gerações
Número de threads: 1

Largura da faixa = 72
Melhor altura = 101

Lower Bound 1 = 88
Lower Bound 2 = 72
Avaliação = 1.14773

Tempo de execução: 60.031s

---------------------------

Tamanho da população: 475
Fração elite: 0.2121
Fração mutante: 0.0442
Probabilidade herdar alelo elite: 0.6514
Número de populações independentes: 3
Troca de informação de 4 individuos a cada 241 gerações
Número de threads: 1

Largura da faixa = 72
Melhor altura = 101

Lower Bound 1 = 88
Lower Bound 2 = 72
Avaliação = 1.14773

Tempo de execução: 60.0528s

---------------------------

Tamanho da população: 475
Fração elite: 0.2121
Fração mutante: 0.0442
Probabilidade herdar alelo elite: 0.6514
Número de populações independentes: 3
Troca de informação de 4 individuos a cada 241 gerações
Número de threads: 1

Largura da faixa = 72
Melhor altura = 101

Lower Bound 1 = 88
Lower Bound 2 = 72
Avaliação = 1.14773

Tempo de execução: 60.0193s

---------------------------

Tamanho da população: 475
Fração elite: 0.2121
Fração mutante: 0.0442
Probabilidade herdar alelo elite: 0.6514
Número de populações independentes: 3
Troca de informação de 4 individuos a cada 241 gerações
Número de threads: 1

Largura da faixa = 72
Melhor altura = 98

Lower Bound 1 = 88
Lower Bound 2 = 72
Avaliação = 1.11364

Tempo de execução: 60.0251s

---------------------------

Tamanho da população: 475
Fração elite: 0.2121
Fração mutante: 0.0442
Probabilidade herdar alelo elite: 0.6514
Número de populações independentes: 3
Troca de informação de 4 individuos a cada 241 gerações
Número de threads: 1

Largura da faixa = 72
Melhor altura = 101

Lower Bound 1 = 88
Lower Bound 2 = 72
Avaliação = 1.14773

Tempo de execução: 60.0351s

---------------------------

Tamanho da população: 475
Fração elite: 0.2121
Fração mutante: 0.0442
Probabilidade herdar alelo elite: 0.6514
Número de populações independentes: 3
Troca de informação de 4 individuos a cada 241 gerações
Número de threads: 1

Largura da faixa = 72
Melhor altura = 103

Lower Bound 1 = 88
Lower Bound 2 = 72
Avaliação = 1.17045

Tempo de execução: 60.0249s

---------------------------

Tamanho da população: 475
Fração elite: 0.2121
Fração mutante: 0.0442
Probabilidade herdar alelo elite: 0.6514
Número de populações independentes: 3
Troca de informação de 4 individuos a cada 241 gerações
Número de threads: 1

Largura da faixa = 72
Melhor altura = 103

Lower Bound 1 = 88
Lower Bound 2 = 72
Avaliação = 1.17045

Tempo de execução: 60.0389s

---------------------------

Tamanho da população: 475
Fração elite: 0.2121
Fração mutante: 0.0442
Probabilidade herdar alelo elite: 0.6514
Número de populações independentes: 3
Troca de informação de 4 individuos a cada 241 gerações
Número de threads: 1

Largura da faixa = 72
Melhor altura = 104

Lower Bound 1 = 88
Lower Bound 2 = 72
Avaliação = 1.18182

Tempo de execução: 60.0568s

---------------------------

Tamanho da população: 475
Fração elite: 0.2121
Fração mutante: 0.0442
Probabilidade herdar alelo elite: 0.6514
Número de populações independentes: 3
Troca de informação de 4 individuos a cada 241 gerações
Número de threads: 1

Largura da faixa = 72
Melhor altura = 103

Lower Bound 1 = 88
Lower Bound 2 = 72
Avaliação = 1.17045

Tempo de execução: 60.0004s

---------------------------

Tamanho da população: 475
Fração elite: 0.2121
Fração mutante: 0.0442
Probabilidade herdar alelo elite: 0.6514
Número de populações independentes: 3
Troca de informação de 4 individuos a cada 241 gerações
Número de threads: 1

Largura da faixa = 72
Melhor altura = 101

Lower Bound 1 = 88
Lower Bound 2 = 72
Avaliação = 1.14773

Tempo de execução: 60.0304s

---------------------------

Tamanho da população: 475
Fração elite: 0.2121
Fração mutante: 0.0442
Probabilidade herdar alelo elite: 0.6514
Número de populações independentes: 3
Troca de informação de 4 individuos a cada 241 gerações
Número de threads: 1

Largura da faixa = 72
Melhor altura = 103

Lower Bound 1 = 88
Lower Bound 2 = 72
Avaliação = 1.17045

Tempo de execução: 60.0432s

---------------------------

Tamanho da população: 475
Fração elite: 0.2121
Fração mutante: 0.0442
Probabilidade herdar alelo elite: 0.6514
Número de populações independentes: 3
Troca de informação de 4 individuos a cada 241 gerações
Número de threads: 1

Largura da faixa = 72
Melhor altura = 101

Lower Bound 1 = 88
Lower Bound 2 = 72
Avaliação = 1.14773

Tempo de execução: 60.0147s

---------------------------

Tamanho da população: 475
Fração elite: 0.2121
Fração mutante: 0.0442
Probabilidade herdar alelo elite: 0.6514
Número de populações independentes: 3
Troca de informação de 4 individuos a cada 241 gerações
Número de threads: 1

Largura da faixa = 72
Melhor altura = 103

Lower Bound 1 = 88
Lower Bound 2 = 72
Avaliação = 1.17045

Tempo de execução: 60.0226s
