Tamanho da população: 475
Fração elite: 0.2121
Fração mutante: 0.0442
Probabilidade herdar alelo elite: 0.6514
Número de populações independentes: 3
Troca de informação de 4 individuos a cada 241 gerações
Número de threads: 1

Largura da faixa = 74
Melhor altura = 153

Lower Bound 1 = 135
Lower Bound 2 = 104
Avaliação = 1.13333

Tempo de execução: 60.0094s

---------------------------

Tamanho da população: 475
Fração elite: 0.2121
Fração mutante: 0.0442
Probabilidade herdar alelo elite: 0.6514
Número de populações independentes: 3
Troca de informação de 4 individuos a cada 241 gerações
Número de threads: 1

Largura da faixa = 74
Melhor altura = 151

Lower Bound 1 = 135
Lower Bound 2 = 104
Avaliação = 1.11852

Tempo de execução: 60.0181s

---------------------------

Tamanho da população: 475
Fração elite: 0.2121
Fração mutante: 0.0442
Probabilidade herdar alelo elite: 0.6514
Número de populações independentes: 3
Troca de informação de 4 individuos a cada 241 gerações
Número de threads: 1

Largura da faixa = 74
Melhor altura = 151

Lower Bound 1 = 135
Lower Bound 2 = 104
Avaliação = 1.11852

Tempo de execução: 60.0368s

---------------------------

Tamanho da população: 475
Fração elite: 0.2121
Fração mutante: 0.0442
Probabilidade herdar alelo elite: 0.6514
Número de populações independentes: 3
Troca de informação de 4 individuos a cada 241 gerações
Número de threads: 1

Largura da faixa = 74
Melhor altura = 151

Lower Bound 1 = 135
Lower Bound 2 = 104
Avaliação = 1.11852

Tempo de execução: 60.0325s

---------------------------

Tamanho da população: 475
Fração elite: 0.2121
Fração mutante: 0.0442
Probabilidade herdar alelo elite: 0.6514
Número de populações independentes: 3
Troca de informação de 4 individuos a cada 241 gerações
Número de threads: 1

Largura da faixa = 74
Melhor altura = 153

Lower Bound 1 = 135
Lower Bound 2 = 104
Avaliação = 1.13333

Tempo de execução: 60.0327s

---------------------------

Tamanho da população: 475
Fração elite: 0.2121
Fração mutante: 0.0442
Probabilidade herdar alelo elite: 0.6514
Número de populações independentes: 3
Troca de informação de 4 individuos a cada 241 gerações
Número de threads: 1

Largura da faixa = 74
Melhor altura = 150

Lower Bound 1 = 135
Lower Bound 2 = 104
Avaliação = 1.11111

Tempo de execução: 60.0418s

---------------------------

Tamanho da população: 475
Fração elite: 0.2121
Fração mutante: 0.0442
Probabilidade herdar alelo elite: 0.6514
Número de populações independentes: 3
Troca de informação de 4 individuos a cada 241 gerações
Número de threads: 1

Largura da faixa = 74
Melhor altura = 152

Lower Bound 1 = 135
Lower Bound 2 = 104
Avaliação = 1.12593

Tempo de execução: 60.0031s

---------------------------

Tamanho da população: 475
Fração elite: 0.2121
Fração mutante: 0.0442
Probabilidade herdar alelo elite: 0.6514
Número de populações independentes: 3
Troca de informação de 4 individuos a cada 241 gerações
Número de threads: 1

Largura da faixa = 74
Melhor altura = 151

Lower Bound 1 = 135
Lower Bound 2 = 104
Avaliação = 1.11852

Tempo de execução: 60.0247s

---------------------------

Tamanho da população: 475
Fração elite: 0.2121
Fração mutante: 0.0442
Probabilidade herdar alelo elite: 0.6514
Número de populações independentes: 3
Troca de informação de 4 individuos a cada 241 gerações
Número de threads: 1

Largura da faixa = 74
Melhor altura = 152

Lower Bound 1 = 135
Lower Bound 2 = 104
Avaliação = 1.12593

Tempo de execução: 60.05s

---------------------------

Tamanho da população: 475
Fração elite: 0.2121
Fração mutante: 0.0442
Probabilidade herdar alelo elite: 0.6514
Número de populações independentes: 3
Troca de informação de 4 individuos a cada 241 gerações
Número de threads: 1

Largura da faixa = 74
Melhor altura = 152

Lower Bound 1 = 135
Lower Bound 2 = 104
Avaliação = 1.12593

Tempo de execução: 60.0118s

---------------------------

Tamanho da população: 475
Fração elite: 0.2121
Fração mutante: 0.0442
Probabilidade herdar alelo elite: 0.6514
Número de populações independentes: 3
Troca de informação de 4 individuos a cada 241 gerações
Número de threads: 1

Largura da faixa = 74
Melhor altura = 154

Lower Bound 1 = 135
Lower Bound 2 = 104
Avaliação = 1.14074

Tempo de execução: 60.0311s

---------------------------

Tamanho da população: 475
Fração elite: 0.2121
Fração mutante: 0.0442
Probabilidade herdar alelo elite: 0.6514
Número de populações independentes: 3
Troca de informação de 4 individuos a cada 241 gerações
Número de threads: 1

Largura da faixa = 74
Melhor altura = 152

Lower Bound 1 = 135
Lower Bound 2 = 104
Avaliação = 1.12593

Tempo de execução: 60.0342s

---------------------------

Tamanho da população: 475
Fração elite: 0.2121
Fração mutante: 0.0442
Probabilidade herdar alelo elite: 0.6514
Número de populações independentes: 3
Troca de informação de 4 individuos a cada 241 gerações
Número de threads: 1

Largura da faixa = 74
Melhor altura = 151

Lower Bound 1 = 135
Lower Bound 2 = 104
Avaliação = 1.11852

Tempo de execução: 60.0016s

---------------------------

Tamanho da população: 475
Fração elite: 0.2121
Fração mutante: 0.0442
Probabilidade herdar alelo elite: 0.6514
Número de populações independentes: 3
Troca de informação de 4 individuos a cada 241 gerações
Número de threads: 1

Largura da faixa = 74
Melhor altura = 150

Lower Bound 1 = 135
Lower Bound 2 = 104
Avaliação = 1.11111

Tempo de execução: 60.0138s

---------------------------

Tamanho da população: 475
Fração elite: 0.2121
Fração mutante: 0.0442
Probabilidade herdar alelo elite: 0.6514
Número de populações independentes: 3
Troca de informação de 4 individuos a cada 241 gerações
Número de threads: 1

Largura da faixa = 74
Melhor altura = 153

Lower Bound 1 = 135
Lower Bound 2 = 104
Avaliação = 1.13333

Tempo de execução: 60.0464s

---------------------------

Tamanho da população: 475
Fração elite: 0.2121
Fração mutante: 0.0442
Probabilidade herdar alelo elite: 0.6514
Número de populações independentes: 3
Troca de informação de 4 individuos a cada 241 gerações
Número de threads: 1

Largura da faixa = 74
Melhor altura = 154

Lower Bound 1 = 135
Lower Bound 2 = 104
Avaliação = 1.14074

Tempo de execução: 60.0128s

---------------------------

Tamanho da população: 475
Fração elite: 0.2121
Fração mutante: 0.0442
Probabilidade herdar alelo elite: 0.6514
Número de populações independentes: 3
Troca de informação de 4 individuos a cada 241 gerações
Número de threads: 1

Largura da faixa = 74
Melhor altura = 152

Lower Bound 1 = 135
Lower Bound 2 = 104
Avaliação = 1.12593

Tempo de execução: 60.015s

---------------------------

Tamanho da população: 475
Fração elite: 0.2121
Fração mutante: 0.0442
Probabilidade herdar alelo elite: 0.6514
Número de populações independentes: 3
Troca de informação de 4 individuos a cada 241 gerações
Número de threads: 1

Largura da faixa = 74
Melhor altura = 153

Lower Bound 1 = 135
Lower Bound 2 = 104
Avaliação = 1.13333

Tempo de execução: 60.042s

---------------------------

Tamanho da população: 475
Fração elite: 0.2121
Fração mutante: 0.0442
Probabilidade herdar alelo elite: 0.6514
Número de populações independentes: 3
Troca de informação de 4 individuos a cada 241 gerações
Número de threads: 1

Largura da faixa = 74
Melhor altura = 152

Lower Bound 1 = 135
Lower Bound 2 = 104
Avaliação = 1.12593

Tempo de execução: 60.0216s

---------------------------

Tamanho da população: 475
Fração elite: 0.2121
Fração mutante: 0.0442
Probabilidade herdar alelo elite: 0.6514
Número de populações independentes: 3
Troca de informação de 4 individuos a cada 241 gerações
Número de threads: 1

Largura da faixa = 74
Melhor altura = 152

Lower Bound 1 = 135
Lower Bound 2 = 104
Avaliação = 1.12593

Tempo de execução: 60.0377s
