Número de cromossomos: 60
Tamanho da população: 500
Fração elite: 0.2
Fração mutante: 0.1
Probabilidade herdar alelo elite: 0.7
Número de populações independentes: 3
Número de threads: 1
Melhor até agora: 467 Geração: 0
Largura da faixa = 50
Melhor altura = 467

Lower Bound 1 = 100
Lower Bound 2 = 98
Avaliação = 4.67
Tempo de execução: 8905ms

---------------------------

Número de cromossomos: 60
Tamanho da população: 1000
Fração elite: 0.2
Fração mutante: 0.1
Probabilidade herdar alelo elite: 0.7
Número de populações independentes: 5
Número de threads: 2
Melhor até agora: 467 Geração: 0
Largura da faixa = 50
Melhor altura = 467

Lower Bound 1 = 100
Lower Bound 2 = 98
Avaliação = 4.67
Tempo de execução: 17364ms

---------------------------

Número de cromossomos: 60
Tamanho da população: 1000
Fração elite: 0.3
Fração mutante: 0.4
Probabilidade herdar alelo elite: 0.8
Número de populações independentes: 3
Número de threads: 2
Melhor até agora: 467 Geração: 0
Largura da faixa = 50
Melhor altura = 467

Lower Bound 1 = 100
Lower Bound 2 = 98
Avaliação = 4.67
Tempo de execução: 10017ms

---------------------------

Número de cromossomos: 60
Tamanho da população: 1500
Fração elite: 0.3
Fração mutante: 0.7
Probabilidade herdar alelo elite: 0.7
Número de populações independentes: 6
Número de threads: 14
Trocar os melhores indivíduos a cada 1000 gerações
Número máximo de gerações: 100

Melhor até agora: 177 Geração: 0
Largura da faixa = 50
Melhor altura = 177

Lower Bound 1 = 100
Lower Bound 2 = 98
Avaliação = 1.77

Tempo de execução: 25196ms

---------------------------

Número de cromossomos: 60
Tamanho da população: 50
Fração elite: 0.3
Fração mutante: 0.7
Probabilidade herdar alelo elite: 0.6
Número de populações independentes: 4
Número de threads: 1
Trocar os melhores indivíduos a cada 600 gerações
Número máximo de gerações: 100

Número de swaps entre camadas = 5
Largura da faixa = 50
Melhor altura = 137

Lower Bound 1 = 100
Lower Bound 2 = 98
Avaliação = 1.37

Tempo de execução: 11s

---------------------------

Número de cromossomos: 60
Tamanho da população: 60
Fração elite: 0.3
Fração mutante: 0.7
Probabilidade herdar alelo elite: 0.6
Número de populações independentes: 2
Número de threads: 1
Trocar os melhores indivíduos a cada 100 gerações
Número máximo de gerações: 100

Número de swaps entre camadas = 5
Largura da faixa = 50
Melhor altura = 137

Lower Bound 1 = 100
Lower Bound 2 = 98
Avaliação = 1.37

Tempo de execução: 9s

---------------------------

Número de cromossomos: 60
Tamanho da população: 60
Fração elite: 0.3
Fração mutante: 0.7
Probabilidade herdar alelo elite: 0.6
Número de populações independentes: 2
Número de threads: 14
Trocar os melhores indivíduos a cada 100 gerações
Número máximo de gerações: 100

Número de cromossomos: 60
Tamanho da população: 60
Fração elite: 0.3
Fração mutante: 0.7
Probabilidade herdar alelo elite: 0.6
Número de populações independentes: 2
Número de threads: 14
Trocar os melhores indivíduos a cada 100 gerações
Número máximo de gerações: 100

Tamanho da população: 200
Fração elite: 0.2
Fração mutante: 0.2
Probabilidade herdar alelo elite: 0.5
Número de populações independentes: 3
Número de threads: 14
Trocar os melhores indivíduos a cada 40 gerações
Número máximo de gerações: 60
Número máximo de iterações sem melhora: 50
Melhor até agora: 138 Geração: 6
Iteração: 0
Melhor até agora: 137 Geração: 13
Iteração: 0
Melhor até agora: 132 Geração: 22
Iteração: 3
Melhor até agora: 131 Geração: 33
Iteração: 3
Número de swaps entre camadas = 5
Largura da faixa = 50
Melhor altura = 131

Lower Bound 1 = 100
Lower Bound 2 = 98
Avaliação = 1.31

Tempo de execução: 7s

---------------------------

Número de cromossomos: 60
Tamanho da população: 60
Fração elite: 0.3
Fração mutante: 0.7
Probabilidade herdar alelo elite: 0.6
Número de populações independentes: 2
Número de threads: 14
Trocar os melhores indivíduos a cada 100 gerações
Número máximo de gerações: 100

Número de cromossomos: 60
Tamanho da população: 60
Fração elite: 0.3
Fração mutante: 0.7
Probabilidade herdar alelo elite: 0.6
Número de populações independentes: 2
Número de threads: 14
Trocar os melhores indivíduos a cada 100 gerações
Número máximo de gerações: 100

Tamanho da população: 250
Fração elite: 0.15
Fração mutante: 0.2
Probabilidade herdar alelo elite: 0.55
Número de populações independentes: 3
Número de threads: 14
Trocar os melhores indivíduos a cada 40 gerações
Número máximo de gerações: 130
Número máximo de iterações sem melhora: 30
Melhor até agora: 138 Geração: 2
Iteração: 0
Melhor até agora: 137 Geração: 15
Iteração: 0
Número de swaps entre camadas = 10
Largura da faixa = 50
Melhor altura = 137

Lower Bound 1 = 100
Lower Bound 2 = 98
Avaliação = 1.37

Tempo de execução: 6s

---------------------------

Número de cromossomos: 60
Tamanho da população: 60
Fração elite: 0.3
Fração mutante: 0.7
Probabilidade herdar alelo elite: 0.6
Número de populações independentes: 2
Número de threads: 14
Trocar os melhores indivíduos a cada 100 gerações
Número máximo de gerações: 100

Número de cromossomos: 60
Tamanho da população: 60
Fração elite: 0.3
Fração mutante: 0.7
Probabilidade herdar alelo elite: 0.6
Número de populações independentes: 2
Número de threads: 14
Trocar os melhores indivíduos a cada 100 gerações
Número máximo de gerações: 100

Tamanho da população: 250
Fração elite: 0.15
Fração mutante: 0.2
Probabilidade herdar alelo elite: 0.55
Número de populações independentes: 3
Número de threads: 14
Trocar os melhores indivíduos a cada 40 gerações
Número máximo de gerações: 130
Número máximo de iterações sem melhora: 30
Melhor até agora: 138 Geração: 3
Iteração: 0
Melhor até agora: 137 Geração: 5
Iteração: 0
Melhor até agora: 134 Geração: 3
Iteração: 3
Número de swaps entre camadas = 10
Largura da faixa = 50
Melhor altura = 134

Lower Bound 1 = 100
Lower Bound 2 = 98
Avaliação = 1.34

Tempo de execução: 6s

---------------------------

Número de cromossomos: 60
Tamanho da população: 60
Fração elite: 0.3
Fração mutante: 0.7
Probabilidade herdar alelo elite: 0.6
Número de populações independentes: 2
Número de threads: 14
Trocar os melhores indivíduos a cada 100 gerações
Número máximo de gerações: 100

Número de cromossomos: 60
Tamanho da população: 60
Fração elite: 0.3
Fração mutante: 0.7
Probabilidade herdar alelo elite: 0.6
Número de populações independentes: 2
Número de threads: 14
Trocar os melhores indivíduos a cada 100 gerações
Número máximo de gerações: 100

Tamanho da população: 250
Fração elite: 0.15
Fração mutante: 0.2
Probabilidade herdar alelo elite: 0.55
Número de populações independentes: 3
Número de threads: 14
Trocar os melhores indivíduos a cada 40 gerações
Número máximo de gerações: 130
Número máximo de iterações sem melhora: 30
Melhor até agora: 138 Geração: 2
Iteração: 0
Melhor até agora: 137 Geração: 18
Iteração: 0
Melhor até agora: 133 Geração: 11
Iteração: 3
Melhor até agora: 131 Geração: 24
Iteração: 3
Melhor até agora: 130 Geração: 44
Iteração: 3
Número de swaps entre camadas = 10
Largura da faixa = 50
Melhor altura = 130

Lower Bound 1 = 100
Lower Bound 2 = 98
Avaliação = 1.3

Tempo de execução: 7s

---------------------------

Número de cromossomos: 60
Tamanho da população: 60
Fração elite: 0.3
Fração mutante: 0.7
Probabilidade herdar alelo elite: 0.6
Número de populações independentes: 2
Número de threads: 14
Trocar os melhores indivíduos a cada 100 gerações
Número máximo de gerações: 100

Número de cromossomos: 60
Tamanho da população: 60
Fração elite: 0.3
Fração mutante: 0.7
Probabilidade herdar alelo elite: 0.6
Número de populações independentes: 2
Número de threads: 14
Trocar os melhores indivíduos a cada 100 gerações
Número máximo de gerações: 100

Tamanho da população: 250
Fração elite: 0.15
Fração mutante: 0.2
Probabilidade herdar alelo elite: 0.55
Número de populações independentes: 3
Número de threads: 14
Trocar os melhores indivíduos a cada 40 gerações
Número máximo de gerações: 130
Número máximo de iterações sem melhora: 30
Melhor até agora: 138 Geração: 3
Iteração: 0
Melhor até agora: 137 Geração: 6
Iteração: 0
Número de swaps entre camadas = 10
Largura da faixa = 50
Melhor altura = 137

Lower Bound 1 = 100
Lower Bound 2 = 98
Avaliação = 1.37

Tempo de execução: 6s

---------------------------

Número de cromossomos: 60
Tamanho da população: 60
Fração elite: 0.3
Fração mutante: 0.7
Probabilidade herdar alelo elite: 0.6
Número de populações independentes: 2
Número de threads: 14
Trocar os melhores indivíduos a cada 100 gerações
Número máximo de gerações: 100

Número de cromossomos: 60
Tamanho da população: 60
Fração elite: 0.3
Fração mutante: 0.7
Probabilidade herdar alelo elite: 0.6
Número de populações independentes: 2
Número de threads: 14
Trocar os melhores indivíduos a cada 100 gerações
Número máximo de gerações: 100

Tamanho da população: 250
Fração elite: 0.15
Fração mutante: 0.2
Probabilidade herdar alelo elite: 0.55
Número de populações independentes: 3
Número de threads: 14
Trocar os melhores indivíduos a cada 40 gerações
Número máximo de gerações: 130
Número máximo de iterações sem melhora: 30
Melhor até agora: 138 Geração: 2
Iteração: 0
Melhor até agora: 137 Geração: 10
Iteração: 0
Número de swaps entre camadas = 10
Largura da faixa = 50
Melhor altura = 137

Lower Bound 1 = 100
Lower Bound 2 = 98
Avaliação = 1.37

Tempo de execução: 6s

---------------------------

Número de cromossomos: 60
Tamanho da população: 60
Fração elite: 0.3
Fração mutante: 0.7
Probabilidade herdar alelo elite: 0.6
Número de populações independentes: 2
Número de threads: 14
Trocar os melhores indivíduos a cada 100 gerações
Número máximo de gerações: 100

Melhor até agora: 236 Geração: 0
Iteração: 1
Número de cromossomos: 60
Tamanho da população: 60
Fração elite: 0.3
Fração mutante: 0.7
Probabilidade herdar alelo elite: 0.6
Número de populações independentes: 2
Número de threads: 14
Trocar os melhores indivíduos a cada 100 gerações
Número máximo de gerações: 100

Tamanho da população: 250
Fração elite: 0.15
Fração mutante: 0.2
Probabilidade herdar alelo elite: 0.55
Número de populações independentes: 3
Número de threads: 14
Trocar os melhores indivíduos a cada 40 gerações
Número máximo de gerações: 130
Número máximo de iterações sem melhora: 30
Melhor até agora: 137 Geração: 11
Iteração: 0
Número de swaps entre camadas = 10
Largura da faixa = 50
Melhor altura = 137

Lower Bound 1 = 100
Lower Bound 2 = 98
Avaliação = 1.37

Tempo de execução: 7s

---------------------------

Número de cromossomos: 60
Tamanho da população: 60
Fração elite: 0.3
Fração mutante: 0.7
Probabilidade herdar alelo elite: 0.6
Número de populações independentes: 2
Número de threads: 14
Trocar os melhores indivíduos a cada 100 gerações
Número máximo de gerações: 100

Número de cromossomos: 60
Tamanho da população: 60
Fração elite: 0.3
Fração mutante: 0.7
Probabilidade herdar alelo elite: 0.6
Número de populações independentes: 2
Número de threads: 14
Trocar os melhores indivíduos a cada 100 gerações
Número máximo de gerações: 100

Tamanho da população: 250
Fração elite: 0.15
Fração mutante: 0.2
Probabilidade herdar alelo elite: 0.55
Número de populações independentes: 3
Número de threads: 14
Trocar os melhores indivíduos a cada 40 gerações
Número máximo de gerações: 130
Número máximo de iterações sem melhora: 30
Melhor até agora: 138 Geração: 0
Iteração: 0
Melhor até agora: 137 Geração: 12
Iteração: 0
Número de swaps entre camadas = 10
Largura da faixa = 50
Melhor altura = 137

Lower Bound 1 = 100
Lower Bound 2 = 98
Avaliação = 1.37

Tempo de execução: 6s

---------------------------

Número de cromossomos: 60
Tamanho da população: 60
Fração elite: 0.3
Fração mutante: 0.7
Probabilidade herdar alelo elite: 0.6
Número de populações independentes: 2
Número de threads: 14
Trocar os melhores indivíduos a cada 100 gerações
Número máximo de gerações: 100

Número de cromossomos: 60
Tamanho da população: 60
Fração elite: 0.3
Fração mutante: 0.7
Probabilidade herdar alelo elite: 0.6
Número de populações independentes: 2
Número de threads: 14
Trocar os melhores indivíduos a cada 100 gerações
Número máximo de gerações: 100

Tamanho da população: 250
Fração elite: 0.15
Fração mutante: 0.2
Probabilidade herdar alelo elite: 0.55
Número de populações independentes: 3
Número de threads: 14
Trocar os melhores indivíduos a cada 40 gerações
Número máximo de gerações: 130
Número máximo de iterações sem melhora: 30
Melhor até agora: 138 Geração: 5
Iteração: 0
Melhor até agora: 137 Geração: 16
Iteração: 0
Número de swaps entre camadas = 10
Largura da faixa = 50
Melhor altura = 137

Lower Bound 1 = 100
Lower Bound 2 = 98
Avaliação = 1.37

Tempo de execução: 6s

---------------------------

Número de cromossomos: 60
Tamanho da população: 60
Fração elite: 0.3
Fração mutante: 0.7
Probabilidade herdar alelo elite: 0.6
Número de populações independentes: 2
Número de threads: 14
Trocar os melhores indivíduos a cada 100 gerações
Número máximo de gerações: 100

Número de cromossomos: 60
Tamanho da população: 60
Fração elite: 0.3
Fração mutante: 0.7
Probabilidade herdar alelo elite: 0.6
Número de populações independentes: 2
Número de threads: 14
Trocar os melhores indivíduos a cada 100 gerações
Número máximo de gerações: 100

Tamanho da população: 250
Fração elite: 0.15
Fração mutante: 0.2
Probabilidade herdar alelo elite: 0.55
Número de populações independentes: 3
Número de threads: 14
Trocar os melhores indivíduos a cada 40 gerações
Número máximo de gerações: 130
Número máximo de iterações sem melhora: 30
Melhor até agora: 138 Geração: 2
Iteração: 0
Melhor até agora: 137 Geração: 17
Iteração: 0
Melhor até agora: 134 Geração: 11
Iteração: 3
Melhor até agora: 133 Geração: 16
Iteração: 3
Número de swaps entre camadas = 10
Largura da faixa = 50
Melhor altura = 133

Lower Bound 1 = 100
Lower Bound 2 = 98
Avaliação = 1.33

Tempo de execução: 7s

---------------------------

Número de cromossomos: 60
Tamanho da população: 60
Fração elite: 0.3
Fração mutante: 0.7
Probabilidade herdar alelo elite: 0.6
Número de populações independentes: 2
Número de threads: 14
Trocar os melhores indivíduos a cada 100 gerações
Número máximo de gerações: 100

Número de cromossomos: 60
Tamanho da população: 60
Fração elite: 0.3
Fração mutante: 0.7
Probabilidade herdar alelo elite: 0.6
Número de populações independentes: 2
Número de threads: 14
Trocar os melhores indivíduos a cada 100 gerações
Número máximo de gerações: 100

Tamanho da população: 250
Fração elite: 0.15
Fração mutante: 0.2
Probabilidade herdar alelo elite: 0.55
Número de populações independentes: 3
Número de threads: 14
Trocar os melhores indivíduos a cada 40 gerações
Número máximo de gerações: 130
Número máximo de iterações sem melhora: 30
Melhor até agora: 138 Geração: 5
Iteração: 0
Melhor até agora: 137 Geração: 7
Iteração: 0
Número de swaps entre camadas = 10
Largura da faixa = 50
Melhor altura = 137

Lower Bound 1 = 100
Lower Bound 2 = 98
Avaliação = 1.37

Tempo de execução: 6s

---------------------------

Número de cromossomos: 60
Tamanho da população: 60
Fração elite: 0.3
Fração mutante: 0.7
Probabilidade herdar alelo elite: 0.6
Número de populações independentes: 2
Número de threads: 14
Trocar os melhores indivíduos a cada 100 gerações
Número máximo de gerações: 100

Número de cromossomos: 60
Tamanho da população: 60
Fração elite: 0.3
Fração mutante: 0.7
Probabilidade herdar alelo elite: 0.6
Número de populações independentes: 2
Número de threads: 14
Trocar os melhores indivíduos a cada 100 gerações
Número máximo de gerações: 100

Tamanho da população: 250
Fração elite: 0.15
Fração mutante: 0.2
Probabilidade herdar alelo elite: 0.55
Número de populações independentes: 3
Número de threads: 14
Trocar os melhores indivíduos a cada 40 gerações
Número máximo de gerações: 130
Número máximo de iterações sem melhora: 30
Melhor até agora: 138 Geração: 3
Iteração: 0
Melhor até agora: 137 Geração: 5
Iteração: 0
Melhor até agora: 131 Geração: 1
Iteração: 3
Número de swaps entre camadas = 10
Largura da faixa = 50
Melhor altura = 131

Lower Bound 1 = 100
Lower Bound 2 = 98
Avaliação = 1.31

Tempo de execução: 6s

---------------------------

Número de cromossomos: 60
Tamanho da população: 60
Fração elite: 0.3
Fração mutante: 0.7
Probabilidade herdar alelo elite: 0.6
Número de populações independentes: 2
Número de threads: 14
Trocar os melhores indivíduos a cada 100 gerações
Número máximo de gerações: 100

Número de cromossomos: 60
Tamanho da população: 60
Fração elite: 0.3
Fração mutante: 0.7
Probabilidade herdar alelo elite: 0.6
Número de populações independentes: 2
Número de threads: 14
Trocar os melhores indivíduos a cada 100 gerações
Número máximo de gerações: 100

Tamanho da população: 250
Fração elite: 0.15
Fração mutante: 0.2
Probabilidade herdar alelo elite: 0.55
Número de populações independentes: 3
Número de threads: 14
Trocar os melhores indivíduos a cada 40 gerações
Número máximo de gerações: 130
Número máximo de iterações sem melhora: 30
Melhor até agora: 138 Geração: 1
Iteração: 0
Melhor até agora: 137 Geração: 2
Iteração: 0
Melhor até agora: 134 Geração: 6
Iteração: 3
Melhor até agora: 131 Geração: 15
Iteração: 3
Melhor até agora: 130 Geração: 38
Iteração: 3
Número de swaps entre camadas = 10
Largura da faixa = 50
Melhor altura = 130

Lower Bound 1 = 100
Lower Bound 2 = 98
Avaliação = 1.3

Tempo de execução: 7s

---------------------------

Número de cromossomos: 60
Tamanho da população: 60
Fração elite: 0.3
Fração mutante: 0.7
Probabilidade herdar alelo elite: 0.6
Número de populações independentes: 2
Número de threads: 14
Trocar os melhores indivíduos a cada 100 gerações
Número máximo de gerações: 100

Número de cromossomos: 60
Tamanho da população: 60
Fração elite: 0.3
Fração mutante: 0.7
Probabilidade herdar alelo elite: 0.6
Número de populações independentes: 2
Número de threads: 14
Trocar os melhores indivíduos a cada 100 gerações
Número máximo de gerações: 100

Tamanho da população: 250
Fração elite: 0.15
Fração mutante: 0.2
Probabilidade herdar alelo elite: 0.55
Número de populações independentes: 3
Número de threads: 14
Trocar os melhores indivíduos a cada 40 gerações
Número máximo de gerações: 130
Número máximo de iterações sem melhora: 30
Melhor até agora: 138 Geração: 3
Iteração: 0
Melhor até agora: 137 Geração: 8
Iteração: 0
Número de swaps entre camadas = 10
Largura da faixa = 50
Melhor altura = 137

Lower Bound 1 = 100
Lower Bound 2 = 98
Avaliação = 1.37

Tempo de execução: 6s

---------------------------

Número de cromossomos: 60
Tamanho da população: 60
Fração elite: 0.3
Fração mutante: 0.7
Probabilidade herdar alelo elite: 0.6
Número de populações independentes: 2
Número de threads: 14
Trocar os melhores indivíduos a cada 100 gerações
Número máximo de gerações: 100

Número de cromossomos: 60
Tamanho da população: 60
Fração elite: 0.3
Fração mutante: 0.7
Probabilidade herdar alelo elite: 0.6
Número de populações independentes: 2
Número de threads: 14
Trocar os melhores indivíduos a cada 100 gerações
Número máximo de gerações: 100

Tamanho da população: 250
Fração elite: 0.15
Fração mutante: 0.2
Probabilidade herdar alelo elite: 0.55
Número de populações independentes: 3
Número de threads: 14
Trocar os melhores indivíduos a cada 40 gerações
Número máximo de gerações: 130
Número máximo de iterações sem melhora: 30
Melhor até agora: 138 Geração: 1
Iteração: 0
Melhor até agora: 137 Geração: 9
Iteração: 0
Número de swaps entre camadas = 10
Largura da faixa = 50
Melhor altura = 137

Lower Bound 1 = 100
Lower Bound 2 = 98
Avaliação = 1.37

Tempo de execução: 6s

---------------------------

Número de cromossomos: 60
Tamanho da população: 60
Fração elite: 0.3
Fração mutante: 0.7
Probabilidade herdar alelo elite: 0.6
Número de populações independentes: 2
Número de threads: 14
Trocar os melhores indivíduos a cada 100 gerações
Número máximo de gerações: 100

Número de cromossomos: 60
Tamanho da população: 60
Fração elite: 0.3
Fração mutante: 0.7
Probabilidade herdar alelo elite: 0.6
Número de populações independentes: 2
Número de threads: 14
Trocar os melhores indivíduos a cada 100 gerações
Número máximo de gerações: 100

Tamanho da população: 250
Fração elite: 0.15
Fração mutante: 0.2
Probabilidade herdar alelo elite: 0.55
Número de populações independentes: 3
Número de threads: 14
Trocar os melhores indivíduos a cada 40 gerações
Número máximo de gerações: 130
Número máximo de iterações sem melhora: 30
Melhor até agora: 138 Geração: 2
Iteração: 0
Melhor até agora: 137 Geração: 5
Iteração: 0
Melhor até agora: 136 Geração: 0
Iteração: 3
Melhor até agora: 135 Geração: 8
Iteração: 3
Melhor até agora: 134 Geração: 14
Iteração: 3
Melhor até agora: 133 Geração: 15
Iteração: 3
Melhor até agora: 132 Geração: 16
Iteração: 3
Melhor até agora: 130 Geração: 22
Iteração: 3
Número de swaps entre camadas = 10
Largura da faixa = 50
Melhor altura = 130

Lower Bound 1 = 100
Lower Bound 2 = 98
Avaliação = 1.3

Tempo de execução: 6s

---------------------------

Número de cromossomos: 60
Tamanho da população: 60
Fração elite: 0.3
Fração mutante: 0.7
Probabilidade herdar alelo elite: 0.6
Número de populações independentes: 2
Número de threads: 14
Trocar os melhores indivíduos a cada 100 gerações
Número máximo de gerações: 100

Número de cromossomos: 60
Tamanho da população: 60
Fração elite: 0.3
Fração mutante: 0.7
Probabilidade herdar alelo elite: 0.6
Número de populações independentes: 2
Número de threads: 14
Trocar os melhores indivíduos a cada 100 gerações
Número máximo de gerações: 100

Tamanho da população: 250
Fração elite: 0.15
Fração mutante: 0.2
Probabilidade herdar alelo elite: 0.55
Número de populações independentes: 3
Número de threads: 14
Trocar os melhores indivíduos a cada 40 gerações
Número máximo de gerações: 130
Número máximo de iterações sem melhora: 30
Melhor até agora: 138 Geração: 0
Iteração: 0
Melhor até agora: 137 Geração: 8
Iteração: 0
Número de swaps entre camadas = 10
Largura da faixa = 50
Melhor altura = 137

Lower Bound 1 = 100
Lower Bound 2 = 98
Avaliação = 1.37

Tempo de execução: 6s

---------------------------

Número de cromossomos: 60
Tamanho da população: 60
Fração elite: 0.3
Fração mutante: 0.7
Probabilidade herdar alelo elite: 0.6
Número de populações independentes: 2
Número de threads: 14
Trocar os melhores indivíduos a cada 100 gerações
Número máximo de gerações: 100

Número de cromossomos: 60
Tamanho da população: 60
Fração elite: 0.3
Fração mutante: 0.7
Probabilidade herdar alelo elite: 0.6
Número de populações independentes: 2
Número de threads: 14
Trocar os melhores indivíduos a cada 100 gerações
Número máximo de gerações: 100

Tamanho da população: 250
Fração elite: 0.15
Fração mutante: 0.2
Probabilidade herdar alelo elite: 0.55
Número de populações independentes: 3
Número de threads: 14
Trocar os melhores indivíduos a cada 40 gerações
Número máximo de gerações: 130
Número máximo de iterações sem melhora: 30
Melhor até agora: 138 Geração: 2
Iteração: 0
Melhor até agora: 137 Geração: 5
Iteração: 1
Melhor até agora: 136 Geração: 11
Iteração: 3
Melhor até agora: 135 Geração: 13
Iteração: 3
Melhor até agora: 133 Geração: 24
Iteração: 3
Melhor até agora: 132 Geração: 28
Iteração: 3
Melhor até agora: 130 Geração: 36
Iteração: 3
Número de swaps entre camadas = 10
Largura da faixa = 50
Melhor altura = 130

Lower Bound 1 = 100
Lower Bound 2 = 98
Avaliação = 1.3

Tempo de execução: 7s

---------------------------

Número de cromossomos: 60
Tamanho da população: 60
Fração elite: 0.3
Fração mutante: 0.7
Probabilidade herdar alelo elite: 0.6
Número de populações independentes: 2
Número de threads: 14
Trocar os melhores indivíduos a cada 100 gerações
Número máximo de gerações: 100

Número de cromossomos: 60
Tamanho da população: 60
Fração elite: 0.3
Fração mutante: 0.7
Probabilidade herdar alelo elite: 0.6
Número de populações independentes: 2
Número de threads: 14
Trocar os melhores indivíduos a cada 100 gerações
Número máximo de gerações: 100

Tamanho da população: 250
Fração elite: 0.15
Fração mutante: 0.2
Probabilidade herdar alelo elite: 0.55
Número de populações independentes: 3
Número de threads: 14
Trocar os melhores indivíduos a cada 40 gerações
Número máximo de gerações: 130
Número máximo de iterações sem melhora: 30
Melhor até agora: 138 Geração: 2
Iteração: 0
Melhor até agora: 137 Geração: 14
Iteração: 0
Número de swaps entre camadas = 10
Largura da faixa = 50
Melhor altura = 137

Lower Bound 1 = 100
Lower Bound 2 = 98
Avaliação = 1.37

Tempo de execução: 6s

---------------------------

Número de cromossomos: 60
Tamanho da população: 60
Fração elite: 0.3
Fração mutante: 0.7
Probabilidade herdar alelo elite: 0.6
Número de populações independentes: 2
Número de threads: 14
Trocar os melhores indivíduos a cada 100 gerações
Número máximo de gerações: 100

Número de cromossomos: 60
Tamanho da população: 60
Fração elite: 0.3
Fração mutante: 0.7
Probabilidade herdar alelo elite: 0.6
Número de populações independentes: 2
Número de threads: 14
Trocar os melhores indivíduos a cada 100 gerações
Número máximo de gerações: 100

Tamanho da população: 250
Fração elite: 0.15
Fração mutante: 0.2
Probabilidade herdar alelo elite: 0.55
Número de populações independentes: 3
Número de threads: 14
Trocar os melhores indivíduos a cada 40 gerações
Número máximo de gerações: 130
Número máximo de iterações sem melhora: 30
Melhor até agora: 138 Geração: 4
Iteração: 0
Melhor até agora: 137 Geração: 16
Iteração: 0
Número de swaps entre camadas = 10
Largura da faixa = 50
Melhor altura = 137

Lower Bound 1 = 100
Lower Bound 2 = 98
Avaliação = 1.37

Tempo de execução: 6s

---------------------------

Número de cromossomos: 60
Tamanho da população: 60
Fração elite: 0.3
Fração mutante: 0.7
Probabilidade herdar alelo elite: 0.6
Número de populações independentes: 2
Número de threads: 14
Trocar os melhores indivíduos a cada 100 gerações
Número máximo de gerações: 100

Número de cromossomos: 60
Tamanho da população: 60
Fração elite: 0.3
Fração mutante: 0.7
Probabilidade herdar alelo elite: 0.6
Número de populações independentes: 2
Número de threads: 14
Trocar os melhores indivíduos a cada 100 gerações
Número máximo de gerações: 100

Tamanho da população: 250
Fração elite: 0.15
Fração mutante: 0.2
Probabilidade herdar alelo elite: 0.55
Número de populações independentes: 3
Número de threads: 14
Trocar os melhores indivíduos a cada 40 gerações
Número máximo de gerações: 130
Número máximo de iterações sem melhora: 30
Melhor até agora: 138 Geração: 2
Iteração: 0
Melhor até agora: 137 Geração: 11
Iteração: 0
Número de swaps entre camadas = 10
Largura da faixa = 50
Melhor altura = 137

Lower Bound 1 = 100
Lower Bound 2 = 98
Avaliação = 1.37

Tempo de execução: 6s

---------------------------

Número de cromossomos: 60
Tamanho da população: 60
Fração elite: 0.3
Fração mutante: 0.7
Probabilidade herdar alelo elite: 0.6
Número de populações independentes: 2
Número de threads: 14
Trocar os melhores indivíduos a cada 100 gerações
Número máximo de gerações: 100

Número de cromossomos: 60
Tamanho da população: 60
Fração elite: 0.3
Fração mutante: 0.7
Probabilidade herdar alelo elite: 0.6
Número de populações independentes: 2
Número de threads: 14
Trocar os melhores indivíduos a cada 100 gerações
Número máximo de gerações: 100

Tamanho da população: 250
Fração elite: 0.15
Fração mutante: 0.2
Probabilidade herdar alelo elite: 0.55
Número de populações independentes: 3
Número de threads: 14
Trocar os melhores indivíduos a cada 40 gerações
Número máximo de gerações: 130
Número máximo de iterações sem melhora: 50
Melhor até agora: 138 Geração: 3
Iteração: 0
Melhor até agora: 137 Geração: 4
Iteração: 0
Número de swaps entre camadas = 0
Largura da faixa = 50
Melhor altura = 137

Lower Bound 1 = 100
Lower Bound 2 = 98
Avaliação = 1.37

Tempo de execução: 7s

---------------------------

Número de cromossomos: 60
Tamanho da população: 60
Fração elite: 0.3
Fração mutante: 0.7
Probabilidade herdar alelo elite: 0.6
Número de populações independentes: 2
Número de threads: 14
Trocar os melhores indivíduos a cada 100 gerações
Número máximo de gerações: 100

Número de cromossomos: 60
Tamanho da população: 60
Fração elite: 0.3
Fração mutante: 0.7
Probabilidade herdar alelo elite: 0.6
Número de populações independentes: 2
Número de threads: 14
Trocar os melhores indivíduos a cada 100 gerações
Número máximo de gerações: 100

Tamanho da população: 250
Fração elite: 0.15
Fração mutante: 0.2
Probabilidade herdar alelo elite: 0.55
Número de populações independentes: 3
Número de threads: 14
Trocar os melhores indivíduos a cada 40 gerações
Número máximo de gerações: 130
Número máximo de iterações sem melhora: 50
Melhor até agora: 138 Geração: 0
Iteração: 0
Melhor até agora: 137 Geração: 7
Iteração: 0
Melhor até agora: 131 Geração: 16
Iteração: 3
Melhor até agora: 130 Geração: 47
Iteração: 3
Número de swaps entre camadas = 0
Largura da faixa = 50
Melhor altura = 130

Lower Bound 1 = 100
Lower Bound 2 = 98
Avaliação = 1.3

Tempo de execução: 8s

---------------------------

Número de cromossomos: 60
Tamanho da população: 60
Fração elite: 0.3
Fração mutante: 0.7
Probabilidade herdar alelo elite: 0.6
Número de populações independentes: 2
Número de threads: 14
Trocar os melhores indivíduos a cada 100 gerações
Número máximo de gerações: 100

Número de cromossomos: 60
Tamanho da população: 60
Fração elite: 0.3
Fração mutante: 0.7
Probabilidade herdar alelo elite: 0.6
Número de populações independentes: 2
Número de threads: 14
Trocar os melhores indivíduos a cada 100 gerações
Número máximo de gerações: 100

Tamanho da população: 250
Fração elite: 0.15
Fração mutante: 0.2
Probabilidade herdar alelo elite: 0.55
Número de populações independentes: 3
Número de threads: 14
Trocar os melhores indivíduos a cada 40 gerações
Número máximo de gerações: 130
Número máximo de iterações sem melhora: 50
Melhor até agora: 138 Geração: 3
Iteração: 0
Melhor até agora: 137 Geração: 26
Iteração: 0
Número de swaps entre camadas = 0
Largura da faixa = 50
Melhor altura = 137

Lower Bound 1 = 100
Lower Bound 2 = 98
Avaliação = 1.37

Tempo de execução: 8s

---------------------------

Número de cromossomos: 60
Tamanho da população: 60
Fração elite: 0.3
Fração mutante: 0.7
Probabilidade herdar alelo elite: 0.6
Número de populações independentes: 2
Número de threads: 14
Trocar os melhores indivíduos a cada 100 gerações
Número máximo de gerações: 100

Número de cromossomos: 60
Tamanho da população: 60
Fração elite: 0.3
Fração mutante: 0.7
Probabilidade herdar alelo elite: 0.6
Número de populações independentes: 2
Número de threads: 14
Trocar os melhores indivíduos a cada 100 gerações
Número máximo de gerações: 100

Tamanho da população: 250
Fração elite: 0.15
Fração mutante: 0.2
Probabilidade herdar alelo elite: 0.55
Número de populações independentes: 3
Número de threads: 14
Trocar os melhores indivíduos a cada 40 gerações
Número máximo de gerações: 130
Número máximo de iterações sem melhora: 50
Melhor até agora: 138 Geração: 2
Iteração: 0
Melhor até agora: 137 Geração: 7
Iteração: 0
Número de swaps entre camadas = 0
Largura da faixa = 50
Melhor altura = 137

Lower Bound 1 = 100
Lower Bound 2 = 98
Avaliação = 1.37

Tempo de execução: 7s

---------------------------

Número de cromossomos: 60
Tamanho da população: 60
Fração elite: 0.3
Fração mutante: 0.7
Probabilidade herdar alelo elite: 0.6
Número de populações independentes: 2
Número de threads: 14
Trocar os melhores indivíduos a cada 100 gerações
Número máximo de gerações: 100

Número de cromossomos: 60
Tamanho da população: 60
Fração elite: 0.3
Fração mutante: 0.7
Probabilidade herdar alelo elite: 0.6
Número de populações independentes: 2
Número de threads: 14
Trocar os melhores indivíduos a cada 100 gerações
Número máximo de gerações: 100

Tamanho da população: 250
Fração elite: 0.15
Fração mutante: 0.2
Probabilidade herdar alelo elite: 0.55
Número de populações independentes: 3
Número de threads: 14
Trocar os melhores indivíduos a cada 40 gerações
Número máximo de gerações: 130
Número máximo de iterações sem melhora: 50
Melhor até agora: 138 Geração: 1
Iteração: 0
Melhor até agora: 137 Geração: 11
Iteração: 0
Número de swaps entre camadas = 0
Largura da faixa = 50
Melhor altura = 137

Lower Bound 1 = 100
Lower Bound 2 = 98
Avaliação = 1.37

Tempo de execução: 7s

---------------------------

Número de cromossomos: 60
Tamanho da população: 60
Fração elite: 0.3
Fração mutante: 0.7
Probabilidade herdar alelo elite: 0.6
Número de populações independentes: 2
Número de threads: 14
Trocar os melhores indivíduos a cada 100 gerações
Número máximo de gerações: 100

Número de cromossomos: 60
Tamanho da população: 60
Fração elite: 0.3
Fração mutante: 0.7
Probabilidade herdar alelo elite: 0.6
Número de populações independentes: 2
Número de threads: 14
Trocar os melhores indivíduos a cada 100 gerações
Número máximo de gerações: 100

Tamanho da população: 250
Fração elite: 0.15
Fração mutante: 0.2
Probabilidade herdar alelo elite: 0.55
Número de populações independentes: 3
Número de threads: 14
Trocar os melhores indivíduos a cada 40 gerações
Número máximo de gerações: 130
Número máximo de iterações sem melhora: 50
Melhor até agora: 138 Geração: 4
Iteração: 0
Melhor até agora: 137 Geração: 37
Iteração: 0
Número de swaps entre camadas = 0
Largura da faixa = 50
Melhor altura = 137

Lower Bound 1 = 100
Lower Bound 2 = 98
Avaliação = 1.37

Tempo de execução: 8s

---------------------------

Número de cromossomos: 60
Tamanho da população: 60
Fração elite: 0.3
Fração mutante: 0.7
Probabilidade herdar alelo elite: 0.6
Número de populações independentes: 2
Número de threads: 14
Trocar os melhores indivíduos a cada 100 gerações
Número máximo de gerações: 100

Número de cromossomos: 60
Tamanho da população: 60
Fração elite: 0.3
Fração mutante: 0.7
Probabilidade herdar alelo elite: 0.6
Número de populações independentes: 2
Número de threads: 14
Trocar os melhores indivíduos a cada 100 gerações
Número máximo de gerações: 100

Tamanho da população: 250
Fração elite: 0.15
Fração mutante: 0.2
Probabilidade herdar alelo elite: 0.55
Número de populações independentes: 3
Número de threads: 14
Trocar os melhores indivíduos a cada 40 gerações
Número máximo de gerações: 130
Número máximo de iterações sem melhora: 50
Melhor até agora: 138 Geração: 4
Iteração: 0
Melhor até agora: 137 Geração: 12
Iteração: 0
Melhor até agora: 134 Geração: 20
Iteração: 3
Melhor até agora: 131 Geração: 41
Iteração: 3
Número de swaps entre camadas = 0
Largura da faixa = 50
Melhor altura = 131

Lower Bound 1 = 100
Lower Bound 2 = 98
Avaliação = 1.31

Tempo de execução: 8s

---------------------------

Número de cromossomos: 60
Tamanho da população: 60
Fração elite: 0.3
Fração mutante: 0.7
Probabilidade herdar alelo elite: 0.6
Número de populações independentes: 2
Número de threads: 14
Trocar os melhores indivíduos a cada 100 gerações
Número máximo de gerações: 100

Número de cromossomos: 60
Tamanho da população: 60
Fração elite: 0.3
Fração mutante: 0.7
Probabilidade herdar alelo elite: 0.6
Número de populações independentes: 2
Número de threads: 14
Trocar os melhores indivíduos a cada 100 gerações
Número máximo de gerações: 100

Tamanho da população: 250
Fração elite: 0.15
Fração mutante: 0.2
Probabilidade herdar alelo elite: 0.55
Número de populações independentes: 3
Número de threads: 14
Trocar os melhores indivíduos a cada 40 gerações
Número máximo de gerações: 130
Número máximo de iterações sem melhora: 50
Melhor até agora: 138 Geração: 3
Iteração: 0
Melhor até agora: 137 Geração: 12
Iteração: 0
Melhor até agora: 135 Geração: 4
Iteração: 3
Melhor até agora: 133 Geração: 17
Iteração: 3
Melhor até agora: 131 Geração: 21
Iteração: 3
Melhor até agora: 130 Geração: 27
Iteração: 3
Número de swaps entre camadas = 0
Largura da faixa = 50
Melhor altura = 130

Lower Bound 1 = 100
Lower Bound 2 = 98
Avaliação = 1.3

Tempo de execução: 8s

---------------------------

Número de cromossomos: 60
Tamanho da população: 60
Fração elite: 0.3
Fração mutante: 0.7
Probabilidade herdar alelo elite: 0.6
Número de populações independentes: 2
Número de threads: 14
Trocar os melhores indivíduos a cada 100 gerações
Número máximo de gerações: 100

Número de cromossomos: 60
Tamanho da população: 60
Fração elite: 0.3
Fração mutante: 0.7
Probabilidade herdar alelo elite: 0.6
Número de populações independentes: 2
Número de threads: 14
Trocar os melhores indivíduos a cada 100 gerações
Número máximo de gerações: 100

Tamanho da população: 250
Fração elite: 0.15
Fração mutante: 0.2
Probabilidade herdar alelo elite: 0.55
Número de populações independentes: 3
Número de threads: 14
Trocar os melhores indivíduos a cada 40 gerações
Número máximo de gerações: 130
Número máximo de iterações sem melhora: 50
Melhor até agora: 138 Geração: 2
Iteração: 0
Melhor até agora: 137 Geração: 10
Iteração: 0
Melhor até agora: 134 Geração: 26
Iteração: 3
Melhor até agora: 131 Geração: 44
Iteração: 3
Número de swaps entre camadas = 0
Largura da faixa = 50
Melhor altura = 131

Lower Bound 1 = 100
Lower Bound 2 = 98
Avaliação = 1.31

Tempo de execução: 9s

---------------------------

Número de cromossomos: 60
Tamanho da população: 60
Fração elite: 0.3
Fração mutante: 0.7
Probabilidade herdar alelo elite: 0.6
Número de populações independentes: 2
Número de threads: 14
Trocar os melhores indivíduos a cada 100 gerações
Número máximo de gerações: 100

Número de cromossomos: 60
Tamanho da população: 60
Fração elite: 0.3
Fração mutante: 0.7
Probabilidade herdar alelo elite: 0.6
Número de populações independentes: 2
Número de threads: 14
Trocar os melhores indivíduos a cada 100 gerações
Número máximo de gerações: 100

Tamanho da população: 250
Fração elite: 0.15
Fração mutante: 0.2
Probabilidade herdar alelo elite: 0.55
Número de populações independentes: 3
Número de threads: 14
Trocar os melhores indivíduos a cada 40 gerações
Número máximo de gerações: 130
Número máximo de iterações sem melhora: 50
Melhor até agora: 138 Geração: 0
Iteração: 0
Melhor até agora: 137 Geração: 12
Iteração: 0
Número de swaps entre camadas = 0
Largura da faixa = 50
Melhor altura = 137

Lower Bound 1 = 100
Lower Bound 2 = 98
Avaliação = 1.37

Tempo de execução: 7s

---------------------------

Número de cromossomos: 60
Tamanho da população: 60
Fração elite: 0.3
Fração mutante: 0.7
Probabilidade herdar alelo elite: 0.6
Número de populações independentes: 2
Número de threads: 14
Trocar os melhores indivíduos a cada 100 gerações
Número máximo de gerações: 100

Número de cromossomos: 60
Tamanho da população: 60
Fração elite: 0.3
Fração mutante: 0.7
Probabilidade herdar alelo elite: 0.6
Número de populações independentes: 2
Número de threads: 14
Trocar os melhores indivíduos a cada 100 gerações
Número máximo de gerações: 100

Tamanho da população: 250
Fração elite: 0.15
Fração mutante: 0.2
Probabilidade herdar alelo elite: 0.55
Número de populações independentes: 3
Número de threads: 14
Trocar os melhores indivíduos a cada 40 gerações
Número máximo de gerações: 130
Número máximo de iterações sem melhora: 50
Melhor até agora: 138 Geração: 5
Iteração: 0
Melhor até agora: 137 Geração: 10
Iteração: 0
Número de swaps entre camadas = 0
Largura da faixa = 50
Melhor altura = 137

Lower Bound 1 = 100
Lower Bound 2 = 98
Avaliação = 1.37

Tempo de execução: 7s

---------------------------

Número de cromossomos: 60
Tamanho da população: 60
Fração elite: 0.3
Fração mutante: 0.7
Probabilidade herdar alelo elite: 0.6
Número de populações independentes: 2
Número de threads: 14
Trocar os melhores indivíduos a cada 100 gerações
Número máximo de gerações: 100

Número de cromossomos: 60
Tamanho da população: 60
Fração elite: 0.3
Fração mutante: 0.7
Probabilidade herdar alelo elite: 0.6
Número de populações independentes: 2
Número de threads: 14
Trocar os melhores indivíduos a cada 100 gerações
Número máximo de gerações: 100

Tamanho da população: 250
Fração elite: 0.15
Fração mutante: 0.2
Probabilidade herdar alelo elite: 0.55
Número de populações independentes: 3
Número de threads: 14
Trocar os melhores indivíduos a cada 40 gerações
Número máximo de gerações: 130
Número máximo de iterações sem melhora: 50
Melhor até agora: 138 Geração: 5
Iteração: 0
Melhor até agora: 137 Geração: 17
Iteração: 0
Melhor até agora: 134 Geração: 24
Iteração: 3
Melhor até agora: 131 Geração: 39
Iteração: 3
Melhor até agora: 130 Geração: 48
Iteração: 3
Número de swaps entre camadas = 0
Largura da faixa = 50
Melhor altura = 130

Lower Bound 1 = 100
Lower Bound 2 = 98
Avaliação = 1.3

Tempo de execução: 9s

---------------------------

Número de cromossomos: 60
Tamanho da população: 60
Fração elite: 0.3
Fração mutante: 0.7
Probabilidade herdar alelo elite: 0.6
Número de populações independentes: 2
Número de threads: 14
Trocar os melhores indivíduos a cada 100 gerações
Número máximo de gerações: 100

Número de cromossomos: 60
Tamanho da população: 60
Fração elite: 0.3
Fração mutante: 0.7
Probabilidade herdar alelo elite: 0.6
Número de populações independentes: 2
Número de threads: 14
Trocar os melhores indivíduos a cada 100 gerações
Número máximo de gerações: 100

Tamanho da população: 250
Fração elite: 0.15
Fração mutante: 0.2
Probabilidade herdar alelo elite: 0.55
Número de populações independentes: 3
Número de threads: 14
Trocar os melhores indivíduos a cada 40 gerações
Número máximo de gerações: 130
Número máximo de iterações sem melhora: 50
Melhor até agora: 138 Geração: 1
Iteração: 0
Melhor até agora: 137 Geração: 7
Iteração: 0
Melhor até agora: 130 Geração: 34
Iteração: 3
Número de swaps entre camadas = 0
Largura da faixa = 50
Melhor altura = 130

Lower Bound 1 = 100
Lower Bound 2 = 98
Avaliação = 1.3

Tempo de execução: 8s

---------------------------

Número de cromossomos: 60
Tamanho da população: 60
Fração elite: 0.3
Fração mutante: 0.7
Probabilidade herdar alelo elite: 0.6
Número de populações independentes: 2
Número de threads: 14
Trocar os melhores indivíduos a cada 100 gerações
Número máximo de gerações: 100

Número de cromossomos: 60
Tamanho da população: 60
Fração elite: 0.3
Fração mutante: 0.7
Probabilidade herdar alelo elite: 0.6
Número de populações independentes: 2
Número de threads: 14
Trocar os melhores indivíduos a cada 100 gerações
Número máximo de gerações: 100

Tamanho da população: 250
Fração elite: 0.15
Fração mutante: 0.2
Probabilidade herdar alelo elite: 0.55
Número de populações independentes: 3
Número de threads: 14
Trocar os melhores indivíduos a cada 40 gerações
Número máximo de gerações: 130
Número máximo de iterações sem melhora: 50
Melhor até agora: 138 Geração: 2
Iteração: 0
Melhor até agora: 137 Geração: 4
Iteração: 0
Número de swaps entre camadas = 0
Largura da faixa = 50
Melhor altura = 137

Lower Bound 1 = 100
Lower Bound 2 = 98
Avaliação = 1.37

Tempo de execução: 7s

---------------------------

Número de cromossomos: 60
Tamanho da população: 60
Fração elite: 0.3
Fração mutante: 0.7
Probabilidade herdar alelo elite: 0.6
Número de populações independentes: 2
Número de threads: 14
Trocar os melhores indivíduos a cada 100 gerações
Número máximo de gerações: 100

Número de cromossomos: 60
Tamanho da população: 60
Fração elite: 0.3
Fração mutante: 0.7
Probabilidade herdar alelo elite: 0.6
Número de populações independentes: 2
Número de threads: 14
Trocar os melhores indivíduos a cada 100 gerações
Número máximo de gerações: 100

Tamanho da população: 250
Fração elite: 0.15
Fração mutante: 0.2
Probabilidade herdar alelo elite: 0.55
Número de populações independentes: 3
Número de threads: 14
Trocar os melhores indivíduos a cada 40 gerações
Número máximo de gerações: 130
Número máximo de iterações sem melhora: 50
Melhor até agora: 138 Geração: 4
Iteração: 0
Melhor até agora: 137 Geração: 7
Iteração: 0
Número de swaps entre camadas = 0
Largura da faixa = 50
Melhor altura = 137

Lower Bound 1 = 100
Lower Bound 2 = 98
Avaliação = 1.37

Tempo de execução: 7s

---------------------------

Número de cromossomos: 60
Tamanho da população: 60
Fração elite: 0.3
Fração mutante: 0.7
Probabilidade herdar alelo elite: 0.6
Número de populações independentes: 2
Número de threads: 14
Trocar os melhores indivíduos a cada 100 gerações
Número máximo de gerações: 100

Número de cromossomos: 60
Tamanho da população: 60
Fração elite: 0.3
Fração mutante: 0.7
Probabilidade herdar alelo elite: 0.6
Número de populações independentes: 2
Número de threads: 14
Trocar os melhores indivíduos a cada 100 gerações
Número máximo de gerações: 100

Tamanho da população: 250
Fração elite: 0.15
Fração mutante: 0.2
Probabilidade herdar alelo elite: 0.55
Número de populações independentes: 3
Número de threads: 14
Trocar os melhores indivíduos a cada 40 gerações
Número máximo de gerações: 130
Número máximo de iterações sem melhora: 50
Melhor até agora: 138 Geração: 5
Iteração: 0
Melhor até agora: 137 Geração: 15
Iteração: 0
Número de swaps entre camadas = 0
Largura da faixa = 50
Melhor altura = 137

Lower Bound 1 = 100
Lower Bound 2 = 98
Avaliação = 1.37

Tempo de execução: 8s

---------------------------

Número de cromossomos: 60
Tamanho da população: 60
Fração elite: 0.3
Fração mutante: 0.7
Probabilidade herdar alelo elite: 0.6
Número de populações independentes: 2
Número de threads: 14
Trocar os melhores indivíduos a cada 100 gerações
Número máximo de gerações: 100

Número de cromossomos: 60
Tamanho da população: 60
Fração elite: 0.3
Fração mutante: 0.7
Probabilidade herdar alelo elite: 0.6
Número de populações independentes: 2
Número de threads: 14
Trocar os melhores indivíduos a cada 100 gerações
Número máximo de gerações: 100

Tamanho da população: 250
Fração elite: 0.15
Fração mutante: 0.2
Probabilidade herdar alelo elite: 0.55
Número de populações independentes: 3
Número de threads: 14
Trocar os melhores indivíduos a cada 40 gerações
Número máximo de gerações: 130
Número máximo de iterações sem melhora: 50
Melhor até agora: 138 Geração: 4
Iteração: 0
Melhor até agora: 137 Geração: 8
Iteração: 0
Número de swaps entre camadas = 0
Largura da faixa = 50
Melhor altura = 137

Lower Bound 1 = 100
Lower Bound 2 = 98
Avaliação = 1.37

Tempo de execução: 7s

---------------------------

Número de cromossomos: 60
Tamanho da população: 60
Fração elite: 0.3
Fração mutante: 0.7
Probabilidade herdar alelo elite: 0.6
Número de populações independentes: 2
Número de threads: 14
Trocar os melhores indivíduos a cada 100 gerações
Número máximo de gerações: 100

Número de cromossomos: 60
Tamanho da população: 60
Fração elite: 0.3
Fração mutante: 0.7
Probabilidade herdar alelo elite: 0.6
Número de populações independentes: 2
Número de threads: 14
Trocar os melhores indivíduos a cada 100 gerações
Número máximo de gerações: 100

Tamanho da população: 250
Fração elite: 0.15
Fração mutante: 0.2
Probabilidade herdar alelo elite: 0.55
Número de populações independentes: 3
Número de threads: 14
Trocar os melhores indivíduos a cada 40 gerações
Número máximo de gerações: 130
Número máximo de iterações sem melhora: 50
Melhor até agora: 138 Geração: 6
Iteração: 0
Melhor até agora: 137 Geração: 14
Iteração: 0
Melhor até agora: 131 Geração: 11
Iteração: 3
Melhor até agora: 130 Geração: 18
Iteração: 3
Número de swaps entre camadas = 0
Largura da faixa = 50
Melhor altura = 130

Lower Bound 1 = 100
Lower Bound 2 = 98
Avaliação = 1.3

Tempo de execução: 8s

---------------------------

Número de cromossomos: 60
Tamanho da população: 60
Fração elite: 0.3
Fração mutante: 0.7
Probabilidade herdar alelo elite: 0.6
Número de populações independentes: 2
Número de threads: 14
Trocar os melhores indivíduos a cada 100 gerações
Número máximo de gerações: 100

Número de cromossomos: 60
Tamanho da população: 60
Fração elite: 0.3
Fração mutante: 0.7
Probabilidade herdar alelo elite: 0.6
Número de populações independentes: 2
Número de threads: 14
Trocar os melhores indivíduos a cada 100 gerações
Número máximo de gerações: 100

Tamanho da população: 250
Fração elite: 0.15
Fração mutante: 0.2
Probabilidade herdar alelo elite: 0.55
Número de populações independentes: 3
Número de threads: 14
Trocar os melhores indivíduos a cada 40 gerações
Número máximo de gerações: 130
Número máximo de iterações sem melhora: 50
Melhor até agora: 138 Geração: 3
Iteração: 0
Melhor até agora: 137 Geração: 8
Iteração: 0
Melhor até agora: 134 Geração: 7
Iteração: 3
Melhor até agora: 130 Geração: 28
Iteração: 3
Número de swaps entre camadas = 0
Largura da faixa = 50
Melhor altura = 130

Lower Bound 1 = 100
Lower Bound 2 = 98
Avaliação = 1.3

Tempo de execução: 8s

---------------------------

Número de cromossomos: 60
Tamanho da população: 60
Fração elite: 0.3
Fração mutante: 0.7
Probabilidade herdar alelo elite: 0.6
Número de populações independentes: 2
Número de threads: 14
Trocar os melhores indivíduos a cada 100 gerações
Número máximo de gerações: 100

Número de cromossomos: 60
Tamanho da população: 60
Fração elite: 0.3
Fração mutante: 0.7
Probabilidade herdar alelo elite: 0.6
Número de populações independentes: 2
Número de threads: 14
Trocar os melhores indivíduos a cada 100 gerações
Número máximo de gerações: 100

Tamanho da população: 250
Fração elite: 0.15
Fração mutante: 0.2
Probabilidade herdar alelo elite: 0.55
Número de populações independentes: 3
Número de threads: 14
Trocar os melhores indivíduos a cada 40 gerações
Número máximo de gerações: 130
Número máximo de iterações sem melhora: 50
Melhor até agora: 138 Geração: 5
Iteração: 0
Melhor até agora: 137 Geração: 10
Iteração: 0
Número de swaps entre camadas = 0
Largura da faixa = 50
Melhor altura = 137

Lower Bound 1 = 100
Lower Bound 2 = 98
Avaliação = 1.37

Tempo de execução: 7s

---------------------------

Tamanho da população: 300
Fração elite: 0.2
Fração mutante: 0.15
Probabilidade herdar alelo elite: 0.7
Número de populações independentes: 6
Número de threads: 14
Trocar os melhores indivíduos a cada 40 gerações
Número máximo de gerações: 250
Número máximo de iterações sem melhora: 90
Melhor até agora: 126 Geração: 0
Melhor até agora: 124 Geração: 4
Melhor até agora: 119 Geração: 13
Melhor até agora: 118 Geração: 35
Melhor até agora: 117 Geração: 43
Largura da faixa = 50
Melhor altura = 117

Lower Bound 1 = 100
Lower Bound 2 = 98
Avaliação = 1.17

Tempo de execução: 71s

---------------------------

Tamanho da população: 300
Fração elite: 0.15
Fração mutante: 0.2
Probabilidade herdar alelo elite: 0.7
Número de populações independentes: 2
Número de threads: 16
Trocar os melhores indivíduos a cada 30 gerações
Número máximo de gerações: 300
Número máximo de iterações sem melhora: 40
Largura da faixa = 50
Melhor altura = 120

Lower Bound 1 = 100
Lower Bound 2 = 98
Avaliação = 1.2

Tempo de execução: 8s

---------------------------

Tamanho da população: 300
Fração elite: 0.15
Fração mutante: 0.2
Probabilidade herdar alelo elite: 0.7
Número de populações independentes: 2
Número de threads: 16
Trocar os melhores indivíduos a cada 30 gerações
Número máximo de gerações: 300
Número máximo de iterações sem melhora: 40
Largura da faixa = 50
Melhor altura = 118

Lower Bound 1 = 100
Lower Bound 2 = 98
Avaliação = 1.18

Tempo de execução: 10s

---------------------------

Tamanho da população: 300
Fração elite: 0.15
Fração mutante: 0.2
Probabilidade herdar alelo elite: 0.7
Número de populações independentes: 2
Número de threads: 16
Trocar os melhores indivíduos a cada 30 gerações
Número máximo de gerações: 300
Número máximo de iterações sem melhora: 40
Largura da faixa = 50
Melhor altura = 118

Lower Bound 1 = 100
Lower Bound 2 = 98
Avaliação = 1.18

Tempo de execução: 8s

---------------------------

Tamanho da população: 300
Fração elite: 0.15
Fração mutante: 0.2
Probabilidade herdar alelo elite: 0.7
Número de populações independentes: 2
Número de threads: 16
Trocar os melhores indivíduos a cada 30 gerações
Número máximo de gerações: 300
Número máximo de iterações sem melhora: 40
Largura da faixa = 50
Melhor altura = 117

Lower Bound 1 = 100
Lower Bound 2 = 98
Avaliação = 1.17

Tempo de execução: 6s

---------------------------

Tamanho da população: 300
Fração elite: 0.15
Fração mutante: 0.2
Probabilidade herdar alelo elite: 0.7
Número de populações independentes: 2
Número de threads: 16
Trocar os melhores indivíduos a cada 30 gerações
Número máximo de gerações: 300
Número máximo de iterações sem melhora: 40
Largura da faixa = 50
Melhor altura = 119

Lower Bound 1 = 100
Lower Bound 2 = 98
Avaliação = 1.19

Tempo de execução: 8s

---------------------------

Tamanho da população: 300
Fração elite: 0.15
Fração mutante: 0.2
Probabilidade herdar alelo elite: 0.7
Número de populações independentes: 2
Número de threads: 16
Trocar os melhores indivíduos a cada 30 gerações
Número máximo de gerações: 300
Número máximo de iterações sem melhora: 40
Largura da faixa = 50
Melhor altura = 122

Lower Bound 1 = 100
Lower Bound 2 = 98
Avaliação = 1.22

Tempo de execução: 8s

---------------------------

Tamanho da população: 300
Fração elite: 0.15
Fração mutante: 0.2
Probabilidade herdar alelo elite: 0.7
Número de populações independentes: 2
Número de threads: 16
Trocar os melhores indivíduos a cada 30 gerações
Número máximo de gerações: 300
Número máximo de iterações sem melhora: 40
Largura da faixa = 50
Melhor altura = 117

Lower Bound 1 = 100
Lower Bound 2 = 98
Avaliação = 1.17

Tempo de execução: 8s

---------------------------

Tamanho da população: 300
Fração elite: 0.15
Fração mutante: 0.2
Probabilidade herdar alelo elite: 0.7
Número de populações independentes: 2
Número de threads: 16
Trocar os melhores indivíduos a cada 30 gerações
Número máximo de gerações: 300
Número máximo de iterações sem melhora: 40
Largura da faixa = 50
Melhor altura = 120

Lower Bound 1 = 100
Lower Bound 2 = 98
Avaliação = 1.2

Tempo de execução: 9s

---------------------------

Tamanho da população: 300
Fração elite: 0.15
Fração mutante: 0.2
Probabilidade herdar alelo elite: 0.7
Número de populações independentes: 2
Número de threads: 16
Trocar os melhores indivíduos a cada 30 gerações
Número máximo de gerações: 300
Número máximo de iterações sem melhora: 40
Largura da faixa = 50
Melhor altura = 120

Lower Bound 1 = 100
Lower Bound 2 = 98
Avaliação = 1.2

Tempo de execução: 11s

---------------------------

Tamanho da população: 300
Fração elite: 0.15
Fração mutante: 0.2
Probabilidade herdar alelo elite: 0.7
Número de populações independentes: 2
Número de threads: 16
Trocar os melhores indivíduos a cada 30 gerações
Número máximo de gerações: 300
Número máximo de iterações sem melhora: 40
Largura da faixa = 50
Melhor altura = 120

Lower Bound 1 = 100
Lower Bound 2 = 98
Avaliação = 1.2

Tempo de execução: 8s

---------------------------

Tamanho da população: 300
Fração elite: 0.15
Fração mutante: 0.2
Probabilidade herdar alelo elite: 0.7
Número de populações independentes: 2
Número de threads: 16
Trocar os melhores indivíduos a cada 30 gerações
Número máximo de gerações: 300
Número máximo de iterações sem melhora: 40
Largura da faixa = 50
Melhor altura = 120

Lower Bound 1 = 100
Lower Bound 2 = 98
Avaliação = 1.2

Tempo de execução: 6s

---------------------------

Tamanho da população: 300
Fração elite: 0.15
Fração mutante: 0.2
Probabilidade herdar alelo elite: 0.7
Número de populações independentes: 2
Número de threads: 16
Trocar os melhores indivíduos a cada 30 gerações
Número máximo de gerações: 300
Número máximo de iterações sem melhora: 40
Largura da faixa = 50
Melhor altura = 120

Lower Bound 1 = 100
Lower Bound 2 = 98
Avaliação = 1.2

Tempo de execução: 6s

---------------------------

Tamanho da população: 300
Fração elite: 0.15
Fração mutante: 0.2
Probabilidade herdar alelo elite: 0.7
Número de populações independentes: 2
Número de threads: 16
Trocar os melhores indivíduos a cada 30 gerações
Número máximo de gerações: 300
Número máximo de iterações sem melhora: 40
Largura da faixa = 50
Melhor altura = 120

Lower Bound 1 = 100
Lower Bound 2 = 98
Avaliação = 1.2

Tempo de execução: 5s

---------------------------

Tamanho da população: 300
Fração elite: 0.15
Fração mutante: 0.2
Probabilidade herdar alelo elite: 0.7
Número de populações independentes: 2
Número de threads: 16
Trocar os melhores indivíduos a cada 30 gerações
Número máximo de gerações: 300
Número máximo de iterações sem melhora: 40
Largura da faixa = 50
Melhor altura = 117

Lower Bound 1 = 100
Lower Bound 2 = 98
Avaliação = 1.17

Tempo de execução: 6s

---------------------------

Tamanho da população: 300
Fração elite: 0.15
Fração mutante: 0.2
Probabilidade herdar alelo elite: 0.7
Número de populações independentes: 2
Número de threads: 16
Trocar os melhores indivíduos a cada 30 gerações
Número máximo de gerações: 300
Número máximo de iterações sem melhora: 40
Largura da faixa = 50
Melhor altura = 122

Lower Bound 1 = 100
Lower Bound 2 = 98
Avaliação = 1.22

Tempo de execução: 8s

---------------------------

Tamanho da população: 300
Fração elite: 0.15
Fração mutante: 0.2
Probabilidade herdar alelo elite: 0.7
Número de populações independentes: 2
Número de threads: 16
Trocar os melhores indivíduos a cada 30 gerações
Número máximo de gerações: 300
Número máximo de iterações sem melhora: 40
Largura da faixa = 50
Melhor altura = 118

Lower Bound 1 = 100
Lower Bound 2 = 98
Avaliação = 1.18

Tempo de execução: 10s

---------------------------

Tamanho da população: 300
Fração elite: 0.15
Fração mutante: 0.2
Probabilidade herdar alelo elite: 0.7
Número de populações independentes: 2
Número de threads: 16
Trocar os melhores indivíduos a cada 30 gerações
Número máximo de gerações: 300
Número máximo de iterações sem melhora: 40
Largura da faixa = 50
Melhor altura = 117

Lower Bound 1 = 100
Lower Bound 2 = 98
Avaliação = 1.17

Tempo de execução: 10s

---------------------------

Tamanho da população: 300
Fração elite: 0.15
Fração mutante: 0.2
Probabilidade herdar alelo elite: 0.7
Número de populações independentes: 2
Número de threads: 16
Trocar os melhores indivíduos a cada 30 gerações
Número máximo de gerações: 300
Número máximo de iterações sem melhora: 40
Largura da faixa = 50
Melhor altura = 117

Lower Bound 1 = 100
Lower Bound 2 = 98
Avaliação = 1.17

Tempo de execução: 5s

---------------------------

Tamanho da população: 300
Fração elite: 0.15
Fração mutante: 0.2
Probabilidade herdar alelo elite: 0.7
Número de populações independentes: 2
Número de threads: 16
Trocar os melhores indivíduos a cada 30 gerações
Número máximo de gerações: 300
Número máximo de iterações sem melhora: 40
Largura da faixa = 50
Melhor altura = 117

Lower Bound 1 = 100
Lower Bound 2 = 98
Avaliação = 1.17

Tempo de execução: 8s

---------------------------

Tamanho da população: 300
Fração elite: 0.15
Fração mutante: 0.2
Probabilidade herdar alelo elite: 0.7
Número de populações independentes: 2
Número de threads: 16
Trocar os melhores indivíduos a cada 30 gerações
Número máximo de gerações: 300
Número máximo de iterações sem melhora: 40
Largura da faixa = 50
Melhor altura = 120

Lower Bound 1 = 100
Lower Bound 2 = 98
Avaliação = 1.2

Tempo de execução: 9s

---------------------------

Melhor até agora: 137 Geração: 0
Melhor até agora: 134 Geração: 1
Melhor até agora: 133 Geração: 5
Melhor até agora: 132 Geração: 9
Melhor até agora: 130 Geração: 10
Melhor até agora: 126 Geração: 11
Melhor até agora: 125 Geração: 25
Melhor até agora: 123 Geração: 42
Melhor até agora: 122 Geração: 59
Melhor até agora: 121 Geração: 102
Melhor até agora: 120 Geração: 112
Tamanho da população: 300
Fração elite: 0.2
Fração mutante: 0.2
Probabilidade herdar alelo elite: 0.7
Número de populações independentes: 2
Número de threads: 16
Trocar os melhores indivíduos a cada 30 gerações
Número máximo de gerações: 300
Número máximo de iterações sem melhora: 50
Largura da faixa = 50
Melhor altura = 120

Lower Bound 1 = 100
Lower Bound 2 = 98
Avaliação = 1.2

Tempo de execução: 4s

---------------------------

Melhor até agora: 137 Geração: 0
Melhor até agora: 136 Geração: 2
Melhor até agora: 131 Geração: 7
Melhor até agora: 130 Geração: 9
Melhor até agora: 129 Geração: 13
Melhor até agora: 128 Geração: 18
Melhor até agora: 127 Geração: 19
Melhor até agora: 126 Geração: 20
Melhor até agora: 125 Geração: 21
Melhor até agora: 124 Geração: 53
Melhor até agora: 123 Geração: 58
Melhor até agora: 122 Geração: 94
Melhor até agora: 121 Geração: 115
Melhor até agora: 119 Geração: 116
Melhor até agora: 118 Geração: 138
Melhor até agora: 117 Geração: 157
Tamanho da população: 300
Fração elite: 0.2
Fração mutante: 0.2
Probabilidade herdar alelo elite: 0.7
Número de populações independentes: 2
Número de threads: 16
Trocar os melhores indivíduos a cada 30 gerações
Número máximo de gerações: 300
Número máximo de iterações sem melhora: 50
Largura da faixa = 50
Melhor altura = 117

Lower Bound 1 = 100
Lower Bound 2 = 98
Avaliação = 1.17

Tempo de execução: 6s

---------------------------

Melhor até agora: 139 Geração: 0
Melhor até agora: 138 Geração: 1
Melhor até agora: 137 Geração: 2
Melhor até agora: 136 Geração: 4
Melhor até agora: 135 Geração: 5
Melhor até agora: 130 Geração: 8
Melhor até agora: 128 Geração: 10
Melhor até agora: 126 Geração: 11
Melhor até agora: 125 Geração: 13
Melhor até agora: 120 Geração: 24
Melhor até agora: 118 Geração: 56
Melhor até agora: 117 Geração: 65
Tamanho da população: 300
Fração elite: 0.2
Fração mutante: 0.2
Probabilidade herdar alelo elite: 0.7
Número de populações independentes: 2
Número de threads: 16
Trocar os melhores indivíduos a cada 30 gerações
Número máximo de gerações: 300
Número máximo de iterações sem melhora: 50
Largura da faixa = 50
Melhor altura = 117

Lower Bound 1 = 100
Lower Bound 2 = 98
Avaliação = 1.17

Tempo de execução: 3s

---------------------------

Melhor até agora: 134 Geração: 0
Melhor até agora: 133 Geração: 1
Melhor até agora: 129 Geração: 3
Melhor até agora: 127 Geração: 7
Melhor até agora: 126 Geração: 10
Melhor até agora: 125 Geração: 14
Melhor até agora: 124 Geração: 20
Melhor até agora: 122 Geração: 26
Melhor até agora: 120 Geração: 31
Melhor até agora: 119 Geração: 52
Melhor até agora: 118 Geração: 54
Melhor até agora: 117 Geração: 58
Tamanho da população: 300
Fração elite: 0.2
Fração mutante: 0.2
Probabilidade herdar alelo elite: 0.7
Número de populações independentes: 2
Número de threads: 16
Trocar os melhores indivíduos a cada 30 gerações
Número máximo de gerações: 300
Número máximo de iterações sem melhora: 50
Largura da faixa = 50
Melhor altura = 117

Lower Bound 1 = 100
Lower Bound 2 = 98
Avaliação = 1.17

Tempo de execução: 3s

---------------------------

Melhor até agora: 137 Geração: 0
Melhor até agora: 134 Geração: 1
Melhor até agora: 133 Geração: 2
Melhor até agora: 131 Geração: 3
Melhor até agora: 130 Geração: 5
Melhor até agora: 126 Geração: 7
Tamanho da população: 300
Fração elite: 0.2
Fração mutante: 0.2
Probabilidade herdar alelo elite: 0.7
Número de populações independentes: 2
Número de threads: 16
Trocar os melhores indivíduos a cada 30 gerações
Número máximo de gerações: 300
Número máximo de iterações sem melhora: 50
Largura da faixa = 50
Melhor altura = 126

Lower Bound 1 = 100
Lower Bound 2 = 98
Avaliação = 1.26

Tempo de execução: 2s

---------------------------

Melhor até agora: 135 Geração: 0
Melhor até agora: 131 Geração: 3
Melhor até agora: 130 Geração: 5
Melhor até agora: 128 Geração: 6
Melhor até agora: 124 Geração: 13
Melhor até agora: 120 Geração: 27
Melhor até agora: 118 Geração: 55
Melhor até agora: 117 Geração: 57
Tamanho da população: 300
Fração elite: 0.2
Fração mutante: 0.2
Probabilidade herdar alelo elite: 0.7
Número de populações independentes: 2
Número de threads: 16
Trocar os melhores indivíduos a cada 30 gerações
Número máximo de gerações: 300
Número máximo de iterações sem melhora: 50
Largura da faixa = 50
Melhor altura = 117

Lower Bound 1 = 100
Lower Bound 2 = 98
Avaliação = 1.17

Tempo de execução: 3s

---------------------------

Melhor até agora: 135 Geração: 0
Melhor até agora: 129 Geração: 8
Melhor até agora: 128 Geração: 12
Melhor até agora: 124 Geração: 17
Melhor até agora: 123 Geração: 48
Melhor até agora: 122 Geração: 56
Melhor até agora: 121 Geração: 65
Melhor até agora: 120 Geração: 104
Tamanho da população: 300
Fração elite: 0.2
Fração mutante: 0.2
Probabilidade herdar alelo elite: 0.7
Número de populações independentes: 2
Número de threads: 16
Trocar os melhores indivíduos a cada 30 gerações
Número máximo de gerações: 300
Número máximo de iterações sem melhora: 50
Largura da faixa = 50
Melhor altura = 120

Lower Bound 1 = 100
Lower Bound 2 = 98
Avaliação = 1.2

Tempo de execução: 4s

---------------------------

Melhor até agora: 139 Geração: 0
Melhor até agora: 138 Geração: 1
Melhor até agora: 136 Geração: 2
Melhor até agora: 127 Geração: 3
Melhor até agora: 126 Geração: 15
Melhor até agora: 124 Geração: 19
Melhor até agora: 123 Geração: 27
Melhor até agora: 122 Geração: 41
Melhor até agora: 121 Geração: 50
Melhor até agora: 120 Geração: 60
Melhor até agora: 119 Geração: 109
Melhor até agora: 118 Geração: 115
Melhor até agora: 117 Geração: 127
Tamanho da população: 300
Fração elite: 0.2
Fração mutante: 0.2
Probabilidade herdar alelo elite: 0.7
Número de populações independentes: 2
Número de threads: 16
Trocar os melhores indivíduos a cada 30 gerações
Número máximo de gerações: 300
Número máximo de iterações sem melhora: 50
Largura da faixa = 50
Melhor altura = 117

Lower Bound 1 = 100
Lower Bound 2 = 98
Avaliação = 1.17

Tempo de execução: 5s

---------------------------

Melhor até agora: 132 Geração: 0
Melhor até agora: 131 Geração: 6
Melhor até agora: 127 Geração: 10
Melhor até agora: 126 Geração: 21
Tamanho da população: 300
Fração elite: 0.2
Fração mutante: 0.2
Probabilidade herdar alelo elite: 0.7
Número de populações independentes: 2
Número de threads: 16
Trocar os melhores indivíduos a cada 30 gerações
Número máximo de gerações: 300
Número máximo de iterações sem melhora: 50
Largura da faixa = 50
Melhor altura = 126

Lower Bound 1 = 100
Lower Bound 2 = 98
Avaliação = 1.26

Tempo de execução: 2s

---------------------------

Melhor até agora: 139 Geração: 0
Melhor até agora: 138 Geração: 1
Melhor até agora: 136 Geração: 2
Melhor até agora: 130 Geração: 3
Melhor até agora: 129 Geração: 17
Melhor até agora: 126 Geração: 18
Melhor até agora: 125 Geração: 20
Melhor até agora: 124 Geração: 30
Melhor até agora: 123 Geração: 52
Melhor até agora: 121 Geração: 83
Melhor até agora: 118 Geração: 95
Melhor até agora: 117 Geração: 101
Tamanho da população: 300
Fração elite: 0.2
Fração mutante: 0.2
Probabilidade herdar alelo elite: 0.7
Número de populações independentes: 2
Número de threads: 16
Trocar os melhores indivíduos a cada 30 gerações
Número máximo de gerações: 300
Número máximo de iterações sem melhora: 50
Largura da faixa = 50
Melhor altura = 117

Lower Bound 1 = 100
Lower Bound 2 = 98
Avaliação = 1.17

Tempo de execução: 4s

---------------------------

Melhor até agora: 136 Geração: 0
Melhor até agora: 131 Geração: 1
Melhor até agora: 130 Geração: 3
Melhor até agora: 129 Geração: 5
Melhor até agora: 126 Geração: 6
Melhor até agora: 125 Geração: 17
Melhor até agora: 124 Geração: 31
Melhor até agora: 123 Geração: 54
Melhor até agora: 122 Geração: 76
Melhor até agora: 121 Geração: 77
Melhor até agora: 120 Geração: 83
Tamanho da população: 300
Fração elite: 0.2
Fração mutante: 0.2
Probabilidade herdar alelo elite: 0.7
Número de populações independentes: 2
Número de threads: 16
Trocar os melhores indivíduos a cada 30 gerações
Número máximo de gerações: 300
Número máximo de iterações sem melhora: 50
Largura da faixa = 50
Melhor altura = 120

Lower Bound 1 = 100
Lower Bound 2 = 98
Avaliação = 1.2

Tempo de execução: 4s

---------------------------

Melhor até agora: 137 Geração: 0
Melhor até agora: 135 Geração: 1
Melhor até agora: 131 Geração: 3
Melhor até agora: 130 Geração: 5
Melhor até agora: 123 Geração: 6
Melhor até agora: 122 Geração: 38
Melhor até agora: 120 Geração: 49
Melhor até agora: 117 Geração: 52
Tamanho da população: 300
Fração elite: 0.2
Fração mutante: 0.2
Probabilidade herdar alelo elite: 0.7
Número de populações independentes: 2
Número de threads: 16
Trocar os melhores indivíduos a cada 30 gerações
Número máximo de gerações: 300
Número máximo de iterações sem melhora: 50
Largura da faixa = 50
Melhor altura = 117

Lower Bound 1 = 100
Lower Bound 2 = 98
Avaliação = 1.17

Tempo de execução: 3s

---------------------------

Melhor até agora: 134 Geração: 0
Melhor até agora: 131 Geração: 2
Melhor até agora: 129 Geração: 6
Melhor até agora: 126 Geração: 10
Melhor até agora: 125 Geração: 19
Melhor até agora: 124 Geração: 25
Melhor até agora: 123 Geração: 29
Melhor até agora: 121 Geração: 36
Melhor até agora: 120 Geração: 68
Melhor até agora: 118 Geração: 80
Melhor até agora: 117 Geração: 98
Tamanho da população: 300
Fração elite: 0.2
Fração mutante: 0.2
Probabilidade herdar alelo elite: 0.7
Número de populações independentes: 2
Número de threads: 16
Trocar os melhores indivíduos a cada 30 gerações
Número máximo de gerações: 300
Número máximo de iterações sem melhora: 50
Largura da faixa = 50
Melhor altura = 117

Lower Bound 1 = 100
Lower Bound 2 = 98
Avaliação = 1.17

Tempo de execução: 4s

---------------------------

Melhor até agora: 135 Geração: 0
Melhor até agora: 134 Geração: 3
Melhor até agora: 132 Geração: 5
Melhor até agora: 131 Geração: 7
Melhor até agora: 125 Geração: 8
Tamanho da população: 300
Fração elite: 0.2
Fração mutante: 0.2
Probabilidade herdar alelo elite: 0.7
Número de populações independentes: 2
Número de threads: 16
Trocar os melhores indivíduos a cada 30 gerações
Número máximo de gerações: 300
Número máximo de iterações sem melhora: 50
Largura da faixa = 50
Melhor altura = 125

Lower Bound 1 = 100
Lower Bound 2 = 98
Avaliação = 1.25

Tempo de execução: 2s

---------------------------

Melhor até agora: 133 Geração: 0
Melhor até agora: 131 Geração: 4
Melhor até agora: 128 Geração: 5
Melhor até agora: 126 Geração: 13
Melhor até agora: 125 Geração: 21
Melhor até agora: 123 Geração: 24
Melhor até agora: 122 Geração: 30
Melhor até agora: 120 Geração: 40
Melhor até agora: 119 Geração: 65
Melhor até agora: 118 Geração: 80
Melhor até agora: 117 Geração: 91
Tamanho da população: 300
Fração elite: 0.2
Fração mutante: 0.2
Probabilidade herdar alelo elite: 0.7
Número de populações independentes: 2
Número de threads: 16
Trocar os melhores indivíduos a cada 30 gerações
Número máximo de gerações: 300
Número máximo de iterações sem melhora: 50
Largura da faixa = 50
Melhor altura = 117

Lower Bound 1 = 100
Lower Bound 2 = 98
Avaliação = 1.17

Tempo de execução: 3s

---------------------------

Melhor até agora: 137 Geração: 0
Melhor até agora: 136 Geração: 3
Melhor até agora: 135 Geração: 5
Melhor até agora: 131 Geração: 7
Melhor até agora: 130 Geração: 8
Melhor até agora: 129 Geração: 10
Melhor até agora: 127 Geração: 13
Melhor até agora: 126 Geração: 15
Melhor até agora: 124 Geração: 17
Melhor até agora: 123 Geração: 22
Melhor até agora: 121 Geração: 56
Melhor até agora: 119 Geração: 63
Melhor até agora: 118 Geração: 109
Melhor até agora: 117 Geração: 113
Tamanho da população: 300
Fração elite: 0.2
Fração mutante: 0.2
Probabilidade herdar alelo elite: 0.7
Número de populações independentes: 2
Número de threads: 16
Trocar os melhores indivíduos a cada 30 gerações
Número máximo de gerações: 300
Número máximo de iterações sem melhora: 50
Largura da faixa = 50
Melhor altura = 117

Lower Bound 1 = 100
Lower Bound 2 = 98
Avaliação = 1.17

Tempo de execução: 4s

---------------------------

Melhor até agora: 137 Geração: 0
Melhor até agora: 136 Geração: 4
Melhor até agora: 134 Geração: 5
Melhor até agora: 132 Geração: 6
Melhor até agora: 131 Geração: 9
Melhor até agora: 130 Geração: 10
Melhor até agora: 126 Geração: 12
Tamanho da população: 300
Fração elite: 0.2
Fração mutante: 0.2
Probabilidade herdar alelo elite: 0.7
Número de populações independentes: 2
Número de threads: 16
Trocar os melhores indivíduos a cada 30 gerações
Número máximo de gerações: 300
Número máximo de iterações sem melhora: 50
Largura da faixa = 50
Melhor altura = 126

Lower Bound 1 = 100
Lower Bound 2 = 98
Avaliação = 1.26

Tempo de execução: 2s

---------------------------

Melhor até agora: 135 Geração: 0
Melhor até agora: 131 Geração: 1
Melhor até agora: 130 Geração: 9
Melhor até agora: 128 Geração: 14
Melhor até agora: 126 Geração: 16
Tamanho da população: 300
Fração elite: 0.2
Fração mutante: 0.2
Probabilidade herdar alelo elite: 0.7
Número de populações independentes: 2
Número de threads: 16
Trocar os melhores indivíduos a cada 30 gerações
Número máximo de gerações: 300
Número máximo de iterações sem melhora: 50
Largura da faixa = 50
Melhor altura = 126

Lower Bound 1 = 100
Lower Bound 2 = 98
Avaliação = 1.26

Tempo de execução: 2s

---------------------------

Melhor até agora: 136 Geração: 0
Melhor até agora: 133 Geração: 2
Melhor até agora: 131 Geração: 3
Melhor até agora: 130 Geração: 10
Melhor até agora: 126 Geração: 12
Melhor até agora: 125 Geração: 32
Melhor até agora: 123 Geração: 61
Melhor até agora: 122 Geração: 91
Melhor até agora: 121 Geração: 111
Melhor até agora: 120 Geração: 121
Melhor até agora: 119 Geração: 123
Melhor até agora: 118 Geração: 134
Melhor até agora: 117 Geração: 135
Tamanho da população: 300
Fração elite: 0.2
Fração mutante: 0.2
Probabilidade herdar alelo elite: 0.7
Número de populações independentes: 2
Número de threads: 16
Trocar os melhores indivíduos a cada 30 gerações
Número máximo de gerações: 300
Número máximo de iterações sem melhora: 50
Largura da faixa = 50
Melhor altura = 117

Lower Bound 1 = 100
Lower Bound 2 = 98
Avaliação = 1.17

Tempo de execução: 6s

---------------------------

Melhor até agora: 139 Geração: 0
Melhor até agora: 137 Geração: 3
Melhor até agora: 136 Geração: 4
Melhor até agora: 131 Geração: 6
Melhor até agora: 130 Geração: 8
Melhor até agora: 126 Geração: 12
Melhor até agora: 124 Geração: 18
Melhor até agora: 120 Geração: 33
Tamanho da população: 300
Fração elite: 0.2
Fração mutante: 0.2
Probabilidade herdar alelo elite: 0.7
Número de populações independentes: 2
Número de threads: 16
Trocar os melhores indivíduos a cada 30 gerações
Número máximo de gerações: 300
Número máximo de iterações sem melhora: 50
Largura da faixa = 50
Melhor altura = 120

Lower Bound 1 = 100
Lower Bound 2 = 98
Avaliação = 1.2

Tempo de execução: 2s

---------------------------
Tamanho da população: 389
Fração elite: 0.5799
Fração mutante: 0.0086
Probabilidade herdar alelo elite: 0.7325
Número de populações independentes: 1
Número de threads: 1
Trocar os melhores indivíduos a cada 30 gerações
Número máximo de gerações: 338
Número máximo de iterações sem melhora: 70
Largura da faixa = 50
Melhor altura = 117

Lower Bound 1 = 100
Lower Bound 2 = 98
Avaliação = 1.17

Tempo de execução: 6s

---------------------------

Tamanho da população: 389
Fração elite: 0.5799
Fração mutante: 0.0086
Probabilidade herdar alelo elite: 0.7325
Número de populações independentes: 1
Número de threads: 1
Trocar os melhores indivíduos a cada 30 gerações
Número máximo de gerações: 338
Número máximo de iterações sem melhora: 70
Largura da faixa = 50
Melhor altura = 120

Lower Bound 1 = 100
Lower Bound 2 = 98
Avaliação = 1.2

Tempo de execução: 6s

---------------------------

Tamanho da população: 389
Fração elite: 0.5799
Fração mutante: 0.0086
Probabilidade herdar alelo elite: 0.7325
Número de populações independentes: 1
Número de threads: 1
Trocar os melhores indivíduos a cada 30 gerações
Número máximo de gerações: 338
Número máximo de iterações sem melhora: 70
Largura da faixa = 50
Melhor altura = 117

Lower Bound 1 = 100
Lower Bound 2 = 98
Avaliação = 1.17

Tempo de execução: 6s

---------------------------

Tamanho da população: 389
Fração elite: 0.5799
Fração mutante: 0.0086
Probabilidade herdar alelo elite: 0.7325
Número de populações independentes: 1
Número de threads: 1
Trocar os melhores indivíduos a cada 30 gerações
Número máximo de gerações: 338
Número máximo de iterações sem melhora: 70
Largura da faixa = 50
Melhor altura = 117

Lower Bound 1 = 100
Lower Bound 2 = 98
Avaliação = 1.17

Tempo de execução: 6s

---------------------------

Tamanho da população: 389
Fração elite: 0.5799
Fração mutante: 0.0086
Probabilidade herdar alelo elite: 0.7325
Número de populações independentes: 1
Número de threads: 1
Trocar os melhores indivíduos a cada 30 gerações
Número máximo de gerações: 338
Número máximo de iterações sem melhora: 70
Largura da faixa = 50
Melhor altura = 120

Lower Bound 1 = 100
Lower Bound 2 = 98
Avaliação = 1.2

Tempo de execução: 5s

---------------------------

Tamanho da população: 389
Fração elite: 0.5799
Fração mutante: 0.0086
Probabilidade herdar alelo elite: 0.7325
Número de populações independentes: 1
Número de threads: 1
Trocar os melhores indivíduos a cada 30 gerações
Número máximo de gerações: 338
Número máximo de iterações sem melhora: 70
Largura da faixa = 50
Melhor altura = 117

Lower Bound 1 = 100
Lower Bound 2 = 98
Avaliação = 1.17

Tempo de execução: 5s

---------------------------

Tamanho da população: 389
Fração elite: 0.5799
Fração mutante: 0.0086
Probabilidade herdar alelo elite: 0.7325
Número de populações independentes: 1
Número de threads: 1
Trocar os melhores indivíduos a cada 30 gerações
Número máximo de gerações: 338
Número máximo de iterações sem melhora: 70
Largura da faixa = 50
Melhor altura = 120

Lower Bound 1 = 100
Lower Bound 2 = 98
Avaliação = 1.2

Tempo de execução: 6s

---------------------------

Tamanho da população: 389
Fração elite: 0.5799
Fração mutante: 0.0086
Probabilidade herdar alelo elite: 0.7325
Número de populações independentes: 1
Número de threads: 1
Trocar os melhores indivíduos a cada 30 gerações
Número máximo de gerações: 338
Número máximo de iterações sem melhora: 70
Largura da faixa = 50
Melhor altura = 120

Lower Bound 1 = 100
Lower Bound 2 = 98
Avaliação = 1.2

Tempo de execução: 6s

---------------------------

Tamanho da população: 389
Fração elite: 0.5799
Fração mutante: 0.0086
Probabilidade herdar alelo elite: 0.7325
Número de populações independentes: 1
Número de threads: 1
Trocar os melhores indivíduos a cada 30 gerações
Número máximo de gerações: 338
Número máximo de iterações sem melhora: 70
Largura da faixa = 50
Melhor altura = 117

Lower Bound 1 = 100
Lower Bound 2 = 98
Avaliação = 1.17

Tempo de execução: 6s

---------------------------

Tamanho da população: 389
Fração elite: 0.5799
Fração mutante: 0.0086
Probabilidade herdar alelo elite: 0.7325
Número de populações independentes: 1
Número de threads: 1
Trocar os melhores indivíduos a cada 30 gerações
Número máximo de gerações: 338
Número máximo de iterações sem melhora: 70
Largura da faixa = 50
Melhor altura = 117

Lower Bound 1 = 100
Lower Bound 2 = 98
Avaliação = 1.17

Tempo de execução: 6s

---------------------------

Tamanho da população: 389
Fração elite: 0.5799
Fração mutante: 0.0086
Probabilidade herdar alelo elite: 0.7325
Número de populações independentes: 1
Número de threads: 1
Trocar os melhores indivíduos a cada 30 gerações
Número máximo de gerações: 338
Número máximo de iterações sem melhora: 70
Largura da faixa = 50
Melhor altura = 117

Lower Bound 1 = 100
Lower Bound 2 = 98
Avaliação = 1.17

Tempo de execução: 6s

---------------------------

Tamanho da população: 389
Fração elite: 0.5799
Fração mutante: 0.0086
Probabilidade herdar alelo elite: 0.7325
Número de populações independentes: 1
Número de threads: 1
Trocar os melhores indivíduos a cada 30 gerações
Número máximo de gerações: 338
Número máximo de iterações sem melhora: 70
Largura da faixa = 50
Melhor altura = 117

Lower Bound 1 = 100
Lower Bound 2 = 98
Avaliação = 1.17

Tempo de execução: 6s

---------------------------

Tamanho da população: 389
Fração elite: 0.5799
Fração mutante: 0.0086
Probabilidade herdar alelo elite: 0.7325
Número de populações independentes: 1
Número de threads: 1
Trocar os melhores indivíduos a cada 30 gerações
Número máximo de gerações: 338
Número máximo de iterações sem melhora: 70
Largura da faixa = 50
Melhor altura = 117

Lower Bound 1 = 100
Lower Bound 2 = 98
Avaliação = 1.17

Tempo de execução: 6s

---------------------------

Tamanho da população: 389
Fração elite: 0.5799
Fração mutante: 0.0086
Probabilidade herdar alelo elite: 0.7325
Número de populações independentes: 1
Número de threads: 1
Trocar os melhores indivíduos a cada 30 gerações
Número máximo de gerações: 338
Número máximo de iterações sem melhora: 70
Largura da faixa = 50
Melhor altura = 120

Lower Bound 1 = 100
Lower Bound 2 = 98
Avaliação = 1.2

Tempo de execução: 6s

---------------------------

Tamanho da população: 389
Fração elite: 0.5799
Fração mutante: 0.0086
Probabilidade herdar alelo elite: 0.7325
Número de populações independentes: 1
Número de threads: 1
Trocar os melhores indivíduos a cada 30 gerações
Número máximo de gerações: 338
Número máximo de iterações sem melhora: 70
Largura da faixa = 50
Melhor altura = 120

Lower Bound 1 = 100
Lower Bound 2 = 98
Avaliação = 1.2

Tempo de execução: 6s

---------------------------

Tamanho da população: 389
Fração elite: 0.5799
Fração mutante: 0.0086
Probabilidade herdar alelo elite: 0.7325
Número de populações independentes: 1
Número de threads: 1
Trocar os melhores indivíduos a cada 30 gerações
Número máximo de gerações: 338
Número máximo de iterações sem melhora: 70
Largura da faixa = 50
Melhor altura = 117

Lower Bound 1 = 100
Lower Bound 2 = 98
Avaliação = 1.17

Tempo de execução: 6s

---------------------------

Tamanho da população: 389
Fração elite: 0.5799
Fração mutante: 0.0086
Probabilidade herdar alelo elite: 0.7325
Número de populações independentes: 1
Número de threads: 1
Trocar os melhores indivíduos a cada 30 gerações
Número máximo de gerações: 338
Número máximo de iterações sem melhora: 70
Largura da faixa = 50
Melhor altura = 118

Lower Bound 1 = 100
Lower Bound 2 = 98
Avaliação = 1.18

Tempo de execução: 6s

---------------------------

Tamanho da população: 389
Fração elite: 0.5799
Fração mutante: 0.0086
Probabilidade herdar alelo elite: 0.7325
Número de populações independentes: 1
Número de threads: 1
Trocar os melhores indivíduos a cada 30 gerações
Número máximo de gerações: 338
Número máximo de iterações sem melhora: 70
Largura da faixa = 50
Melhor altura = 117

Lower Bound 1 = 100
Lower Bound 2 = 98
Avaliação = 1.17

Tempo de execução: 6s

---------------------------

Tamanho da população: 389
Fração elite: 0.5799
Fração mutante: 0.0086
Probabilidade herdar alelo elite: 0.7325
Número de populações independentes: 1
Número de threads: 1
Trocar os melhores indivíduos a cada 30 gerações
Número máximo de gerações: 338
Número máximo de iterações sem melhora: 70
Largura da faixa = 50
Melhor altura = 117

Lower Bound 1 = 100
Lower Bound 2 = 98
Avaliação = 1.17

Tempo de execução: 6s

---------------------------

Tamanho da população: 389
Fração elite: 0.5799
Fração mutante: 0.0086
Probabilidade herdar alelo elite: 0.7325
Número de populações independentes: 1
Número de threads: 1
Trocar os melhores indivíduos a cada 30 gerações
Número máximo de gerações: 338
Número máximo de iterações sem melhora: 70
Largura da faixa = 50
Melhor altura = 118

Lower Bound 1 = 100
Lower Bound 2 = 98
Avaliação = 1.18

Tempo de execução: 6s

---------------------------

Tamanho da população: 297
Fração elite: 0.55
Fração mutante: 0.0174
Probabilidade herdar alelo elite: 0.7678
Número de populações independentes: 1
Número de threads: 1
Trocar os melhores indivíduos a cada 30 gerações
Número máximo de gerações: 279

Largura da faixa = 50
Melhor altura = 117

Lower Bound 1 = 100
Lower Bound 2 = 98
Avaliação = 1.17

Tempo de execução: 7.17149s

---------------------------

Tamanho da população: 297
Fração elite: 0.55
Fração mutante: 0.0174
Probabilidade herdar alelo elite: 0.7678
Número de populações independentes: 1
Número de threads: 1
Trocar os melhores indivíduos a cada 30 gerações
Número máximo de gerações: 279

Largura da faixa = 50
Melhor altura = 117

Lower Bound 1 = 100
Lower Bound 2 = 98
Avaliação = 1.17

Tempo de execução: 7.32034s

---------------------------

Tamanho da população: 297
Fração elite: 0.55
Fração mutante: 0.0174
Probabilidade herdar alelo elite: 0.7678
Número de populações independentes: 1
Número de threads: 1
Trocar os melhores indivíduos a cada 30 gerações
Número máximo de gerações: 279

Largura da faixa = 50
Melhor altura = 118

Lower Bound 1 = 100
Lower Bound 2 = 98
Avaliação = 1.18

Tempo de execução: 7.51682s

---------------------------

Tamanho da população: 297
Fração elite: 0.55
Fração mutante: 0.0174
Probabilidade herdar alelo elite: 0.7678
Número de populações independentes: 1
Número de threads: 1
Trocar os melhores indivíduos a cada 30 gerações
Número máximo de gerações: 279

Largura da faixa = 50
Melhor altura = 119

Lower Bound 1 = 100
Lower Bound 2 = 98
Avaliação = 1.19

Tempo de execução: 5.50407s

---------------------------

Tamanho da população: 297
Fração elite: 0.55
Fração mutante: 0.0174
Probabilidade herdar alelo elite: 0.7678
Número de populações independentes: 1
Número de threads: 1
Trocar os melhores indivíduos a cada 30 gerações
Número máximo de gerações: 279

Largura da faixa = 50
Melhor altura = 117

Lower Bound 1 = 100
Lower Bound 2 = 98
Avaliação = 1.17

Tempo de execução: 6.32725s

---------------------------

Tamanho da população: 297
Fração elite: 0.55
Fração mutante: 0.0174
Probabilidade herdar alelo elite: 0.7678
Número de populações independentes: 1
Número de threads: 1
Trocar os melhores indivíduos a cada 30 gerações
Número máximo de gerações: 279

Largura da faixa = 50
Melhor altura = 117

Lower Bound 1 = 100
Lower Bound 2 = 98
Avaliação = 1.17

Tempo de execução: 7.12492s

---------------------------

Tamanho da população: 297
Fração elite: 0.55
Fração mutante: 0.0174
Probabilidade herdar alelo elite: 0.7678
Número de populações independentes: 1
Número de threads: 1
Trocar os melhores indivíduos a cada 30 gerações
Número máximo de gerações: 279

Largura da faixa = 50
Melhor altura = 120

Lower Bound 1 = 100
Lower Bound 2 = 98
Avaliação = 1.2

Tempo de execução: 6.71706s

---------------------------

Tamanho da população: 297
Fração elite: 0.55
Fração mutante: 0.0174
Probabilidade herdar alelo elite: 0.7678
Número de populações independentes: 1
Número de threads: 1
Trocar os melhores indivíduos a cada 30 gerações
Número máximo de gerações: 279

Largura da faixa = 50
Melhor altura = 126

Lower Bound 1 = 100
Lower Bound 2 = 98
Avaliação = 1.26

Tempo de execução: 7.12396s

---------------------------

Tamanho da população: 297
Fração elite: 0.55
Fração mutante: 0.0174
Probabilidade herdar alelo elite: 0.7678
Número de populações independentes: 1
Número de threads: 1
Trocar os melhores indivíduos a cada 30 gerações
Número máximo de gerações: 279

Largura da faixa = 50
Melhor altura = 117

Lower Bound 1 = 100
Lower Bound 2 = 98
Avaliação = 1.17

Tempo de execução: 7.12609s

---------------------------

Tamanho da população: 297
Fração elite: 0.55
Fração mutante: 0.0174
Probabilidade herdar alelo elite: 0.7678
Número de populações independentes: 1
Número de threads: 1
Trocar os melhores indivíduos a cada 30 gerações
Número máximo de gerações: 279

Largura da faixa = 50
Melhor altura = 117

Lower Bound 1 = 100
Lower Bound 2 = 98
Avaliação = 1.17

Tempo de execução: 5.30185s

---------------------------

Tamanho da população: 297
Fração elite: 0.55
Fração mutante: 0.0174
Probabilidade herdar alelo elite: 0.7678
Número de populações independentes: 1
Número de threads: 1
Trocar os melhores indivíduos a cada 30 gerações
Número máximo de gerações: 279

Largura da faixa = 50
Melhor altura = 122

Lower Bound 1 = 100
Lower Bound 2 = 98
Avaliação = 1.22

Tempo de execução: 6.04375s

---------------------------

Tamanho da população: 297
Fração elite: 0.55
Fração mutante: 0.0174
Probabilidade herdar alelo elite: 0.7678
Número de populações independentes: 1
Número de threads: 1
Trocar os melhores indivíduos a cada 30 gerações
Número máximo de gerações: 279

Largura da faixa = 50
Melhor altura = 120

Lower Bound 1 = 100
Lower Bound 2 = 98
Avaliação = 1.2

Tempo de execução: 6.51469s

---------------------------

Tamanho da população: 297
Fração elite: 0.55
Fração mutante: 0.0174
Probabilidade herdar alelo elite: 0.7678
Número de populações independentes: 1
Número de threads: 1
Trocar os melhores indivíduos a cada 30 gerações
Número máximo de gerações: 279

Largura da faixa = 50
Melhor altura = 118

Lower Bound 1 = 100
Lower Bound 2 = 98
Avaliação = 1.18

Tempo de execução: 4.98725s

---------------------------

Tamanho da população: 297
Fração elite: 0.55
Fração mutante: 0.0174
Probabilidade herdar alelo elite: 0.7678
Número de populações independentes: 1
Número de threads: 1
Trocar os melhores indivíduos a cada 30 gerações
Número máximo de gerações: 279

Largura da faixa = 50
Melhor altura = 120

Lower Bound 1 = 100
Lower Bound 2 = 98
Avaliação = 1.2

Tempo de execução: 7.60586s

---------------------------

Tamanho da população: 297
Fração elite: 0.55
Fração mutante: 0.0174
Probabilidade herdar alelo elite: 0.7678
Número de populações independentes: 1
Número de threads: 1
Trocar os melhores indivíduos a cada 30 gerações
Número máximo de gerações: 279

Largura da faixa = 50
Melhor altura = 120

Lower Bound 1 = 100
Lower Bound 2 = 98
Avaliação = 1.2

Tempo de execução: 7.8535s

---------------------------

Tamanho da população: 297
Fração elite: 0.55
Fração mutante: 0.0174
Probabilidade herdar alelo elite: 0.7678
Número de populações independentes: 1
Número de threads: 1
Trocar os melhores indivíduos a cada 30 gerações
Número máximo de gerações: 279

Largura da faixa = 50
Melhor altura = 117

Lower Bound 1 = 100
Lower Bound 2 = 98
Avaliação = 1.17

Tempo de execução: 7.14908s

---------------------------

Tamanho da população: 297
Fração elite: 0.55
Fração mutante: 0.0174
Probabilidade herdar alelo elite: 0.7678
Número de populações independentes: 1
Número de threads: 1
Trocar os melhores indivíduos a cada 30 gerações
Número máximo de gerações: 279

Largura da faixa = 50
Melhor altura = 120

Lower Bound 1 = 100
Lower Bound 2 = 98
Avaliação = 1.2

Tempo de execução: 7.25911s

---------------------------

Tamanho da população: 297
Fração elite: 0.55
Fração mutante: 0.0174
Probabilidade herdar alelo elite: 0.7678
Número de populações independentes: 1
Número de threads: 1
Trocar os melhores indivíduos a cada 30 gerações
Número máximo de gerações: 279

Largura da faixa = 50
Melhor altura = 118

Lower Bound 1 = 100
Lower Bound 2 = 98
Avaliação = 1.18

Tempo de execução: 7.71386s

---------------------------

Tamanho da população: 297
Fração elite: 0.55
Fração mutante: 0.0174
Probabilidade herdar alelo elite: 0.7678
Número de populações independentes: 1
Número de threads: 1
Trocar os melhores indivíduos a cada 30 gerações
Número máximo de gerações: 279

Largura da faixa = 50
Melhor altura = 120

Lower Bound 1 = 100
Lower Bound 2 = 98
Avaliação = 1.2

Tempo de execução: 7.24974s

---------------------------

Tamanho da população: 297
Fração elite: 0.55
Fração mutante: 0.0174
Probabilidade herdar alelo elite: 0.7678
Número de populações independentes: 1
Número de threads: 1
Trocar os melhores indivíduos a cada 30 gerações
Número máximo de gerações: 279

Largura da faixa = 50
Melhor altura = 119

Lower Bound 1 = 100
Lower Bound 2 = 98
Avaliação = 1.19

Tempo de execução: 7.34702s

---------------------------

Tamanho da população: 392
Fração elite: 0.2567
Fração mutante: 0.0202
Probabilidade herdar alelo elite: 0.6001
Número de populações independentes: 1
Número de threads: 1
Número máximo de gerações: 364

Largura da faixa = 50
Melhor altura = 117

Lower Bound 1 = 100
Lower Bound 2 = 98
Avaliação = 1.17

Tempo de execução: 8.02232s

---------------------------

Tamanho da população: 392
Fração elite: 0.2567
Fração mutante: 0.0202
Probabilidade herdar alelo elite: 0.6001
Número de populações independentes: 1
Número de threads: 1
Número máximo de gerações: 364

Largura da faixa = 50
Melhor altura = 117

Lower Bound 1 = 100
Lower Bound 2 = 98
Avaliação = 1.17

Tempo de execução: 8.21741s

---------------------------

Tamanho da população: 392
Fração elite: 0.2567
Fração mutante: 0.0202
Probabilidade herdar alelo elite: 0.6001
Número de populações independentes: 1
Número de threads: 1
Número máximo de gerações: 364

Largura da faixa = 50
Melhor altura = 118

Lower Bound 1 = 100
Lower Bound 2 = 98
Avaliação = 1.18

Tempo de execução: 8.26983s

---------------------------

Tamanho da população: 392
Fração elite: 0.2567
Fração mutante: 0.0202
Probabilidade herdar alelo elite: 0.6001
Número de populações independentes: 1
Número de threads: 1
Número máximo de gerações: 364

Largura da faixa = 50
Melhor altura = 117

Lower Bound 1 = 100
Lower Bound 2 = 98
Avaliação = 1.17

Tempo de execução: 8.17608s

---------------------------

Tamanho da população: 392
Fração elite: 0.2567
Fração mutante: 0.0202
Probabilidade herdar alelo elite: 0.6001
Número de populações independentes: 1
Número de threads: 1
Número máximo de gerações: 364

Largura da faixa = 50
Melhor altura = 125

Lower Bound 1 = 100
Lower Bound 2 = 98
Avaliação = 1.25

Tempo de execução: 8.48574s

---------------------------

Tamanho da população: 392
Fração elite: 0.2567
Fração mutante: 0.0202
Probabilidade herdar alelo elite: 0.6001
Número de populações independentes: 1
Número de threads: 1
Número máximo de gerações: 364

Largura da faixa = 50
Melhor altura = 123

Lower Bound 1 = 100
Lower Bound 2 = 98
Avaliação = 1.23

Tempo de execução: 8.64166s

---------------------------

Tamanho da população: 392
Fração elite: 0.2567
Fração mutante: 0.0202
Probabilidade herdar alelo elite: 0.6001
Número de populações independentes: 1
Número de threads: 1
Número máximo de gerações: 364

Largura da faixa = 50
Melhor altura = 118

Lower Bound 1 = 100
Lower Bound 2 = 98
Avaliação = 1.18

Tempo de execução: 8.17093s

---------------------------

Tamanho da população: 392
Fração elite: 0.2567
Fração mutante: 0.0202
Probabilidade herdar alelo elite: 0.6001
Número de populações independentes: 1
Número de threads: 1
Número máximo de gerações: 364

Largura da faixa = 50
Melhor altura = 118

Lower Bound 1 = 100
Lower Bound 2 = 98
Avaliação = 1.18

Tempo de execução: 8.28947s

---------------------------

Tamanho da população: 392
Fração elite: 0.2567
Fração mutante: 0.0202
Probabilidade herdar alelo elite: 0.6001
Número de populações independentes: 1
Número de threads: 1
Número máximo de gerações: 364

Largura da faixa = 50
Melhor altura = 126

Lower Bound 1 = 100
Lower Bound 2 = 98
Avaliação = 1.26

Tempo de execução: 8.40184s

---------------------------

Tamanho da população: 392
Fração elite: 0.2567
Fração mutante: 0.0202
Probabilidade herdar alelo elite: 0.6001
Número de populações independentes: 1
Número de threads: 1
Número máximo de gerações: 364

Largura da faixa = 50
Melhor altura = 118

Lower Bound 1 = 100
Lower Bound 2 = 98
Avaliação = 1.18

Tempo de execução: 7.96654s

---------------------------

Tamanho da população: 392
Fração elite: 0.2567
Fração mutante: 0.0202
Probabilidade herdar alelo elite: 0.6001
Número de populações independentes: 1
Número de threads: 1
Número máximo de gerações: 364

Largura da faixa = 50
Melhor altura = 120

Lower Bound 1 = 100
Lower Bound 2 = 98
Avaliação = 1.2

Tempo de execução: 8.33719s

---------------------------

Tamanho da população: 392
Fração elite: 0.2567
Fração mutante: 0.0202
Probabilidade herdar alelo elite: 0.6001
Número de populações independentes: 1
Número de threads: 1
Número máximo de gerações: 364

Largura da faixa = 50
Melhor altura = 126

Lower Bound 1 = 100
Lower Bound 2 = 98
Avaliação = 1.26

Tempo de execução: 8.38281s

---------------------------

Tamanho da população: 392
Fração elite: 0.2567
Fração mutante: 0.0202
Probabilidade herdar alelo elite: 0.6001
Número de populações independentes: 1
Número de threads: 1
Número máximo de gerações: 364

Largura da faixa = 50
Melhor altura = 117

Lower Bound 1 = 100
Lower Bound 2 = 98
Avaliação = 1.17

Tempo de execução: 8.08752s

---------------------------

Tamanho da população: 392
Fração elite: 0.2567
Fração mutante: 0.0202
Probabilidade herdar alelo elite: 0.6001
Número de populações independentes: 1
Número de threads: 1
Número máximo de gerações: 364

Largura da faixa = 50
Melhor altura = 118

Lower Bound 1 = 100
Lower Bound 2 = 98
Avaliação = 1.18

Tempo de execução: 8.1193s

---------------------------

Tamanho da população: 392
Fração elite: 0.2567
Fração mutante: 0.0202
Probabilidade herdar alelo elite: 0.6001
Número de populações independentes: 1
Número de threads: 1
Número máximo de gerações: 364

Largura da faixa = 50
Melhor altura = 117

Lower Bound 1 = 100
Lower Bound 2 = 98
Avaliação = 1.17

Tempo de execução: 8.24207s

---------------------------

Tamanho da população: 392
Fração elite: 0.2567
Fração mutante: 0.0202
Probabilidade herdar alelo elite: 0.6001
Número de populações independentes: 1
Número de threads: 1
Número máximo de gerações: 364

Largura da faixa = 50
Melhor altura = 117

Lower Bound 1 = 100
Lower Bound 2 = 98
Avaliação = 1.17

Tempo de execução: 7.99206s

---------------------------

Tamanho da população: 392
Fração elite: 0.2567
Fração mutante: 0.0202
Probabilidade herdar alelo elite: 0.6001
Número de populações independentes: 1
Número de threads: 1
Número máximo de gerações: 364

Largura da faixa = 50
Melhor altura = 117

Lower Bound 1 = 100
Lower Bound 2 = 98
Avaliação = 1.17

Tempo de execução: 8.27213s

---------------------------

Tamanho da população: 392
Fração elite: 0.2567
Fração mutante: 0.0202
Probabilidade herdar alelo elite: 0.6001
Número de populações independentes: 1
Número de threads: 1
Número máximo de gerações: 364

Largura da faixa = 50
Melhor altura = 126

Lower Bound 1 = 100
Lower Bound 2 = 98
Avaliação = 1.26

Tempo de execução: 8.47255s

---------------------------

Tamanho da população: 392
Fração elite: 0.2567
Fração mutante: 0.0202
Probabilidade herdar alelo elite: 0.6001
Número de populações independentes: 1
Número de threads: 1
Número máximo de gerações: 364

Largura da faixa = 50
Melhor altura = 117

Lower Bound 1 = 100
Lower Bound 2 = 98
Avaliação = 1.17

Tempo de execução: 8.03932s

---------------------------

Tamanho da população: 392
Fração elite: 0.2567
Fração mutante: 0.0202
Probabilidade herdar alelo elite: 0.6001
Número de populações independentes: 1
Número de threads: 1
Número máximo de gerações: 364

Largura da faixa = 50
Melhor altura = 117

Lower Bound 1 = 100
Lower Bound 2 = 98
Avaliação = 1.17

Tempo de execução: 8.17268s

---------------------------

