Tamanho da população: 475
Fração elite: 0.2121
Fração mutante: 0.0442
Probabilidade herdar alelo elite: 0.6514
Número de populações independentes: 3
Troca de informação de 4 individuos a cada 241 gerações
Número de threads: 1

Largura da faixa = 54
Melhor altura = 161

Lower Bound 1 = 138
Lower Bound 2 = 106
Avaliação = 1.16667

Tempo de execução: 60.0033s

---------------------------

Tamanho da população: 475
Fração elite: 0.2121
Fração mutante: 0.0442
Probabilidade herdar alelo elite: 0.6514
Número de populações independentes: 3
Troca de informação de 4 individuos a cada 241 gerações
Número de threads: 1

Largura da faixa = 54
Melhor altura = 161

Lower Bound 1 = 138
Lower Bound 2 = 106
Avaliação = 1.16667

Tempo de execução: 60.0481s

---------------------------

Tamanho da população: 475
Fração elite: 0.2121
Fração mutante: 0.0442
Probabilidade herdar alelo elite: 0.6514
Número de populações independentes: 3
Troca de informação de 4 individuos a cada 241 gerações
Número de threads: 1

Largura da faixa = 54
Melhor altura = 158

Lower Bound 1 = 138
Lower Bound 2 = 106
Avaliação = 1.14493

Tempo de execução: 60.0703s

---------------------------

Tamanho da população: 475
Fração elite: 0.2121
Fração mutante: 0.0442
Probabilidade herdar alelo elite: 0.6514
Número de populações independentes: 3
Troca de informação de 4 individuos a cada 241 gerações
Número de threads: 1

Largura da faixa = 54
Melhor altura = 160

Lower Bound 1 = 138
Lower Bound 2 = 106
Avaliação = 1.15942

Tempo de execução: 60.0371s

---------------------------

Tamanho da população: 475
Fração elite: 0.2121
Fração mutante: 0.0442
Probabilidade herdar alelo elite: 0.6514
Número de populações independentes: 3
Troca de informação de 4 individuos a cada 241 gerações
Número de threads: 1

Largura da faixa = 54
Melhor altura = 157

Lower Bound 1 = 138
Lower Bound 2 = 106
Avaliação = 1.13768

Tempo de execução: 60.0673s

---------------------------

Tamanho da população: 475
Fração elite: 0.2121
Fração mutante: 0.0442
Probabilidade herdar alelo elite: 0.6514
Número de populações independentes: 3
Troca de informação de 4 individuos a cada 241 gerações
Número de threads: 1

Largura da faixa = 54
Melhor altura = 157

Lower Bound 1 = 138
Lower Bound 2 = 106
Avaliação = 1.13768

Tempo de execução: 60.1032s

---------------------------

Tamanho da população: 475
Fração elite: 0.2121
Fração mutante: 0.0442
Probabilidade herdar alelo elite: 0.6514
Número de populações independentes: 3
Troca de informação de 4 individuos a cada 241 gerações
Número de threads: 1

Largura da faixa = 54
Melhor altura = 160

Lower Bound 1 = 138
Lower Bound 2 = 106
Avaliação = 1.15942

Tempo de execução: 60.0042s

---------------------------

Tamanho da população: 475
Fração elite: 0.2121
Fração mutante: 0.0442
Probabilidade herdar alelo elite: 0.6514
Número de populações independentes: 3
Troca de informação de 4 individuos a cada 241 gerações
Número de threads: 1

Largura da faixa = 54
Melhor altura = 159

Lower Bound 1 = 138
Lower Bound 2 = 106
Avaliação = 1.15217

Tempo de execução: 60.0123s

---------------------------

Tamanho da população: 475
Fração elite: 0.2121
Fração mutante: 0.0442
Probabilidade herdar alelo elite: 0.6514
Número de populações independentes: 3
Troca de informação de 4 individuos a cada 241 gerações
Número de threads: 1

Largura da faixa = 54
Melhor altura = 159

Lower Bound 1 = 138
Lower Bound 2 = 106
Avaliação = 1.15217

Tempo de execução: 60.0567s

---------------------------

Tamanho da população: 475
Fração elite: 0.2121
Fração mutante: 0.0442
Probabilidade herdar alelo elite: 0.6514
Número de populações independentes: 3
Troca de informação de 4 individuos a cada 241 gerações
Número de threads: 1

Largura da faixa = 54
Melhor altura = 160

Lower Bound 1 = 138
Lower Bound 2 = 106
Avaliação = 1.15942

Tempo de execução: 60.0129s

---------------------------

Tamanho da população: 475
Fração elite: 0.2121
Fração mutante: 0.0442
Probabilidade herdar alelo elite: 0.6514
Número de populações independentes: 3
Troca de informação de 4 individuos a cada 241 gerações
Número de threads: 1

Largura da faixa = 54
Melhor altura = 159

Lower Bound 1 = 138
Lower Bound 2 = 106
Avaliação = 1.15217

Tempo de execução: 60.1275s

---------------------------

Tamanho da população: 475
Fração elite: 0.2121
Fração mutante: 0.0442
Probabilidade herdar alelo elite: 0.6514
Número de populações independentes: 3
Troca de informação de 4 individuos a cada 241 gerações
Número de threads: 1

Largura da faixa = 54
Melhor altura = 158

Lower Bound 1 = 138
Lower Bound 2 = 106
Avaliação = 1.14493

Tempo de execução: 60.1333s

---------------------------

Tamanho da população: 475
Fração elite: 0.2121
Fração mutante: 0.0442
Probabilidade herdar alelo elite: 0.6514
Número de populações independentes: 3
Troca de informação de 4 individuos a cada 241 gerações
Número de threads: 1

Largura da faixa = 54
Melhor altura = 158

Lower Bound 1 = 138
Lower Bound 2 = 106
Avaliação = 1.14493

Tempo de execução: 60.0072s

---------------------------

Tamanho da população: 475
Fração elite: 0.2121
Fração mutante: 0.0442
Probabilidade herdar alelo elite: 0.6514
Número de populações independentes: 3
Troca de informação de 4 individuos a cada 241 gerações
Número de threads: 1

Largura da faixa = 54
Melhor altura = 165

Lower Bound 1 = 138
Lower Bound 2 = 106
Avaliação = 1.19565

Tempo de execução: 60.0226s

---------------------------

Tamanho da população: 475
Fração elite: 0.2121
Fração mutante: 0.0442
Probabilidade herdar alelo elite: 0.6514
Número de populações independentes: 3
Troca de informação de 4 individuos a cada 241 gerações
Número de threads: 1

Largura da faixa = 54
Melhor altura = 165

Lower Bound 1 = 138
Lower Bound 2 = 106
Avaliação = 1.19565

Tempo de execução: 60.0246s

---------------------------

Tamanho da população: 475
Fração elite: 0.2121
Fração mutante: 0.0442
Probabilidade herdar alelo elite: 0.6514
Número de populações independentes: 3
Troca de informação de 4 individuos a cada 241 gerações
Número de threads: 1

Largura da faixa = 54
Melhor altura = 157

Lower Bound 1 = 138
Lower Bound 2 = 106
Avaliação = 1.13768

Tempo de execução: 60.039s

---------------------------

Tamanho da população: 475
Fração elite: 0.2121
Fração mutante: 0.0442
Probabilidade herdar alelo elite: 0.6514
Número de populações independentes: 3
Troca de informação de 4 individuos a cada 241 gerações
Número de threads: 1

Largura da faixa = 54
Melhor altura = 162

Lower Bound 1 = 138
Lower Bound 2 = 106
Avaliação = 1.17391

Tempo de execução: 60.0462s

---------------------------

Tamanho da população: 475
Fração elite: 0.2121
Fração mutante: 0.0442
Probabilidade herdar alelo elite: 0.6514
Número de populações independentes: 3
Troca de informação de 4 individuos a cada 241 gerações
Número de threads: 1

Largura da faixa = 54
Melhor altura = 158

Lower Bound 1 = 138
Lower Bound 2 = 106
Avaliação = 1.14493

Tempo de execução: 60.0835s

---------------------------

Tamanho da população: 475
Fração elite: 0.2121
Fração mutante: 0.0442
Probabilidade herdar alelo elite: 0.6514
Número de populações independentes: 3
Troca de informação de 4 individuos a cada 241 gerações
Número de threads: 1

Largura da faixa = 54
Melhor altura = 157

Lower Bound 1 = 138
Lower Bound 2 = 106
Avaliação = 1.13768

Tempo de execução: 60.0708s

---------------------------

Tamanho da população: 475
Fração elite: 0.2121
Fração mutante: 0.0442
Probabilidade herdar alelo elite: 0.6514
Número de populações independentes: 3
Troca de informação de 4 individuos a cada 241 gerações
Número de threads: 1

Largura da faixa = 54
Melhor altura = 159

Lower Bound 1 = 138
Lower Bound 2 = 106
Avaliação = 1.15217

Tempo de execução: 60.0948s
