Número de cromossomos: 15
Tamanho da população: 50
Fração elite: 0.2
Fração mutante: 0.1
Probabilidade herdar alelo elite: 0.7
Número de populações independentes: 3
Número de threads: 1
Melhor até agora: 16 Geração: 0
Melhor altura = 16

Tempo de execução: 716ms

---------------------------

Número de cromossomos: 15
Tamanho da população: 50
Fração elite: 0.2
Fração mutante: 0.1
Probabilidade herdar alelo elite: 0.7
Número de populações independentes: 3
Número de threads: 1
Melhor até agora: 16 Geração: 0
Melhor altura = 16

Tempo de execução: 659ms

---------------------------

Número de cromossomos: 15
Tamanho da população: 50
Fração elite: 0.2
Fração mutante: 0.1
Probabilidade herdar alelo elite: 0.7
Número de populações independentes: 3
Número de threads: 1
Melhor até agora: 16 Geração: 0
Melhor altura = 16

Tempo de execução: 871ms

---------------------------

Número de cromossomos: 15
Tamanho da população: 50
Fração elite: 0.2
Fração mutante: 0.1
Probabilidade herdar alelo elite: 0.7
Número de populações independentes: 3
Número de threads: 1
Melhor até agora: 15 Geração: 0
Melhor altura = 15

Tempo de execução: 763ms

---------------------------

