Número de cromossomos: 24
Tamanho da população: 50
Fração elite: 0.2
Fração mutante: 0.1
Probabilidade herdar alelo elite: 0.7
Número de populações independentes: 3
Número de threads: 1
Melhor até agora: 399 Geração: 0
Melhor altura = 399

Tempo de execução: 1305ms

---------------------------

Número de cromossomos: 24
Tamanho da população: 1000
Fração elite: 0.2
Fração mutante: 0.1
Probabilidade herdar alelo elite: 0.7
Número de populações independentes: 3
Número de threads: 1
Melhor até agora: 399 Geração: 0
Melhor altura = 399

Tempo de execução: 23077ms

---------------------------

Número de cromossomos: 24
Tamanho da população: 500
Fração elite: 0.6
Fração mutante: 0.3
Probabilidade herdar alelo elite: 0.7
Número de populações independentes: 3
Número de threads: 1
Melhor até agora: 564 Geração: 0
Melhor altura = 564

Tempo de execução: 2657ms

---------------------------

Número de cromossomos: 24
Tamanho da população: 500
Fração elite: 0.6
Fração mutante: 0.3
Probabilidade herdar alelo elite: 0.7
Número de populações independentes: 3
Número de threads: 1
Melhor até agora: 564 Geração: 0
Melhor altura = 564

Tempo de execução: 2813ms

---------------------------

Número de cromossomos: 24
Tamanho da população: 500
Fração elite: 0.2
Fração mutante: 0.1
Probabilidade herdar alelo elite: 0.7
Número de populações independentes: 3
Número de threads: 1
Melhor até agora: 337 Geração: 0
Melhor altura = 337

Tempo de execução: 4813ms

---------------------------

Número de cromossomos: 24
Tamanho da população: 500
Fração elite: 0.2
Fração mutante: 0.1
Probabilidade herdar alelo elite: 0.7
Número de populações independentes: 3
Número de threads: 1
Melhor até agora: 564 Geração: 0
Melhor altura = 564

Tempo de execução: 5468ms

---------------------------

