Tamanho da população: 297
Fração elite: 0.55
Fração mutante: 0.0174
Probabilidade herdar alelo elite: 0.7678
Número de populações independentes: 1
Número de threads: 1
Trocar os melhores indivíduos a cada 30 gerações
Número máximo de gerações: 279

Largura da faixa = 26
Melhor altura = 26

Lower Bound 1 = 23
Lower Bound 2 = 26
Avaliação = 1

Tempo de execução: 1.9772s

---------------------------

Tamanho da população: 297
Fração elite: 0.55
Fração mutante: 0.0174
Probabilidade herdar alelo elite: 0.7678
Número de populações independentes: 1
Número de threads: 1
Trocar os melhores indivíduos a cada 30 gerações
Número máximo de gerações: 279

Largura da faixa = 26
Melhor altura = 26

Lower Bound 1 = 23
Lower Bound 2 = 26
Avaliação = 1

Tempo de execução: 2.15362s

---------------------------

Tamanho da população: 297
Fração elite: 0.55
Fração mutante: 0.0174
Probabilidade herdar alelo elite: 0.7678
Número de populações independentes: 1
Número de threads: 1
Trocar os melhores indivíduos a cada 30 gerações
Número máximo de gerações: 279

Largura da faixa = 26
Melhor altura = 26

Lower Bound 1 = 23
Lower Bound 2 = 26
Avaliação = 1

Tempo de execução: 2.20791s

---------------------------

Tamanho da população: 297
Fração elite: 0.55
Fração mutante: 0.0174
Probabilidade herdar alelo elite: 0.7678
Número de populações independentes: 1
Número de threads: 1
Trocar os melhores indivíduos a cada 30 gerações
Número máximo de gerações: 279

Largura da faixa = 26
Melhor altura = 26

Lower Bound 1 = 23
Lower Bound 2 = 26
Avaliação = 1

Tempo de execução: 3.13566s

---------------------------

Tamanho da população: 297
Fração elite: 0.55
Fração mutante: 0.0174
Probabilidade herdar alelo elite: 0.7678
Número de populações independentes: 1
Número de threads: 1
Trocar os melhores indivíduos a cada 30 gerações
Número máximo de gerações: 279

Largura da faixa = 26
Melhor altura = 26

Lower Bound 1 = 23
Lower Bound 2 = 26
Avaliação = 1

Tempo de execução: 3.23268s

---------------------------

Tamanho da população: 297
Fração elite: 0.55
Fração mutante: 0.0174
Probabilidade herdar alelo elite: 0.7678
Número de populações independentes: 1
Número de threads: 1
Trocar os melhores indivíduos a cada 30 gerações
Número máximo de gerações: 279

Largura da faixa = 26
Melhor altura = 26

Lower Bound 1 = 23
Lower Bound 2 = 26
Avaliação = 1

Tempo de execução: 3.30934s

---------------------------

Tamanho da população: 297
Fração elite: 0.55
Fração mutante: 0.0174
Probabilidade herdar alelo elite: 0.7678
Número de populações independentes: 1
Número de threads: 1
Trocar os melhores indivíduos a cada 30 gerações
Número máximo de gerações: 279

Largura da faixa = 26
Melhor altura = 26

Lower Bound 1 = 23
Lower Bound 2 = 26
Avaliação = 1

Tempo de execução: 2.6513s

---------------------------

Tamanho da população: 297
Fração elite: 0.55
Fração mutante: 0.0174
Probabilidade herdar alelo elite: 0.7678
Número de populações independentes: 1
Número de threads: 1
Trocar os melhores indivíduos a cada 30 gerações
Número máximo de gerações: 279

Largura da faixa = 26
Melhor altura = 26

Lower Bound 1 = 23
Lower Bound 2 = 26
Avaliação = 1

Tempo de execução: 2.72318s

---------------------------

Tamanho da população: 297
Fração elite: 0.55
Fração mutante: 0.0174
Probabilidade herdar alelo elite: 0.7678
Número de populações independentes: 1
Número de threads: 1
Trocar os melhores indivíduos a cada 30 gerações
Número máximo de gerações: 279

Largura da faixa = 26
Melhor altura = 26

Lower Bound 1 = 23
Lower Bound 2 = 26
Avaliação = 1

Tempo de execução: 2.99974s

---------------------------

Tamanho da população: 297
Fração elite: 0.55
Fração mutante: 0.0174
Probabilidade herdar alelo elite: 0.7678
Número de populações independentes: 1
Número de threads: 1
Trocar os melhores indivíduos a cada 30 gerações
Número máximo de gerações: 279

Largura da faixa = 26
Melhor altura = 26

Lower Bound 1 = 23
Lower Bound 2 = 26
Avaliação = 1

Tempo de execução: 2.62597s

---------------------------

Tamanho da população: 297
Fração elite: 0.55
Fração mutante: 0.0174
Probabilidade herdar alelo elite: 0.7678
Número de populações independentes: 1
Número de threads: 1
Trocar os melhores indivíduos a cada 30 gerações
Número máximo de gerações: 279

Largura da faixa = 26
Melhor altura = 26

Lower Bound 1 = 23
Lower Bound 2 = 26
Avaliação = 1

Tempo de execução: 2.89688s

---------------------------

Tamanho da população: 297
Fração elite: 0.55
Fração mutante: 0.0174
Probabilidade herdar alelo elite: 0.7678
Número de populações independentes: 1
Número de threads: 1
Trocar os melhores indivíduos a cada 30 gerações
Número máximo de gerações: 279

Largura da faixa = 26
Melhor altura = 26

Lower Bound 1 = 23
Lower Bound 2 = 26
Avaliação = 1

Tempo de execução: 3.0149s

---------------------------

Tamanho da população: 297
Fração elite: 0.55
Fração mutante: 0.0174
Probabilidade herdar alelo elite: 0.7678
Número de populações independentes: 1
Número de threads: 1
Trocar os melhores indivíduos a cada 30 gerações
Número máximo de gerações: 279

Largura da faixa = 26
Melhor altura = 26

Lower Bound 1 = 23
Lower Bound 2 = 26
Avaliação = 1

Tempo de execução: 2.81352s

---------------------------

Tamanho da população: 297
Fração elite: 0.55
Fração mutante: 0.0174
Probabilidade herdar alelo elite: 0.7678
Número de populações independentes: 1
Número de threads: 1
Trocar os melhores indivíduos a cada 30 gerações
Número máximo de gerações: 279

Largura da faixa = 26
Melhor altura = 26

Lower Bound 1 = 23
Lower Bound 2 = 26
Avaliação = 1

Tempo de execução: 3.03607s

---------------------------

Tamanho da população: 297
Fração elite: 0.55
Fração mutante: 0.0174
Probabilidade herdar alelo elite: 0.7678
Número de populações independentes: 1
Número de threads: 1
Trocar os melhores indivíduos a cada 30 gerações
Número máximo de gerações: 279

Largura da faixa = 26
Melhor altura = 26

Lower Bound 1 = 23
Lower Bound 2 = 26
Avaliação = 1

Tempo de execução: 3.19401s

---------------------------

Tamanho da população: 297
Fração elite: 0.55
Fração mutante: 0.0174
Probabilidade herdar alelo elite: 0.7678
Número de populações independentes: 1
Número de threads: 1
Trocar os melhores indivíduos a cada 30 gerações
Número máximo de gerações: 279

Largura da faixa = 26
Melhor altura = 26

Lower Bound 1 = 23
Lower Bound 2 = 26
Avaliação = 1

Tempo de execução: 2.79813s

---------------------------

Tamanho da população: 297
Fração elite: 0.55
Fração mutante: 0.0174
Probabilidade herdar alelo elite: 0.7678
Número de populações independentes: 1
Número de threads: 1
Trocar os melhores indivíduos a cada 30 gerações
Número máximo de gerações: 279

Largura da faixa = 26
Melhor altura = 26

Lower Bound 1 = 23
Lower Bound 2 = 26
Avaliação = 1

Tempo de execução: 2.873s

---------------------------

Tamanho da população: 297
Fração elite: 0.55
Fração mutante: 0.0174
Probabilidade herdar alelo elite: 0.7678
Número de populações independentes: 1
Número de threads: 1
Trocar os melhores indivíduos a cada 30 gerações
Número máximo de gerações: 279

Largura da faixa = 26
Melhor altura = 26

Lower Bound 1 = 23
Lower Bound 2 = 26
Avaliação = 1

Tempo de execução: 2.93151s

---------------------------

Tamanho da população: 297
Fração elite: 0.55
Fração mutante: 0.0174
Probabilidade herdar alelo elite: 0.7678
Número de populações independentes: 1
Número de threads: 1
Trocar os melhores indivíduos a cada 30 gerações
Número máximo de gerações: 279

Largura da faixa = 26
Melhor altura = 26

Lower Bound 1 = 23
Lower Bound 2 = 26
Avaliação = 1

Tempo de execução: 2.17724s

---------------------------

Tamanho da população: 297
Fração elite: 0.55
Fração mutante: 0.0174
Probabilidade herdar alelo elite: 0.7678
Número de populações independentes: 1
Número de threads: 1
Trocar os melhores indivíduos a cada 30 gerações
Número máximo de gerações: 279

Largura da faixa = 26
Melhor altura = 26

Lower Bound 1 = 23
Lower Bound 2 = 26
Avaliação = 1

Tempo de execução: 3.00868s

---------------------------

Tamanho da população: 392
Fração elite: 0.2567
Fração mutante: 0.0202
Probabilidade herdar alelo elite: 0.6001
Número de populações independentes: 1
Número de threads: 1
Número máximo de gerações: 364

Largura da faixa = 26
Melhor altura = 26

Lower Bound 1 = 23
Lower Bound 2 = 26
Avaliação = 1

Tempo de execução: 3.44005s

---------------------------

Tamanho da população: 392
Fração elite: 0.2567
Fração mutante: 0.0202
Probabilidade herdar alelo elite: 0.6001
Número de populações independentes: 1
Número de threads: 1
Número máximo de gerações: 364

Largura da faixa = 26
Melhor altura = 26

Lower Bound 1 = 23
Lower Bound 2 = 26
Avaliação = 1

Tempo de execução: 3.55394s

---------------------------

Tamanho da população: 392
Fração elite: 0.2567
Fração mutante: 0.0202
Probabilidade herdar alelo elite: 0.6001
Número de populações independentes: 1
Número de threads: 1
Número máximo de gerações: 364

Largura da faixa = 26
Melhor altura = 26

Lower Bound 1 = 23
Lower Bound 2 = 26
Avaliação = 1

Tempo de execução: 3.76002s

---------------------------

Tamanho da população: 392
Fração elite: 0.2567
Fração mutante: 0.0202
Probabilidade herdar alelo elite: 0.6001
Número de populações independentes: 1
Número de threads: 1
Número máximo de gerações: 364

Largura da faixa = 26
Melhor altura = 26

Lower Bound 1 = 23
Lower Bound 2 = 26
Avaliação = 1

Tempo de execução: 3.41223s

---------------------------

Tamanho da população: 392
Fração elite: 0.2567
Fração mutante: 0.0202
Probabilidade herdar alelo elite: 0.6001
Número de populações independentes: 1
Número de threads: 1
Número máximo de gerações: 364

Largura da faixa = 26
Melhor altura = 26

Lower Bound 1 = 23
Lower Bound 2 = 26
Avaliação = 1

Tempo de execução: 3.44103s

---------------------------

Tamanho da população: 392
Fração elite: 0.2567
Fração mutante: 0.0202
Probabilidade herdar alelo elite: 0.6001
Número de populações independentes: 1
Número de threads: 1
Número máximo de gerações: 364

Largura da faixa = 26
Melhor altura = 26

Lower Bound 1 = 23
Lower Bound 2 = 26
Avaliação = 1

Tempo de execução: 3.49017s

---------------------------

Tamanho da população: 392
Fração elite: 0.2567
Fração mutante: 0.0202
Probabilidade herdar alelo elite: 0.6001
Número de populações independentes: 1
Número de threads: 1
Número máximo de gerações: 364

Largura da faixa = 26
Melhor altura = 26

Lower Bound 1 = 23
Lower Bound 2 = 26
Avaliação = 1

Tempo de execução: 3.41822s

---------------------------

Tamanho da população: 392
Fração elite: 0.2567
Fração mutante: 0.0202
Probabilidade herdar alelo elite: 0.6001
Número de populações independentes: 1
Número de threads: 1
Número máximo de gerações: 364

Largura da faixa = 26
Melhor altura = 26

Lower Bound 1 = 23
Lower Bound 2 = 26
Avaliação = 1

Tempo de execução: 3.50083s

---------------------------

Tamanho da população: 392
Fração elite: 0.2567
Fração mutante: 0.0202
Probabilidade herdar alelo elite: 0.6001
Número de populações independentes: 1
Número de threads: 1
Número máximo de gerações: 364

Largura da faixa = 26
Melhor altura = 26

Lower Bound 1 = 23
Lower Bound 2 = 26
Avaliação = 1

Tempo de execução: 3.53944s

---------------------------

Tamanho da população: 392
Fração elite: 0.2567
Fração mutante: 0.0202
Probabilidade herdar alelo elite: 0.6001
Número de populações independentes: 1
Número de threads: 1
Número máximo de gerações: 364

Largura da faixa = 26
Melhor altura = 26

Lower Bound 1 = 23
Lower Bound 2 = 26
Avaliação = 1

Tempo de execução: 3.31411s

---------------------------

Tamanho da população: 392
Fração elite: 0.2567
Fração mutante: 0.0202
Probabilidade herdar alelo elite: 0.6001
Número de populações independentes: 1
Número de threads: 1
Número máximo de gerações: 364

Largura da faixa = 26
Melhor altura = 26

Lower Bound 1 = 23
Lower Bound 2 = 26
Avaliação = 1

Tempo de execução: 3.39248s

---------------------------

Tamanho da população: 392
Fração elite: 0.2567
Fração mutante: 0.0202
Probabilidade herdar alelo elite: 0.6001
Número de populações independentes: 1
Número de threads: 1
Número máximo de gerações: 364

Largura da faixa = 26
Melhor altura = 26

Lower Bound 1 = 23
Lower Bound 2 = 26
Avaliação = 1

Tempo de execução: 3.42872s

---------------------------

Tamanho da população: 392
Fração elite: 0.2567
Fração mutante: 0.0202
Probabilidade herdar alelo elite: 0.6001
Número de populações independentes: 1
Número de threads: 1
Número máximo de gerações: 364

Largura da faixa = 26
Melhor altura = 26

Lower Bound 1 = 23
Lower Bound 2 = 26
Avaliação = 1

Tempo de execução: 3.46595s

---------------------------

Tamanho da população: 392
Fração elite: 0.2567
Fração mutante: 0.0202
Probabilidade herdar alelo elite: 0.6001
Número de populações independentes: 1
Número de threads: 1
Número máximo de gerações: 364

Largura da faixa = 26
Melhor altura = 26

Lower Bound 1 = 23
Lower Bound 2 = 26
Avaliação = 1

Tempo de execução: 3.4961s

---------------------------

Tamanho da população: 392
Fração elite: 0.2567
Fração mutante: 0.0202
Probabilidade herdar alelo elite: 0.6001
Número de populações independentes: 1
Número de threads: 1
Número máximo de gerações: 364

Largura da faixa = 26
Melhor altura = 26

Lower Bound 1 = 23
Lower Bound 2 = 26
Avaliação = 1

Tempo de execução: 3.56962s

---------------------------

Tamanho da população: 392
Fração elite: 0.2567
Fração mutante: 0.0202
Probabilidade herdar alelo elite: 0.6001
Número de populações independentes: 1
Número de threads: 1
Número máximo de gerações: 364

Largura da faixa = 26
Melhor altura = 26

Lower Bound 1 = 23
Lower Bound 2 = 26
Avaliação = 1

Tempo de execução: 3.47953s

---------------------------

Tamanho da população: 392
Fração elite: 0.2567
Fração mutante: 0.0202
Probabilidade herdar alelo elite: 0.6001
Número de populações independentes: 1
Número de threads: 1
Número máximo de gerações: 364

Largura da faixa = 26
Melhor altura = 26

Lower Bound 1 = 23
Lower Bound 2 = 26
Avaliação = 1

Tempo de execução: 3.50944s

---------------------------

Tamanho da população: 392
Fração elite: 0.2567
Fração mutante: 0.0202
Probabilidade herdar alelo elite: 0.6001
Número de populações independentes: 1
Número de threads: 1
Número máximo de gerações: 364

Largura da faixa = 26
Melhor altura = 26

Lower Bound 1 = 23
Lower Bound 2 = 26
Avaliação = 1

Tempo de execução: 3.57791s

---------------------------

Tamanho da população: 392
Fração elite: 0.2567
Fração mutante: 0.0202
Probabilidade herdar alelo elite: 0.6001
Número de populações independentes: 1
Número de threads: 1
Número máximo de gerações: 364

Largura da faixa = 26
Melhor altura = 26

Lower Bound 1 = 23
Lower Bound 2 = 26
Avaliação = 1

Tempo de execução: 3.38992s

---------------------------

Tamanho da população: 392
Fração elite: 0.2567
Fração mutante: 0.0202
Probabilidade herdar alelo elite: 0.6001
Número de populações independentes: 1
Número de threads: 1
Número máximo de gerações: 364

Largura da faixa = 26
Melhor altura = 26

Lower Bound 1 = 23
Lower Bound 2 = 26
Avaliação = 1

Tempo de execução: 3.49231s

---------------------------

