Tamanho da população: 475
Fração elite: 0.2121
Fração mutante: 0.0442
Probabilidade herdar alelo elite: 0.6514
Número de populações independentes: 3
Troca de informação de 4 individuos a cada 241 gerações
Número de threads: 1

Largura da faixa = 16
Melhor altura = 39

Lower Bound 1 = 37
Lower Bound 2 = 16
Avaliação = 1.05405

Tempo de execução: 60.0022s

---------------------------

Tamanho da população: 475
Fração elite: 0.2121
Fração mutante: 0.0442
Probabilidade herdar alelo elite: 0.6514
Número de populações independentes: 3
Troca de informação de 4 individuos a cada 241 gerações
Número de threads: 1

Largura da faixa = 16
Melhor altura = 39

Lower Bound 1 = 37
Lower Bound 2 = 16
Avaliação = 1.05405

Tempo de execução: 60.0032s

---------------------------

Tamanho da população: 475
Fração elite: 0.2121
Fração mutante: 0.0442
Probabilidade herdar alelo elite: 0.6514
Número de populações independentes: 3
Troca de informação de 4 individuos a cada 241 gerações
Número de threads: 1

Largura da faixa = 16
Melhor altura = 39

Lower Bound 1 = 37
Lower Bound 2 = 16
Avaliação = 1.05405

Tempo de execução: 60.0153s

---------------------------

Tamanho da população: 475
Fração elite: 0.2121
Fração mutante: 0.0442
Probabilidade herdar alelo elite: 0.6514
Número de populações independentes: 3
Troca de informação de 4 individuos a cada 241 gerações
Número de threads: 1

Largura da faixa = 16
Melhor altura = 39

Lower Bound 1 = 37
Lower Bound 2 = 16
Avaliação = 1.05405

Tempo de execução: 60.0058s

---------------------------

Tamanho da população: 475
Fração elite: 0.2121
Fração mutante: 0.0442
Probabilidade herdar alelo elite: 0.6514
Número de populações independentes: 3
Troca de informação de 4 individuos a cada 241 gerações
Número de threads: 1

Largura da faixa = 16
Melhor altura = 39

Lower Bound 1 = 37
Lower Bound 2 = 16
Avaliação = 1.05405

Tempo de execução: 60.0077s

---------------------------

Tamanho da população: 475
Fração elite: 0.2121
Fração mutante: 0.0442
Probabilidade herdar alelo elite: 0.6514
Número de populações independentes: 3
Troca de informação de 4 individuos a cada 241 gerações
Número de threads: 1

Largura da faixa = 16
Melhor altura = 39

Lower Bound 1 = 37
Lower Bound 2 = 16
Avaliação = 1.05405

Tempo de execução: 60.015s

---------------------------

Tamanho da população: 475
Fração elite: 0.2121
Fração mutante: 0.0442
Probabilidade herdar alelo elite: 0.6514
Número de populações independentes: 3
Troca de informação de 4 individuos a cada 241 gerações
Número de threads: 1

Largura da faixa = 16
Melhor altura = 39

Lower Bound 1 = 37
Lower Bound 2 = 16
Avaliação = 1.05405

Tempo de execução: 60.0041s

---------------------------

Tamanho da população: 475
Fração elite: 0.2121
Fração mutante: 0.0442
Probabilidade herdar alelo elite: 0.6514
Número de populações independentes: 3
Troca de informação de 4 individuos a cada 241 gerações
Número de threads: 1

Largura da faixa = 16
Melhor altura = 39

Lower Bound 1 = 37
Lower Bound 2 = 16
Avaliação = 1.05405

Tempo de execução: 60.0133s

---------------------------

Tamanho da população: 475
Fração elite: 0.2121
Fração mutante: 0.0442
Probabilidade herdar alelo elite: 0.6514
Número de populações independentes: 3
Troca de informação de 4 individuos a cada 241 gerações
Número de threads: 1

Largura da faixa = 16
Melhor altura = 39

Lower Bound 1 = 37
Lower Bound 2 = 16
Avaliação = 1.05405

Tempo de execução: 60.0182s

---------------------------

Tamanho da população: 475
Fração elite: 0.2121
Fração mutante: 0.0442
Probabilidade herdar alelo elite: 0.6514
Número de populações independentes: 3
Troca de informação de 4 individuos a cada 241 gerações
Número de threads: 1

Largura da faixa = 16
Melhor altura = 39

Lower Bound 1 = 37
Lower Bound 2 = 16
Avaliação = 1.05405

Tempo de execução: 60.0015s

---------------------------

Tamanho da população: 475
Fração elite: 0.2121
Fração mutante: 0.0442
Probabilidade herdar alelo elite: 0.6514
Número de populações independentes: 3
Troca de informação de 4 individuos a cada 241 gerações
Número de threads: 1

Largura da faixa = 16
Melhor altura = 39

Lower Bound 1 = 37
Lower Bound 2 = 16
Avaliação = 1.05405

Tempo de execução: 60.0106s

---------------------------

Tamanho da população: 475
Fração elite: 0.2121
Fração mutante: 0.0442
Probabilidade herdar alelo elite: 0.6514
Número de populações independentes: 3
Troca de informação de 4 individuos a cada 241 gerações
Número de threads: 1

Largura da faixa = 16
Melhor altura = 39

Lower Bound 1 = 37
Lower Bound 2 = 16
Avaliação = 1.05405

Tempo de execução: 60.0177s

---------------------------

Tamanho da população: 475
Fração elite: 0.2121
Fração mutante: 0.0442
Probabilidade herdar alelo elite: 0.6514
Número de populações independentes: 3
Troca de informação de 4 individuos a cada 241 gerações
Número de threads: 1

Largura da faixa = 16
Melhor altura = 39

Lower Bound 1 = 37
Lower Bound 2 = 16
Avaliação = 1.05405

Tempo de execução: 60.0092s

---------------------------

Tamanho da população: 475
Fração elite: 0.2121
Fração mutante: 0.0442
Probabilidade herdar alelo elite: 0.6514
Número de populações independentes: 3
Troca de informação de 4 individuos a cada 241 gerações
Número de threads: 1

Largura da faixa = 16
Melhor altura = 39

Lower Bound 1 = 37
Lower Bound 2 = 16
Avaliação = 1.05405

Tempo de execução: 60.0116s

---------------------------

Tamanho da população: 475
Fração elite: 0.2121
Fração mutante: 0.0442
Probabilidade herdar alelo elite: 0.6514
Número de populações independentes: 3
Troca de informação de 4 individuos a cada 241 gerações
Número de threads: 1

Largura da faixa = 16
Melhor altura = 39

Lower Bound 1 = 37
Lower Bound 2 = 16
Avaliação = 1.05405

Tempo de execução: 60.0129s

---------------------------

Tamanho da população: 475
Fração elite: 0.2121
Fração mutante: 0.0442
Probabilidade herdar alelo elite: 0.6514
Número de populações independentes: 3
Troca de informação de 4 individuos a cada 241 gerações
Número de threads: 1

Largura da faixa = 16
Melhor altura = 39

Lower Bound 1 = 37
Lower Bound 2 = 16
Avaliação = 1.05405

Tempo de execução: 60.0003s

---------------------------

Tamanho da população: 475
Fração elite: 0.2121
Fração mutante: 0.0442
Probabilidade herdar alelo elite: 0.6514
Número de populações independentes: 3
Troca de informação de 4 individuos a cada 241 gerações
Número de threads: 1

Largura da faixa = 16
Melhor altura = 39

Lower Bound 1 = 37
Lower Bound 2 = 16
Avaliação = 1.05405

Tempo de execução: 60.0127s

---------------------------

Tamanho da população: 475
Fração elite: 0.2121
Fração mutante: 0.0442
Probabilidade herdar alelo elite: 0.6514
Número de populações independentes: 3
Troca de informação de 4 individuos a cada 241 gerações
Número de threads: 1

Largura da faixa = 16
Melhor altura = 39

Lower Bound 1 = 37
Lower Bound 2 = 16
Avaliação = 1.05405

Tempo de execução: 60.016s

---------------------------

Tamanho da população: 475
Fração elite: 0.2121
Fração mutante: 0.0442
Probabilidade herdar alelo elite: 0.6514
Número de populações independentes: 3
Troca de informação de 4 individuos a cada 241 gerações
Número de threads: 1

Largura da faixa = 16
Melhor altura = 39

Lower Bound 1 = 37
Lower Bound 2 = 16
Avaliação = 1.05405

Tempo de execução: 60.0088s

---------------------------

Tamanho da população: 475
Fração elite: 0.2121
Fração mutante: 0.0442
Probabilidade herdar alelo elite: 0.6514
Número de populações independentes: 3
Troca de informação de 4 individuos a cada 241 gerações
Número de threads: 1

Largura da faixa = 16
Melhor altura = 39

Lower Bound 1 = 37
Lower Bound 2 = 16
Avaliação = 1.05405

Tempo de execução: 60.0128s
