Tamanho da população: 297
Fração elite: 0.55
Fração mutante: 0.0174
Probabilidade herdar alelo elite: 0.7678
Número de populações independentes: 1
Número de threads: 1
Trocar os melhores indivíduos a cada 30 gerações
Número máximo de gerações: 279

Largura da faixa = 25
Melhor altura = 79

Lower Bound 1 = 72
Lower Bound 2 = 25
Avaliação = 1.09722

Tempo de execução: 2.659s

---------------------------

Tamanho da população: 297
Fração elite: 0.55
Fração mutante: 0.0174
Probabilidade herdar alelo elite: 0.7678
Número de populações independentes: 1
Número de threads: 1
Trocar os melhores indivíduos a cada 30 gerações
Número máximo de gerações: 279

Largura da faixa = 25
Melhor altura = 78

Lower Bound 1 = 72
Lower Bound 2 = 25
Avaliação = 1.08333

Tempo de execução: 3.0641s

---------------------------

Tamanho da população: 297
Fração elite: 0.55
Fração mutante: 0.0174
Probabilidade herdar alelo elite: 0.7678
Número de populações independentes: 1
Número de threads: 1
Trocar os melhores indivíduos a cada 30 gerações
Número máximo de gerações: 279

Largura da faixa = 25
Melhor altura = 79

Lower Bound 1 = 72
Lower Bound 2 = 25
Avaliação = 1.09722

Tempo de execução: 3.24764s

---------------------------

Tamanho da população: 297
Fração elite: 0.55
Fração mutante: 0.0174
Probabilidade herdar alelo elite: 0.7678
Número de populações independentes: 1
Número de threads: 1
Trocar os melhores indivíduos a cada 30 gerações
Número máximo de gerações: 279

Largura da faixa = 25
Melhor altura = 79

Lower Bound 1 = 72
Lower Bound 2 = 25
Avaliação = 1.09722

Tempo de execução: 1.89338s

---------------------------

Tamanho da população: 297
Fração elite: 0.55
Fração mutante: 0.0174
Probabilidade herdar alelo elite: 0.7678
Número de populações independentes: 1
Número de threads: 1
Trocar os melhores indivíduos a cada 30 gerações
Número máximo de gerações: 279

Largura da faixa = 25
Melhor altura = 78

Lower Bound 1 = 72
Lower Bound 2 = 25
Avaliação = 1.08333

Tempo de execução: 3.33688s

---------------------------

Tamanho da população: 297
Fração elite: 0.55
Fração mutante: 0.0174
Probabilidade herdar alelo elite: 0.7678
Número de populações independentes: 1
Número de threads: 1
Trocar os melhores indivíduos a cada 30 gerações
Número máximo de gerações: 279

Largura da faixa = 25
Melhor altura = 79

Lower Bound 1 = 72
Lower Bound 2 = 25
Avaliação = 1.09722

Tempo de execução: 3.37599s

---------------------------

Tamanho da população: 297
Fração elite: 0.55
Fração mutante: 0.0174
Probabilidade herdar alelo elite: 0.7678
Número de populações independentes: 1
Número de threads: 1
Trocar os melhores indivíduos a cada 30 gerações
Número máximo de gerações: 279

Largura da faixa = 25
Melhor altura = 80

Lower Bound 1 = 72
Lower Bound 2 = 25
Avaliação = 1.11111

Tempo de execução: 3.29226s

---------------------------

Tamanho da população: 297
Fração elite: 0.55
Fração mutante: 0.0174
Probabilidade herdar alelo elite: 0.7678
Número de populações independentes: 1
Número de threads: 1
Trocar os melhores indivíduos a cada 30 gerações
Número máximo de gerações: 279

Largura da faixa = 25
Melhor altura = 78

Lower Bound 1 = 72
Lower Bound 2 = 25
Avaliação = 1.08333

Tempo de execução: 3.34958s

---------------------------

Tamanho da população: 297
Fração elite: 0.55
Fração mutante: 0.0174
Probabilidade herdar alelo elite: 0.7678
Número de populações independentes: 1
Número de threads: 1
Trocar os melhores indivíduos a cada 30 gerações
Número máximo de gerações: 279

Largura da faixa = 25
Melhor altura = 78

Lower Bound 1 = 72
Lower Bound 2 = 25
Avaliação = 1.08333

Tempo de execução: 3.38219s

---------------------------

Tamanho da população: 297
Fração elite: 0.55
Fração mutante: 0.0174
Probabilidade herdar alelo elite: 0.7678
Número de populações independentes: 1
Número de threads: 1
Trocar os melhores indivíduos a cada 30 gerações
Número máximo de gerações: 279

Largura da faixa = 25
Melhor altura = 81

Lower Bound 1 = 72
Lower Bound 2 = 25
Avaliação = 1.125

Tempo de execução: 2.27053s

---------------------------

Tamanho da população: 297
Fração elite: 0.55
Fração mutante: 0.0174
Probabilidade herdar alelo elite: 0.7678
Número de populações independentes: 1
Número de threads: 1
Trocar os melhores indivíduos a cada 30 gerações
Número máximo de gerações: 279

Largura da faixa = 25
Melhor altura = 78

Lower Bound 1 = 72
Lower Bound 2 = 25
Avaliação = 1.08333

Tempo de execução: 2.84112s

---------------------------

Tamanho da população: 297
Fração elite: 0.55
Fração mutante: 0.0174
Probabilidade herdar alelo elite: 0.7678
Número de populações independentes: 1
Número de threads: 1
Trocar os melhores indivíduos a cada 30 gerações
Número máximo de gerações: 279

Largura da faixa = 25
Melhor altura = 78

Lower Bound 1 = 72
Lower Bound 2 = 25
Avaliação = 1.08333

Tempo de execução: 2.87205s

---------------------------

Tamanho da população: 297
Fração elite: 0.55
Fração mutante: 0.0174
Probabilidade herdar alelo elite: 0.7678
Número de populações independentes: 1
Número de threads: 1
Trocar os melhores indivíduos a cada 30 gerações
Número máximo de gerações: 279

Largura da faixa = 25
Melhor altura = 79

Lower Bound 1 = 72
Lower Bound 2 = 25
Avaliação = 1.09722

Tempo de execução: 3.11373s

---------------------------

Tamanho da população: 297
Fração elite: 0.55
Fração mutante: 0.0174
Probabilidade herdar alelo elite: 0.7678
Número de populações independentes: 1
Número de threads: 1
Trocar os melhores indivíduos a cada 30 gerações
Número máximo de gerações: 279

Largura da faixa = 25
Melhor altura = 79

Lower Bound 1 = 72
Lower Bound 2 = 25
Avaliação = 1.09722

Tempo de execução: 3.1766s

---------------------------

Tamanho da população: 297
Fração elite: 0.55
Fração mutante: 0.0174
Probabilidade herdar alelo elite: 0.7678
Número de populações independentes: 1
Número de threads: 1
Trocar os melhores indivíduos a cada 30 gerações
Número máximo de gerações: 279

Largura da faixa = 25
Melhor altura = 79

Lower Bound 1 = 72
Lower Bound 2 = 25
Avaliação = 1.09722

Tempo de execução: 3.28247s

---------------------------

Tamanho da população: 297
Fração elite: 0.55
Fração mutante: 0.0174
Probabilidade herdar alelo elite: 0.7678
Número de populações independentes: 1
Número de threads: 1
Trocar os melhores indivíduos a cada 30 gerações
Número máximo de gerações: 279

Largura da faixa = 25
Melhor altura = 80

Lower Bound 1 = 72
Lower Bound 2 = 25
Avaliação = 1.11111

Tempo de execução: 2.39802s

---------------------------

Tamanho da população: 297
Fração elite: 0.55
Fração mutante: 0.0174
Probabilidade herdar alelo elite: 0.7678
Número de populações independentes: 1
Número de threads: 1
Trocar os melhores indivíduos a cada 30 gerações
Número máximo de gerações: 279

Largura da faixa = 25
Melhor altura = 78

Lower Bound 1 = 72
Lower Bound 2 = 25
Avaliação = 1.08333

Tempo de execução: 2.68208s

---------------------------

Tamanho da população: 297
Fração elite: 0.55
Fração mutante: 0.0174
Probabilidade herdar alelo elite: 0.7678
Número de populações independentes: 1
Número de threads: 1
Trocar os melhores indivíduos a cada 30 gerações
Número máximo de gerações: 279

Largura da faixa = 25
Melhor altura = 78

Lower Bound 1 = 72
Lower Bound 2 = 25
Avaliação = 1.08333

Tempo de execução: 2.98719s

---------------------------

Tamanho da população: 297
Fração elite: 0.55
Fração mutante: 0.0174
Probabilidade herdar alelo elite: 0.7678
Número de populações independentes: 1
Número de threads: 1
Trocar os melhores indivíduos a cada 30 gerações
Número máximo de gerações: 279

Largura da faixa = 25
Melhor altura = 79

Lower Bound 1 = 72
Lower Bound 2 = 25
Avaliação = 1.09722

Tempo de execução: 1.9505s

---------------------------

Tamanho da população: 297
Fração elite: 0.55
Fração mutante: 0.0174
Probabilidade herdar alelo elite: 0.7678
Número de populações independentes: 1
Número de threads: 1
Trocar os melhores indivíduos a cada 30 gerações
Número máximo de gerações: 279

Largura da faixa = 25
Melhor altura = 79

Lower Bound 1 = 72
Lower Bound 2 = 25
Avaliação = 1.09722

Tempo de execução: 1.97348s

---------------------------

Tamanho da população: 392
Fração elite: 0.2567
Fração mutante: 0.0202
Probabilidade herdar alelo elite: 0.6001
Número de populações independentes: 1
Número de threads: 1
Número máximo de gerações: 364

Largura da faixa = 25
Melhor altura = 79

Lower Bound 1 = 72
Lower Bound 2 = 25
Avaliação = 1.09722

Tempo de execução: 3.45446s

---------------------------

Tamanho da população: 392
Fração elite: 0.2567
Fração mutante: 0.0202
Probabilidade herdar alelo elite: 0.6001
Número de populações independentes: 1
Número de threads: 1
Número máximo de gerações: 364

Largura da faixa = 25
Melhor altura = 79

Lower Bound 1 = 72
Lower Bound 2 = 25
Avaliação = 1.09722

Tempo de execução: 3.49047s

---------------------------

Tamanho da população: 392
Fração elite: 0.2567
Fração mutante: 0.0202
Probabilidade herdar alelo elite: 0.6001
Número de populações independentes: 1
Número de threads: 1
Número máximo de gerações: 364

Largura da faixa = 25
Melhor altura = 77

Lower Bound 1 = 72
Lower Bound 2 = 25
Avaliação = 1.06944

Tempo de execução: 3.55197s

---------------------------

Tamanho da população: 392
Fração elite: 0.2567
Fração mutante: 0.0202
Probabilidade herdar alelo elite: 0.6001
Número de populações independentes: 1
Número de threads: 1
Número máximo de gerações: 364

Largura da faixa = 25
Melhor altura = 79

Lower Bound 1 = 72
Lower Bound 2 = 25
Avaliação = 1.09722

Tempo de execução: 3.47064s

---------------------------

Tamanho da população: 392
Fração elite: 0.2567
Fração mutante: 0.0202
Probabilidade herdar alelo elite: 0.6001
Número de populações independentes: 1
Número de threads: 1
Número máximo de gerações: 364

Largura da faixa = 25
Melhor altura = 79

Lower Bound 1 = 72
Lower Bound 2 = 25
Avaliação = 1.09722

Tempo de execução: 3.65642s

---------------------------

Tamanho da população: 392
Fração elite: 0.2567
Fração mutante: 0.0202
Probabilidade herdar alelo elite: 0.6001
Número de populações independentes: 1
Número de threads: 1
Número máximo de gerações: 364

Largura da faixa = 25
Melhor altura = 79

Lower Bound 1 = 72
Lower Bound 2 = 25
Avaliação = 1.09722

Tempo de execução: 3.6672s

---------------------------

Tamanho da população: 392
Fração elite: 0.2567
Fração mutante: 0.0202
Probabilidade herdar alelo elite: 0.6001
Número de populações independentes: 1
Número de threads: 1
Número máximo de gerações: 364

Largura da faixa = 25
Melhor altura = 79

Lower Bound 1 = 72
Lower Bound 2 = 25
Avaliação = 1.09722

Tempo de execução: 3.45559s

---------------------------

Tamanho da população: 392
Fração elite: 0.2567
Fração mutante: 0.0202
Probabilidade herdar alelo elite: 0.6001
Número de populações independentes: 1
Número de threads: 1
Número máximo de gerações: 364

Largura da faixa = 25
Melhor altura = 79

Lower Bound 1 = 72
Lower Bound 2 = 25
Avaliação = 1.09722

Tempo de execução: 3.51323s

---------------------------

Tamanho da população: 392
Fração elite: 0.2567
Fração mutante: 0.0202
Probabilidade herdar alelo elite: 0.6001
Número de populações independentes: 1
Número de threads: 1
Número máximo de gerações: 364

Largura da faixa = 25
Melhor altura = 79

Lower Bound 1 = 72
Lower Bound 2 = 25
Avaliação = 1.09722

Tempo de execução: 3.54744s

---------------------------

Tamanho da população: 392
Fração elite: 0.2567
Fração mutante: 0.0202
Probabilidade herdar alelo elite: 0.6001
Número de populações independentes: 1
Número de threads: 1
Número máximo de gerações: 364

Largura da faixa = 25
Melhor altura = 79

Lower Bound 1 = 72
Lower Bound 2 = 25
Avaliação = 1.09722

Tempo de execução: 3.50205s

---------------------------

Tamanho da população: 392
Fração elite: 0.2567
Fração mutante: 0.0202
Probabilidade herdar alelo elite: 0.6001
Número de populações independentes: 1
Número de threads: 1
Número máximo de gerações: 364

Largura da faixa = 25
Melhor altura = 79

Lower Bound 1 = 72
Lower Bound 2 = 25
Avaliação = 1.09722

Tempo de execução: 3.58621s

---------------------------

Tamanho da população: 392
Fração elite: 0.2567
Fração mutante: 0.0202
Probabilidade herdar alelo elite: 0.6001
Número de populações independentes: 1
Número de threads: 1
Número máximo de gerações: 364

Largura da faixa = 25
Melhor altura = 78

Lower Bound 1 = 72
Lower Bound 2 = 25
Avaliação = 1.08333

Tempo de execução: 3.61218s

---------------------------

Tamanho da população: 392
Fração elite: 0.2567
Fração mutante: 0.0202
Probabilidade herdar alelo elite: 0.6001
Número de populações independentes: 1
Número de threads: 1
Número máximo de gerações: 364

Largura da faixa = 25
Melhor altura = 79

Lower Bound 1 = 72
Lower Bound 2 = 25
Avaliação = 1.09722

Tempo de execução: 3.56949s

---------------------------

Tamanho da população: 392
Fração elite: 0.2567
Fração mutante: 0.0202
Probabilidade herdar alelo elite: 0.6001
Número de populações independentes: 1
Número de threads: 1
Número máximo de gerações: 364

Largura da faixa = 25
Melhor altura = 80

Lower Bound 1 = 72
Lower Bound 2 = 25
Avaliação = 1.11111

Tempo de execução: 3.58995s

---------------------------

Tamanho da população: 392
Fração elite: 0.2567
Fração mutante: 0.0202
Probabilidade herdar alelo elite: 0.6001
Número de populações independentes: 1
Número de threads: 1
Número máximo de gerações: 364

Largura da faixa = 25
Melhor altura = 79

Lower Bound 1 = 72
Lower Bound 2 = 25
Avaliação = 1.09722

Tempo de execução: 3.59131s

---------------------------

Tamanho da população: 392
Fração elite: 0.2567
Fração mutante: 0.0202
Probabilidade herdar alelo elite: 0.6001
Número de populações independentes: 1
Número de threads: 1
Número máximo de gerações: 364

Largura da faixa = 25
Melhor altura = 79

Lower Bound 1 = 72
Lower Bound 2 = 25
Avaliação = 1.09722

Tempo de execução: 3.44958s

---------------------------

Tamanho da população: 392
Fração elite: 0.2567
Fração mutante: 0.0202
Probabilidade herdar alelo elite: 0.6001
Número de populações independentes: 1
Número de threads: 1
Número máximo de gerações: 364

Largura da faixa = 25
Melhor altura = 79

Lower Bound 1 = 72
Lower Bound 2 = 25
Avaliação = 1.09722

Tempo de execução: 3.45158s

---------------------------

Tamanho da população: 392
Fração elite: 0.2567
Fração mutante: 0.0202
Probabilidade herdar alelo elite: 0.6001
Número de populações independentes: 1
Número de threads: 1
Número máximo de gerações: 364

Largura da faixa = 25
Melhor altura = 79

Lower Bound 1 = 72
Lower Bound 2 = 25
Avaliação = 1.09722

Tempo de execução: 3.62634s

---------------------------

Tamanho da população: 392
Fração elite: 0.2567
Fração mutante: 0.0202
Probabilidade herdar alelo elite: 0.6001
Número de populações independentes: 1
Número de threads: 1
Número máximo de gerações: 364

Largura da faixa = 25
Melhor altura = 79

Lower Bound 1 = 72
Lower Bound 2 = 25
Avaliação = 1.09722

Tempo de execução: 3.42996s

---------------------------

Tamanho da população: 392
Fração elite: 0.2567
Fração mutante: 0.0202
Probabilidade herdar alelo elite: 0.6001
Número de populações independentes: 1
Número de threads: 1
Número máximo de gerações: 364

Largura da faixa = 25
Melhor altura = 79

Lower Bound 1 = 72
Lower Bound 2 = 25
Avaliação = 1.09722

Tempo de execução: 3.52928s

---------------------------

