Tamanho da população: 297
Fração elite: 0.55
Fração mutante: 0.0174
Probabilidade herdar alelo elite: 0.7678
Número de populações independentes: 1
Número de threads: 1
Trocar os melhores indivíduos a cada 30 gerações
Número máximo de gerações: 279

Largura da faixa = 21
Melhor altura = 94

Lower Bound 1 = 85
Lower Bound 2 = 63
Avaliação = 1.10588

Tempo de execução: 1.72311s

---------------------------

Tamanho da população: 297
Fração elite: 0.55
Fração mutante: 0.0174
Probabilidade herdar alelo elite: 0.7678
Número de populações independentes: 1
Número de threads: 1
Trocar os melhores indivíduos a cada 30 gerações
Número máximo de gerações: 279

Largura da faixa = 21
Melhor altura = 94

Lower Bound 1 = 85
Lower Bound 2 = 63
Avaliação = 1.10588

Tempo de execução: 2.07745s

---------------------------

Tamanho da população: 297
Fração elite: 0.55
Fração mutante: 0.0174
Probabilidade herdar alelo elite: 0.7678
Número de populações independentes: 1
Número de threads: 1
Trocar os melhores indivíduos a cada 30 gerações
Número máximo de gerações: 279

Largura da faixa = 21
Melhor altura = 94

Lower Bound 1 = 85
Lower Bound 2 = 63
Avaliação = 1.10588

Tempo de execução: 2.24581s

---------------------------

Tamanho da população: 297
Fração elite: 0.55
Fração mutante: 0.0174
Probabilidade herdar alelo elite: 0.7678
Número de populações independentes: 1
Número de threads: 1
Trocar os melhores indivíduos a cada 30 gerações
Número máximo de gerações: 279

Largura da faixa = 21
Melhor altura = 95

Lower Bound 1 = 85
Lower Bound 2 = 63
Avaliação = 1.11765

Tempo de execução: 2.29164s

---------------------------

Tamanho da população: 297
Fração elite: 0.55
Fração mutante: 0.0174
Probabilidade herdar alelo elite: 0.7678
Número de populações independentes: 1
Número de threads: 1
Trocar os melhores indivíduos a cada 30 gerações
Número máximo de gerações: 279

Largura da faixa = 21
Melhor altura = 92

Lower Bound 1 = 85
Lower Bound 2 = 63
Avaliação = 1.08235

Tempo de execução: 2.42251s

---------------------------

Tamanho da população: 297
Fração elite: 0.55
Fração mutante: 0.0174
Probabilidade herdar alelo elite: 0.7678
Número de populações independentes: 1
Número de threads: 1
Trocar os melhores indivíduos a cada 30 gerações
Número máximo de gerações: 279

Largura da faixa = 21
Melhor altura = 94

Lower Bound 1 = 85
Lower Bound 2 = 63
Avaliação = 1.10588

Tempo de execução: 2.49172s

---------------------------

Tamanho da população: 297
Fração elite: 0.55
Fração mutante: 0.0174
Probabilidade herdar alelo elite: 0.7678
Número de populações independentes: 1
Número de threads: 1
Trocar os melhores indivíduos a cada 30 gerações
Número máximo de gerações: 279

Largura da faixa = 21
Melhor altura = 95

Lower Bound 1 = 85
Lower Bound 2 = 63
Avaliação = 1.11765

Tempo de execução: 2.22304s

---------------------------

Tamanho da população: 297
Fração elite: 0.55
Fração mutante: 0.0174
Probabilidade herdar alelo elite: 0.7678
Número de populações independentes: 1
Número de threads: 1
Trocar os melhores indivíduos a cada 30 gerações
Número máximo de gerações: 279

Largura da faixa = 21
Melhor altura = 94

Lower Bound 1 = 85
Lower Bound 2 = 63
Avaliação = 1.10588

Tempo de execução: 2.60157s

---------------------------

Tamanho da população: 297
Fração elite: 0.55
Fração mutante: 0.0174
Probabilidade herdar alelo elite: 0.7678
Número de populações independentes: 1
Número de threads: 1
Trocar os melhores indivíduos a cada 30 gerações
Número máximo de gerações: 279

Largura da faixa = 21
Melhor altura = 94

Lower Bound 1 = 85
Lower Bound 2 = 63
Avaliação = 1.10588

Tempo de execução: 2.70203s

---------------------------

Tamanho da população: 297
Fração elite: 0.55
Fração mutante: 0.0174
Probabilidade herdar alelo elite: 0.7678
Número de populações independentes: 1
Número de threads: 1
Trocar os melhores indivíduos a cada 30 gerações
Número máximo de gerações: 279

Largura da faixa = 21
Melhor altura = 94

Lower Bound 1 = 85
Lower Bound 2 = 63
Avaliação = 1.10588

Tempo de execução: 1.69584s

---------------------------

Tamanho da população: 297
Fração elite: 0.55
Fração mutante: 0.0174
Probabilidade herdar alelo elite: 0.7678
Número de populações independentes: 1
Número de threads: 1
Trocar os melhores indivíduos a cada 30 gerações
Número máximo de gerações: 279

Largura da faixa = 21
Melhor altura = 95

Lower Bound 1 = 85
Lower Bound 2 = 63
Avaliação = 1.11765

Tempo de execução: 2.6042s

---------------------------

Tamanho da população: 297
Fração elite: 0.55
Fração mutante: 0.0174
Probabilidade herdar alelo elite: 0.7678
Número de populações independentes: 1
Número de threads: 1
Trocar os melhores indivíduos a cada 30 gerações
Número máximo de gerações: 279

Largura da faixa = 21
Melhor altura = 94

Lower Bound 1 = 85
Lower Bound 2 = 63
Avaliação = 1.10588

Tempo de execução: 2.70206s

---------------------------

Tamanho da população: 297
Fração elite: 0.55
Fração mutante: 0.0174
Probabilidade herdar alelo elite: 0.7678
Número de populações independentes: 1
Número de threads: 1
Trocar os melhores indivíduos a cada 30 gerações
Número máximo de gerações: 279

Largura da faixa = 21
Melhor altura = 93

Lower Bound 1 = 85
Lower Bound 2 = 63
Avaliação = 1.09412

Tempo de execução: 1.70873s

---------------------------

Tamanho da população: 297
Fração elite: 0.55
Fração mutante: 0.0174
Probabilidade herdar alelo elite: 0.7678
Número de populações independentes: 1
Número de threads: 1
Trocar os melhores indivíduos a cada 30 gerações
Número máximo de gerações: 279

Largura da faixa = 21
Melhor altura = 94

Lower Bound 1 = 85
Lower Bound 2 = 63
Avaliação = 1.10588

Tempo de execução: 1.92396s

---------------------------

Tamanho da população: 297
Fração elite: 0.55
Fração mutante: 0.0174
Probabilidade herdar alelo elite: 0.7678
Número de populações independentes: 1
Número de threads: 1
Trocar os melhores indivíduos a cada 30 gerações
Número máximo de gerações: 279

Largura da faixa = 21
Melhor altura = 94

Lower Bound 1 = 85
Lower Bound 2 = 63
Avaliação = 1.10588

Tempo de execução: 2.75617s

---------------------------

Tamanho da população: 297
Fração elite: 0.55
Fração mutante: 0.0174
Probabilidade herdar alelo elite: 0.7678
Número de populações independentes: 1
Número de threads: 1
Trocar os melhores indivíduos a cada 30 gerações
Número máximo de gerações: 279

Largura da faixa = 21
Melhor altura = 94

Lower Bound 1 = 85
Lower Bound 2 = 63
Avaliação = 1.10588

Tempo de execução: 2.72234s

---------------------------

Tamanho da população: 297
Fração elite: 0.55
Fração mutante: 0.0174
Probabilidade herdar alelo elite: 0.7678
Número de populações independentes: 1
Número de threads: 1
Trocar os melhores indivíduos a cada 30 gerações
Número máximo de gerações: 279

Largura da faixa = 21
Melhor altura = 94

Lower Bound 1 = 85
Lower Bound 2 = 63
Avaliação = 1.10588

Tempo de execução: 2.74114s

---------------------------

Tamanho da população: 297
Fração elite: 0.55
Fração mutante: 0.0174
Probabilidade herdar alelo elite: 0.7678
Número de populações independentes: 1
Número de threads: 1
Trocar os melhores indivíduos a cada 30 gerações
Número máximo de gerações: 279

Largura da faixa = 21
Melhor altura = 94

Lower Bound 1 = 85
Lower Bound 2 = 63
Avaliação = 1.10588

Tempo de execução: 2.86015s

---------------------------

Tamanho da população: 297
Fração elite: 0.55
Fração mutante: 0.0174
Probabilidade herdar alelo elite: 0.7678
Número de populações independentes: 1
Número de threads: 1
Trocar os melhores indivíduos a cada 30 gerações
Número máximo de gerações: 279

Largura da faixa = 21
Melhor altura = 94

Lower Bound 1 = 85
Lower Bound 2 = 63
Avaliação = 1.10588

Tempo de execução: 1.68877s

---------------------------

Tamanho da população: 297
Fração elite: 0.55
Fração mutante: 0.0174
Probabilidade herdar alelo elite: 0.7678
Número de populações independentes: 1
Número de threads: 1
Trocar os melhores indivíduos a cada 30 gerações
Número máximo de gerações: 279

Largura da faixa = 21
Melhor altura = 94

Lower Bound 1 = 85
Lower Bound 2 = 63
Avaliação = 1.10588

Tempo de execução: 2.38637s

---------------------------

Tamanho da população: 392
Fração elite: 0.2567
Fração mutante: 0.0202
Probabilidade herdar alelo elite: 0.6001
Número de populações independentes: 1
Número de threads: 1
Número máximo de gerações: 364

Largura da faixa = 21
Melhor altura = 95

Lower Bound 1 = 85
Lower Bound 2 = 63
Avaliação = 1.11765

Tempo de execução: 2.87771s

---------------------------

Tamanho da população: 392
Fração elite: 0.2567
Fração mutante: 0.0202
Probabilidade herdar alelo elite: 0.6001
Número de populações independentes: 1
Número de threads: 1
Número máximo de gerações: 364

Largura da faixa = 21
Melhor altura = 94

Lower Bound 1 = 85
Lower Bound 2 = 63
Avaliação = 1.10588

Tempo de execução: 3.03887s

---------------------------

Tamanho da população: 392
Fração elite: 0.2567
Fração mutante: 0.0202
Probabilidade herdar alelo elite: 0.6001
Número de populações independentes: 1
Número de threads: 1
Número máximo de gerações: 364

Largura da faixa = 21
Melhor altura = 94

Lower Bound 1 = 85
Lower Bound 2 = 63
Avaliação = 1.10588

Tempo de execução: 3.07502s

---------------------------

Tamanho da população: 392
Fração elite: 0.2567
Fração mutante: 0.0202
Probabilidade herdar alelo elite: 0.6001
Número de populações independentes: 1
Número de threads: 1
Número máximo de gerações: 364

Largura da faixa = 21
Melhor altura = 94

Lower Bound 1 = 85
Lower Bound 2 = 63
Avaliação = 1.10588

Tempo de execução: 2.97944s

---------------------------

Tamanho da população: 392
Fração elite: 0.2567
Fração mutante: 0.0202
Probabilidade herdar alelo elite: 0.6001
Número de populações independentes: 1
Número de threads: 1
Número máximo de gerações: 364

Largura da faixa = 21
Melhor altura = 92

Lower Bound 1 = 85
Lower Bound 2 = 63
Avaliação = 1.08235

Tempo de execução: 3.00092s

---------------------------

Tamanho da população: 392
Fração elite: 0.2567
Fração mutante: 0.0202
Probabilidade herdar alelo elite: 0.6001
Número de populações independentes: 1
Número de threads: 1
Número máximo de gerações: 364

Largura da faixa = 21
Melhor altura = 94

Lower Bound 1 = 85
Lower Bound 2 = 63
Avaliação = 1.10588

Tempo de execução: 3.05483s

---------------------------

Tamanho da população: 392
Fração elite: 0.2567
Fração mutante: 0.0202
Probabilidade herdar alelo elite: 0.6001
Número de populações independentes: 1
Número de threads: 1
Número máximo de gerações: 364

Largura da faixa = 21
Melhor altura = 92

Lower Bound 1 = 85
Lower Bound 2 = 63
Avaliação = 1.08235

Tempo de execução: 2.92923s

---------------------------

Tamanho da população: 392
Fração elite: 0.2567
Fração mutante: 0.0202
Probabilidade herdar alelo elite: 0.6001
Número de populações independentes: 1
Número de threads: 1
Número máximo de gerações: 364

Largura da faixa = 21
Melhor altura = 93

Lower Bound 1 = 85
Lower Bound 2 = 63
Avaliação = 1.09412

Tempo de execução: 3.00631s

---------------------------

Tamanho da população: 392
Fração elite: 0.2567
Fração mutante: 0.0202
Probabilidade herdar alelo elite: 0.6001
Número de populações independentes: 1
Número de threads: 1
Número máximo de gerações: 364

Largura da faixa = 21
Melhor altura = 94

Lower Bound 1 = 85
Lower Bound 2 = 63
Avaliação = 1.10588

Tempo de execução: 3.02512s

---------------------------

Tamanho da população: 392
Fração elite: 0.2567
Fração mutante: 0.0202
Probabilidade herdar alelo elite: 0.6001
Número de populações independentes: 1
Número de threads: 1
Número máximo de gerações: 364

Largura da faixa = 21
Melhor altura = 94

Lower Bound 1 = 85
Lower Bound 2 = 63
Avaliação = 1.10588

Tempo de execução: 2.88733s

---------------------------

Tamanho da população: 392
Fração elite: 0.2567
Fração mutante: 0.0202
Probabilidade herdar alelo elite: 0.6001
Número de populações independentes: 1
Número de threads: 1
Número máximo de gerações: 364

Largura da faixa = 21
Melhor altura = 92

Lower Bound 1 = 85
Lower Bound 2 = 63
Avaliação = 1.08235

Tempo de execução: 3.0017s

---------------------------

Tamanho da população: 392
Fração elite: 0.2567
Fração mutante: 0.0202
Probabilidade herdar alelo elite: 0.6001
Número de populações independentes: 1
Número de threads: 1
Número máximo de gerações: 364

Largura da faixa = 21
Melhor altura = 94

Lower Bound 1 = 85
Lower Bound 2 = 63
Avaliação = 1.10588

Tempo de execução: 3.06745s

---------------------------

Tamanho da população: 392
Fração elite: 0.2567
Fração mutante: 0.0202
Probabilidade herdar alelo elite: 0.6001
Número de populações independentes: 1
Número de threads: 1
Número máximo de gerações: 364

Largura da faixa = 21
Melhor altura = 94

Lower Bound 1 = 85
Lower Bound 2 = 63
Avaliação = 1.10588

Tempo de execução: 3.01189s

---------------------------

Tamanho da população: 392
Fração elite: 0.2567
Fração mutante: 0.0202
Probabilidade herdar alelo elite: 0.6001
Número de populações independentes: 1
Número de threads: 1
Número máximo de gerações: 364

Largura da faixa = 21
Melhor altura = 94

Lower Bound 1 = 85
Lower Bound 2 = 63
Avaliação = 1.10588

Tempo de execução: 3.07188s

---------------------------

Tamanho da população: 392
Fração elite: 0.2567
Fração mutante: 0.0202
Probabilidade herdar alelo elite: 0.6001
Número de populações independentes: 1
Número de threads: 1
Número máximo de gerações: 364

Largura da faixa = 21
Melhor altura = 92

Lower Bound 1 = 85
Lower Bound 2 = 63
Avaliação = 1.08235

Tempo de execução: 3.1895s

---------------------------

Tamanho da população: 392
Fração elite: 0.2567
Fração mutante: 0.0202
Probabilidade herdar alelo elite: 0.6001
Número de populações independentes: 1
Número de threads: 1
Número máximo de gerações: 364

Largura da faixa = 21
Melhor altura = 92

Lower Bound 1 = 85
Lower Bound 2 = 63
Avaliação = 1.08235

Tempo de execução: 2.92624s

---------------------------

Tamanho da população: 392
Fração elite: 0.2567
Fração mutante: 0.0202
Probabilidade herdar alelo elite: 0.6001
Número de populações independentes: 1
Número de threads: 1
Número máximo de gerações: 364

Largura da faixa = 21
Melhor altura = 94

Lower Bound 1 = 85
Lower Bound 2 = 63
Avaliação = 1.10588

Tempo de execução: 2.97837s

---------------------------

Tamanho da população: 392
Fração elite: 0.2567
Fração mutante: 0.0202
Probabilidade herdar alelo elite: 0.6001
Número de populações independentes: 1
Número de threads: 1
Número máximo de gerações: 364

Largura da faixa = 21
Melhor altura = 94

Lower Bound 1 = 85
Lower Bound 2 = 63
Avaliação = 1.10588

Tempo de execução: 3.00812s

---------------------------

Tamanho da população: 392
Fração elite: 0.2567
Fração mutante: 0.0202
Probabilidade herdar alelo elite: 0.6001
Número de populações independentes: 1
Número de threads: 1
Número máximo de gerações: 364

Largura da faixa = 21
Melhor altura = 92

Lower Bound 1 = 85
Lower Bound 2 = 63
Avaliação = 1.08235

Tempo de execução: 2.92606s

---------------------------

Tamanho da população: 392
Fração elite: 0.2567
Fração mutante: 0.0202
Probabilidade herdar alelo elite: 0.6001
Número de populações independentes: 1
Número de threads: 1
Número máximo de gerações: 364

Largura da faixa = 21
Melhor altura = 94

Lower Bound 1 = 85
Lower Bound 2 = 63
Avaliação = 1.10588

Tempo de execução: 2.93335s

---------------------------

