Tamanho da população: 475
Fração elite: 0.2121
Fração mutante: 0.0442
Probabilidade herdar alelo elite: 0.6514
Número de populações independentes: 3
Troca de informação de 4 individuos a cada 241 gerações
Número de threads: 1

Largura da faixa = 35
Melhor altura = 109

Lower Bound 1 = 102
Lower Bound 2 = 80
Avaliação = 1.06863

Tempo de execução: 60.013s

---------------------------

Tamanho da população: 475
Fração elite: 0.2121
Fração mutante: 0.0442
Probabilidade herdar alelo elite: 0.6514
Número de populações independentes: 3
Troca de informação de 4 individuos a cada 241 gerações
Número de threads: 1

Largura da faixa = 35
Melhor altura = 109

Lower Bound 1 = 102
Lower Bound 2 = 80
Avaliação = 1.06863

Tempo de execução: 60.0396s

---------------------------

Tamanho da população: 475
Fração elite: 0.2121
Fração mutante: 0.0442
Probabilidade herdar alelo elite: 0.6514
Número de populações independentes: 3
Troca de informação de 4 individuos a cada 241 gerações
Número de threads: 1

Largura da faixa = 35
Melhor altura = 109

Lower Bound 1 = 102
Lower Bound 2 = 80
Avaliação = 1.06863

Tempo de execução: 60.0488s

---------------------------

Tamanho da população: 475
Fração elite: 0.2121
Fração mutante: 0.0442
Probabilidade herdar alelo elite: 0.6514
Número de populações independentes: 3
Troca de informação de 4 individuos a cada 241 gerações
Número de threads: 1

Largura da faixa = 35
Melhor altura = 110

Lower Bound 1 = 102
Lower Bound 2 = 80
Avaliação = 1.07843

Tempo de execução: 60.0093s

---------------------------

Tamanho da população: 475
Fração elite: 0.2121
Fração mutante: 0.0442
Probabilidade herdar alelo elite: 0.6514
Número de populações independentes: 3
Troca de informação de 4 individuos a cada 241 gerações
Número de threads: 1

Largura da faixa = 35
Melhor altura = 109

Lower Bound 1 = 102
Lower Bound 2 = 80
Avaliação = 1.06863

Tempo de execução: 60.0189s

---------------------------

Tamanho da população: 475
Fração elite: 0.2121
Fração mutante: 0.0442
Probabilidade herdar alelo elite: 0.6514
Número de populações independentes: 3
Troca de informação de 4 individuos a cada 241 gerações
Número de threads: 1

Largura da faixa = 35
Melhor altura = 110

Lower Bound 1 = 102
Lower Bound 2 = 80
Avaliação = 1.07843

Tempo de execução: 60.0476s

---------------------------

Tamanho da população: 475
Fração elite: 0.2121
Fração mutante: 0.0442
Probabilidade herdar alelo elite: 0.6514
Número de populações independentes: 3
Troca de informação de 4 individuos a cada 241 gerações
Número de threads: 1

Largura da faixa = 35
Melhor altura = 109

Lower Bound 1 = 102
Lower Bound 2 = 80
Avaliação = 1.06863

Tempo de execução: 60.0214s

---------------------------

Tamanho da população: 475
Fração elite: 0.2121
Fração mutante: 0.0442
Probabilidade herdar alelo elite: 0.6514
Número de populações independentes: 3
Troca de informação de 4 individuos a cada 241 gerações
Número de threads: 1

Largura da faixa = 35
Melhor altura = 110

Lower Bound 1 = 102
Lower Bound 2 = 80
Avaliação = 1.07843

Tempo de execução: 60.024s

---------------------------

Tamanho da população: 475
Fração elite: 0.2121
Fração mutante: 0.0442
Probabilidade herdar alelo elite: 0.6514
Número de populações independentes: 3
Troca de informação de 4 individuos a cada 241 gerações
Número de threads: 1

Largura da faixa = 35
Melhor altura = 109

Lower Bound 1 = 102
Lower Bound 2 = 80
Avaliação = 1.06863

Tempo de execução: 60.0372s

---------------------------

Tamanho da população: 475
Fração elite: 0.2121
Fração mutante: 0.0442
Probabilidade herdar alelo elite: 0.6514
Número de populações independentes: 3
Troca de informação de 4 individuos a cada 241 gerações
Número de threads: 1

Largura da faixa = 35
Melhor altura = 108

Lower Bound 1 = 102
Lower Bound 2 = 80
Avaliação = 1.05882

Tempo de execução: 60.0012s

---------------------------

Tamanho da população: 475
Fração elite: 0.2121
Fração mutante: 0.0442
Probabilidade herdar alelo elite: 0.6514
Número de populações independentes: 3
Troca de informação de 4 individuos a cada 241 gerações
Número de threads: 1

Largura da faixa = 35
Melhor altura = 110

Lower Bound 1 = 102
Lower Bound 2 = 80
Avaliação = 1.07843

Tempo de execução: 60.0158s

---------------------------

Tamanho da população: 475
Fração elite: 0.2121
Fração mutante: 0.0442
Probabilidade herdar alelo elite: 0.6514
Número de populações independentes: 3
Troca de informação de 4 individuos a cada 241 gerações
Número de threads: 1

Largura da faixa = 35
Melhor altura = 110

Lower Bound 1 = 102
Lower Bound 2 = 80
Avaliação = 1.07843

Tempo de execução: 60.0375s

---------------------------

Tamanho da população: 475
Fração elite: 0.2121
Fração mutante: 0.0442
Probabilidade herdar alelo elite: 0.6514
Número de populações independentes: 3
Troca de informação de 4 individuos a cada 241 gerações
Número de threads: 1

Largura da faixa = 35
Melhor altura = 109

Lower Bound 1 = 102
Lower Bound 2 = 80
Avaliação = 1.06863

Tempo de execução: 60.0144s

---------------------------

Tamanho da população: 475
Fração elite: 0.2121
Fração mutante: 0.0442
Probabilidade herdar alelo elite: 0.6514
Número de populações independentes: 3
Troca de informação de 4 individuos a cada 241 gerações
Número de threads: 1

Largura da faixa = 35
Melhor altura = 110

Lower Bound 1 = 102
Lower Bound 2 = 80
Avaliação = 1.07843

Tempo de execução: 60.0314s

---------------------------

Tamanho da população: 475
Fração elite: 0.2121
Fração mutante: 0.0442
Probabilidade herdar alelo elite: 0.6514
Número de populações independentes: 3
Troca de informação de 4 individuos a cada 241 gerações
Número de threads: 1

Largura da faixa = 35
Melhor altura = 110

Lower Bound 1 = 102
Lower Bound 2 = 80
Avaliação = 1.07843

Tempo de execução: 60.041s

---------------------------

Tamanho da população: 475
Fração elite: 0.2121
Fração mutante: 0.0442
Probabilidade herdar alelo elite: 0.6514
Número de populações independentes: 3
Troca de informação de 4 individuos a cada 241 gerações
Número de threads: 1

Largura da faixa = 35
Melhor altura = 108

Lower Bound 1 = 102
Lower Bound 2 = 80
Avaliação = 1.05882

Tempo de execução: 60.0059s

---------------------------

Tamanho da população: 475
Fração elite: 0.2121
Fração mutante: 0.0442
Probabilidade herdar alelo elite: 0.6514
Número de populações independentes: 3
Troca de informação de 4 individuos a cada 241 gerações
Número de threads: 1

Largura da faixa = 35
Melhor altura = 110

Lower Bound 1 = 102
Lower Bound 2 = 80
Avaliação = 1.07843

Tempo de execução: 60.0232s

---------------------------

Tamanho da população: 475
Fração elite: 0.2121
Fração mutante: 0.0442
Probabilidade herdar alelo elite: 0.6514
Número de populações independentes: 3
Troca de informação de 4 individuos a cada 241 gerações
Número de threads: 1

Largura da faixa = 35
Melhor altura = 109

Lower Bound 1 = 102
Lower Bound 2 = 80
Avaliação = 1.06863

Tempo de execução: 60.0233s

---------------------------

Tamanho da população: 475
Fração elite: 0.2121
Fração mutante: 0.0442
Probabilidade herdar alelo elite: 0.6514
Número de populações independentes: 3
Troca de informação de 4 individuos a cada 241 gerações
Número de threads: 1

Largura da faixa = 35
Melhor altura = 110

Lower Bound 1 = 102
Lower Bound 2 = 80
Avaliação = 1.07843

Tempo de execução: 60.0136s

---------------------------

Tamanho da população: 475
Fração elite: 0.2121
Fração mutante: 0.0442
Probabilidade herdar alelo elite: 0.6514
Número de populações independentes: 3
Troca de informação de 4 individuos a cada 241 gerações
Número de threads: 1

Largura da faixa = 35
Melhor altura = 110

Lower Bound 1 = 102
Lower Bound 2 = 80
Avaliação = 1.07843

Tempo de execução: 60.0389s
