Tamanho da população: 297
Fração elite: 0.55
Fração mutante: 0.0174
Probabilidade herdar alelo elite: 0.7678
Número de populações independentes: 1
Número de threads: 1
Trocar os melhores indivíduos a cada 30 gerações
Número máximo de gerações: 279

Largura da faixa = 28
Melhor altura = 140

Lower Bound 1 = 128
Lower Bound 2 = 99
Avaliação = 1.09375

Tempo de execução: 3.89759s

---------------------------

Tamanho da população: 297
Fração elite: 0.55
Fração mutante: 0.0174
Probabilidade herdar alelo elite: 0.7678
Número de populações independentes: 1
Número de threads: 1
Trocar os melhores indivíduos a cada 30 gerações
Número máximo de gerações: 279

Largura da faixa = 28
Melhor altura = 141

Lower Bound 1 = 128
Lower Bound 2 = 99
Avaliação = 1.10156

Tempo de execução: 4.06117s

---------------------------

Tamanho da população: 297
Fração elite: 0.55
Fração mutante: 0.0174
Probabilidade herdar alelo elite: 0.7678
Número de populações independentes: 1
Número de threads: 1
Trocar os melhores indivíduos a cada 30 gerações
Número máximo de gerações: 279

Largura da faixa = 28
Melhor altura = 141

Lower Bound 1 = 128
Lower Bound 2 = 99
Avaliação = 1.10156

Tempo de execução: 4.08455s

---------------------------

Tamanho da população: 297
Fração elite: 0.55
Fração mutante: 0.0174
Probabilidade herdar alelo elite: 0.7678
Número de populações independentes: 1
Número de threads: 1
Trocar os melhores indivíduos a cada 30 gerações
Número máximo de gerações: 279

Largura da faixa = 28
Melhor altura = 140

Lower Bound 1 = 128
Lower Bound 2 = 99
Avaliação = 1.09375

Tempo de execução: 4.62191s

---------------------------

Tamanho da população: 297
Fração elite: 0.55
Fração mutante: 0.0174
Probabilidade herdar alelo elite: 0.7678
Número de populações independentes: 1
Número de threads: 1
Trocar os melhores indivíduos a cada 30 gerações
Número máximo de gerações: 279

Largura da faixa = 28
Melhor altura = 140

Lower Bound 1 = 128
Lower Bound 2 = 99
Avaliação = 1.09375

Tempo de execução: 4.69511s

---------------------------

Tamanho da população: 297
Fração elite: 0.55
Fração mutante: 0.0174
Probabilidade herdar alelo elite: 0.7678
Número de populações independentes: 1
Número de threads: 1
Trocar os melhores indivíduos a cada 30 gerações
Número máximo de gerações: 279

Largura da faixa = 28
Melhor altura = 141

Lower Bound 1 = 128
Lower Bound 2 = 99
Avaliação = 1.10156

Tempo de execução: 4.75278s

---------------------------

Tamanho da população: 297
Fração elite: 0.55
Fração mutante: 0.0174
Probabilidade herdar alelo elite: 0.7678
Número de populações independentes: 1
Número de threads: 1
Trocar os melhores indivíduos a cada 30 gerações
Número máximo de gerações: 279

Largura da faixa = 28
Melhor altura = 141

Lower Bound 1 = 128
Lower Bound 2 = 99
Avaliação = 1.10156

Tempo de execução: 2.93858s

---------------------------

Tamanho da população: 297
Fração elite: 0.55
Fração mutante: 0.0174
Probabilidade herdar alelo elite: 0.7678
Número de populações independentes: 1
Número de threads: 1
Trocar os melhores indivíduos a cada 30 gerações
Número máximo de gerações: 279

Largura da faixa = 28
Melhor altura = 141

Lower Bound 1 = 128
Lower Bound 2 = 99
Avaliação = 1.10156

Tempo de execução: 3.60184s

---------------------------

Tamanho da população: 297
Fração elite: 0.55
Fração mutante: 0.0174
Probabilidade herdar alelo elite: 0.7678
Número de populações independentes: 1
Número de threads: 1
Trocar os melhores indivíduos a cada 30 gerações
Número máximo de gerações: 279

Largura da faixa = 28
Melhor altura = 140

Lower Bound 1 = 128
Lower Bound 2 = 99
Avaliação = 1.09375

Tempo de execução: 3.61688s

---------------------------

Tamanho da população: 297
Fração elite: 0.55
Fração mutante: 0.0174
Probabilidade herdar alelo elite: 0.7678
Número de populações independentes: 1
Número de threads: 1
Trocar os melhores indivíduos a cada 30 gerações
Número máximo de gerações: 279

Largura da faixa = 28
Melhor altura = 141

Lower Bound 1 = 128
Lower Bound 2 = 99
Avaliação = 1.10156

Tempo de execução: 2.79058s

---------------------------

Tamanho da população: 297
Fração elite: 0.55
Fração mutante: 0.0174
Probabilidade herdar alelo elite: 0.7678
Número de populações independentes: 1
Número de threads: 1
Trocar os melhores indivíduos a cada 30 gerações
Número máximo de gerações: 279

Largura da faixa = 28
Melhor altura = 140

Lower Bound 1 = 128
Lower Bound 2 = 99
Avaliação = 1.09375

Tempo de execução: 3.94116s

---------------------------

Tamanho da população: 297
Fração elite: 0.55
Fração mutante: 0.0174
Probabilidade herdar alelo elite: 0.7678
Número de populações independentes: 1
Número de threads: 1
Trocar os melhores indivíduos a cada 30 gerações
Número máximo de gerações: 279

Largura da faixa = 28
Melhor altura = 141

Lower Bound 1 = 128
Lower Bound 2 = 99
Avaliação = 1.10156

Tempo de execução: 4.47947s

---------------------------

Tamanho da população: 297
Fração elite: 0.55
Fração mutante: 0.0174
Probabilidade herdar alelo elite: 0.7678
Número de populações independentes: 1
Número de threads: 1
Trocar os melhores indivíduos a cada 30 gerações
Número máximo de gerações: 279

Largura da faixa = 28
Melhor altura = 142

Lower Bound 1 = 128
Lower Bound 2 = 99
Avaliação = 1.10938

Tempo de execução: 3.97471s

---------------------------

Tamanho da população: 297
Fração elite: 0.55
Fração mutante: 0.0174
Probabilidade herdar alelo elite: 0.7678
Número de populações independentes: 1
Número de threads: 1
Trocar os melhores indivíduos a cada 30 gerações
Número máximo de gerações: 279

Largura da faixa = 28
Melhor altura = 140

Lower Bound 1 = 128
Lower Bound 2 = 99
Avaliação = 1.09375

Tempo de execução: 4.71248s

---------------------------

Tamanho da população: 297
Fração elite: 0.55
Fração mutante: 0.0174
Probabilidade herdar alelo elite: 0.7678
Número de populações independentes: 1
Número de threads: 1
Trocar os melhores indivíduos a cada 30 gerações
Número máximo de gerações: 279

Largura da faixa = 28
Melhor altura = 140

Lower Bound 1 = 128
Lower Bound 2 = 99
Avaliação = 1.09375

Tempo de execução: 4.85338s

---------------------------

Tamanho da população: 297
Fração elite: 0.55
Fração mutante: 0.0174
Probabilidade herdar alelo elite: 0.7678
Número de populações independentes: 1
Número de threads: 1
Trocar os melhores indivíduos a cada 30 gerações
Número máximo de gerações: 279

Largura da faixa = 28
Melhor altura = 140

Lower Bound 1 = 128
Lower Bound 2 = 99
Avaliação = 1.09375

Tempo de execução: 3.57454s

---------------------------

Tamanho da população: 297
Fração elite: 0.55
Fração mutante: 0.0174
Probabilidade herdar alelo elite: 0.7678
Número de populações independentes: 1
Número de threads: 1
Trocar os melhores indivíduos a cada 30 gerações
Número máximo de gerações: 279

Largura da faixa = 28
Melhor altura = 141

Lower Bound 1 = 128
Lower Bound 2 = 99
Avaliação = 1.10156

Tempo de execução: 3.8343s

---------------------------

Tamanho da população: 297
Fração elite: 0.55
Fração mutante: 0.0174
Probabilidade herdar alelo elite: 0.7678
Número de populações independentes: 1
Número de threads: 1
Trocar os melhores indivíduos a cada 30 gerações
Número máximo de gerações: 279

Largura da faixa = 28
Melhor altura = 140

Lower Bound 1 = 128
Lower Bound 2 = 99
Avaliação = 1.09375

Tempo de execução: 4.16267s

---------------------------

Tamanho da população: 297
Fração elite: 0.55
Fração mutante: 0.0174
Probabilidade herdar alelo elite: 0.7678
Número de populações independentes: 1
Número de threads: 1
Trocar os melhores indivíduos a cada 30 gerações
Número máximo de gerações: 279

Largura da faixa = 28
Melhor altura = 141

Lower Bound 1 = 128
Lower Bound 2 = 99
Avaliação = 1.10156

Tempo de execução: 3.43283s

---------------------------

Tamanho da população: 297
Fração elite: 0.55
Fração mutante: 0.0174
Probabilidade herdar alelo elite: 0.7678
Número de populações independentes: 1
Número de threads: 1
Trocar os melhores indivíduos a cada 30 gerações
Número máximo de gerações: 279

Largura da faixa = 28
Melhor altura = 142

Lower Bound 1 = 128
Lower Bound 2 = 99
Avaliação = 1.10938

Tempo de execução: 4.22955s

---------------------------

Tamanho da população: 392
Fração elite: 0.2567
Fração mutante: 0.0202
Probabilidade herdar alelo elite: 0.6001
Número de populações independentes: 1
Número de threads: 1
Número máximo de gerações: 364

Largura da faixa = 28
Melhor altura = 140

Lower Bound 1 = 128
Lower Bound 2 = 99
Avaliação = 1.09375

Tempo de execução: 4.83384s

---------------------------

Tamanho da população: 392
Fração elite: 0.2567
Fração mutante: 0.0202
Probabilidade herdar alelo elite: 0.6001
Número de populações independentes: 1
Número de threads: 1
Número máximo de gerações: 364

Largura da faixa = 28
Melhor altura = 140

Lower Bound 1 = 128
Lower Bound 2 = 99
Avaliação = 1.09375

Tempo de execução: 4.97036s

---------------------------

Tamanho da população: 392
Fração elite: 0.2567
Fração mutante: 0.0202
Probabilidade herdar alelo elite: 0.6001
Número de populações independentes: 1
Número de threads: 1
Número máximo de gerações: 364

Largura da faixa = 28
Melhor altura = 141

Lower Bound 1 = 128
Lower Bound 2 = 99
Avaliação = 1.10156

Tempo de execução: 5.14044s

---------------------------

Tamanho da população: 392
Fração elite: 0.2567
Fração mutante: 0.0202
Probabilidade herdar alelo elite: 0.6001
Número de populações independentes: 1
Número de threads: 1
Número máximo de gerações: 364

Largura da faixa = 28
Melhor altura = 140

Lower Bound 1 = 128
Lower Bound 2 = 99
Avaliação = 1.09375

Tempo de execução: 4.97868s

---------------------------

Tamanho da população: 392
Fração elite: 0.2567
Fração mutante: 0.0202
Probabilidade herdar alelo elite: 0.6001
Número de populações independentes: 1
Número de threads: 1
Número máximo de gerações: 364

Largura da faixa = 28
Melhor altura = 140

Lower Bound 1 = 128
Lower Bound 2 = 99
Avaliação = 1.09375

Tempo de execução: 5.10664s

---------------------------

Tamanho da população: 392
Fração elite: 0.2567
Fração mutante: 0.0202
Probabilidade herdar alelo elite: 0.6001
Número de populações independentes: 1
Número de threads: 1
Número máximo de gerações: 364

Largura da faixa = 28
Melhor altura = 141

Lower Bound 1 = 128
Lower Bound 2 = 99
Avaliação = 1.10156

Tempo de execução: 5.10824s

---------------------------

Tamanho da população: 392
Fração elite: 0.2567
Fração mutante: 0.0202
Probabilidade herdar alelo elite: 0.6001
Número de populações independentes: 1
Número de threads: 1
Número máximo de gerações: 364

Largura da faixa = 28
Melhor altura = 140

Lower Bound 1 = 128
Lower Bound 2 = 99
Avaliação = 1.09375

Tempo de execução: 5.08657s

---------------------------

Tamanho da população: 392
Fração elite: 0.2567
Fração mutante: 0.0202
Probabilidade herdar alelo elite: 0.6001
Número de populações independentes: 1
Número de threads: 1
Número máximo de gerações: 364

Largura da faixa = 28
Melhor altura = 140

Lower Bound 1 = 128
Lower Bound 2 = 99
Avaliação = 1.09375

Tempo de execução: 5.11271s

---------------------------

Tamanho da população: 392
Fração elite: 0.2567
Fração mutante: 0.0202
Probabilidade herdar alelo elite: 0.6001
Número de populações independentes: 1
Número de threads: 1
Número máximo de gerações: 364

Largura da faixa = 28
Melhor altura = 140

Lower Bound 1 = 128
Lower Bound 2 = 99
Avaliação = 1.09375

Tempo de execução: 5.14846s

---------------------------

Tamanho da população: 392
Fração elite: 0.2567
Fração mutante: 0.0202
Probabilidade herdar alelo elite: 0.6001
Número de populações independentes: 1
Número de threads: 1
Número máximo de gerações: 364

Largura da faixa = 28
Melhor altura = 140

Lower Bound 1 = 128
Lower Bound 2 = 99
Avaliação = 1.09375

Tempo de execução: 4.96893s

---------------------------

Tamanho da população: 392
Fração elite: 0.2567
Fração mutante: 0.0202
Probabilidade herdar alelo elite: 0.6001
Número de populações independentes: 1
Número de threads: 1
Número máximo de gerações: 364

Largura da faixa = 28
Melhor altura = 140

Lower Bound 1 = 128
Lower Bound 2 = 99
Avaliação = 1.09375

Tempo de execução: 4.99384s

---------------------------

Tamanho da população: 392
Fração elite: 0.2567
Fração mutante: 0.0202
Probabilidade herdar alelo elite: 0.6001
Número de populações independentes: 1
Número de threads: 1
Número máximo de gerações: 364

Largura da faixa = 28
Melhor altura = 140

Lower Bound 1 = 128
Lower Bound 2 = 99
Avaliação = 1.09375

Tempo de execução: 5.09305s

---------------------------

Tamanho da população: 392
Fração elite: 0.2567
Fração mutante: 0.0202
Probabilidade herdar alelo elite: 0.6001
Número de populações independentes: 1
Número de threads: 1
Número máximo de gerações: 364

Largura da faixa = 28
Melhor altura = 140

Lower Bound 1 = 128
Lower Bound 2 = 99
Avaliação = 1.09375

Tempo de execução: 5.016s

---------------------------

Tamanho da população: 392
Fração elite: 0.2567
Fração mutante: 0.0202
Probabilidade herdar alelo elite: 0.6001
Número de populações independentes: 1
Número de threads: 1
Número máximo de gerações: 364

Largura da faixa = 28
Melhor altura = 140

Lower Bound 1 = 128
Lower Bound 2 = 99
Avaliação = 1.09375

Tempo de execução: 5.0313s

---------------------------

Tamanho da população: 392
Fração elite: 0.2567
Fração mutante: 0.0202
Probabilidade herdar alelo elite: 0.6001
Número de populações independentes: 1
Número de threads: 1
Número máximo de gerações: 364

Largura da faixa = 28
Melhor altura = 142

Lower Bound 1 = 128
Lower Bound 2 = 99
Avaliação = 1.10938

Tempo de execução: 5.2084s

---------------------------

Tamanho da população: 392
Fração elite: 0.2567
Fração mutante: 0.0202
Probabilidade herdar alelo elite: 0.6001
Número de populações independentes: 1
Número de threads: 1
Número máximo de gerações: 364

Largura da faixa = 28
Melhor altura = 140

Lower Bound 1 = 128
Lower Bound 2 = 99
Avaliação = 1.09375

Tempo de execução: 4.95667s

---------------------------

Tamanho da população: 392
Fração elite: 0.2567
Fração mutante: 0.0202
Probabilidade herdar alelo elite: 0.6001
Número de populações independentes: 1
Número de threads: 1
Número máximo de gerações: 364

Largura da faixa = 28
Melhor altura = 141

Lower Bound 1 = 128
Lower Bound 2 = 99
Avaliação = 1.10156

Tempo de execução: 5.0397s

---------------------------

Tamanho da população: 392
Fração elite: 0.2567
Fração mutante: 0.0202
Probabilidade herdar alelo elite: 0.6001
Número de populações independentes: 1
Número de threads: 1
Número máximo de gerações: 364

Largura da faixa = 28
Melhor altura = 141

Lower Bound 1 = 128
Lower Bound 2 = 99
Avaliação = 1.10156

Tempo de execução: 5.10391s

---------------------------

Tamanho da população: 392
Fração elite: 0.2567
Fração mutante: 0.0202
Probabilidade herdar alelo elite: 0.6001
Número de populações independentes: 1
Número de threads: 1
Número máximo de gerações: 364

Largura da faixa = 28
Melhor altura = 140

Lower Bound 1 = 128
Lower Bound 2 = 99
Avaliação = 1.09375

Tempo de execução: 4.99639s

---------------------------

Tamanho da população: 392
Fração elite: 0.2567
Fração mutante: 0.0202
Probabilidade herdar alelo elite: 0.6001
Número de populações independentes: 1
Número de threads: 1
Número máximo de gerações: 364

Largura da faixa = 28
Melhor altura = 141

Lower Bound 1 = 128
Lower Bound 2 = 99
Avaliação = 1.10156

Tempo de execução: 5.04207s

---------------------------

