Tamanho da população: 297
Fração elite: 0.55
Fração mutante: 0.0174
Probabilidade herdar alelo elite: 0.7678
Número de populações independentes: 1
Número de threads: 1
Trocar os melhores indivíduos a cada 30 gerações
Número máximo de gerações: 279

Largura da faixa = 37
Melhor altura = 162

Lower Bound 1 = 145
Lower Bound 2 = 87
Avaliação = 1.11724

Tempo de execução: 5.09961s

---------------------------

Tamanho da população: 297
Fração elite: 0.55
Fração mutante: 0.0174
Probabilidade herdar alelo elite: 0.7678
Número de populações independentes: 1
Número de threads: 1
Trocar os melhores indivíduos a cada 30 gerações
Número máximo de gerações: 279

Largura da faixa = 37
Melhor altura = 162

Lower Bound 1 = 145
Lower Bound 2 = 87
Avaliação = 1.11724

Tempo de execução: 7.1901s

---------------------------

Tamanho da população: 297
Fração elite: 0.55
Fração mutante: 0.0174
Probabilidade herdar alelo elite: 0.7678
Número de populações independentes: 1
Número de threads: 1
Trocar os melhores indivíduos a cada 30 gerações
Número máximo de gerações: 279

Largura da faixa = 37
Melhor altura = 158

Lower Bound 1 = 145
Lower Bound 2 = 87
Avaliação = 1.08966

Tempo de execução: 7.63372s

---------------------------

Tamanho da população: 297
Fração elite: 0.55
Fração mutante: 0.0174
Probabilidade herdar alelo elite: 0.7678
Número de populações independentes: 1
Número de threads: 1
Trocar os melhores indivíduos a cada 30 gerações
Número máximo de gerações: 279

Largura da faixa = 37
Melhor altura = 161

Lower Bound 1 = 145
Lower Bound 2 = 87
Avaliação = 1.11034

Tempo de execução: 5.3781s

---------------------------

Tamanho da população: 297
Fração elite: 0.55
Fração mutante: 0.0174
Probabilidade herdar alelo elite: 0.7678
Número de populações independentes: 1
Número de threads: 1
Trocar os melhores indivíduos a cada 30 gerações
Número máximo de gerações: 279

Largura da faixa = 37
Melhor altura = 163

Lower Bound 1 = 145
Lower Bound 2 = 87
Avaliação = 1.12414

Tempo de execução: 7.83044s

---------------------------

Tamanho da população: 297
Fração elite: 0.55
Fração mutante: 0.0174
Probabilidade herdar alelo elite: 0.7678
Número de populações independentes: 1
Número de threads: 1
Trocar os melhores indivíduos a cada 30 gerações
Número máximo de gerações: 279

Largura da faixa = 37
Melhor altura = 162

Lower Bound 1 = 145
Lower Bound 2 = 87
Avaliação = 1.11724

Tempo de execução: 8.60357s

---------------------------

Tamanho da população: 297
Fração elite: 0.55
Fração mutante: 0.0174
Probabilidade herdar alelo elite: 0.7678
Número de populações independentes: 1
Número de threads: 1
Trocar os melhores indivíduos a cada 30 gerações
Número máximo de gerações: 279

Largura da faixa = 37
Melhor altura = 162

Lower Bound 1 = 145
Lower Bound 2 = 87
Avaliação = 1.11724

Tempo de execução: 6.22667s

---------------------------

Tamanho da população: 297
Fração elite: 0.55
Fração mutante: 0.0174
Probabilidade herdar alelo elite: 0.7678
Número de populações independentes: 1
Número de threads: 1
Trocar os melhores indivíduos a cada 30 gerações
Número máximo de gerações: 279

Largura da faixa = 37
Melhor altura = 159

Lower Bound 1 = 145
Lower Bound 2 = 87
Avaliação = 1.09655

Tempo de execução: 6.64227s

---------------------------

Tamanho da população: 297
Fração elite: 0.55
Fração mutante: 0.0174
Probabilidade herdar alelo elite: 0.7678
Número de populações independentes: 1
Número de threads: 1
Trocar os melhores indivíduos a cada 30 gerações
Número máximo de gerações: 279

Largura da faixa = 37
Melhor altura = 163

Lower Bound 1 = 145
Lower Bound 2 = 87
Avaliação = 1.12414

Tempo de execução: 6.81783s

---------------------------

Tamanho da população: 297
Fração elite: 0.55
Fração mutante: 0.0174
Probabilidade herdar alelo elite: 0.7678
Número de populações independentes: 1
Número de threads: 1
Trocar os melhores indivíduos a cada 30 gerações
Número máximo de gerações: 279

Largura da faixa = 37
Melhor altura = 161

Lower Bound 1 = 145
Lower Bound 2 = 87
Avaliação = 1.11034

Tempo de execução: 8.21143s

---------------------------

Tamanho da população: 297
Fração elite: 0.55
Fração mutante: 0.0174
Probabilidade herdar alelo elite: 0.7678
Número de populações independentes: 1
Número de threads: 1
Trocar os melhores indivíduos a cada 30 gerações
Número máximo de gerações: 279

Largura da faixa = 37
Melhor altura = 159

Lower Bound 1 = 145
Lower Bound 2 = 87
Avaliação = 1.09655

Tempo de execução: 8.26202s

---------------------------

Tamanho da população: 297
Fração elite: 0.55
Fração mutante: 0.0174
Probabilidade herdar alelo elite: 0.7678
Número de populações independentes: 1
Número de threads: 1
Trocar os melhores indivíduos a cada 30 gerações
Número máximo de gerações: 279

Largura da faixa = 37
Melhor altura = 163

Lower Bound 1 = 145
Lower Bound 2 = 87
Avaliação = 1.12414

Tempo de execução: 8.50766s

---------------------------

Tamanho da população: 297
Fração elite: 0.55
Fração mutante: 0.0174
Probabilidade herdar alelo elite: 0.7678
Número de populações independentes: 1
Número de threads: 1
Trocar os melhores indivíduos a cada 30 gerações
Número máximo de gerações: 279

Largura da faixa = 37
Melhor altura = 160

Lower Bound 1 = 145
Lower Bound 2 = 87
Avaliação = 1.10345

Tempo de execução: 7.9626s

---------------------------

Tamanho da população: 297
Fração elite: 0.55
Fração mutante: 0.0174
Probabilidade herdar alelo elite: 0.7678
Número de populações independentes: 1
Número de threads: 1
Trocar os melhores indivíduos a cada 30 gerações
Número máximo de gerações: 279

Largura da faixa = 37
Melhor altura = 163

Lower Bound 1 = 145
Lower Bound 2 = 87
Avaliação = 1.12414

Tempo de execução: 8.34356s

---------------------------

Tamanho da população: 297
Fração elite: 0.55
Fração mutante: 0.0174
Probabilidade herdar alelo elite: 0.7678
Número de populações independentes: 1
Número de threads: 1
Trocar os melhores indivíduos a cada 30 gerações
Número máximo de gerações: 279

Largura da faixa = 37
Melhor altura = 158

Lower Bound 1 = 145
Lower Bound 2 = 87
Avaliação = 1.08966

Tempo de execução: 8.53618s

---------------------------

Tamanho da população: 297
Fração elite: 0.55
Fração mutante: 0.0174
Probabilidade herdar alelo elite: 0.7678
Número de populações independentes: 1
Número de threads: 1
Trocar os melhores indivíduos a cada 30 gerações
Número máximo de gerações: 279

Largura da faixa = 37
Melhor altura = 162

Lower Bound 1 = 145
Lower Bound 2 = 87
Avaliação = 1.11724

Tempo de execução: 6.17712s

---------------------------

Tamanho da população: 297
Fração elite: 0.55
Fração mutante: 0.0174
Probabilidade herdar alelo elite: 0.7678
Número de populações independentes: 1
Número de threads: 1
Trocar os melhores indivíduos a cada 30 gerações
Número máximo de gerações: 279

Largura da faixa = 37
Melhor altura = 162

Lower Bound 1 = 145
Lower Bound 2 = 87
Avaliação = 1.11724

Tempo de execução: 6.5671s

---------------------------

Tamanho da população: 297
Fração elite: 0.55
Fração mutante: 0.0174
Probabilidade herdar alelo elite: 0.7678
Número de populações independentes: 1
Número de threads: 1
Trocar os melhores indivíduos a cada 30 gerações
Número máximo de gerações: 279

Largura da faixa = 37
Melhor altura = 160

Lower Bound 1 = 145
Lower Bound 2 = 87
Avaliação = 1.10345

Tempo de execução: 7.32213s

---------------------------

Tamanho da população: 297
Fração elite: 0.55
Fração mutante: 0.0174
Probabilidade herdar alelo elite: 0.7678
Número de populações independentes: 1
Número de threads: 1
Trocar os melhores indivíduos a cada 30 gerações
Número máximo de gerações: 279

Largura da faixa = 37
Melhor altura = 162

Lower Bound 1 = 145
Lower Bound 2 = 87
Avaliação = 1.11724

Tempo de execução: 4.95294s

---------------------------

Tamanho da população: 297
Fração elite: 0.55
Fração mutante: 0.0174
Probabilidade herdar alelo elite: 0.7678
Número de populações independentes: 1
Número de threads: 1
Trocar os melhores indivíduos a cada 30 gerações
Número máximo de gerações: 279

Largura da faixa = 37
Melhor altura = 164

Lower Bound 1 = 145
Lower Bound 2 = 87
Avaliação = 1.13103

Tempo de execução: 6.59418s

---------------------------

Tamanho da população: 392
Fração elite: 0.2567
Fração mutante: 0.0202
Probabilidade herdar alelo elite: 0.6001
Número de populações independentes: 1
Número de threads: 1
Número máximo de gerações: 364

Largura da faixa = 37
Melhor altura = 158

Lower Bound 1 = 145
Lower Bound 2 = 87
Avaliação = 1.08966

Tempo de execução: 8.86356s

---------------------------

Tamanho da população: 392
Fração elite: 0.2567
Fração mutante: 0.0202
Probabilidade herdar alelo elite: 0.6001
Número de populações independentes: 1
Número de threads: 1
Número máximo de gerações: 364

Largura da faixa = 37
Melhor altura = 161

Lower Bound 1 = 145
Lower Bound 2 = 87
Avaliação = 1.11034

Tempo de execução: 9.05927s

---------------------------

Tamanho da população: 392
Fração elite: 0.2567
Fração mutante: 0.0202
Probabilidade herdar alelo elite: 0.6001
Número de populações independentes: 1
Número de threads: 1
Número máximo de gerações: 364

Largura da faixa = 37
Melhor altura = 162

Lower Bound 1 = 145
Lower Bound 2 = 87
Avaliação = 1.11724

Tempo de execução: 9.31045s

---------------------------

Tamanho da população: 392
Fração elite: 0.2567
Fração mutante: 0.0202
Probabilidade herdar alelo elite: 0.6001
Número de populações independentes: 1
Número de threads: 1
Número máximo de gerações: 364

Largura da faixa = 37
Melhor altura = 162

Lower Bound 1 = 145
Lower Bound 2 = 87
Avaliação = 1.11724

Tempo de execução: 8.64277s

---------------------------

Tamanho da população: 392
Fração elite: 0.2567
Fração mutante: 0.0202
Probabilidade herdar alelo elite: 0.6001
Número de populações independentes: 1
Número de threads: 1
Número máximo de gerações: 364

Largura da faixa = 37
Melhor altura = 161

Lower Bound 1 = 145
Lower Bound 2 = 87
Avaliação = 1.11034

Tempo de execução: 8.71645s

---------------------------

Tamanho da população: 392
Fração elite: 0.2567
Fração mutante: 0.0202
Probabilidade herdar alelo elite: 0.6001
Número de populações independentes: 1
Número de threads: 1
Número máximo de gerações: 364

Largura da faixa = 37
Melhor altura = 162

Lower Bound 1 = 145
Lower Bound 2 = 87
Avaliação = 1.11724

Tempo de execução: 9.13388s

---------------------------

Tamanho da população: 392
Fração elite: 0.2567
Fração mutante: 0.0202
Probabilidade herdar alelo elite: 0.6001
Número de populações independentes: 1
Número de threads: 1
Número máximo de gerações: 364

Largura da faixa = 37
Melhor altura = 162

Lower Bound 1 = 145
Lower Bound 2 = 87
Avaliação = 1.11724

Tempo de execução: 8.7793s

---------------------------

Tamanho da população: 392
Fração elite: 0.2567
Fração mutante: 0.0202
Probabilidade herdar alelo elite: 0.6001
Número de populações independentes: 1
Número de threads: 1
Número máximo de gerações: 364

Largura da faixa = 37
Melhor altura = 157

Lower Bound 1 = 145
Lower Bound 2 = 87
Avaliação = 1.08276

Tempo de execução: 8.86761s

---------------------------

Tamanho da população: 392
Fração elite: 0.2567
Fração mutante: 0.0202
Probabilidade herdar alelo elite: 0.6001
Número de populações independentes: 1
Número de threads: 1
Número máximo de gerações: 364

Largura da faixa = 37
Melhor altura = 157

Lower Bound 1 = 145
Lower Bound 2 = 87
Avaliação = 1.08276

Tempo de execução: 8.90542s

---------------------------

Tamanho da população: 392
Fração elite: 0.2567
Fração mutante: 0.0202
Probabilidade herdar alelo elite: 0.6001
Número de populações independentes: 1
Número de threads: 1
Número máximo de gerações: 364

Largura da faixa = 37
Melhor altura = 158

Lower Bound 1 = 145
Lower Bound 2 = 87
Avaliação = 1.08966

Tempo de execução: 8.62258s

---------------------------

Tamanho da população: 392
Fração elite: 0.2567
Fração mutante: 0.0202
Probabilidade herdar alelo elite: 0.6001
Número de populações independentes: 1
Número de threads: 1
Número máximo de gerações: 364

Largura da faixa = 37
Melhor altura = 158

Lower Bound 1 = 145
Lower Bound 2 = 87
Avaliação = 1.08966

Tempo de execução: 8.80944s

---------------------------

Tamanho da população: 392
Fração elite: 0.2567
Fração mutante: 0.0202
Probabilidade herdar alelo elite: 0.6001
Número de populações independentes: 1
Número de threads: 1
Número máximo de gerações: 364

Largura da faixa = 37
Melhor altura = 158

Lower Bound 1 = 145
Lower Bound 2 = 87
Avaliação = 1.08966

Tempo de execução: 9.14791s

---------------------------

Tamanho da população: 392
Fração elite: 0.2567
Fração mutante: 0.0202
Probabilidade herdar alelo elite: 0.6001
Número de populações independentes: 1
Número de threads: 1
Número máximo de gerações: 364

Largura da faixa = 37
Melhor altura = 159

Lower Bound 1 = 145
Lower Bound 2 = 87
Avaliação = 1.09655

Tempo de execução: 8.8186s

---------------------------

Tamanho da população: 392
Fração elite: 0.2567
Fração mutante: 0.0202
Probabilidade herdar alelo elite: 0.6001
Número de populações independentes: 1
Número de threads: 1
Número máximo de gerações: 364

Largura da faixa = 37
Melhor altura = 162

Lower Bound 1 = 145
Lower Bound 2 = 87
Avaliação = 1.11724

Tempo de execução: 8.94188s

---------------------------

Tamanho da população: 392
Fração elite: 0.2567
Fração mutante: 0.0202
Probabilidade herdar alelo elite: 0.6001
Número de populações independentes: 1
Número de threads: 1
Número máximo de gerações: 364

Largura da faixa = 37
Melhor altura = 161

Lower Bound 1 = 145
Lower Bound 2 = 87
Avaliação = 1.11034

Tempo de execução: 9.43374s

---------------------------

Tamanho da população: 392
Fração elite: 0.2567
Fração mutante: 0.0202
Probabilidade herdar alelo elite: 0.6001
Número de populações independentes: 1
Número de threads: 1
Número máximo de gerações: 364

Largura da faixa = 37
Melhor altura = 162

Lower Bound 1 = 145
Lower Bound 2 = 87
Avaliação = 1.11724

Tempo de execução: 8.76979s

---------------------------

Tamanho da população: 392
Fração elite: 0.2567
Fração mutante: 0.0202
Probabilidade herdar alelo elite: 0.6001
Número de populações independentes: 1
Número de threads: 1
Número máximo de gerações: 364

Largura da faixa = 37
Melhor altura = 158

Lower Bound 1 = 145
Lower Bound 2 = 87
Avaliação = 1.08966

Tempo de execução: 8.80919s

---------------------------

Tamanho da população: 392
Fração elite: 0.2567
Fração mutante: 0.0202
Probabilidade herdar alelo elite: 0.6001
Número de populações independentes: 1
Número de threads: 1
Número máximo de gerações: 364

Largura da faixa = 37
Melhor altura = 159

Lower Bound 1 = 145
Lower Bound 2 = 87
Avaliação = 1.09655

Tempo de execução: 9.09735s

---------------------------

Tamanho da população: 392
Fração elite: 0.2567
Fração mutante: 0.0202
Probabilidade herdar alelo elite: 0.6001
Número de populações independentes: 1
Número de threads: 1
Número máximo de gerações: 364

Largura da faixa = 37
Melhor altura = 162

Lower Bound 1 = 145
Lower Bound 2 = 87
Avaliação = 1.11724

Tempo de execução: 8.65228s

---------------------------

Tamanho da população: 392
Fração elite: 0.2567
Fração mutante: 0.0202
Probabilidade herdar alelo elite: 0.6001
Número de populações independentes: 1
Número de threads: 1
Número máximo de gerações: 364

Largura da faixa = 37
Melhor altura = 157

Lower Bound 1 = 145
Lower Bound 2 = 87
Avaliação = 1.08276

Tempo de execução: 8.68409s

---------------------------

