Tamanho da população: 297
Fração elite: 0.55
Fração mutante: 0.0174
Probabilidade herdar alelo elite: 0.7678
Número de populações independentes: 1
Número de threads: 1
Trocar os melhores indivíduos a cada 30 gerações
Número máximo de gerações: 279

Largura da faixa = 34
Melhor altura = 172

Lower Bound 1 = 158
Lower Bound 2 = 126
Avaliação = 1.08861

Tempo de execução: 6.64114s

---------------------------

Tamanho da população: 297
Fração elite: 0.55
Fração mutante: 0.0174
Probabilidade herdar alelo elite: 0.7678
Número de populações independentes: 1
Número de threads: 1
Trocar os melhores indivíduos a cada 30 gerações
Número máximo de gerações: 279

Largura da faixa = 34
Melhor altura = 175

Lower Bound 1 = 158
Lower Bound 2 = 126
Avaliação = 1.10759

Tempo de execução: 7.60994s

---------------------------

Tamanho da população: 297
Fração elite: 0.55
Fração mutante: 0.0174
Probabilidade herdar alelo elite: 0.7678
Número de populações independentes: 1
Número de threads: 1
Trocar os melhores indivíduos a cada 30 gerações
Número máximo de gerações: 279

Largura da faixa = 34
Melhor altura = 174

Lower Bound 1 = 158
Lower Bound 2 = 126
Avaliação = 1.10127

Tempo de execução: 8.13629s

---------------------------

Tamanho da população: 297
Fração elite: 0.55
Fração mutante: 0.0174
Probabilidade herdar alelo elite: 0.7678
Número de populações independentes: 1
Número de threads: 1
Trocar os melhores indivíduos a cada 30 gerações
Número máximo de gerações: 279

Largura da faixa = 34
Melhor altura = 175

Lower Bound 1 = 158
Lower Bound 2 = 126
Avaliação = 1.10759

Tempo de execução: 5.01504s

---------------------------

Tamanho da população: 297
Fração elite: 0.55
Fração mutante: 0.0174
Probabilidade herdar alelo elite: 0.7678
Número de populações independentes: 1
Número de threads: 1
Trocar os melhores indivíduos a cada 30 gerações
Número máximo de gerações: 279

Largura da faixa = 34
Melhor altura = 176

Lower Bound 1 = 158
Lower Bound 2 = 126
Avaliação = 1.11392

Tempo de execução: 5.24861s

---------------------------

Tamanho da população: 297
Fração elite: 0.55
Fração mutante: 0.0174
Probabilidade herdar alelo elite: 0.7678
Número de populações independentes: 1
Número de threads: 1
Trocar os melhores indivíduos a cada 30 gerações
Número máximo de gerações: 279

Largura da faixa = 34
Melhor altura = 172

Lower Bound 1 = 158
Lower Bound 2 = 126
Avaliação = 1.08861

Tempo de execução: 6.86372s

---------------------------

Tamanho da população: 297
Fração elite: 0.55
Fração mutante: 0.0174
Probabilidade herdar alelo elite: 0.7678
Número de populações independentes: 1
Número de threads: 1
Trocar os melhores indivíduos a cada 30 gerações
Número máximo de gerações: 279

Largura da faixa = 34
Melhor altura = 175

Lower Bound 1 = 158
Lower Bound 2 = 126
Avaliação = 1.10759

Tempo de execução: 5.47562s

---------------------------

Tamanho da população: 297
Fração elite: 0.55
Fração mutante: 0.0174
Probabilidade herdar alelo elite: 0.7678
Número de populações independentes: 1
Número de threads: 1
Trocar os melhores indivíduos a cada 30 gerações
Número máximo de gerações: 279

Largura da faixa = 34
Melhor altura = 174

Lower Bound 1 = 158
Lower Bound 2 = 126
Avaliação = 1.10127

Tempo de execução: 7.24341s

---------------------------

Tamanho da população: 297
Fração elite: 0.55
Fração mutante: 0.0174
Probabilidade herdar alelo elite: 0.7678
Número de populações independentes: 1
Número de threads: 1
Trocar os melhores indivíduos a cada 30 gerações
Número máximo de gerações: 279

Largura da faixa = 34
Melhor altura = 175

Lower Bound 1 = 158
Lower Bound 2 = 126
Avaliação = 1.10759

Tempo de execução: 7.59669s

---------------------------

Tamanho da população: 297
Fração elite: 0.55
Fração mutante: 0.0174
Probabilidade herdar alelo elite: 0.7678
Número de populações independentes: 1
Número de threads: 1
Trocar os melhores indivíduos a cada 30 gerações
Número máximo de gerações: 279

Largura da faixa = 34
Melhor altura = 174

Lower Bound 1 = 158
Lower Bound 2 = 126
Avaliação = 1.10127

Tempo de execução: 5.8293s

---------------------------

Tamanho da população: 297
Fração elite: 0.55
Fração mutante: 0.0174
Probabilidade herdar alelo elite: 0.7678
Número de populações independentes: 1
Número de threads: 1
Trocar os melhores indivíduos a cada 30 gerações
Número máximo de gerações: 279

Largura da faixa = 34
Melhor altura = 174

Lower Bound 1 = 158
Lower Bound 2 = 126
Avaliação = 1.10127

Tempo de execução: 8.01129s

---------------------------

Tamanho da população: 297
Fração elite: 0.55
Fração mutante: 0.0174
Probabilidade herdar alelo elite: 0.7678
Número de populações independentes: 1
Número de threads: 1
Trocar os melhores indivíduos a cada 30 gerações
Número máximo de gerações: 279

Largura da faixa = 34
Melhor altura = 172

Lower Bound 1 = 158
Lower Bound 2 = 126
Avaliação = 1.08861

Tempo de execução: 8.19602s

---------------------------

Tamanho da população: 297
Fração elite: 0.55
Fração mutante: 0.0174
Probabilidade herdar alelo elite: 0.7678
Número de populações independentes: 1
Número de threads: 1
Trocar os melhores indivíduos a cada 30 gerações
Número máximo de gerações: 279

Largura da faixa = 34
Melhor altura = 174

Lower Bound 1 = 158
Lower Bound 2 = 126
Avaliação = 1.10127

Tempo de execução: 4.9787s

---------------------------

Tamanho da população: 297
Fração elite: 0.55
Fração mutante: 0.0174
Probabilidade herdar alelo elite: 0.7678
Número de populações independentes: 1
Número de threads: 1
Trocar os melhores indivíduos a cada 30 gerações
Número máximo de gerações: 279

Largura da faixa = 34
Melhor altura = 172

Lower Bound 1 = 158
Lower Bound 2 = 126
Avaliação = 1.08861

Tempo de execução: 6.97844s

---------------------------

Tamanho da população: 297
Fração elite: 0.55
Fração mutante: 0.0174
Probabilidade herdar alelo elite: 0.7678
Número de populações independentes: 1
Número de threads: 1
Trocar os melhores indivíduos a cada 30 gerações
Número máximo de gerações: 279

Largura da faixa = 34
Melhor altura = 173

Lower Bound 1 = 158
Lower Bound 2 = 126
Avaliação = 1.09494

Tempo de execução: 8.17481s

---------------------------

Tamanho da população: 297
Fração elite: 0.55
Fração mutante: 0.0174
Probabilidade herdar alelo elite: 0.7678
Número de populações independentes: 1
Número de threads: 1
Trocar os melhores indivíduos a cada 30 gerações
Número máximo de gerações: 279

Largura da faixa = 34
Melhor altura = 173

Lower Bound 1 = 158
Lower Bound 2 = 126
Avaliação = 1.09494

Tempo de execução: 7.33771s

---------------------------

Tamanho da população: 297
Fração elite: 0.55
Fração mutante: 0.0174
Probabilidade herdar alelo elite: 0.7678
Número de populações independentes: 1
Número de threads: 1
Trocar os melhores indivíduos a cada 30 gerações
Número máximo de gerações: 279

Largura da faixa = 34
Melhor altura = 173

Lower Bound 1 = 158
Lower Bound 2 = 126
Avaliação = 1.09494

Tempo de execução: 7.81806s

---------------------------

Tamanho da população: 297
Fração elite: 0.55
Fração mutante: 0.0174
Probabilidade herdar alelo elite: 0.7678
Número de populações independentes: 1
Número de threads: 1
Trocar os melhores indivíduos a cada 30 gerações
Número máximo de gerações: 279

Largura da faixa = 34
Melhor altura = 173

Lower Bound 1 = 158
Lower Bound 2 = 126
Avaliação = 1.09494

Tempo de execução: 8.26604s

---------------------------

Tamanho da população: 297
Fração elite: 0.55
Fração mutante: 0.0174
Probabilidade herdar alelo elite: 0.7678
Número de populações independentes: 1
Número de threads: 1
Trocar os melhores indivíduos a cada 30 gerações
Número máximo de gerações: 279

Largura da faixa = 34
Melhor altura = 172

Lower Bound 1 = 158
Lower Bound 2 = 126
Avaliação = 1.08861

Tempo de execução: 6.22853s

---------------------------

Tamanho da população: 297
Fração elite: 0.55
Fração mutante: 0.0174
Probabilidade herdar alelo elite: 0.7678
Número de populações independentes: 1
Número de threads: 1
Trocar os melhores indivíduos a cada 30 gerações
Número máximo de gerações: 279

Largura da faixa = 34
Melhor altura = 173

Lower Bound 1 = 158
Lower Bound 2 = 126
Avaliação = 1.09494

Tempo de execução: 6.60556s

---------------------------

Tamanho da população: 392
Fração elite: 0.2567
Fração mutante: 0.0202
Probabilidade herdar alelo elite: 0.6001
Número de populações independentes: 1
Número de threads: 1
Número máximo de gerações: 364

Largura da faixa = 34
Melhor altura = 171

Lower Bound 1 = 158
Lower Bound 2 = 126
Avaliação = 1.08228

Tempo de execução: 8.99665s

---------------------------

Tamanho da população: 392
Fração elite: 0.2567
Fração mutante: 0.0202
Probabilidade herdar alelo elite: 0.6001
Número de populações independentes: 1
Número de threads: 1
Número máximo de gerações: 364

Largura da faixa = 34
Melhor altura = 171

Lower Bound 1 = 158
Lower Bound 2 = 126
Avaliação = 1.08228

Tempo de execução: 9.39922s

---------------------------

Tamanho da população: 392
Fração elite: 0.2567
Fração mutante: 0.0202
Probabilidade herdar alelo elite: 0.6001
Número de populações independentes: 1
Número de threads: 1
Número máximo de gerações: 364

Largura da faixa = 34
Melhor altura = 173

Lower Bound 1 = 158
Lower Bound 2 = 126
Avaliação = 1.09494

Tempo de execução: 9.87629s

---------------------------

Tamanho da população: 392
Fração elite: 0.2567
Fração mutante: 0.0202
Probabilidade herdar alelo elite: 0.6001
Número de populações independentes: 1
Número de threads: 1
Número máximo de gerações: 364

Largura da faixa = 34
Melhor altura = 171

Lower Bound 1 = 158
Lower Bound 2 = 126
Avaliação = 1.08228

Tempo de execução: 9.06225s

---------------------------

Tamanho da população: 392
Fração elite: 0.2567
Fração mutante: 0.0202
Probabilidade herdar alelo elite: 0.6001
Número de populações independentes: 1
Número de threads: 1
Número máximo de gerações: 364

Largura da faixa = 34
Melhor altura = 173

Lower Bound 1 = 158
Lower Bound 2 = 126
Avaliação = 1.09494

Tempo de execução: 9.45989s

---------------------------

Tamanho da população: 392
Fração elite: 0.2567
Fração mutante: 0.0202
Probabilidade herdar alelo elite: 0.6001
Número de populações independentes: 1
Número de threads: 1
Número máximo de gerações: 364

Largura da faixa = 34
Melhor altura = 173

Lower Bound 1 = 158
Lower Bound 2 = 126
Avaliação = 1.09494

Tempo de execução: 9.84809s

---------------------------

Tamanho da população: 392
Fração elite: 0.2567
Fração mutante: 0.0202
Probabilidade herdar alelo elite: 0.6001
Número de populações independentes: 1
Número de threads: 1
Número máximo de gerações: 364

Largura da faixa = 34
Melhor altura = 172

Lower Bound 1 = 158
Lower Bound 2 = 126
Avaliação = 1.08861

Tempo de execução: 9.28085s

---------------------------

Tamanho da população: 392
Fração elite: 0.2567
Fração mutante: 0.0202
Probabilidade herdar alelo elite: 0.6001
Número de populações independentes: 1
Número de threads: 1
Número máximo de gerações: 364

Largura da faixa = 34
Melhor altura = 172

Lower Bound 1 = 158
Lower Bound 2 = 126
Avaliação = 1.08861

Tempo de execução: 9.67253s

---------------------------

Tamanho da população: 392
Fração elite: 0.2567
Fração mutante: 0.0202
Probabilidade herdar alelo elite: 0.6001
Número de populações independentes: 1
Número de threads: 1
Número máximo de gerações: 364

Largura da faixa = 34
Melhor altura = 171

Lower Bound 1 = 158
Lower Bound 2 = 126
Avaliação = 1.08228

Tempo de execução: 9.79812s

---------------------------

Tamanho da população: 392
Fração elite: 0.2567
Fração mutante: 0.0202
Probabilidade herdar alelo elite: 0.6001
Número de populações independentes: 1
Número de threads: 1
Número máximo de gerações: 364

Largura da faixa = 34
Melhor altura = 173

Lower Bound 1 = 158
Lower Bound 2 = 126
Avaliação = 1.09494

Tempo de execução: 9.48969s

---------------------------

Tamanho da população: 392
Fração elite: 0.2567
Fração mutante: 0.0202
Probabilidade herdar alelo elite: 0.6001
Número de populações independentes: 1
Número de threads: 1
Número máximo de gerações: 364

Largura da faixa = 34
Melhor altura = 172

Lower Bound 1 = 158
Lower Bound 2 = 126
Avaliação = 1.08861

Tempo de execução: 9.55819s

---------------------------

Tamanho da população: 392
Fração elite: 0.2567
Fração mutante: 0.0202
Probabilidade herdar alelo elite: 0.6001
Número de populações independentes: 1
Número de threads: 1
Número máximo de gerações: 364

Largura da faixa = 34
Melhor altura = 172

Lower Bound 1 = 158
Lower Bound 2 = 126
Avaliação = 1.08861

Tempo de execução: 9.56816s

---------------------------

Tamanho da população: 392
Fração elite: 0.2567
Fração mutante: 0.0202
Probabilidade herdar alelo elite: 0.6001
Número de populações independentes: 1
Número de threads: 1
Número máximo de gerações: 364

Largura da faixa = 34
Melhor altura = 172

Lower Bound 1 = 158
Lower Bound 2 = 126
Avaliação = 1.08861

Tempo de execução: 9.07955s

---------------------------

Tamanho da população: 392
Fração elite: 0.2567
Fração mutante: 0.0202
Probabilidade herdar alelo elite: 0.6001
Número de populações independentes: 1
Número de threads: 1
Número máximo de gerações: 364

Largura da faixa = 34
Melhor altura = 172

Lower Bound 1 = 158
Lower Bound 2 = 126
Avaliação = 1.08861

Tempo de execução: 9.42592s

---------------------------

Tamanho da população: 392
Fração elite: 0.2567
Fração mutante: 0.0202
Probabilidade herdar alelo elite: 0.6001
Número de populações independentes: 1
Número de threads: 1
Número máximo de gerações: 364

Largura da faixa = 34
Melhor altura = 171

Lower Bound 1 = 158
Lower Bound 2 = 126
Avaliação = 1.08228

Tempo de execução: 9.81062s

---------------------------

Tamanho da população: 392
Fração elite: 0.2567
Fração mutante: 0.0202
Probabilidade herdar alelo elite: 0.6001
Número de populações independentes: 1
Número de threads: 1
Número máximo de gerações: 364

Largura da faixa = 34
Melhor altura = 172

Lower Bound 1 = 158
Lower Bound 2 = 126
Avaliação = 1.08861

Tempo de execução: 9.50889s

---------------------------

Tamanho da população: 392
Fração elite: 0.2567
Fração mutante: 0.0202
Probabilidade herdar alelo elite: 0.6001
Número de populações independentes: 1
Número de threads: 1
Número máximo de gerações: 364

Largura da faixa = 34
Melhor altura = 171

Lower Bound 1 = 158
Lower Bound 2 = 126
Avaliação = 1.08228

Tempo de execução: 9.73138s

---------------------------

Tamanho da população: 392
Fração elite: 0.2567
Fração mutante: 0.0202
Probabilidade herdar alelo elite: 0.6001
Número de populações independentes: 1
Número de threads: 1
Número máximo de gerações: 364

Largura da faixa = 34
Melhor altura = 173

Lower Bound 1 = 158
Lower Bound 2 = 126
Avaliação = 1.09494

Tempo de execução: 9.83745s

---------------------------

Tamanho da população: 392
Fração elite: 0.2567
Fração mutante: 0.0202
Probabilidade herdar alelo elite: 0.6001
Número de populações independentes: 1
Número de threads: 1
Número máximo de gerações: 364

Largura da faixa = 34
Melhor altura = 174

Lower Bound 1 = 158
Lower Bound 2 = 126
Avaliação = 1.10127

Tempo de execução: 9.04394s

---------------------------

Tamanho da população: 392
Fração elite: 0.2567
Fração mutante: 0.0202
Probabilidade herdar alelo elite: 0.6001
Número de populações independentes: 1
Número de threads: 1
Número máximo de gerações: 364

Largura da faixa = 34
Melhor altura = 173

Lower Bound 1 = 158
Lower Bound 2 = 126
Avaliação = 1.09494

Tempo de execução: 9.66142s

---------------------------

