Tamanho da população: 297
Fração elite: 0.55
Fração mutante: 0.0174
Probabilidade herdar alelo elite: 0.7678
Número de populações independentes: 1
Número de threads: 1
Trocar os melhores indivíduos a cada 30 gerações
Número máximo de gerações: 279

Largura da faixa = 146
Melhor altura = 321

Lower Bound 1 = 273
Lower Bound 2 = 213
Avaliação = 1.17582

Tempo de execução: 1.27746s

---------------------------

Tamanho da população: 297
Fração elite: 0.55
Fração mutante: 0.0174
Probabilidade herdar alelo elite: 0.7678
Número de populações independentes: 1
Número de threads: 1
Trocar os melhores indivíduos a cada 30 gerações
Número máximo de gerações: 279

Largura da faixa = 146
Melhor altura = 321

Lower Bound 1 = 273
Lower Bound 2 = 213
Avaliação = 1.17582

Tempo de execução: 1.29807s

---------------------------

Tamanho da população: 297
Fração elite: 0.55
Fração mutante: 0.0174
Probabilidade herdar alelo elite: 0.7678
Número de populações independentes: 1
Número de threads: 1
Trocar os melhores indivíduos a cada 30 gerações
Número máximo de gerações: 279

Largura da faixa = 146
Melhor altura = 321

Lower Bound 1 = 273
Lower Bound 2 = 213
Avaliação = 1.17582

Tempo de execução: 1.31035s

---------------------------

Tamanho da população: 297
Fração elite: 0.55
Fração mutante: 0.0174
Probabilidade herdar alelo elite: 0.7678
Número de populações independentes: 1
Número de threads: 1
Trocar os melhores indivíduos a cada 30 gerações
Número máximo de gerações: 279

Largura da faixa = 146
Melhor altura = 321

Lower Bound 1 = 273
Lower Bound 2 = 213
Avaliação = 1.17582

Tempo de execução: 1.30567s

---------------------------

Tamanho da população: 297
Fração elite: 0.55
Fração mutante: 0.0174
Probabilidade herdar alelo elite: 0.7678
Número de populações independentes: 1
Número de threads: 1
Trocar os melhores indivíduos a cada 30 gerações
Número máximo de gerações: 279

Largura da faixa = 146
Melhor altura = 321

Lower Bound 1 = 273
Lower Bound 2 = 213
Avaliação = 1.17582

Tempo de execução: 1.31083s

---------------------------

Tamanho da população: 297
Fração elite: 0.55
Fração mutante: 0.0174
Probabilidade herdar alelo elite: 0.7678
Número de populações independentes: 1
Número de threads: 1
Trocar os melhores indivíduos a cada 30 gerações
Número máximo de gerações: 279

Largura da faixa = 146
Melhor altura = 321

Lower Bound 1 = 273
Lower Bound 2 = 213
Avaliação = 1.17582

Tempo de execução: 1.34619s

---------------------------

Tamanho da população: 297
Fração elite: 0.55
Fração mutante: 0.0174
Probabilidade herdar alelo elite: 0.7678
Número de populações independentes: 1
Número de threads: 1
Trocar os melhores indivíduos a cada 30 gerações
Número máximo de gerações: 279

Largura da faixa = 146
Melhor altura = 321

Lower Bound 1 = 273
Lower Bound 2 = 213
Avaliação = 1.17582

Tempo de execução: 1.29443s

---------------------------

Tamanho da população: 297
Fração elite: 0.55
Fração mutante: 0.0174
Probabilidade herdar alelo elite: 0.7678
Número de populações independentes: 1
Número de threads: 1
Trocar os melhores indivíduos a cada 30 gerações
Número máximo de gerações: 279

Largura da faixa = 146
Melhor altura = 321

Lower Bound 1 = 273
Lower Bound 2 = 213
Avaliação = 1.17582

Tempo de execução: 1.30094s

---------------------------

Tamanho da população: 297
Fração elite: 0.55
Fração mutante: 0.0174
Probabilidade herdar alelo elite: 0.7678
Número de populações independentes: 1
Número de threads: 1
Trocar os melhores indivíduos a cada 30 gerações
Número máximo de gerações: 279

Largura da faixa = 146
Melhor altura = 321

Lower Bound 1 = 273
Lower Bound 2 = 213
Avaliação = 1.17582

Tempo de execução: 1.33398s

---------------------------

Tamanho da população: 297
Fração elite: 0.55
Fração mutante: 0.0174
Probabilidade herdar alelo elite: 0.7678
Número de populações independentes: 1
Número de threads: 1
Trocar os melhores indivíduos a cada 30 gerações
Número máximo de gerações: 279

Largura da faixa = 146
Melhor altura = 321

Lower Bound 1 = 273
Lower Bound 2 = 213
Avaliação = 1.17582

Tempo de execução: 1.28802s

---------------------------

Tamanho da população: 297
Fração elite: 0.55
Fração mutante: 0.0174
Probabilidade herdar alelo elite: 0.7678
Número de populações independentes: 1
Número de threads: 1
Trocar os melhores indivíduos a cada 30 gerações
Número máximo de gerações: 279

Largura da faixa = 146
Melhor altura = 321

Lower Bound 1 = 273
Lower Bound 2 = 213
Avaliação = 1.17582

Tempo de execução: 1.30498s

---------------------------

Tamanho da população: 297
Fração elite: 0.55
Fração mutante: 0.0174
Probabilidade herdar alelo elite: 0.7678
Número de populações independentes: 1
Número de threads: 1
Trocar os melhores indivíduos a cada 30 gerações
Número máximo de gerações: 279

Largura da faixa = 146
Melhor altura = 321

Lower Bound 1 = 273
Lower Bound 2 = 213
Avaliação = 1.17582

Tempo de execução: 1.31617s

---------------------------

Tamanho da população: 297
Fração elite: 0.55
Fração mutante: 0.0174
Probabilidade herdar alelo elite: 0.7678
Número de populações independentes: 1
Número de threads: 1
Trocar os melhores indivíduos a cada 30 gerações
Número máximo de gerações: 279

Largura da faixa = 146
Melhor altura = 321

Lower Bound 1 = 273
Lower Bound 2 = 213
Avaliação = 1.17582

Tempo de execução: 1.29196s

---------------------------

Tamanho da população: 297
Fração elite: 0.55
Fração mutante: 0.0174
Probabilidade herdar alelo elite: 0.7678
Número de populações independentes: 1
Número de threads: 1
Trocar os melhores indivíduos a cada 30 gerações
Número máximo de gerações: 279

Largura da faixa = 146
Melhor altura = 321

Lower Bound 1 = 273
Lower Bound 2 = 213
Avaliação = 1.17582

Tempo de execução: 1.30625s

---------------------------

Tamanho da população: 297
Fração elite: 0.55
Fração mutante: 0.0174
Probabilidade herdar alelo elite: 0.7678
Número de populações independentes: 1
Número de threads: 1
Trocar os melhores indivíduos a cada 30 gerações
Número máximo de gerações: 279

Largura da faixa = 146
Melhor altura = 321

Lower Bound 1 = 273
Lower Bound 2 = 213
Avaliação = 1.17582

Tempo de execução: 1.31531s

---------------------------

Tamanho da população: 297
Fração elite: 0.55
Fração mutante: 0.0174
Probabilidade herdar alelo elite: 0.7678
Número de populações independentes: 1
Número de threads: 1
Trocar os melhores indivíduos a cada 30 gerações
Número máximo de gerações: 279

Largura da faixa = 146
Melhor altura = 321

Lower Bound 1 = 273
Lower Bound 2 = 213
Avaliação = 1.17582

Tempo de execução: 1.28875s

---------------------------

Tamanho da população: 297
Fração elite: 0.55
Fração mutante: 0.0174
Probabilidade herdar alelo elite: 0.7678
Número de populações independentes: 1
Número de threads: 1
Trocar os melhores indivíduos a cada 30 gerações
Número máximo de gerações: 279

Largura da faixa = 146
Melhor altura = 321

Lower Bound 1 = 273
Lower Bound 2 = 213
Avaliação = 1.17582

Tempo de execução: 1.28903s

---------------------------

Tamanho da população: 297
Fração elite: 0.55
Fração mutante: 0.0174
Probabilidade herdar alelo elite: 0.7678
Número de populações independentes: 1
Número de threads: 1
Trocar os melhores indivíduos a cada 30 gerações
Número máximo de gerações: 279

Largura da faixa = 146
Melhor altura = 321

Lower Bound 1 = 273
Lower Bound 2 = 213
Avaliação = 1.17582

Tempo de execução: 1.30603s

---------------------------

Tamanho da população: 297
Fração elite: 0.55
Fração mutante: 0.0174
Probabilidade herdar alelo elite: 0.7678
Número de populações independentes: 1
Número de threads: 1
Trocar os melhores indivíduos a cada 30 gerações
Número máximo de gerações: 279

Largura da faixa = 146
Melhor altura = 321

Lower Bound 1 = 273
Lower Bound 2 = 213
Avaliação = 1.17582

Tempo de execução: 1.27383s

---------------------------

Tamanho da população: 297
Fração elite: 0.55
Fração mutante: 0.0174
Probabilidade herdar alelo elite: 0.7678
Número de populações independentes: 1
Número de threads: 1
Trocar os melhores indivíduos a cada 30 gerações
Número máximo de gerações: 279

Largura da faixa = 146
Melhor altura = 321

Lower Bound 1 = 273
Lower Bound 2 = 213
Avaliação = 1.17582

Tempo de execução: 1.27503s

---------------------------

