Número de cromossomos: 197
Tamanho da população: 1000
Fração elite: 0.3
Fração mutante: 0.4
Probabilidade herdar alelo elite: 0.8
Número de populações independentes: 3
Número de threads: 2
Melhor até agora: 886 Geração: 0
Melhor até agora: 885 Geração: 6
Melhor até agora: 877 Geração: 7
Melhor até agora: 869 Geração: 11
Melhor até agora: 867 Geração: 18
Melhor até agora: 865 Geração: 20
Melhor até agora: 863 Geração: 23
Melhor até agora: 858 Geração: 26
Melhor até agora: 854 Geração: 58
Largura da faixa = 74
Melhor altura = 854

Lower Bound 1 = 540
Lower Bound 2 = 379
Avaliação = 1.58148
Tempo de execução: 70020ms

---------------------------

