Tamanho da população: 475
Fração elite: 0.2121
Fração mutante: 0.0442
Probabilidade herdar alelo elite: 0.6514
Número de populações independentes: 3
Troca de informação de 4 individuos a cada 241 gerações
Número de threads: 1

Largura da faixa = 119
Melhor altura = 379

Lower Bound 1 = 336
Lower Bound 2 = 229
Avaliação = 1.12798

Tempo de execução: 60.0097s

---------------------------

Tamanho da população: 475
Fração elite: 0.2121
Fração mutante: 0.0442
Probabilidade herdar alelo elite: 0.6514
Número de populações independentes: 3
Troca de informação de 4 individuos a cada 241 gerações
Número de threads: 1

Largura da faixa = 119
Melhor altura = 379

Lower Bound 1 = 336
Lower Bound 2 = 229
Avaliação = 1.12798

Tempo de execução: 60.0112s

---------------------------

Tamanho da população: 475
Fração elite: 0.2121
Fração mutante: 0.0442
Probabilidade herdar alelo elite: 0.6514
Número de populações independentes: 3
Troca de informação de 4 individuos a cada 241 gerações
Número de threads: 1

Largura da faixa = 119
Melhor altura = 379

Lower Bound 1 = 336
Lower Bound 2 = 229
Avaliação = 1.12798

Tempo de execução: 60.0239s

---------------------------

Tamanho da população: 475
Fração elite: 0.2121
Fração mutante: 0.0442
Probabilidade herdar alelo elite: 0.6514
Número de populações independentes: 3
Troca de informação de 4 individuos a cada 241 gerações
Número de threads: 1

Largura da faixa = 119
Melhor altura = 379

Lower Bound 1 = 336
Lower Bound 2 = 229
Avaliação = 1.12798

Tempo de execução: 60.0053s

---------------------------

Tamanho da população: 475
Fração elite: 0.2121
Fração mutante: 0.0442
Probabilidade herdar alelo elite: 0.6514
Número de populações independentes: 3
Troca de informação de 4 individuos a cada 241 gerações
Número de threads: 1

Largura da faixa = 119
Melhor altura = 379

Lower Bound 1 = 336
Lower Bound 2 = 229
Avaliação = 1.12798

Tempo de execução: 60.0078s

---------------------------

Tamanho da população: 475
Fração elite: 0.2121
Fração mutante: 0.0442
Probabilidade herdar alelo elite: 0.6514
Número de populações independentes: 3
Troca de informação de 4 individuos a cada 241 gerações
Número de threads: 1

Largura da faixa = 119
Melhor altura = 379

Lower Bound 1 = 336
Lower Bound 2 = 229
Avaliação = 1.12798

Tempo de execução: 60.0311s

---------------------------

Tamanho da população: 475
Fração elite: 0.2121
Fração mutante: 0.0442
Probabilidade herdar alelo elite: 0.6514
Número de populações independentes: 3
Troca de informação de 4 individuos a cada 241 gerações
Número de threads: 1

Largura da faixa = 119
Melhor altura = 379

Lower Bound 1 = 336
Lower Bound 2 = 229
Avaliação = 1.12798

Tempo de execução: 60.0152s

---------------------------

Tamanho da população: 475
Fração elite: 0.2121
Fração mutante: 0.0442
Probabilidade herdar alelo elite: 0.6514
Número de populações independentes: 3
Troca de informação de 4 individuos a cada 241 gerações
Número de threads: 1

Largura da faixa = 119
Melhor altura = 379

Lower Bound 1 = 336
Lower Bound 2 = 229
Avaliação = 1.12798

Tempo de execução: 60.0242s

---------------------------

Tamanho da população: 475
Fração elite: 0.2121
Fração mutante: 0.0442
Probabilidade herdar alelo elite: 0.6514
Número de populações independentes: 3
Troca de informação de 4 individuos a cada 241 gerações
Número de threads: 1

Largura da faixa = 119
Melhor altura = 379

Lower Bound 1 = 336
Lower Bound 2 = 229
Avaliação = 1.12798

Tempo de execução: 60.0294s

---------------------------

Tamanho da população: 475
Fração elite: 0.2121
Fração mutante: 0.0442
Probabilidade herdar alelo elite: 0.6514
Número de populações independentes: 3
Troca de informação de 4 individuos a cada 241 gerações
Número de threads: 1

Largura da faixa = 119
Melhor altura = 379

Lower Bound 1 = 336
Lower Bound 2 = 229
Avaliação = 1.12798

Tempo de execução: 60.0053s

---------------------------

Tamanho da população: 475
Fração elite: 0.2121
Fração mutante: 0.0442
Probabilidade herdar alelo elite: 0.6514
Número de populações independentes: 3
Troca de informação de 4 individuos a cada 241 gerações
Número de threads: 1

Largura da faixa = 119
Melhor altura = 379

Lower Bound 1 = 336
Lower Bound 2 = 229
Avaliação = 1.12798

Tempo de execução: 60.0171s

---------------------------

Tamanho da população: 475
Fração elite: 0.2121
Fração mutante: 0.0442
Probabilidade herdar alelo elite: 0.6514
Número de populações independentes: 3
Troca de informação de 4 individuos a cada 241 gerações
Número de threads: 1

Largura da faixa = 119
Melhor altura = 379

Lower Bound 1 = 336
Lower Bound 2 = 229
Avaliação = 1.12798

Tempo de execução: 60.0275s

---------------------------

Tamanho da população: 475
Fração elite: 0.2121
Fração mutante: 0.0442
Probabilidade herdar alelo elite: 0.6514
Número de populações independentes: 3
Troca de informação de 4 individuos a cada 241 gerações
Número de threads: 1

Largura da faixa = 119
Melhor altura = 379

Lower Bound 1 = 336
Lower Bound 2 = 229
Avaliação = 1.12798

Tempo de execução: 60.0037s

---------------------------

Tamanho da população: 475
Fração elite: 0.2121
Fração mutante: 0.0442
Probabilidade herdar alelo elite: 0.6514
Número de populações independentes: 3
Troca de informação de 4 individuos a cada 241 gerações
Número de threads: 1

Largura da faixa = 119
Melhor altura = 379

Lower Bound 1 = 336
Lower Bound 2 = 229
Avaliação = 1.12798

Tempo de execução: 60.0112s

---------------------------

Tamanho da população: 475
Fração elite: 0.2121
Fração mutante: 0.0442
Probabilidade herdar alelo elite: 0.6514
Número de populações independentes: 3
Troca de informação de 4 individuos a cada 241 gerações
Número de threads: 1

Largura da faixa = 119
Melhor altura = 379

Lower Bound 1 = 336
Lower Bound 2 = 229
Avaliação = 1.12798

Tempo de execução: 60.0221s

---------------------------

Tamanho da população: 475
Fração elite: 0.2121
Fração mutante: 0.0442
Probabilidade herdar alelo elite: 0.6514
Número de populações independentes: 3
Troca de informação de 4 individuos a cada 241 gerações
Número de threads: 1

Largura da faixa = 119
Melhor altura = 379

Lower Bound 1 = 336
Lower Bound 2 = 229
Avaliação = 1.12798

Tempo de execução: 60.003s

---------------------------

Tamanho da população: 475
Fração elite: 0.2121
Fração mutante: 0.0442
Probabilidade herdar alelo elite: 0.6514
Número de populações independentes: 3
Troca de informação de 4 individuos a cada 241 gerações
Número de threads: 1

Largura da faixa = 119
Melhor altura = 379

Lower Bound 1 = 336
Lower Bound 2 = 229
Avaliação = 1.12798

Tempo de execução: 60.0165s

---------------------------

Tamanho da população: 475
Fração elite: 0.2121
Fração mutante: 0.0442
Probabilidade herdar alelo elite: 0.6514
Número de populações independentes: 3
Troca de informação de 4 individuos a cada 241 gerações
Número de threads: 1

Largura da faixa = 119
Melhor altura = 379

Lower Bound 1 = 336
Lower Bound 2 = 229
Avaliação = 1.12798

Tempo de execução: 60.0187s

---------------------------

Tamanho da população: 475
Fração elite: 0.2121
Fração mutante: 0.0442
Probabilidade herdar alelo elite: 0.6514
Número de populações independentes: 3
Troca de informação de 4 individuos a cada 241 gerações
Número de threads: 1

Largura da faixa = 119
Melhor altura = 379

Lower Bound 1 = 336
Lower Bound 2 = 229
Avaliação = 1.12798

Tempo de execução: 60.0168s

---------------------------

Tamanho da população: 475
Fração elite: 0.2121
Fração mutante: 0.0442
Probabilidade herdar alelo elite: 0.6514
Número de populações independentes: 3
Troca de informação de 4 individuos a cada 241 gerações
Número de threads: 1

Largura da faixa = 119
Melhor altura = 379

Lower Bound 1 = 336
Lower Bound 2 = 229
Avaliação = 1.12798

Tempo de execução: 60.0241s
