Tamanho da população: 297
Fração elite: 0.55
Fração mutante: 0.0174
Probabilidade herdar alelo elite: 0.7678
Número de populações independentes: 1
Número de threads: 1
Trocar os melhores indivíduos a cada 30 gerações
Número máximo de gerações: 279

Largura da faixa = 121
Melhor altura = 359

Lower Bound 1 = 330
Lower Bound 2 = 201
Avaliação = 1.08788

Tempo de execução: 1.21972s

---------------------------

Tamanho da população: 297
Fração elite: 0.55
Fração mutante: 0.0174
Probabilidade herdar alelo elite: 0.7678
Número de populações independentes: 1
Número de threads: 1
Trocar os melhores indivíduos a cada 30 gerações
Número máximo de gerações: 279

Largura da faixa = 121
Melhor altura = 364

Lower Bound 1 = 330
Lower Bound 2 = 201
Avaliação = 1.10303

Tempo de execução: 1.23679s

---------------------------

Tamanho da população: 297
Fração elite: 0.55
Fração mutante: 0.0174
Probabilidade herdar alelo elite: 0.7678
Número de populações independentes: 1
Número de threads: 1
Trocar os melhores indivíduos a cada 30 gerações
Número máximo de gerações: 279

Largura da faixa = 121
Melhor altura = 363

Lower Bound 1 = 330
Lower Bound 2 = 201
Avaliação = 1.1

Tempo de execução: 1.269s

---------------------------

Tamanho da população: 297
Fração elite: 0.55
Fração mutante: 0.0174
Probabilidade herdar alelo elite: 0.7678
Número de populações independentes: 1
Número de threads: 1
Trocar os melhores indivíduos a cada 30 gerações
Número máximo de gerações: 279

Largura da faixa = 121
Melhor altura = 363

Lower Bound 1 = 330
Lower Bound 2 = 201
Avaliação = 1.1

Tempo de execução: 1.19028s

---------------------------

Tamanho da população: 297
Fração elite: 0.55
Fração mutante: 0.0174
Probabilidade herdar alelo elite: 0.7678
Número de populações independentes: 1
Número de threads: 1
Trocar os melhores indivíduos a cada 30 gerações
Número máximo de gerações: 279

Largura da faixa = 121
Melhor altura = 363

Lower Bound 1 = 330
Lower Bound 2 = 201
Avaliação = 1.1

Tempo de execução: 1.23948s

---------------------------

Tamanho da população: 297
Fração elite: 0.55
Fração mutante: 0.0174
Probabilidade herdar alelo elite: 0.7678
Número de populações independentes: 1
Número de threads: 1
Trocar os melhores indivíduos a cada 30 gerações
Número máximo de gerações: 279

Largura da faixa = 121
Melhor altura = 364

Lower Bound 1 = 330
Lower Bound 2 = 201
Avaliação = 1.10303

Tempo de execução: 1.24939s

---------------------------

Tamanho da população: 297
Fração elite: 0.55
Fração mutante: 0.0174
Probabilidade herdar alelo elite: 0.7678
Número de populações independentes: 1
Número de threads: 1
Trocar os melhores indivíduos a cada 30 gerações
Número máximo de gerações: 279

Largura da faixa = 121
Melhor altura = 364

Lower Bound 1 = 330
Lower Bound 2 = 201
Avaliação = 1.10303

Tempo de execução: 1.21346s

---------------------------

Tamanho da população: 297
Fração elite: 0.55
Fração mutante: 0.0174
Probabilidade herdar alelo elite: 0.7678
Número de populações independentes: 1
Número de threads: 1
Trocar os melhores indivíduos a cada 30 gerações
Número máximo de gerações: 279

Largura da faixa = 121
Melhor altura = 363

Lower Bound 1 = 330
Lower Bound 2 = 201
Avaliação = 1.1

Tempo de execução: 1.24165s

---------------------------

Tamanho da população: 297
Fração elite: 0.55
Fração mutante: 0.0174
Probabilidade herdar alelo elite: 0.7678
Número de populações independentes: 1
Número de threads: 1
Trocar os melhores indivíduos a cada 30 gerações
Número máximo de gerações: 279

Largura da faixa = 121
Melhor altura = 362

Lower Bound 1 = 330
Lower Bound 2 = 201
Avaliação = 1.09697

Tempo de execução: 1.276s

---------------------------

Tamanho da população: 297
Fração elite: 0.55
Fração mutante: 0.0174
Probabilidade herdar alelo elite: 0.7678
Número de populações independentes: 1
Número de threads: 1
Trocar os melhores indivíduos a cada 30 gerações
Número máximo de gerações: 279

Largura da faixa = 121
Melhor altura = 363

Lower Bound 1 = 330
Lower Bound 2 = 201
Avaliação = 1.1

Tempo de execução: 1.24351s

---------------------------

Tamanho da população: 297
Fração elite: 0.55
Fração mutante: 0.0174
Probabilidade herdar alelo elite: 0.7678
Número de populações independentes: 1
Número de threads: 1
Trocar os melhores indivíduos a cada 30 gerações
Número máximo de gerações: 279

Largura da faixa = 121
Melhor altura = 364

Lower Bound 1 = 330
Lower Bound 2 = 201
Avaliação = 1.10303

Tempo de execução: 1.27654s

---------------------------

Tamanho da população: 297
Fração elite: 0.55
Fração mutante: 0.0174
Probabilidade herdar alelo elite: 0.7678
Número de populações independentes: 1
Número de threads: 1
Trocar os melhores indivíduos a cada 30 gerações
Número máximo de gerações: 279

Largura da faixa = 121
Melhor altura = 364

Lower Bound 1 = 330
Lower Bound 2 = 201
Avaliação = 1.10303

Tempo de execução: 1.29641s

---------------------------

Tamanho da população: 297
Fração elite: 0.55
Fração mutante: 0.0174
Probabilidade herdar alelo elite: 0.7678
Número de populações independentes: 1
Número de threads: 1
Trocar os melhores indivíduos a cada 30 gerações
Número máximo de gerações: 279

Largura da faixa = 121
Melhor altura = 362

Lower Bound 1 = 330
Lower Bound 2 = 201
Avaliação = 1.09697

Tempo de execução: 1.18445s

---------------------------

Tamanho da população: 297
Fração elite: 0.55
Fração mutante: 0.0174
Probabilidade herdar alelo elite: 0.7678
Número de populações independentes: 1
Número de threads: 1
Trocar os melhores indivíduos a cada 30 gerações
Número máximo de gerações: 279

Largura da faixa = 121
Melhor altura = 356

Lower Bound 1 = 330
Lower Bound 2 = 201
Avaliação = 1.07879

Tempo de execução: 1.2189s

---------------------------

Tamanho da população: 297
Fração elite: 0.55
Fração mutante: 0.0174
Probabilidade herdar alelo elite: 0.7678
Número de populações independentes: 1
Número de threads: 1
Trocar os melhores indivíduos a cada 30 gerações
Número máximo de gerações: 279

Largura da faixa = 121
Melhor altura = 356

Lower Bound 1 = 330
Lower Bound 2 = 201
Avaliação = 1.07879

Tempo de execução: 1.25781s

---------------------------

Tamanho da população: 297
Fração elite: 0.55
Fração mutante: 0.0174
Probabilidade herdar alelo elite: 0.7678
Número de populações independentes: 1
Número de threads: 1
Trocar os melhores indivíduos a cada 30 gerações
Número máximo de gerações: 279

Largura da faixa = 121
Melhor altura = 364

Lower Bound 1 = 330
Lower Bound 2 = 201
Avaliação = 1.10303

Tempo de execução: 1.20182s

---------------------------

Tamanho da população: 297
Fração elite: 0.55
Fração mutante: 0.0174
Probabilidade herdar alelo elite: 0.7678
Número de populações independentes: 1
Número de threads: 1
Trocar os melhores indivíduos a cada 30 gerações
Número máximo de gerações: 279

Largura da faixa = 121
Melhor altura = 364

Lower Bound 1 = 330
Lower Bound 2 = 201
Avaliação = 1.10303

Tempo de execução: 1.23471s

---------------------------

Tamanho da população: 297
Fração elite: 0.55
Fração mutante: 0.0174
Probabilidade herdar alelo elite: 0.7678
Número de populações independentes: 1
Número de threads: 1
Trocar os melhores indivíduos a cada 30 gerações
Número máximo de gerações: 279

Largura da faixa = 121
Melhor altura = 363

Lower Bound 1 = 330
Lower Bound 2 = 201
Avaliação = 1.1

Tempo de execução: 1.25798s

---------------------------

Tamanho da população: 297
Fração elite: 0.55
Fração mutante: 0.0174
Probabilidade herdar alelo elite: 0.7678
Número de populações independentes: 1
Número de threads: 1
Trocar os melhores indivíduos a cada 30 gerações
Número máximo de gerações: 279

Largura da faixa = 121
Melhor altura = 363

Lower Bound 1 = 330
Lower Bound 2 = 201
Avaliação = 1.1

Tempo de execução: 1.15757s

---------------------------

Tamanho da população: 297
Fração elite: 0.55
Fração mutante: 0.0174
Probabilidade herdar alelo elite: 0.7678
Número de populações independentes: 1
Número de threads: 1
Trocar os melhores indivíduos a cada 30 gerações
Número máximo de gerações: 279

Largura da faixa = 121
Melhor altura = 362

Lower Bound 1 = 330
Lower Bound 2 = 201
Avaliação = 1.09697

Tempo de execução: 1.17439s

---------------------------

