Tamanho da população: 297
Fração elite: 0.55
Fração mutante: 0.0174
Probabilidade herdar alelo elite: 0.7678
Número de populações independentes: 1
Número de threads: 1
Trocar os melhores indivíduos a cada 30 gerações
Número máximo de gerações: 279

Largura da faixa = 129
Melhor altura = 349

Lower Bound 1 = 310
Lower Bound 2 = 129
Avaliação = 1.12581

Tempo de execução: 2.07533s

---------------------------

Tamanho da população: 297
Fração elite: 0.55
Fração mutante: 0.0174
Probabilidade herdar alelo elite: 0.7678
Número de populações independentes: 1
Número de threads: 1
Trocar os melhores indivíduos a cada 30 gerações
Número máximo de gerações: 279

Largura da faixa = 129
Melhor altura = 338

Lower Bound 1 = 310
Lower Bound 2 = 129
Avaliação = 1.09032

Tempo de execução: 2.19668s

---------------------------

Tamanho da população: 297
Fração elite: 0.55
Fração mutante: 0.0174
Probabilidade herdar alelo elite: 0.7678
Número de populações independentes: 1
Número de threads: 1
Trocar os melhores indivíduos a cada 30 gerações
Número máximo de gerações: 279

Largura da faixa = 129
Melhor altura = 342

Lower Bound 1 = 310
Lower Bound 2 = 129
Avaliação = 1.10323

Tempo de execução: 2.35116s

---------------------------

Tamanho da população: 297
Fração elite: 0.55
Fração mutante: 0.0174
Probabilidade herdar alelo elite: 0.7678
Número de populações independentes: 1
Número de threads: 1
Trocar os melhores indivíduos a cada 30 gerações
Número máximo de gerações: 279

Largura da faixa = 129
Melhor altura = 342

Lower Bound 1 = 310
Lower Bound 2 = 129
Avaliação = 1.10323

Tempo de execução: 2.11271s

---------------------------

Tamanho da população: 297
Fração elite: 0.55
Fração mutante: 0.0174
Probabilidade herdar alelo elite: 0.7678
Número de populações independentes: 1
Número de threads: 1
Trocar os melhores indivíduos a cada 30 gerações
Número máximo de gerações: 279

Largura da faixa = 129
Melhor altura = 333

Lower Bound 1 = 310
Lower Bound 2 = 129
Avaliação = 1.07419

Tempo de execução: 2.23538s

---------------------------

Tamanho da população: 297
Fração elite: 0.55
Fração mutante: 0.0174
Probabilidade herdar alelo elite: 0.7678
Número de populações independentes: 1
Número de threads: 1
Trocar os melhores indivíduos a cada 30 gerações
Número máximo de gerações: 279

Largura da faixa = 129
Melhor altura = 330

Lower Bound 1 = 310
Lower Bound 2 = 129
Avaliação = 1.06452

Tempo de execução: 2.25073s

---------------------------

Tamanho da população: 297
Fração elite: 0.55
Fração mutante: 0.0174
Probabilidade herdar alelo elite: 0.7678
Número de populações independentes: 1
Número de threads: 1
Trocar os melhores indivíduos a cada 30 gerações
Número máximo de gerações: 279

Largura da faixa = 129
Melhor altura = 346

Lower Bound 1 = 310
Lower Bound 2 = 129
Avaliação = 1.11613

Tempo de execução: 2.08882s

---------------------------

Tamanho da população: 297
Fração elite: 0.55
Fração mutante: 0.0174
Probabilidade herdar alelo elite: 0.7678
Número de populações independentes: 1
Número de threads: 1
Trocar os melhores indivíduos a cada 30 gerações
Número máximo de gerações: 279

Largura da faixa = 129
Melhor altura = 335

Lower Bound 1 = 310
Lower Bound 2 = 129
Avaliação = 1.08065

Tempo de execução: 2.28296s

---------------------------

Tamanho da população: 297
Fração elite: 0.55
Fração mutante: 0.0174
Probabilidade herdar alelo elite: 0.7678
Número de populações independentes: 1
Número de threads: 1
Trocar os melhores indivíduos a cada 30 gerações
Número máximo de gerações: 279

Largura da faixa = 129
Melhor altura = 335

Lower Bound 1 = 310
Lower Bound 2 = 129
Avaliação = 1.08065

Tempo de execução: 2.31093s

---------------------------

Tamanho da população: 297
Fração elite: 0.55
Fração mutante: 0.0174
Probabilidade herdar alelo elite: 0.7678
Número de populações independentes: 1
Número de threads: 1
Trocar os melhores indivíduos a cada 30 gerações
Número máximo de gerações: 279

Largura da faixa = 129
Melhor altura = 342

Lower Bound 1 = 310
Lower Bound 2 = 129
Avaliação = 1.10323

Tempo de execução: 2.1166s

---------------------------

Tamanho da população: 297
Fração elite: 0.55
Fração mutante: 0.0174
Probabilidade herdar alelo elite: 0.7678
Número de populações independentes: 1
Número de threads: 1
Trocar os melhores indivíduos a cada 30 gerações
Número máximo de gerações: 279

Largura da faixa = 129
Melhor altura = 325

Lower Bound 1 = 310
Lower Bound 2 = 129
Avaliação = 1.04839

Tempo de execução: 2.21171s

---------------------------

Tamanho da população: 297
Fração elite: 0.55
Fração mutante: 0.0174
Probabilidade herdar alelo elite: 0.7678
Número de populações independentes: 1
Número de threads: 1
Trocar os melhores indivíduos a cada 30 gerações
Número máximo de gerações: 279

Largura da faixa = 129
Melhor altura = 335

Lower Bound 1 = 310
Lower Bound 2 = 129
Avaliação = 1.08065

Tempo de execução: 2.22655s

---------------------------

Tamanho da população: 297
Fração elite: 0.55
Fração mutante: 0.0174
Probabilidade herdar alelo elite: 0.7678
Número de populações independentes: 1
Número de threads: 1
Trocar os melhores indivíduos a cada 30 gerações
Número máximo de gerações: 279

Largura da faixa = 129
Melhor altura = 335

Lower Bound 1 = 310
Lower Bound 2 = 129
Avaliação = 1.08065

Tempo de execução: 2.19897s

---------------------------

Tamanho da população: 297
Fração elite: 0.55
Fração mutante: 0.0174
Probabilidade herdar alelo elite: 0.7678
Número de populações independentes: 1
Número de threads: 1
Trocar os melhores indivíduos a cada 30 gerações
Número máximo de gerações: 279

Largura da faixa = 129
Melhor altura = 340

Lower Bound 1 = 310
Lower Bound 2 = 129
Avaliação = 1.09677

Tempo de execução: 2.22482s

---------------------------

Tamanho da população: 297
Fração elite: 0.55
Fração mutante: 0.0174
Probabilidade herdar alelo elite: 0.7678
Número de populações independentes: 1
Número de threads: 1
Trocar os melhores indivíduos a cada 30 gerações
Número máximo de gerações: 279

Largura da faixa = 129
Melhor altura = 335

Lower Bound 1 = 310
Lower Bound 2 = 129
Avaliação = 1.08065

Tempo de execução: 2.28149s

---------------------------

Tamanho da população: 297
Fração elite: 0.55
Fração mutante: 0.0174
Probabilidade herdar alelo elite: 0.7678
Número de populações independentes: 1
Número de threads: 1
Trocar os melhores indivíduos a cada 30 gerações
Número máximo de gerações: 279

Largura da faixa = 129
Melhor altura = 340

Lower Bound 1 = 310
Lower Bound 2 = 129
Avaliação = 1.09677

Tempo de execução: 2.12595s

---------------------------

Tamanho da população: 297
Fração elite: 0.55
Fração mutante: 0.0174
Probabilidade herdar alelo elite: 0.7678
Número de populações independentes: 1
Número de threads: 1
Trocar os melhores indivíduos a cada 30 gerações
Número máximo de gerações: 279

Largura da faixa = 129
Melhor altura = 335

Lower Bound 1 = 310
Lower Bound 2 = 129
Avaliação = 1.08065

Tempo de execução: 2.18978s

---------------------------

Tamanho da população: 297
Fração elite: 0.55
Fração mutante: 0.0174
Probabilidade herdar alelo elite: 0.7678
Número de populações independentes: 1
Número de threads: 1
Trocar os melhores indivíduos a cada 30 gerações
Número máximo de gerações: 279

Largura da faixa = 129
Melhor altura = 331

Lower Bound 1 = 310
Lower Bound 2 = 129
Avaliação = 1.06774

Tempo de execução: 2.27266s

---------------------------

Tamanho da população: 297
Fração elite: 0.55
Fração mutante: 0.0174
Probabilidade herdar alelo elite: 0.7678
Número de populações independentes: 1
Número de threads: 1
Trocar os melhores indivíduos a cada 30 gerações
Número máximo de gerações: 279

Largura da faixa = 129
Melhor altura = 344

Lower Bound 1 = 310
Lower Bound 2 = 129
Avaliação = 1.10968

Tempo de execução: 2.18213s

---------------------------

Tamanho da população: 297
Fração elite: 0.55
Fração mutante: 0.0174
Probabilidade herdar alelo elite: 0.7678
Número de populações independentes: 1
Número de threads: 1
Trocar os melhores indivíduos a cada 30 gerações
Número máximo de gerações: 279

Largura da faixa = 129
Melhor altura = 335

Lower Bound 1 = 310
Lower Bound 2 = 129
Avaliação = 1.08065

Tempo de execução: 2.18998s

---------------------------

