Tamanho da população: 475
Fração elite: 0.2121
Fração mutante: 0.0442
Probabilidade herdar alelo elite: 0.6514
Número de populações independentes: 3
Troca de informação de 4 individuos a cada 241 gerações
Número de threads: 1

Largura da faixa = 108
Melhor altura = 404

Lower Bound 1 = 370
Lower Bound 2 = 174
Avaliação = 1.09189

Tempo de execução: 60.0303s

---------------------------

Tamanho da população: 475
Fração elite: 0.2121
Fração mutante: 0.0442
Probabilidade herdar alelo elite: 0.6514
Número de populações independentes: 3
Troca de informação de 4 individuos a cada 241 gerações
Número de threads: 1

Largura da faixa = 108
Melhor altura = 407

Lower Bound 1 = 370
Lower Bound 2 = 174
Avaliação = 1.1

Tempo de execução: 60.0606s

---------------------------

Tamanho da população: 475
Fração elite: 0.2121
Fração mutante: 0.0442
Probabilidade herdar alelo elite: 0.6514
Número de populações independentes: 3
Troca de informação de 4 individuos a cada 241 gerações
Número de threads: 1

Largura da faixa = 108
Melhor altura = 408

Lower Bound 1 = 370
Lower Bound 2 = 174
Avaliação = 1.1027

Tempo de execução: 60.1488s

---------------------------

Tamanho da população: 475
Fração elite: 0.2121
Fração mutante: 0.0442
Probabilidade herdar alelo elite: 0.6514
Número de populações independentes: 3
Troca de informação de 4 individuos a cada 241 gerações
Número de threads: 1

Largura da faixa = 108
Melhor altura = 405

Lower Bound 1 = 370
Lower Bound 2 = 174
Avaliação = 1.09459

Tempo de execução: 60.0263s

---------------------------

Tamanho da população: 475
Fração elite: 0.2121
Fração mutante: 0.0442
Probabilidade herdar alelo elite: 0.6514
Número de populações independentes: 3
Troca de informação de 4 individuos a cada 241 gerações
Número de threads: 1

Largura da faixa = 108
Melhor altura = 409

Lower Bound 1 = 370
Lower Bound 2 = 174
Avaliação = 1.10541

Tempo de execução: 60.068s

---------------------------

Tamanho da população: 475
Fração elite: 0.2121
Fração mutante: 0.0442
Probabilidade herdar alelo elite: 0.6514
Número de populações independentes: 3
Troca de informação de 4 individuos a cada 241 gerações
Número de threads: 1

Largura da faixa = 108
Melhor altura = 409

Lower Bound 1 = 370
Lower Bound 2 = 174
Avaliação = 1.10541

Tempo de execução: 60.1385s

---------------------------

Tamanho da população: 475
Fração elite: 0.2121
Fração mutante: 0.0442
Probabilidade herdar alelo elite: 0.6514
Número de populações independentes: 3
Troca de informação de 4 individuos a cada 241 gerações
Número de threads: 1

Largura da faixa = 108
Melhor altura = 406

Lower Bound 1 = 370
Lower Bound 2 = 174
Avaliação = 1.0973

Tempo de execução: 60.0056s

---------------------------

Tamanho da população: 475
Fração elite: 0.2121
Fração mutante: 0.0442
Probabilidade herdar alelo elite: 0.6514
Número de populações independentes: 3
Troca de informação de 4 individuos a cada 241 gerações
Número de threads: 1

Largura da faixa = 108
Melhor altura = 409

Lower Bound 1 = 370
Lower Bound 2 = 174
Avaliação = 1.10541

Tempo de execução: 60.0095s

---------------------------

Tamanho da população: 475
Fração elite: 0.2121
Fração mutante: 0.0442
Probabilidade herdar alelo elite: 0.6514
Número de populações independentes: 3
Troca de informação de 4 individuos a cada 241 gerações
Número de threads: 1

Largura da faixa = 108
Melhor altura = 405

Lower Bound 1 = 370
Lower Bound 2 = 174
Avaliação = 1.09459

Tempo de execução: 60.0832s

---------------------------

Tamanho da população: 475
Fração elite: 0.2121
Fração mutante: 0.0442
Probabilidade herdar alelo elite: 0.6514
Número de populações independentes: 3
Troca de informação de 4 individuos a cada 241 gerações
Número de threads: 1

Largura da faixa = 108
Melhor altura = 406

Lower Bound 1 = 370
Lower Bound 2 = 174
Avaliação = 1.0973

Tempo de execução: 60.036s

---------------------------

Tamanho da população: 475
Fração elite: 0.2121
Fração mutante: 0.0442
Probabilidade herdar alelo elite: 0.6514
Número de populações independentes: 3
Troca de informação de 4 individuos a cada 241 gerações
Número de threads: 1

Largura da faixa = 108
Melhor altura = 406

Lower Bound 1 = 370
Lower Bound 2 = 174
Avaliação = 1.0973

Tempo de execução: 60.0546s

---------------------------

Tamanho da população: 475
Fração elite: 0.2121
Fração mutante: 0.0442
Probabilidade herdar alelo elite: 0.6514
Número de populações independentes: 3
Troca de informação de 4 individuos a cada 241 gerações
Número de threads: 1

Largura da faixa = 108
Melhor altura = 410

Lower Bound 1 = 370
Lower Bound 2 = 174
Avaliação = 1.10811

Tempo de execução: 60.1615s

---------------------------

Tamanho da população: 475
Fração elite: 0.2121
Fração mutante: 0.0442
Probabilidade herdar alelo elite: 0.6514
Número de populações independentes: 3
Troca de informação de 4 individuos a cada 241 gerações
Número de threads: 1

Largura da faixa = 108
Melhor altura = 406

Lower Bound 1 = 370
Lower Bound 2 = 174
Avaliação = 1.0973

Tempo de execução: 60.0414s

---------------------------

Tamanho da população: 475
Fração elite: 0.2121
Fração mutante: 0.0442
Probabilidade herdar alelo elite: 0.6514
Número de populações independentes: 3
Troca de informação de 4 individuos a cada 241 gerações
Número de threads: 1

Largura da faixa = 108
Melhor altura = 406

Lower Bound 1 = 370
Lower Bound 2 = 174
Avaliação = 1.0973

Tempo de execução: 60.0564s

---------------------------

Tamanho da população: 475
Fração elite: 0.2121
Fração mutante: 0.0442
Probabilidade herdar alelo elite: 0.6514
Número de populações independentes: 3
Troca de informação de 4 individuos a cada 241 gerações
Número de threads: 1

Largura da faixa = 108
Melhor altura = 406

Lower Bound 1 = 370
Lower Bound 2 = 174
Avaliação = 1.0973

Tempo de execução: 60.1376s

---------------------------

Tamanho da população: 475
Fração elite: 0.2121
Fração mutante: 0.0442
Probabilidade herdar alelo elite: 0.6514
Número de populações independentes: 3
Troca de informação de 4 individuos a cada 241 gerações
Número de threads: 1

Largura da faixa = 108
Melhor altura = 406

Lower Bound 1 = 370
Lower Bound 2 = 174
Avaliação = 1.0973

Tempo de execução: 60.0137s

---------------------------

Tamanho da população: 475
Fração elite: 0.2121
Fração mutante: 0.0442
Probabilidade herdar alelo elite: 0.6514
Número de populações independentes: 3
Troca de informação de 4 individuos a cada 241 gerações
Número de threads: 1

Largura da faixa = 108
Melhor altura = 406

Lower Bound 1 = 370
Lower Bound 2 = 174
Avaliação = 1.0973

Tempo de execução: 60.1055s

---------------------------

Tamanho da população: 475
Fração elite: 0.2121
Fração mutante: 0.0442
Probabilidade herdar alelo elite: 0.6514
Número de populações independentes: 3
Troca de informação de 4 individuos a cada 241 gerações
Número de threads: 1

Largura da faixa = 108
Melhor altura = 404

Lower Bound 1 = 370
Lower Bound 2 = 174
Avaliação = 1.09189

Tempo de execução: 60.1553s

---------------------------

Tamanho da população: 475
Fração elite: 0.2121
Fração mutante: 0.0442
Probabilidade herdar alelo elite: 0.6514
Número de populações independentes: 3
Troca de informação de 4 individuos a cada 241 gerações
Número de threads: 1

Largura da faixa = 108
Melhor altura = 405

Lower Bound 1 = 370
Lower Bound 2 = 174
Avaliação = 1.09459

Tempo de execução: 60.0115s

---------------------------

Tamanho da população: 475
Fração elite: 0.2121
Fração mutante: 0.0442
Probabilidade herdar alelo elite: 0.6514
Número de populações independentes: 3
Troca de informação de 4 individuos a cada 241 gerações
Número de threads: 1

Largura da faixa = 108
Melhor altura = 409

Lower Bound 1 = 370
Lower Bound 2 = 174
Avaliação = 1.10541

Tempo de execução: 60.0872s
