Tamanho da população: 475
Fração elite: 0.2121
Fração mutante: 0.0442
Probabilidade herdar alelo elite: 0.6514
Número de populações independentes: 3
Troca de informação de 4 individuos a cada 241 gerações
Número de threads: 1

Largura da faixa = 112
Melhor altura = 382

Lower Bound 1 = 357
Lower Bound 2 = 229
Avaliação = 1.07003

Tempo de execução: 60.019s

---------------------------

Tamanho da população: 475
Fração elite: 0.2121
Fração mutante: 0.0442
Probabilidade herdar alelo elite: 0.6514
Número de populações independentes: 3
Troca de informação de 4 individuos a cada 241 gerações
Número de threads: 1

Largura da faixa = 112
Melhor altura = 391

Lower Bound 1 = 357
Lower Bound 2 = 229
Avaliação = 1.09524

Tempo de execução: 60.0205s

---------------------------

Tamanho da população: 475
Fração elite: 0.2121
Fração mutante: 0.0442
Probabilidade herdar alelo elite: 0.6514
Número de populações independentes: 3
Troca de informação de 4 individuos a cada 241 gerações
Número de threads: 1

Largura da faixa = 112
Melhor altura = 386

Lower Bound 1 = 357
Lower Bound 2 = 229
Avaliação = 1.08123

Tempo de execução: 60.0268s

---------------------------

Tamanho da população: 475
Fração elite: 0.2121
Fração mutante: 0.0442
Probabilidade herdar alelo elite: 0.6514
Número de populações independentes: 3
Troca de informação de 4 individuos a cada 241 gerações
Número de threads: 1

Largura da faixa = 112
Melhor altura = 388

Lower Bound 1 = 357
Lower Bound 2 = 229
Avaliação = 1.08683

Tempo de execução: 60.001s

---------------------------

Tamanho da população: 475
Fração elite: 0.2121
Fração mutante: 0.0442
Probabilidade herdar alelo elite: 0.6514
Número de populações independentes: 3
Troca de informação de 4 individuos a cada 241 gerações
Número de threads: 1

Largura da faixa = 112
Melhor altura = 388

Lower Bound 1 = 357
Lower Bound 2 = 229
Avaliação = 1.08683

Tempo de execução: 60.0103s

---------------------------

Tamanho da população: 475
Fração elite: 0.2121
Fração mutante: 0.0442
Probabilidade herdar alelo elite: 0.6514
Número de populações independentes: 3
Troca de informação de 4 individuos a cada 241 gerações
Número de threads: 1

Largura da faixa = 112
Melhor altura = 384

Lower Bound 1 = 357
Lower Bound 2 = 229
Avaliação = 1.07563

Tempo de execução: 60.0169s

---------------------------

Tamanho da população: 475
Fração elite: 0.2121
Fração mutante: 0.0442
Probabilidade herdar alelo elite: 0.6514
Número de populações independentes: 3
Troca de informação de 4 individuos a cada 241 gerações
Número de threads: 1

Largura da faixa = 112
Melhor altura = 382

Lower Bound 1 = 357
Lower Bound 2 = 229
Avaliação = 1.07003

Tempo de execução: 60.024s

---------------------------

Tamanho da população: 475
Fração elite: 0.2121
Fração mutante: 0.0442
Probabilidade herdar alelo elite: 0.6514
Número de populações independentes: 3
Troca de informação de 4 individuos a cada 241 gerações
Número de threads: 1

Largura da faixa = 112
Melhor altura = 383

Lower Bound 1 = 357
Lower Bound 2 = 229
Avaliação = 1.07283

Tempo de execução: 60.0241s

---------------------------

Tamanho da população: 475
Fração elite: 0.2121
Fração mutante: 0.0442
Probabilidade herdar alelo elite: 0.6514
Número de populações independentes: 3
Troca de informação de 4 individuos a cada 241 gerações
Número de threads: 1

Largura da faixa = 112
Melhor altura = 382

Lower Bound 1 = 357
Lower Bound 2 = 229
Avaliação = 1.07003

Tempo de execução: 60.0305s

---------------------------

Tamanho da população: 475
Fração elite: 0.2121
Fração mutante: 0.0442
Probabilidade herdar alelo elite: 0.6514
Número de populações independentes: 3
Troca de informação de 4 individuos a cada 241 gerações
Número de threads: 1

Largura da faixa = 112
Melhor altura = 382

Lower Bound 1 = 357
Lower Bound 2 = 229
Avaliação = 1.07003

Tempo de execução: 60.0004s

---------------------------

Tamanho da população: 475
Fração elite: 0.2121
Fração mutante: 0.0442
Probabilidade herdar alelo elite: 0.6514
Número de populações independentes: 3
Troca de informação de 4 individuos a cada 241 gerações
Número de threads: 1

Largura da faixa = 112
Melhor altura = 389

Lower Bound 1 = 357
Lower Bound 2 = 229
Avaliação = 1.08964

Tempo de execução: 60.0196s

---------------------------

Tamanho da população: 475
Fração elite: 0.2121
Fração mutante: 0.0442
Probabilidade herdar alelo elite: 0.6514
Número de populações independentes: 3
Troca de informação de 4 individuos a cada 241 gerações
Número de threads: 1

Largura da faixa = 112
Melhor altura = 383

Lower Bound 1 = 357
Lower Bound 2 = 229
Avaliação = 1.07283

Tempo de execução: 60.0221s

---------------------------

Tamanho da população: 475
Fração elite: 0.2121
Fração mutante: 0.0442
Probabilidade herdar alelo elite: 0.6514
Número de populações independentes: 3
Troca de informação de 4 individuos a cada 241 gerações
Número de threads: 1

Largura da faixa = 112
Melhor altura = 386

Lower Bound 1 = 357
Lower Bound 2 = 229
Avaliação = 1.08123

Tempo de execução: 60.0013s

---------------------------

Tamanho da população: 475
Fração elite: 0.2121
Fração mutante: 0.0442
Probabilidade herdar alelo elite: 0.6514
Número de populações independentes: 3
Troca de informação de 4 individuos a cada 241 gerações
Número de threads: 1

Largura da faixa = 112
Melhor altura = 389

Lower Bound 1 = 357
Lower Bound 2 = 229
Avaliação = 1.08964

Tempo de execução: 60.0034s

---------------------------

Tamanho da população: 475
Fração elite: 0.2121
Fração mutante: 0.0442
Probabilidade herdar alelo elite: 0.6514
Número de populações independentes: 3
Troca de informação de 4 individuos a cada 241 gerações
Número de threads: 1

Largura da faixa = 112
Melhor altura = 382

Lower Bound 1 = 357
Lower Bound 2 = 229
Avaliação = 1.07003

Tempo de execução: 60.0198s

---------------------------

Tamanho da população: 475
Fração elite: 0.2121
Fração mutante: 0.0442
Probabilidade herdar alelo elite: 0.6514
Número de populações independentes: 3
Troca de informação de 4 individuos a cada 241 gerações
Número de threads: 1

Largura da faixa = 112
Melhor altura = 382

Lower Bound 1 = 357
Lower Bound 2 = 229
Avaliação = 1.07003

Tempo de execução: 60.0027s

---------------------------

Tamanho da população: 475
Fração elite: 0.2121
Fração mutante: 0.0442
Probabilidade herdar alelo elite: 0.6514
Número de populações independentes: 3
Troca de informação de 4 individuos a cada 241 gerações
Número de threads: 1

Largura da faixa = 112
Melhor altura = 388

Lower Bound 1 = 357
Lower Bound 2 = 229
Avaliação = 1.08683

Tempo de execução: 60.0156s

---------------------------

Tamanho da população: 475
Fração elite: 0.2121
Fração mutante: 0.0442
Probabilidade herdar alelo elite: 0.6514
Número de populações independentes: 3
Troca de informação de 4 individuos a cada 241 gerações
Número de threads: 1

Largura da faixa = 112
Melhor altura = 382

Lower Bound 1 = 357
Lower Bound 2 = 229
Avaliação = 1.07003

Tempo de execução: 60.0262s

---------------------------

Tamanho da população: 475
Fração elite: 0.2121
Fração mutante: 0.0442
Probabilidade herdar alelo elite: 0.6514
Número de populações independentes: 3
Troca de informação de 4 individuos a cada 241 gerações
Número de threads: 1

Largura da faixa = 112
Melhor altura = 388

Lower Bound 1 = 357
Lower Bound 2 = 229
Avaliação = 1.08683

Tempo de execução: 60.0027s

---------------------------

Tamanho da população: 475
Fração elite: 0.2121
Fração mutante: 0.0442
Probabilidade herdar alelo elite: 0.6514
Número de populações independentes: 3
Troca de informação de 4 individuos a cada 241 gerações
Número de threads: 1

Largura da faixa = 112
Melhor altura = 383

Lower Bound 1 = 357
Lower Bound 2 = 229
Avaliação = 1.07283

Tempo de execução: 60.0261s
