Tamanho da população: 475
Fração elite: 0.2121
Fração mutante: 0.0442
Probabilidade herdar alelo elite: 0.6514
Número de populações independentes: 3
Troca de informação de 4 individuos a cada 241 gerações
Número de threads: 1

Largura da faixa = 120
Melhor altura = 363

Lower Bound 1 = 333
Lower Bound 2 = 214
Avaliação = 1.09009

Tempo de execução: 60.0106s

---------------------------

Tamanho da população: 475
Fração elite: 0.2121
Fração mutante: 0.0442
Probabilidade herdar alelo elite: 0.6514
Número de populações independentes: 3
Troca de informação de 4 individuos a cada 241 gerações
Número de threads: 1

Largura da faixa = 120
Melhor altura = 363

Lower Bound 1 = 333
Lower Bound 2 = 214
Avaliação = 1.09009

Tempo de execução: 60.0109s

---------------------------

Tamanho da população: 475
Fração elite: 0.2121
Fração mutante: 0.0442
Probabilidade herdar alelo elite: 0.6514
Número de populações independentes: 3
Troca de informação de 4 individuos a cada 241 gerações
Número de threads: 1

Largura da faixa = 120
Melhor altura = 363

Lower Bound 1 = 333
Lower Bound 2 = 214
Avaliação = 1.09009

Tempo de execução: 60.0126s

---------------------------

Tamanho da população: 475
Fração elite: 0.2121
Fração mutante: 0.0442
Probabilidade herdar alelo elite: 0.6514
Número de populações independentes: 3
Troca de informação de 4 individuos a cada 241 gerações
Número de threads: 1

Largura da faixa = 120
Melhor altura = 364

Lower Bound 1 = 333
Lower Bound 2 = 214
Avaliação = 1.09309

Tempo de execução: 60.0058s

---------------------------

Tamanho da população: 475
Fração elite: 0.2121
Fração mutante: 0.0442
Probabilidade herdar alelo elite: 0.6514
Número de populações independentes: 3
Troca de informação de 4 individuos a cada 241 gerações
Número de threads: 1

Largura da faixa = 120
Melhor altura = 363

Lower Bound 1 = 333
Lower Bound 2 = 214
Avaliação = 1.09009

Tempo de execução: 60.0304s

---------------------------

Tamanho da população: 475
Fração elite: 0.2121
Fração mutante: 0.0442
Probabilidade herdar alelo elite: 0.6514
Número de populações independentes: 3
Troca de informação de 4 individuos a cada 241 gerações
Número de threads: 1

Largura da faixa = 120
Melhor altura = 363

Lower Bound 1 = 333
Lower Bound 2 = 214
Avaliação = 1.09009

Tempo de execução: 60.0351s

---------------------------

Tamanho da população: 475
Fração elite: 0.2121
Fração mutante: 0.0442
Probabilidade herdar alelo elite: 0.6514
Número de populações independentes: 3
Troca de informação de 4 individuos a cada 241 gerações
Número de threads: 1

Largura da faixa = 120
Melhor altura = 363

Lower Bound 1 = 333
Lower Bound 2 = 214
Avaliação = 1.09009

Tempo de execução: 60.0318s

---------------------------

Tamanho da população: 475
Fração elite: 0.2121
Fração mutante: 0.0442
Probabilidade herdar alelo elite: 0.6514
Número de populações independentes: 3
Troca de informação de 4 individuos a cada 241 gerações
Número de threads: 1

Largura da faixa = 120
Melhor altura = 363

Lower Bound 1 = 333
Lower Bound 2 = 214
Avaliação = 1.09009

Tempo de execução: 60.0318s

---------------------------

Tamanho da população: 475
Fração elite: 0.2121
Fração mutante: 0.0442
Probabilidade herdar alelo elite: 0.6514
Número de populações independentes: 3
Troca de informação de 4 individuos a cada 241 gerações
Número de threads: 1

Largura da faixa = 120
Melhor altura = 364

Lower Bound 1 = 333
Lower Bound 2 = 214
Avaliação = 1.09309

Tempo de execução: 60.0332s

---------------------------

Tamanho da população: 475
Fração elite: 0.2121
Fração mutante: 0.0442
Probabilidade herdar alelo elite: 0.6514
Número de populações independentes: 3
Troca de informação de 4 individuos a cada 241 gerações
Número de threads: 1

Largura da faixa = 120
Melhor altura = 360

Lower Bound 1 = 333
Lower Bound 2 = 214
Avaliação = 1.08108

Tempo de execução: 60.0045s

---------------------------

Tamanho da população: 475
Fração elite: 0.2121
Fração mutante: 0.0442
Probabilidade herdar alelo elite: 0.6514
Número de populações independentes: 3
Troca de informação de 4 individuos a cada 241 gerações
Número de threads: 1

Largura da faixa = 120
Melhor altura = 359

Lower Bound 1 = 333
Lower Bound 2 = 214
Avaliação = 1.07808

Tempo de execução: 60.0183s

---------------------------

Tamanho da população: 475
Fração elite: 0.2121
Fração mutante: 0.0442
Probabilidade herdar alelo elite: 0.6514
Número de populações independentes: 3
Troca de informação de 4 individuos a cada 241 gerações
Número de threads: 1

Largura da faixa = 120
Melhor altura = 363

Lower Bound 1 = 333
Lower Bound 2 = 214
Avaliação = 1.09009

Tempo de execução: 60.0288s

---------------------------

Tamanho da população: 475
Fração elite: 0.2121
Fração mutante: 0.0442
Probabilidade herdar alelo elite: 0.6514
Número de populações independentes: 3
Troca de informação de 4 individuos a cada 241 gerações
Número de threads: 1

Largura da faixa = 120
Melhor altura = 363

Lower Bound 1 = 333
Lower Bound 2 = 214
Avaliação = 1.09009

Tempo de execução: 60.0153s

---------------------------

Tamanho da população: 475
Fração elite: 0.2121
Fração mutante: 0.0442
Probabilidade herdar alelo elite: 0.6514
Número de populações independentes: 3
Troca de informação de 4 individuos a cada 241 gerações
Número de threads: 1

Largura da faixa = 120
Melhor altura = 363

Lower Bound 1 = 333
Lower Bound 2 = 214
Avaliação = 1.09009

Tempo de execução: 60.0187s

---------------------------

Tamanho da população: 475
Fração elite: 0.2121
Fração mutante: 0.0442
Probabilidade herdar alelo elite: 0.6514
Número de populações independentes: 3
Troca de informação de 4 individuos a cada 241 gerações
Número de threads: 1

Largura da faixa = 120
Melhor altura = 363

Lower Bound 1 = 333
Lower Bound 2 = 214
Avaliação = 1.09009

Tempo de execução: 60.0237s

---------------------------

Tamanho da população: 475
Fração elite: 0.2121
Fração mutante: 0.0442
Probabilidade herdar alelo elite: 0.6514
Número de populações independentes: 3
Troca de informação de 4 individuos a cada 241 gerações
Número de threads: 1

Largura da faixa = 120
Melhor altura = 363

Lower Bound 1 = 333
Lower Bound 2 = 214
Avaliação = 1.09009

Tempo de execução: 60.0037s

---------------------------

Tamanho da população: 475
Fração elite: 0.2121
Fração mutante: 0.0442
Probabilidade herdar alelo elite: 0.6514
Número de populações independentes: 3
Troca de informação de 4 individuos a cada 241 gerações
Número de threads: 1

Largura da faixa = 120
Melhor altura = 363

Lower Bound 1 = 333
Lower Bound 2 = 214
Avaliação = 1.09009

Tempo de execução: 60.0041s

---------------------------

Tamanho da população: 475
Fração elite: 0.2121
Fração mutante: 0.0442
Probabilidade herdar alelo elite: 0.6514
Número de populações independentes: 3
Troca de informação de 4 individuos a cada 241 gerações
Número de threads: 1

Largura da faixa = 120
Melhor altura = 367

Lower Bound 1 = 333
Lower Bound 2 = 214
Avaliação = 1.1021

Tempo de execução: 60.0092s

---------------------------

Tamanho da população: 475
Fração elite: 0.2121
Fração mutante: 0.0442
Probabilidade herdar alelo elite: 0.6514
Número de populações independentes: 3
Troca de informação de 4 individuos a cada 241 gerações
Número de threads: 1

Largura da faixa = 120
Melhor altura = 363

Lower Bound 1 = 333
Lower Bound 2 = 214
Avaliação = 1.09009

Tempo de execução: 60.0092s

---------------------------

Tamanho da população: 475
Fração elite: 0.2121
Fração mutante: 0.0442
Probabilidade herdar alelo elite: 0.6514
Número de populações independentes: 3
Troca de informação de 4 individuos a cada 241 gerações
Número de threads: 1

Largura da faixa = 120
Melhor altura = 363

Lower Bound 1 = 333
Lower Bound 2 = 214
Avaliação = 1.09009

Tempo de execução: 60.0193s
