Número de cromossomos: 199
Tamanho da população: 1000
Fração elite: 0.3
Fração mutante: 0.4
Probabilidade herdar alelo elite: 0.8
Número de populações independentes: 3
Número de threads: 2
Melhor até agora: 778 Geração: 0
Melhor até agora: 776 Geração: 3
Melhor até agora: 758 Geração: 4
Melhor até agora: 750 Geração: 6
Melhor até agora: 749 Geração: 9
Melhor até agora: 748 Geração: 10
Melhor até agora: 738 Geração: 14
Melhor até agora: 736 Geração: 16
Melhor até agora: 721 Geração: 20
Melhor até agora: 713 Geração: 32
Melhor até agora: 711 Geração: 57
Melhor até agora: 709 Geração: 64
Melhor até agora: 707 Geração: 66
Largura da faixa = 88
Melhor altura = 707

Lower Bound 1 = 454
Lower Bound 2 = 137
Avaliação = 1.55727
Tempo de execução: 70326ms

---------------------------

