Tamanho da população: 475
Fração elite: 0.2121
Fração mutante: 0.0442
Probabilidade herdar alelo elite: 0.6514
Número de populações independentes: 3
Troca de informação de 4 individuos a cada 241 gerações
Número de threads: 1

Largura da faixa = 117
Melhor altura = 379

Lower Bound 1 = 341
Lower Bound 2 = 122
Avaliação = 1.11144

Tempo de execução: 60.1021s

---------------------------

Tamanho da população: 475
Fração elite: 0.2121
Fração mutante: 0.0442
Probabilidade herdar alelo elite: 0.6514
Número de populações independentes: 3
Troca de informação de 4 individuos a cada 241 gerações
Número de threads: 1

Largura da faixa = 117
Melhor altura = 384

Lower Bound 1 = 341
Lower Bound 2 = 122
Avaliação = 1.1261

Tempo de execução: 60.1374s

---------------------------

Tamanho da população: 475
Fração elite: 0.2121
Fração mutante: 0.0442
Probabilidade herdar alelo elite: 0.6514
Número de populações independentes: 3
Troca de informação de 4 individuos a cada 241 gerações
Número de threads: 1

Largura da faixa = 117
Melhor altura = 386

Lower Bound 1 = 341
Lower Bound 2 = 122
Avaliação = 1.13196

Tempo de execução: 60.1527s

---------------------------

Tamanho da população: 475
Fração elite: 0.2121
Fração mutante: 0.0442
Probabilidade herdar alelo elite: 0.6514
Número de populações independentes: 3
Troca de informação de 4 individuos a cada 241 gerações
Número de threads: 1

Largura da faixa = 117
Melhor altura = 382

Lower Bound 1 = 341
Lower Bound 2 = 122
Avaliação = 1.12023

Tempo de execução: 60.0165s

---------------------------

Tamanho da população: 475
Fração elite: 0.2121
Fração mutante: 0.0442
Probabilidade herdar alelo elite: 0.6514
Número de populações independentes: 3
Troca de informação de 4 individuos a cada 241 gerações
Número de threads: 1

Largura da faixa = 117
Melhor altura = 381

Lower Bound 1 = 341
Lower Bound 2 = 122
Avaliação = 1.1173

Tempo de execução: 60.0751s

---------------------------

Tamanho da população: 475
Fração elite: 0.2121
Fração mutante: 0.0442
Probabilidade herdar alelo elite: 0.6514
Número de populações independentes: 3
Troca de informação de 4 individuos a cada 241 gerações
Número de threads: 1

Largura da faixa = 117
Melhor altura = 385

Lower Bound 1 = 341
Lower Bound 2 = 122
Avaliação = 1.12903

Tempo de execução: 60.1799s

---------------------------

Tamanho da população: 475
Fração elite: 0.2121
Fração mutante: 0.0442
Probabilidade herdar alelo elite: 0.6514
Número de populações independentes: 3
Troca de informação de 4 individuos a cada 241 gerações
Número de threads: 1

Largura da faixa = 117
Melhor altura = 382

Lower Bound 1 = 341
Lower Bound 2 = 122
Avaliação = 1.12023

Tempo de execução: 60.0264s

---------------------------

Tamanho da população: 475
Fração elite: 0.2121
Fração mutante: 0.0442
Probabilidade herdar alelo elite: 0.6514
Número de populações independentes: 3
Troca de informação de 4 individuos a cada 241 gerações
Número de threads: 1

Largura da faixa = 117
Melhor altura = 379

Lower Bound 1 = 341
Lower Bound 2 = 122
Avaliação = 1.11144

Tempo de execução: 60.1229s

---------------------------

Tamanho da população: 475
Fração elite: 0.2121
Fração mutante: 0.0442
Probabilidade herdar alelo elite: 0.6514
Número de populações independentes: 3
Troca de informação de 4 individuos a cada 241 gerações
Número de threads: 1

Largura da faixa = 117
Melhor altura = 383

Lower Bound 1 = 341
Lower Bound 2 = 122
Avaliação = 1.12317

Tempo de execução: 60.1319s

---------------------------

Tamanho da população: 475
Fração elite: 0.2121
Fração mutante: 0.0442
Probabilidade herdar alelo elite: 0.6514
Número de populações independentes: 3
Troca de informação de 4 individuos a cada 241 gerações
Número de threads: 1

Largura da faixa = 117
Melhor altura = 386

Lower Bound 1 = 341
Lower Bound 2 = 122
Avaliação = 1.13196

Tempo de execução: 60.0156s

---------------------------

Tamanho da população: 475
Fração elite: 0.2121
Fração mutante: 0.0442
Probabilidade herdar alelo elite: 0.6514
Número de populações independentes: 3
Troca de informação de 4 individuos a cada 241 gerações
Número de threads: 1

Largura da faixa = 117
Melhor altura = 383

Lower Bound 1 = 341
Lower Bound 2 = 122
Avaliação = 1.12317

Tempo de execução: 60.0762s

---------------------------

Tamanho da população: 475
Fração elite: 0.2121
Fração mutante: 0.0442
Probabilidade herdar alelo elite: 0.6514
Número de populações independentes: 3
Troca de informação de 4 individuos a cada 241 gerações
Número de threads: 1

Largura da faixa = 117
Melhor altura = 386

Lower Bound 1 = 341
Lower Bound 2 = 122
Avaliação = 1.13196

Tempo de execução: 60.0975s

---------------------------

Tamanho da população: 475
Fração elite: 0.2121
Fração mutante: 0.0442
Probabilidade herdar alelo elite: 0.6514
Número de populações independentes: 3
Troca de informação de 4 individuos a cada 241 gerações
Número de threads: 1

Largura da faixa = 117
Melhor altura = 384

Lower Bound 1 = 341
Lower Bound 2 = 122
Avaliação = 1.1261

Tempo de execução: 60.0132s

---------------------------

Tamanho da população: 475
Fração elite: 0.2121
Fração mutante: 0.0442
Probabilidade herdar alelo elite: 0.6514
Número de populações independentes: 3
Troca de informação de 4 individuos a cada 241 gerações
Número de threads: 1

Largura da faixa = 117
Melhor altura = 386

Lower Bound 1 = 341
Lower Bound 2 = 122
Avaliação = 1.13196

Tempo de execução: 60.1169s

---------------------------

Tamanho da população: 475
Fração elite: 0.2121
Fração mutante: 0.0442
Probabilidade herdar alelo elite: 0.6514
Número de populações independentes: 3
Troca de informação de 4 individuos a cada 241 gerações
Número de threads: 1

Largura da faixa = 117
Melhor altura = 381

Lower Bound 1 = 341
Lower Bound 2 = 122
Avaliação = 1.1173

Tempo de execução: 60.1202s

---------------------------

Tamanho da população: 475
Fração elite: 0.2121
Fração mutante: 0.0442
Probabilidade herdar alelo elite: 0.6514
Número de populações independentes: 3
Troca de informação de 4 individuos a cada 241 gerações
Número de threads: 1

Largura da faixa = 117
Melhor altura = 384

Lower Bound 1 = 341
Lower Bound 2 = 122
Avaliação = 1.1261

Tempo de execução: 60.1204s

---------------------------

Tamanho da população: 475
Fração elite: 0.2121
Fração mutante: 0.0442
Probabilidade herdar alelo elite: 0.6514
Número de populações independentes: 3
Troca de informação de 4 individuos a cada 241 gerações
Número de threads: 1

Largura da faixa = 117
Melhor altura = 386

Lower Bound 1 = 341
Lower Bound 2 = 122
Avaliação = 1.13196

Tempo de execução: 60.1251s

---------------------------

Tamanho da população: 475
Fração elite: 0.2121
Fração mutante: 0.0442
Probabilidade herdar alelo elite: 0.6514
Número de populações independentes: 3
Troca de informação de 4 individuos a cada 241 gerações
Número de threads: 1

Largura da faixa = 117
Melhor altura = 382

Lower Bound 1 = 341
Lower Bound 2 = 122
Avaliação = 1.12023

Tempo de execução: 60.1471s

---------------------------

Tamanho da população: 475
Fração elite: 0.2121
Fração mutante: 0.0442
Probabilidade herdar alelo elite: 0.6514
Número de populações independentes: 3
Troca de informação de 4 individuos a cada 241 gerações
Número de threads: 1

Largura da faixa = 117
Melhor altura = 385

Lower Bound 1 = 341
Lower Bound 2 = 122
Avaliação = 1.12903

Tempo de execução: 60.0855s

---------------------------

Tamanho da população: 475
Fração elite: 0.2121
Fração mutante: 0.0442
Probabilidade herdar alelo elite: 0.6514
Número de populações independentes: 3
Troca de informação de 4 individuos a cada 241 gerações
Número de threads: 1

Largura da faixa = 117
Melhor altura = 379

Lower Bound 1 = 341
Lower Bound 2 = 122
Avaliação = 1.11144

Tempo de execução: 60.1432s
