Tamanho da população: 297
Fração elite: 0.55
Fração mutante: 0.0174
Probabilidade herdar alelo elite: 0.7678
Número de populações independentes: 1
Número de threads: 1
Trocar os melhores indivíduos a cada 30 gerações
Número máximo de gerações: 279

Largura da faixa = 165
Melhor altura = 261

Lower Bound 1 = 242
Lower Bound 2 = 166
Avaliação = 1.07851

Tempo de execução: 3.35534s

---------------------------

Tamanho da população: 297
Fração elite: 0.55
Fração mutante: 0.0174
Probabilidade herdar alelo elite: 0.7678
Número de populações independentes: 1
Número de threads: 1
Trocar os melhores indivíduos a cada 30 gerações
Número máximo de gerações: 279

Largura da faixa = 165
Melhor altura = 260

Lower Bound 1 = 242
Lower Bound 2 = 166
Avaliação = 1.07438

Tempo de execução: 3.36898s

---------------------------

Tamanho da população: 297
Fração elite: 0.55
Fração mutante: 0.0174
Probabilidade herdar alelo elite: 0.7678
Número de populações independentes: 1
Número de threads: 1
Trocar os melhores indivíduos a cada 30 gerações
Número máximo de gerações: 279

Largura da faixa = 165
Melhor altura = 260

Lower Bound 1 = 242
Lower Bound 2 = 166
Avaliação = 1.07438

Tempo de execução: 3.50543s

---------------------------

Tamanho da população: 297
Fração elite: 0.55
Fração mutante: 0.0174
Probabilidade herdar alelo elite: 0.7678
Número de populações independentes: 1
Número de threads: 1
Trocar os melhores indivíduos a cada 30 gerações
Número máximo de gerações: 279

Largura da faixa = 165
Melhor altura = 260

Lower Bound 1 = 242
Lower Bound 2 = 166
Avaliação = 1.07438

Tempo de execução: 3.27702s

---------------------------

Tamanho da população: 297
Fração elite: 0.55
Fração mutante: 0.0174
Probabilidade herdar alelo elite: 0.7678
Número de populações independentes: 1
Número de threads: 1
Trocar os melhores indivíduos a cada 30 gerações
Número máximo de gerações: 279

Largura da faixa = 165
Melhor altura = 258

Lower Bound 1 = 242
Lower Bound 2 = 166
Avaliação = 1.06612

Tempo de execução: 3.36839s

---------------------------

Tamanho da população: 297
Fração elite: 0.55
Fração mutante: 0.0174
Probabilidade herdar alelo elite: 0.7678
Número de populações independentes: 1
Número de threads: 1
Trocar os melhores indivíduos a cada 30 gerações
Número máximo de gerações: 279

Largura da faixa = 165
Melhor altura = 260

Lower Bound 1 = 242
Lower Bound 2 = 166
Avaliação = 1.07438

Tempo de execução: 3.4247s

---------------------------

Tamanho da população: 297
Fração elite: 0.55
Fração mutante: 0.0174
Probabilidade herdar alelo elite: 0.7678
Número de populações independentes: 1
Número de threads: 1
Trocar os melhores indivíduos a cada 30 gerações
Número máximo de gerações: 279

Largura da faixa = 165
Melhor altura = 262

Lower Bound 1 = 242
Lower Bound 2 = 166
Avaliação = 1.08264

Tempo de execução: 3.2598s

---------------------------

Tamanho da população: 297
Fração elite: 0.55
Fração mutante: 0.0174
Probabilidade herdar alelo elite: 0.7678
Número de populações independentes: 1
Número de threads: 1
Trocar os melhores indivíduos a cada 30 gerações
Número máximo de gerações: 279

Largura da faixa = 165
Melhor altura = 257

Lower Bound 1 = 242
Lower Bound 2 = 166
Avaliação = 1.06198

Tempo de execução: 3.28584s

---------------------------

Tamanho da população: 297
Fração elite: 0.55
Fração mutante: 0.0174
Probabilidade herdar alelo elite: 0.7678
Número de populações independentes: 1
Número de threads: 1
Trocar os melhores indivíduos a cada 30 gerações
Número máximo de gerações: 279

Largura da faixa = 165
Melhor altura = 265

Lower Bound 1 = 242
Lower Bound 2 = 166
Avaliação = 1.09504

Tempo de execução: 3.35568s

---------------------------

Tamanho da população: 297
Fração elite: 0.55
Fração mutante: 0.0174
Probabilidade herdar alelo elite: 0.7678
Número de populações independentes: 1
Número de threads: 1
Trocar os melhores indivíduos a cada 30 gerações
Número máximo de gerações: 279

Largura da faixa = 165
Melhor altura = 262

Lower Bound 1 = 242
Lower Bound 2 = 166
Avaliação = 1.08264

Tempo de execução: 3.16644s

---------------------------

Tamanho da população: 297
Fração elite: 0.55
Fração mutante: 0.0174
Probabilidade herdar alelo elite: 0.7678
Número de populações independentes: 1
Número de threads: 1
Trocar os melhores indivíduos a cada 30 gerações
Número máximo de gerações: 279

Largura da faixa = 165
Melhor altura = 261

Lower Bound 1 = 242
Lower Bound 2 = 166
Avaliação = 1.07851

Tempo de execução: 3.32709s

---------------------------

Tamanho da população: 297
Fração elite: 0.55
Fração mutante: 0.0174
Probabilidade herdar alelo elite: 0.7678
Número de populações independentes: 1
Número de threads: 1
Trocar os melhores indivíduos a cada 30 gerações
Número máximo de gerações: 279

Largura da faixa = 165
Melhor altura = 263

Lower Bound 1 = 242
Lower Bound 2 = 166
Avaliação = 1.08678

Tempo de execução: 3.45846s

---------------------------

Tamanho da população: 297
Fração elite: 0.55
Fração mutante: 0.0174
Probabilidade herdar alelo elite: 0.7678
Número de populações independentes: 1
Número de threads: 1
Trocar os melhores indivíduos a cada 30 gerações
Número máximo de gerações: 279

Largura da faixa = 165
Melhor altura = 261

Lower Bound 1 = 242
Lower Bound 2 = 166
Avaliação = 1.07851

Tempo de execução: 3.32373s

---------------------------

Tamanho da população: 297
Fração elite: 0.55
Fração mutante: 0.0174
Probabilidade herdar alelo elite: 0.7678
Número de populações independentes: 1
Número de threads: 1
Trocar os melhores indivíduos a cada 30 gerações
Número máximo de gerações: 279

Largura da faixa = 165
Melhor altura = 262

Lower Bound 1 = 242
Lower Bound 2 = 166
Avaliação = 1.08264

Tempo de execução: 3.40096s

---------------------------

Tamanho da população: 297
Fração elite: 0.55
Fração mutante: 0.0174
Probabilidade herdar alelo elite: 0.7678
Número de populações independentes: 1
Número de threads: 1
Trocar os melhores indivíduos a cada 30 gerações
Número máximo de gerações: 279

Largura da faixa = 165
Melhor altura = 257

Lower Bound 1 = 242
Lower Bound 2 = 166
Avaliação = 1.06198

Tempo de execução: 3.51056s

---------------------------

Tamanho da população: 297
Fração elite: 0.55
Fração mutante: 0.0174
Probabilidade herdar alelo elite: 0.7678
Número de populações independentes: 1
Número de threads: 1
Trocar os melhores indivíduos a cada 30 gerações
Número máximo de gerações: 279

Largura da faixa = 165
Melhor altura = 257

Lower Bound 1 = 242
Lower Bound 2 = 166
Avaliação = 1.06198

Tempo de execução: 3.25286s

---------------------------

Tamanho da população: 297
Fração elite: 0.55
Fração mutante: 0.0174
Probabilidade herdar alelo elite: 0.7678
Número de populações independentes: 1
Número de threads: 1
Trocar os melhores indivíduos a cada 30 gerações
Número máximo de gerações: 279

Largura da faixa = 165
Melhor altura = 261

Lower Bound 1 = 242
Lower Bound 2 = 166
Avaliação = 1.07851

Tempo de execução: 3.30646s

---------------------------

Tamanho da população: 297
Fração elite: 0.55
Fração mutante: 0.0174
Probabilidade herdar alelo elite: 0.7678
Número de populações independentes: 1
Número de threads: 1
Trocar os melhores indivíduos a cada 30 gerações
Número máximo de gerações: 279

Largura da faixa = 165
Melhor altura = 261

Lower Bound 1 = 242
Lower Bound 2 = 166
Avaliação = 1.07851

Tempo de execução: 3.33488s

---------------------------

Tamanho da população: 297
Fração elite: 0.55
Fração mutante: 0.0174
Probabilidade herdar alelo elite: 0.7678
Número de populações independentes: 1
Número de threads: 1
Trocar os melhores indivíduos a cada 30 gerações
Número máximo de gerações: 279

Largura da faixa = 165
Melhor altura = 260

Lower Bound 1 = 242
Lower Bound 2 = 166
Avaliação = 1.07438

Tempo de execução: 3.26914s

---------------------------

Tamanho da população: 297
Fração elite: 0.55
Fração mutante: 0.0174
Probabilidade herdar alelo elite: 0.7678
Número de populações independentes: 1
Número de threads: 1
Trocar os melhores indivíduos a cada 30 gerações
Número máximo de gerações: 279

Largura da faixa = 165
Melhor altura = 264

Lower Bound 1 = 242
Lower Bound 2 = 166
Avaliação = 1.09091

Tempo de execução: 3.35288s

---------------------------

