Tamanho da população: 297
Fração elite: 0.55
Fração mutante: 0.0174
Probabilidade herdar alelo elite: 0.7678
Número de populações independentes: 1
Número de threads: 1
Trocar os melhores indivíduos a cada 30 gerações
Número máximo de gerações: 279

Largura da faixa = 94
Melhor altura = 492

Lower Bound 1 = 425
Lower Bound 2 = 167
Avaliação = 1.15765

Tempo de execução: 27.7458s

---------------------------

Tamanho da população: 297
Fração elite: 0.55
Fração mutante: 0.0174
Probabilidade herdar alelo elite: 0.7678
Número de populações independentes: 1
Número de threads: 1
Trocar os melhores indivíduos a cada 30 gerações
Número máximo de gerações: 279

Largura da faixa = 94
Melhor altura = 489

Lower Bound 1 = 425
Lower Bound 2 = 167
Avaliação = 1.15059

Tempo de execução: 27.8561s

---------------------------

Tamanho da população: 297
Fração elite: 0.55
Fração mutante: 0.0174
Probabilidade herdar alelo elite: 0.7678
Número de populações independentes: 1
Número de threads: 1
Trocar os melhores indivíduos a cada 30 gerações
Número máximo de gerações: 279

Largura da faixa = 94
Melhor altura = 488

Lower Bound 1 = 425
Lower Bound 2 = 167
Avaliação = 1.14824

Tempo de execução: 28.1356s

---------------------------

Tamanho da população: 297
Fração elite: 0.55
Fração mutante: 0.0174
Probabilidade herdar alelo elite: 0.7678
Número de populações independentes: 1
Número de threads: 1
Trocar os melhores indivíduos a cada 30 gerações
Número máximo de gerações: 279

Largura da faixa = 94
Melhor altura = 487

Lower Bound 1 = 425
Lower Bound 2 = 167
Avaliação = 1.14588

Tempo de execução: 28.0575s

---------------------------

Tamanho da população: 297
Fração elite: 0.55
Fração mutante: 0.0174
Probabilidade herdar alelo elite: 0.7678
Número de populações independentes: 1
Número de threads: 1
Trocar os melhores indivíduos a cada 30 gerações
Número máximo de gerações: 279

Largura da faixa = 94
Melhor altura = 490

Lower Bound 1 = 425
Lower Bound 2 = 167
Avaliação = 1.15294

Tempo de execução: 28.1832s

---------------------------

Tamanho da população: 297
Fração elite: 0.55
Fração mutante: 0.0174
Probabilidade herdar alelo elite: 0.7678
Número de populações independentes: 1
Número de threads: 1
Trocar os melhores indivíduos a cada 30 gerações
Número máximo de gerações: 279

Largura da faixa = 94
Melhor altura = 490

Lower Bound 1 = 425
Lower Bound 2 = 167
Avaliação = 1.15294

Tempo de execução: 28.2305s

---------------------------

Tamanho da população: 297
Fração elite: 0.55
Fração mutante: 0.0174
Probabilidade herdar alelo elite: 0.7678
Número de populações independentes: 1
Número de threads: 1
Trocar os melhores indivíduos a cada 30 gerações
Número máximo de gerações: 279

Largura da faixa = 94
Melhor altura = 487

Lower Bound 1 = 425
Lower Bound 2 = 167
Avaliação = 1.14588

Tempo de execução: 28.0673s

---------------------------

Tamanho da população: 297
Fração elite: 0.55
Fração mutante: 0.0174
Probabilidade herdar alelo elite: 0.7678
Número de populações independentes: 1
Número de threads: 1
Trocar os melhores indivíduos a cada 30 gerações
Número máximo de gerações: 279

Largura da faixa = 94
Melhor altura = 483

Lower Bound 1 = 425
Lower Bound 2 = 167
Avaliação = 1.13647

Tempo de execução: 28.1184s

---------------------------

Tamanho da população: 297
Fração elite: 0.55
Fração mutante: 0.0174
Probabilidade herdar alelo elite: 0.7678
Número de populações independentes: 1
Número de threads: 1
Trocar os melhores indivíduos a cada 30 gerações
Número máximo de gerações: 279

Largura da faixa = 94
Melhor altura = 487

Lower Bound 1 = 425
Lower Bound 2 = 167
Avaliação = 1.14588

Tempo de execução: 28.3239s

---------------------------

Tamanho da população: 297
Fração elite: 0.55
Fração mutante: 0.0174
Probabilidade herdar alelo elite: 0.7678
Número de populações independentes: 1
Número de threads: 1
Trocar os melhores indivíduos a cada 30 gerações
Número máximo de gerações: 279

Largura da faixa = 94
Melhor altura = 493

Lower Bound 1 = 425
Lower Bound 2 = 167
Avaliação = 1.16

Tempo de execução: 27.7151s

---------------------------

Tamanho da população: 297
Fração elite: 0.55
Fração mutante: 0.0174
Probabilidade herdar alelo elite: 0.7678
Número de populações independentes: 1
Número de threads: 1
Trocar os melhores indivíduos a cada 30 gerações
Número máximo de gerações: 279

Largura da faixa = 94
Melhor altura = 488

Lower Bound 1 = 425
Lower Bound 2 = 167
Avaliação = 1.14824

Tempo de execução: 27.8496s

---------------------------

Tamanho da população: 297
Fração elite: 0.55
Fração mutante: 0.0174
Probabilidade herdar alelo elite: 0.7678
Número de populações independentes: 1
Número de threads: 1
Trocar os melhores indivíduos a cada 30 gerações
Número máximo de gerações: 279

Largura da faixa = 94
Melhor altura = 488

Lower Bound 1 = 425
Lower Bound 2 = 167
Avaliação = 1.14824

Tempo de execução: 28.0118s

---------------------------

Tamanho da população: 297
Fração elite: 0.55
Fração mutante: 0.0174
Probabilidade herdar alelo elite: 0.7678
Número de populações independentes: 1
Número de threads: 1
Trocar os melhores indivíduos a cada 30 gerações
Número máximo de gerações: 279

Largura da faixa = 94
Melhor altura = 488

Lower Bound 1 = 425
Lower Bound 2 = 167
Avaliação = 1.14824

Tempo de execução: 27.6474s

---------------------------

Tamanho da população: 297
Fração elite: 0.55
Fração mutante: 0.0174
Probabilidade herdar alelo elite: 0.7678
Número de populações independentes: 1
Número de threads: 1
Trocar os melhores indivíduos a cada 30 gerações
Número máximo de gerações: 279

Largura da faixa = 94
Melhor altura = 487

Lower Bound 1 = 425
Lower Bound 2 = 167
Avaliação = 1.14588

Tempo de execução: 27.9801s

---------------------------

Tamanho da população: 297
Fração elite: 0.55
Fração mutante: 0.0174
Probabilidade herdar alelo elite: 0.7678
Número de populações independentes: 1
Número de threads: 1
Trocar os melhores indivíduos a cada 30 gerações
Número máximo de gerações: 279

Largura da faixa = 94
Melhor altura = 488

Lower Bound 1 = 425
Lower Bound 2 = 167
Avaliação = 1.14824

Tempo de execução: 28.7051s

---------------------------

Tamanho da população: 297
Fração elite: 0.55
Fração mutante: 0.0174
Probabilidade herdar alelo elite: 0.7678
Número de populações independentes: 1
Número de threads: 1
Trocar os melhores indivíduos a cada 30 gerações
Número máximo de gerações: 279

Largura da faixa = 94
Melhor altura = 489

Lower Bound 1 = 425
Lower Bound 2 = 167
Avaliação = 1.15059

Tempo de execução: 27.8792s

---------------------------

Tamanho da população: 297
Fração elite: 0.55
Fração mutante: 0.0174
Probabilidade herdar alelo elite: 0.7678
Número de populações independentes: 1
Número de threads: 1
Trocar os melhores indivíduos a cada 30 gerações
Número máximo de gerações: 279

Largura da faixa = 94
Melhor altura = 489

Lower Bound 1 = 425
Lower Bound 2 = 167
Avaliação = 1.15059

Tempo de execução: 27.9234s

---------------------------

Tamanho da população: 297
Fração elite: 0.55
Fração mutante: 0.0174
Probabilidade herdar alelo elite: 0.7678
Número de populações independentes: 1
Número de threads: 1
Trocar os melhores indivíduos a cada 30 gerações
Número máximo de gerações: 279

Largura da faixa = 94
Melhor altura = 488

Lower Bound 1 = 425
Lower Bound 2 = 167
Avaliação = 1.14824

Tempo de execução: 28.015s

---------------------------

Tamanho da população: 297
Fração elite: 0.55
Fração mutante: 0.0174
Probabilidade herdar alelo elite: 0.7678
Número de populações independentes: 1
Número de threads: 1
Trocar os melhores indivíduos a cada 30 gerações
Número máximo de gerações: 279

Largura da faixa = 94
Melhor altura = 488

Lower Bound 1 = 425
Lower Bound 2 = 167
Avaliação = 1.14824

Tempo de execução: 27.6467s

---------------------------

Tamanho da população: 297
Fração elite: 0.55
Fração mutante: 0.0174
Probabilidade herdar alelo elite: 0.7678
Número de populações independentes: 1
Número de threads: 1
Trocar os melhores indivíduos a cada 30 gerações
Número máximo de gerações: 279

Largura da faixa = 94
Melhor altura = 490

Lower Bound 1 = 425
Lower Bound 2 = 167
Avaliação = 1.15294

Tempo de execução: 27.6645s

---------------------------

