Tamanho da população: 297
Fração elite: 0.55
Fração mutante: 0.0174
Probabilidade herdar alelo elite: 0.7678
Número de populações independentes: 1
Número de threads: 1
Trocar os melhores indivíduos a cada 30 gerações
Número máximo de gerações: 279

Largura da faixa = 97
Melhor altura = 468

Lower Bound 1 = 412
Lower Bound 2 = 259
Avaliação = 1.13592

Tempo de execução: 1.65455s

---------------------------

Tamanho da população: 297
Fração elite: 0.55
Fração mutante: 0.0174
Probabilidade herdar alelo elite: 0.7678
Número de populações independentes: 1
Número de threads: 1
Trocar os melhores indivíduos a cada 30 gerações
Número máximo de gerações: 279

Largura da faixa = 97
Melhor altura = 472

Lower Bound 1 = 412
Lower Bound 2 = 259
Avaliação = 1.14563

Tempo de execução: 1.68503s

---------------------------

Tamanho da população: 297
Fração elite: 0.55
Fração mutante: 0.0174
Probabilidade herdar alelo elite: 0.7678
Número de populações independentes: 1
Número de threads: 1
Trocar os melhores indivíduos a cada 30 gerações
Número máximo de gerações: 279

Largura da faixa = 97
Melhor altura = 476

Lower Bound 1 = 412
Lower Bound 2 = 259
Avaliação = 1.15534

Tempo de execução: 1.74847s

---------------------------

Tamanho da população: 297
Fração elite: 0.55
Fração mutante: 0.0174
Probabilidade herdar alelo elite: 0.7678
Número de populações independentes: 1
Número de threads: 1
Trocar os melhores indivíduos a cada 30 gerações
Número máximo de gerações: 279

Largura da faixa = 97
Melhor altura = 463

Lower Bound 1 = 412
Lower Bound 2 = 259
Avaliação = 1.12379

Tempo de execução: 1.73084s

---------------------------

Tamanho da população: 297
Fração elite: 0.55
Fração mutante: 0.0174
Probabilidade herdar alelo elite: 0.7678
Número de populações independentes: 1
Número de threads: 1
Trocar os melhores indivíduos a cada 30 gerações
Número máximo de gerações: 279

Largura da faixa = 97
Melhor altura = 471

Lower Bound 1 = 412
Lower Bound 2 = 259
Avaliação = 1.1432

Tempo de execução: 1.73261s

---------------------------

Tamanho da população: 297
Fração elite: 0.55
Fração mutante: 0.0174
Probabilidade herdar alelo elite: 0.7678
Número de populações independentes: 1
Número de threads: 1
Trocar os melhores indivíduos a cada 30 gerações
Número máximo de gerações: 279

Largura da faixa = 97
Melhor altura = 469

Lower Bound 1 = 412
Lower Bound 2 = 259
Avaliação = 1.13835

Tempo de execução: 1.73788s

---------------------------

Tamanho da população: 297
Fração elite: 0.55
Fração mutante: 0.0174
Probabilidade herdar alelo elite: 0.7678
Número de populações independentes: 1
Número de threads: 1
Trocar os melhores indivíduos a cada 30 gerações
Número máximo de gerações: 279

Largura da faixa = 97
Melhor altura = 472

Lower Bound 1 = 412
Lower Bound 2 = 259
Avaliação = 1.14563

Tempo de execução: 1.66939s

---------------------------

Tamanho da população: 297
Fração elite: 0.55
Fração mutante: 0.0174
Probabilidade herdar alelo elite: 0.7678
Número de populações independentes: 1
Número de threads: 1
Trocar os melhores indivíduos a cada 30 gerações
Número máximo de gerações: 279

Largura da faixa = 97
Melhor altura = 465

Lower Bound 1 = 412
Lower Bound 2 = 259
Avaliação = 1.12864

Tempo de execução: 1.69185s

---------------------------

Tamanho da população: 297
Fração elite: 0.55
Fração mutante: 0.0174
Probabilidade herdar alelo elite: 0.7678
Número de populações independentes: 1
Número de threads: 1
Trocar os melhores indivíduos a cada 30 gerações
Número máximo de gerações: 279

Largura da faixa = 97
Melhor altura = 469

Lower Bound 1 = 412
Lower Bound 2 = 259
Avaliação = 1.13835

Tempo de execução: 1.76392s

---------------------------

Tamanho da população: 297
Fração elite: 0.55
Fração mutante: 0.0174
Probabilidade herdar alelo elite: 0.7678
Número de populações independentes: 1
Número de threads: 1
Trocar os melhores indivíduos a cada 30 gerações
Número máximo de gerações: 279

Largura da faixa = 97
Melhor altura = 472

Lower Bound 1 = 412
Lower Bound 2 = 259
Avaliação = 1.14563

Tempo de execução: 1.65806s

---------------------------

Tamanho da população: 297
Fração elite: 0.55
Fração mutante: 0.0174
Probabilidade herdar alelo elite: 0.7678
Número de populações independentes: 1
Número de threads: 1
Trocar os melhores indivíduos a cada 30 gerações
Número máximo de gerações: 279

Largura da faixa = 97
Melhor altura = 471

Lower Bound 1 = 412
Lower Bound 2 = 259
Avaliação = 1.1432

Tempo de execução: 1.68046s

---------------------------

Tamanho da população: 297
Fração elite: 0.55
Fração mutante: 0.0174
Probabilidade herdar alelo elite: 0.7678
Número de populações independentes: 1
Número de threads: 1
Trocar os melhores indivíduos a cada 30 gerações
Número máximo de gerações: 279

Largura da faixa = 97
Melhor altura = 468

Lower Bound 1 = 412
Lower Bound 2 = 259
Avaliação = 1.13592

Tempo de execução: 1.72206s

---------------------------

Tamanho da população: 297
Fração elite: 0.55
Fração mutante: 0.0174
Probabilidade herdar alelo elite: 0.7678
Número de populações independentes: 1
Número de threads: 1
Trocar os melhores indivíduos a cada 30 gerações
Número máximo de gerações: 279

Largura da faixa = 97
Melhor altura = 474

Lower Bound 1 = 412
Lower Bound 2 = 259
Avaliação = 1.15049

Tempo de execução: 1.63723s

---------------------------

Tamanho da população: 297
Fração elite: 0.55
Fração mutante: 0.0174
Probabilidade herdar alelo elite: 0.7678
Número de populações independentes: 1
Número de threads: 1
Trocar os melhores indivíduos a cada 30 gerações
Número máximo de gerações: 279

Largura da faixa = 97
Melhor altura = 464

Lower Bound 1 = 412
Lower Bound 2 = 259
Avaliação = 1.12621

Tempo de execução: 1.67213s

---------------------------

Tamanho da população: 297
Fração elite: 0.55
Fração mutante: 0.0174
Probabilidade herdar alelo elite: 0.7678
Número de populações independentes: 1
Número de threads: 1
Trocar os melhores indivíduos a cada 30 gerações
Número máximo de gerações: 279

Largura da faixa = 97
Melhor altura = 472

Lower Bound 1 = 412
Lower Bound 2 = 259
Avaliação = 1.14563

Tempo de execução: 1.72122s

---------------------------

Tamanho da população: 297
Fração elite: 0.55
Fração mutante: 0.0174
Probabilidade herdar alelo elite: 0.7678
Número de populações independentes: 1
Número de threads: 1
Trocar os melhores indivíduos a cada 30 gerações
Número máximo de gerações: 279

Largura da faixa = 97
Melhor altura = 472

Lower Bound 1 = 412
Lower Bound 2 = 259
Avaliação = 1.14563

Tempo de execução: 1.63176s

---------------------------

Tamanho da população: 297
Fração elite: 0.55
Fração mutante: 0.0174
Probabilidade herdar alelo elite: 0.7678
Número de populações independentes: 1
Número de threads: 1
Trocar os melhores indivíduos a cada 30 gerações
Número máximo de gerações: 279

Largura da faixa = 97
Melhor altura = 464

Lower Bound 1 = 412
Lower Bound 2 = 259
Avaliação = 1.12621

Tempo de execução: 1.6609s

---------------------------

Tamanho da população: 297
Fração elite: 0.55
Fração mutante: 0.0174
Probabilidade herdar alelo elite: 0.7678
Número de populações independentes: 1
Número de threads: 1
Trocar os melhores indivíduos a cada 30 gerações
Número máximo de gerações: 279

Largura da faixa = 97
Melhor altura = 464

Lower Bound 1 = 412
Lower Bound 2 = 259
Avaliação = 1.12621

Tempo de execução: 1.71408s

---------------------------

Tamanho da população: 297
Fração elite: 0.55
Fração mutante: 0.0174
Probabilidade herdar alelo elite: 0.7678
Número de populações independentes: 1
Número de threads: 1
Trocar os melhores indivíduos a cada 30 gerações
Número máximo de gerações: 279

Largura da faixa = 97
Melhor altura = 468

Lower Bound 1 = 412
Lower Bound 2 = 259
Avaliação = 1.13592

Tempo de execução: 1.62076s

---------------------------

Tamanho da população: 297
Fração elite: 0.55
Fração mutante: 0.0174
Probabilidade herdar alelo elite: 0.7678
Número de populações independentes: 1
Número de threads: 1
Trocar os melhores indivíduos a cada 30 gerações
Número máximo de gerações: 279

Largura da faixa = 97
Melhor altura = 470

Lower Bound 1 = 412
Lower Bound 2 = 259
Avaliação = 1.14078

Tempo de execução: 1.67618s

---------------------------

