Tamanho da população: 297
Fração elite: 0.55
Fração mutante: 0.0174
Probabilidade herdar alelo elite: 0.7678
Número de populações independentes: 1
Número de threads: 1
Trocar os melhores indivíduos a cada 30 gerações
Número máximo de gerações: 279

Largura da faixa = 122
Melhor altura = 358

Lower Bound 1 = 327
Lower Bound 2 = 236
Avaliação = 1.0948

Tempo de execução: 1.92039s

---------------------------

Tamanho da população: 297
Fração elite: 0.55
Fração mutante: 0.0174
Probabilidade herdar alelo elite: 0.7678
Número de populações independentes: 1
Número de threads: 1
Trocar os melhores indivíduos a cada 30 gerações
Número máximo de gerações: 279

Largura da faixa = 122
Melhor altura = 358

Lower Bound 1 = 327
Lower Bound 2 = 236
Avaliação = 1.0948

Tempo de execução: 1.95997s

---------------------------

Tamanho da população: 297
Fração elite: 0.55
Fração mutante: 0.0174
Probabilidade herdar alelo elite: 0.7678
Número de populações independentes: 1
Número de threads: 1
Trocar os melhores indivíduos a cada 30 gerações
Número máximo de gerações: 279

Largura da faixa = 122
Melhor altura = 358

Lower Bound 1 = 327
Lower Bound 2 = 236
Avaliação = 1.0948

Tempo de execução: 1.96938s

---------------------------

Tamanho da população: 297
Fração elite: 0.55
Fração mutante: 0.0174
Probabilidade herdar alelo elite: 0.7678
Número de populações independentes: 1
Número de threads: 1
Trocar os melhores indivíduos a cada 30 gerações
Número máximo de gerações: 279

Largura da faixa = 122
Melhor altura = 357

Lower Bound 1 = 327
Lower Bound 2 = 236
Avaliação = 1.09174

Tempo de execução: 1.91924s

---------------------------

Tamanho da população: 297
Fração elite: 0.55
Fração mutante: 0.0174
Probabilidade herdar alelo elite: 0.7678
Número de populações independentes: 1
Número de threads: 1
Trocar os melhores indivíduos a cada 30 gerações
Número máximo de gerações: 279

Largura da faixa = 122
Melhor altura = 358

Lower Bound 1 = 327
Lower Bound 2 = 236
Avaliação = 1.0948

Tempo de execução: 1.91917s

---------------------------

Tamanho da população: 297
Fração elite: 0.55
Fração mutante: 0.0174
Probabilidade herdar alelo elite: 0.7678
Número de populações independentes: 1
Número de threads: 1
Trocar os melhores indivíduos a cada 30 gerações
Número máximo de gerações: 279

Largura da faixa = 122
Melhor altura = 358

Lower Bound 1 = 327
Lower Bound 2 = 236
Avaliação = 1.0948

Tempo de execução: 1.92926s

---------------------------

Tamanho da população: 297
Fração elite: 0.55
Fração mutante: 0.0174
Probabilidade herdar alelo elite: 0.7678
Número de populações independentes: 1
Número de threads: 1
Trocar os melhores indivíduos a cada 30 gerações
Número máximo de gerações: 279

Largura da faixa = 122
Melhor altura = 355

Lower Bound 1 = 327
Lower Bound 2 = 236
Avaliação = 1.08563

Tempo de execução: 1.94203s

---------------------------

Tamanho da população: 297
Fração elite: 0.55
Fração mutante: 0.0174
Probabilidade herdar alelo elite: 0.7678
Número de populações independentes: 1
Número de threads: 1
Trocar os melhores indivíduos a cada 30 gerações
Número máximo de gerações: 279

Largura da faixa = 122
Melhor altura = 358

Lower Bound 1 = 327
Lower Bound 2 = 236
Avaliação = 1.0948

Tempo de execução: 1.94856s

---------------------------

Tamanho da população: 297
Fração elite: 0.55
Fração mutante: 0.0174
Probabilidade herdar alelo elite: 0.7678
Número de populações independentes: 1
Número de threads: 1
Trocar os melhores indivíduos a cada 30 gerações
Número máximo de gerações: 279

Largura da faixa = 122
Melhor altura = 358

Lower Bound 1 = 327
Lower Bound 2 = 236
Avaliação = 1.0948

Tempo de execução: 1.96433s

---------------------------

Tamanho da população: 297
Fração elite: 0.55
Fração mutante: 0.0174
Probabilidade herdar alelo elite: 0.7678
Número de populações independentes: 1
Número de threads: 1
Trocar os melhores indivíduos a cada 30 gerações
Número máximo de gerações: 279

Largura da faixa = 122
Melhor altura = 358

Lower Bound 1 = 327
Lower Bound 2 = 236
Avaliação = 1.0948

Tempo de execução: 1.90917s

---------------------------

Tamanho da população: 297
Fração elite: 0.55
Fração mutante: 0.0174
Probabilidade herdar alelo elite: 0.7678
Número de populações independentes: 1
Número de threads: 1
Trocar os melhores indivíduos a cada 30 gerações
Número máximo de gerações: 279

Largura da faixa = 122
Melhor altura = 358

Lower Bound 1 = 327
Lower Bound 2 = 236
Avaliação = 1.0948

Tempo de execução: 1.94405s

---------------------------

Tamanho da população: 297
Fração elite: 0.55
Fração mutante: 0.0174
Probabilidade herdar alelo elite: 0.7678
Número de populações independentes: 1
Número de threads: 1
Trocar os melhores indivíduos a cada 30 gerações
Número máximo de gerações: 279

Largura da faixa = 122
Melhor altura = 352

Lower Bound 1 = 327
Lower Bound 2 = 236
Avaliação = 1.07645

Tempo de execução: 1.94908s

---------------------------

Tamanho da população: 297
Fração elite: 0.55
Fração mutante: 0.0174
Probabilidade herdar alelo elite: 0.7678
Número de populações independentes: 1
Número de threads: 1
Trocar os melhores indivíduos a cada 30 gerações
Número máximo de gerações: 279

Largura da faixa = 122
Melhor altura = 360

Lower Bound 1 = 327
Lower Bound 2 = 236
Avaliação = 1.10092

Tempo de execução: 1.91067s

---------------------------

Tamanho da população: 297
Fração elite: 0.55
Fração mutante: 0.0174
Probabilidade herdar alelo elite: 0.7678
Número de populações independentes: 1
Número de threads: 1
Trocar os melhores indivíduos a cada 30 gerações
Número máximo de gerações: 279

Largura da faixa = 122
Melhor altura = 362

Lower Bound 1 = 327
Lower Bound 2 = 236
Avaliação = 1.10703

Tempo de execução: 1.97951s

---------------------------

Tamanho da população: 297
Fração elite: 0.55
Fração mutante: 0.0174
Probabilidade herdar alelo elite: 0.7678
Número de populações independentes: 1
Número de threads: 1
Trocar os melhores indivíduos a cada 30 gerações
Número máximo de gerações: 279

Largura da faixa = 122
Melhor altura = 357

Lower Bound 1 = 327
Lower Bound 2 = 236
Avaliação = 1.09174

Tempo de execução: 1.99456s

---------------------------

Tamanho da população: 297
Fração elite: 0.55
Fração mutante: 0.0174
Probabilidade herdar alelo elite: 0.7678
Número de populações independentes: 1
Número de threads: 1
Trocar os melhores indivíduos a cada 30 gerações
Número máximo de gerações: 279

Largura da faixa = 122
Melhor altura = 358

Lower Bound 1 = 327
Lower Bound 2 = 236
Avaliação = 1.0948

Tempo de execução: 1.94593s

---------------------------

Tamanho da população: 297
Fração elite: 0.55
Fração mutante: 0.0174
Probabilidade herdar alelo elite: 0.7678
Número de populações independentes: 1
Número de threads: 1
Trocar os melhores indivíduos a cada 30 gerações
Número máximo de gerações: 279

Largura da faixa = 122
Melhor altura = 358

Lower Bound 1 = 327
Lower Bound 2 = 236
Avaliação = 1.0948

Tempo de execução: 1.95246s

---------------------------

Tamanho da população: 297
Fração elite: 0.55
Fração mutante: 0.0174
Probabilidade herdar alelo elite: 0.7678
Número de populações independentes: 1
Número de threads: 1
Trocar os melhores indivíduos a cada 30 gerações
Número máximo de gerações: 279

Largura da faixa = 122
Melhor altura = 358

Lower Bound 1 = 327
Lower Bound 2 = 236
Avaliação = 1.0948

Tempo de execução: 1.97454s

---------------------------

Tamanho da população: 297
Fração elite: 0.55
Fração mutante: 0.0174
Probabilidade herdar alelo elite: 0.7678
Número de populações independentes: 1
Número de threads: 1
Trocar os melhores indivíduos a cada 30 gerações
Número máximo de gerações: 279

Largura da faixa = 122
Melhor altura = 358

Lower Bound 1 = 327
Lower Bound 2 = 236
Avaliação = 1.0948

Tempo de execução: 1.92069s

---------------------------

Tamanho da população: 297
Fração elite: 0.55
Fração mutante: 0.0174
Probabilidade herdar alelo elite: 0.7678
Número de populações independentes: 1
Número de threads: 1
Trocar os melhores indivíduos a cada 30 gerações
Número máximo de gerações: 279

Largura da faixa = 122
Melhor altura = 355

Lower Bound 1 = 327
Lower Bound 2 = 236
Avaliação = 1.08563

Tempo de execução: 1.95323s

---------------------------

