Tamanho da população: 297
Fração elite: 0.55
Fração mutante: 0.0174
Probabilidade herdar alelo elite: 0.7678
Número de populações independentes: 1
Número de threads: 1
Trocar os melhores indivíduos a cada 30 gerações
Número máximo de gerações: 279

Largura da faixa = 96
Melhor altura = 463

Lower Bound 1 = 416
Lower Bound 2 = 336
Avaliação = 1.11298

Tempo de execução: 6.67484s

---------------------------

Tamanho da população: 297
Fração elite: 0.55
Fração mutante: 0.0174
Probabilidade herdar alelo elite: 0.7678
Número de populações independentes: 1
Número de threads: 1
Trocar os melhores indivíduos a cada 30 gerações
Número máximo de gerações: 279

Largura da faixa = 96
Melhor altura = 481

Lower Bound 1 = 416
Lower Bound 2 = 336
Avaliação = 1.15625

Tempo de execução: 6.7914s

---------------------------

Tamanho da população: 297
Fração elite: 0.55
Fração mutante: 0.0174
Probabilidade herdar alelo elite: 0.7678
Número de populações independentes: 1
Número de threads: 1
Trocar os melhores indivíduos a cada 30 gerações
Número máximo de gerações: 279

Largura da faixa = 96
Melhor altura = 486

Lower Bound 1 = 416
Lower Bound 2 = 336
Avaliação = 1.16827

Tempo de execução: 7.1117s

---------------------------

Tamanho da população: 297
Fração elite: 0.55
Fração mutante: 0.0174
Probabilidade herdar alelo elite: 0.7678
Número de populações independentes: 1
Número de threads: 1
Trocar os melhores indivíduos a cada 30 gerações
Número máximo de gerações: 279

Largura da faixa = 96
Melhor altura = 474

Lower Bound 1 = 416
Lower Bound 2 = 336
Avaliação = 1.13942

Tempo de execução: 6.72712s

---------------------------

Tamanho da população: 297
Fração elite: 0.55
Fração mutante: 0.0174
Probabilidade herdar alelo elite: 0.7678
Número de populações independentes: 1
Número de threads: 1
Trocar os melhores indivíduos a cada 30 gerações
Número máximo de gerações: 279

Largura da faixa = 96
Melhor altura = 479

Lower Bound 1 = 416
Lower Bound 2 = 336
Avaliação = 1.15144

Tempo de execução: 6.89421s

---------------------------

Tamanho da população: 297
Fração elite: 0.55
Fração mutante: 0.0174
Probabilidade herdar alelo elite: 0.7678
Número de populações independentes: 1
Número de threads: 1
Trocar os melhores indivíduos a cada 30 gerações
Número máximo de gerações: 279

Largura da faixa = 96
Melhor altura = 483

Lower Bound 1 = 416
Lower Bound 2 = 336
Avaliação = 1.16106

Tempo de execução: 6.96302s

---------------------------

Tamanho da população: 297
Fração elite: 0.55
Fração mutante: 0.0174
Probabilidade herdar alelo elite: 0.7678
Número de populações independentes: 1
Número de threads: 1
Trocar os melhores indivíduos a cada 30 gerações
Número máximo de gerações: 279

Largura da faixa = 96
Melhor altura = 475

Lower Bound 1 = 416
Lower Bound 2 = 336
Avaliação = 1.14183

Tempo de execução: 6.89542s

---------------------------

Tamanho da população: 297
Fração elite: 0.55
Fração mutante: 0.0174
Probabilidade herdar alelo elite: 0.7678
Número de populações independentes: 1
Número de threads: 1
Trocar os melhores indivíduos a cada 30 gerações
Número máximo de gerações: 279

Largura da faixa = 96
Melhor altura = 486

Lower Bound 1 = 416
Lower Bound 2 = 336
Avaliação = 1.16827

Tempo de execução: 6.98048s

---------------------------

Tamanho da população: 297
Fração elite: 0.55
Fração mutante: 0.0174
Probabilidade herdar alelo elite: 0.7678
Número de populações independentes: 1
Número de threads: 1
Trocar os melhores indivíduos a cada 30 gerações
Número máximo de gerações: 279

Largura da faixa = 96
Melhor altura = 477

Lower Bound 1 = 416
Lower Bound 2 = 336
Avaliação = 1.14663

Tempo de execução: 7.10454s

---------------------------

Tamanho da população: 297
Fração elite: 0.55
Fração mutante: 0.0174
Probabilidade herdar alelo elite: 0.7678
Número de populações independentes: 1
Número de threads: 1
Trocar os melhores indivíduos a cada 30 gerações
Número máximo de gerações: 279

Largura da faixa = 96
Melhor altura = 465

Lower Bound 1 = 416
Lower Bound 2 = 336
Avaliação = 1.11779

Tempo de execução: 6.71358s

---------------------------

Tamanho da população: 297
Fração elite: 0.55
Fração mutante: 0.0174
Probabilidade herdar alelo elite: 0.7678
Número de populações independentes: 1
Número de threads: 1
Trocar os melhores indivíduos a cada 30 gerações
Número máximo de gerações: 279

Largura da faixa = 96
Melhor altura = 474

Lower Bound 1 = 416
Lower Bound 2 = 336
Avaliação = 1.13942

Tempo de execução: 6.75962s

---------------------------

Tamanho da população: 297
Fração elite: 0.55
Fração mutante: 0.0174
Probabilidade herdar alelo elite: 0.7678
Número de populações independentes: 1
Número de threads: 1
Trocar os melhores indivíduos a cada 30 gerações
Número máximo de gerações: 279

Largura da faixa = 96
Melhor altura = 475

Lower Bound 1 = 416
Lower Bound 2 = 336
Avaliação = 1.14183

Tempo de execução: 6.8604s

---------------------------

Tamanho da população: 297
Fração elite: 0.55
Fração mutante: 0.0174
Probabilidade herdar alelo elite: 0.7678
Número de populações independentes: 1
Número de threads: 1
Trocar os melhores indivíduos a cada 30 gerações
Número máximo de gerações: 279

Largura da faixa = 96
Melhor altura = 477

Lower Bound 1 = 416
Lower Bound 2 = 336
Avaliação = 1.14663

Tempo de execução: 6.85297s

---------------------------

Tamanho da população: 297
Fração elite: 0.55
Fração mutante: 0.0174
Probabilidade herdar alelo elite: 0.7678
Número de populações independentes: 1
Número de threads: 1
Trocar os melhores indivíduos a cada 30 gerações
Número máximo de gerações: 279

Largura da faixa = 96
Melhor altura = 479

Lower Bound 1 = 416
Lower Bound 2 = 336
Avaliação = 1.15144

Tempo de execução: 6.91347s

---------------------------

Tamanho da população: 297
Fração elite: 0.55
Fração mutante: 0.0174
Probabilidade herdar alelo elite: 0.7678
Número de populações independentes: 1
Número de threads: 1
Trocar os melhores indivíduos a cada 30 gerações
Número máximo de gerações: 279

Largura da faixa = 96
Melhor altura = 480

Lower Bound 1 = 416
Lower Bound 2 = 336
Avaliação = 1.15385

Tempo de execução: 7.04535s

---------------------------

Tamanho da população: 297
Fração elite: 0.55
Fração mutante: 0.0174
Probabilidade herdar alelo elite: 0.7678
Número de populações independentes: 1
Número de threads: 1
Trocar os melhores indivíduos a cada 30 gerações
Número máximo de gerações: 279

Largura da faixa = 96
Melhor altura = 460

Lower Bound 1 = 416
Lower Bound 2 = 336
Avaliação = 1.10577

Tempo de execução: 6.80985s

---------------------------

Tamanho da população: 297
Fração elite: 0.55
Fração mutante: 0.0174
Probabilidade herdar alelo elite: 0.7678
Número de populações independentes: 1
Número de threads: 1
Trocar os melhores indivíduos a cada 30 gerações
Número máximo de gerações: 279

Largura da faixa = 96
Melhor altura = 477

Lower Bound 1 = 416
Lower Bound 2 = 336
Avaliação = 1.14663

Tempo de execução: 6.87753s

---------------------------

Tamanho da população: 297
Fração elite: 0.55
Fração mutante: 0.0174
Probabilidade herdar alelo elite: 0.7678
Número de populações independentes: 1
Número de threads: 1
Trocar os melhores indivíduos a cada 30 gerações
Número máximo de gerações: 279

Largura da faixa = 96
Melhor altura = 472

Lower Bound 1 = 416
Lower Bound 2 = 336
Avaliação = 1.13462

Tempo de execução: 6.9426s

---------------------------

Tamanho da população: 297
Fração elite: 0.55
Fração mutante: 0.0174
Probabilidade herdar alelo elite: 0.7678
Número de populações independentes: 1
Número de threads: 1
Trocar os melhores indivíduos a cada 30 gerações
Número máximo de gerações: 279

Largura da faixa = 96
Melhor altura = 466

Lower Bound 1 = 416
Lower Bound 2 = 336
Avaliação = 1.12019

Tempo de execução: 6.69477s

---------------------------

Tamanho da população: 297
Fração elite: 0.55
Fração mutante: 0.0174
Probabilidade herdar alelo elite: 0.7678
Número de populações independentes: 1
Número de threads: 1
Trocar os melhores indivíduos a cada 30 gerações
Número máximo de gerações: 279

Largura da faixa = 96
Melhor altura = 489

Lower Bound 1 = 416
Lower Bound 2 = 336
Avaliação = 1.17548

Tempo de execução: 6.93591s

---------------------------

