Tamanho da população: 475
Fração elite: 0.2121
Fração mutante: 0.0442
Probabilidade herdar alelo elite: 0.6514
Número de populações independentes: 3
Troca de informação de 4 individuos a cada 241 gerações
Número de threads: 1

Largura da faixa = 119
Melhor altura = 363

Lower Bound 1 = 336
Lower Bound 2 = 170
Avaliação = 1.08036

Tempo de execução: 60.0032s

---------------------------

Tamanho da população: 475
Fração elite: 0.2121
Fração mutante: 0.0442
Probabilidade herdar alelo elite: 0.6514
Número de populações independentes: 3
Troca de informação de 4 individuos a cada 241 gerações
Número de threads: 1

Largura da faixa = 119
Melhor altura = 362

Lower Bound 1 = 336
Lower Bound 2 = 170
Avaliação = 1.07738

Tempo de execução: 60.0213s

---------------------------

Tamanho da população: 475
Fração elite: 0.2121
Fração mutante: 0.0442
Probabilidade herdar alelo elite: 0.6514
Número de populações independentes: 3
Troca de informação de 4 individuos a cada 241 gerações
Número de threads: 1

Largura da faixa = 119
Melhor altura = 362

Lower Bound 1 = 336
Lower Bound 2 = 170
Avaliação = 1.07738

Tempo de execução: 60.0305s

---------------------------

Tamanho da população: 475
Fração elite: 0.2121
Fração mutante: 0.0442
Probabilidade herdar alelo elite: 0.6514
Número de populações independentes: 3
Troca de informação de 4 individuos a cada 241 gerações
Número de threads: 1

Largura da faixa = 119
Melhor altura = 364

Lower Bound 1 = 336
Lower Bound 2 = 170
Avaliação = 1.08333

Tempo de execução: 60.0077s

---------------------------

Tamanho da população: 475
Fração elite: 0.2121
Fração mutante: 0.0442
Probabilidade herdar alelo elite: 0.6514
Número de populações independentes: 3
Troca de informação de 4 individuos a cada 241 gerações
Número de threads: 1

Largura da faixa = 119
Melhor altura = 365

Lower Bound 1 = 336
Lower Bound 2 = 170
Avaliação = 1.08631

Tempo de execução: 60.0086s

---------------------------

Tamanho da população: 475
Fração elite: 0.2121
Fração mutante: 0.0442
Probabilidade herdar alelo elite: 0.6514
Número de populações independentes: 3
Troca de informação de 4 individuos a cada 241 gerações
Número de threads: 1

Largura da faixa = 119
Melhor altura = 364

Lower Bound 1 = 336
Lower Bound 2 = 170
Avaliação = 1.08333

Tempo de execução: 60.0168s

---------------------------

Tamanho da população: 475
Fração elite: 0.2121
Fração mutante: 0.0442
Probabilidade herdar alelo elite: 0.6514
Número de populações independentes: 3
Troca de informação de 4 individuos a cada 241 gerações
Número de threads: 1

Largura da faixa = 119
Melhor altura = 363

Lower Bound 1 = 336
Lower Bound 2 = 170
Avaliação = 1.08036

Tempo de execução: 60.0031s

---------------------------

Tamanho da população: 475
Fração elite: 0.2121
Fração mutante: 0.0442
Probabilidade herdar alelo elite: 0.6514
Número de populações independentes: 3
Troca de informação de 4 individuos a cada 241 gerações
Número de threads: 1

Largura da faixa = 119
Melhor altura = 362

Lower Bound 1 = 336
Lower Bound 2 = 170
Avaliação = 1.07738

Tempo de execução: 60.0135s

---------------------------

Tamanho da população: 475
Fração elite: 0.2121
Fração mutante: 0.0442
Probabilidade herdar alelo elite: 0.6514
Número de populações independentes: 3
Troca de informação de 4 individuos a cada 241 gerações
Número de threads: 1

Largura da faixa = 119
Melhor altura = 364

Lower Bound 1 = 336
Lower Bound 2 = 170
Avaliação = 1.08333

Tempo de execução: 60.0138s

---------------------------

Tamanho da população: 475
Fração elite: 0.2121
Fração mutante: 0.0442
Probabilidade herdar alelo elite: 0.6514
Número de populações independentes: 3
Troca de informação de 4 individuos a cada 241 gerações
Número de threads: 1

Largura da faixa = 119
Melhor altura = 363

Lower Bound 1 = 336
Lower Bound 2 = 170
Avaliação = 1.08036

Tempo de execução: 60.0013s

---------------------------

Tamanho da população: 475
Fração elite: 0.2121
Fração mutante: 0.0442
Probabilidade herdar alelo elite: 0.6514
Número de populações independentes: 3
Troca de informação de 4 individuos a cada 241 gerações
Número de threads: 1

Largura da faixa = 119
Melhor altura = 362

Lower Bound 1 = 336
Lower Bound 2 = 170
Avaliação = 1.07738

Tempo de execução: 60.003s

---------------------------

Tamanho da população: 475
Fração elite: 0.2121
Fração mutante: 0.0442
Probabilidade herdar alelo elite: 0.6514
Número de populações independentes: 3
Troca de informação de 4 individuos a cada 241 gerações
Número de threads: 1

Largura da faixa = 119
Melhor altura = 362

Lower Bound 1 = 336
Lower Bound 2 = 170
Avaliação = 1.07738

Tempo de execução: 60.0269s

---------------------------

Tamanho da população: 475
Fração elite: 0.2121
Fração mutante: 0.0442
Probabilidade herdar alelo elite: 0.6514
Número de populações independentes: 3
Troca de informação de 4 individuos a cada 241 gerações
Número de threads: 1

Largura da faixa = 119
Melhor altura = 362

Lower Bound 1 = 336
Lower Bound 2 = 170
Avaliação = 1.07738

Tempo de execução: 60.0032s

---------------------------

Tamanho da população: 475
Fração elite: 0.2121
Fração mutante: 0.0442
Probabilidade herdar alelo elite: 0.6514
Número de populações independentes: 3
Troca de informação de 4 individuos a cada 241 gerações
Número de threads: 1

Largura da faixa = 119
Melhor altura = 364

Lower Bound 1 = 336
Lower Bound 2 = 170
Avaliação = 1.08333

Tempo de execução: 60.0145s

---------------------------

Tamanho da população: 475
Fração elite: 0.2121
Fração mutante: 0.0442
Probabilidade herdar alelo elite: 0.6514
Número de populações independentes: 3
Troca de informação de 4 individuos a cada 241 gerações
Número de threads: 1

Largura da faixa = 119
Melhor altura = 366

Lower Bound 1 = 336
Lower Bound 2 = 170
Avaliação = 1.08929

Tempo de execução: 60.0153s

---------------------------

Tamanho da população: 475
Fração elite: 0.2121
Fração mutante: 0.0442
Probabilidade herdar alelo elite: 0.6514
Número de populações independentes: 3
Troca de informação de 4 individuos a cada 241 gerações
Número de threads: 1

Largura da faixa = 119
Melhor altura = 363

Lower Bound 1 = 336
Lower Bound 2 = 170
Avaliação = 1.08036

Tempo de execução: 60.0038s

---------------------------

Tamanho da população: 475
Fração elite: 0.2121
Fração mutante: 0.0442
Probabilidade herdar alelo elite: 0.6514
Número de populações independentes: 3
Troca de informação de 4 individuos a cada 241 gerações
Número de threads: 1

Largura da faixa = 119
Melhor altura = 364

Lower Bound 1 = 336
Lower Bound 2 = 170
Avaliação = 1.08333

Tempo de execução: 60.0071s

---------------------------

Tamanho da população: 475
Fração elite: 0.2121
Fração mutante: 0.0442
Probabilidade herdar alelo elite: 0.6514
Número de populações independentes: 3
Troca de informação de 4 individuos a cada 241 gerações
Número de threads: 1

Largura da faixa = 119
Melhor altura = 364

Lower Bound 1 = 336
Lower Bound 2 = 170
Avaliação = 1.08333

Tempo de execução: 60.0265s

---------------------------

Tamanho da população: 475
Fração elite: 0.2121
Fração mutante: 0.0442
Probabilidade herdar alelo elite: 0.6514
Número de populações independentes: 3
Troca de informação de 4 individuos a cada 241 gerações
Número de threads: 1

Largura da faixa = 119
Melhor altura = 363

Lower Bound 1 = 336
Lower Bound 2 = 170
Avaliação = 1.08036

Tempo de execução: 60.0053s

---------------------------

Tamanho da população: 475
Fração elite: 0.2121
Fração mutante: 0.0442
Probabilidade herdar alelo elite: 0.6514
Número de populações independentes: 3
Troca de informação de 4 individuos a cada 241 gerações
Número de threads: 1

Largura da faixa = 119
Melhor altura = 362

Lower Bound 1 = 336
Lower Bound 2 = 170
Avaliação = 1.07738

Tempo de execução: 60.0272s
