Tamanho da população: 297
Fração elite: 0.55
Fração mutante: 0.0174
Probabilidade herdar alelo elite: 0.7678
Número de populações independentes: 1
Número de threads: 1
Trocar os melhores indivíduos a cada 30 gerações
Número máximo de gerações: 279

Largura da faixa = 109
Melhor altura = 392

Lower Bound 1 = 366
Lower Bound 2 = 203
Avaliação = 1.07104

Tempo de execução: 4.14649s

---------------------------

Tamanho da população: 297
Fração elite: 0.55
Fração mutante: 0.0174
Probabilidade herdar alelo elite: 0.7678
Número de populações independentes: 1
Número de threads: 1
Trocar os melhores indivíduos a cada 30 gerações
Número máximo de gerações: 279

Largura da faixa = 109
Melhor altura = 398

Lower Bound 1 = 366
Lower Bound 2 = 203
Avaliação = 1.08743

Tempo de execução: 4.28104s

---------------------------

Tamanho da população: 297
Fração elite: 0.55
Fração mutante: 0.0174
Probabilidade herdar alelo elite: 0.7678
Número de populações independentes: 1
Número de threads: 1
Trocar os melhores indivíduos a cada 30 gerações
Número máximo de gerações: 279

Largura da faixa = 109
Melhor altura = 395

Lower Bound 1 = 366
Lower Bound 2 = 203
Avaliação = 1.07923

Tempo de execução: 4.34104s

---------------------------

Tamanho da população: 297
Fração elite: 0.55
Fração mutante: 0.0174
Probabilidade herdar alelo elite: 0.7678
Número de populações independentes: 1
Número de threads: 1
Trocar os melhores indivíduos a cada 30 gerações
Número máximo de gerações: 279

Largura da faixa = 109
Melhor altura = 395

Lower Bound 1 = 366
Lower Bound 2 = 203
Avaliação = 1.07923

Tempo de execução: 4.07606s

---------------------------

Tamanho da população: 297
Fração elite: 0.55
Fração mutante: 0.0174
Probabilidade herdar alelo elite: 0.7678
Número de populações independentes: 1
Número de threads: 1
Trocar os melhores indivíduos a cada 30 gerações
Número máximo de gerações: 279

Largura da faixa = 109
Melhor altura = 387

Lower Bound 1 = 366
Lower Bound 2 = 203
Avaliação = 1.05738

Tempo de execução: 4.17383s

---------------------------

Tamanho da população: 297
Fração elite: 0.55
Fração mutante: 0.0174
Probabilidade herdar alelo elite: 0.7678
Número de populações independentes: 1
Número de threads: 1
Trocar os melhores indivíduos a cada 30 gerações
Número máximo de gerações: 279

Largura da faixa = 109
Melhor altura = 394

Lower Bound 1 = 366
Lower Bound 2 = 203
Avaliação = 1.0765

Tempo de execução: 4.17624s

---------------------------

Tamanho da população: 297
Fração elite: 0.55
Fração mutante: 0.0174
Probabilidade herdar alelo elite: 0.7678
Número de populações independentes: 1
Número de threads: 1
Trocar os melhores indivíduos a cada 30 gerações
Número máximo de gerações: 279

Largura da faixa = 109
Melhor altura = 392

Lower Bound 1 = 366
Lower Bound 2 = 203
Avaliação = 1.07104

Tempo de execução: 3.99125s

---------------------------

Tamanho da população: 297
Fração elite: 0.55
Fração mutante: 0.0174
Probabilidade herdar alelo elite: 0.7678
Número de populações independentes: 1
Número de threads: 1
Trocar os melhores indivíduos a cada 30 gerações
Número máximo de gerações: 279

Largura da faixa = 109
Melhor altura = 398

Lower Bound 1 = 366
Lower Bound 2 = 203
Avaliação = 1.08743

Tempo de execução: 4.12318s

---------------------------

Tamanho da população: 297
Fração elite: 0.55
Fração mutante: 0.0174
Probabilidade herdar alelo elite: 0.7678
Número de populações independentes: 1
Número de threads: 1
Trocar os melhores indivíduos a cada 30 gerações
Número máximo de gerações: 279

Largura da faixa = 109
Melhor altura = 392

Lower Bound 1 = 366
Lower Bound 2 = 203
Avaliação = 1.07104

Tempo de execução: 4.18115s

---------------------------

Tamanho da população: 297
Fração elite: 0.55
Fração mutante: 0.0174
Probabilidade herdar alelo elite: 0.7678
Número de populações independentes: 1
Número de threads: 1
Trocar os melhores indivíduos a cada 30 gerações
Número máximo de gerações: 279

Largura da faixa = 109
Melhor altura = 393

Lower Bound 1 = 366
Lower Bound 2 = 203
Avaliação = 1.07377

Tempo de execução: 4.02602s

---------------------------

Tamanho da população: 297
Fração elite: 0.55
Fração mutante: 0.0174
Probabilidade herdar alelo elite: 0.7678
Número de populações independentes: 1
Número de threads: 1
Trocar os melhores indivíduos a cada 30 gerações
Número máximo de gerações: 279

Largura da faixa = 109
Melhor altura = 397

Lower Bound 1 = 366
Lower Bound 2 = 203
Avaliação = 1.0847

Tempo de execução: 4.1877s

---------------------------

Tamanho da população: 297
Fração elite: 0.55
Fração mutante: 0.0174
Probabilidade herdar alelo elite: 0.7678
Número de populações independentes: 1
Número de threads: 1
Trocar os melhores indivíduos a cada 30 gerações
Número máximo de gerações: 279

Largura da faixa = 109
Melhor altura = 392

Lower Bound 1 = 366
Lower Bound 2 = 203
Avaliação = 1.07104

Tempo de execução: 4.18837s

---------------------------

Tamanho da população: 297
Fração elite: 0.55
Fração mutante: 0.0174
Probabilidade herdar alelo elite: 0.7678
Número de populações independentes: 1
Número de threads: 1
Trocar os melhores indivíduos a cada 30 gerações
Número máximo de gerações: 279

Largura da faixa = 109
Melhor altura = 398

Lower Bound 1 = 366
Lower Bound 2 = 203
Avaliação = 1.08743

Tempo de execução: 3.94574s

---------------------------

Tamanho da população: 297
Fração elite: 0.55
Fração mutante: 0.0174
Probabilidade herdar alelo elite: 0.7678
Número de populações independentes: 1
Número de threads: 1
Trocar os melhores indivíduos a cada 30 gerações
Número máximo de gerações: 279

Largura da faixa = 109
Melhor altura = 392

Lower Bound 1 = 366
Lower Bound 2 = 203
Avaliação = 1.07104

Tempo de execução: 4.07178s

---------------------------

Tamanho da população: 297
Fração elite: 0.55
Fração mutante: 0.0174
Probabilidade herdar alelo elite: 0.7678
Número de populações independentes: 1
Número de threads: 1
Trocar os melhores indivíduos a cada 30 gerações
Número máximo de gerações: 279

Largura da faixa = 109
Melhor altura = 392

Lower Bound 1 = 366
Lower Bound 2 = 203
Avaliação = 1.07104

Tempo de execução: 4.19576s

---------------------------

Tamanho da população: 297
Fração elite: 0.55
Fração mutante: 0.0174
Probabilidade herdar alelo elite: 0.7678
Número de populações independentes: 1
Número de threads: 1
Trocar os melhores indivíduos a cada 30 gerações
Número máximo de gerações: 279

Largura da faixa = 109
Melhor altura = 392

Lower Bound 1 = 366
Lower Bound 2 = 203
Avaliação = 1.07104

Tempo de execução: 4.06041s

---------------------------

Tamanho da população: 297
Fração elite: 0.55
Fração mutante: 0.0174
Probabilidade herdar alelo elite: 0.7678
Número de populações independentes: 1
Número de threads: 1
Trocar os melhores indivíduos a cada 30 gerações
Número máximo de gerações: 279

Largura da faixa = 109
Melhor altura = 392

Lower Bound 1 = 366
Lower Bound 2 = 203
Avaliação = 1.07104

Tempo de execução: 4.15074s

---------------------------

Tamanho da população: 297
Fração elite: 0.55
Fração mutante: 0.0174
Probabilidade herdar alelo elite: 0.7678
Número de populações independentes: 1
Número de threads: 1
Trocar os melhores indivíduos a cada 30 gerações
Número máximo de gerações: 279

Largura da faixa = 109
Melhor altura = 392

Lower Bound 1 = 366
Lower Bound 2 = 203
Avaliação = 1.07104

Tempo de execução: 4.16979s

---------------------------

Tamanho da população: 297
Fração elite: 0.55
Fração mutante: 0.0174
Probabilidade herdar alelo elite: 0.7678
Número de populações independentes: 1
Número de threads: 1
Trocar os melhores indivíduos a cada 30 gerações
Número máximo de gerações: 279

Largura da faixa = 109
Melhor altura = 392

Lower Bound 1 = 366
Lower Bound 2 = 203
Avaliação = 1.07104

Tempo de execução: 3.84646s

---------------------------

Tamanho da população: 297
Fração elite: 0.55
Fração mutante: 0.0174
Probabilidade herdar alelo elite: 0.7678
Número de populações independentes: 1
Número de threads: 1
Trocar os melhores indivíduos a cada 30 gerações
Número máximo de gerações: 279

Largura da faixa = 109
Melhor altura = 392

Lower Bound 1 = 366
Lower Bound 2 = 203
Avaliação = 1.07104

Tempo de execução: 4.15547s

---------------------------

