Número de cromossomos: 199
Tamanho da população: 1000
Fração elite: 0.3
Fração mutante: 0.4
Probabilidade herdar alelo elite: 0.8
Número de populações independentes: 3
Número de threads: 2
Melhor até agora: 827 Geração: 0
Melhor até agora: 825 Geração: 3
Melhor até agora: 818 Geração: 5
Melhor até agora: 815 Geração: 6
Melhor até agora: 805 Geração: 10
Melhor até agora: 803 Geração: 12
Melhor até agora: 797 Geração: 13
Melhor até agora: 796 Geração: 20
Melhor até agora: 790 Geração: 24
Melhor até agora: 785 Geração: 27
Melhor até agora: 781 Geração: 30
Melhor até agora: 778 Geração: 35
Melhor até agora: 774 Geração: 39
Melhor até agora: 773 Geração: 59
Melhor até agora: 770 Geração: 60
Melhor até agora: 762 Geração: 74
Melhor até agora: 760 Geração: 85
Melhor até agora: 757 Geração: 98
Largura da faixa = 75
Melhor altura = 757

Lower Bound 1 = 533
Lower Bound 2 = 264
Avaliação = 1.42026
Tempo de execução: 83926ms

---------------------------

