Tamanho da população: 475
Fração elite: 0.2121
Fração mutante: 0.0442
Probabilidade herdar alelo elite: 0.6514
Número de populações independentes: 3
Troca de informação de 4 individuos a cada 241 gerações
Número de threads: 1

Largura da faixa = 180
Melhor altura = 242

Lower Bound 1 = 222
Lower Bound 2 = 180
Avaliação = 1.09009

Tempo de execução: 60.0043s

---------------------------

Tamanho da população: 475
Fração elite: 0.2121
Fração mutante: 0.0442
Probabilidade herdar alelo elite: 0.6514
Número de populações independentes: 3
Troca de informação de 4 individuos a cada 241 gerações
Número de threads: 1

Largura da faixa = 180
Melhor altura = 243

Lower Bound 1 = 222
Lower Bound 2 = 180
Avaliação = 1.09459

Tempo de execução: 60.017s

---------------------------

Tamanho da população: 475
Fração elite: 0.2121
Fração mutante: 0.0442
Probabilidade herdar alelo elite: 0.6514
Número de populações independentes: 3
Troca de informação de 4 individuos a cada 241 gerações
Número de threads: 1

Largura da faixa = 180
Melhor altura = 243

Lower Bound 1 = 222
Lower Bound 2 = 180
Avaliação = 1.09459

Tempo de execução: 60.0248s

---------------------------

Tamanho da população: 475
Fração elite: 0.2121
Fração mutante: 0.0442
Probabilidade herdar alelo elite: 0.6514
Número de populações independentes: 3
Troca de informação de 4 individuos a cada 241 gerações
Número de threads: 1

Largura da faixa = 180
Melhor altura = 242

Lower Bound 1 = 222
Lower Bound 2 = 180
Avaliação = 1.09009

Tempo de execução: 60.0106s

---------------------------

Tamanho da população: 475
Fração elite: 0.2121
Fração mutante: 0.0442
Probabilidade herdar alelo elite: 0.6514
Número de populações independentes: 3
Troca de informação de 4 individuos a cada 241 gerações
Número de threads: 1

Largura da faixa = 180
Melhor altura = 242

Lower Bound 1 = 222
Lower Bound 2 = 180
Avaliação = 1.09009

Tempo de execução: 60.0194s

---------------------------

Tamanho da população: 475
Fração elite: 0.2121
Fração mutante: 0.0442
Probabilidade herdar alelo elite: 0.6514
Número de populações independentes: 3
Troca de informação de 4 individuos a cada 241 gerações
Número de threads: 1

Largura da faixa = 180
Melhor altura = 242

Lower Bound 1 = 222
Lower Bound 2 = 180
Avaliação = 1.09009

Tempo de execução: 60.0297s

---------------------------

Tamanho da população: 475
Fração elite: 0.2121
Fração mutante: 0.0442
Probabilidade herdar alelo elite: 0.6514
Número de populações independentes: 3
Troca de informação de 4 individuos a cada 241 gerações
Número de threads: 1

Largura da faixa = 180
Melhor altura = 242

Lower Bound 1 = 222
Lower Bound 2 = 180
Avaliação = 1.09009

Tempo de execução: 60.0108s

---------------------------

Tamanho da população: 475
Fração elite: 0.2121
Fração mutante: 0.0442
Probabilidade herdar alelo elite: 0.6514
Número de populações independentes: 3
Troca de informação de 4 individuos a cada 241 gerações
Número de threads: 1

Largura da faixa = 180
Melhor altura = 242

Lower Bound 1 = 222
Lower Bound 2 = 180
Avaliação = 1.09009

Tempo de execução: 60.0121s

---------------------------

Tamanho da população: 475
Fração elite: 0.2121
Fração mutante: 0.0442
Probabilidade herdar alelo elite: 0.6514
Número de populações independentes: 3
Troca de informação de 4 individuos a cada 241 gerações
Número de threads: 1

Largura da faixa = 180
Melhor altura = 243

Lower Bound 1 = 222
Lower Bound 2 = 180
Avaliação = 1.09459

Tempo de execução: 60.0266s

---------------------------

Tamanho da população: 475
Fração elite: 0.2121
Fração mutante: 0.0442
Probabilidade herdar alelo elite: 0.6514
Número de populações independentes: 3
Troca de informação de 4 individuos a cada 241 gerações
Número de threads: 1

Largura da faixa = 180
Melhor altura = 241

Lower Bound 1 = 222
Lower Bound 2 = 180
Avaliação = 1.08559

Tempo de execução: 60.0133s

---------------------------

Tamanho da população: 475
Fração elite: 0.2121
Fração mutante: 0.0442
Probabilidade herdar alelo elite: 0.6514
Número de populações independentes: 3
Troca de informação de 4 individuos a cada 241 gerações
Número de threads: 1

Largura da faixa = 180
Melhor altura = 243

Lower Bound 1 = 222
Lower Bound 2 = 180
Avaliação = 1.09459

Tempo de execução: 60.0181s

---------------------------

Tamanho da população: 475
Fração elite: 0.2121
Fração mutante: 0.0442
Probabilidade herdar alelo elite: 0.6514
Número de populações independentes: 3
Troca de informação de 4 individuos a cada 241 gerações
Número de threads: 1

Largura da faixa = 180
Melhor altura = 243

Lower Bound 1 = 222
Lower Bound 2 = 180
Avaliação = 1.09459

Tempo de execução: 60.0226s

---------------------------

Tamanho da população: 475
Fração elite: 0.2121
Fração mutante: 0.0442
Probabilidade herdar alelo elite: 0.6514
Número de populações independentes: 3
Troca de informação de 4 individuos a cada 241 gerações
Número de threads: 1

Largura da faixa = 180
Melhor altura = 242

Lower Bound 1 = 222
Lower Bound 2 = 180
Avaliação = 1.09009

Tempo de execução: 60.0011s

---------------------------

Tamanho da população: 475
Fração elite: 0.2121
Fração mutante: 0.0442
Probabilidade herdar alelo elite: 0.6514
Número de populações independentes: 3
Troca de informação de 4 individuos a cada 241 gerações
Número de threads: 1

Largura da faixa = 180
Melhor altura = 245

Lower Bound 1 = 222
Lower Bound 2 = 180
Avaliação = 1.1036

Tempo de execução: 60.0015s

---------------------------

Tamanho da população: 475
Fração elite: 0.2121
Fração mutante: 0.0442
Probabilidade herdar alelo elite: 0.6514
Número de populações independentes: 3
Troca de informação de 4 individuos a cada 241 gerações
Número de threads: 1

Largura da faixa = 180
Melhor altura = 243

Lower Bound 1 = 222
Lower Bound 2 = 180
Avaliação = 1.09459

Tempo de execução: 60.0245s

---------------------------

Tamanho da população: 475
Fração elite: 0.2121
Fração mutante: 0.0442
Probabilidade herdar alelo elite: 0.6514
Número de populações independentes: 3
Troca de informação de 4 individuos a cada 241 gerações
Número de threads: 1

Largura da faixa = 180
Melhor altura = 242

Lower Bound 1 = 222
Lower Bound 2 = 180
Avaliação = 1.09009

Tempo de execução: 60.0151s

---------------------------

Tamanho da população: 475
Fração elite: 0.2121
Fração mutante: 0.0442
Probabilidade herdar alelo elite: 0.6514
Número de populações independentes: 3
Troca de informação de 4 individuos a cada 241 gerações
Número de threads: 1

Largura da faixa = 180
Melhor altura = 243

Lower Bound 1 = 222
Lower Bound 2 = 180
Avaliação = 1.09459

Tempo de execução: 60.0261s

---------------------------

Tamanho da população: 475
Fração elite: 0.2121
Fração mutante: 0.0442
Probabilidade herdar alelo elite: 0.6514
Número de populações independentes: 3
Troca de informação de 4 individuos a cada 241 gerações
Número de threads: 1

Largura da faixa = 180
Melhor altura = 242

Lower Bound 1 = 222
Lower Bound 2 = 180
Avaliação = 1.09009

Tempo de execução: 60.0326s

---------------------------

Tamanho da população: 475
Fração elite: 0.2121
Fração mutante: 0.0442
Probabilidade herdar alelo elite: 0.6514
Número de populações independentes: 3
Troca de informação de 4 individuos a cada 241 gerações
Número de threads: 1

Largura da faixa = 180
Melhor altura = 243

Lower Bound 1 = 222
Lower Bound 2 = 180
Avaliação = 1.09459

Tempo de execução: 60.0064s

---------------------------

Tamanho da população: 475
Fração elite: 0.2121
Fração mutante: 0.0442
Probabilidade herdar alelo elite: 0.6514
Número de populações independentes: 3
Troca de informação de 4 individuos a cada 241 gerações
Número de threads: 1

Largura da faixa = 180
Melhor altura = 243

Lower Bound 1 = 222
Lower Bound 2 = 180
Avaliação = 1.09459

Tempo de execução: 60.0255s
