Tamanho da população: 475
Fração elite: 0.2121
Fração mutante: 0.0442
Probabilidade herdar alelo elite: 0.6514
Número de populações independentes: 3
Troca de informação de 4 individuos a cada 241 gerações
Número de threads: 1

Largura da faixa = 112
Melhor altura = 393

Lower Bound 1 = 357
Lower Bound 2 = 224
Avaliação = 1.10084

Tempo de execução: 60.0018s

---------------------------

Tamanho da população: 475
Fração elite: 0.2121
Fração mutante: 0.0442
Probabilidade herdar alelo elite: 0.6514
Número de populações independentes: 3
Troca de informação de 4 individuos a cada 241 gerações
Número de threads: 1

Largura da faixa = 112
Melhor altura = 393

Lower Bound 1 = 357
Lower Bound 2 = 224
Avaliação = 1.10084

Tempo de execução: 60.0421s

---------------------------

Tamanho da população: 475
Fração elite: 0.2121
Fração mutante: 0.0442
Probabilidade herdar alelo elite: 0.6514
Número de populações independentes: 3
Troca de informação de 4 individuos a cada 241 gerações
Número de threads: 1

Largura da faixa = 112
Melhor altura = 387

Lower Bound 1 = 357
Lower Bound 2 = 224
Avaliação = 1.08403

Tempo de execução: 60.06s

---------------------------

Tamanho da população: 475
Fração elite: 0.2121
Fração mutante: 0.0442
Probabilidade herdar alelo elite: 0.6514
Número de populações independentes: 3
Troca de informação de 4 individuos a cada 241 gerações
Número de threads: 1

Largura da faixa = 112
Melhor altura = 385

Lower Bound 1 = 357
Lower Bound 2 = 224
Avaliação = 1.07843

Tempo de execução: 60.0008s

---------------------------

Tamanho da população: 475
Fração elite: 0.2121
Fração mutante: 0.0442
Probabilidade herdar alelo elite: 0.6514
Número de populações independentes: 3
Troca de informação de 4 individuos a cada 241 gerações
Número de threads: 1

Largura da faixa = 112
Melhor altura = 389

Lower Bound 1 = 357
Lower Bound 2 = 224
Avaliação = 1.08964

Tempo de execução: 60.0073s

---------------------------

Tamanho da população: 475
Fração elite: 0.2121
Fração mutante: 0.0442
Probabilidade herdar alelo elite: 0.6514
Número de populações independentes: 3
Troca de informação de 4 individuos a cada 241 gerações
Número de threads: 1

Largura da faixa = 112
Melhor altura = 392

Lower Bound 1 = 357
Lower Bound 2 = 224
Avaliação = 1.09804

Tempo de execução: 60.0817s

---------------------------

Tamanho da população: 475
Fração elite: 0.2121
Fração mutante: 0.0442
Probabilidade herdar alelo elite: 0.6514
Número de populações independentes: 3
Troca de informação de 4 individuos a cada 241 gerações
Número de threads: 1

Largura da faixa = 112
Melhor altura = 393

Lower Bound 1 = 357
Lower Bound 2 = 224
Avaliação = 1.10084

Tempo de execução: 60.0126s

---------------------------

Tamanho da população: 475
Fração elite: 0.2121
Fração mutante: 0.0442
Probabilidade herdar alelo elite: 0.6514
Número de populações independentes: 3
Troca de informação de 4 individuos a cada 241 gerações
Número de threads: 1

Largura da faixa = 112
Melhor altura = 388

Lower Bound 1 = 357
Lower Bound 2 = 224
Avaliação = 1.08683

Tempo de execução: 60.0333s

---------------------------

Tamanho da população: 475
Fração elite: 0.2121
Fração mutante: 0.0442
Probabilidade herdar alelo elite: 0.6514
Número de populações independentes: 3
Troca de informação de 4 individuos a cada 241 gerações
Número de threads: 1

Largura da faixa = 112
Melhor altura = 390

Lower Bound 1 = 357
Lower Bound 2 = 224
Avaliação = 1.09244

Tempo de execução: 60.0842s

---------------------------

Tamanho da população: 475
Fração elite: 0.2121
Fração mutante: 0.0442
Probabilidade herdar alelo elite: 0.6514
Número de populações independentes: 3
Troca de informação de 4 individuos a cada 241 gerações
Número de threads: 1

Largura da faixa = 112
Melhor altura = 390

Lower Bound 1 = 357
Lower Bound 2 = 224
Avaliação = 1.09244

Tempo de execução: 60.0332s

---------------------------

Tamanho da população: 475
Fração elite: 0.2121
Fração mutante: 0.0442
Probabilidade herdar alelo elite: 0.6514
Número de populações independentes: 3
Troca de informação de 4 individuos a cada 241 gerações
Número de threads: 1

Largura da faixa = 112
Melhor altura = 392

Lower Bound 1 = 357
Lower Bound 2 = 224
Avaliação = 1.09804

Tempo de execução: 60.0728s

---------------------------

Tamanho da população: 475
Fração elite: 0.2121
Fração mutante: 0.0442
Probabilidade herdar alelo elite: 0.6514
Número de populações independentes: 3
Troca de informação de 4 individuos a cada 241 gerações
Número de threads: 1

Largura da faixa = 112
Melhor altura = 392

Lower Bound 1 = 357
Lower Bound 2 = 224
Avaliação = 1.09804

Tempo de execução: 60.0968s

---------------------------

Tamanho da população: 475
Fração elite: 0.2121
Fração mutante: 0.0442
Probabilidade herdar alelo elite: 0.6514
Número de populações independentes: 3
Troca de informação de 4 individuos a cada 241 gerações
Número de threads: 1

Largura da faixa = 112
Melhor altura = 388

Lower Bound 1 = 357
Lower Bound 2 = 224
Avaliação = 1.08683

Tempo de execução: 60.034s

---------------------------

Tamanho da população: 475
Fração elite: 0.2121
Fração mutante: 0.0442
Probabilidade herdar alelo elite: 0.6514
Número de populações independentes: 3
Troca de informação de 4 individuos a cada 241 gerações
Número de threads: 1

Largura da faixa = 112
Melhor altura = 389

Lower Bound 1 = 357
Lower Bound 2 = 224
Avaliação = 1.08964

Tempo de execução: 60.05s

---------------------------

Tamanho da população: 475
Fração elite: 0.2121
Fração mutante: 0.0442
Probabilidade herdar alelo elite: 0.6514
Número de populações independentes: 3
Troca de informação de 4 individuos a cada 241 gerações
Número de threads: 1

Largura da faixa = 112
Melhor altura = 391

Lower Bound 1 = 357
Lower Bound 2 = 224
Avaliação = 1.09524

Tempo de execução: 60.0571s

---------------------------

Tamanho da população: 475
Fração elite: 0.2121
Fração mutante: 0.0442
Probabilidade herdar alelo elite: 0.6514
Número de populações independentes: 3
Troca de informação de 4 individuos a cada 241 gerações
Número de threads: 1

Largura da faixa = 112
Melhor altura = 387

Lower Bound 1 = 357
Lower Bound 2 = 224
Avaliação = 1.08403

Tempo de execução: 60.0424s

---------------------------

Tamanho da população: 475
Fração elite: 0.2121
Fração mutante: 0.0442
Probabilidade herdar alelo elite: 0.6514
Número de populações independentes: 3
Troca de informação de 4 individuos a cada 241 gerações
Número de threads: 1

Largura da faixa = 112
Melhor altura = 390

Lower Bound 1 = 357
Lower Bound 2 = 224
Avaliação = 1.09244

Tempo de execução: 60.0809s

---------------------------

Tamanho da população: 475
Fração elite: 0.2121
Fração mutante: 0.0442
Probabilidade herdar alelo elite: 0.6514
Número de populações independentes: 3
Troca de informação de 4 individuos a cada 241 gerações
Número de threads: 1

Largura da faixa = 112
Melhor altura = 388

Lower Bound 1 = 357
Lower Bound 2 = 224
Avaliação = 1.08683

Tempo de execução: 60.1051s

---------------------------

Tamanho da população: 475
Fração elite: 0.2121
Fração mutante: 0.0442
Probabilidade herdar alelo elite: 0.6514
Número de populações independentes: 3
Troca de informação de 4 individuos a cada 241 gerações
Número de threads: 1

Largura da faixa = 112
Melhor altura = 390

Lower Bound 1 = 357
Lower Bound 2 = 224
Avaliação = 1.09244

Tempo de execução: 60.0452s

---------------------------

Tamanho da população: 475
Fração elite: 0.2121
Fração mutante: 0.0442
Probabilidade herdar alelo elite: 0.6514
Número de populações independentes: 3
Troca de informação de 4 individuos a cada 241 gerações
Número de threads: 1

Largura da faixa = 112
Melhor altura = 385

Lower Bound 1 = 357
Lower Bound 2 = 224
Avaliação = 1.07843

Tempo de execução: 60.0758s
