Número de cromossomos: 199
Tamanho da população: 1000
Fração elite: 0.3
Fração mutante: 0.4
Probabilidade herdar alelo elite: 0.8
Número de populações independentes: 3
Número de threads: 2
Melhor até agora: 751 Geração: 0
Melhor até agora: 744 Geração: 1
Melhor até agora: 742 Geração: 3
Melhor até agora: 733 Geração: 4
Melhor até agora: 731 Geração: 5
Melhor até agora: 724 Geração: 7
Melhor até agora: 719 Geração: 9
Melhor até agora: 715 Geração: 11
Melhor até agora: 709 Geração: 12
Melhor até agora: 704 Geração: 25
Melhor até agora: 678 Geração: 29
Melhor até agora: 673 Geração: 62
Melhor até agora: 672 Geração: 77
Melhor até agora: 671 Geração: 80
Melhor até agora: 667 Geração: 82
Largura da faixa = 86
Melhor altura = 667

Lower Bound 1 = 465
Lower Bound 2 = 202
Avaliação = 1.43441
Tempo de execução: 73950ms

---------------------------

