Tamanho da população: 297
Fração elite: 0.55
Fração mutante: 0.0174
Probabilidade herdar alelo elite: 0.7678
Número de populações independentes: 1
Número de threads: 1
Trocar os melhores indivíduos a cada 30 gerações
Número máximo de gerações: 279

Largura da faixa = 132
Melhor altura = 350

Lower Bound 1 = 303
Lower Bound 2 = 201
Avaliação = 1.15512

Tempo de execução: 1.16789s

---------------------------

Tamanho da população: 297
Fração elite: 0.55
Fração mutante: 0.0174
Probabilidade herdar alelo elite: 0.7678
Número de populações independentes: 1
Número de threads: 1
Trocar os melhores indivíduos a cada 30 gerações
Número máximo de gerações: 279

Largura da faixa = 132
Melhor altura = 350

Lower Bound 1 = 303
Lower Bound 2 = 201
Avaliação = 1.15512

Tempo de execução: 1.20154s

---------------------------

Tamanho da população: 297
Fração elite: 0.55
Fração mutante: 0.0174
Probabilidade herdar alelo elite: 0.7678
Número de populações independentes: 1
Número de threads: 1
Trocar os melhores indivíduos a cada 30 gerações
Número máximo de gerações: 279

Largura da faixa = 132
Melhor altura = 350

Lower Bound 1 = 303
Lower Bound 2 = 201
Avaliação = 1.15512

Tempo de execução: 1.22682s

---------------------------

Tamanho da população: 297
Fração elite: 0.55
Fração mutante: 0.0174
Probabilidade herdar alelo elite: 0.7678
Número de populações independentes: 1
Número de threads: 1
Trocar os melhores indivíduos a cada 30 gerações
Número máximo de gerações: 279

Largura da faixa = 132
Melhor altura = 350

Lower Bound 1 = 303
Lower Bound 2 = 201
Avaliação = 1.15512

Tempo de execução: 1.20526s

---------------------------

Tamanho da população: 297
Fração elite: 0.55
Fração mutante: 0.0174
Probabilidade herdar alelo elite: 0.7678
Número de populações independentes: 1
Número de threads: 1
Trocar os melhores indivíduos a cada 30 gerações
Número máximo de gerações: 279

Largura da faixa = 132
Melhor altura = 350

Lower Bound 1 = 303
Lower Bound 2 = 201
Avaliação = 1.15512

Tempo de execução: 1.21624s

---------------------------

Tamanho da população: 297
Fração elite: 0.55
Fração mutante: 0.0174
Probabilidade herdar alelo elite: 0.7678
Número de populações independentes: 1
Número de threads: 1
Trocar os melhores indivíduos a cada 30 gerações
Número máximo de gerações: 279

Largura da faixa = 132
Melhor altura = 350

Lower Bound 1 = 303
Lower Bound 2 = 201
Avaliação = 1.15512

Tempo de execução: 1.2346s

---------------------------

Tamanho da população: 297
Fração elite: 0.55
Fração mutante: 0.0174
Probabilidade herdar alelo elite: 0.7678
Número de populações independentes: 1
Número de threads: 1
Trocar os melhores indivíduos a cada 30 gerações
Número máximo de gerações: 279

Largura da faixa = 132
Melhor altura = 350

Lower Bound 1 = 303
Lower Bound 2 = 201
Avaliação = 1.15512

Tempo de execução: 1.20024s

---------------------------

Tamanho da população: 297
Fração elite: 0.55
Fração mutante: 0.0174
Probabilidade herdar alelo elite: 0.7678
Número de populações independentes: 1
Número de threads: 1
Trocar os melhores indivíduos a cada 30 gerações
Número máximo de gerações: 279

Largura da faixa = 132
Melhor altura = 350

Lower Bound 1 = 303
Lower Bound 2 = 201
Avaliação = 1.15512

Tempo de execução: 1.20097s

---------------------------

Tamanho da população: 297
Fração elite: 0.55
Fração mutante: 0.0174
Probabilidade herdar alelo elite: 0.7678
Número de populações independentes: 1
Número de threads: 1
Trocar os melhores indivíduos a cada 30 gerações
Número máximo de gerações: 279

Largura da faixa = 132
Melhor altura = 350

Lower Bound 1 = 303
Lower Bound 2 = 201
Avaliação = 1.15512

Tempo de execução: 1.26741s

---------------------------

Tamanho da população: 297
Fração elite: 0.55
Fração mutante: 0.0174
Probabilidade herdar alelo elite: 0.7678
Número de populações independentes: 1
Número de threads: 1
Trocar os melhores indivíduos a cada 30 gerações
Número máximo de gerações: 279

Largura da faixa = 132
Melhor altura = 350

Lower Bound 1 = 303
Lower Bound 2 = 201
Avaliação = 1.15512

Tempo de execução: 1.18309s

---------------------------

Tamanho da população: 297
Fração elite: 0.55
Fração mutante: 0.0174
Probabilidade herdar alelo elite: 0.7678
Número de populações independentes: 1
Número de threads: 1
Trocar os melhores indivíduos a cada 30 gerações
Número máximo de gerações: 279

Largura da faixa = 132
Melhor altura = 350

Lower Bound 1 = 303
Lower Bound 2 = 201
Avaliação = 1.15512

Tempo de execução: 1.18755s

---------------------------

Tamanho da população: 297
Fração elite: 0.55
Fração mutante: 0.0174
Probabilidade herdar alelo elite: 0.7678
Número de populações independentes: 1
Número de threads: 1
Trocar os melhores indivíduos a cada 30 gerações
Número máximo de gerações: 279

Largura da faixa = 132
Melhor altura = 350

Lower Bound 1 = 303
Lower Bound 2 = 201
Avaliação = 1.15512

Tempo de execução: 1.20019s

---------------------------

Tamanho da população: 297
Fração elite: 0.55
Fração mutante: 0.0174
Probabilidade herdar alelo elite: 0.7678
Número de populações independentes: 1
Número de threads: 1
Trocar os melhores indivíduos a cada 30 gerações
Número máximo de gerações: 279

Largura da faixa = 132
Melhor altura = 350

Lower Bound 1 = 303
Lower Bound 2 = 201
Avaliação = 1.15512

Tempo de execução: 1.18181s

---------------------------

Tamanho da população: 297
Fração elite: 0.55
Fração mutante: 0.0174
Probabilidade herdar alelo elite: 0.7678
Número de populações independentes: 1
Número de threads: 1
Trocar os melhores indivíduos a cada 30 gerações
Número máximo de gerações: 279

Largura da faixa = 132
Melhor altura = 350

Lower Bound 1 = 303
Lower Bound 2 = 201
Avaliação = 1.15512

Tempo de execução: 1.21115s

---------------------------

Tamanho da população: 297
Fração elite: 0.55
Fração mutante: 0.0174
Probabilidade herdar alelo elite: 0.7678
Número de populações independentes: 1
Número de threads: 1
Trocar os melhores indivíduos a cada 30 gerações
Número máximo de gerações: 279

Largura da faixa = 132
Melhor altura = 350

Lower Bound 1 = 303
Lower Bound 2 = 201
Avaliação = 1.15512

Tempo de execução: 1.22578s

---------------------------

Tamanho da população: 297
Fração elite: 0.55
Fração mutante: 0.0174
Probabilidade herdar alelo elite: 0.7678
Número de populações independentes: 1
Número de threads: 1
Trocar os melhores indivíduos a cada 30 gerações
Número máximo de gerações: 279

Largura da faixa = 132
Melhor altura = 350

Lower Bound 1 = 303
Lower Bound 2 = 201
Avaliação = 1.15512

Tempo de execução: 1.19533s

---------------------------

Tamanho da população: 297
Fração elite: 0.55
Fração mutante: 0.0174
Probabilidade herdar alelo elite: 0.7678
Número de populações independentes: 1
Número de threads: 1
Trocar os melhores indivíduos a cada 30 gerações
Número máximo de gerações: 279

Largura da faixa = 132
Melhor altura = 350

Lower Bound 1 = 303
Lower Bound 2 = 201
Avaliação = 1.15512

Tempo de execução: 1.19568s

---------------------------

Tamanho da população: 297
Fração elite: 0.55
Fração mutante: 0.0174
Probabilidade herdar alelo elite: 0.7678
Número de populações independentes: 1
Número de threads: 1
Trocar os melhores indivíduos a cada 30 gerações
Número máximo de gerações: 279

Largura da faixa = 132
Melhor altura = 350

Lower Bound 1 = 303
Lower Bound 2 = 201
Avaliação = 1.15512

Tempo de execução: 1.19687s

---------------------------

Tamanho da população: 297
Fração elite: 0.55
Fração mutante: 0.0174
Probabilidade herdar alelo elite: 0.7678
Número de populações independentes: 1
Número de threads: 1
Trocar os melhores indivíduos a cada 30 gerações
Número máximo de gerações: 279

Largura da faixa = 132
Melhor altura = 350

Lower Bound 1 = 303
Lower Bound 2 = 201
Avaliação = 1.15512

Tempo de execução: 1.17388s

---------------------------

Tamanho da população: 297
Fração elite: 0.55
Fração mutante: 0.0174
Probabilidade herdar alelo elite: 0.7678
Número de populações independentes: 1
Número de threads: 1
Trocar os melhores indivíduos a cada 30 gerações
Número máximo de gerações: 279

Largura da faixa = 132
Melhor altura = 350

Lower Bound 1 = 303
Lower Bound 2 = 201
Avaliação = 1.15512

Tempo de execução: 1.23569s

---------------------------

