Tamanho da população: 475
Fração elite: 0.2121
Fração mutante: 0.0442
Probabilidade herdar alelo elite: 0.6514
Número de populações independentes: 3
Troca de informação de 4 individuos a cada 241 gerações
Número de threads: 1

Largura da faixa = 8
Melhor altura = 29

Lower Bound 1 = 28
Lower Bound 2 = 11
Avaliação = 1.03571

Tempo de execução: 60.0051s

---------------------------

Tamanho da população: 475
Fração elite: 0.2121
Fração mutante: 0.0442
Probabilidade herdar alelo elite: 0.6514
Número de populações independentes: 3
Troca de informação de 4 individuos a cada 241 gerações
Número de threads: 1

Largura da faixa = 8
Melhor altura = 29

Lower Bound 1 = 28
Lower Bound 2 = 11
Avaliação = 1.03571

Tempo de execução: 60.0062s

---------------------------

Tamanho da população: 475
Fração elite: 0.2121
Fração mutante: 0.0442
Probabilidade herdar alelo elite: 0.6514
Número de populações independentes: 3
Troca de informação de 4 individuos a cada 241 gerações
Número de threads: 1

Largura da faixa = 8
Melhor altura = 30

Lower Bound 1 = 28
Lower Bound 2 = 11
Avaliação = 1.07143

Tempo de execução: 60.0076s

---------------------------

Tamanho da população: 475
Fração elite: 0.2121
Fração mutante: 0.0442
Probabilidade herdar alelo elite: 0.6514
Número de populações independentes: 3
Troca de informação de 4 individuos a cada 241 gerações
Número de threads: 1

Largura da faixa = 8
Melhor altura = 29

Lower Bound 1 = 28
Lower Bound 2 = 11
Avaliação = 1.03571

Tempo de execução: 60.0014s

---------------------------

Tamanho da população: 475
Fração elite: 0.2121
Fração mutante: 0.0442
Probabilidade herdar alelo elite: 0.6514
Número de populações independentes: 3
Troca de informação de 4 individuos a cada 241 gerações
Número de threads: 1

Largura da faixa = 8
Melhor altura = 30

Lower Bound 1 = 28
Lower Bound 2 = 11
Avaliação = 1.07143

Tempo de execução: 60.004s

---------------------------

Tamanho da população: 475
Fração elite: 0.2121
Fração mutante: 0.0442
Probabilidade herdar alelo elite: 0.6514
Número de populações independentes: 3
Troca de informação de 4 individuos a cada 241 gerações
Número de threads: 1

Largura da faixa = 8
Melhor altura = 29

Lower Bound 1 = 28
Lower Bound 2 = 11
Avaliação = 1.03571

Tempo de execução: 60.008s

---------------------------

Tamanho da população: 475
Fração elite: 0.2121
Fração mutante: 0.0442
Probabilidade herdar alelo elite: 0.6514
Número de populações independentes: 3
Troca de informação de 4 individuos a cada 241 gerações
Número de threads: 1

Largura da faixa = 8
Melhor altura = 29

Lower Bound 1 = 28
Lower Bound 2 = 11
Avaliação = 1.03571

Tempo de execução: 60.0019s

---------------------------

Tamanho da população: 475
Fração elite: 0.2121
Fração mutante: 0.0442
Probabilidade herdar alelo elite: 0.6514
Número de populações independentes: 3
Troca de informação de 4 individuos a cada 241 gerações
Número de threads: 1

Largura da faixa = 8
Melhor altura = 29

Lower Bound 1 = 28
Lower Bound 2 = 11
Avaliação = 1.03571

Tempo de execução: 60.0024s

---------------------------

Tamanho da população: 475
Fração elite: 0.2121
Fração mutante: 0.0442
Probabilidade herdar alelo elite: 0.6514
Número de populações independentes: 3
Troca de informação de 4 individuos a cada 241 gerações
Número de threads: 1

Largura da faixa = 8
Melhor altura = 29

Lower Bound 1 = 28
Lower Bound 2 = 11
Avaliação = 1.03571

Tempo de execução: 60.0067s

---------------------------

Tamanho da população: 475
Fração elite: 0.2121
Fração mutante: 0.0442
Probabilidade herdar alelo elite: 0.6514
Número de populações independentes: 3
Troca de informação de 4 individuos a cada 241 gerações
Número de threads: 1

Largura da faixa = 8
Melhor altura = 29

Lower Bound 1 = 28
Lower Bound 2 = 11
Avaliação = 1.03571

Tempo de execução: 60.0021s

---------------------------

Tamanho da população: 475
Fração elite: 0.2121
Fração mutante: 0.0442
Probabilidade herdar alelo elite: 0.6514
Número de populações independentes: 3
Troca de informação de 4 individuos a cada 241 gerações
Número de threads: 1

Largura da faixa = 8
Melhor altura = 30

Lower Bound 1 = 28
Lower Bound 2 = 11
Avaliação = 1.07143

Tempo de execução: 60.0019s

---------------------------

Tamanho da população: 475
Fração elite: 0.2121
Fração mutante: 0.0442
Probabilidade herdar alelo elite: 0.6514
Número de populações independentes: 3
Troca de informação de 4 individuos a cada 241 gerações
Número de threads: 1

Largura da faixa = 8
Melhor altura = 29

Lower Bound 1 = 28
Lower Bound 2 = 11
Avaliação = 1.03571

Tempo de execução: 60.0072s

---------------------------

Tamanho da população: 475
Fração elite: 0.2121
Fração mutante: 0.0442
Probabilidade herdar alelo elite: 0.6514
Número de populações independentes: 3
Troca de informação de 4 individuos a cada 241 gerações
Número de threads: 1

Largura da faixa = 8
Melhor altura = 30

Lower Bound 1 = 28
Lower Bound 2 = 11
Avaliação = 1.07143

Tempo de execução: 60.0006s

---------------------------

Tamanho da população: 475
Fração elite: 0.2121
Fração mutante: 0.0442
Probabilidade herdar alelo elite: 0.6514
Número de populações independentes: 3
Troca de informação de 4 individuos a cada 241 gerações
Número de threads: 1

Largura da faixa = 8
Melhor altura = 29

Lower Bound 1 = 28
Lower Bound 2 = 11
Avaliação = 1.03571

Tempo de execução: 60.0038s

---------------------------

Tamanho da população: 475
Fração elite: 0.2121
Fração mutante: 0.0442
Probabilidade herdar alelo elite: 0.6514
Número de populações independentes: 3
Troca de informação de 4 individuos a cada 241 gerações
Número de threads: 1

Largura da faixa = 8
Melhor altura = 30

Lower Bound 1 = 28
Lower Bound 2 = 11
Avaliação = 1.07143

Tempo de execução: 60.008s

---------------------------

Tamanho da população: 475
Fração elite: 0.2121
Fração mutante: 0.0442
Probabilidade herdar alelo elite: 0.6514
Número de populações independentes: 3
Troca de informação de 4 individuos a cada 241 gerações
Número de threads: 1

Largura da faixa = 8
Melhor altura = 29

Lower Bound 1 = 28
Lower Bound 2 = 11
Avaliação = 1.03571

Tempo de execução: 60.0036s

---------------------------

Tamanho da população: 475
Fração elite: 0.2121
Fração mutante: 0.0442
Probabilidade herdar alelo elite: 0.6514
Número de populações independentes: 3
Troca de informação de 4 individuos a cada 241 gerações
Número de threads: 1

Largura da faixa = 8
Melhor altura = 29

Lower Bound 1 = 28
Lower Bound 2 = 11
Avaliação = 1.03571

Tempo de execução: 60.0056s

---------------------------

Tamanho da população: 475
Fração elite: 0.2121
Fração mutante: 0.0442
Probabilidade herdar alelo elite: 0.6514
Número de populações independentes: 3
Troca de informação de 4 individuos a cada 241 gerações
Número de threads: 1

Largura da faixa = 8
Melhor altura = 29

Lower Bound 1 = 28
Lower Bound 2 = 11
Avaliação = 1.03571

Tempo de execução: 60.0071s

---------------------------

Tamanho da população: 475
Fração elite: 0.2121
Fração mutante: 0.0442
Probabilidade herdar alelo elite: 0.6514
Número de populações independentes: 3
Troca de informação de 4 individuos a cada 241 gerações
Número de threads: 1

Largura da faixa = 8
Melhor altura = 29

Lower Bound 1 = 28
Lower Bound 2 = 11
Avaliação = 1.03571

Tempo de execução: 60.0002s

---------------------------

Tamanho da população: 475
Fração elite: 0.2121
Fração mutante: 0.0442
Probabilidade herdar alelo elite: 0.6514
Número de populações independentes: 3
Troca de informação de 4 individuos a cada 241 gerações
Número de threads: 1

Largura da faixa = 8
Melhor altura = 29

Lower Bound 1 = 28
Lower Bound 2 = 11
Avaliação = 1.03571

Tempo de execução: 60.0024s
