Número de cromossomos: 300
Tamanho da população: 500
Fração elite: 0.2
Fração mutante: 0.1
Probabilidade herdar alelo elite: 0.7
Número de populações independentes: 3
Número de threads: 1
Melhor até agora: 1329 Geração: 0
Largura da faixa = 70
Melhor altura = 1329

Lower Bound 1 = 150
Lower Bound 2 = 123
Avaliação = 8.86
Tempo de execução: 45567ms

---------------------------

Número de cromossomos: 300
Tamanho da população: 1000
Fração elite: 0.2
Fração mutante: 0.1
Probabilidade herdar alelo elite: 0.7
Número de populações independentes: 5
Número de threads: 2
Melhor até agora: 1329 Geração: 0
Largura da faixa = 70
Melhor altura = 1329

Lower Bound 1 = 150
Lower Bound 2 = 123
Avaliação = 8.86
Tempo de execução: 73052ms

---------------------------

Número de cromossomos: 300
Tamanho da população: 1000
Fração elite: 0.3
Fração mutante: 0.4
Probabilidade herdar alelo elite: 0.8
Número de populações independentes: 3
Número de threads: 2
Melhor até agora: 1329 Geração: 0
Largura da faixa = 70
Melhor altura = 1329

Lower Bound 1 = 150
Lower Bound 2 = 123
Avaliação = 8.86
Tempo de execução: 41161ms

---------------------------

Número de cromossomos: 300
Tamanho da população: 1500
Fração elite: 0.3
Fração mutante: 0.7
Probabilidade herdar alelo elite: 0.7
Número de populações independentes: 6
Número de threads: 14
Trocar os melhores indivíduos a cada 1000 gerações
Número máximo de gerações: 100

Melhor até agora: 316 Geração: 0
Melhor até agora: 313 Geração: 18
Largura da faixa = 70
Melhor altura = 313

Lower Bound 1 = 150
Lower Bound 2 = 123
Avaliação = 2.08667

Tempo de execução: 153836ms

---------------------------

Número de cromossomos: 300
Tamanho da população: 50
Fração elite: 0.3
Fração mutante: 0.7
Probabilidade herdar alelo elite: 0.6
Número de populações independentes: 4
Número de threads: 1
Trocar os melhores indivíduos a cada 600 gerações
Número máximo de gerações: 100

Número de swaps entre camadas = 5
Largura da faixa = 70
Melhor altura = 215

Lower Bound 1 = 150
Lower Bound 2 = 123
Avaliação = 1.43333

Tempo de execução: 68s

---------------------------

Número de cromossomos: 300
Tamanho da população: 60
Fração elite: 0.3
Fração mutante: 0.7
Probabilidade herdar alelo elite: 0.6
Número de populações independentes: 2
Número de threads: 1
Trocar os melhores indivíduos a cada 100 gerações
Número máximo de gerações: 100

Número de swaps entre camadas = 5
Largura da faixa = 70
Melhor altura = 222

Lower Bound 1 = 150
Lower Bound 2 = 123
Avaliação = 1.48

Tempo de execução: 54s

---------------------------

Número de cromossomos: 300
Tamanho da população: 60
Fração elite: 0.3
Fração mutante: 0.7
Probabilidade herdar alelo elite: 0.6
Número de populações independentes: 2
Número de threads: 14
Trocar os melhores indivíduos a cada 100 gerações
Número máximo de gerações: 100

Número de cromossomos: 300
Tamanho da população: 60
Fração elite: 0.3
Fração mutante: 0.7
Probabilidade herdar alelo elite: 0.6
Número de populações independentes: 2
Número de threads: 14
Trocar os melhores indivíduos a cada 100 gerações
Número máximo de gerações: 100

Tamanho da população: 200
Fração elite: 0.2
Fração mutante: 0.2
Probabilidade herdar alelo elite: 0.5
Número de populações independentes: 3
Número de threads: 14
Trocar os melhores indivíduos a cada 40 gerações
Número máximo de gerações: 60
Número máximo de iterações sem melhora: 50
Melhor até agora: 226 Geração: 17
Iteração: 0
Melhor até agora: 222 Geração: 33
Iteração: 0
Melhor até agora: 220 Geração: 42
Iteração: 0
Melhor até agora: 219 Geração: 58
Iteração: 0
Melhor até agora: 217 Geração: 23
Iteração: 1
Melhor até agora: 215 Geração: 12
Iteração: 2
Melhor até agora: 214 Geração: 15
Iteração: 2
Melhor até agora: 212 Geração: 17
Iteração: 2
Melhor até agora: 211 Geração: 19
Iteração: 2
Melhor até agora: 210 Geração: 30
Iteração: 2
Melhor até agora: 209 Geração: 32
Iteração: 2
Melhor até agora: 199 Geração: 17
Iteração: 4
Melhor até agora: 197 Geração: 28
Iteração: 4
Melhor até agora: 196 Geração: 40
Iteração: 4
Melhor até agora: 194 Geração: 42
Iteração: 4
Número de swaps entre camadas = 5
Largura da faixa = 70
Melhor altura = 194

Lower Bound 1 = 150
Lower Bound 2 = 123
Avaliação = 1.29333

Tempo de execução: 52s

---------------------------

Número de cromossomos: 300
Tamanho da população: 60
Fração elite: 0.3
Fração mutante: 0.7
Probabilidade herdar alelo elite: 0.6
Número de populações independentes: 2
Número de threads: 14
Trocar os melhores indivíduos a cada 100 gerações
Número máximo de gerações: 100

Número de cromossomos: 300
Tamanho da população: 60
Fração elite: 0.3
Fração mutante: 0.7
Probabilidade herdar alelo elite: 0.6
Número de populações independentes: 2
Número de threads: 14
Trocar os melhores indivíduos a cada 100 gerações
Número máximo de gerações: 100

Tamanho da população: 250
Fração elite: 0.15
Fração mutante: 0.2
Probabilidade herdar alelo elite: 0.55
Número de populações independentes: 3
Número de threads: 14
Trocar os melhores indivíduos a cada 40 gerações
Número máximo de gerações: 130
Número máximo de iterações sem melhora: 30
Melhor até agora: 224 Geração: 10
Iteração: 0
Melhor até agora: 221 Geração: 12
Iteração: 0
Melhor até agora: 220 Geração: 15
Iteração: 0
Melhor até agora: 219 Geração: 16
Iteração: 0
Melhor até agora: 218 Geração: 39
Iteração: 0
Melhor até agora: 216 Geração: 5
Iteração: 1
Melhor até agora: 215 Geração: 11
Iteração: 1
Melhor até agora: 214 Geração: 36
Iteração: 1
Melhor até agora: 213 Geração: 12
Iteração: 2
Melhor até agora: 212 Geração: 5
Iteração: 3
Melhor até agora: 209 Geração: 6
Iteração: 3
Melhor até agora: 208 Geração: 8
Iteração: 3
Melhor até agora: 207 Geração: 15
Iteração: 3
Melhor até agora: 206 Geração: 30
Iteração: 3
Melhor até agora: 205 Geração: 23
Iteração: 4
Melhor até agora: 201 Geração: 9
Iteração: 6
Melhor até agora: 197 Geração: 14
Iteração: 6
Melhor até agora: 196 Geração: 17
Iteração: 6
Melhor até agora: 193 Geração: 19
Iteração: 6
Melhor até agora: 192 Geração: 22
Iteração: 6
Melhor até agora: 191 Geração: 25
Iteração: 6
Melhor até agora: 190 Geração: 48
Iteração: 6
Melhor até agora: 189 Geração: 17
Iteração: 7
Melhor até agora: 188 Geração: 33
Iteração: 7
Número de swaps entre camadas = 10
Largura da faixa = 70
Melhor altura = 188

Lower Bound 1 = 150
Lower Bound 2 = 123
Avaliação = 1.25333

Tempo de execução: 83s

---------------------------

Número de cromossomos: 300
Tamanho da população: 60
Fração elite: 0.3
Fração mutante: 0.7
Probabilidade herdar alelo elite: 0.6
Número de populações independentes: 2
Número de threads: 14
Trocar os melhores indivíduos a cada 100 gerações
Número máximo de gerações: 100

Número de cromossomos: 300
Tamanho da população: 60
Fração elite: 0.3
Fração mutante: 0.7
Probabilidade herdar alelo elite: 0.6
Número de populações independentes: 2
Número de threads: 14
Trocar os melhores indivíduos a cada 100 gerações
Número máximo de gerações: 100

Tamanho da população: 250
Fração elite: 0.15
Fração mutante: 0.2
Probabilidade herdar alelo elite: 0.55
Número de populações independentes: 3
Número de threads: 14
Trocar os melhores indivíduos a cada 40 gerações
Número máximo de gerações: 130
Número máximo de iterações sem melhora: 30
Melhor até agora: 226 Geração: 8
Iteração: 0
Melhor até agora: 224 Geração: 9
Iteração: 0
Melhor até agora: 222 Geração: 17
Iteração: 0
Melhor até agora: 221 Geração: 19
Iteração: 0
Melhor até agora: 217 Geração: 25
Iteração: 0
Melhor até agora: 215 Geração: 0
Iteração: 1
Melhor até agora: 214 Geração: 16
Iteração: 1
Melhor até agora: 213 Geração: 15
Iteração: 2
Melhor até agora: 212 Geração: 26
Iteração: 2
Melhor até agora: 209 Geração: 1
Iteração: 3
Melhor até agora: 208 Geração: 5
Iteração: 3
Melhor até agora: 207 Geração: 6
Iteração: 3
Melhor até agora: 206 Geração: 10
Iteração: 3
Melhor até agora: 204 Geração: 12
Iteração: 3
Melhor até agora: 203 Geração: 23
Iteração: 5
Melhor até agora: 198 Geração: 15
Iteração: 6
Melhor até agora: 196 Geração: 18
Iteração: 6
Melhor até agora: 191 Geração: 21
Iteração: 6
Melhor até agora: 189 Geração: 24
Iteração: 6
Melhor até agora: 188 Geração: 28
Iteração: 6
Número de swaps entre camadas = 10
Largura da faixa = 70
Melhor altura = 188

Lower Bound 1 = 150
Lower Bound 2 = 123
Avaliação = 1.25333

Tempo de execução: 69s

---------------------------

Número de cromossomos: 300
Tamanho da população: 60
Fração elite: 0.3
Fração mutante: 0.7
Probabilidade herdar alelo elite: 0.6
Número de populações independentes: 2
Número de threads: 14
Trocar os melhores indivíduos a cada 100 gerações
Número máximo de gerações: 100

Número de cromossomos: 300
Tamanho da população: 60
Fração elite: 0.3
Fração mutante: 0.7
Probabilidade herdar alelo elite: 0.6
Número de populações independentes: 2
Número de threads: 14
Trocar os melhores indivíduos a cada 100 gerações
Número máximo de gerações: 100

Tamanho da população: 250
Fração elite: 0.15
Fração mutante: 0.2
Probabilidade herdar alelo elite: 0.55
Número de populações independentes: 3
Número de threads: 14
Trocar os melhores indivíduos a cada 40 gerações
Número máximo de gerações: 130
Número máximo de iterações sem melhora: 30
Melhor até agora: 225 Geração: 10
Iteração: 0
Melhor até agora: 224 Geração: 11
Iteração: 0
Melhor até agora: 221 Geração: 16
Iteração: 0
Melhor até agora: 220 Geração: 18
Iteração: 0
Melhor até agora: 219 Geração: 19
Iteração: 0
Melhor até agora: 218 Geração: 24
Iteração: 0
Melhor até agora: 217 Geração: 28
Iteração: 0
Melhor até agora: 216 Geração: 0
Iteração: 1
Melhor até agora: 215 Geração: 6
Iteração: 1
Melhor até agora: 214 Geração: 16
Iteração: 1
Melhor até agora: 213 Geração: 10
Iteração: 2
Melhor até agora: 210 Geração: 0
Iteração: 3
Melhor até agora: 209 Geração: 5
Iteração: 3
Melhor até agora: 207 Geração: 6
Iteração: 3
Melhor até agora: 206 Geração: 9
Iteração: 3
Melhor até agora: 205 Geração: 20
Iteração: 4
Melhor até agora: 201 Geração: 0
Iteração: 6
Melhor até agora: 200 Geração: 11
Iteração: 6
Melhor até agora: 193 Geração: 14
Iteração: 6
Melhor até agora: 192 Geração: 20
Iteração: 6
Melhor até agora: 191 Geração: 23
Iteração: 6
Melhor até agora: 190 Geração: 24
Iteração: 6
Número de swaps entre camadas = 10
Largura da faixa = 70
Melhor altura = 190

Lower Bound 1 = 150
Lower Bound 2 = 123
Avaliação = 1.26667

Tempo de execução: 67s

---------------------------

Número de cromossomos: 300
Tamanho da população: 60
Fração elite: 0.3
Fração mutante: 0.7
Probabilidade herdar alelo elite: 0.6
Número de populações independentes: 2
Número de threads: 14
Trocar os melhores indivíduos a cada 100 gerações
Número máximo de gerações: 100

Número de cromossomos: 300
Tamanho da população: 60
Fração elite: 0.3
Fração mutante: 0.7
Probabilidade herdar alelo elite: 0.6
Número de populações independentes: 2
Número de threads: 14
Trocar os melhores indivíduos a cada 100 gerações
Número máximo de gerações: 100

Tamanho da população: 250
Fração elite: 0.15
Fração mutante: 0.2
Probabilidade herdar alelo elite: 0.55
Número de populações independentes: 3
Número de threads: 14
Trocar os melhores indivíduos a cada 40 gerações
Número máximo de gerações: 130
Número máximo de iterações sem melhora: 30
Melhor até agora: 227 Geração: 7
Iteração: 0
Melhor até agora: 223 Geração: 8
Iteração: 0
Melhor até agora: 219 Geração: 12
Iteração: 0
Melhor até agora: 217 Geração: 16
Iteração: 0
Melhor até agora: 215 Geração: 7
Iteração: 1
Melhor até agora: 214 Geração: 24
Iteração: 1
Melhor até agora: 213 Geração: 17
Iteração: 2
Melhor até agora: 209 Geração: 2
Iteração: 3
Melhor até agora: 208 Geração: 7
Iteração: 3
Melhor até agora: 207 Geração: 9
Iteração: 3
Melhor até agora: 206 Geração: 12
Iteração: 3
Melhor até agora: 197 Geração: 0
Iteração: 6
Melhor até agora: 194 Geração: 5
Iteração: 6
Melhor até agora: 193 Geração: 11
Iteração: 6
Melhor até agora: 192 Geração: 12
Iteração: 6
Melhor até agora: 191 Geração: 22
Iteração: 6
Número de swaps entre camadas = 10
Largura da faixa = 70
Melhor altura = 191

Lower Bound 1 = 150
Lower Bound 2 = 123
Avaliação = 1.27333

Tempo de execução: 64s

---------------------------

Número de cromossomos: 300
Tamanho da população: 60
Fração elite: 0.3
Fração mutante: 0.7
Probabilidade herdar alelo elite: 0.6
Número de populações independentes: 2
Número de threads: 14
Trocar os melhores indivíduos a cada 100 gerações
Número máximo de gerações: 100

Número de cromossomos: 300
Tamanho da população: 60
Fração elite: 0.3
Fração mutante: 0.7
Probabilidade herdar alelo elite: 0.6
Número de populações independentes: 2
Número de threads: 14
Trocar os melhores indivíduos a cada 100 gerações
Número máximo de gerações: 100

Tamanho da população: 250
Fração elite: 0.15
Fração mutante: 0.2
Probabilidade herdar alelo elite: 0.55
Número de populações independentes: 3
Número de threads: 14
Trocar os melhores indivíduos a cada 40 gerações
Número máximo de gerações: 130
Número máximo de iterações sem melhora: 30
Melhor até agora: 221 Geração: 6
Iteração: 0
Melhor até agora: 220 Geração: 14
Iteração: 0
Melhor até agora: 219 Geração: 18
Iteração: 0
Melhor até agora: 217 Geração: 11
Iteração: 1
Melhor até agora: 216 Geração: 25
Iteração: 1
Melhor até agora: 215 Geração: 17
Iteração: 2
Melhor até agora: 212 Geração: 0
Iteração: 3
Melhor até agora: 210 Geração: 3
Iteração: 3
Melhor até agora: 209 Geração: 7
Iteração: 3
Melhor até agora: 208 Geração: 10
Iteração: 3
Melhor até agora: 203 Geração: 10
Iteração: 6
Melhor até agora: 201 Geração: 13
Iteração: 6
Melhor até agora: 195 Geração: 15
Iteração: 6
Melhor até agora: 194 Geração: 16
Iteração: 6
Melhor até agora: 193 Geração: 23
Iteração: 6
Número de swaps entre camadas = 10
Largura da faixa = 70
Melhor altura = 193

Lower Bound 1 = 150
Lower Bound 2 = 123
Avaliação = 1.28667

Tempo de execução: 64s

---------------------------

Número de cromossomos: 300
Tamanho da população: 60
Fração elite: 0.3
Fração mutante: 0.7
Probabilidade herdar alelo elite: 0.6
Número de populações independentes: 2
Número de threads: 14
Trocar os melhores indivíduos a cada 100 gerações
Número máximo de gerações: 100

Número de cromossomos: 300
Tamanho da população: 60
Fração elite: 0.3
Fração mutante: 0.7
Probabilidade herdar alelo elite: 0.6
Número de populações independentes: 2
Número de threads: 14
Trocar os melhores indivíduos a cada 100 gerações
Número máximo de gerações: 100

Tamanho da população: 250
Fração elite: 0.15
Fração mutante: 0.2
Probabilidade herdar alelo elite: 0.55
Número de populações independentes: 3
Número de threads: 14
Trocar os melhores indivíduos a cada 40 gerações
Número máximo de gerações: 130
Número máximo de iterações sem melhora: 30
Melhor até agora: 226 Geração: 10
Iteração: 0
Melhor até agora: 225 Geração: 11
Iteração: 0
Melhor até agora: 220 Geração: 12
Iteração: 0
Melhor até agora: 218 Geração: 25
Iteração: 0
Melhor até agora: 217 Geração: 36
Iteração: 0
Melhor até agora: 215 Geração: 8
Iteração: 1
Melhor até agora: 214 Geração: 14
Iteração: 1
Melhor até agora: 213 Geração: 13
Iteração: 2
Melhor até agora: 212 Geração: 2
Iteração: 3
Melhor até agora: 209 Geração: 3
Iteração: 3
Melhor até agora: 208 Geração: 5
Iteração: 3
Melhor até agora: 205 Geração: 7
Iteração: 3
Melhor até agora: 204 Geração: 4
Iteração: 6
Melhor até agora: 194 Geração: 7
Iteração: 6
Melhor até agora: 193 Geração: 12
Iteração: 6
Melhor até agora: 192 Geração: 15
Iteração: 6
Melhor até agora: 191 Geração: 18
Iteração: 6
Melhor até agora: 190 Geração: 27
Iteração: 6
Número de swaps entre camadas = 10
Largura da faixa = 70
Melhor altura = 190

Lower Bound 1 = 150
Lower Bound 2 = 123
Avaliação = 1.26667

Tempo de execução: 65s

---------------------------

Número de cromossomos: 300
Tamanho da população: 60
Fração elite: 0.3
Fração mutante: 0.7
Probabilidade herdar alelo elite: 0.6
Número de populações independentes: 2
Número de threads: 14
Trocar os melhores indivíduos a cada 100 gerações
Número máximo de gerações: 100

Número de cromossomos: 300
Tamanho da população: 60
Fração elite: 0.3
Fração mutante: 0.7
Probabilidade herdar alelo elite: 0.6
Número de populações independentes: 2
Número de threads: 14
Trocar os melhores indivíduos a cada 100 gerações
Número máximo de gerações: 100

Tamanho da população: 250
Fração elite: 0.15
Fração mutante: 0.2
Probabilidade herdar alelo elite: 0.55
Número de populações independentes: 3
Número de threads: 14
Trocar os melhores indivíduos a cada 40 gerações
Número máximo de gerações: 130
Número máximo de iterações sem melhora: 30
Melhor até agora: 221 Geração: 9
Iteração: 0
Melhor até agora: 220 Geração: 15
Iteração: 0
Melhor até agora: 218 Geração: 16
Iteração: 0
Melhor até agora: 217 Geração: 28
Iteração: 0
Melhor até agora: 215 Geração: 7
Iteração: 1
Melhor até agora: 214 Geração: 26
Iteração: 1
Melhor até agora: 213 Geração: 18
Iteração: 2
Melhor até agora: 208 Geração: 0
Iteração: 3
Melhor até agora: 206 Geração: 10
Iteração: 3
Melhor até agora: 205 Geração: 12
Iteração: 4
Melhor até agora: 199 Geração: 6
Iteração: 6
Melhor até agora: 194 Geração: 11
Iteração: 6
Melhor até agora: 193 Geração: 14
Iteração: 6
Melhor até agora: 191 Geração: 16
Iteração: 6
Melhor até agora: 190 Geração: 18
Iteração: 6
Número de swaps entre camadas = 10
Largura da faixa = 70
Melhor altura = 190

Lower Bound 1 = 150
Lower Bound 2 = 123
Avaliação = 1.26667

Tempo de execução: 67s

---------------------------

Número de cromossomos: 300
Tamanho da população: 60
Fração elite: 0.3
Fração mutante: 0.7
Probabilidade herdar alelo elite: 0.6
Número de populações independentes: 2
Número de threads: 14
Trocar os melhores indivíduos a cada 100 gerações
Número máximo de gerações: 100

Número de cromossomos: 300
Tamanho da população: 60
Fração elite: 0.3
Fração mutante: 0.7
Probabilidade herdar alelo elite: 0.6
Número de populações independentes: 2
Número de threads: 14
Trocar os melhores indivíduos a cada 100 gerações
Número máximo de gerações: 100

Tamanho da população: 250
Fração elite: 0.15
Fração mutante: 0.2
Probabilidade herdar alelo elite: 0.55
Número de populações independentes: 3
Número de threads: 14
Trocar os melhores indivíduos a cada 40 gerações
Número máximo de gerações: 130
Número máximo de iterações sem melhora: 30
Melhor até agora: 227 Geração: 11
Iteração: 0
Melhor até agora: 223 Geração: 12
Iteração: 0
Melhor até agora: 219 Geração: 13
Iteração: 0
Melhor até agora: 217 Geração: 22
Iteração: 0
Melhor até agora: 216 Geração: 8
Iteração: 1
Melhor até agora: 215 Geração: 10
Iteração: 1
Melhor até agora: 214 Geração: 26
Iteração: 1
Melhor até agora: 213 Geração: 13
Iteração: 2
Melhor até agora: 211 Geração: 5
Iteração: 3
Melhor até agora: 210 Geração: 7
Iteração: 3
Melhor até agora: 207 Geração: 8
Iteração: 3
Melhor até agora: 206 Geração: 11
Iteração: 3
Melhor até agora: 197 Geração: 12
Iteração: 6
Melhor até agora: 196 Geração: 13
Iteração: 6
Melhor até agora: 195 Geração: 22
Iteração: 6
Melhor até agora: 193 Geração: 23
Iteração: 6
Melhor até agora: 192 Geração: 32
Iteração: 6
Melhor até agora: 191 Geração: 48
Iteração: 6
Número de swaps entre camadas = 10
Largura da faixa = 70
Melhor altura = 191

Lower Bound 1 = 150
Lower Bound 2 = 123
Avaliação = 1.27333

Tempo de execução: 66s

---------------------------

Número de cromossomos: 300
Tamanho da população: 60
Fração elite: 0.3
Fração mutante: 0.7
Probabilidade herdar alelo elite: 0.6
Número de populações independentes: 2
Número de threads: 14
Trocar os melhores indivíduos a cada 100 gerações
Número máximo de gerações: 100

Número de cromossomos: 300
Tamanho da população: 60
Fração elite: 0.3
Fração mutante: 0.7
Probabilidade herdar alelo elite: 0.6
Número de populações independentes: 2
Número de threads: 14
Trocar os melhores indivíduos a cada 100 gerações
Número máximo de gerações: 100

Tamanho da população: 250
Fração elite: 0.15
Fração mutante: 0.2
Probabilidade herdar alelo elite: 0.55
Número de populações independentes: 3
Número de threads: 14
Trocar os melhores indivíduos a cada 40 gerações
Número máximo de gerações: 130
Número máximo de iterações sem melhora: 30
Melhor até agora: 225 Geração: 10
Iteração: 0
Melhor até agora: 223 Geração: 14
Iteração: 0
Melhor até agora: 221 Geração: 17
Iteração: 0
Melhor até agora: 220 Geração: 22
Iteração: 0
Melhor até agora: 219 Geração: 29
Iteração: 0
Melhor até agora: 217 Geração: 0
Iteração: 1
Melhor até agora: 216 Geração: 21
Iteração: 1
Melhor até agora: 215 Geração: 15
Iteração: 2
Melhor até agora: 210 Geração: 6
Iteração: 3
Melhor até agora: 209 Geração: 10
Iteração: 3
Melhor até agora: 208 Geração: 16
Iteração: 3
Melhor até agora: 204 Geração: 0
Iteração: 6
Melhor até agora: 197 Geração: 4
Iteração: 6
Melhor até agora: 196 Geração: 10
Iteração: 6
Melhor até agora: 195 Geração: 14
Iteração: 6
Melhor até agora: 194 Geração: 21
Iteração: 6
Melhor até agora: 193 Geração: 0
Iteração: 8
Número de swaps entre camadas = 10
Largura da faixa = 70
Melhor altura = 193

Lower Bound 1 = 150
Lower Bound 2 = 123
Avaliação = 1.28667

Tempo de execução: 65s

---------------------------

Número de cromossomos: 300
Tamanho da população: 60
Fração elite: 0.3
Fração mutante: 0.7
Probabilidade herdar alelo elite: 0.6
Número de populações independentes: 2
Número de threads: 14
Trocar os melhores indivíduos a cada 100 gerações
Número máximo de gerações: 100

Número de cromossomos: 300
Tamanho da população: 60
Fração elite: 0.3
Fração mutante: 0.7
Probabilidade herdar alelo elite: 0.6
Número de populações independentes: 2
Número de threads: 14
Trocar os melhores indivíduos a cada 100 gerações
Número máximo de gerações: 100

Tamanho da população: 250
Fração elite: 0.15
Fração mutante: 0.2
Probabilidade herdar alelo elite: 0.55
Número de populações independentes: 3
Número de threads: 14
Trocar os melhores indivíduos a cada 40 gerações
Número máximo de gerações: 130
Número máximo de iterações sem melhora: 30
Melhor até agora: 224 Geração: 10
Iteração: 0
Melhor até agora: 223 Geração: 11
Iteração: 0
Melhor até agora: 221 Geração: 12
Iteração: 0
Melhor até agora: 220 Geração: 15
Iteração: 0
Melhor até agora: 217 Geração: 17
Iteração: 0
Melhor até agora: 216 Geração: 8
Iteração: 1
Melhor até agora: 215 Geração: 12
Iteração: 1
Melhor até agora: 214 Geração: 13
Iteração: 2
Melhor até agora: 210 Geração: 0
Iteração: 3
Melhor até agora: 208 Geração: 5
Iteração: 3
Melhor até agora: 207 Geração: 14
Iteração: 3
Melhor até agora: 204 Geração: 10
Iteração: 6
Melhor até agora: 203 Geração: 11
Iteração: 6
Melhor até agora: 199 Geração: 14
Iteração: 6
Melhor até agora: 196 Geração: 16
Iteração: 6
Melhor até agora: 195 Geração: 18
Iteração: 6
Melhor até agora: 194 Geração: 20
Iteração: 6
Melhor até agora: 193 Geração: 24
Iteração: 6
Número de swaps entre camadas = 10
Largura da faixa = 70
Melhor altura = 193

Lower Bound 1 = 150
Lower Bound 2 = 123
Avaliação = 1.28667

Tempo de execução: 62s

---------------------------

Número de cromossomos: 300
Tamanho da população: 60
Fração elite: 0.3
Fração mutante: 0.7
Probabilidade herdar alelo elite: 0.6
Número de populações independentes: 2
Número de threads: 14
Trocar os melhores indivíduos a cada 100 gerações
Número máximo de gerações: 100

Número de cromossomos: 300
Tamanho da população: 60
Fração elite: 0.3
Fração mutante: 0.7
Probabilidade herdar alelo elite: 0.6
Número de populações independentes: 2
Número de threads: 14
Trocar os melhores indivíduos a cada 100 gerações
Número máximo de gerações: 100

Tamanho da população: 250
Fração elite: 0.15
Fração mutante: 0.2
Probabilidade herdar alelo elite: 0.55
Número de populações independentes: 3
Número de threads: 14
Trocar os melhores indivíduos a cada 40 gerações
Número máximo de gerações: 130
Número máximo de iterações sem melhora: 30
Melhor até agora: 223 Geração: 4
Iteração: 0
Melhor até agora: 221 Geração: 12
Iteração: 0
Melhor até agora: 220 Geração: 16
Iteração: 0
Melhor até agora: 219 Geração: 17
Iteração: 0
Melhor até agora: 218 Geração: 27
Iteração: 0
Melhor até agora: 217 Geração: 52
Iteração: 0
Melhor até agora: 215 Geração: 5
Iteração: 1
Melhor até agora: 214 Geração: 9
Iteração: 2
Melhor até agora: 211 Geração: 3
Iteração: 3
Melhor até agora: 210 Geração: 5
Iteração: 3
Melhor até agora: 208 Geração: 8
Iteração: 3
Melhor até agora: 207 Geração: 15
Iteração: 3
Melhor até agora: 198 Geração: 11
Iteração: 6
Melhor até agora: 196 Geração: 14
Iteração: 6
Melhor até agora: 194 Geração: 17
Iteração: 6
Melhor até agora: 193 Geração: 19
Iteração: 6
Melhor até agora: 192 Geração: 27
Iteração: 6
Número de swaps entre camadas = 10
Largura da faixa = 70
Melhor altura = 192

Lower Bound 1 = 150
Lower Bound 2 = 123
Avaliação = 1.28

Tempo de execução: 67s

---------------------------

Número de cromossomos: 300
Tamanho da população: 60
Fração elite: 0.3
Fração mutante: 0.7
Probabilidade herdar alelo elite: 0.6
Número de populações independentes: 2
Número de threads: 14
Trocar os melhores indivíduos a cada 100 gerações
Número máximo de gerações: 100

Número de cromossomos: 300
Tamanho da população: 60
Fração elite: 0.3
Fração mutante: 0.7
Probabilidade herdar alelo elite: 0.6
Número de populações independentes: 2
Número de threads: 14
Trocar os melhores indivíduos a cada 100 gerações
Número máximo de gerações: 100

Tamanho da população: 250
Fração elite: 0.15
Fração mutante: 0.2
Probabilidade herdar alelo elite: 0.55
Número de populações independentes: 3
Número de threads: 14
Trocar os melhores indivíduos a cada 40 gerações
Número máximo de gerações: 130
Número máximo de iterações sem melhora: 30
Melhor até agora: 226 Geração: 10
Iteração: 0
Melhor até agora: 224 Geração: 13
Iteração: 0
Melhor até agora: 222 Geração: 14
Iteração: 0
Melhor até agora: 220 Geração: 15
Iteração: 0
Melhor até agora: 219 Geração: 26
Iteração: 0
Melhor até agora: 218 Geração: 30
Iteração: 0
Melhor até agora: 217 Geração: 47
Iteração: 0
Melhor até agora: 215 Geração: 0
Iteração: 1
Melhor até agora: 214 Geração: 21
Iteração: 1
Melhor até agora: 213 Geração: 14
Iteração: 2
Melhor até agora: 208 Geração: 0
Iteração: 3
Melhor até agora: 207 Geração: 11
Iteração: 3
Melhor até agora: 206 Geração: 19
Iteração: 3
Melhor até agora: 205 Geração: 31
Iteração: 3
Melhor até agora: 196 Geração: 0
Iteração: 6
Melhor até agora: 191 Geração: 6
Iteração: 6
Número de swaps entre camadas = 10
Largura da faixa = 70
Melhor altura = 191

Lower Bound 1 = 150
Lower Bound 2 = 123
Avaliação = 1.27333

Tempo de execução: 67s

---------------------------

Número de cromossomos: 300
Tamanho da população: 60
Fração elite: 0.3
Fração mutante: 0.7
Probabilidade herdar alelo elite: 0.6
Número de populações independentes: 2
Número de threads: 14
Trocar os melhores indivíduos a cada 100 gerações
Número máximo de gerações: 100

Número de cromossomos: 300
Tamanho da população: 60
Fração elite: 0.3
Fração mutante: 0.7
Probabilidade herdar alelo elite: 0.6
Número de populações independentes: 2
Número de threads: 14
Trocar os melhores indivíduos a cada 100 gerações
Número máximo de gerações: 100

Tamanho da população: 250
Fração elite: 0.15
Fração mutante: 0.2
Probabilidade herdar alelo elite: 0.55
Número de populações independentes: 3
Número de threads: 14
Trocar os melhores indivíduos a cada 40 gerações
Número máximo de gerações: 130
Número máximo de iterações sem melhora: 30
Melhor até agora: 221 Geração: 6
Iteração: 0
Melhor até agora: 219 Geração: 15
Iteração: 0
Melhor até agora: 217 Geração: 29
Iteração: 0
Melhor até agora: 216 Geração: 9
Iteração: 1
Melhor até agora: 215 Geração: 10
Iteração: 1
Melhor até agora: 214 Geração: 16
Iteração: 1
Melhor até agora: 213 Geração: 17
Iteração: 2
Melhor até agora: 210 Geração: 4
Iteração: 3
Melhor até agora: 208 Geração: 5
Iteração: 3
Melhor até agora: 206 Geração: 9
Iteração: 3
Melhor até agora: 205 Geração: 18
Iteração: 3
Melhor até agora: 203 Geração: 0
Iteração: 6
Melhor até agora: 198 Geração: 6
Iteração: 6
Melhor até agora: 196 Geração: 8
Iteração: 6
Melhor até agora: 195 Geração: 9
Iteração: 6
Melhor até agora: 194 Geração: 12
Iteração: 6
Melhor até agora: 192 Geração: 16
Iteração: 6
Melhor até agora: 191 Geração: 21
Iteração: 6
Melhor até agora: 190 Geração: 32
Iteração: 6
Número de swaps entre camadas = 10
Largura da faixa = 70
Melhor altura = 190

Lower Bound 1 = 150
Lower Bound 2 = 123
Avaliação = 1.26667

Tempo de execução: 68s

---------------------------

Número de cromossomos: 300
Tamanho da população: 60
Fração elite: 0.3
Fração mutante: 0.7
Probabilidade herdar alelo elite: 0.6
Número de populações independentes: 2
Número de threads: 14
Trocar os melhores indivíduos a cada 100 gerações
Número máximo de gerações: 100

Número de cromossomos: 300
Tamanho da população: 60
Fração elite: 0.3
Fração mutante: 0.7
Probabilidade herdar alelo elite: 0.6
Número de populações independentes: 2
Número de threads: 14
Trocar os melhores indivíduos a cada 100 gerações
Número máximo de gerações: 100

Tamanho da população: 250
Fração elite: 0.15
Fração mutante: 0.2
Probabilidade herdar alelo elite: 0.55
Número de populações independentes: 3
Número de threads: 14
Trocar os melhores indivíduos a cada 40 gerações
Número máximo de gerações: 130
Número máximo de iterações sem melhora: 30
Melhor até agora: 222 Geração: 8
Iteração: 0
Melhor até agora: 221 Geração: 12
Iteração: 0
Melhor até agora: 219 Geração: 13
Iteração: 0
Melhor até agora: 217 Geração: 43
Iteração: 0
Melhor até agora: 216 Geração: 5
Iteração: 1
Melhor até agora: 215 Geração: 8
Iteração: 1
Melhor até agora: 214 Geração: 12
Iteração: 1
Melhor até agora: 213 Geração: 13
Iteração: 2
Melhor até agora: 210 Geração: 0
Iteração: 3
Melhor até agora: 208 Geração: 4
Iteração: 3
Melhor até agora: 207 Geração: 6
Iteração: 3
Melhor até agora: 206 Geração: 12
Iteração: 3
Melhor até agora: 205 Geração: 34
Iteração: 3
Melhor até agora: 196 Geração: 9
Iteração: 6
Melhor até agora: 195 Geração: 10
Iteração: 6
Melhor até agora: 192 Geração: 13
Iteração: 6
Melhor até agora: 191 Geração: 16
Iteração: 6
Melhor até agora: 190 Geração: 21
Iteração: 6
Número de swaps entre camadas = 10
Largura da faixa = 70
Melhor altura = 190

Lower Bound 1 = 150
Lower Bound 2 = 123
Avaliação = 1.26667

Tempo de execução: 69s

---------------------------

Número de cromossomos: 300
Tamanho da população: 60
Fração elite: 0.3
Fração mutante: 0.7
Probabilidade herdar alelo elite: 0.6
Número de populações independentes: 2
Número de threads: 14
Trocar os melhores indivíduos a cada 100 gerações
Número máximo de gerações: 100

Número de cromossomos: 300
Tamanho da população: 60
Fração elite: 0.3
Fração mutante: 0.7
Probabilidade herdar alelo elite: 0.6
Número de populações independentes: 2
Número de threads: 14
Trocar os melhores indivíduos a cada 100 gerações
Número máximo de gerações: 100

Tamanho da população: 250
Fração elite: 0.15
Fração mutante: 0.2
Probabilidade herdar alelo elite: 0.55
Número de populações independentes: 3
Número de threads: 14
Trocar os melhores indivíduos a cada 40 gerações
Número máximo de gerações: 130
Número máximo de iterações sem melhora: 30
Melhor até agora: 227 Geração: 10
Iteração: 0
Melhor até agora: 222 Geração: 11
Iteração: 0
Melhor até agora: 221 Geração: 13
Iteração: 0
Melhor até agora: 219 Geração: 16
Iteração: 0
Melhor até agora: 218 Geração: 20
Iteração: 0
Melhor até agora: 217 Geração: 21
Iteração: 0
Melhor até agora: 215 Geração: 6
Iteração: 1
Melhor até agora: 214 Geração: 10
Iteração: 1
Melhor até agora: 213 Geração: 20
Iteração: 2
Melhor até agora: 210 Geração: 0
Iteração: 3
Melhor até agora: 208 Geração: 5
Iteração: 3
Melhor até agora: 207 Geração: 10
Iteração: 3
Melhor até agora: 206 Geração: 17
Iteração: 3
Melhor até agora: 202 Geração: 5
Iteração: 6
Melhor até agora: 197 Geração: 8
Iteração: 6
Melhor até agora: 194 Geração: 9
Iteração: 6
Melhor até agora: 193 Geração: 12
Iteração: 6
Melhor até agora: 192 Geração: 17
Iteração: 6
Melhor até agora: 191 Geração: 34
Iteração: 6
Número de swaps entre camadas = 10
Largura da faixa = 70
Melhor altura = 191

Lower Bound 1 = 150
Lower Bound 2 = 123
Avaliação = 1.27333

Tempo de execução: 65s

---------------------------

Número de cromossomos: 300
Tamanho da população: 60
Fração elite: 0.3
Fração mutante: 0.7
Probabilidade herdar alelo elite: 0.6
Número de populações independentes: 2
Número de threads: 14
Trocar os melhores indivíduos a cada 100 gerações
Número máximo de gerações: 100

Número de cromossomos: 300
Tamanho da população: 60
Fração elite: 0.3
Fração mutante: 0.7
Probabilidade herdar alelo elite: 0.6
Número de populações independentes: 2
Número de threads: 14
Trocar os melhores indivíduos a cada 100 gerações
Número máximo de gerações: 100

Tamanho da população: 250
Fração elite: 0.15
Fração mutante: 0.2
Probabilidade herdar alelo elite: 0.55
Número de populações independentes: 3
Número de threads: 14
Trocar os melhores indivíduos a cada 40 gerações
Número máximo de gerações: 130
Número máximo de iterações sem melhora: 30
Melhor até agora: 227 Geração: 8
Iteração: 0
Melhor até agora: 221 Geração: 10
Iteração: 0
Melhor até agora: 220 Geração: 14
Iteração: 0
Melhor até agora: 219 Geração: 15
Iteração: 0
Melhor até agora: 218 Geração: 21
Iteração: 0
Melhor até agora: 216 Geração: 7
Iteração: 1
Melhor até agora: 215 Geração: 11
Iteração: 1
Melhor até agora: 214 Geração: 30
Iteração: 1
Melhor até agora: 213 Geração: 17
Iteração: 2
Melhor até agora: 210 Geração: 4
Iteração: 3
Melhor até agora: 208 Geração: 5
Iteração: 3
Melhor até agora: 207 Geração: 8
Iteração: 3
Melhor até agora: 206 Geração: 11
Iteração: 3
Melhor até agora: 194 Geração: 5
Iteração: 6
Melhor até agora: 193 Geração: 11
Iteração: 6
Melhor até agora: 192 Geração: 15
Iteração: 6
Melhor até agora: 191 Geração: 16
Iteração: 6
Número de swaps entre camadas = 10
Largura da faixa = 70
Melhor altura = 191

Lower Bound 1 = 150
Lower Bound 2 = 123
Avaliação = 1.27333

Tempo de execução: 64s

---------------------------

Número de cromossomos: 300
Tamanho da população: 60
Fração elite: 0.3
Fração mutante: 0.7
Probabilidade herdar alelo elite: 0.6
Número de populações independentes: 2
Número de threads: 14
Trocar os melhores indivíduos a cada 100 gerações
Número máximo de gerações: 100

Número de cromossomos: 300
Tamanho da população: 60
Fração elite: 0.3
Fração mutante: 0.7
Probabilidade herdar alelo elite: 0.6
Número de populações independentes: 2
Número de threads: 14
Trocar os melhores indivíduos a cada 100 gerações
Número máximo de gerações: 100

Tamanho da população: 250
Fração elite: 0.15
Fração mutante: 0.2
Probabilidade herdar alelo elite: 0.55
Número de populações independentes: 3
Número de threads: 14
Trocar os melhores indivíduos a cada 40 gerações
Número máximo de gerações: 130
Número máximo de iterações sem melhora: 30
Melhor até agora: 226 Geração: 10
Iteração: 0
Melhor até agora: 221 Geração: 13
Iteração: 0
Melhor até agora: 220 Geração: 18
Iteração: 0
Melhor até agora: 219 Geração: 19
Iteração: 0
Melhor até agora: 218 Geração: 27
Iteração: 0
Melhor até agora: 216 Geração: 0
Iteração: 1
Melhor até agora: 215 Geração: 12
Iteração: 1
Melhor até agora: 214 Geração: 21
Iteração: 1
Melhor até agora: 213 Geração: 12
Iteração: 2
Melhor até agora: 208 Geração: 0
Iteração: 3
Melhor até agora: 207 Geração: 10
Iteração: 3
Melhor até agora: 206 Geração: 15
Iteração: 3
Melhor até agora: 205 Geração: 12
Iteração: 4
Melhor até agora: 203 Geração: 7
Iteração: 6
Melhor até agora: 195 Geração: 10
Iteração: 6
Melhor até agora: 194 Geração: 15
Iteração: 6
Melhor até agora: 193 Geração: 16
Iteração: 6
Melhor até agora: 191 Geração: 17
Iteração: 6
Melhor até agora: 190 Geração: 37
Iteração: 6
Número de swaps entre camadas = 10
Largura da faixa = 70
Melhor altura = 190

Lower Bound 1 = 150
Lower Bound 2 = 123
Avaliação = 1.26667

Tempo de execução: 70s

---------------------------

Número de cromossomos: 300
Tamanho da população: 60
Fração elite: 0.3
Fração mutante: 0.7
Probabilidade herdar alelo elite: 0.6
Número de populações independentes: 2
Número de threads: 14
Trocar os melhores indivíduos a cada 100 gerações
Número máximo de gerações: 100

Número de cromossomos: 300
Tamanho da população: 60
Fração elite: 0.3
Fração mutante: 0.7
Probabilidade herdar alelo elite: 0.6
Número de populações independentes: 2
Número de threads: 14
Trocar os melhores indivíduos a cada 100 gerações
Número máximo de gerações: 100

Tamanho da população: 250
Fração elite: 0.15
Fração mutante: 0.2
Probabilidade herdar alelo elite: 0.55
Número de populações independentes: 3
Número de threads: 14
Trocar os melhores indivíduos a cada 40 gerações
Número máximo de gerações: 130
Número máximo de iterações sem melhora: 30
Melhor até agora: 227 Geração: 10
Iteração: 0
Melhor até agora: 221 Geração: 14
Iteração: 0
Melhor até agora: 219 Geração: 18
Iteração: 0
Melhor até agora: 217 Geração: 10
Iteração: 1
Melhor até agora: 216 Geração: 26
Iteração: 1
Melhor até agora: 215 Geração: 17
Iteração: 2
Melhor até agora: 212 Geração: 3
Iteração: 3
Melhor até agora: 211 Geração: 4
Iteração: 3
Melhor até agora: 209 Geração: 7
Iteração: 3
Melhor até agora: 208 Geração: 17
Iteração: 3
Melhor até agora: 202 Geração: 8
Iteração: 6
Melhor até agora: 199 Geração: 9
Iteração: 6
Melhor até agora: 198 Geração: 11
Iteração: 6
Melhor até agora: 196 Geração: 12
Iteração: 6
Melhor até agora: 195 Geração: 18
Iteração: 6
Melhor até agora: 194 Geração: 22
Iteração: 6
Melhor até agora: 193 Geração: 32
Iteração: 6
Número de swaps entre camadas = 10
Largura da faixa = 70
Melhor altura = 193

Lower Bound 1 = 150
Lower Bound 2 = 123
Avaliação = 1.28667

Tempo de execução: 66s

---------------------------

Número de cromossomos: 300
Tamanho da população: 60
Fração elite: 0.3
Fração mutante: 0.7
Probabilidade herdar alelo elite: 0.6
Número de populações independentes: 2
Número de threads: 14
Trocar os melhores indivíduos a cada 100 gerações
Número máximo de gerações: 100

Número de cromossomos: 300
Tamanho da população: 60
Fração elite: 0.3
Fração mutante: 0.7
Probabilidade herdar alelo elite: 0.6
Número de populações independentes: 2
Número de threads: 14
Trocar os melhores indivíduos a cada 100 gerações
Número máximo de gerações: 100

Tamanho da população: 250
Fração elite: 0.15
Fração mutante: 0.2
Probabilidade herdar alelo elite: 0.55
Número de populações independentes: 3
Número de threads: 14
Trocar os melhores indivíduos a cada 40 gerações
Número máximo de gerações: 130
Número máximo de iterações sem melhora: 30
Melhor até agora: 221 Geração: 0
Iteração: 0
Melhor até agora: 220 Geração: 13
Iteração: 0
Melhor até agora: 218 Geração: 20
Iteração: 0
Melhor até agora: 217 Geração: 50
Iteração: 0
Melhor até agora: 215 Geração: 7
Iteração: 1
Melhor até agora: 214 Geração: 18
Iteração: 1
Melhor até agora: 213 Geração: 15
Iteração: 2
Melhor até agora: 209 Geração: 3
Iteração: 3
Melhor até agora: 207 Geração: 7
Iteração: 3
Melhor até agora: 206 Geração: 10
Iteração: 3
Melhor até agora: 204 Geração: 5
Iteração: 6
Melhor até agora: 199 Geração: 8
Iteração: 6
Melhor até agora: 195 Geração: 12
Iteração: 6
Melhor até agora: 194 Geração: 19
Iteração: 6
Melhor até agora: 192 Geração: 20
Iteração: 6
Melhor até agora: 191 Geração: 24
Iteração: 6
Número de swaps entre camadas = 10
Largura da faixa = 70
Melhor altura = 191

Lower Bound 1 = 150
Lower Bound 2 = 123
Avaliação = 1.27333

Tempo de execução: 68s

---------------------------

Número de cromossomos: 300
Tamanho da população: 60
Fração elite: 0.3
Fração mutante: 0.7
Probabilidade herdar alelo elite: 0.6
Número de populações independentes: 2
Número de threads: 14
Trocar os melhores indivíduos a cada 100 gerações
Número máximo de gerações: 100

Número de cromossomos: 300
Tamanho da população: 60
Fração elite: 0.3
Fração mutante: 0.7
Probabilidade herdar alelo elite: 0.6
Número de populações independentes: 2
Número de threads: 14
Trocar os melhores indivíduos a cada 100 gerações
Número máximo de gerações: 100

Tamanho da população: 250
Fração elite: 0.15
Fração mutante: 0.2
Probabilidade herdar alelo elite: 0.55
Número de populações independentes: 3
Número de threads: 14
Trocar os melhores indivíduos a cada 40 gerações
Número máximo de gerações: 130
Número máximo de iterações sem melhora: 30
Melhor até agora: 226 Geração: 8
Iteração: 0
Melhor até agora: 220 Geração: 10
Iteração: 0
Melhor até agora: 219 Geração: 13
Iteração: 0
Melhor até agora: 217 Geração: 17
Iteração: 0
Melhor até agora: 215 Geração: 0
Iteração: 1
Melhor até agora: 214 Geração: 15
Iteração: 1
Melhor até agora: 213 Geração: 18
Iteração: 2
Melhor até agora: 209 Geração: 0
Iteração: 3
Melhor até agora: 206 Geração: 6
Iteração: 3
Melhor até agora: 204 Geração: 9
Iteração: 6
Melhor até agora: 198 Geração: 10
Iteração: 6
Melhor até agora: 195 Geração: 12
Iteração: 6
Melhor até agora: 194 Geração: 15
Iteração: 6
Melhor até agora: 192 Geração: 16
Iteração: 6
Melhor até agora: 191 Geração: 18
Iteração: 6
Número de swaps entre camadas = 10
Largura da faixa = 70
Melhor altura = 191

Lower Bound 1 = 150
Lower Bound 2 = 123
Avaliação = 1.27333

Tempo de execução: 61s

---------------------------

Número de cromossomos: 300
Tamanho da população: 60
Fração elite: 0.3
Fração mutante: 0.7
Probabilidade herdar alelo elite: 0.6
Número de populações independentes: 2
Número de threads: 14
Trocar os melhores indivíduos a cada 100 gerações
Número máximo de gerações: 100

Número de cromossomos: 300
Tamanho da população: 60
Fração elite: 0.3
Fração mutante: 0.7
Probabilidade herdar alelo elite: 0.6
Número de populações independentes: 2
Número de threads: 14
Trocar os melhores indivíduos a cada 100 gerações
Número máximo de gerações: 100

Tamanho da população: 250
Fração elite: 0.15
Fração mutante: 0.2
Probabilidade herdar alelo elite: 0.55
Número de populações independentes: 3
Número de threads: 14
Trocar os melhores indivíduos a cada 40 gerações
Número máximo de gerações: 130
Número máximo de iterações sem melhora: 50
Melhor até agora: 221 Geração: 0
Iteração: 0
Melhor até agora: 219 Geração: 16
Iteração: 0
Melhor até agora: 218 Geração: 58
Iteração: 0
Melhor até agora: 216 Geração: 11
Iteração: 1
Melhor até agora: 215 Geração: 17
Iteração: 1
Melhor até agora: 214 Geração: 20
Iteração: 1
Melhor até agora: 213 Geração: 22
Iteração: 1
Melhor até agora: 212 Geração: 0
Iteração: 2
Melhor até agora: 209 Geração: 9
Iteração: 2
Melhor até agora: 208 Geração: 11
Iteração: 2
Melhor até agora: 207 Geração: 17
Iteração: 2
Melhor até agora: 206 Geração: 20
Iteração: 2
Melhor até agora: 205 Geração: 22
Iteração: 2
Melhor até agora: 204 Geração: 50
Iteração: 2
Melhor até agora: 203 Geração: 11
Iteração: 4
Melhor até agora: 201 Geração: 17
Iteração: 4
Melhor até agora: 194 Geração: 20
Iteração: 4
Melhor até agora: 189 Geração: 22
Iteração: 4
Número de swaps entre camadas = 0
Largura da faixa = 70
Melhor altura = 189

Lower Bound 1 = 150
Lower Bound 2 = 123
Avaliação = 1.26

Tempo de execução: 71s

---------------------------

Número de cromossomos: 300
Tamanho da população: 60
Fração elite: 0.3
Fração mutante: 0.7
Probabilidade herdar alelo elite: 0.6
Número de populações independentes: 2
Número de threads: 14
Trocar os melhores indivíduos a cada 100 gerações
Número máximo de gerações: 100

Número de cromossomos: 300
Tamanho da população: 60
Fração elite: 0.3
Fração mutante: 0.7
Probabilidade herdar alelo elite: 0.6
Número de populações independentes: 2
Número de threads: 14
Trocar os melhores indivíduos a cada 100 gerações
Número máximo de gerações: 100

Tamanho da população: 250
Fração elite: 0.15
Fração mutante: 0.2
Probabilidade herdar alelo elite: 0.55
Número de populações independentes: 3
Número de threads: 14
Trocar os melhores indivíduos a cada 40 gerações
Número máximo de gerações: 130
Número máximo de iterações sem melhora: 50
Melhor até agora: 227 Geração: 11
Iteração: 0
Melhor até agora: 226 Geração: 13
Iteração: 0
Melhor até agora: 225 Geração: 15
Iteração: 0
Melhor até agora: 221 Geração: 21
Iteração: 0
Melhor até agora: 220 Geração: 10
Iteração: 1
Melhor até agora: 219 Geração: 12
Iteração: 1
Melhor até agora: 217 Geração: 14
Iteração: 1
Melhor até agora: 216 Geração: 16
Iteração: 1
Melhor até agora: 212 Geração: 0
Iteração: 2
Melhor até agora: 211 Geração: 12
Iteração: 2
Melhor até agora: 210 Geração: 15
Iteração: 2
Melhor até agora: 209 Geração: 22
Iteração: 2
Melhor até agora: 208 Geração: 38
Iteração: 2
Melhor até agora: 207 Geração: 0
Iteração: 4
Melhor até agora: 206 Geração: 9
Iteração: 4
Melhor até agora: 200 Geração: 10
Iteração: 4
Melhor até agora: 193 Geração: 11
Iteração: 4
Número de swaps entre camadas = 0
Largura da faixa = 70
Melhor altura = 193

Lower Bound 1 = 150
Lower Bound 2 = 123
Avaliação = 1.28667

Tempo de execução: 61s

---------------------------

Número de cromossomos: 300
Tamanho da população: 60
Fração elite: 0.3
Fração mutante: 0.7
Probabilidade herdar alelo elite: 0.6
Número de populações independentes: 2
Número de threads: 14
Trocar os melhores indivíduos a cada 100 gerações
Número máximo de gerações: 100

Número de cromossomos: 300
Tamanho da população: 60
Fração elite: 0.3
Fração mutante: 0.7
Probabilidade herdar alelo elite: 0.6
Número de populações independentes: 2
Número de threads: 14
Trocar os melhores indivíduos a cada 100 gerações
Número máximo de gerações: 100

Tamanho da população: 250
Fração elite: 0.15
Fração mutante: 0.2
Probabilidade herdar alelo elite: 0.55
Número de populações independentes: 3
Número de threads: 14
Trocar os melhores indivíduos a cada 40 gerações
Número máximo de gerações: 130
Número máximo de iterações sem melhora: 50
Melhor até agora: 227 Geração: 9
Iteração: 0
Melhor até agora: 226 Geração: 10
Iteração: 0
Melhor até agora: 225 Geração: 11
Iteração: 0
Melhor até agora: 218 Geração: 14
Iteração: 0
Melhor até agora: 217 Geração: 27
Iteração: 0
Melhor até agora: 215 Geração: 11
Iteração: 1
Melhor até agora: 212 Geração: 20
Iteração: 1
Melhor até agora: 206 Geração: 7
Iteração: 2
Melhor até agora: 205 Geração: 17
Iteração: 2
Melhor até agora: 204 Geração: 23
Iteração: 2
Melhor até agora: 200 Geração: 9
Iteração: 4
Melhor até agora: 194 Geração: 14
Iteração: 4
Melhor até agora: 191 Geração: 16
Iteração: 4
Melhor até agora: 190 Geração: 21
Iteração: 4
Melhor até agora: 189 Geração: 28
Iteração: 4
Número de swaps entre camadas = 0
Largura da faixa = 70
Melhor altura = 189

Lower Bound 1 = 150
Lower Bound 2 = 123
Avaliação = 1.26

Tempo de execução: 64s

---------------------------

Número de cromossomos: 300
Tamanho da população: 60
Fração elite: 0.3
Fração mutante: 0.7
Probabilidade herdar alelo elite: 0.6
Número de populações independentes: 2
Número de threads: 14
Trocar os melhores indivíduos a cada 100 gerações
Número máximo de gerações: 100

Número de cromossomos: 300
Tamanho da população: 60
Fração elite: 0.3
Fração mutante: 0.7
Probabilidade herdar alelo elite: 0.6
Número de populações independentes: 2
Número de threads: 14
Trocar os melhores indivíduos a cada 100 gerações
Número máximo de gerações: 100

Tamanho da população: 250
Fração elite: 0.15
Fração mutante: 0.2
Probabilidade herdar alelo elite: 0.55
Número de populações independentes: 3
Número de threads: 14
Trocar os melhores indivíduos a cada 40 gerações
Número máximo de gerações: 130
Número máximo de iterações sem melhora: 50
Melhor até agora: 221 Geração: 12
Iteração: 0
Melhor até agora: 219 Geração: 27
Iteração: 0
Melhor até agora: 217 Geração: 13
Iteração: 1
Melhor até agora: 216 Geração: 49
Iteração: 1
Melhor até agora: 212 Geração: 0
Iteração: 2
Melhor até agora: 211 Geração: 7
Iteração: 2
Melhor até agora: 209 Geração: 13
Iteração: 2
Melhor até agora: 208 Geração: 18
Iteração: 2
Melhor até agora: 207 Geração: 19
Iteração: 2
Melhor até agora: 206 Geração: 0
Iteração: 4
Melhor até agora: 195 Geração: 8
Iteração: 4
Melhor até agora: 194 Geração: 20
Iteração: 4
Melhor até agora: 193 Geração: 22
Iteração: 4
Melhor até agora: 192 Geração: 25
Iteração: 4
Número de swaps entre camadas = 0
Largura da faixa = 70
Melhor altura = 192

Lower Bound 1 = 150
Lower Bound 2 = 123
Avaliação = 1.28

Tempo de execução: 66s

---------------------------

Número de cromossomos: 300
Tamanho da população: 60
Fração elite: 0.3
Fração mutante: 0.7
Probabilidade herdar alelo elite: 0.6
Número de populações independentes: 2
Número de threads: 14
Trocar os melhores indivíduos a cada 100 gerações
Número máximo de gerações: 100

Número de cromossomos: 300
Tamanho da população: 60
Fração elite: 0.3
Fração mutante: 0.7
Probabilidade herdar alelo elite: 0.6
Número de populações independentes: 2
Número de threads: 14
Trocar os melhores indivíduos a cada 100 gerações
Número máximo de gerações: 100

Tamanho da população: 250
Fração elite: 0.15
Fração mutante: 0.2
Probabilidade herdar alelo elite: 0.55
Número de populações independentes: 3
Número de threads: 14
Trocar os melhores indivíduos a cada 40 gerações
Número máximo de gerações: 130
Número máximo de iterações sem melhora: 50
Melhor até agora: 226 Geração: 13
Iteração: 0
Melhor até agora: 221 Geração: 15
Iteração: 0
Melhor até agora: 219 Geração: 10
Iteração: 1
Melhor até agora: 218 Geração: 23
Iteração: 1
Melhor até agora: 217 Geração: 35
Iteração: 1
Melhor até agora: 216 Geração: 45
Iteração: 1
Melhor até agora: 211 Geração: 9
Iteração: 2
Melhor até agora: 210 Geração: 10
Iteração: 2
Melhor até agora: 209 Geração: 21
Iteração: 2
Melhor até agora: 208 Geração: 25
Iteração: 2
Melhor até agora: 200 Geração: 8
Iteração: 4
Melhor até agora: 197 Geração: 13
Iteração: 4
Melhor até agora: 196 Geração: 16
Iteração: 4
Melhor até agora: 195 Geração: 18
Iteração: 4
Melhor até agora: 194 Geração: 19
Iteração: 4
Melhor até agora: 193 Geração: 30
Iteração: 4
Número de swaps entre camadas = 0
Largura da faixa = 70
Melhor altura = 193

Lower Bound 1 = 150
Lower Bound 2 = 123
Avaliação = 1.28667

Tempo de execução: 66s

---------------------------

Número de cromossomos: 300
Tamanho da população: 60
Fração elite: 0.3
Fração mutante: 0.7
Probabilidade herdar alelo elite: 0.6
Número de populações independentes: 2
Número de threads: 14
Trocar os melhores indivíduos a cada 100 gerações
Número máximo de gerações: 100

Número de cromossomos: 300
Tamanho da população: 60
Fração elite: 0.3
Fração mutante: 0.7
Probabilidade herdar alelo elite: 0.6
Número de populações independentes: 2
Número de threads: 14
Trocar os melhores indivíduos a cada 100 gerações
Número máximo de gerações: 100

Tamanho da população: 250
Fração elite: 0.15
Fração mutante: 0.2
Probabilidade herdar alelo elite: 0.55
Número de populações independentes: 3
Número de threads: 14
Trocar os melhores indivíduos a cada 40 gerações
Número máximo de gerações: 130
Número máximo de iterações sem melhora: 50
Melhor até agora: 227 Geração: 8
Iteração: 0
Melhor até agora: 221 Geração: 13
Iteração: 0
Melhor até agora: 217 Geração: 16
Iteração: 0
Melhor até agora: 215 Geração: 11
Iteração: 1
Melhor até agora: 210 Geração: 0
Iteração: 2
Melhor até agora: 209 Geração: 13
Iteração: 2
Melhor até agora: 208 Geração: 19
Iteração: 2
Melhor até agora: 207 Geração: 58
Iteração: 2
Melhor até agora: 206 Geração: 35
Iteração: 3
Melhor até agora: 196 Geração: 8
Iteração: 4
Melhor até agora: 193 Geração: 11
Iteração: 4
Melhor até agora: 192 Geração: 17
Iteração: 4
Melhor até agora: 191 Geração: 23
Iteração: 4
Número de swaps entre camadas = 0
Largura da faixa = 70
Melhor altura = 191

Lower Bound 1 = 150
Lower Bound 2 = 123
Avaliação = 1.27333

Tempo de execução: 70s

---------------------------

Número de cromossomos: 300
Tamanho da população: 60
Fração elite: 0.3
Fração mutante: 0.7
Probabilidade herdar alelo elite: 0.6
Número de populações independentes: 2
Número de threads: 14
Trocar os melhores indivíduos a cada 100 gerações
Número máximo de gerações: 100

Número de cromossomos: 300
Tamanho da população: 60
Fração elite: 0.3
Fração mutante: 0.7
Probabilidade herdar alelo elite: 0.6
Número de populações independentes: 2
Número de threads: 14
Trocar os melhores indivíduos a cada 100 gerações
Número máximo de gerações: 100

Tamanho da população: 250
Fração elite: 0.15
Fração mutante: 0.2
Probabilidade herdar alelo elite: 0.55
Número de populações independentes: 3
Número de threads: 14
Trocar os melhores indivíduos a cada 40 gerações
Número máximo de gerações: 130
Número máximo de iterações sem melhora: 50
Melhor até agora: 225 Geração: 0
Iteração: 0
Melhor até agora: 224 Geração: 12
Iteração: 0
Melhor até agora: 223 Geração: 17
Iteração: 0
Melhor até agora: 221 Geração: 22
Iteração: 0
Melhor até agora: 220 Geração: 43
Iteração: 0
Melhor até agora: 218 Geração: 11
Iteração: 1
Melhor até agora: 215 Geração: 13
Iteração: 1
Melhor até agora: 211 Geração: 8
Iteração: 2
Melhor até agora: 209 Geração: 12
Iteração: 2
Melhor até agora: 208 Geração: 15
Iteração: 2
Melhor até agora: 207 Geração: 27
Iteração: 2
Melhor até agora: 203 Geração: 13
Iteração: 4
Melhor até agora: 198 Geração: 14
Iteração: 4
Melhor até agora: 197 Geração: 15
Iteração: 4
Melhor até agora: 195 Geração: 16
Iteração: 4
Melhor até agora: 194 Geração: 19
Iteração: 4
Melhor até agora: 192 Geração: 21
Iteração: 4
Número de swaps entre camadas = 0
Largura da faixa = 70
Melhor altura = 192

Lower Bound 1 = 150
Lower Bound 2 = 123
Avaliação = 1.28

Tempo de execução: 65s

---------------------------

Número de cromossomos: 300
Tamanho da população: 60
Fração elite: 0.3
Fração mutante: 0.7
Probabilidade herdar alelo elite: 0.6
Número de populações independentes: 2
Número de threads: 14
Trocar os melhores indivíduos a cada 100 gerações
Número máximo de gerações: 100

Número de cromossomos: 300
Tamanho da população: 60
Fração elite: 0.3
Fração mutante: 0.7
Probabilidade herdar alelo elite: 0.6
Número de populações independentes: 2
Número de threads: 14
Trocar os melhores indivíduos a cada 100 gerações
Número máximo de gerações: 100

Tamanho da população: 250
Fração elite: 0.15
Fração mutante: 0.2
Probabilidade herdar alelo elite: 0.55
Número de populações independentes: 3
Número de threads: 14
Trocar os melhores indivíduos a cada 40 gerações
Número máximo de gerações: 130
Número máximo de iterações sem melhora: 50
Melhor até agora: 227 Geração: 14
Iteração: 0
Melhor até agora: 225 Geração: 16
Iteração: 0
Melhor até agora: 223 Geração: 21
Iteração: 0
Melhor até agora: 219 Geração: 24
Iteração: 0
Melhor até agora: 217 Geração: 13
Iteração: 1
Melhor até agora: 214 Geração: 8
Iteração: 2
Melhor até agora: 211 Geração: 13
Iteração: 2
Melhor até agora: 210 Geração: 17
Iteração: 2
Melhor até agora: 209 Geração: 37
Iteração: 2
Melhor até agora: 199 Geração: 12
Iteração: 4
Melhor até agora: 196 Geração: 16
Iteração: 4
Melhor até agora: 195 Geração: 20
Iteração: 4
Melhor até agora: 194 Geração: 23
Iteração: 4
Número de swaps entre camadas = 0
Largura da faixa = 70
Melhor altura = 194

Lower Bound 1 = 150
Lower Bound 2 = 123
Avaliação = 1.29333

Tempo de execução: 64s

---------------------------

Número de cromossomos: 300
Tamanho da população: 60
Fração elite: 0.3
Fração mutante: 0.7
Probabilidade herdar alelo elite: 0.6
Número de populações independentes: 2
Número de threads: 14
Trocar os melhores indivíduos a cada 100 gerações
Número máximo de gerações: 100

Número de cromossomos: 300
Tamanho da população: 60
Fração elite: 0.3
Fração mutante: 0.7
Probabilidade herdar alelo elite: 0.6
Número de populações independentes: 2
Número de threads: 14
Trocar os melhores indivíduos a cada 100 gerações
Número máximo de gerações: 100

Tamanho da população: 250
Fração elite: 0.15
Fração mutante: 0.2
Probabilidade herdar alelo elite: 0.55
Número de populações independentes: 3
Número de threads: 14
Trocar os melhores indivíduos a cada 40 gerações
Número máximo de gerações: 130
Número máximo de iterações sem melhora: 50
Melhor até agora: 226 Geração: 13
Iteração: 0
Melhor até agora: 225 Geração: 18
Iteração: 0
Melhor até agora: 223 Geração: 20
Iteração: 0
Melhor até agora: 222 Geração: 24
Iteração: 0
Melhor até agora: 221 Geração: 25
Iteração: 0
Melhor até agora: 217 Geração: 32
Iteração: 0
Melhor até agora: 216 Geração: 53
Iteração: 0
Melhor até agora: 214 Geração: 5
Iteração: 1
Melhor até agora: 211 Geração: 22
Iteração: 1
Melhor até agora: 209 Geração: 8
Iteração: 2
Melhor até agora: 208 Geração: 9
Iteração: 2
Melhor até agora: 207 Geração: 11
Iteração: 2
Melhor até agora: 204 Geração: 12
Iteração: 2
Melhor até agora: 203 Geração: 27
Iteração: 2
Melhor até agora: 202 Geração: 5
Iteração: 4
Melhor até agora: 194 Geração: 7
Iteração: 4
Melhor até agora: 193 Geração: 9
Iteração: 4
Melhor até agora: 190 Geração: 15
Iteração: 4
Melhor até agora: 188 Geração: 24
Iteração: 4
Número de swaps entre camadas = 0
Largura da faixa = 70
Melhor altura = 188

Lower Bound 1 = 150
Lower Bound 2 = 123
Avaliação = 1.25333

Tempo de execução: 68s

---------------------------

Número de cromossomos: 300
Tamanho da população: 60
Fração elite: 0.3
Fração mutante: 0.7
Probabilidade herdar alelo elite: 0.6
Número de populações independentes: 2
Número de threads: 14
Trocar os melhores indivíduos a cada 100 gerações
Número máximo de gerações: 100

Número de cromossomos: 300
Tamanho da população: 60
Fração elite: 0.3
Fração mutante: 0.7
Probabilidade herdar alelo elite: 0.6
Número de populações independentes: 2
Número de threads: 14
Trocar os melhores indivíduos a cada 100 gerações
Número máximo de gerações: 100

Tamanho da população: 250
Fração elite: 0.15
Fração mutante: 0.2
Probabilidade herdar alelo elite: 0.55
Número de populações independentes: 3
Número de threads: 14
Trocar os melhores indivíduos a cada 40 gerações
Número máximo de gerações: 130
Número máximo de iterações sem melhora: 50
Melhor até agora: 227 Geração: 8
Iteração: 0
Melhor até agora: 226 Geração: 10
Iteração: 0
Melhor até agora: 224 Geração: 14
Iteração: 0
Melhor até agora: 223 Geração: 17
Iteração: 0
Melhor até agora: 222 Geração: 24
Iteração: 0
Melhor até agora: 221 Geração: 45
Iteração: 0
Melhor até agora: 220 Geração: 13
Iteração: 1
Melhor até agora: 219 Geração: 14
Iteração: 1
Melhor até agora: 218 Geração: 17
Iteração: 1
Melhor até agora: 216 Geração: 7
Iteração: 2
Melhor até agora: 211 Geração: 8
Iteração: 2
Melhor até agora: 210 Geração: 18
Iteração: 2
Melhor até agora: 208 Geração: 9
Iteração: 4
Melhor até agora: 196 Geração: 12
Iteração: 4
Melhor até agora: 195 Geração: 19
Iteração: 4
Número de swaps entre camadas = 0
Largura da faixa = 70
Melhor altura = 195

Lower Bound 1 = 150
Lower Bound 2 = 123
Avaliação = 1.3

Tempo de execução: 63s

---------------------------

Número de cromossomos: 300
Tamanho da população: 60
Fração elite: 0.3
Fração mutante: 0.7
Probabilidade herdar alelo elite: 0.6
Número de populações independentes: 2
Número de threads: 14
Trocar os melhores indivíduos a cada 100 gerações
Número máximo de gerações: 100

Número de cromossomos: 300
Tamanho da população: 60
Fração elite: 0.3
Fração mutante: 0.7
Probabilidade herdar alelo elite: 0.6
Número de populações independentes: 2
Número de threads: 14
Trocar os melhores indivíduos a cada 100 gerações
Número máximo de gerações: 100

Tamanho da população: 250
Fração elite: 0.15
Fração mutante: 0.2
Probabilidade herdar alelo elite: 0.55
Número de populações independentes: 3
Número de threads: 14
Trocar os melhores indivíduos a cada 40 gerações
Número máximo de gerações: 130
Número máximo de iterações sem melhora: 50
Melhor até agora: 226 Geração: 16
Iteração: 0
Melhor até agora: 224 Geração: 18
Iteração: 0
Melhor até agora: 222 Geração: 19
Iteração: 0
Melhor até agora: 220 Geração: 20
Iteração: 0
Melhor até agora: 219 Geração: 23
Iteração: 0
Melhor até agora: 217 Geração: 46
Iteração: 0
Melhor até agora: 215 Geração: 10
Iteração: 1
Melhor até agora: 214 Geração: 22
Iteração: 1
Melhor até agora: 212 Geração: 72
Iteração: 1
Melhor até agora: 209 Geração: 0
Iteração: 2
Melhor até agora: 208 Geração: 8
Iteração: 2
Melhor até agora: 204 Geração: 10
Iteração: 2
Melhor até agora: 195 Geração: 11
Iteração: 4
Melhor até agora: 193 Geração: 13
Iteração: 4
Melhor até agora: 192 Geração: 14
Iteração: 4
Melhor até agora: 190 Geração: 20
Iteração: 4
Melhor até agora: 189 Geração: 22
Iteração: 4
Número de swaps entre camadas = 0
Largura da faixa = 70
Melhor altura = 189

Lower Bound 1 = 150
Lower Bound 2 = 123
Avaliação = 1.26

Tempo de execução: 72s

---------------------------

Número de cromossomos: 300
Tamanho da população: 60
Fração elite: 0.3
Fração mutante: 0.7
Probabilidade herdar alelo elite: 0.6
Número de populações independentes: 2
Número de threads: 14
Trocar os melhores indivíduos a cada 100 gerações
Número máximo de gerações: 100

Número de cromossomos: 300
Tamanho da população: 60
Fração elite: 0.3
Fração mutante: 0.7
Probabilidade herdar alelo elite: 0.6
Número de populações independentes: 2
Número de threads: 14
Trocar os melhores indivíduos a cada 100 gerações
Número máximo de gerações: 100

Tamanho da população: 250
Fração elite: 0.15
Fração mutante: 0.2
Probabilidade herdar alelo elite: 0.55
Número de populações independentes: 3
Número de threads: 14
Trocar os melhores indivíduos a cada 40 gerações
Número máximo de gerações: 130
Número máximo de iterações sem melhora: 50
Melhor até agora: 224 Geração: 11
Iteração: 0
Melhor até agora: 223 Geração: 12
Iteração: 0
Melhor até agora: 222 Geração: 16
Iteração: 0
Melhor até agora: 219 Geração: 19
Iteração: 0
Melhor até agora: 217 Geração: 8
Iteração: 1
Melhor até agora: 214 Geração: 52
Iteração: 1
Melhor até agora: 209 Geração: 0
Iteração: 2
Melhor até agora: 207 Geração: 10
Iteração: 2
Melhor até agora: 206 Geração: 22
Iteração: 2
Melhor até agora: 202 Geração: 8
Iteração: 4
Melhor até agora: 200 Geração: 9
Iteração: 4
Melhor até agora: 192 Geração: 14
Iteração: 4
Melhor até agora: 191 Geração: 23
Iteração: 4
Número de swaps entre camadas = 0
Largura da faixa = 70
Melhor altura = 191

Lower Bound 1 = 150
Lower Bound 2 = 123
Avaliação = 1.27333

Tempo de execução: 66s

---------------------------

Número de cromossomos: 300
Tamanho da população: 60
Fração elite: 0.3
Fração mutante: 0.7
Probabilidade herdar alelo elite: 0.6
Número de populações independentes: 2
Número de threads: 14
Trocar os melhores indivíduos a cada 100 gerações
Número máximo de gerações: 100

Número de cromossomos: 300
Tamanho da população: 60
Fração elite: 0.3
Fração mutante: 0.7
Probabilidade herdar alelo elite: 0.6
Número de populações independentes: 2
Número de threads: 14
Trocar os melhores indivíduos a cada 100 gerações
Número máximo de gerações: 100

Tamanho da população: 250
Fração elite: 0.15
Fração mutante: 0.2
Probabilidade herdar alelo elite: 0.55
Número de populações independentes: 3
Número de threads: 14
Trocar os melhores indivíduos a cada 40 gerações
Número máximo de gerações: 130
Número máximo de iterações sem melhora: 50
Melhor até agora: 221 Geração: 7
Iteração: 0
Melhor até agora: 220 Geração: 18
Iteração: 0
Melhor até agora: 219 Geração: 47
Iteração: 0
Melhor até agora: 217 Geração: 74
Iteração: 0
Melhor até agora: 215 Geração: 9
Iteração: 1
Melhor até agora: 212 Geração: 15
Iteração: 1
Melhor até agora: 211 Geração: 8
Iteração: 2
Melhor até agora: 209 Geração: 10
Iteração: 2
Melhor até agora: 207 Geração: 11
Iteração: 2
Melhor até agora: 206 Geração: 14
Iteração: 2
Melhor até agora: 205 Geração: 17
Iteração: 2
Melhor até agora: 204 Geração: 29
Iteração: 2
Melhor até agora: 203 Geração: 77
Iteração: 2
Melhor até agora: 195 Geração: 9
Iteração: 4
Melhor até agora: 189 Geração: 11
Iteração: 4
Melhor até agora: 188 Geração: 33
Iteração: 4
Número de swaps entre camadas = 0
Largura da faixa = 70
Melhor altura = 188

Lower Bound 1 = 150
Lower Bound 2 = 123
Avaliação = 1.25333

Tempo de execução: 77s

---------------------------

Número de cromossomos: 300
Tamanho da população: 60
Fração elite: 0.3
Fração mutante: 0.7
Probabilidade herdar alelo elite: 0.6
Número de populações independentes: 2
Número de threads: 14
Trocar os melhores indivíduos a cada 100 gerações
Número máximo de gerações: 100

Número de cromossomos: 300
Tamanho da população: 60
Fração elite: 0.3
Fração mutante: 0.7
Probabilidade herdar alelo elite: 0.6
Número de populações independentes: 2
Número de threads: 14
Trocar os melhores indivíduos a cada 100 gerações
Número máximo de gerações: 100

Tamanho da população: 250
Fração elite: 0.15
Fração mutante: 0.2
Probabilidade herdar alelo elite: 0.55
Número de populações independentes: 3
Número de threads: 14
Trocar os melhores indivíduos a cada 40 gerações
Número máximo de gerações: 130
Número máximo de iterações sem melhora: 50
Melhor até agora: 223 Geração: 14
Iteração: 0
Melhor até agora: 222 Geração: 17
Iteração: 0
Melhor até agora: 221 Geração: 19
Iteração: 0
Melhor até agora: 219 Geração: 24
Iteração: 0
Melhor até agora: 217 Geração: 51
Iteração: 0
Melhor até agora: 215 Geração: 6
Iteração: 1
Melhor até agora: 212 Geração: 0
Iteração: 2
Melhor até agora: 208 Geração: 7
Iteração: 2
Melhor até agora: 207 Geração: 22
Iteração: 2
Melhor até agora: 205 Geração: 13
Iteração: 4
Melhor até agora: 201 Geração: 15
Iteração: 4
Melhor até agora: 195 Geração: 20
Iteração: 4
Melhor até agora: 194 Geração: 26
Iteração: 4
Melhor até agora: 193 Geração: 34
Iteração: 4
Número de swaps entre camadas = 0
Largura da faixa = 70
Melhor altura = 193

Lower Bound 1 = 150
Lower Bound 2 = 123
Avaliação = 1.28667

Tempo de execução: 66s

---------------------------

Número de cromossomos: 300
Tamanho da população: 60
Fração elite: 0.3
Fração mutante: 0.7
Probabilidade herdar alelo elite: 0.6
Número de populações independentes: 2
Número de threads: 14
Trocar os melhores indivíduos a cada 100 gerações
Número máximo de gerações: 100

Número de cromossomos: 300
Tamanho da população: 60
Fração elite: 0.3
Fração mutante: 0.7
Probabilidade herdar alelo elite: 0.6
Número de populações independentes: 2
Número de threads: 14
Trocar os melhores indivíduos a cada 100 gerações
Número máximo de gerações: 100

Tamanho da população: 250
Fração elite: 0.15
Fração mutante: 0.2
Probabilidade herdar alelo elite: 0.55
Número de populações independentes: 3
Número de threads: 14
Trocar os melhores indivíduos a cada 40 gerações
Número máximo de gerações: 130
Número máximo de iterações sem melhora: 50
Melhor até agora: 221 Geração: 11
Iteração: 0
Melhor até agora: 220 Geração: 16
Iteração: 0
Melhor até agora: 217 Geração: 41
Iteração: 0
Melhor até agora: 216 Geração: 8
Iteração: 1
Melhor até agora: 213 Geração: 11
Iteração: 1
Melhor até agora: 212 Geração: 17
Iteração: 1
Melhor até agora: 211 Geração: 0
Iteração: 2
Melhor até agora: 208 Geração: 8
Iteração: 2
Melhor até agora: 206 Geração: 9
Iteração: 2
Melhor até agora: 205 Geração: 13
Iteração: 2
Melhor até agora: 204 Geração: 25
Iteração: 2
Melhor até agora: 195 Geração: 9
Iteração: 4
Melhor até agora: 191 Geração: 12
Iteração: 4
Melhor até agora: 189 Geração: 21
Iteração: 4
Número de swaps entre camadas = 0
Largura da faixa = 70
Melhor altura = 189

Lower Bound 1 = 150
Lower Bound 2 = 123
Avaliação = 1.26

Tempo de execução: 65s

---------------------------

Número de cromossomos: 300
Tamanho da população: 60
Fração elite: 0.3
Fração mutante: 0.7
Probabilidade herdar alelo elite: 0.6
Número de populações independentes: 2
Número de threads: 14
Trocar os melhores indivíduos a cada 100 gerações
Número máximo de gerações: 100

Número de cromossomos: 300
Tamanho da população: 60
Fração elite: 0.3
Fração mutante: 0.7
Probabilidade herdar alelo elite: 0.6
Número de populações independentes: 2
Número de threads: 14
Trocar os melhores indivíduos a cada 100 gerações
Número máximo de gerações: 100

Tamanho da população: 250
Fração elite: 0.15
Fração mutante: 0.2
Probabilidade herdar alelo elite: 0.55
Número de populações independentes: 3
Número de threads: 14
Trocar os melhores indivíduos a cada 40 gerações
Número máximo de gerações: 130
Número máximo de iterações sem melhora: 50
Melhor até agora: 226 Geração: 9
Iteração: 0
Melhor até agora: 225 Geração: 17
Iteração: 0
Melhor até agora: 222 Geração: 19
Iteração: 0
Melhor até agora: 221 Geração: 20
Iteração: 0
Melhor até agora: 218 Geração: 26
Iteração: 0
Melhor até agora: 216 Geração: 11
Iteração: 1
Melhor até agora: 215 Geração: 16
Iteração: 1
Melhor até agora: 213 Geração: 19
Iteração: 1
Melhor até agora: 207 Geração: 0
Iteração: 2
Melhor até agora: 206 Geração: 14
Iteração: 2
Melhor até agora: 205 Geração: 22
Iteração: 2
Melhor até agora: 204 Geração: 42
Iteração: 3
Melhor até agora: 200 Geração: 9
Iteração: 4
Melhor até agora: 199 Geração: 13
Iteração: 4
Melhor até agora: 197 Geração: 15
Iteração: 4
Melhor até agora: 191 Geração: 16
Iteração: 4
Melhor até agora: 190 Geração: 21
Iteração: 4
Melhor até agora: 189 Geração: 53
Iteração: 4
Número de swaps entre camadas = 0
Largura da faixa = 70
Melhor altura = 189

Lower Bound 1 = 150
Lower Bound 2 = 123
Avaliação = 1.26

Tempo de execução: 73s

---------------------------

Número de cromossomos: 300
Tamanho da população: 60
Fração elite: 0.3
Fração mutante: 0.7
Probabilidade herdar alelo elite: 0.6
Número de populações independentes: 2
Número de threads: 14
Trocar os melhores indivíduos a cada 100 gerações
Número máximo de gerações: 100

Número de cromossomos: 300
Tamanho da população: 60
Fração elite: 0.3
Fração mutante: 0.7
Probabilidade herdar alelo elite: 0.6
Número de populações independentes: 2
Número de threads: 14
Trocar os melhores indivíduos a cada 100 gerações
Número máximo de gerações: 100

Tamanho da população: 250
Fração elite: 0.15
Fração mutante: 0.2
Probabilidade herdar alelo elite: 0.55
Número de populações independentes: 3
Número de threads: 14
Trocar os melhores indivíduos a cada 40 gerações
Número máximo de gerações: 130
Número máximo de iterações sem melhora: 50
Melhor até agora: 227 Geração: 13
Iteração: 0
Melhor até agora: 225 Geração: 14
Iteração: 0
Melhor até agora: 223 Geração: 17
Iteração: 0
Melhor até agora: 221 Geração: 0
Iteração: 1
Melhor até agora: 219 Geração: 21
Iteração: 1
Melhor até agora: 216 Geração: 10
Iteração: 2
Melhor até agora: 215 Geração: 13
Iteração: 2
Melhor até agora: 214 Geração: 16
Iteração: 2
Melhor até agora: 213 Geração: 17
Iteração: 2
Melhor até agora: 212 Geração: 22
Iteração: 2
Melhor até agora: 211 Geração: 41
Iteração: 2
Melhor até agora: 201 Geração: 12
Iteração: 4
Melhor até agora: 200 Geração: 14
Iteração: 4
Melhor até agora: 199 Geração: 21
Iteração: 4
Melhor até agora: 198 Geração: 25
Iteração: 4
Melhor até agora: 197 Geração: 27
Iteração: 4
Melhor até agora: 196 Geração: 66
Iteração: 4
Número de swaps entre camadas = 0
Largura da faixa = 70
Melhor altura = 196

Lower Bound 1 = 150
Lower Bound 2 = 123
Avaliação = 1.30667

Tempo de execução: 71s

---------------------------

Número de cromossomos: 300
Tamanho da população: 60
Fração elite: 0.3
Fração mutante: 0.7
Probabilidade herdar alelo elite: 0.6
Número de populações independentes: 2
Número de threads: 14
Trocar os melhores indivíduos a cada 100 gerações
Número máximo de gerações: 100

Número de cromossomos: 300
Tamanho da população: 60
Fração elite: 0.3
Fração mutante: 0.7
Probabilidade herdar alelo elite: 0.6
Número de populações independentes: 2
Número de threads: 14
Trocar os melhores indivíduos a cada 100 gerações
Número máximo de gerações: 100

Tamanho da população: 250
Fração elite: 0.15
Fração mutante: 0.2
Probabilidade herdar alelo elite: 0.55
Número de populações independentes: 3
Número de threads: 14
Trocar os melhores indivíduos a cada 40 gerações
Número máximo de gerações: 130
Número máximo de iterações sem melhora: 50
Melhor até agora: 225 Geração: 11
Iteração: 0
Melhor até agora: 224 Geração: 18
Iteração: 0
Melhor até agora: 221 Geração: 20
Iteração: 0
Melhor até agora: 218 Geração: 44
Iteração: 0
Melhor até agora: 216 Geração: 9
Iteração: 1
Melhor até agora: 209 Geração: 9
Iteração: 2
Melhor até agora: 208 Geração: 23
Iteração: 2
Melhor até agora: 200 Geração: 14
Iteração: 4
Melhor até agora: 199 Geração: 20
Iteração: 4
Melhor até agora: 197 Geração: 24
Iteração: 4
Melhor até agora: 196 Geração: 28
Iteração: 4
Melhor até agora: 195 Geração: 30
Iteração: 4
Melhor até agora: 194 Geração: 34
Iteração: 4
Melhor até agora: 193 Geração: 44
Iteração: 4
Número de swaps entre camadas = 0
Largura da faixa = 70
Melhor altura = 193

Lower Bound 1 = 150
Lower Bound 2 = 123
Avaliação = 1.28667

Tempo de execução: 67s

---------------------------

Número de cromossomos: 300
Tamanho da população: 60
Fração elite: 0.3
Fração mutante: 0.7
Probabilidade herdar alelo elite: 0.6
Número de populações independentes: 2
Número de threads: 14
Trocar os melhores indivíduos a cada 100 gerações
Número máximo de gerações: 100

Número de cromossomos: 300
Tamanho da população: 60
Fração elite: 0.3
Fração mutante: 0.7
Probabilidade herdar alelo elite: 0.6
Número de populações independentes: 2
Número de threads: 14
Trocar os melhores indivíduos a cada 100 gerações
Número máximo de gerações: 100

Tamanho da população: 250
Fração elite: 0.15
Fração mutante: 0.2
Probabilidade herdar alelo elite: 0.55
Número de populações independentes: 3
Número de threads: 14
Trocar os melhores indivíduos a cada 40 gerações
Número máximo de gerações: 130
Número máximo de iterações sem melhora: 50
Melhor até agora: 221 Geração: 13
Iteração: 0
Melhor até agora: 219 Geração: 18
Iteração: 0
Melhor até agora: 217 Geração: 10
Iteração: 1
Melhor até agora: 215 Geração: 16
Iteração: 1
Melhor até agora: 213 Geração: 6
Iteração: 2
Melhor até agora: 209 Geração: 8
Iteração: 2
Melhor até agora: 208 Geração: 11
Iteração: 2
Melhor até agora: 207 Geração: 37
Iteração: 2
Melhor até agora: 199 Geração: 13
Iteração: 4
Melhor até agora: 196 Geração: 16
Iteração: 4
Melhor até agora: 194 Geração: 17
Iteração: 4
Melhor até agora: 193 Geração: 31
Iteração: 4
Melhor até agora: 192 Geração: 32
Iteração: 4
Número de swaps entre camadas = 0
Largura da faixa = 70
Melhor altura = 192

Lower Bound 1 = 150
Lower Bound 2 = 123
Avaliação = 1.28

Tempo de execução: 65s

---------------------------

Número de cromossomos: 300
Tamanho da população: 60
Fração elite: 0.3
Fração mutante: 0.7
Probabilidade herdar alelo elite: 0.6
Número de populações independentes: 2
Número de threads: 14
Trocar os melhores indivíduos a cada 100 gerações
Número máximo de gerações: 100

Número de cromossomos: 300
Tamanho da população: 60
Fração elite: 0.3
Fração mutante: 0.7
Probabilidade herdar alelo elite: 0.6
Número de populações independentes: 2
Número de threads: 14
Trocar os melhores indivíduos a cada 100 gerações
Número máximo de gerações: 100

Tamanho da população: 250
Fração elite: 0.15
Fração mutante: 0.2
Probabilidade herdar alelo elite: 0.55
Número de populações independentes: 3
Número de threads: 14
Trocar os melhores indivíduos a cada 40 gerações
Número máximo de gerações: 130
Número máximo de iterações sem melhora: 50
Melhor até agora: 221 Geração: 14
Iteração: 0
Melhor até agora: 220 Geração: 25
Iteração: 0
Melhor até agora: 218 Geração: 42
Iteração: 0
Melhor até agora: 217 Geração: 61
Iteração: 0
Melhor até agora: 215 Geração: 0
Iteração: 1
Melhor até agora: 212 Geração: 13
Iteração: 1
Melhor até agora: 207 Geração: 7
Iteração: 2
Melhor até agora: 206 Geração: 14
Iteração: 2
Melhor até agora: 205 Geração: 16
Iteração: 2
Melhor até agora: 204 Geração: 19
Iteração: 2
Melhor até agora: 202 Geração: 9
Iteração: 4
Melhor até agora: 200 Geração: 11
Iteração: 4
Melhor até agora: 191 Geração: 12
Iteração: 4
Melhor até agora: 190 Geração: 20
Iteração: 4
Melhor até agora: 189 Geração: 42
Iteração: 4
Número de swaps entre camadas = 0
Largura da faixa = 70
Melhor altura = 189

Lower Bound 1 = 150
Lower Bound 2 = 123
Avaliação = 1.26

Tempo de execução: 69s

---------------------------

