Tamanho da população: 475
Fração elite: 0.2121
Fração mutante: 0.0442
Probabilidade herdar alelo elite: 0.6514
Número de populações independentes: 3
Troca de informação de 4 individuos a cada 241 gerações
Número de threads: 1

Largura da faixa = 40
Melhor altura = 60

Lower Bound 1 = 40
Lower Bound 2 = 60
Avaliação = 1

Tempo de execução: 60.0015s

---------------------------

Tamanho da população: 475
Fração elite: 0.2121
Fração mutante: 0.0442
Probabilidade herdar alelo elite: 0.6514
Número de populações independentes: 3
Troca de informação de 4 individuos a cada 241 gerações
Número de threads: 1

Largura da faixa = 40
Melhor altura = 60

Lower Bound 1 = 40
Lower Bound 2 = 60
Avaliação = 1

Tempo de execução: 60.0017s

---------------------------

Tamanho da população: 475
Fração elite: 0.2121
Fração mutante: 0.0442
Probabilidade herdar alelo elite: 0.6514
Número de populações independentes: 3
Troca de informação de 4 individuos a cada 241 gerações
Número de threads: 1

Largura da faixa = 40
Melhor altura = 60

Lower Bound 1 = 40
Lower Bound 2 = 60
Avaliação = 1

Tempo de execução: 60.0066s

---------------------------

Tamanho da população: 475
Fração elite: 0.2121
Fração mutante: 0.0442
Probabilidade herdar alelo elite: 0.6514
Número de populações independentes: 3
Troca de informação de 4 individuos a cada 241 gerações
Número de threads: 1

Largura da faixa = 40
Melhor altura = 60

Lower Bound 1 = 40
Lower Bound 2 = 60
Avaliação = 1

Tempo de execução: 60.0012s

---------------------------

Tamanho da população: 475
Fração elite: 0.2121
Fração mutante: 0.0442
Probabilidade herdar alelo elite: 0.6514
Número de populações independentes: 3
Troca de informação de 4 individuos a cada 241 gerações
Número de threads: 1

Largura da faixa = 40
Melhor altura = 60

Lower Bound 1 = 40
Lower Bound 2 = 60
Avaliação = 1

Tempo de execução: 60.0017s

---------------------------

Tamanho da população: 475
Fração elite: 0.2121
Fração mutante: 0.0442
Probabilidade herdar alelo elite: 0.6514
Número de populações independentes: 3
Troca de informação de 4 individuos a cada 241 gerações
Número de threads: 1

Largura da faixa = 40
Melhor altura = 60

Lower Bound 1 = 40
Lower Bound 2 = 60
Avaliação = 1

Tempo de execução: 60.0066s

---------------------------

Tamanho da população: 475
Fração elite: 0.2121
Fração mutante: 0.0442
Probabilidade herdar alelo elite: 0.6514
Número de populações independentes: 3
Troca de informação de 4 individuos a cada 241 gerações
Número de threads: 1

Largura da faixa = 40
Melhor altura = 60

Lower Bound 1 = 40
Lower Bound 2 = 60
Avaliação = 1

Tempo de execução: 60.0006s

---------------------------

Tamanho da população: 475
Fração elite: 0.2121
Fração mutante: 0.0442
Probabilidade herdar alelo elite: 0.6514
Número de populações independentes: 3
Troca de informação de 4 individuos a cada 241 gerações
Número de threads: 1

Largura da faixa = 40
Melhor altura = 60

Lower Bound 1 = 40
Lower Bound 2 = 60
Avaliação = 1

Tempo de execução: 60.0061s

---------------------------

Tamanho da população: 475
Fração elite: 0.2121
Fração mutante: 0.0442
Probabilidade herdar alelo elite: 0.6514
Número de populações independentes: 3
Troca de informação de 4 individuos a cada 241 gerações
Número de threads: 1

Largura da faixa = 40
Melhor altura = 60

Lower Bound 1 = 40
Lower Bound 2 = 60
Avaliação = 1

Tempo de execução: 60.0076s

---------------------------

Tamanho da população: 475
Fração elite: 0.2121
Fração mutante: 0.0442
Probabilidade herdar alelo elite: 0.6514
Número de populações independentes: 3
Troca de informação de 4 individuos a cada 241 gerações
Número de threads: 1

Largura da faixa = 40
Melhor altura = 60

Lower Bound 1 = 40
Lower Bound 2 = 60
Avaliação = 1

Tempo de execução: 60.0021s

---------------------------

Tamanho da população: 475
Fração elite: 0.2121
Fração mutante: 0.0442
Probabilidade herdar alelo elite: 0.6514
Número de populações independentes: 3
Troca de informação de 4 individuos a cada 241 gerações
Número de threads: 1

Largura da faixa = 40
Melhor altura = 60

Lower Bound 1 = 40
Lower Bound 2 = 60
Avaliação = 1

Tempo de execução: 60.0066s

---------------------------

Tamanho da população: 475
Fração elite: 0.2121
Fração mutante: 0.0442
Probabilidade herdar alelo elite: 0.6514
Número de populações independentes: 3
Troca de informação de 4 individuos a cada 241 gerações
Número de threads: 1

Largura da faixa = 40
Melhor altura = 60

Lower Bound 1 = 40
Lower Bound 2 = 60
Avaliação = 1

Tempo de execução: 60.007s

---------------------------

Tamanho da população: 475
Fração elite: 0.2121
Fração mutante: 0.0442
Probabilidade herdar alelo elite: 0.6514
Número de populações independentes: 3
Troca de informação de 4 individuos a cada 241 gerações
Número de threads: 1

Largura da faixa = 40
Melhor altura = 60

Lower Bound 1 = 40
Lower Bound 2 = 60
Avaliação = 1

Tempo de execução: 60.0048s

---------------------------

Tamanho da população: 475
Fração elite: 0.2121
Fração mutante: 0.0442
Probabilidade herdar alelo elite: 0.6514
Número de populações independentes: 3
Troca de informação de 4 individuos a cada 241 gerações
Número de threads: 1

Largura da faixa = 40
Melhor altura = 60

Lower Bound 1 = 40
Lower Bound 2 = 60
Avaliação = 1

Tempo de execução: 60.0057s

---------------------------

Tamanho da população: 475
Fração elite: 0.2121
Fração mutante: 0.0442
Probabilidade herdar alelo elite: 0.6514
Número de populações independentes: 3
Troca de informação de 4 individuos a cada 241 gerações
Número de threads: 1

Largura da faixa = 40
Melhor altura = 60

Lower Bound 1 = 40
Lower Bound 2 = 60
Avaliação = 1

Tempo de execução: 60.0074s

---------------------------

Tamanho da população: 475
Fração elite: 0.2121
Fração mutante: 0.0442
Probabilidade herdar alelo elite: 0.6514
Número de populações independentes: 3
Troca de informação de 4 individuos a cada 241 gerações
Número de threads: 1

Largura da faixa = 40
Melhor altura = 60

Lower Bound 1 = 40
Lower Bound 2 = 60
Avaliação = 1

Tempo de execução: 60.0026s

---------------------------

Tamanho da população: 475
Fração elite: 0.2121
Fração mutante: 0.0442
Probabilidade herdar alelo elite: 0.6514
Número de populações independentes: 3
Troca de informação de 4 individuos a cada 241 gerações
Número de threads: 1

Largura da faixa = 40
Melhor altura = 60

Lower Bound 1 = 40
Lower Bound 2 = 60
Avaliação = 1

Tempo de execução: 60.0042s

---------------------------

Tamanho da população: 475
Fração elite: 0.2121
Fração mutante: 0.0442
Probabilidade herdar alelo elite: 0.6514
Número de populações independentes: 3
Troca de informação de 4 individuos a cada 241 gerações
Número de threads: 1

Largura da faixa = 40
Melhor altura = 60

Lower Bound 1 = 40
Lower Bound 2 = 60
Avaliação = 1

Tempo de execução: 60.0052s

---------------------------

Tamanho da população: 475
Fração elite: 0.2121
Fração mutante: 0.0442
Probabilidade herdar alelo elite: 0.6514
Número de populações independentes: 3
Troca de informação de 4 individuos a cada 241 gerações
Número de threads: 1

Largura da faixa = 40
Melhor altura = 60

Lower Bound 1 = 40
Lower Bound 2 = 60
Avaliação = 1

Tempo de execução: 60.0022s

---------------------------

Tamanho da população: 475
Fração elite: 0.2121
Fração mutante: 0.0442
Probabilidade herdar alelo elite: 0.6514
Número de populações independentes: 3
Troca de informação de 4 individuos a cada 241 gerações
Número de threads: 1

Largura da faixa = 40
Melhor altura = 60

Lower Bound 1 = 40
Lower Bound 2 = 60
Avaliação = 1

Tempo de execução: 60.0057s
