Número de cromossomos: 20
Tamanho da população: 500
Fração elite: 0.2
Fração mutante: 0.1
Probabilidade herdar alelo elite: 0.7
Número de populações independentes: 3
Número de threads: 1
Melhor até agora: 139 Geração: 0
Largura da faixa = 23
Melhor altura = 139

Lower Bound 1 = 65
Lower Bound 2 = 63
Avaliação = 2.13846
Tempo de execução: 3839ms

---------------------------

Número de cromossomos: 20
Tamanho da população: 1000
Fração elite: 0.2
Fração mutante: 0.1
Probabilidade herdar alelo elite: 0.7
Número de populações independentes: 5
Número de threads: 2
Melhor até agora: 139 Geração: 0
Largura da faixa = 23
Melhor altura = 139

Lower Bound 1 = 65
Lower Bound 2 = 63
Avaliação = 2.13846
Tempo de execução: 6499ms

---------------------------

Número de cromossomos: 20
Tamanho da população: 1000
Fração elite: 0.3
Fração mutante: 0.4
Probabilidade herdar alelo elite: 0.8
Número de populações independentes: 3
Número de threads: 2
Melhor até agora: 139 Geração: 0
Largura da faixa = 23
Melhor altura = 139

Lower Bound 1 = 65
Lower Bound 2 = 63
Avaliação = 2.13846
Tempo de execução: 4028ms

---------------------------

Número de cromossomos: 20
Tamanho da população: 1500
Fração elite: 0.3
Fração mutante: 0.7
Probabilidade herdar alelo elite: 0.7
Número de populações independentes: 6
Número de threads: 14
Trocar os melhores indivíduos a cada 1000 gerações
Número máximo de gerações: 100

Melhor até agora: 90 Geração: 0
Largura da faixa = 23
Melhor altura = 90

Lower Bound 1 = 65
Lower Bound 2 = 63
Avaliação = 1.38462

Tempo de execução: 7709ms

---------------------------

Número de cromossomos: 20
Tamanho da população: 50
Fração elite: 0.3
Fração mutante: 0.7
Probabilidade herdar alelo elite: 0.6
Número de populações independentes: 4
Número de threads: 1
Trocar os melhores indivíduos a cada 600 gerações
Número máximo de gerações: 100

Número de swaps entre camadas = 5
Largura da faixa = 23
Melhor altura = 84

Lower Bound 1 = 65
Lower Bound 2 = 63
Avaliação = 1.29231

Tempo de execução: 3s

---------------------------

Número de cromossomos: 20
Tamanho da população: 60
Fração elite: 0.3
Fração mutante: 0.7
Probabilidade herdar alelo elite: 0.6
Número de populações independentes: 2
Número de threads: 1
Trocar os melhores indivíduos a cada 100 gerações
Número máximo de gerações: 100

Número de swaps entre camadas = 5
Largura da faixa = 23
Melhor altura = 84

Lower Bound 1 = 65
Lower Bound 2 = 63
Avaliação = 1.29231

Tempo de execução: 2s

---------------------------

Número de cromossomos: 20
Tamanho da população: 60
Fração elite: 0.3
Fração mutante: 0.7
Probabilidade herdar alelo elite: 0.6
Número de populações independentes: 2
Número de threads: 14
Trocar os melhores indivíduos a cada 100 gerações
Número máximo de gerações: 100

Número de cromossomos: 20
Tamanho da população: 60
Fração elite: 0.3
Fração mutante: 0.7
Probabilidade herdar alelo elite: 0.6
Número de populações independentes: 2
Número de threads: 14
Trocar os melhores indivíduos a cada 100 gerações
Número máximo de gerações: 100

Tamanho da população: 200
Fração elite: 0.2
Fração mutante: 0.2
Probabilidade herdar alelo elite: 0.5
Número de populações independentes: 3
Número de threads: 14
Trocar os melhores indivíduos a cada 40 gerações
Número máximo de gerações: 60
Número máximo de iterações sem melhora: 50
Melhor até agora: 86 Geração: 45
Iteração: 0
Número de swaps entre camadas = 5
Largura da faixa = 23
Melhor altura = 86

Lower Bound 1 = 65
Lower Bound 2 = 63
Avaliação = 1.32308

Tempo de execução: 0s

---------------------------

Número de cromossomos: 20
Tamanho da população: 60
Fração elite: 0.3
Fração mutante: 0.7
Probabilidade herdar alelo elite: 0.6
Número de populações independentes: 2
Número de threads: 14
Trocar os melhores indivíduos a cada 100 gerações
Número máximo de gerações: 100

Número de cromossomos: 20
Tamanho da população: 60
Fração elite: 0.3
Fração mutante: 0.7
Probabilidade herdar alelo elite: 0.6
Número de populações independentes: 2
Número de threads: 14
Trocar os melhores indivíduos a cada 100 gerações
Número máximo de gerações: 100

Tamanho da população: 250
Fração elite: 0.15
Fração mutante: 0.2
Probabilidade herdar alelo elite: 0.55
Número de populações independentes: 3
Número de threads: 14
Trocar os melhores indivíduos a cada 40 gerações
Número máximo de gerações: 130
Número máximo de iterações sem melhora: 30
Melhor até agora: 88 Geração: 11
Iteração: 0
Melhor até agora: 87 Geração: 16
Iteração: 0
Melhor até agora: 86 Geração: 17
Iteração: 0
Melhor até agora: 84 Geração: 20
Iteração: 0
Número de swaps entre camadas = 10
Largura da faixa = 23
Melhor altura = 84

Lower Bound 1 = 65
Lower Bound 2 = 63
Avaliação = 1.29231

Tempo de execução: 0s

---------------------------

Número de cromossomos: 20
Tamanho da população: 60
Fração elite: 0.3
Fração mutante: 0.7
Probabilidade herdar alelo elite: 0.6
Número de populações independentes: 2
Número de threads: 14
Trocar os melhores indivíduos a cada 100 gerações
Número máximo de gerações: 100

Número de cromossomos: 20
Tamanho da população: 60
Fração elite: 0.3
Fração mutante: 0.7
Probabilidade herdar alelo elite: 0.6
Número de populações independentes: 2
Número de threads: 14
Trocar os melhores indivíduos a cada 100 gerações
Número máximo de gerações: 100

Tamanho da população: 250
Fração elite: 0.15
Fração mutante: 0.2
Probabilidade herdar alelo elite: 0.55
Número de populações independentes: 3
Número de threads: 14
Trocar os melhores indivíduos a cada 40 gerações
Número máximo de gerações: 130
Número máximo de iterações sem melhora: 30
Melhor até agora: 86 Geração: 16
Iteração: 0
Melhor até agora: 84 Geração: 20
Iteração: 0
Melhor até agora: 80 Geração: 26
Iteração: 0
Melhor até agora: 78 Geração: 46
Iteração: 0
Número de swaps entre camadas = 10
Largura da faixa = 23
Melhor altura = 78

Lower Bound 1 = 65
Lower Bound 2 = 63
Avaliação = 1.2

Tempo de execução: 1s

---------------------------

Número de cromossomos: 20
Tamanho da população: 60
Fração elite: 0.3
Fração mutante: 0.7
Probabilidade herdar alelo elite: 0.6
Número de populações independentes: 2
Número de threads: 14
Trocar os melhores indivíduos a cada 100 gerações
Número máximo de gerações: 100

Número de cromossomos: 20
Tamanho da população: 60
Fração elite: 0.3
Fração mutante: 0.7
Probabilidade herdar alelo elite: 0.6
Número de populações independentes: 2
Número de threads: 14
Trocar os melhores indivíduos a cada 100 gerações
Número máximo de gerações: 100

Tamanho da população: 250
Fração elite: 0.15
Fração mutante: 0.2
Probabilidade herdar alelo elite: 0.55
Número de populações independentes: 3
Número de threads: 14
Trocar os melhores indivíduos a cada 40 gerações
Número máximo de gerações: 130
Número máximo de iterações sem melhora: 30
Número de swaps entre camadas = 10
Largura da faixa = 23
Melhor altura = 90

Lower Bound 1 = 65
Lower Bound 2 = 63
Avaliação = 1.38462

Tempo de execução: 0s

---------------------------

Número de cromossomos: 20
Tamanho da população: 60
Fração elite: 0.3
Fração mutante: 0.7
Probabilidade herdar alelo elite: 0.6
Número de populações independentes: 2
Número de threads: 14
Trocar os melhores indivíduos a cada 100 gerações
Número máximo de gerações: 100

Número de cromossomos: 20
Tamanho da população: 60
Fração elite: 0.3
Fração mutante: 0.7
Probabilidade herdar alelo elite: 0.6
Número de populações independentes: 2
Número de threads: 14
Trocar os melhores indivíduos a cada 100 gerações
Número máximo de gerações: 100

Tamanho da população: 250
Fração elite: 0.15
Fração mutante: 0.2
Probabilidade herdar alelo elite: 0.55
Número de populações independentes: 3
Número de threads: 14
Trocar os melhores indivíduos a cada 40 gerações
Número máximo de gerações: 130
Número máximo de iterações sem melhora: 30
Melhor até agora: 86 Geração: 12
Iteração: 0
Melhor até agora: 85 Geração: 24
Iteração: 0
Melhor até agora: 84 Geração: 41
Iteração: 0
Número de swaps entre camadas = 10
Largura da faixa = 23
Melhor altura = 84

Lower Bound 1 = 65
Lower Bound 2 = 63
Avaliação = 1.29231

Tempo de execução: 1s

---------------------------

Número de cromossomos: 20
Tamanho da população: 60
Fração elite: 0.3
Fração mutante: 0.7
Probabilidade herdar alelo elite: 0.6
Número de populações independentes: 2
Número de threads: 14
Trocar os melhores indivíduos a cada 100 gerações
Número máximo de gerações: 100

Número de cromossomos: 20
Tamanho da população: 60
Fração elite: 0.3
Fração mutante: 0.7
Probabilidade herdar alelo elite: 0.6
Número de populações independentes: 2
Número de threads: 14
Trocar os melhores indivíduos a cada 100 gerações
Número máximo de gerações: 100

Tamanho da população: 250
Fração elite: 0.15
Fração mutante: 0.2
Probabilidade herdar alelo elite: 0.55
Número de populações independentes: 3
Número de threads: 14
Trocar os melhores indivíduos a cada 40 gerações
Número máximo de gerações: 130
Número máximo de iterações sem melhora: 30
Melhor até agora: 88 Geração: 20
Iteração: 0
Melhor até agora: 87 Geração: 29
Iteração: 0
Melhor até agora: 86 Geração: 42
Iteração: 0
Número de swaps entre camadas = 10
Largura da faixa = 23
Melhor altura = 86

Lower Bound 1 = 65
Lower Bound 2 = 63
Avaliação = 1.32308

Tempo de execução: 1s

---------------------------

Número de cromossomos: 20
Tamanho da população: 60
Fração elite: 0.3
Fração mutante: 0.7
Probabilidade herdar alelo elite: 0.6
Número de populações independentes: 2
Número de threads: 14
Trocar os melhores indivíduos a cada 100 gerações
Número máximo de gerações: 100

Número de cromossomos: 20
Tamanho da população: 60
Fração elite: 0.3
Fração mutante: 0.7
Probabilidade herdar alelo elite: 0.6
Número de populações independentes: 2
Número de threads: 14
Trocar os melhores indivíduos a cada 100 gerações
Número máximo de gerações: 100

Tamanho da população: 250
Fração elite: 0.15
Fração mutante: 0.2
Probabilidade herdar alelo elite: 0.55
Número de populações independentes: 3
Número de threads: 14
Trocar os melhores indivíduos a cada 40 gerações
Número máximo de gerações: 130
Número máximo de iterações sem melhora: 30
Número de swaps entre camadas = 10
Largura da faixa = 23
Melhor altura = 90

Lower Bound 1 = 65
Lower Bound 2 = 63
Avaliação = 1.38462

Tempo de execução: 0s

---------------------------

Número de cromossomos: 20
Tamanho da população: 60
Fração elite: 0.3
Fração mutante: 0.7
Probabilidade herdar alelo elite: 0.6
Número de populações independentes: 2
Número de threads: 14
Trocar os melhores indivíduos a cada 100 gerações
Número máximo de gerações: 100

Número de cromossomos: 20
Tamanho da população: 60
Fração elite: 0.3
Fração mutante: 0.7
Probabilidade herdar alelo elite: 0.6
Número de populações independentes: 2
Número de threads: 14
Trocar os melhores indivíduos a cada 100 gerações
Número máximo de gerações: 100

Tamanho da população: 250
Fração elite: 0.15
Fração mutante: 0.2
Probabilidade herdar alelo elite: 0.55
Número de populações independentes: 3
Número de threads: 14
Trocar os melhores indivíduos a cada 40 gerações
Número máximo de gerações: 130
Número máximo de iterações sem melhora: 30
Melhor até agora: 86 Geração: 15
Iteração: 0
Melhor até agora: 85 Geração: 22
Iteração: 0
Número de swaps entre camadas = 10
Largura da faixa = 23
Melhor altura = 85

Lower Bound 1 = 65
Lower Bound 2 = 63
Avaliação = 1.30769

Tempo de execução: 1s

---------------------------

Número de cromossomos: 20
Tamanho da população: 60
Fração elite: 0.3
Fração mutante: 0.7
Probabilidade herdar alelo elite: 0.6
Número de populações independentes: 2
Número de threads: 14
Trocar os melhores indivíduos a cada 100 gerações
Número máximo de gerações: 100

Número de cromossomos: 20
Tamanho da população: 60
Fração elite: 0.3
Fração mutante: 0.7
Probabilidade herdar alelo elite: 0.6
Número de populações independentes: 2
Número de threads: 14
Trocar os melhores indivíduos a cada 100 gerações
Número máximo de gerações: 100

Tamanho da população: 250
Fração elite: 0.15
Fração mutante: 0.2
Probabilidade herdar alelo elite: 0.55
Número de populações independentes: 3
Número de threads: 14
Trocar os melhores indivíduos a cada 40 gerações
Número máximo de gerações: 130
Número máximo de iterações sem melhora: 30
Melhor até agora: 88 Geração: 17
Iteração: 0
Melhor até agora: 86 Geração: 20
Iteração: 0
Melhor até agora: 78 Geração: 23
Iteração: 0
Número de swaps entre camadas = 10
Largura da faixa = 23
Melhor altura = 78

Lower Bound 1 = 65
Lower Bound 2 = 63
Avaliação = 1.2

Tempo de execução: 1s

---------------------------

Número de cromossomos: 20
Tamanho da população: 60
Fração elite: 0.3
Fração mutante: 0.7
Probabilidade herdar alelo elite: 0.6
Número de populações independentes: 2
Número de threads: 14
Trocar os melhores indivíduos a cada 100 gerações
Número máximo de gerações: 100

Número de cromossomos: 20
Tamanho da população: 60
Fração elite: 0.3
Fração mutante: 0.7
Probabilidade herdar alelo elite: 0.6
Número de populações independentes: 2
Número de threads: 14
Trocar os melhores indivíduos a cada 100 gerações
Número máximo de gerações: 100

Tamanho da população: 250
Fração elite: 0.15
Fração mutante: 0.2
Probabilidade herdar alelo elite: 0.55
Número de populações independentes: 3
Número de threads: 14
Trocar os melhores indivíduos a cada 40 gerações
Número máximo de gerações: 130
Número máximo de iterações sem melhora: 30
Melhor até agora: 88 Geração: 16
Iteração: 0
Melhor até agora: 86 Geração: 24
Iteração: 0
Número de swaps entre camadas = 10
Largura da faixa = 23
Melhor altura = 86

Lower Bound 1 = 65
Lower Bound 2 = 63
Avaliação = 1.32308

Tempo de execução: 1s

---------------------------

Número de cromossomos: 20
Tamanho da população: 60
Fração elite: 0.3
Fração mutante: 0.7
Probabilidade herdar alelo elite: 0.6
Número de populações independentes: 2
Número de threads: 14
Trocar os melhores indivíduos a cada 100 gerações
Número máximo de gerações: 100

Número de cromossomos: 20
Tamanho da população: 60
Fração elite: 0.3
Fração mutante: 0.7
Probabilidade herdar alelo elite: 0.6
Número de populações independentes: 2
Número de threads: 14
Trocar os melhores indivíduos a cada 100 gerações
Número máximo de gerações: 100

Tamanho da população: 250
Fração elite: 0.15
Fração mutante: 0.2
Probabilidade herdar alelo elite: 0.55
Número de populações independentes: 3
Número de threads: 14
Trocar os melhores indivíduos a cada 40 gerações
Número máximo de gerações: 130
Número máximo de iterações sem melhora: 30
Melhor até agora: 85 Geração: 29
Iteração: 0
Melhor até agora: 84 Geração: 33
Iteração: 0
Melhor até agora: 80 Geração: 38
Iteração: 0
Número de swaps entre camadas = 10
Largura da faixa = 23
Melhor altura = 80

Lower Bound 1 = 65
Lower Bound 2 = 63
Avaliação = 1.23077

Tempo de execução: 1s

---------------------------

Número de cromossomos: 20
Tamanho da população: 60
Fração elite: 0.3
Fração mutante: 0.7
Probabilidade herdar alelo elite: 0.6
Número de populações independentes: 2
Número de threads: 14
Trocar os melhores indivíduos a cada 100 gerações
Número máximo de gerações: 100

Número de cromossomos: 20
Tamanho da população: 60
Fração elite: 0.3
Fração mutante: 0.7
Probabilidade herdar alelo elite: 0.6
Número de populações independentes: 2
Número de threads: 14
Trocar os melhores indivíduos a cada 100 gerações
Número máximo de gerações: 100

Tamanho da população: 250
Fração elite: 0.15
Fração mutante: 0.2
Probabilidade herdar alelo elite: 0.55
Número de populações independentes: 3
Número de threads: 14
Trocar os melhores indivíduos a cada 40 gerações
Número máximo de gerações: 130
Número máximo de iterações sem melhora: 30
Melhor até agora: 86 Geração: 10
Iteração: 0
Melhor até agora: 85 Geração: 31
Iteração: 0
Número de swaps entre camadas = 10
Largura da faixa = 23
Melhor altura = 85

Lower Bound 1 = 65
Lower Bound 2 = 63
Avaliação = 1.30769

Tempo de execução: 1s

---------------------------

Número de cromossomos: 20
Tamanho da população: 60
Fração elite: 0.3
Fração mutante: 0.7
Probabilidade herdar alelo elite: 0.6
Número de populações independentes: 2
Número de threads: 14
Trocar os melhores indivíduos a cada 100 gerações
Número máximo de gerações: 100

Número de cromossomos: 20
Tamanho da população: 60
Fração elite: 0.3
Fração mutante: 0.7
Probabilidade herdar alelo elite: 0.6
Número de populações independentes: 2
Número de threads: 14
Trocar os melhores indivíduos a cada 100 gerações
Número máximo de gerações: 100

Tamanho da população: 250
Fração elite: 0.15
Fração mutante: 0.2
Probabilidade herdar alelo elite: 0.55
Número de populações independentes: 3
Número de threads: 14
Trocar os melhores indivíduos a cada 40 gerações
Número máximo de gerações: 130
Número máximo de iterações sem melhora: 30
Melhor até agora: 86 Geração: 11
Iteração: 0
Número de swaps entre camadas = 10
Largura da faixa = 23
Melhor altura = 86

Lower Bound 1 = 65
Lower Bound 2 = 63
Avaliação = 1.32308

Tempo de execução: 0s

---------------------------

Número de cromossomos: 20
Tamanho da população: 60
Fração elite: 0.3
Fração mutante: 0.7
Probabilidade herdar alelo elite: 0.6
Número de populações independentes: 2
Número de threads: 14
Trocar os melhores indivíduos a cada 100 gerações
Número máximo de gerações: 100

Número de cromossomos: 20
Tamanho da população: 60
Fração elite: 0.3
Fração mutante: 0.7
Probabilidade herdar alelo elite: 0.6
Número de populações independentes: 2
Número de threads: 14
Trocar os melhores indivíduos a cada 100 gerações
Número máximo de gerações: 100

Tamanho da população: 250
Fração elite: 0.15
Fração mutante: 0.2
Probabilidade herdar alelo elite: 0.55
Número de populações independentes: 3
Número de threads: 14
Trocar os melhores indivíduos a cada 40 gerações
Número máximo de gerações: 130
Número máximo de iterações sem melhora: 30
Número de swaps entre camadas = 10
Largura da faixa = 23
Melhor altura = 90

Lower Bound 1 = 65
Lower Bound 2 = 63
Avaliação = 1.38462

Tempo de execução: 0s

---------------------------

Número de cromossomos: 20
Tamanho da população: 60
Fração elite: 0.3
Fração mutante: 0.7
Probabilidade herdar alelo elite: 0.6
Número de populações independentes: 2
Número de threads: 14
Trocar os melhores indivíduos a cada 100 gerações
Número máximo de gerações: 100

Número de cromossomos: 20
Tamanho da população: 60
Fração elite: 0.3
Fração mutante: 0.7
Probabilidade herdar alelo elite: 0.6
Número de populações independentes: 2
Número de threads: 14
Trocar os melhores indivíduos a cada 100 gerações
Número máximo de gerações: 100

Tamanho da população: 250
Fração elite: 0.15
Fração mutante: 0.2
Probabilidade herdar alelo elite: 0.55
Número de populações independentes: 3
Número de threads: 14
Trocar os melhores indivíduos a cada 40 gerações
Número máximo de gerações: 130
Número máximo de iterações sem melhora: 30
Melhor até agora: 86 Geração: 11
Iteração: 0
Número de swaps entre camadas = 10
Largura da faixa = 23
Melhor altura = 86

Lower Bound 1 = 65
Lower Bound 2 = 63
Avaliação = 1.32308

Tempo de execução: 0s

---------------------------

Número de cromossomos: 20
Tamanho da população: 60
Fração elite: 0.3
Fração mutante: 0.7
Probabilidade herdar alelo elite: 0.6
Número de populações independentes: 2
Número de threads: 14
Trocar os melhores indivíduos a cada 100 gerações
Número máximo de gerações: 100

Número de cromossomos: 20
Tamanho da população: 60
Fração elite: 0.3
Fração mutante: 0.7
Probabilidade herdar alelo elite: 0.6
Número de populações independentes: 2
Número de threads: 14
Trocar os melhores indivíduos a cada 100 gerações
Número máximo de gerações: 100

Tamanho da população: 250
Fração elite: 0.15
Fração mutante: 0.2
Probabilidade herdar alelo elite: 0.55
Número de populações independentes: 3
Número de threads: 14
Trocar os melhores indivíduos a cada 40 gerações
Número máximo de gerações: 130
Número máximo de iterações sem melhora: 30
Melhor até agora: 88 Geração: 7
Iteração: 0
Melhor até agora: 86 Geração: 10
Iteração: 0
Melhor até agora: 85 Geração: 12
Iteração: 0
Número de swaps entre camadas = 10
Largura da faixa = 23
Melhor altura = 85

Lower Bound 1 = 65
Lower Bound 2 = 63
Avaliação = 1.30769

Tempo de execução: 0s

---------------------------

Número de cromossomos: 20
Tamanho da população: 60
Fração elite: 0.3
Fração mutante: 0.7
Probabilidade herdar alelo elite: 0.6
Número de populações independentes: 2
Número de threads: 14
Trocar os melhores indivíduos a cada 100 gerações
Número máximo de gerações: 100

Número de cromossomos: 20
Tamanho da população: 60
Fração elite: 0.3
Fração mutante: 0.7
Probabilidade herdar alelo elite: 0.6
Número de populações independentes: 2
Número de threads: 14
Trocar os melhores indivíduos a cada 100 gerações
Número máximo de gerações: 100

Tamanho da população: 250
Fração elite: 0.15
Fração mutante: 0.2
Probabilidade herdar alelo elite: 0.55
Número de populações independentes: 3
Número de threads: 14
Trocar os melhores indivíduos a cada 40 gerações
Número máximo de gerações: 130
Número máximo de iterações sem melhora: 30
Melhor até agora: 87 Geração: 14
Iteração: 0
Melhor até agora: 86 Geração: 27
Iteração: 0
Número de swaps entre camadas = 10
Largura da faixa = 23
Melhor altura = 86

Lower Bound 1 = 65
Lower Bound 2 = 63
Avaliação = 1.32308

Tempo de execução: 1s

---------------------------

Número de cromossomos: 20
Tamanho da população: 60
Fração elite: 0.3
Fração mutante: 0.7
Probabilidade herdar alelo elite: 0.6
Número de populações independentes: 2
Número de threads: 14
Trocar os melhores indivíduos a cada 100 gerações
Número máximo de gerações: 100

Número de cromossomos: 20
Tamanho da população: 60
Fração elite: 0.3
Fração mutante: 0.7
Probabilidade herdar alelo elite: 0.6
Número de populações independentes: 2
Número de threads: 14
Trocar os melhores indivíduos a cada 100 gerações
Número máximo de gerações: 100

Tamanho da população: 250
Fração elite: 0.15
Fração mutante: 0.2
Probabilidade herdar alelo elite: 0.55
Número de populações independentes: 3
Número de threads: 14
Trocar os melhores indivíduos a cada 40 gerações
Número máximo de gerações: 130
Número máximo de iterações sem melhora: 30
Melhor até agora: 87 Geração: 10
Iteração: 0
Melhor até agora: 86 Geração: 12
Iteração: 0
Número de swaps entre camadas = 10
Largura da faixa = 23
Melhor altura = 86

Lower Bound 1 = 65
Lower Bound 2 = 63
Avaliação = 1.32308

Tempo de execução: 0s

---------------------------

Número de cromossomos: 20
Tamanho da população: 60
Fração elite: 0.3
Fração mutante: 0.7
Probabilidade herdar alelo elite: 0.6
Número de populações independentes: 2
Número de threads: 14
Trocar os melhores indivíduos a cada 100 gerações
Número máximo de gerações: 100

Número de cromossomos: 20
Tamanho da população: 60
Fração elite: 0.3
Fração mutante: 0.7
Probabilidade herdar alelo elite: 0.6
Número de populações independentes: 2
Número de threads: 14
Trocar os melhores indivíduos a cada 100 gerações
Número máximo de gerações: 100

Tamanho da população: 250
Fração elite: 0.15
Fração mutante: 0.2
Probabilidade herdar alelo elite: 0.55
Número de populações independentes: 3
Número de threads: 14
Trocar os melhores indivíduos a cada 40 gerações
Número máximo de gerações: 130
Número máximo de iterações sem melhora: 30
Melhor até agora: 88 Geração: 0
Iteração: 0
Número de swaps entre camadas = 10
Largura da faixa = 23
Melhor altura = 88

Lower Bound 1 = 65
Lower Bound 2 = 63
Avaliação = 1.35385

Tempo de execução: 0s

---------------------------

Número de cromossomos: 20
Tamanho da população: 60
Fração elite: 0.3
Fração mutante: 0.7
Probabilidade herdar alelo elite: 0.6
Número de populações independentes: 2
Número de threads: 14
Trocar os melhores indivíduos a cada 100 gerações
Número máximo de gerações: 100

Número de cromossomos: 20
Tamanho da população: 60
Fração elite: 0.3
Fração mutante: 0.7
Probabilidade herdar alelo elite: 0.6
Número de populações independentes: 2
Número de threads: 14
Trocar os melhores indivíduos a cada 100 gerações
Número máximo de gerações: 100

Tamanho da população: 250
Fração elite: 0.15
Fração mutante: 0.2
Probabilidade herdar alelo elite: 0.55
Número de populações independentes: 3
Número de threads: 14
Trocar os melhores indivíduos a cada 40 gerações
Número máximo de gerações: 130
Número máximo de iterações sem melhora: 30
Melhor até agora: 86 Geração: 18
Iteração: 0
Melhor até agora: 85 Geração: 31
Iteração: 0
Número de swaps entre camadas = 10
Largura da faixa = 23
Melhor altura = 85

Lower Bound 1 = 65
Lower Bound 2 = 63
Avaliação = 1.30769

Tempo de execução: 1s

---------------------------

Número de cromossomos: 20
Tamanho da população: 60
Fração elite: 0.3
Fração mutante: 0.7
Probabilidade herdar alelo elite: 0.6
Número de populações independentes: 2
Número de threads: 14
Trocar os melhores indivíduos a cada 100 gerações
Número máximo de gerações: 100

Número de cromossomos: 20
Tamanho da população: 60
Fração elite: 0.3
Fração mutante: 0.7
Probabilidade herdar alelo elite: 0.6
Número de populações independentes: 2
Número de threads: 14
Trocar os melhores indivíduos a cada 100 gerações
Número máximo de gerações: 100

Tamanho da população: 250
Fração elite: 0.15
Fração mutante: 0.2
Probabilidade herdar alelo elite: 0.55
Número de populações independentes: 3
Número de threads: 14
Trocar os melhores indivíduos a cada 40 gerações
Número máximo de gerações: 130
Número máximo de iterações sem melhora: 30
Melhor até agora: 87 Geração: 12
Iteração: 0
Melhor até agora: 84 Geração: 14
Iteração: 0
Melhor até agora: 80 Geração: 17
Iteração: 0
Número de swaps entre camadas = 10
Largura da faixa = 23
Melhor altura = 80

Lower Bound 1 = 65
Lower Bound 2 = 63
Avaliação = 1.23077

Tempo de execução: 1s

---------------------------

Número de cromossomos: 20
Tamanho da população: 60
Fração elite: 0.3
Fração mutante: 0.7
Probabilidade herdar alelo elite: 0.6
Número de populações independentes: 2
Número de threads: 14
Trocar os melhores indivíduos a cada 100 gerações
Número máximo de gerações: 100

Número de cromossomos: 20
Tamanho da população: 60
Fração elite: 0.3
Fração mutante: 0.7
Probabilidade herdar alelo elite: 0.6
Número de populações independentes: 2
Número de threads: 14
Trocar os melhores indivíduos a cada 100 gerações
Número máximo de gerações: 100

Tamanho da população: 250
Fração elite: 0.15
Fração mutante: 0.2
Probabilidade herdar alelo elite: 0.55
Número de populações independentes: 3
Número de threads: 14
Trocar os melhores indivíduos a cada 40 gerações
Número máximo de gerações: 130
Número máximo de iterações sem melhora: 50
Melhor até agora: 88 Geração: 0
Iteração: 0
Melhor até agora: 86 Geração: 18
Iteração: 0
Melhor até agora: 84 Geração: 20
Iteração: 0
Número de swaps entre camadas = 0
Largura da faixa = 23
Melhor altura = 84

Lower Bound 1 = 65
Lower Bound 2 = 63
Avaliação = 1.29231

Tempo de execução: 1s

---------------------------

Número de cromossomos: 20
Tamanho da população: 60
Fração elite: 0.3
Fração mutante: 0.7
Probabilidade herdar alelo elite: 0.6
Número de populações independentes: 2
Número de threads: 14
Trocar os melhores indivíduos a cada 100 gerações
Número máximo de gerações: 100

Número de cromossomos: 20
Tamanho da população: 60
Fração elite: 0.3
Fração mutante: 0.7
Probabilidade herdar alelo elite: 0.6
Número de populações independentes: 2
Número de threads: 14
Trocar os melhores indivíduos a cada 100 gerações
Número máximo de gerações: 100

Tamanho da população: 250
Fração elite: 0.15
Fração mutante: 0.2
Probabilidade herdar alelo elite: 0.55
Número de populações independentes: 3
Número de threads: 14
Trocar os melhores indivíduos a cada 40 gerações
Número máximo de gerações: 130
Número máximo de iterações sem melhora: 50
Melhor até agora: 87 Geração: 16
Iteração: 0
Melhor até agora: 86 Geração: 17
Iteração: 0
Melhor até agora: 80 Geração: 20
Iteração: 0
Número de swaps entre camadas = 0
Largura da faixa = 23
Melhor altura = 80

Lower Bound 1 = 65
Lower Bound 2 = 63
Avaliação = 1.23077

Tempo de execução: 0s

---------------------------

Número de cromossomos: 20
Tamanho da população: 60
Fração elite: 0.3
Fração mutante: 0.7
Probabilidade herdar alelo elite: 0.6
Número de populações independentes: 2
Número de threads: 14
Trocar os melhores indivíduos a cada 100 gerações
Número máximo de gerações: 100

Número de cromossomos: 20
Tamanho da população: 60
Fração elite: 0.3
Fração mutante: 0.7
Probabilidade herdar alelo elite: 0.6
Número de populações independentes: 2
Número de threads: 14
Trocar os melhores indivíduos a cada 100 gerações
Número máximo de gerações: 100

Tamanho da população: 250
Fração elite: 0.15
Fração mutante: 0.2
Probabilidade herdar alelo elite: 0.55
Número de populações independentes: 3
Número de threads: 14
Trocar os melhores indivíduos a cada 40 gerações
Número máximo de gerações: 130
Número máximo de iterações sem melhora: 50
Melhor até agora: 86 Geração: 30
Iteração: 0
Melhor até agora: 84 Geração: 53
Iteração: 0
Número de swaps entre camadas = 0
Largura da faixa = 23
Melhor altura = 84

Lower Bound 1 = 65
Lower Bound 2 = 63
Avaliação = 1.29231

Tempo de execução: 1s

---------------------------

Número de cromossomos: 20
Tamanho da população: 60
Fração elite: 0.3
Fração mutante: 0.7
Probabilidade herdar alelo elite: 0.6
Número de populações independentes: 2
Número de threads: 14
Trocar os melhores indivíduos a cada 100 gerações
Número máximo de gerações: 100

Número de cromossomos: 20
Tamanho da população: 60
Fração elite: 0.3
Fração mutante: 0.7
Probabilidade herdar alelo elite: 0.6
Número de populações independentes: 2
Número de threads: 14
Trocar os melhores indivíduos a cada 100 gerações
Número máximo de gerações: 100

Tamanho da população: 250
Fração elite: 0.15
Fração mutante: 0.2
Probabilidade herdar alelo elite: 0.55
Número de populações independentes: 3
Número de threads: 14
Trocar os melhores indivíduos a cada 40 gerações
Número máximo de gerações: 130
Número máximo de iterações sem melhora: 50
Melhor até agora: 86 Geração: 35
Iteração: 0
Número de swaps entre camadas = 0
Largura da faixa = 23
Melhor altura = 86

Lower Bound 1 = 65
Lower Bound 2 = 63
Avaliação = 1.32308

Tempo de execução: 1s

---------------------------

Número de cromossomos: 20
Tamanho da população: 60
Fração elite: 0.3
Fração mutante: 0.7
Probabilidade herdar alelo elite: 0.6
Número de populações independentes: 2
Número de threads: 14
Trocar os melhores indivíduos a cada 100 gerações
Número máximo de gerações: 100

Número de cromossomos: 20
Tamanho da população: 60
Fração elite: 0.3
Fração mutante: 0.7
Probabilidade herdar alelo elite: 0.6
Número de populações independentes: 2
Número de threads: 14
Trocar os melhores indivíduos a cada 100 gerações
Número máximo de gerações: 100

Tamanho da população: 250
Fração elite: 0.15
Fração mutante: 0.2
Probabilidade herdar alelo elite: 0.55
Número de populações independentes: 3
Número de threads: 14
Trocar os melhores indivíduos a cada 40 gerações
Número máximo de gerações: 130
Número máximo de iterações sem melhora: 50
Melhor até agora: 86 Geração: 13
Iteração: 0
Melhor até agora: 84 Geração: 23
Iteração: 0
Número de swaps entre camadas = 0
Largura da faixa = 23
Melhor altura = 84

Lower Bound 1 = 65
Lower Bound 2 = 63
Avaliação = 1.29231

Tempo de execução: 1s

---------------------------

Número de cromossomos: 20
Tamanho da população: 60
Fração elite: 0.3
Fração mutante: 0.7
Probabilidade herdar alelo elite: 0.6
Número de populações independentes: 2
Número de threads: 14
Trocar os melhores indivíduos a cada 100 gerações
Número máximo de gerações: 100

Número de cromossomos: 20
Tamanho da população: 60
Fração elite: 0.3
Fração mutante: 0.7
Probabilidade herdar alelo elite: 0.6
Número de populações independentes: 2
Número de threads: 14
Trocar os melhores indivíduos a cada 100 gerações
Número máximo de gerações: 100

Tamanho da população: 250
Fração elite: 0.15
Fração mutante: 0.2
Probabilidade herdar alelo elite: 0.55
Número de populações independentes: 3
Número de threads: 14
Trocar os melhores indivíduos a cada 40 gerações
Número máximo de gerações: 130
Número máximo de iterações sem melhora: 50
Melhor até agora: 86 Geração: 17
Iteração: 0
Melhor até agora: 85 Geração: 19
Iteração: 0
Número de swaps entre camadas = 0
Largura da faixa = 23
Melhor altura = 85

Lower Bound 1 = 65
Lower Bound 2 = 63
Avaliação = 1.30769

Tempo de execução: 1s

---------------------------

Número de cromossomos: 20
Tamanho da população: 60
Fração elite: 0.3
Fração mutante: 0.7
Probabilidade herdar alelo elite: 0.6
Número de populações independentes: 2
Número de threads: 14
Trocar os melhores indivíduos a cada 100 gerações
Número máximo de gerações: 100

Número de cromossomos: 20
Tamanho da população: 60
Fração elite: 0.3
Fração mutante: 0.7
Probabilidade herdar alelo elite: 0.6
Número de populações independentes: 2
Número de threads: 14
Trocar os melhores indivíduos a cada 100 gerações
Número máximo de gerações: 100

Tamanho da população: 250
Fração elite: 0.15
Fração mutante: 0.2
Probabilidade herdar alelo elite: 0.55
Número de populações independentes: 3
Número de threads: 14
Trocar os melhores indivíduos a cada 40 gerações
Número máximo de gerações: 130
Número máximo de iterações sem melhora: 50
Melhor até agora: 88 Geração: 8
Iteração: 0
Melhor até agora: 86 Geração: 14
Iteração: 0
Melhor até agora: 84 Geração: 17
Iteração: 0
Número de swaps entre camadas = 0
Largura da faixa = 23
Melhor altura = 84

Lower Bound 1 = 65
Lower Bound 2 = 63
Avaliação = 1.29231

Tempo de execução: 1s

---------------------------

Número de cromossomos: 20
Tamanho da população: 60
Fração elite: 0.3
Fração mutante: 0.7
Probabilidade herdar alelo elite: 0.6
Número de populações independentes: 2
Número de threads: 14
Trocar os melhores indivíduos a cada 100 gerações
Número máximo de gerações: 100

Número de cromossomos: 20
Tamanho da população: 60
Fração elite: 0.3
Fração mutante: 0.7
Probabilidade herdar alelo elite: 0.6
Número de populações independentes: 2
Número de threads: 14
Trocar os melhores indivíduos a cada 100 gerações
Número máximo de gerações: 100

Tamanho da população: 250
Fração elite: 0.15
Fração mutante: 0.2
Probabilidade herdar alelo elite: 0.55
Número de populações independentes: 3
Número de threads: 14
Trocar os melhores indivíduos a cada 40 gerações
Número máximo de gerações: 130
Número máximo de iterações sem melhora: 50
Melhor até agora: 89 Geração: 12
Iteração: 0
Melhor até agora: 86 Geração: 14
Iteração: 0
Número de swaps entre camadas = 0
Largura da faixa = 23
Melhor altura = 86

Lower Bound 1 = 65
Lower Bound 2 = 63
Avaliação = 1.32308

Tempo de execução: 1s

---------------------------

Número de cromossomos: 20
Tamanho da população: 60
Fração elite: 0.3
Fração mutante: 0.7
Probabilidade herdar alelo elite: 0.6
Número de populações independentes: 2
Número de threads: 14
Trocar os melhores indivíduos a cada 100 gerações
Número máximo de gerações: 100

Número de cromossomos: 20
Tamanho da população: 60
Fração elite: 0.3
Fração mutante: 0.7
Probabilidade herdar alelo elite: 0.6
Número de populações independentes: 2
Número de threads: 14
Trocar os melhores indivíduos a cada 100 gerações
Número máximo de gerações: 100

Tamanho da população: 250
Fração elite: 0.15
Fração mutante: 0.2
Probabilidade herdar alelo elite: 0.55
Número de populações independentes: 3
Número de threads: 14
Trocar os melhores indivíduos a cada 40 gerações
Número máximo de gerações: 130
Número máximo de iterações sem melhora: 50
Melhor até agora: 86 Geração: 10
Iteração: 0
Melhor até agora: 84 Geração: 49
Iteração: 0
Número de swaps entre camadas = 0
Largura da faixa = 23
Melhor altura = 84

Lower Bound 1 = 65
Lower Bound 2 = 63
Avaliação = 1.29231

Tempo de execução: 1s

---------------------------

Número de cromossomos: 20
Tamanho da população: 60
Fração elite: 0.3
Fração mutante: 0.7
Probabilidade herdar alelo elite: 0.6
Número de populações independentes: 2
Número de threads: 14
Trocar os melhores indivíduos a cada 100 gerações
Número máximo de gerações: 100

Número de cromossomos: 20
Tamanho da população: 60
Fração elite: 0.3
Fração mutante: 0.7
Probabilidade herdar alelo elite: 0.6
Número de populações independentes: 2
Número de threads: 14
Trocar os melhores indivíduos a cada 100 gerações
Número máximo de gerações: 100

Tamanho da população: 250
Fração elite: 0.15
Fração mutante: 0.2
Probabilidade herdar alelo elite: 0.55
Número de populações independentes: 3
Número de threads: 14
Trocar os melhores indivíduos a cada 40 gerações
Número máximo de gerações: 130
Número máximo de iterações sem melhora: 50
Melhor até agora: 84 Geração: 17
Iteração: 0
Melhor até agora: 81 Geração: 33
Iteração: 0
Número de swaps entre camadas = 0
Largura da faixa = 23
Melhor altura = 81

Lower Bound 1 = 65
Lower Bound 2 = 63
Avaliação = 1.24615

Tempo de execução: 1s

---------------------------

Número de cromossomos: 20
Tamanho da população: 60
Fração elite: 0.3
Fração mutante: 0.7
Probabilidade herdar alelo elite: 0.6
Número de populações independentes: 2
Número de threads: 14
Trocar os melhores indivíduos a cada 100 gerações
Número máximo de gerações: 100

Número de cromossomos: 20
Tamanho da população: 60
Fração elite: 0.3
Fração mutante: 0.7
Probabilidade herdar alelo elite: 0.6
Número de populações independentes: 2
Número de threads: 14
Trocar os melhores indivíduos a cada 100 gerações
Número máximo de gerações: 100

Tamanho da população: 250
Fração elite: 0.15
Fração mutante: 0.2
Probabilidade herdar alelo elite: 0.55
Número de populações independentes: 3
Número de threads: 14
Trocar os melhores indivíduos a cada 40 gerações
Número máximo de gerações: 130
Número máximo de iterações sem melhora: 50
Melhor até agora: 87 Geração: 8
Iteração: 0
Melhor até agora: 86 Geração: 14
Iteração: 0
Número de swaps entre camadas = 0
Largura da faixa = 23
Melhor altura = 86

Lower Bound 1 = 65
Lower Bound 2 = 63
Avaliação = 1.32308

Tempo de execução: 0s

---------------------------

Número de cromossomos: 20
Tamanho da população: 60
Fração elite: 0.3
Fração mutante: 0.7
Probabilidade herdar alelo elite: 0.6
Número de populações independentes: 2
Número de threads: 14
Trocar os melhores indivíduos a cada 100 gerações
Número máximo de gerações: 100

Número de cromossomos: 20
Tamanho da população: 60
Fração elite: 0.3
Fração mutante: 0.7
Probabilidade herdar alelo elite: 0.6
Número de populações independentes: 2
Número de threads: 14
Trocar os melhores indivíduos a cada 100 gerações
Número máximo de gerações: 100

Tamanho da população: 250
Fração elite: 0.15
Fração mutante: 0.2
Probabilidade herdar alelo elite: 0.55
Número de populações independentes: 3
Número de threads: 14
Trocar os melhores indivíduos a cada 40 gerações
Número máximo de gerações: 130
Número máximo de iterações sem melhora: 50
Melhor até agora: 87 Geração: 11
Iteração: 0
Melhor até agora: 86 Geração: 15
Iteração: 0
Melhor até agora: 85 Geração: 16
Iteração: 0
Melhor até agora: 84 Geração: 18
Iteração: 0
Melhor até agora: 82 Geração: 19
Iteração: 0
Melhor até agora: 80 Geração: 20
Iteração: 0
Número de swaps entre camadas = 0
Largura da faixa = 23
Melhor altura = 80

Lower Bound 1 = 65
Lower Bound 2 = 63
Avaliação = 1.23077

Tempo de execução: 1s

---------------------------

Número de cromossomos: 20
Tamanho da população: 60
Fração elite: 0.3
Fração mutante: 0.7
Probabilidade herdar alelo elite: 0.6
Número de populações independentes: 2
Número de threads: 14
Trocar os melhores indivíduos a cada 100 gerações
Número máximo de gerações: 100

Número de cromossomos: 20
Tamanho da população: 60
Fração elite: 0.3
Fração mutante: 0.7
Probabilidade herdar alelo elite: 0.6
Número de populações independentes: 2
Número de threads: 14
Trocar os melhores indivíduos a cada 100 gerações
Número máximo de gerações: 100

Tamanho da população: 250
Fração elite: 0.15
Fração mutante: 0.2
Probabilidade herdar alelo elite: 0.55
Número de populações independentes: 3
Número de threads: 14
Trocar os melhores indivíduos a cada 40 gerações
Número máximo de gerações: 130
Número máximo de iterações sem melhora: 50
Melhor até agora: 89 Geração: 17
Iteração: 0
Melhor até agora: 86 Geração: 21
Iteração: 0
Melhor até agora: 85 Geração: 37
Iteração: 0
Melhor até agora: 83 Geração: 55
Iteração: 0
Número de swaps entre camadas = 0
Largura da faixa = 23
Melhor altura = 83

Lower Bound 1 = 65
Lower Bound 2 = 63
Avaliação = 1.27692

Tempo de execução: 1s

---------------------------

Número de cromossomos: 20
Tamanho da população: 60
Fração elite: 0.3
Fração mutante: 0.7
Probabilidade herdar alelo elite: 0.6
Número de populações independentes: 2
Número de threads: 14
Trocar os melhores indivíduos a cada 100 gerações
Número máximo de gerações: 100

Número de cromossomos: 20
Tamanho da população: 60
Fração elite: 0.3
Fração mutante: 0.7
Probabilidade herdar alelo elite: 0.6
Número de populações independentes: 2
Número de threads: 14
Trocar os melhores indivíduos a cada 100 gerações
Número máximo de gerações: 100

Tamanho da população: 250
Fração elite: 0.15
Fração mutante: 0.2
Probabilidade herdar alelo elite: 0.55
Número de populações independentes: 3
Número de threads: 14
Trocar os melhores indivíduos a cada 40 gerações
Número máximo de gerações: 130
Número máximo de iterações sem melhora: 50
Melhor até agora: 88 Geração: 13
Iteração: 0
Melhor até agora: 87 Geração: 15
Iteração: 0
Melhor até agora: 85 Geração: 19
Iteração: 0
Número de swaps entre camadas = 0
Largura da faixa = 23
Melhor altura = 85

Lower Bound 1 = 65
Lower Bound 2 = 63
Avaliação = 1.30769

Tempo de execução: 0s

---------------------------

Número de cromossomos: 20
Tamanho da população: 60
Fração elite: 0.3
Fração mutante: 0.7
Probabilidade herdar alelo elite: 0.6
Número de populações independentes: 2
Número de threads: 14
Trocar os melhores indivíduos a cada 100 gerações
Número máximo de gerações: 100

Número de cromossomos: 20
Tamanho da população: 60
Fração elite: 0.3
Fração mutante: 0.7
Probabilidade herdar alelo elite: 0.6
Número de populações independentes: 2
Número de threads: 14
Trocar os melhores indivíduos a cada 100 gerações
Número máximo de gerações: 100

Tamanho da população: 250
Fração elite: 0.15
Fração mutante: 0.2
Probabilidade herdar alelo elite: 0.55
Número de populações independentes: 3
Número de threads: 14
Trocar os melhores indivíduos a cada 40 gerações
Número máximo de gerações: 130
Número máximo de iterações sem melhora: 50
Melhor até agora: 89 Geração: 45
Iteração: 0
Melhor até agora: 88 Geração: 48
Iteração: 0
Melhor até agora: 86 Geração: 50
Iteração: 0
Melhor até agora: 84 Geração: 57
Iteração: 0
Número de swaps entre camadas = 0
Largura da faixa = 23
Melhor altura = 84

Lower Bound 1 = 65
Lower Bound 2 = 63
Avaliação = 1.29231

Tempo de execução: 1s

---------------------------

Número de cromossomos: 20
Tamanho da população: 60
Fração elite: 0.3
Fração mutante: 0.7
Probabilidade herdar alelo elite: 0.6
Número de populações independentes: 2
Número de threads: 14
Trocar os melhores indivíduos a cada 100 gerações
Número máximo de gerações: 100

Número de cromossomos: 20
Tamanho da população: 60
Fração elite: 0.3
Fração mutante: 0.7
Probabilidade herdar alelo elite: 0.6
Número de populações independentes: 2
Número de threads: 14
Trocar os melhores indivíduos a cada 100 gerações
Número máximo de gerações: 100

Tamanho da população: 250
Fração elite: 0.15
Fração mutante: 0.2
Probabilidade herdar alelo elite: 0.55
Número de populações independentes: 3
Número de threads: 14
Trocar os melhores indivíduos a cada 40 gerações
Número máximo de gerações: 130
Número máximo de iterações sem melhora: 50
Melhor até agora: 88 Geração: 13
Iteração: 0
Melhor até agora: 85 Geração: 18
Iteração: 0
Melhor até agora: 84 Geração: 26
Iteração: 0
Melhor até agora: 82 Geração: 33
Iteração: 0
Melhor até agora: 78 Geração: 55
Iteração: 0
Número de swaps entre camadas = 0
Largura da faixa = 23
Melhor altura = 78

Lower Bound 1 = 65
Lower Bound 2 = 63
Avaliação = 1.2

Tempo de execução: 1s

---------------------------

Número de cromossomos: 20
Tamanho da população: 60
Fração elite: 0.3
Fração mutante: 0.7
Probabilidade herdar alelo elite: 0.6
Número de populações independentes: 2
Número de threads: 14
Trocar os melhores indivíduos a cada 100 gerações
Número máximo de gerações: 100

Número de cromossomos: 20
Tamanho da população: 60
Fração elite: 0.3
Fração mutante: 0.7
Probabilidade herdar alelo elite: 0.6
Número de populações independentes: 2
Número de threads: 14
Trocar os melhores indivíduos a cada 100 gerações
Número máximo de gerações: 100

Tamanho da população: 250
Fração elite: 0.15
Fração mutante: 0.2
Probabilidade herdar alelo elite: 0.55
Número de populações independentes: 3
Número de threads: 14
Trocar os melhores indivíduos a cada 40 gerações
Número máximo de gerações: 130
Número máximo de iterações sem melhora: 50
Melhor até agora: 86 Geração: 12
Iteração: 0
Número de swaps entre camadas = 0
Largura da faixa = 23
Melhor altura = 86

Lower Bound 1 = 65
Lower Bound 2 = 63
Avaliação = 1.32308

Tempo de execução: 0s

---------------------------

Número de cromossomos: 20
Tamanho da população: 60
Fração elite: 0.3
Fração mutante: 0.7
Probabilidade herdar alelo elite: 0.6
Número de populações independentes: 2
Número de threads: 14
Trocar os melhores indivíduos a cada 100 gerações
Número máximo de gerações: 100

Número de cromossomos: 20
Tamanho da população: 60
Fração elite: 0.3
Fração mutante: 0.7
Probabilidade herdar alelo elite: 0.6
Número de populações independentes: 2
Número de threads: 14
Trocar os melhores indivíduos a cada 100 gerações
Número máximo de gerações: 100

Tamanho da população: 250
Fração elite: 0.15
Fração mutante: 0.2
Probabilidade herdar alelo elite: 0.55
Número de populações independentes: 3
Número de threads: 14
Trocar os melhores indivíduos a cada 40 gerações
Número máximo de gerações: 130
Número máximo de iterações sem melhora: 50
Melhor até agora: 86 Geração: 17
Iteração: 0
Número de swaps entre camadas = 0
Largura da faixa = 23
Melhor altura = 86

Lower Bound 1 = 65
Lower Bound 2 = 63
Avaliação = 1.32308

Tempo de execução: 0s

---------------------------

Número de cromossomos: 20
Tamanho da população: 60
Fração elite: 0.3
Fração mutante: 0.7
Probabilidade herdar alelo elite: 0.6
Número de populações independentes: 2
Número de threads: 14
Trocar os melhores indivíduos a cada 100 gerações
Número máximo de gerações: 100

Número de cromossomos: 20
Tamanho da população: 60
Fração elite: 0.3
Fração mutante: 0.7
Probabilidade herdar alelo elite: 0.6
Número de populações independentes: 2
Número de threads: 14
Trocar os melhores indivíduos a cada 100 gerações
Número máximo de gerações: 100

Tamanho da população: 250
Fração elite: 0.15
Fração mutante: 0.2
Probabilidade herdar alelo elite: 0.55
Número de populações independentes: 3
Número de threads: 14
Trocar os melhores indivíduos a cada 40 gerações
Número máximo de gerações: 130
Número máximo de iterações sem melhora: 50
Melhor até agora: 84 Geração: 16
Iteração: 0
Melhor até agora: 80 Geração: 28
Iteração: 0
Melhor até agora: 78 Geração: 46
Iteração: 0
Número de swaps entre camadas = 0
Largura da faixa = 23
Melhor altura = 78

Lower Bound 1 = 65
Lower Bound 2 = 63
Avaliação = 1.2

Tempo de execução: 1s

---------------------------

Número de cromossomos: 20
Tamanho da população: 60
Fração elite: 0.3
Fração mutante: 0.7
Probabilidade herdar alelo elite: 0.6
Número de populações independentes: 2
Número de threads: 14
Trocar os melhores indivíduos a cada 100 gerações
Número máximo de gerações: 100

Número de cromossomos: 20
Tamanho da população: 60
Fração elite: 0.3
Fração mutante: 0.7
Probabilidade herdar alelo elite: 0.6
Número de populações independentes: 2
Número de threads: 14
Trocar os melhores indivíduos a cada 100 gerações
Número máximo de gerações: 100

Tamanho da população: 250
Fração elite: 0.15
Fração mutante: 0.2
Probabilidade herdar alelo elite: 0.55
Número de populações independentes: 3
Número de threads: 14
Trocar os melhores indivíduos a cada 40 gerações
Número máximo de gerações: 130
Número máximo de iterações sem melhora: 50
Melhor até agora: 88 Geração: 11
Iteração: 0
Melhor até agora: 86 Geração: 18
Iteração: 0
Número de swaps entre camadas = 0
Largura da faixa = 23
Melhor altura = 86

Lower Bound 1 = 65
Lower Bound 2 = 63
Avaliação = 1.32308

Tempo de execução: 1s

---------------------------

Tamanho da população: 300
Fração elite: 0.2
Fração mutante: 0.15
Probabilidade herdar alelo elite: 0.7
Número de populações independentes: 6
Número de threads: 14
Trocar os melhores indivíduos a cada 40 gerações
Número máximo de gerações: 250
Número máximo de iterações sem melhora: 90
Melhor até agora: 84 Geração: 0
Melhor até agora: 78 Geração: 1
Melhor até agora: 77 Geração: 44
Largura da faixa = 23
Melhor altura = 77

Lower Bound 1 = 65
Lower Bound 2 = 63
Avaliação = 1.18462

Tempo de execução: 15s

---------------------------

Tamanho da população: 300
Fração elite: 0.15
Fração mutante: 0.2
Probabilidade herdar alelo elite: 0.7
Número de populações independentes: 2
Número de threads: 16
Trocar os melhores indivíduos a cada 30 gerações
Número máximo de gerações: 300
Número máximo de iterações sem melhora: 40
Largura da faixa = 23
Melhor altura = 84

Lower Bound 1 = 65
Lower Bound 2 = 63
Avaliação = 1.29231

Tempo de execução: 1s

---------------------------

Tamanho da população: 300
Fração elite: 0.15
Fração mutante: 0.2
Probabilidade herdar alelo elite: 0.7
Número de populações independentes: 2
Número de threads: 16
Trocar os melhores indivíduos a cada 30 gerações
Número máximo de gerações: 300
Número máximo de iterações sem melhora: 40
Largura da faixa = 23
Melhor altura = 83

Lower Bound 1 = 65
Lower Bound 2 = 63
Avaliação = 1.27692

Tempo de execução: 1s

---------------------------

Tamanho da população: 300
Fração elite: 0.15
Fração mutante: 0.2
Probabilidade herdar alelo elite: 0.7
Número de populações independentes: 2
Número de threads: 16
Trocar os melhores indivíduos a cada 30 gerações
Número máximo de gerações: 300
Número máximo de iterações sem melhora: 40
Largura da faixa = 23
Melhor altura = 78

Lower Bound 1 = 65
Lower Bound 2 = 63
Avaliação = 1.2

Tempo de execução: 1s

---------------------------

Tamanho da população: 300
Fração elite: 0.15
Fração mutante: 0.2
Probabilidade herdar alelo elite: 0.7
Número de populações independentes: 2
Número de threads: 16
Trocar os melhores indivíduos a cada 30 gerações
Número máximo de gerações: 300
Número máximo de iterações sem melhora: 40
Largura da faixa = 23
Melhor altura = 77

Lower Bound 1 = 65
Lower Bound 2 = 63
Avaliação = 1.18462

Tempo de execução: 1s

---------------------------

Tamanho da população: 300
Fração elite: 0.15
Fração mutante: 0.2
Probabilidade herdar alelo elite: 0.7
Número de populações independentes: 2
Número de threads: 16
Trocar os melhores indivíduos a cada 30 gerações
Número máximo de gerações: 300
Número máximo de iterações sem melhora: 40
Largura da faixa = 23
Melhor altura = 78

Lower Bound 1 = 65
Lower Bound 2 = 63
Avaliação = 1.2

Tempo de execução: 1s

---------------------------

Tamanho da população: 300
Fração elite: 0.15
Fração mutante: 0.2
Probabilidade herdar alelo elite: 0.7
Número de populações independentes: 2
Número de threads: 16
Trocar os melhores indivíduos a cada 30 gerações
Número máximo de gerações: 300
Número máximo de iterações sem melhora: 40
Largura da faixa = 23
Melhor altura = 78

Lower Bound 1 = 65
Lower Bound 2 = 63
Avaliação = 1.2

Tempo de execução: 1s

---------------------------

Tamanho da população: 300
Fração elite: 0.15
Fração mutante: 0.2
Probabilidade herdar alelo elite: 0.7
Número de populações independentes: 2
Número de threads: 16
Trocar os melhores indivíduos a cada 30 gerações
Número máximo de gerações: 300
Número máximo de iterações sem melhora: 40
Largura da faixa = 23
Melhor altura = 77

Lower Bound 1 = 65
Lower Bound 2 = 63
Avaliação = 1.18462

Tempo de execução: 1s

---------------------------

Tamanho da população: 300
Fração elite: 0.15
Fração mutante: 0.2
Probabilidade herdar alelo elite: 0.7
Número de populações independentes: 2
Número de threads: 16
Trocar os melhores indivíduos a cada 30 gerações
Número máximo de gerações: 300
Número máximo de iterações sem melhora: 40
Largura da faixa = 23
Melhor altura = 84

Lower Bound 1 = 65
Lower Bound 2 = 63
Avaliação = 1.29231

Tempo de execução: 1s

---------------------------

Tamanho da população: 300
Fração elite: 0.15
Fração mutante: 0.2
Probabilidade herdar alelo elite: 0.7
Número de populações independentes: 2
Número de threads: 16
Trocar os melhores indivíduos a cada 30 gerações
Número máximo de gerações: 300
Número máximo de iterações sem melhora: 40
Largura da faixa = 23
Melhor altura = 84

Lower Bound 1 = 65
Lower Bound 2 = 63
Avaliação = 1.29231

Tempo de execução: 1s

---------------------------

Tamanho da população: 300
Fração elite: 0.15
Fração mutante: 0.2
Probabilidade herdar alelo elite: 0.7
Número de populações independentes: 2
Número de threads: 16
Trocar os melhores indivíduos a cada 30 gerações
Número máximo de gerações: 300
Número máximo de iterações sem melhora: 40
Largura da faixa = 23
Melhor altura = 83

Lower Bound 1 = 65
Lower Bound 2 = 63
Avaliação = 1.27692

Tempo de execução: 1s

---------------------------

Tamanho da população: 300
Fração elite: 0.15
Fração mutante: 0.2
Probabilidade herdar alelo elite: 0.7
Número de populações independentes: 2
Número de threads: 16
Trocar os melhores indivíduos a cada 30 gerações
Número máximo de gerações: 300
Número máximo de iterações sem melhora: 40
Largura da faixa = 23
Melhor altura = 77

Lower Bound 1 = 65
Lower Bound 2 = 63
Avaliação = 1.18462

Tempo de execução: 1s

---------------------------

Tamanho da população: 300
Fração elite: 0.15
Fração mutante: 0.2
Probabilidade herdar alelo elite: 0.7
Número de populações independentes: 2
Número de threads: 16
Trocar os melhores indivíduos a cada 30 gerações
Número máximo de gerações: 300
Número máximo de iterações sem melhora: 40
Largura da faixa = 23
Melhor altura = 84

Lower Bound 1 = 65
Lower Bound 2 = 63
Avaliação = 1.29231

Tempo de execução: 1s

---------------------------

Tamanho da população: 300
Fração elite: 0.15
Fração mutante: 0.2
Probabilidade herdar alelo elite: 0.7
Número de populações independentes: 2
Número de threads: 16
Trocar os melhores indivíduos a cada 30 gerações
Número máximo de gerações: 300
Número máximo de iterações sem melhora: 40
Largura da faixa = 23
Melhor altura = 78

Lower Bound 1 = 65
Lower Bound 2 = 63
Avaliação = 1.2

Tempo de execução: 2s

---------------------------

Tamanho da população: 300
Fração elite: 0.15
Fração mutante: 0.2
Probabilidade herdar alelo elite: 0.7
Número de populações independentes: 2
Número de threads: 16
Trocar os melhores indivíduos a cada 30 gerações
Número máximo de gerações: 300
Número máximo de iterações sem melhora: 40
Largura da faixa = 23
Melhor altura = 78

Lower Bound 1 = 65
Lower Bound 2 = 63
Avaliação = 1.2

Tempo de execução: 1s

---------------------------

Tamanho da população: 300
Fração elite: 0.15
Fração mutante: 0.2
Probabilidade herdar alelo elite: 0.7
Número de populações independentes: 2
Número de threads: 16
Trocar os melhores indivíduos a cada 30 gerações
Número máximo de gerações: 300
Número máximo de iterações sem melhora: 40
Largura da faixa = 23
Melhor altura = 84

Lower Bound 1 = 65
Lower Bound 2 = 63
Avaliação = 1.29231

Tempo de execução: 1s

---------------------------

Tamanho da população: 300
Fração elite: 0.15
Fração mutante: 0.2
Probabilidade herdar alelo elite: 0.7
Número de populações independentes: 2
Número de threads: 16
Trocar os melhores indivíduos a cada 30 gerações
Número máximo de gerações: 300
Número máximo de iterações sem melhora: 40
Largura da faixa = 23
Melhor altura = 84

Lower Bound 1 = 65
Lower Bound 2 = 63
Avaliação = 1.29231

Tempo de execução: 1s

---------------------------

Tamanho da população: 300
Fração elite: 0.15
Fração mutante: 0.2
Probabilidade herdar alelo elite: 0.7
Número de populações independentes: 2
Número de threads: 16
Trocar os melhores indivíduos a cada 30 gerações
Número máximo de gerações: 300
Número máximo de iterações sem melhora: 40
Largura da faixa = 23
Melhor altura = 84

Lower Bound 1 = 65
Lower Bound 2 = 63
Avaliação = 1.29231

Tempo de execução: 1s

---------------------------

Tamanho da população: 300
Fração elite: 0.15
Fração mutante: 0.2
Probabilidade herdar alelo elite: 0.7
Número de populações independentes: 2
Número de threads: 16
Trocar os melhores indivíduos a cada 30 gerações
Número máximo de gerações: 300
Número máximo de iterações sem melhora: 40
Largura da faixa = 23
Melhor altura = 83

Lower Bound 1 = 65
Lower Bound 2 = 63
Avaliação = 1.27692

Tempo de execução: 1s

---------------------------

Tamanho da população: 300
Fração elite: 0.15
Fração mutante: 0.2
Probabilidade herdar alelo elite: 0.7
Número de populações independentes: 2
Número de threads: 16
Trocar os melhores indivíduos a cada 30 gerações
Número máximo de gerações: 300
Número máximo de iterações sem melhora: 40
Largura da faixa = 23
Melhor altura = 78

Lower Bound 1 = 65
Lower Bound 2 = 63
Avaliação = 1.2

Tempo de execução: 1s

---------------------------

Tamanho da população: 300
Fração elite: 0.15
Fração mutante: 0.2
Probabilidade herdar alelo elite: 0.7
Número de populações independentes: 2
Número de threads: 16
Trocar os melhores indivíduos a cada 30 gerações
Número máximo de gerações: 300
Número máximo de iterações sem melhora: 40
Largura da faixa = 23
Melhor altura = 84

Lower Bound 1 = 65
Lower Bound 2 = 63
Avaliação = 1.29231

Tempo de execução: 1s

---------------------------

Melhor até agora: 84 Geração: 0
Melhor até agora: 78 Geração: 1
Tamanho da população: 300
Fração elite: 0.2
Fração mutante: 0.2
Probabilidade herdar alelo elite: 0.7
Número de populações independentes: 2
Número de threads: 16
Trocar os melhores indivíduos a cada 30 gerações
Número máximo de gerações: 300
Número máximo de iterações sem melhora: 50
Largura da faixa = 23
Melhor altura = 78

Lower Bound 1 = 65
Lower Bound 2 = 63
Avaliação = 1.2

Tempo de execução: 0s

---------------------------

Melhor até agora: 86 Geração: 0
Melhor até agora: 84 Geração: 3
Melhor até agora: 83 Geração: 4
Tamanho da população: 300
Fração elite: 0.2
Fração mutante: 0.2
Probabilidade herdar alelo elite: 0.7
Número de populações independentes: 2
Número de threads: 16
Trocar os melhores indivíduos a cada 30 gerações
Número máximo de gerações: 300
Número máximo de iterações sem melhora: 50
Largura da faixa = 23
Melhor altura = 83

Lower Bound 1 = 65
Lower Bound 2 = 63
Avaliação = 1.27692

Tempo de execução: 0s

---------------------------

Melhor até agora: 88 Geração: 0
Melhor até agora: 80 Geração: 1
Melhor até agora: 78 Geração: 14
Tamanho da população: 300
Fração elite: 0.2
Fração mutante: 0.2
Probabilidade herdar alelo elite: 0.7
Número de populações independentes: 2
Número de threads: 16
Trocar os melhores indivíduos a cada 30 gerações
Número máximo de gerações: 300
Número máximo de iterações sem melhora: 50
Largura da faixa = 23
Melhor altura = 78

Lower Bound 1 = 65
Lower Bound 2 = 63
Avaliação = 1.2

Tempo de execução: 0s

---------------------------

Melhor até agora: 86 Geração: 0
Melhor até agora: 84 Geração: 1
Tamanho da população: 300
Fração elite: 0.2
Fração mutante: 0.2
Probabilidade herdar alelo elite: 0.7
Número de populações independentes: 2
Número de threads: 16
Trocar os melhores indivíduos a cada 30 gerações
Número máximo de gerações: 300
Número máximo de iterações sem melhora: 50
Largura da faixa = 23
Melhor altura = 84

Lower Bound 1 = 65
Lower Bound 2 = 63
Avaliação = 1.29231

Tempo de execução: 0s

---------------------------

Melhor até agora: 78 Geração: 0
Tamanho da população: 300
Fração elite: 0.2
Fração mutante: 0.2
Probabilidade herdar alelo elite: 0.7
Número de populações independentes: 2
Número de threads: 16
Trocar os melhores indivíduos a cada 30 gerações
Número máximo de gerações: 300
Número máximo de iterações sem melhora: 50
Largura da faixa = 23
Melhor altura = 78

Lower Bound 1 = 65
Lower Bound 2 = 63
Avaliação = 1.2

Tempo de execução: 0s

---------------------------

Melhor até agora: 86 Geração: 0
Melhor até agora: 84 Geração: 4
Melhor até agora: 83 Geração: 13
Tamanho da população: 300
Fração elite: 0.2
Fração mutante: 0.2
Probabilidade herdar alelo elite: 0.7
Número de populações independentes: 2
Número de threads: 16
Trocar os melhores indivíduos a cada 30 gerações
Número máximo de gerações: 300
Número máximo de iterações sem melhora: 50
Largura da faixa = 23
Melhor altura = 83

Lower Bound 1 = 65
Lower Bound 2 = 63
Avaliação = 1.27692

Tempo de execução: 0s

---------------------------

Melhor até agora: 86 Geração: 0
Melhor até agora: 85 Geração: 2
Melhor até agora: 80 Geração: 4
Melhor até agora: 78 Geração: 15
Melhor até agora: 77 Geração: 22
Tamanho da população: 300
Fração elite: 0.2
Fração mutante: 0.2
Probabilidade herdar alelo elite: 0.7
Número de populações independentes: 2
Número de threads: 16
Trocar os melhores indivíduos a cada 30 gerações
Número máximo de gerações: 300
Número máximo de iterações sem melhora: 50
Largura da faixa = 23
Melhor altura = 77

Lower Bound 1 = 65
Lower Bound 2 = 63
Avaliação = 1.18462

Tempo de execução: 0s

---------------------------

Melhor até agora: 86 Geração: 0
Melhor até agora: 83 Geração: 4
Melhor até agora: 78 Geração: 5
Tamanho da população: 300
Fração elite: 0.2
Fração mutante: 0.2
Probabilidade herdar alelo elite: 0.7
Número de populações independentes: 2
Número de threads: 16
Trocar os melhores indivíduos a cada 30 gerações
Número máximo de gerações: 300
Número máximo de iterações sem melhora: 50
Largura da faixa = 23
Melhor altura = 78

Lower Bound 1 = 65
Lower Bound 2 = 63
Avaliação = 1.2

Tempo de execução: 0s

---------------------------

Melhor até agora: 86 Geração: 0
Melhor até agora: 84 Geração: 2
Tamanho da população: 300
Fração elite: 0.2
Fração mutante: 0.2
Probabilidade herdar alelo elite: 0.7
Número de populações independentes: 2
Número de threads: 16
Trocar os melhores indivíduos a cada 30 gerações
Número máximo de gerações: 300
Número máximo de iterações sem melhora: 50
Largura da faixa = 23
Melhor altura = 84

Lower Bound 1 = 65
Lower Bound 2 = 63
Avaliação = 1.29231

Tempo de execução: 0s

---------------------------

Melhor até agora: 86 Geração: 0
Melhor até agora: 80 Geração: 3
Melhor até agora: 79 Geração: 4
Melhor até agora: 78 Geração: 10
Melhor até agora: 77 Geração: 19
Tamanho da população: 300
Fração elite: 0.2
Fração mutante: 0.2
Probabilidade herdar alelo elite: 0.7
Número de populações independentes: 2
Número de threads: 16
Trocar os melhores indivíduos a cada 30 gerações
Número máximo de gerações: 300
Número máximo de iterações sem melhora: 50
Largura da faixa = 23
Melhor altura = 77

Lower Bound 1 = 65
Lower Bound 2 = 63
Avaliação = 1.18462

Tempo de execução: 0s

---------------------------

Melhor até agora: 86 Geração: 0
Melhor até agora: 84 Geração: 1
Melhor até agora: 83 Geração: 10
Tamanho da população: 300
Fração elite: 0.2
Fração mutante: 0.2
Probabilidade herdar alelo elite: 0.7
Número de populações independentes: 2
Número de threads: 16
Trocar os melhores indivíduos a cada 30 gerações
Número máximo de gerações: 300
Número máximo de iterações sem melhora: 50
Largura da faixa = 23
Melhor altura = 83

Lower Bound 1 = 65
Lower Bound 2 = 63
Avaliação = 1.27692

Tempo de execução: 0s

---------------------------

Melhor até agora: 86 Geração: 0
Melhor até agora: 78 Geração: 2
Melhor até agora: 77 Geração: 21
Tamanho da população: 300
Fração elite: 0.2
Fração mutante: 0.2
Probabilidade herdar alelo elite: 0.7
Número de populações independentes: 2
Número de threads: 16
Trocar os melhores indivíduos a cada 30 gerações
Número máximo de gerações: 300
Número máximo de iterações sem melhora: 50
Largura da faixa = 23
Melhor altura = 77

Lower Bound 1 = 65
Lower Bound 2 = 63
Avaliação = 1.18462

Tempo de execução: 0s

---------------------------

Melhor até agora: 86 Geração: 0
Melhor até agora: 84 Geração: 2
Melhor até agora: 82 Geração: 7
Melhor até agora: 79 Geração: 8
Melhor até agora: 78 Geração: 21
Melhor até agora: 77 Geração: 39
Tamanho da população: 300
Fração elite: 0.2
Fração mutante: 0.2
Probabilidade herdar alelo elite: 0.7
Número de populações independentes: 2
Número de threads: 16
Trocar os melhores indivíduos a cada 30 gerações
Número máximo de gerações: 300
Número máximo de iterações sem melhora: 50
Largura da faixa = 23
Melhor altura = 77

Lower Bound 1 = 65
Lower Bound 2 = 63
Avaliação = 1.18462

Tempo de execução: 0s

---------------------------

Melhor até agora: 84 Geração: 0
Melhor até agora: 79 Geração: 7
Melhor até agora: 78 Geração: 19
Tamanho da população: 300
Fração elite: 0.2
Fração mutante: 0.2
Probabilidade herdar alelo elite: 0.7
Número de populações independentes: 2
Número de threads: 16
Trocar os melhores indivíduos a cada 30 gerações
Número máximo de gerações: 300
Número máximo de iterações sem melhora: 50
Largura da faixa = 23
Melhor altura = 78

Lower Bound 1 = 65
Lower Bound 2 = 63
Avaliação = 1.2

Tempo de execução: 0s

---------------------------

Melhor até agora: 86 Geração: 0
Melhor até agora: 84 Geração: 2
Tamanho da população: 300
Fração elite: 0.2
Fração mutante: 0.2
Probabilidade herdar alelo elite: 0.7
Número de populações independentes: 2
Número de threads: 16
Trocar os melhores indivíduos a cada 30 gerações
Número máximo de gerações: 300
Número máximo de iterações sem melhora: 50
Largura da faixa = 23
Melhor altura = 84

Lower Bound 1 = 65
Lower Bound 2 = 63
Avaliação = 1.29231

Tempo de execução: 0s

---------------------------

Melhor até agora: 87 Geração: 0
Melhor até agora: 84 Geração: 2
Melhor até agora: 78 Geração: 3
Tamanho da população: 300
Fração elite: 0.2
Fração mutante: 0.2
Probabilidade herdar alelo elite: 0.7
Número de populações independentes: 2
Número de threads: 16
Trocar os melhores indivíduos a cada 30 gerações
Número máximo de gerações: 300
Número máximo de iterações sem melhora: 50
Largura da faixa = 23
Melhor altura = 78

Lower Bound 1 = 65
Lower Bound 2 = 63
Avaliação = 1.2

Tempo de execução: 0s

---------------------------

Melhor até agora: 86 Geração: 0
Melhor até agora: 78 Geração: 1
Tamanho da população: 300
Fração elite: 0.2
Fração mutante: 0.2
Probabilidade herdar alelo elite: 0.7
Número de populações independentes: 2
Número de threads: 16
Trocar os melhores indivíduos a cada 30 gerações
Número máximo de gerações: 300
Número máximo de iterações sem melhora: 50
Largura da faixa = 23
Melhor altura = 78

Lower Bound 1 = 65
Lower Bound 2 = 63
Avaliação = 1.2

Tempo de execução: 0s

---------------------------

Melhor até agora: 80 Geração: 0
Melhor até agora: 78 Geração: 8
Tamanho da população: 300
Fração elite: 0.2
Fração mutante: 0.2
Probabilidade herdar alelo elite: 0.7
Número de populações independentes: 2
Número de threads: 16
Trocar os melhores indivíduos a cada 30 gerações
Número máximo de gerações: 300
Número máximo de iterações sem melhora: 50
Largura da faixa = 23
Melhor altura = 78

Lower Bound 1 = 65
Lower Bound 2 = 63
Avaliação = 1.2

Tempo de execução: 0s

---------------------------

Melhor até agora: 86 Geração: 0
Melhor até agora: 84 Geração: 1
Melhor até agora: 80 Geração: 7
Melhor até agora: 78 Geração: 9
Tamanho da população: 300
Fração elite: 0.2
Fração mutante: 0.2
Probabilidade herdar alelo elite: 0.7
Número de populações independentes: 2
Número de threads: 16
Trocar os melhores indivíduos a cada 30 gerações
Número máximo de gerações: 300
Número máximo de iterações sem melhora: 50
Largura da faixa = 23
Melhor altura = 78

Lower Bound 1 = 65
Lower Bound 2 = 63
Avaliação = 1.2

Tempo de execução: 0s

---------------------------

Melhor até agora: 90 Geração: 0
Melhor até agora: 86 Geração: 1
Melhor até agora: 85 Geração: 5
Melhor até agora: 84 Geração: 7
Melhor até agora: 83 Geração: 11
Tamanho da população: 300
Fração elite: 0.2
Fração mutante: 0.2
Probabilidade herdar alelo elite: 0.7
Número de populações independentes: 2
Número de threads: 16
Trocar os melhores indivíduos a cada 30 gerações
Número máximo de gerações: 300
Número máximo de iterações sem melhora: 50
Largura da faixa = 23
Melhor altura = 83

Lower Bound 1 = 65
Lower Bound 2 = 63
Avaliação = 1.27692

Tempo de execução: 0s

---------------------------
Tamanho da população: 389
Fração elite: 0.5799
Fração mutante: 0.0086
Probabilidade herdar alelo elite: 0.7325
Número de populações independentes: 1
Número de threads: 1
Trocar os melhores indivíduos a cada 30 gerações
Número máximo de gerações: 338
Número máximo de iterações sem melhora: 70
Largura da faixa = 23
Melhor altura = 84

Lower Bound 1 = 65
Lower Bound 2 = 63
Avaliação = 1.29231

Tempo de execução: 0s

---------------------------

Tamanho da população: 389
Fração elite: 0.5799
Fração mutante: 0.0086
Probabilidade herdar alelo elite: 0.7325
Número de populações independentes: 1
Número de threads: 1
Trocar os melhores indivíduos a cada 30 gerações
Número máximo de gerações: 338
Número máximo de iterações sem melhora: 70
Largura da faixa = 23
Melhor altura = 78

Lower Bound 1 = 65
Lower Bound 2 = 63
Avaliação = 1.2

Tempo de execução: 0s

---------------------------

Tamanho da população: 389
Fração elite: 0.5799
Fração mutante: 0.0086
Probabilidade herdar alelo elite: 0.7325
Número de populações independentes: 1
Número de threads: 1
Trocar os melhores indivíduos a cada 30 gerações
Número máximo de gerações: 338
Número máximo de iterações sem melhora: 70
Largura da faixa = 23
Melhor altura = 83

Lower Bound 1 = 65
Lower Bound 2 = 63
Avaliação = 1.27692

Tempo de execução: 1s

---------------------------

Tamanho da população: 389
Fração elite: 0.5799
Fração mutante: 0.0086
Probabilidade herdar alelo elite: 0.7325
Número de populações independentes: 1
Número de threads: 1
Trocar os melhores indivíduos a cada 30 gerações
Número máximo de gerações: 338
Número máximo de iterações sem melhora: 70
Largura da faixa = 23
Melhor altura = 77

Lower Bound 1 = 65
Lower Bound 2 = 63
Avaliação = 1.18462

Tempo de execução: 1s

---------------------------

Tamanho da população: 389
Fração elite: 0.5799
Fração mutante: 0.0086
Probabilidade herdar alelo elite: 0.7325
Número de populações independentes: 1
Número de threads: 1
Trocar os melhores indivíduos a cada 30 gerações
Número máximo de gerações: 338
Número máximo de iterações sem melhora: 70
Largura da faixa = 23
Melhor altura = 77

Lower Bound 1 = 65
Lower Bound 2 = 63
Avaliação = 1.18462

Tempo de execução: 0s

---------------------------

Tamanho da população: 389
Fração elite: 0.5799
Fração mutante: 0.0086
Probabilidade herdar alelo elite: 0.7325
Número de populações independentes: 1
Número de threads: 1
Trocar os melhores indivíduos a cada 30 gerações
Número máximo de gerações: 338
Número máximo de iterações sem melhora: 70
Largura da faixa = 23
Melhor altura = 83

Lower Bound 1 = 65
Lower Bound 2 = 63
Avaliação = 1.27692

Tempo de execução: 1s

---------------------------

Tamanho da população: 389
Fração elite: 0.5799
Fração mutante: 0.0086
Probabilidade herdar alelo elite: 0.7325
Número de populações independentes: 1
Número de threads: 1
Trocar os melhores indivíduos a cada 30 gerações
Número máximo de gerações: 338
Número máximo de iterações sem melhora: 70
Largura da faixa = 23
Melhor altura = 77

Lower Bound 1 = 65
Lower Bound 2 = 63
Avaliação = 1.18462

Tempo de execução: 1s

---------------------------

Tamanho da população: 389
Fração elite: 0.5799
Fração mutante: 0.0086
Probabilidade herdar alelo elite: 0.7325
Número de populações independentes: 1
Número de threads: 1
Trocar os melhores indivíduos a cada 30 gerações
Número máximo de gerações: 338
Número máximo de iterações sem melhora: 70
Largura da faixa = 23
Melhor altura = 77

Lower Bound 1 = 65
Lower Bound 2 = 63
Avaliação = 1.18462

Tempo de execução: 1s

---------------------------

Tamanho da população: 389
Fração elite: 0.5799
Fração mutante: 0.0086
Probabilidade herdar alelo elite: 0.7325
Número de populações independentes: 1
Número de threads: 1
Trocar os melhores indivíduos a cada 30 gerações
Número máximo de gerações: 338
Número máximo de iterações sem melhora: 70
Largura da faixa = 23
Melhor altura = 78

Lower Bound 1 = 65
Lower Bound 2 = 63
Avaliação = 1.2

Tempo de execução: 0s

---------------------------

Tamanho da população: 389
Fração elite: 0.5799
Fração mutante: 0.0086
Probabilidade herdar alelo elite: 0.7325
Número de populações independentes: 1
Número de threads: 1
Trocar os melhores indivíduos a cada 30 gerações
Número máximo de gerações: 338
Número máximo de iterações sem melhora: 70
Largura da faixa = 23
Melhor altura = 78

Lower Bound 1 = 65
Lower Bound 2 = 63
Avaliação = 1.2

Tempo de execução: 0s

---------------------------

Tamanho da população: 389
Fração elite: 0.5799
Fração mutante: 0.0086
Probabilidade herdar alelo elite: 0.7325
Número de populações independentes: 1
Número de threads: 1
Trocar os melhores indivíduos a cada 30 gerações
Número máximo de gerações: 338
Número máximo de iterações sem melhora: 70
Largura da faixa = 23
Melhor altura = 78

Lower Bound 1 = 65
Lower Bound 2 = 63
Avaliação = 1.2

Tempo de execução: 0s

---------------------------

Tamanho da população: 389
Fração elite: 0.5799
Fração mutante: 0.0086
Probabilidade herdar alelo elite: 0.7325
Número de populações independentes: 1
Número de threads: 1
Trocar os melhores indivíduos a cada 30 gerações
Número máximo de gerações: 338
Número máximo de iterações sem melhora: 70
Largura da faixa = 23
Melhor altura = 77

Lower Bound 1 = 65
Lower Bound 2 = 63
Avaliação = 1.18462

Tempo de execução: 1s

---------------------------

Tamanho da população: 389
Fração elite: 0.5799
Fração mutante: 0.0086
Probabilidade herdar alelo elite: 0.7325
Número de populações independentes: 1
Número de threads: 1
Trocar os melhores indivíduos a cada 30 gerações
Número máximo de gerações: 338
Número máximo de iterações sem melhora: 70
Largura da faixa = 23
Melhor altura = 84

Lower Bound 1 = 65
Lower Bound 2 = 63
Avaliação = 1.29231

Tempo de execução: 0s

---------------------------

Tamanho da população: 389
Fração elite: 0.5799
Fração mutante: 0.0086
Probabilidade herdar alelo elite: 0.7325
Número de populações independentes: 1
Número de threads: 1
Trocar os melhores indivíduos a cada 30 gerações
Número máximo de gerações: 338
Número máximo de iterações sem melhora: 70
Largura da faixa = 23
Melhor altura = 78

Lower Bound 1 = 65
Lower Bound 2 = 63
Avaliação = 1.2

Tempo de execução: 1s

---------------------------

Tamanho da população: 389
Fração elite: 0.5799
Fração mutante: 0.0086
Probabilidade herdar alelo elite: 0.7325
Número de populações independentes: 1
Número de threads: 1
Trocar os melhores indivíduos a cada 30 gerações
Número máximo de gerações: 338
Número máximo de iterações sem melhora: 70
Largura da faixa = 23
Melhor altura = 78

Lower Bound 1 = 65
Lower Bound 2 = 63
Avaliação = 1.2

Tempo de execução: 1s

---------------------------

Tamanho da população: 389
Fração elite: 0.5799
Fração mutante: 0.0086
Probabilidade herdar alelo elite: 0.7325
Número de populações independentes: 1
Número de threads: 1
Trocar os melhores indivíduos a cada 30 gerações
Número máximo de gerações: 338
Número máximo de iterações sem melhora: 70
Largura da faixa = 23
Melhor altura = 79

Lower Bound 1 = 65
Lower Bound 2 = 63
Avaliação = 1.21538

Tempo de execução: 1s

---------------------------

Tamanho da população: 389
Fração elite: 0.5799
Fração mutante: 0.0086
Probabilidade herdar alelo elite: 0.7325
Número de populações independentes: 1
Número de threads: 1
Trocar os melhores indivíduos a cada 30 gerações
Número máximo de gerações: 338
Número máximo de iterações sem melhora: 70
Largura da faixa = 23
Melhor altura = 78

Lower Bound 1 = 65
Lower Bound 2 = 63
Avaliação = 1.2

Tempo de execução: 0s

---------------------------

Tamanho da população: 389
Fração elite: 0.5799
Fração mutante: 0.0086
Probabilidade herdar alelo elite: 0.7325
Número de populações independentes: 1
Número de threads: 1
Trocar os melhores indivíduos a cada 30 gerações
Número máximo de gerações: 338
Número máximo de iterações sem melhora: 70
Largura da faixa = 23
Melhor altura = 77

Lower Bound 1 = 65
Lower Bound 2 = 63
Avaliação = 1.18462

Tempo de execução: 0s

---------------------------

Tamanho da população: 389
Fração elite: 0.5799
Fração mutante: 0.0086
Probabilidade herdar alelo elite: 0.7325
Número de populações independentes: 1
Número de threads: 1
Trocar os melhores indivíduos a cada 30 gerações
Número máximo de gerações: 338
Número máximo de iterações sem melhora: 70
Largura da faixa = 23
Melhor altura = 77

Lower Bound 1 = 65
Lower Bound 2 = 63
Avaliação = 1.18462

Tempo de execução: 1s

---------------------------

Tamanho da população: 389
Fração elite: 0.5799
Fração mutante: 0.0086
Probabilidade herdar alelo elite: 0.7325
Número de populações independentes: 1
Número de threads: 1
Trocar os melhores indivíduos a cada 30 gerações
Número máximo de gerações: 338
Número máximo de iterações sem melhora: 70
Largura da faixa = 23
Melhor altura = 77

Lower Bound 1 = 65
Lower Bound 2 = 63
Avaliação = 1.18462

Tempo de execução: 1s

---------------------------

Tamanho da população: 297
Fração elite: 0.55
Fração mutante: 0.0174
Probabilidade herdar alelo elite: 0.7678
Número de populações independentes: 1
Número de threads: 1
Trocar os melhores indivíduos a cada 30 gerações
Número máximo de gerações: 279

Largura da faixa = 23
Melhor altura = 84

Lower Bound 1 = 65
Lower Bound 2 = 63
Avaliação = 1.29231

Tempo de execução: 0.877687s

---------------------------

Tamanho da população: 297
Fração elite: 0.55
Fração mutante: 0.0174
Probabilidade herdar alelo elite: 0.7678
Número de populações independentes: 1
Número de threads: 1
Trocar os melhores indivíduos a cada 30 gerações
Número máximo de gerações: 279

Largura da faixa = 23
Melhor altura = 84

Lower Bound 1 = 65
Lower Bound 2 = 63
Avaliação = 1.29231

Tempo de execução: 1.58697s

---------------------------

Tamanho da população: 297
Fração elite: 0.55
Fração mutante: 0.0174
Probabilidade herdar alelo elite: 0.7678
Número de populações independentes: 1
Número de threads: 1
Trocar os melhores indivíduos a cada 30 gerações
Número máximo de gerações: 279

Largura da faixa = 23
Melhor altura = 84

Lower Bound 1 = 65
Lower Bound 2 = 63
Avaliação = 1.29231

Tempo de execução: 1.70497s

---------------------------

Tamanho da população: 297
Fração elite: 0.55
Fração mutante: 0.0174
Probabilidade herdar alelo elite: 0.7678
Número de populações independentes: 1
Número de threads: 1
Trocar os melhores indivíduos a cada 30 gerações
Número máximo de gerações: 279

Largura da faixa = 23
Melhor altura = 78

Lower Bound 1 = 65
Lower Bound 2 = 63
Avaliação = 1.2

Tempo de execução: 1.6378s

---------------------------

Tamanho da população: 297
Fração elite: 0.55
Fração mutante: 0.0174
Probabilidade herdar alelo elite: 0.7678
Número de populações independentes: 1
Número de threads: 1
Trocar os melhores indivíduos a cada 30 gerações
Número máximo de gerações: 279

Largura da faixa = 23
Melhor altura = 77

Lower Bound 1 = 65
Lower Bound 2 = 63
Avaliação = 1.18462

Tempo de execução: 1.68699s

---------------------------

Tamanho da população: 297
Fração elite: 0.55
Fração mutante: 0.0174
Probabilidade herdar alelo elite: 0.7678
Número de populações independentes: 1
Número de threads: 1
Trocar os melhores indivíduos a cada 30 gerações
Número máximo de gerações: 279

Largura da faixa = 23
Melhor altura = 77

Lower Bound 1 = 65
Lower Bound 2 = 63
Avaliação = 1.18462

Tempo de execução: 1.69638s

---------------------------

Tamanho da população: 297
Fração elite: 0.55
Fração mutante: 0.0174
Probabilidade herdar alelo elite: 0.7678
Número de populações independentes: 1
Número de threads: 1
Trocar os melhores indivíduos a cada 30 gerações
Número máximo de gerações: 279

Largura da faixa = 23
Melhor altura = 77

Lower Bound 1 = 65
Lower Bound 2 = 63
Avaliação = 1.18462

Tempo de execução: 1.49864s

---------------------------

Tamanho da população: 297
Fração elite: 0.55
Fração mutante: 0.0174
Probabilidade herdar alelo elite: 0.7678
Número de populações independentes: 1
Número de threads: 1
Trocar os melhores indivíduos a cada 30 gerações
Número máximo de gerações: 279

Largura da faixa = 23
Melhor altura = 83

Lower Bound 1 = 65
Lower Bound 2 = 63
Avaliação = 1.27692

Tempo de execução: 1.70735s

---------------------------

Tamanho da população: 297
Fração elite: 0.55
Fração mutante: 0.0174
Probabilidade herdar alelo elite: 0.7678
Número de populações independentes: 1
Número de threads: 1
Trocar os melhores indivíduos a cada 30 gerações
Número máximo de gerações: 279

Largura da faixa = 23
Melhor altura = 78

Lower Bound 1 = 65
Lower Bound 2 = 63
Avaliação = 1.2

Tempo de execução: 1.74415s

---------------------------

Tamanho da população: 297
Fração elite: 0.55
Fração mutante: 0.0174
Probabilidade herdar alelo elite: 0.7678
Número de populações independentes: 1
Número de threads: 1
Trocar os melhores indivíduos a cada 30 gerações
Número máximo de gerações: 279

Largura da faixa = 23
Melhor altura = 84

Lower Bound 1 = 65
Lower Bound 2 = 63
Avaliação = 1.29231

Tempo de execução: 1.32806s

---------------------------

Tamanho da população: 297
Fração elite: 0.55
Fração mutante: 0.0174
Probabilidade herdar alelo elite: 0.7678
Número de populações independentes: 1
Número de threads: 1
Trocar os melhores indivíduos a cada 30 gerações
Número máximo de gerações: 279

Largura da faixa = 23
Melhor altura = 77

Lower Bound 1 = 65
Lower Bound 2 = 63
Avaliação = 1.18462

Tempo de execução: 1.65619s

---------------------------

Tamanho da população: 297
Fração elite: 0.55
Fração mutante: 0.0174
Probabilidade herdar alelo elite: 0.7678
Número de populações independentes: 1
Número de threads: 1
Trocar os melhores indivíduos a cada 30 gerações
Número máximo de gerações: 279

Largura da faixa = 23
Melhor altura = 77

Lower Bound 1 = 65
Lower Bound 2 = 63
Avaliação = 1.18462

Tempo de execução: 1.69189s

---------------------------

Tamanho da população: 297
Fração elite: 0.55
Fração mutante: 0.0174
Probabilidade herdar alelo elite: 0.7678
Número de populações independentes: 1
Número de threads: 1
Trocar os melhores indivíduos a cada 30 gerações
Número máximo de gerações: 279

Largura da faixa = 23
Melhor altura = 78

Lower Bound 1 = 65
Lower Bound 2 = 63
Avaliação = 1.2

Tempo de execução: 1.62588s

---------------------------

Tamanho da população: 297
Fração elite: 0.55
Fração mutante: 0.0174
Probabilidade herdar alelo elite: 0.7678
Número de populações independentes: 1
Número de threads: 1
Trocar os melhores indivíduos a cada 30 gerações
Número máximo de gerações: 279

Largura da faixa = 23
Melhor altura = 77

Lower Bound 1 = 65
Lower Bound 2 = 63
Avaliação = 1.18462

Tempo de execução: 1.69389s

---------------------------

Tamanho da população: 297
Fração elite: 0.55
Fração mutante: 0.0174
Probabilidade herdar alelo elite: 0.7678
Número de populações independentes: 1
Número de threads: 1
Trocar os melhores indivíduos a cada 30 gerações
Número máximo de gerações: 279

Largura da faixa = 23
Melhor altura = 77

Lower Bound 1 = 65
Lower Bound 2 = 63
Avaliação = 1.18462

Tempo de execução: 1.69907s

---------------------------

Tamanho da população: 297
Fração elite: 0.55
Fração mutante: 0.0174
Probabilidade herdar alelo elite: 0.7678
Número de populações independentes: 1
Número de threads: 1
Trocar os melhores indivíduos a cada 30 gerações
Número máximo de gerações: 279

Largura da faixa = 23
Melhor altura = 77

Lower Bound 1 = 65
Lower Bound 2 = 63
Avaliação = 1.18462

Tempo de execução: 1.16294s

---------------------------

Tamanho da população: 297
Fração elite: 0.55
Fração mutante: 0.0174
Probabilidade herdar alelo elite: 0.7678
Número de populações independentes: 1
Número de threads: 1
Trocar os melhores indivíduos a cada 30 gerações
Número máximo de gerações: 279

Largura da faixa = 23
Melhor altura = 78

Lower Bound 1 = 65
Lower Bound 2 = 63
Avaliação = 1.2

Tempo de execução: 1.41911s

---------------------------

Tamanho da população: 297
Fração elite: 0.55
Fração mutante: 0.0174
Probabilidade herdar alelo elite: 0.7678
Número de populações independentes: 1
Número de threads: 1
Trocar os melhores indivíduos a cada 30 gerações
Número máximo de gerações: 279

Largura da faixa = 23
Melhor altura = 77

Lower Bound 1 = 65
Lower Bound 2 = 63
Avaliação = 1.18462

Tempo de execução: 1.55944s

---------------------------

Tamanho da população: 297
Fração elite: 0.55
Fração mutante: 0.0174
Probabilidade herdar alelo elite: 0.7678
Número de populações independentes: 1
Número de threads: 1
Trocar os melhores indivíduos a cada 30 gerações
Número máximo de gerações: 279

Largura da faixa = 23
Melhor altura = 78

Lower Bound 1 = 65
Lower Bound 2 = 63
Avaliação = 1.2

Tempo de execução: 0.881069s

---------------------------

Tamanho da população: 297
Fração elite: 0.55
Fração mutante: 0.0174
Probabilidade herdar alelo elite: 0.7678
Número de populações independentes: 1
Número de threads: 1
Trocar os melhores indivíduos a cada 30 gerações
Número máximo de gerações: 279

Largura da faixa = 23
Melhor altura = 77

Lower Bound 1 = 65
Lower Bound 2 = 63
Avaliação = 1.18462

Tempo de execução: 1.31144s

---------------------------

Tamanho da população: 392
Fração elite: 0.2567
Fração mutante: 0.0202
Probabilidade herdar alelo elite: 0.6001
Número de populações independentes: 1
Número de threads: 1
Número máximo de gerações: 364

Largura da faixa = 23
Melhor altura = 78

Lower Bound 1 = 65
Lower Bound 2 = 63
Avaliação = 1.2

Tempo de execução: 1.66458s

---------------------------

Tamanho da população: 392
Fração elite: 0.2567
Fração mutante: 0.0202
Probabilidade herdar alelo elite: 0.6001
Número de populações independentes: 1
Número de threads: 1
Número máximo de gerações: 364

Largura da faixa = 23
Melhor altura = 78

Lower Bound 1 = 65
Lower Bound 2 = 63
Avaliação = 1.2

Tempo de execução: 1.68083s

---------------------------

Tamanho da população: 392
Fração elite: 0.2567
Fração mutante: 0.0202
Probabilidade herdar alelo elite: 0.6001
Número de populações independentes: 1
Número de threads: 1
Número máximo de gerações: 364

Largura da faixa = 23
Melhor altura = 77

Lower Bound 1 = 65
Lower Bound 2 = 63
Avaliação = 1.18462

Tempo de execução: 1.71889s

---------------------------

Tamanho da população: 392
Fração elite: 0.2567
Fração mutante: 0.0202
Probabilidade herdar alelo elite: 0.6001
Número de populações independentes: 1
Número de threads: 1
Número máximo de gerações: 364

Largura da faixa = 23
Melhor altura = 78

Lower Bound 1 = 65
Lower Bound 2 = 63
Avaliação = 1.2

Tempo de execução: 1.67329s

---------------------------

Tamanho da população: 392
Fração elite: 0.2567
Fração mutante: 0.0202
Probabilidade herdar alelo elite: 0.6001
Número de populações independentes: 1
Número de threads: 1
Número máximo de gerações: 364

Largura da faixa = 23
Melhor altura = 78

Lower Bound 1 = 65
Lower Bound 2 = 63
Avaliação = 1.2

Tempo de execução: 1.71469s

---------------------------

Tamanho da população: 392
Fração elite: 0.2567
Fração mutante: 0.0202
Probabilidade herdar alelo elite: 0.6001
Número de populações independentes: 1
Número de threads: 1
Número máximo de gerações: 364

Largura da faixa = 23
Melhor altura = 78

Lower Bound 1 = 65
Lower Bound 2 = 63
Avaliação = 1.2

Tempo de execução: 1.76425s

---------------------------

Tamanho da população: 392
Fração elite: 0.2567
Fração mutante: 0.0202
Probabilidade herdar alelo elite: 0.6001
Número de populações independentes: 1
Número de threads: 1
Número máximo de gerações: 364

Largura da faixa = 23
Melhor altura = 77

Lower Bound 1 = 65
Lower Bound 2 = 63
Avaliação = 1.18462

Tempo de execução: 1.74934s

---------------------------

Tamanho da população: 392
Fração elite: 0.2567
Fração mutante: 0.0202
Probabilidade herdar alelo elite: 0.6001
Número de populações independentes: 1
Número de threads: 1
Número máximo de gerações: 364

Largura da faixa = 23
Melhor altura = 77

Lower Bound 1 = 65
Lower Bound 2 = 63
Avaliação = 1.18462

Tempo de execução: 1.75941s

---------------------------

Tamanho da população: 392
Fração elite: 0.2567
Fração mutante: 0.0202
Probabilidade herdar alelo elite: 0.6001
Número de populações independentes: 1
Número de threads: 1
Número máximo de gerações: 364

Largura da faixa = 23
Melhor altura = 77

Lower Bound 1 = 65
Lower Bound 2 = 63
Avaliação = 1.18462

Tempo de execução: 1.76908s

---------------------------

Tamanho da população: 392
Fração elite: 0.2567
Fração mutante: 0.0202
Probabilidade herdar alelo elite: 0.6001
Número de populações independentes: 1
Número de threads: 1
Número máximo de gerações: 364

Largura da faixa = 23
Melhor altura = 78

Lower Bound 1 = 65
Lower Bound 2 = 63
Avaliação = 1.2

Tempo de execução: 1.71613s

---------------------------

Tamanho da população: 392
Fração elite: 0.2567
Fração mutante: 0.0202
Probabilidade herdar alelo elite: 0.6001
Número de populações independentes: 1
Número de threads: 1
Número máximo de gerações: 364

Largura da faixa = 23
Melhor altura = 77

Lower Bound 1 = 65
Lower Bound 2 = 63
Avaliação = 1.18462

Tempo de execução: 1.75099s

---------------------------

Tamanho da população: 392
Fração elite: 0.2567
Fração mutante: 0.0202
Probabilidade herdar alelo elite: 0.6001
Número de populações independentes: 1
Número de threads: 1
Número máximo de gerações: 364

Largura da faixa = 23
Melhor altura = 77

Lower Bound 1 = 65
Lower Bound 2 = 63
Avaliação = 1.18462

Tempo de execução: 1.75842s

---------------------------

Tamanho da população: 392
Fração elite: 0.2567
Fração mutante: 0.0202
Probabilidade herdar alelo elite: 0.6001
Número de populações independentes: 1
Número de threads: 1
Número máximo de gerações: 364

Largura da faixa = 23
Melhor altura = 78

Lower Bound 1 = 65
Lower Bound 2 = 63
Avaliação = 1.2

Tempo de execução: 1.6681s

---------------------------

Tamanho da população: 392
Fração elite: 0.2567
Fração mutante: 0.0202
Probabilidade herdar alelo elite: 0.6001
Número de populações independentes: 1
Número de threads: 1
Número máximo de gerações: 364

Largura da faixa = 23
Melhor altura = 78

Lower Bound 1 = 65
Lower Bound 2 = 63
Avaliação = 1.2

Tempo de execução: 1.6685s

---------------------------

Tamanho da população: 392
Fração elite: 0.2567
Fração mutante: 0.0202
Probabilidade herdar alelo elite: 0.6001
Número de populações independentes: 1
Número de threads: 1
Número máximo de gerações: 364

Largura da faixa = 23
Melhor altura = 77

Lower Bound 1 = 65
Lower Bound 2 = 63
Avaliação = 1.18462

Tempo de execução: 1.76204s

---------------------------

Tamanho da população: 392
Fração elite: 0.2567
Fração mutante: 0.0202
Probabilidade herdar alelo elite: 0.6001
Número de populações independentes: 1
Número de threads: 1
Número máximo de gerações: 364

Largura da faixa = 23
Melhor altura = 84

Lower Bound 1 = 65
Lower Bound 2 = 63
Avaliação = 1.29231

Tempo de execução: 1.69883s

---------------------------

Tamanho da população: 392
Fração elite: 0.2567
Fração mutante: 0.0202
Probabilidade herdar alelo elite: 0.6001
Número de populações independentes: 1
Número de threads: 1
Número máximo de gerações: 364

Largura da faixa = 23
Melhor altura = 77

Lower Bound 1 = 65
Lower Bound 2 = 63
Avaliação = 1.18462

Tempo de execução: 1.72973s

---------------------------

Tamanho da população: 392
Fração elite: 0.2567
Fração mutante: 0.0202
Probabilidade herdar alelo elite: 0.6001
Número de populações independentes: 1
Número de threads: 1
Número máximo de gerações: 364

Largura da faixa = 23
Melhor altura = 77

Lower Bound 1 = 65
Lower Bound 2 = 63
Avaliação = 1.18462

Tempo de execução: 1.84695s

---------------------------

Tamanho da população: 392
Fração elite: 0.2567
Fração mutante: 0.0202
Probabilidade herdar alelo elite: 0.6001
Número de populações independentes: 1
Número de threads: 1
Número máximo de gerações: 364

Largura da faixa = 23
Melhor altura = 78

Lower Bound 1 = 65
Lower Bound 2 = 63
Avaliação = 1.2

Tempo de execução: 1.68435s

---------------------------

Tamanho da população: 392
Fração elite: 0.2567
Fração mutante: 0.0202
Probabilidade herdar alelo elite: 0.6001
Número de populações independentes: 1
Número de threads: 1
Número máximo de gerações: 364

Largura da faixa = 23
Melhor altura = 78

Lower Bound 1 = 65
Lower Bound 2 = 63
Avaliação = 1.2

Tempo de execução: 1.69397s

---------------------------

