Tamanho da população: 475
Fração elite: 0.2121
Fração mutante: 0.0442
Probabilidade herdar alelo elite: 0.6514
Número de populações independentes: 3
Troca de informação de 4 individuos a cada 241 gerações
Número de threads: 1

Largura da faixa = 50
Melhor altura = 140

Lower Bound 1 = 100
Lower Bound 2 = 119
Avaliação = 1.17647

Tempo de execução: 60.0396s

---------------------------

Tamanho da população: 475
Fração elite: 0.2121
Fração mutante: 0.0442
Probabilidade herdar alelo elite: 0.6514
Número de populações independentes: 3
Troca de informação de 4 individuos a cada 241 gerações
Número de threads: 1

Largura da faixa = 50
Melhor altura = 140

Lower Bound 1 = 100
Lower Bound 2 = 119
Avaliação = 1.17647

Tempo de execução: 60.043s

---------------------------

Tamanho da população: 475
Fração elite: 0.2121
Fração mutante: 0.0442
Probabilidade herdar alelo elite: 0.6514
Número de populações independentes: 3
Troca de informação de 4 individuos a cada 241 gerações
Número de threads: 1

Largura da faixa = 50
Melhor altura = 140

Lower Bound 1 = 100
Lower Bound 2 = 119
Avaliação = 1.17647

Tempo de execução: 60.0535s

---------------------------

Tamanho da população: 475
Fração elite: 0.2121
Fração mutante: 0.0442
Probabilidade herdar alelo elite: 0.6514
Número de populações independentes: 3
Troca de informação de 4 individuos a cada 241 gerações
Número de threads: 1

Largura da faixa = 50
Melhor altura = 140

Lower Bound 1 = 100
Lower Bound 2 = 119
Avaliação = 1.17647

Tempo de execução: 60.011s

---------------------------

Tamanho da população: 475
Fração elite: 0.2121
Fração mutante: 0.0442
Probabilidade herdar alelo elite: 0.6514
Número de populações independentes: 3
Troca de informação de 4 individuos a cada 241 gerações
Número de threads: 1

Largura da faixa = 50
Melhor altura = 140

Lower Bound 1 = 100
Lower Bound 2 = 119
Avaliação = 1.17647

Tempo de execução: 60.0391s

---------------------------

Tamanho da população: 475
Fração elite: 0.2121
Fração mutante: 0.0442
Probabilidade herdar alelo elite: 0.6514
Número de populações independentes: 3
Troca de informação de 4 individuos a cada 241 gerações
Número de threads: 1

Largura da faixa = 50
Melhor altura = 140

Lower Bound 1 = 100
Lower Bound 2 = 119
Avaliação = 1.17647

Tempo de execução: 60.0476s

---------------------------

Tamanho da população: 475
Fração elite: 0.2121
Fração mutante: 0.0442
Probabilidade herdar alelo elite: 0.6514
Número de populações independentes: 3
Troca de informação de 4 individuos a cada 241 gerações
Número de threads: 1

Largura da faixa = 50
Melhor altura = 140

Lower Bound 1 = 100
Lower Bound 2 = 119
Avaliação = 1.17647

Tempo de execução: 60.0076s

---------------------------

Tamanho da população: 475
Fração elite: 0.2121
Fração mutante: 0.0442
Probabilidade herdar alelo elite: 0.6514
Número de populações independentes: 3
Troca de informação de 4 individuos a cada 241 gerações
Número de threads: 1

Largura da faixa = 50
Melhor altura = 140

Lower Bound 1 = 100
Lower Bound 2 = 119
Avaliação = 1.17647

Tempo de execução: 60.0387s

---------------------------

Tamanho da população: 475
Fração elite: 0.2121
Fração mutante: 0.0442
Probabilidade herdar alelo elite: 0.6514
Número de populações independentes: 3
Troca de informação de 4 individuos a cada 241 gerações
Número de threads: 1

Largura da faixa = 50
Melhor altura = 140

Lower Bound 1 = 100
Lower Bound 2 = 119
Avaliação = 1.17647

Tempo de execução: 60.0515s

---------------------------

Tamanho da população: 475
Fração elite: 0.2121
Fração mutante: 0.0442
Probabilidade herdar alelo elite: 0.6514
Número de populações independentes: 3
Troca de informação de 4 individuos a cada 241 gerações
Número de threads: 1

Largura da faixa = 50
Melhor altura = 140

Lower Bound 1 = 100
Lower Bound 2 = 119
Avaliação = 1.17647

Tempo de execução: 60.0177s

---------------------------

Tamanho da população: 475
Fração elite: 0.2121
Fração mutante: 0.0442
Probabilidade herdar alelo elite: 0.6514
Número de populações independentes: 3
Troca de informação de 4 individuos a cada 241 gerações
Número de threads: 1

Largura da faixa = 50
Melhor altura = 140

Lower Bound 1 = 100
Lower Bound 2 = 119
Avaliação = 1.17647

Tempo de execução: 60.0235s

---------------------------

Tamanho da população: 475
Fração elite: 0.2121
Fração mutante: 0.0442
Probabilidade herdar alelo elite: 0.6514
Número de populações independentes: 3
Troca de informação de 4 individuos a cada 241 gerações
Número de threads: 1

Largura da faixa = 50
Melhor altura = 140

Lower Bound 1 = 100
Lower Bound 2 = 119
Avaliação = 1.17647

Tempo de execução: 60.0533s

---------------------------

Tamanho da população: 475
Fração elite: 0.2121
Fração mutante: 0.0442
Probabilidade herdar alelo elite: 0.6514
Número de populações independentes: 3
Troca de informação de 4 individuos a cada 241 gerações
Número de threads: 1

Largura da faixa = 50
Melhor altura = 140

Lower Bound 1 = 100
Lower Bound 2 = 119
Avaliação = 1.17647

Tempo de execução: 60.0411s

---------------------------

Tamanho da população: 475
Fração elite: 0.2121
Fração mutante: 0.0442
Probabilidade herdar alelo elite: 0.6514
Número de populações independentes: 3
Troca de informação de 4 individuos a cada 241 gerações
Número de threads: 1

Largura da faixa = 50
Melhor altura = 140

Lower Bound 1 = 100
Lower Bound 2 = 119
Avaliação = 1.17647

Tempo de execução: 60.057s

---------------------------

Tamanho da população: 475
Fração elite: 0.2121
Fração mutante: 0.0442
Probabilidade herdar alelo elite: 0.6514
Número de populações independentes: 3
Troca de informação de 4 individuos a cada 241 gerações
Número de threads: 1

Largura da faixa = 50
Melhor altura = 140

Lower Bound 1 = 100
Lower Bound 2 = 119
Avaliação = 1.17647

Tempo de execução: 60.0644s

---------------------------

Tamanho da população: 475
Fração elite: 0.2121
Fração mutante: 0.0442
Probabilidade herdar alelo elite: 0.6514
Número de populações independentes: 3
Troca de informação de 4 individuos a cada 241 gerações
Número de threads: 1

Largura da faixa = 50
Melhor altura = 140

Lower Bound 1 = 100
Lower Bound 2 = 119
Avaliação = 1.17647

Tempo de execução: 60.0417s

---------------------------

Tamanho da população: 475
Fração elite: 0.2121
Fração mutante: 0.0442
Probabilidade herdar alelo elite: 0.6514
Número de populações independentes: 3
Troca de informação de 4 individuos a cada 241 gerações
Número de threads: 1

Largura da faixa = 50
Melhor altura = 140

Lower Bound 1 = 100
Lower Bound 2 = 119
Avaliação = 1.17647

Tempo de execução: 60.0449s

---------------------------

Tamanho da população: 475
Fração elite: 0.2121
Fração mutante: 0.0442
Probabilidade herdar alelo elite: 0.6514
Número de populações independentes: 3
Troca de informação de 4 individuos a cada 241 gerações
Número de threads: 1

Largura da faixa = 50
Melhor altura = 140

Lower Bound 1 = 100
Lower Bound 2 = 119
Avaliação = 1.17647

Tempo de execução: 60.052s

---------------------------

Tamanho da população: 475
Fração elite: 0.2121
Fração mutante: 0.0442
Probabilidade herdar alelo elite: 0.6514
Número de populações independentes: 3
Troca de informação de 4 individuos a cada 241 gerações
Número de threads: 1

Largura da faixa = 50
Melhor altura = 140

Lower Bound 1 = 100
Lower Bound 2 = 119
Avaliação = 1.17647

Tempo de execução: 60.0027s

---------------------------

Tamanho da população: 475
Fração elite: 0.2121
Fração mutante: 0.0442
Probabilidade herdar alelo elite: 0.6514
Número de populações independentes: 3
Troca de informação de 4 individuos a cada 241 gerações
Número de threads: 1

Largura da faixa = 50
Melhor altura = 140

Lower Bound 1 = 100
Lower Bound 2 = 119
Avaliação = 1.17647

Tempo de execução: 60.0123s
