Tamanho da população: 475
Fração elite: 0.2121
Fração mutante: 0.0442
Probabilidade herdar alelo elite: 0.6514
Número de populações independentes: 3
Troca de informação de 4 individuos a cada 241 gerações
Número de threads: 1

Largura da faixa = 35
Melhor altura = 155

Lower Bound 1 = 124
Lower Bound 2 = 117
Avaliação = 1.25

Tempo de execução: 60.0017s

---------------------------

Tamanho da população: 475
Fração elite: 0.2121
Fração mutante: 0.0442
Probabilidade herdar alelo elite: 0.6514
Número de populações independentes: 3
Troca de informação de 4 individuos a cada 241 gerações
Número de threads: 1

Largura da faixa = 35
Melhor altura = 155

Lower Bound 1 = 124
Lower Bound 2 = 117
Avaliação = 1.25

Tempo de execução: 60.0023s

---------------------------

Tamanho da população: 475
Fração elite: 0.2121
Fração mutante: 0.0442
Probabilidade herdar alelo elite: 0.6514
Número de populações independentes: 3
Troca de informação de 4 individuos a cada 241 gerações
Número de threads: 1

Largura da faixa = 35
Melhor altura = 155

Lower Bound 1 = 124
Lower Bound 2 = 117
Avaliação = 1.25

Tempo de execução: 60.01s

---------------------------

Tamanho da população: 475
Fração elite: 0.2121
Fração mutante: 0.0442
Probabilidade herdar alelo elite: 0.6514
Número de populações independentes: 3
Troca de informação de 4 individuos a cada 241 gerações
Número de threads: 1

Largura da faixa = 35
Melhor altura = 156

Lower Bound 1 = 124
Lower Bound 2 = 117
Avaliação = 1.25806

Tempo de execução: 60.005s

---------------------------

Tamanho da população: 475
Fração elite: 0.2121
Fração mutante: 0.0442
Probabilidade herdar alelo elite: 0.6514
Número de populações independentes: 3
Troca de informação de 4 individuos a cada 241 gerações
Número de threads: 1

Largura da faixa = 35
Melhor altura = 155

Lower Bound 1 = 124
Lower Bound 2 = 117
Avaliação = 1.25

Tempo de execução: 60.0103s

---------------------------

Tamanho da população: 475
Fração elite: 0.2121
Fração mutante: 0.0442
Probabilidade herdar alelo elite: 0.6514
Número de populações independentes: 3
Troca de informação de 4 individuos a cada 241 gerações
Número de threads: 1

Largura da faixa = 35
Melhor altura = 156

Lower Bound 1 = 124
Lower Bound 2 = 117
Avaliação = 1.25806

Tempo de execução: 60.0178s

---------------------------

Tamanho da população: 475
Fração elite: 0.2121
Fração mutante: 0.0442
Probabilidade herdar alelo elite: 0.6514
Número de populações independentes: 3
Troca de informação de 4 individuos a cada 241 gerações
Número de threads: 1

Largura da faixa = 35
Melhor altura = 155

Lower Bound 1 = 124
Lower Bound 2 = 117
Avaliação = 1.25

Tempo de execução: 60.0054s

---------------------------

Tamanho da população: 475
Fração elite: 0.2121
Fração mutante: 0.0442
Probabilidade herdar alelo elite: 0.6514
Número de populações independentes: 3
Troca de informação de 4 individuos a cada 241 gerações
Número de threads: 1

Largura da faixa = 35
Melhor altura = 155

Lower Bound 1 = 124
Lower Bound 2 = 117
Avaliação = 1.25

Tempo de execução: 60.0078s

---------------------------

Tamanho da população: 475
Fração elite: 0.2121
Fração mutante: 0.0442
Probabilidade herdar alelo elite: 0.6514
Número de populações independentes: 3
Troca de informação de 4 individuos a cada 241 gerações
Número de threads: 1

Largura da faixa = 35
Melhor altura = 155

Lower Bound 1 = 124
Lower Bound 2 = 117
Avaliação = 1.25

Tempo de execução: 60.0185s

---------------------------

Tamanho da população: 475
Fração elite: 0.2121
Fração mutante: 0.0442
Probabilidade herdar alelo elite: 0.6514
Número de populações independentes: 3
Troca de informação de 4 individuos a cada 241 gerações
Número de threads: 1

Largura da faixa = 35
Melhor altura = 155

Lower Bound 1 = 124
Lower Bound 2 = 117
Avaliação = 1.25

Tempo de execução: 60.0057s

---------------------------

Tamanho da população: 475
Fração elite: 0.2121
Fração mutante: 0.0442
Probabilidade herdar alelo elite: 0.6514
Número de populações independentes: 3
Troca de informação de 4 individuos a cada 241 gerações
Número de threads: 1

Largura da faixa = 35
Melhor altura = 155

Lower Bound 1 = 124
Lower Bound 2 = 117
Avaliação = 1.25

Tempo de execução: 60.0163s

---------------------------

Tamanho da população: 475
Fração elite: 0.2121
Fração mutante: 0.0442
Probabilidade herdar alelo elite: 0.6514
Número de populações independentes: 3
Troca de informação de 4 individuos a cada 241 gerações
Número de threads: 1

Largura da faixa = 35
Melhor altura = 155

Lower Bound 1 = 124
Lower Bound 2 = 117
Avaliação = 1.25

Tempo de execução: 60.0186s

---------------------------

Tamanho da população: 475
Fração elite: 0.2121
Fração mutante: 0.0442
Probabilidade herdar alelo elite: 0.6514
Número de populações independentes: 3
Troca de informação de 4 individuos a cada 241 gerações
Número de threads: 1

Largura da faixa = 35
Melhor altura = 155

Lower Bound 1 = 124
Lower Bound 2 = 117
Avaliação = 1.25

Tempo de execução: 60.0007s

---------------------------

Tamanho da população: 475
Fração elite: 0.2121
Fração mutante: 0.0442
Probabilidade herdar alelo elite: 0.6514
Número de populações independentes: 3
Troca de informação de 4 individuos a cada 241 gerações
Número de threads: 1

Largura da faixa = 35
Melhor altura = 156

Lower Bound 1 = 124
Lower Bound 2 = 117
Avaliação = 1.25806

Tempo de execução: 60.0079s

---------------------------

Tamanho da população: 475
Fração elite: 0.2121
Fração mutante: 0.0442
Probabilidade herdar alelo elite: 0.6514
Número de populações independentes: 3
Troca de informação de 4 individuos a cada 241 gerações
Número de threads: 1

Largura da faixa = 35
Melhor altura = 155

Lower Bound 1 = 124
Lower Bound 2 = 117
Avaliação = 1.25

Tempo de execução: 60.0171s

---------------------------

Tamanho da população: 475
Fração elite: 0.2121
Fração mutante: 0.0442
Probabilidade herdar alelo elite: 0.6514
Número de populações independentes: 3
Troca de informação de 4 individuos a cada 241 gerações
Número de threads: 1

Largura da faixa = 35
Melhor altura = 155

Lower Bound 1 = 124
Lower Bound 2 = 117
Avaliação = 1.25

Tempo de execução: 60.0113s

---------------------------

Tamanho da população: 475
Fração elite: 0.2121
Fração mutante: 0.0442
Probabilidade herdar alelo elite: 0.6514
Número de populações independentes: 3
Troca de informação de 4 individuos a cada 241 gerações
Número de threads: 1

Largura da faixa = 35
Melhor altura = 155

Lower Bound 1 = 124
Lower Bound 2 = 117
Avaliação = 1.25

Tempo de execução: 60.0144s

---------------------------

Tamanho da população: 475
Fração elite: 0.2121
Fração mutante: 0.0442
Probabilidade herdar alelo elite: 0.6514
Número de populações independentes: 3
Troca de informação de 4 individuos a cada 241 gerações
Número de threads: 1

Largura da faixa = 35
Melhor altura = 155

Lower Bound 1 = 124
Lower Bound 2 = 117
Avaliação = 1.25

Tempo de execução: 60.0178s

---------------------------

Tamanho da população: 475
Fração elite: 0.2121
Fração mutante: 0.0442
Probabilidade herdar alelo elite: 0.6514
Número de populações independentes: 3
Troca de informação de 4 individuos a cada 241 gerações
Número de threads: 1

Largura da faixa = 35
Melhor altura = 156

Lower Bound 1 = 124
Lower Bound 2 = 117
Avaliação = 1.25806

Tempo de execução: 60.0074s

---------------------------

Tamanho da população: 475
Fração elite: 0.2121
Fração mutante: 0.0442
Probabilidade herdar alelo elite: 0.6514
Número de populações independentes: 3
Troca de informação de 4 individuos a cada 241 gerações
Número de threads: 1

Largura da faixa = 35
Melhor altura = 155

Lower Bound 1 = 124
Lower Bound 2 = 117
Avaliação = 1.25

Tempo de execução: 60.0079s
