Tamanho da população: 297
Fração elite: 0.55
Fração mutante: 0.0174
Probabilidade herdar alelo elite: 0.7678
Número de populações independentes: 1
Número de threads: 1
Trocar os melhores indivíduos a cada 30 gerações
Número máximo de gerações: 279

Largura da faixa = 13
Melhor altura = 48

Lower Bound 1 = 46
Lower Bound 2 = 13
Avaliação = 1.04348

Tempo de execução: 1.5151s

---------------------------

Tamanho da população: 297
Fração elite: 0.55
Fração mutante: 0.0174
Probabilidade herdar alelo elite: 0.7678
Número de populações independentes: 1
Número de threads: 1
Trocar os melhores indivíduos a cada 30 gerações
Número máximo de gerações: 279

Largura da faixa = 13
Melhor altura = 48

Lower Bound 1 = 46
Lower Bound 2 = 13
Avaliação = 1.04348

Tempo de execução: 2.07665s

---------------------------

Tamanho da população: 297
Fração elite: 0.55
Fração mutante: 0.0174
Probabilidade herdar alelo elite: 0.7678
Número de populações independentes: 1
Número de threads: 1
Trocar os melhores indivíduos a cada 30 gerações
Número máximo de gerações: 279

Largura da faixa = 13
Melhor altura = 48

Lower Bound 1 = 46
Lower Bound 2 = 13
Avaliação = 1.04348

Tempo de execução: 2.3609s

---------------------------

Tamanho da população: 297
Fração elite: 0.55
Fração mutante: 0.0174
Probabilidade herdar alelo elite: 0.7678
Número de populações independentes: 1
Número de threads: 1
Trocar os melhores indivíduos a cada 30 gerações
Número máximo de gerações: 279

Largura da faixa = 13
Melhor altura = 48

Lower Bound 1 = 46
Lower Bound 2 = 13
Avaliação = 1.04348

Tempo de execução: 1.81872s

---------------------------

Tamanho da população: 297
Fração elite: 0.55
Fração mutante: 0.0174
Probabilidade herdar alelo elite: 0.7678
Número de populações independentes: 1
Número de threads: 1
Trocar os melhores indivíduos a cada 30 gerações
Número máximo de gerações: 279

Largura da faixa = 13
Melhor altura = 48

Lower Bound 1 = 46
Lower Bound 2 = 13
Avaliação = 1.04348

Tempo de execução: 1.82405s

---------------------------

Tamanho da população: 297
Fração elite: 0.55
Fração mutante: 0.0174
Probabilidade herdar alelo elite: 0.7678
Número de populações independentes: 1
Número de threads: 1
Trocar os melhores indivíduos a cada 30 gerações
Número máximo de gerações: 279

Largura da faixa = 13
Melhor altura = 48

Lower Bound 1 = 46
Lower Bound 2 = 13
Avaliação = 1.04348

Tempo de execução: 1.94471s

---------------------------

Tamanho da população: 297
Fração elite: 0.55
Fração mutante: 0.0174
Probabilidade herdar alelo elite: 0.7678
Número de populações independentes: 1
Número de threads: 1
Trocar os melhores indivíduos a cada 30 gerações
Número máximo de gerações: 279

Largura da faixa = 13
Melhor altura = 48

Lower Bound 1 = 46
Lower Bound 2 = 13
Avaliação = 1.04348

Tempo de execução: 1.84692s

---------------------------

Tamanho da população: 297
Fração elite: 0.55
Fração mutante: 0.0174
Probabilidade herdar alelo elite: 0.7678
Número de populações independentes: 1
Número de threads: 1
Trocar os melhores indivíduos a cada 30 gerações
Número máximo de gerações: 279

Largura da faixa = 13
Melhor altura = 48

Lower Bound 1 = 46
Lower Bound 2 = 13
Avaliação = 1.04348

Tempo de execução: 1.86345s

---------------------------

Tamanho da população: 297
Fração elite: 0.55
Fração mutante: 0.0174
Probabilidade herdar alelo elite: 0.7678
Número de populações independentes: 1
Número de threads: 1
Trocar os melhores indivíduos a cada 30 gerações
Número máximo de gerações: 279

Largura da faixa = 13
Melhor altura = 48

Lower Bound 1 = 46
Lower Bound 2 = 13
Avaliação = 1.04348

Tempo de execução: 2.55455s

---------------------------

Tamanho da população: 297
Fração elite: 0.55
Fração mutante: 0.0174
Probabilidade herdar alelo elite: 0.7678
Número de populações independentes: 1
Número de threads: 1
Trocar os melhores indivíduos a cada 30 gerações
Número máximo de gerações: 279

Largura da faixa = 13
Melhor altura = 48

Lower Bound 1 = 46
Lower Bound 2 = 13
Avaliação = 1.04348

Tempo de execução: 2.35269s

---------------------------

Tamanho da população: 297
Fração elite: 0.55
Fração mutante: 0.0174
Probabilidade herdar alelo elite: 0.7678
Número de populações independentes: 1
Número de threads: 1
Trocar os melhores indivíduos a cada 30 gerações
Número máximo de gerações: 279

Largura da faixa = 13
Melhor altura = 48

Lower Bound 1 = 46
Lower Bound 2 = 13
Avaliação = 1.04348

Tempo de execução: 2.54733s

---------------------------

Tamanho da população: 297
Fração elite: 0.55
Fração mutante: 0.0174
Probabilidade herdar alelo elite: 0.7678
Número de populações independentes: 1
Número de threads: 1
Trocar os melhores indivíduos a cada 30 gerações
Número máximo de gerações: 279

Largura da faixa = 13
Melhor altura = 48

Lower Bound 1 = 46
Lower Bound 2 = 13
Avaliação = 1.04348

Tempo de execução: 2.54948s

---------------------------

Tamanho da população: 297
Fração elite: 0.55
Fração mutante: 0.0174
Probabilidade herdar alelo elite: 0.7678
Número de populações independentes: 1
Número de threads: 1
Trocar os melhores indivíduos a cada 30 gerações
Número máximo de gerações: 279

Largura da faixa = 13
Melhor altura = 48

Lower Bound 1 = 46
Lower Bound 2 = 13
Avaliação = 1.04348

Tempo de execução: 2.26728s

---------------------------

Tamanho da população: 297
Fração elite: 0.55
Fração mutante: 0.0174
Probabilidade herdar alelo elite: 0.7678
Número de populações independentes: 1
Número de threads: 1
Trocar os melhores indivíduos a cada 30 gerações
Número máximo de gerações: 279

Largura da faixa = 13
Melhor altura = 48

Lower Bound 1 = 46
Lower Bound 2 = 13
Avaliação = 1.04348

Tempo de execução: 2.52388s

---------------------------

Tamanho da população: 297
Fração elite: 0.55
Fração mutante: 0.0174
Probabilidade herdar alelo elite: 0.7678
Número de populações independentes: 1
Número de threads: 1
Trocar os melhores indivíduos a cada 30 gerações
Número máximo de gerações: 279

Largura da faixa = 13
Melhor altura = 49

Lower Bound 1 = 46
Lower Bound 2 = 13
Avaliação = 1.06522

Tempo de execução: 2.57966s

---------------------------

Tamanho da população: 297
Fração elite: 0.55
Fração mutante: 0.0174
Probabilidade herdar alelo elite: 0.7678
Número de populações independentes: 1
Número de threads: 1
Trocar os melhores indivíduos a cada 30 gerações
Número máximo de gerações: 279

Largura da faixa = 13
Melhor altura = 49

Lower Bound 1 = 46
Lower Bound 2 = 13
Avaliação = 1.06522

Tempo de execução: 1.961s

---------------------------

Tamanho da população: 297
Fração elite: 0.55
Fração mutante: 0.0174
Probabilidade herdar alelo elite: 0.7678
Número de populações independentes: 1
Número de threads: 1
Trocar os melhores indivíduos a cada 30 gerações
Número máximo de gerações: 279

Largura da faixa = 13
Melhor altura = 48

Lower Bound 1 = 46
Lower Bound 2 = 13
Avaliação = 1.04348

Tempo de execução: 2.46392s

---------------------------

Tamanho da população: 297
Fração elite: 0.55
Fração mutante: 0.0174
Probabilidade herdar alelo elite: 0.7678
Número de populações independentes: 1
Número de threads: 1
Trocar os melhores indivíduos a cada 30 gerações
Número máximo de gerações: 279

Largura da faixa = 13
Melhor altura = 48

Lower Bound 1 = 46
Lower Bound 2 = 13
Avaliação = 1.04348

Tempo de execução: 2.49425s

---------------------------

Tamanho da população: 297
Fração elite: 0.55
Fração mutante: 0.0174
Probabilidade herdar alelo elite: 0.7678
Número de populações independentes: 1
Número de threads: 1
Trocar os melhores indivíduos a cada 30 gerações
Número máximo de gerações: 279

Largura da faixa = 13
Melhor altura = 48

Lower Bound 1 = 46
Lower Bound 2 = 13
Avaliação = 1.04348

Tempo de execução: 2.52867s

---------------------------

Tamanho da população: 297
Fração elite: 0.55
Fração mutante: 0.0174
Probabilidade herdar alelo elite: 0.7678
Número de populações independentes: 1
Número de threads: 1
Trocar os melhores indivíduos a cada 30 gerações
Número máximo de gerações: 279

Largura da faixa = 13
Melhor altura = 48

Lower Bound 1 = 46
Lower Bound 2 = 13
Avaliação = 1.04348

Tempo de execução: 2.64876s

---------------------------

Tamanho da população: 392
Fração elite: 0.2567
Fração mutante: 0.0202
Probabilidade herdar alelo elite: 0.6001
Número de populações independentes: 1
Número de threads: 1
Número máximo de gerações: 364

Largura da faixa = 13
Melhor altura = 48

Lower Bound 1 = 46
Lower Bound 2 = 13
Avaliação = 1.04348

Tempo de execução: 2.66527s

---------------------------

Tamanho da população: 392
Fração elite: 0.2567
Fração mutante: 0.0202
Probabilidade herdar alelo elite: 0.6001
Número de populações independentes: 1
Número de threads: 1
Número máximo de gerações: 364

Largura da faixa = 13
Melhor altura = 48

Lower Bound 1 = 46
Lower Bound 2 = 13
Avaliação = 1.04348

Tempo de execução: 2.72963s

---------------------------

Tamanho da população: 392
Fração elite: 0.2567
Fração mutante: 0.0202
Probabilidade herdar alelo elite: 0.6001
Número de populações independentes: 1
Número de threads: 1
Número máximo de gerações: 364

Largura da faixa = 13
Melhor altura = 48

Lower Bound 1 = 46
Lower Bound 2 = 13
Avaliação = 1.04348

Tempo de execução: 2.77155s

---------------------------

Tamanho da população: 392
Fração elite: 0.2567
Fração mutante: 0.0202
Probabilidade herdar alelo elite: 0.6001
Número de populações independentes: 1
Número de threads: 1
Número máximo de gerações: 364

Largura da faixa = 13
Melhor altura = 48

Lower Bound 1 = 46
Lower Bound 2 = 13
Avaliação = 1.04348

Tempo de execução: 2.6449s

---------------------------

Tamanho da população: 392
Fração elite: 0.2567
Fração mutante: 0.0202
Probabilidade herdar alelo elite: 0.6001
Número de populações independentes: 1
Número de threads: 1
Número máximo de gerações: 364

Largura da faixa = 13
Melhor altura = 48

Lower Bound 1 = 46
Lower Bound 2 = 13
Avaliação = 1.04348

Tempo de execução: 2.70381s

---------------------------

Tamanho da população: 392
Fração elite: 0.2567
Fração mutante: 0.0202
Probabilidade herdar alelo elite: 0.6001
Número de populações independentes: 1
Número de threads: 1
Número máximo de gerações: 364

Largura da faixa = 13
Melhor altura = 48

Lower Bound 1 = 46
Lower Bound 2 = 13
Avaliação = 1.04348

Tempo de execução: 2.75304s

---------------------------

Tamanho da população: 392
Fração elite: 0.2567
Fração mutante: 0.0202
Probabilidade herdar alelo elite: 0.6001
Número de populações independentes: 1
Número de threads: 1
Número máximo de gerações: 364

Largura da faixa = 13
Melhor altura = 48

Lower Bound 1 = 46
Lower Bound 2 = 13
Avaliação = 1.04348

Tempo de execução: 2.65357s

---------------------------

Tamanho da população: 392
Fração elite: 0.2567
Fração mutante: 0.0202
Probabilidade herdar alelo elite: 0.6001
Número de populações independentes: 1
Número de threads: 1
Número máximo de gerações: 364

Largura da faixa = 13
Melhor altura = 48

Lower Bound 1 = 46
Lower Bound 2 = 13
Avaliação = 1.04348

Tempo de execução: 2.67485s

---------------------------

Tamanho da população: 392
Fração elite: 0.2567
Fração mutante: 0.0202
Probabilidade herdar alelo elite: 0.6001
Número de populações independentes: 1
Número de threads: 1
Número máximo de gerações: 364

Largura da faixa = 13
Melhor altura = 48

Lower Bound 1 = 46
Lower Bound 2 = 13
Avaliação = 1.04348

Tempo de execução: 2.79632s

---------------------------

Tamanho da população: 392
Fração elite: 0.2567
Fração mutante: 0.0202
Probabilidade herdar alelo elite: 0.6001
Número de populações independentes: 1
Número de threads: 1
Número máximo de gerações: 364

Largura da faixa = 13
Melhor altura = 48

Lower Bound 1 = 46
Lower Bound 2 = 13
Avaliação = 1.04348

Tempo de execução: 2.60839s

---------------------------

Tamanho da população: 392
Fração elite: 0.2567
Fração mutante: 0.0202
Probabilidade herdar alelo elite: 0.6001
Número de populações independentes: 1
Número de threads: 1
Número máximo de gerações: 364

Largura da faixa = 13
Melhor altura = 48

Lower Bound 1 = 46
Lower Bound 2 = 13
Avaliação = 1.04348

Tempo de execução: 2.64609s

---------------------------

Tamanho da população: 392
Fração elite: 0.2567
Fração mutante: 0.0202
Probabilidade herdar alelo elite: 0.6001
Número de populações independentes: 1
Número de threads: 1
Número máximo de gerações: 364

Largura da faixa = 13
Melhor altura = 48

Lower Bound 1 = 46
Lower Bound 2 = 13
Avaliação = 1.04348

Tempo de execução: 2.68467s

---------------------------

Tamanho da população: 392
Fração elite: 0.2567
Fração mutante: 0.0202
Probabilidade herdar alelo elite: 0.6001
Número de populações independentes: 1
Número de threads: 1
Número máximo de gerações: 364

Largura da faixa = 13
Melhor altura = 48

Lower Bound 1 = 46
Lower Bound 2 = 13
Avaliação = 1.04348

Tempo de execução: 2.6412s

---------------------------

Tamanho da população: 392
Fração elite: 0.2567
Fração mutante: 0.0202
Probabilidade herdar alelo elite: 0.6001
Número de populações independentes: 1
Número de threads: 1
Número máximo de gerações: 364

Largura da faixa = 13
Melhor altura = 48

Lower Bound 1 = 46
Lower Bound 2 = 13
Avaliação = 1.04348

Tempo de execução: 2.71237s

---------------------------

Tamanho da população: 392
Fração elite: 0.2567
Fração mutante: 0.0202
Probabilidade herdar alelo elite: 0.6001
Número de populações independentes: 1
Número de threads: 1
Número máximo de gerações: 364

Largura da faixa = 13
Melhor altura = 48

Lower Bound 1 = 46
Lower Bound 2 = 13
Avaliação = 1.04348

Tempo de execução: 2.73162s

---------------------------

Tamanho da população: 392
Fração elite: 0.2567
Fração mutante: 0.0202
Probabilidade herdar alelo elite: 0.6001
Número de populações independentes: 1
Número de threads: 1
Número máximo de gerações: 364

Largura da faixa = 13
Melhor altura = 48

Lower Bound 1 = 46
Lower Bound 2 = 13
Avaliação = 1.04348

Tempo de execução: 2.64583s

---------------------------

Tamanho da população: 392
Fração elite: 0.2567
Fração mutante: 0.0202
Probabilidade herdar alelo elite: 0.6001
Número de populações independentes: 1
Número de threads: 1
Número máximo de gerações: 364

Largura da faixa = 13
Melhor altura = 48

Lower Bound 1 = 46
Lower Bound 2 = 13
Avaliação = 1.04348

Tempo de execução: 2.73307s

---------------------------

Tamanho da população: 392
Fração elite: 0.2567
Fração mutante: 0.0202
Probabilidade herdar alelo elite: 0.6001
Número de populações independentes: 1
Número de threads: 1
Número máximo de gerações: 364

Largura da faixa = 13
Melhor altura = 48

Lower Bound 1 = 46
Lower Bound 2 = 13
Avaliação = 1.04348

Tempo de execução: 2.81848s

---------------------------

Tamanho da população: 392
Fração elite: 0.2567
Fração mutante: 0.0202
Probabilidade herdar alelo elite: 0.6001
Número de populações independentes: 1
Número de threads: 1
Número máximo de gerações: 364

Largura da faixa = 13
Melhor altura = 48

Lower Bound 1 = 46
Lower Bound 2 = 13
Avaliação = 1.04348

Tempo de execução: 2.60833s

---------------------------

Tamanho da população: 392
Fração elite: 0.2567
Fração mutante: 0.0202
Probabilidade herdar alelo elite: 0.6001
Número de populações independentes: 1
Número de threads: 1
Número máximo de gerações: 364

Largura da faixa = 13
Melhor altura = 48

Lower Bound 1 = 46
Lower Bound 2 = 13
Avaliação = 1.04348

Tempo de execução: 2.66032s

---------------------------

