Tamanho da população: 475
Fração elite: 0.2121
Fração mutante: 0.0442
Probabilidade herdar alelo elite: 0.6514
Número de populações independentes: 3
Troca de informação de 4 individuos a cada 241 gerações
Número de threads: 1

Largura da faixa = 24
Melhor altura = 84

Lower Bound 1 = 75
Lower Bound 2 = 28
Avaliação = 1.12

Tempo de execução: 60.0058s

---------------------------

Tamanho da população: 475
Fração elite: 0.2121
Fração mutante: 0.0442
Probabilidade herdar alelo elite: 0.6514
Número de populações independentes: 3
Troca de informação de 4 individuos a cada 241 gerações
Número de threads: 1

Largura da faixa = 24
Melhor altura = 84

Lower Bound 1 = 75
Lower Bound 2 = 28
Avaliação = 1.12

Tempo de execução: 60.014s

---------------------------

Tamanho da população: 475
Fração elite: 0.2121
Fração mutante: 0.0442
Probabilidade herdar alelo elite: 0.6514
Número de populações independentes: 3
Troca de informação de 4 individuos a cada 241 gerações
Número de threads: 1

Largura da faixa = 24
Melhor altura = 83

Lower Bound 1 = 75
Lower Bound 2 = 28
Avaliação = 1.10667

Tempo de execução: 60.0205s

---------------------------

Tamanho da população: 475
Fração elite: 0.2121
Fração mutante: 0.0442
Probabilidade herdar alelo elite: 0.6514
Número de populações independentes: 3
Troca de informação de 4 individuos a cada 241 gerações
Número de threads: 1

Largura da faixa = 24
Melhor altura = 84

Lower Bound 1 = 75
Lower Bound 2 = 28
Avaliação = 1.12

Tempo de execução: 60.0035s

---------------------------

Tamanho da população: 475
Fração elite: 0.2121
Fração mutante: 0.0442
Probabilidade herdar alelo elite: 0.6514
Número de populações independentes: 3
Troca de informação de 4 individuos a cada 241 gerações
Número de threads: 1

Largura da faixa = 24
Melhor altura = 84

Lower Bound 1 = 75
Lower Bound 2 = 28
Avaliação = 1.12

Tempo de execução: 60.0164s

---------------------------

Tamanho da população: 475
Fração elite: 0.2121
Fração mutante: 0.0442
Probabilidade herdar alelo elite: 0.6514
Número de populações independentes: 3
Troca de informação de 4 individuos a cada 241 gerações
Número de threads: 1

Largura da faixa = 24
Melhor altura = 83

Lower Bound 1 = 75
Lower Bound 2 = 28
Avaliação = 1.10667

Tempo de execução: 60.0179s

---------------------------

Tamanho da população: 475
Fração elite: 0.2121
Fração mutante: 0.0442
Probabilidade herdar alelo elite: 0.6514
Número de populações independentes: 3
Troca de informação de 4 individuos a cada 241 gerações
Número de threads: 1

Largura da faixa = 24
Melhor altura = 84

Lower Bound 1 = 75
Lower Bound 2 = 28
Avaliação = 1.12

Tempo de execução: 60.0059s

---------------------------

Tamanho da população: 475
Fração elite: 0.2121
Fração mutante: 0.0442
Probabilidade herdar alelo elite: 0.6514
Número de populações independentes: 3
Troca de informação de 4 individuos a cada 241 gerações
Número de threads: 1

Largura da faixa = 24
Melhor altura = 84

Lower Bound 1 = 75
Lower Bound 2 = 28
Avaliação = 1.12

Tempo de execução: 60.008s

---------------------------

Tamanho da população: 475
Fração elite: 0.2121
Fração mutante: 0.0442
Probabilidade herdar alelo elite: 0.6514
Número de populações independentes: 3
Troca de informação de 4 individuos a cada 241 gerações
Número de threads: 1

Largura da faixa = 24
Melhor altura = 84

Lower Bound 1 = 75
Lower Bound 2 = 28
Avaliação = 1.12

Tempo de execução: 60.0223s

---------------------------

Tamanho da população: 475
Fração elite: 0.2121
Fração mutante: 0.0442
Probabilidade herdar alelo elite: 0.6514
Número de populações independentes: 3
Troca de informação de 4 individuos a cada 241 gerações
Número de threads: 1

Largura da faixa = 24
Melhor altura = 84

Lower Bound 1 = 75
Lower Bound 2 = 28
Avaliação = 1.12

Tempo de execução: 60.0025s

---------------------------

Tamanho da população: 475
Fração elite: 0.2121
Fração mutante: 0.0442
Probabilidade herdar alelo elite: 0.6514
Número de populações independentes: 3
Troca de informação de 4 individuos a cada 241 gerações
Número de threads: 1

Largura da faixa = 24
Melhor altura = 84

Lower Bound 1 = 75
Lower Bound 2 = 28
Avaliação = 1.12

Tempo de execução: 60.0047s

---------------------------

Tamanho da população: 475
Fração elite: 0.2121
Fração mutante: 0.0442
Probabilidade herdar alelo elite: 0.6514
Número de populações independentes: 3
Troca de informação de 4 individuos a cada 241 gerações
Número de threads: 1

Largura da faixa = 24
Melhor altura = 84

Lower Bound 1 = 75
Lower Bound 2 = 28
Avaliação = 1.12

Tempo de execução: 60.016s

---------------------------

Tamanho da população: 475
Fração elite: 0.2121
Fração mutante: 0.0442
Probabilidade herdar alelo elite: 0.6514
Número de populações independentes: 3
Troca de informação de 4 individuos a cada 241 gerações
Número de threads: 1

Largura da faixa = 24
Melhor altura = 84

Lower Bound 1 = 75
Lower Bound 2 = 28
Avaliação = 1.12

Tempo de execução: 60.0064s

---------------------------

Tamanho da população: 475
Fração elite: 0.2121
Fração mutante: 0.0442
Probabilidade herdar alelo elite: 0.6514
Número de populações independentes: 3
Troca de informação de 4 individuos a cada 241 gerações
Número de threads: 1

Largura da faixa = 24
Melhor altura = 84

Lower Bound 1 = 75
Lower Bound 2 = 28
Avaliação = 1.12

Tempo de execução: 60.0101s

---------------------------

Tamanho da população: 475
Fração elite: 0.2121
Fração mutante: 0.0442
Probabilidade herdar alelo elite: 0.6514
Número de populações independentes: 3
Troca de informação de 4 individuos a cada 241 gerações
Número de threads: 1

Largura da faixa = 24
Melhor altura = 84

Lower Bound 1 = 75
Lower Bound 2 = 28
Avaliação = 1.12

Tempo de execução: 60.0182s

---------------------------

Tamanho da população: 475
Fração elite: 0.2121
Fração mutante: 0.0442
Probabilidade herdar alelo elite: 0.6514
Número de populações independentes: 3
Troca de informação de 4 individuos a cada 241 gerações
Número de threads: 1

Largura da faixa = 24
Melhor altura = 84

Lower Bound 1 = 75
Lower Bound 2 = 28
Avaliação = 1.12

Tempo de execução: 60.0097s

---------------------------

Tamanho da população: 475
Fração elite: 0.2121
Fração mutante: 0.0442
Probabilidade herdar alelo elite: 0.6514
Número de populações independentes: 3
Troca de informação de 4 individuos a cada 241 gerações
Número de threads: 1

Largura da faixa = 24
Melhor altura = 84

Lower Bound 1 = 75
Lower Bound 2 = 28
Avaliação = 1.12

Tempo de execução: 60.0103s

---------------------------

Tamanho da população: 475
Fração elite: 0.2121
Fração mutante: 0.0442
Probabilidade herdar alelo elite: 0.6514
Número de populações independentes: 3
Troca de informação de 4 individuos a cada 241 gerações
Número de threads: 1

Largura da faixa = 24
Melhor altura = 84

Lower Bound 1 = 75
Lower Bound 2 = 28
Avaliação = 1.12

Tempo de execução: 60.0154s

---------------------------

Tamanho da população: 475
Fração elite: 0.2121
Fração mutante: 0.0442
Probabilidade herdar alelo elite: 0.6514
Número de populações independentes: 3
Troca de informação de 4 individuos a cada 241 gerações
Número de threads: 1

Largura da faixa = 24
Melhor altura = 84

Lower Bound 1 = 75
Lower Bound 2 = 28
Avaliação = 1.12

Tempo de execução: 60.0159s

---------------------------

Tamanho da população: 475
Fração elite: 0.2121
Fração mutante: 0.0442
Probabilidade herdar alelo elite: 0.6514
Número de populações independentes: 3
Troca de informação de 4 individuos a cada 241 gerações
Número de threads: 1

Largura da faixa = 24
Melhor altura = 84

Lower Bound 1 = 75
Lower Bound 2 = 28
Avaliação = 1.12

Tempo de execução: 60.0168s
