Tamanho da população: 475
Fração elite: 0.2121
Fração mutante: 0.0442
Probabilidade herdar alelo elite: 0.6514
Número de populações independentes: 3
Troca de informação de 4 individuos a cada 241 gerações
Número de threads: 1

Largura da faixa = 28
Melhor altura = 145

Lower Bound 1 = 128
Lower Bound 2 = 119
Avaliação = 1.13281

Tempo de execução: 60.0004s

---------------------------

Tamanho da população: 475
Fração elite: 0.2121
Fração mutante: 0.0442
Probabilidade herdar alelo elite: 0.6514
Número de populações independentes: 3
Troca de informação de 4 individuos a cada 241 gerações
Número de threads: 1

Largura da faixa = 28
Melhor altura = 146

Lower Bound 1 = 128
Lower Bound 2 = 119
Avaliação = 1.14062

Tempo de execução: 60.0042s

---------------------------

Tamanho da população: 475
Fração elite: 0.2121
Fração mutante: 0.0442
Probabilidade herdar alelo elite: 0.6514
Número de populações independentes: 3
Troca de informação de 4 individuos a cada 241 gerações
Número de threads: 1

Largura da faixa = 28
Melhor altura = 145

Lower Bound 1 = 128
Lower Bound 2 = 119
Avaliação = 1.13281

Tempo de execução: 60.0046s

---------------------------

Tamanho da população: 475
Fração elite: 0.2121
Fração mutante: 0.0442
Probabilidade herdar alelo elite: 0.6514
Número de populações independentes: 3
Troca de informação de 4 individuos a cada 241 gerações
Número de threads: 1

Largura da faixa = 28
Melhor altura = 145

Lower Bound 1 = 128
Lower Bound 2 = 119
Avaliação = 1.13281

Tempo de execução: 60.01s

---------------------------

Tamanho da população: 475
Fração elite: 0.2121
Fração mutante: 0.0442
Probabilidade herdar alelo elite: 0.6514
Número de populações independentes: 3
Troca de informação de 4 individuos a cada 241 gerações
Número de threads: 1

Largura da faixa = 28
Melhor altura = 146

Lower Bound 1 = 128
Lower Bound 2 = 119
Avaliação = 1.14062

Tempo de execução: 60.0216s

---------------------------

Tamanho da população: 475
Fração elite: 0.2121
Fração mutante: 0.0442
Probabilidade herdar alelo elite: 0.6514
Número de populações independentes: 3
Troca de informação de 4 individuos a cada 241 gerações
Número de threads: 1

Largura da faixa = 28
Melhor altura = 146

Lower Bound 1 = 128
Lower Bound 2 = 119
Avaliação = 1.14062

Tempo de execução: 60.0256s

---------------------------

Tamanho da população: 475
Fração elite: 0.2121
Fração mutante: 0.0442
Probabilidade herdar alelo elite: 0.6514
Número de populações independentes: 3
Troca de informação de 4 individuos a cada 241 gerações
Número de threads: 1

Largura da faixa = 28
Melhor altura = 146

Lower Bound 1 = 128
Lower Bound 2 = 119
Avaliação = 1.14062

Tempo de execução: 60.0024s

---------------------------

Tamanho da população: 475
Fração elite: 0.2121
Fração mutante: 0.0442
Probabilidade herdar alelo elite: 0.6514
Número de populações independentes: 3
Troca de informação de 4 individuos a cada 241 gerações
Número de threads: 1

Largura da faixa = 28
Melhor altura = 146

Lower Bound 1 = 128
Lower Bound 2 = 119
Avaliação = 1.14062

Tempo de execução: 60.0057s

---------------------------

Tamanho da população: 475
Fração elite: 0.2121
Fração mutante: 0.0442
Probabilidade herdar alelo elite: 0.6514
Número de populações independentes: 3
Troca de informação de 4 individuos a cada 241 gerações
Número de threads: 1

Largura da faixa = 28
Melhor altura = 146

Lower Bound 1 = 128
Lower Bound 2 = 119
Avaliação = 1.14062

Tempo de execução: 60.0186s

---------------------------

Tamanho da população: 475
Fração elite: 0.2121
Fração mutante: 0.0442
Probabilidade herdar alelo elite: 0.6514
Número de populações independentes: 3
Troca de informação de 4 individuos a cada 241 gerações
Número de threads: 1

Largura da faixa = 28
Melhor altura = 146

Lower Bound 1 = 128
Lower Bound 2 = 119
Avaliação = 1.14062

Tempo de execução: 60.0023s

---------------------------

Tamanho da população: 475
Fração elite: 0.2121
Fração mutante: 0.0442
Probabilidade herdar alelo elite: 0.6514
Número de populações independentes: 3
Troca de informação de 4 individuos a cada 241 gerações
Número de threads: 1

Largura da faixa = 28
Melhor altura = 146

Lower Bound 1 = 128
Lower Bound 2 = 119
Avaliação = 1.14062

Tempo de execução: 60.0306s

---------------------------

Tamanho da população: 475
Fração elite: 0.2121
Fração mutante: 0.0442
Probabilidade herdar alelo elite: 0.6514
Número de populações independentes: 3
Troca de informação de 4 individuos a cada 241 gerações
Número de threads: 1

Largura da faixa = 28
Melhor altura = 147

Lower Bound 1 = 128
Lower Bound 2 = 119
Avaliação = 1.14844

Tempo de execução: 60.0383s

---------------------------

Tamanho da população: 475
Fração elite: 0.2121
Fração mutante: 0.0442
Probabilidade herdar alelo elite: 0.6514
Número de populações independentes: 3
Troca de informação de 4 individuos a cada 241 gerações
Número de threads: 1

Largura da faixa = 28
Melhor altura = 146

Lower Bound 1 = 128
Lower Bound 2 = 119
Avaliação = 1.14062

Tempo de execução: 60.0064s

---------------------------

Tamanho da população: 475
Fração elite: 0.2121
Fração mutante: 0.0442
Probabilidade herdar alelo elite: 0.6514
Número de populações independentes: 3
Troca de informação de 4 individuos a cada 241 gerações
Número de threads: 1

Largura da faixa = 28
Melhor altura = 145

Lower Bound 1 = 128
Lower Bound 2 = 119
Avaliação = 1.13281

Tempo de execução: 60.0249s

---------------------------

Tamanho da população: 475
Fração elite: 0.2121
Fração mutante: 0.0442
Probabilidade herdar alelo elite: 0.6514
Número de populações independentes: 3
Troca de informação de 4 individuos a cada 241 gerações
Número de threads: 1

Largura da faixa = 28
Melhor altura = 146

Lower Bound 1 = 128
Lower Bound 2 = 119
Avaliação = 1.14062

Tempo de execução: 60.0265s

---------------------------

Tamanho da população: 475
Fração elite: 0.2121
Fração mutante: 0.0442
Probabilidade herdar alelo elite: 0.6514
Número de populações independentes: 3
Troca de informação de 4 individuos a cada 241 gerações
Número de threads: 1

Largura da faixa = 28
Melhor altura = 146

Lower Bound 1 = 128
Lower Bound 2 = 119
Avaliação = 1.14062

Tempo de execução: 60.0105s

---------------------------

Tamanho da população: 475
Fração elite: 0.2121
Fração mutante: 0.0442
Probabilidade herdar alelo elite: 0.6514
Número de populações independentes: 3
Troca de informação de 4 individuos a cada 241 gerações
Número de threads: 1

Largura da faixa = 28
Melhor altura = 145

Lower Bound 1 = 128
Lower Bound 2 = 119
Avaliação = 1.13281

Tempo de execução: 60.0121s

---------------------------

Tamanho da população: 475
Fração elite: 0.2121
Fração mutante: 0.0442
Probabilidade herdar alelo elite: 0.6514
Número de populações independentes: 3
Troca de informação de 4 individuos a cada 241 gerações
Número de threads: 1

Largura da faixa = 28
Melhor altura = 147

Lower Bound 1 = 128
Lower Bound 2 = 119
Avaliação = 1.14844

Tempo de execução: 60.0129s

---------------------------

Tamanho da população: 475
Fração elite: 0.2121
Fração mutante: 0.0442
Probabilidade herdar alelo elite: 0.6514
Número de populações independentes: 3
Troca de informação de 4 individuos a cada 241 gerações
Número de threads: 1

Largura da faixa = 28
Melhor altura = 145

Lower Bound 1 = 128
Lower Bound 2 = 119
Avaliação = 1.13281

Tempo de execução: 60.0218s

---------------------------

Tamanho da população: 475
Fração elite: 0.2121
Fração mutante: 0.0442
Probabilidade herdar alelo elite: 0.6514
Número de populações independentes: 3
Troca de informação de 4 individuos a cada 241 gerações
Número de threads: 1

Largura da faixa = 28
Melhor altura = 145

Lower Bound 1 = 128
Lower Bound 2 = 119
Avaliação = 1.13281

Tempo de execução: 60.0316s
