Tamanho da população: 297
Fração elite: 0.55
Fração mutante: 0.0174
Probabilidade herdar alelo elite: 0.7678
Número de populações independentes: 1
Número de threads: 1
Trocar os melhores indivíduos a cada 30 gerações
Número máximo de gerações: 279

Largura da faixa = 62
Melhor altura = 181

Lower Bound 1 = 154
Lower Bound 2 = 64
Avaliação = 1.17532

Tempo de execução: 11.0643s

---------------------------

Tamanho da população: 297
Fração elite: 0.55
Fração mutante: 0.0174
Probabilidade herdar alelo elite: 0.7678
Número de populações independentes: 1
Número de threads: 1
Trocar os melhores indivíduos a cada 30 gerações
Número máximo de gerações: 279

Largura da faixa = 62
Melhor altura = 183

Lower Bound 1 = 154
Lower Bound 2 = 64
Avaliação = 1.18831

Tempo de execução: 12.7511s

---------------------------

Tamanho da população: 297
Fração elite: 0.55
Fração mutante: 0.0174
Probabilidade herdar alelo elite: 0.7678
Número de populações independentes: 1
Número de threads: 1
Trocar os melhores indivíduos a cada 30 gerações
Número máximo de gerações: 279

Largura da faixa = 62
Melhor altura = 181

Lower Bound 1 = 154
Lower Bound 2 = 64
Avaliação = 1.17532

Tempo de execução: 12.996s

---------------------------

Tamanho da população: 297
Fração elite: 0.55
Fração mutante: 0.0174
Probabilidade herdar alelo elite: 0.7678
Número de populações independentes: 1
Número de threads: 1
Trocar os melhores indivíduos a cada 30 gerações
Número máximo de gerações: 279

Largura da faixa = 62
Melhor altura = 178

Lower Bound 1 = 154
Lower Bound 2 = 64
Avaliação = 1.15584

Tempo de execução: 10.4332s

---------------------------

Tamanho da população: 297
Fração elite: 0.55
Fração mutante: 0.0174
Probabilidade herdar alelo elite: 0.7678
Número de populações independentes: 1
Número de threads: 1
Trocar os melhores indivíduos a cada 30 gerações
Número máximo de gerações: 279

Largura da faixa = 62
Melhor altura = 181

Lower Bound 1 = 154
Lower Bound 2 = 64
Avaliação = 1.17532

Tempo de execução: 12.1253s

---------------------------

Tamanho da população: 297
Fração elite: 0.55
Fração mutante: 0.0174
Probabilidade herdar alelo elite: 0.7678
Número de populações independentes: 1
Número de threads: 1
Trocar os melhores indivíduos a cada 30 gerações
Número máximo de gerações: 279

Largura da faixa = 62
Melhor altura = 179

Lower Bound 1 = 154
Lower Bound 2 = 64
Avaliação = 1.16234

Tempo de execução: 13.8832s

---------------------------

Tamanho da população: 297
Fração elite: 0.55
Fração mutante: 0.0174
Probabilidade herdar alelo elite: 0.7678
Número de populações independentes: 1
Número de threads: 1
Trocar os melhores indivíduos a cada 30 gerações
Número máximo de gerações: 279

Largura da faixa = 62
Melhor altura = 180

Lower Bound 1 = 154
Lower Bound 2 = 64
Avaliação = 1.16883

Tempo de execução: 12.0879s

---------------------------

Tamanho da população: 297
Fração elite: 0.55
Fração mutante: 0.0174
Probabilidade herdar alelo elite: 0.7678
Número de populações independentes: 1
Número de threads: 1
Trocar os melhores indivíduos a cada 30 gerações
Número máximo de gerações: 279

Largura da faixa = 62
Melhor altura = 181

Lower Bound 1 = 154
Lower Bound 2 = 64
Avaliação = 1.17532

Tempo de execução: 13.311s

---------------------------

Tamanho da população: 297
Fração elite: 0.55
Fração mutante: 0.0174
Probabilidade herdar alelo elite: 0.7678
Número de populações independentes: 1
Número de threads: 1
Trocar os melhores indivíduos a cada 30 gerações
Número máximo de gerações: 279

Largura da faixa = 62
Melhor altura = 180

Lower Bound 1 = 154
Lower Bound 2 = 64
Avaliação = 1.16883

Tempo de execução: 13.9043s

---------------------------

Tamanho da população: 297
Fração elite: 0.55
Fração mutante: 0.0174
Probabilidade herdar alelo elite: 0.7678
Número de populações independentes: 1
Número de threads: 1
Trocar os melhores indivíduos a cada 30 gerações
Número máximo de gerações: 279

Largura da faixa = 62
Melhor altura = 182

Lower Bound 1 = 154
Lower Bound 2 = 64
Avaliação = 1.18182

Tempo de execução: 10.3833s

---------------------------

Tamanho da população: 297
Fração elite: 0.55
Fração mutante: 0.0174
Probabilidade herdar alelo elite: 0.7678
Número de populações independentes: 1
Número de threads: 1
Trocar os melhores indivíduos a cada 30 gerações
Número máximo de gerações: 279

Largura da faixa = 62
Melhor altura = 179

Lower Bound 1 = 154
Lower Bound 2 = 64
Avaliação = 1.16234

Tempo de execução: 11.3921s

---------------------------

Tamanho da população: 297
Fração elite: 0.55
Fração mutante: 0.0174
Probabilidade herdar alelo elite: 0.7678
Número de populações independentes: 1
Número de threads: 1
Trocar os melhores indivíduos a cada 30 gerações
Número máximo de gerações: 279

Largura da faixa = 62
Melhor altura = 180

Lower Bound 1 = 154
Lower Bound 2 = 64
Avaliação = 1.16883

Tempo de execução: 14.025s

---------------------------

Tamanho da população: 297
Fração elite: 0.55
Fração mutante: 0.0174
Probabilidade herdar alelo elite: 0.7678
Número de populações independentes: 1
Número de threads: 1
Trocar os melhores indivíduos a cada 30 gerações
Número máximo de gerações: 279

Largura da faixa = 62
Melhor altura = 181

Lower Bound 1 = 154
Lower Bound 2 = 64
Avaliação = 1.17532

Tempo de execução: 10.936s

---------------------------

Tamanho da população: 297
Fração elite: 0.55
Fração mutante: 0.0174
Probabilidade herdar alelo elite: 0.7678
Número de populações independentes: 1
Número de threads: 1
Trocar os melhores indivíduos a cada 30 gerações
Número máximo de gerações: 279

Largura da faixa = 62
Melhor altura = 186

Lower Bound 1 = 154
Lower Bound 2 = 64
Avaliação = 1.20779

Tempo de execução: 11.1747s

---------------------------

Tamanho da população: 297
Fração elite: 0.55
Fração mutante: 0.0174
Probabilidade herdar alelo elite: 0.7678
Número de populações independentes: 1
Número de threads: 1
Trocar os melhores indivíduos a cada 30 gerações
Número máximo de gerações: 279

Largura da faixa = 62
Melhor altura = 182

Lower Bound 1 = 154
Lower Bound 2 = 64
Avaliação = 1.18182

Tempo de execução: 11.8444s

---------------------------

Tamanho da população: 297
Fração elite: 0.55
Fração mutante: 0.0174
Probabilidade herdar alelo elite: 0.7678
Número de populações independentes: 1
Número de threads: 1
Trocar os melhores indivíduos a cada 30 gerações
Número máximo de gerações: 279

Largura da faixa = 62
Melhor altura = 180

Lower Bound 1 = 154
Lower Bound 2 = 64
Avaliação = 1.16883

Tempo de execução: 11.4827s

---------------------------

Tamanho da população: 297
Fração elite: 0.55
Fração mutante: 0.0174
Probabilidade herdar alelo elite: 0.7678
Número de populações independentes: 1
Número de threads: 1
Trocar os melhores indivíduos a cada 30 gerações
Número máximo de gerações: 279

Largura da faixa = 62
Melhor altura = 180

Lower Bound 1 = 154
Lower Bound 2 = 64
Avaliação = 1.16883

Tempo de execução: 13.49s

---------------------------

Tamanho da população: 297
Fração elite: 0.55
Fração mutante: 0.0174
Probabilidade herdar alelo elite: 0.7678
Número de populações independentes: 1
Número de threads: 1
Trocar os melhores indivíduos a cada 30 gerações
Número máximo de gerações: 279

Largura da faixa = 62
Melhor altura = 181

Lower Bound 1 = 154
Lower Bound 2 = 64
Avaliação = 1.17532

Tempo de execução: 13.9544s

---------------------------

Tamanho da população: 297
Fração elite: 0.55
Fração mutante: 0.0174
Probabilidade herdar alelo elite: 0.7678
Número de populações independentes: 1
Número de threads: 1
Trocar os melhores indivíduos a cada 30 gerações
Número máximo de gerações: 279

Largura da faixa = 62
Melhor altura = 181

Lower Bound 1 = 154
Lower Bound 2 = 64
Avaliação = 1.17532

Tempo de execução: 9.57377s

---------------------------

Tamanho da população: 297
Fração elite: 0.55
Fração mutante: 0.0174
Probabilidade herdar alelo elite: 0.7678
Número de populações independentes: 1
Número de threads: 1
Trocar os melhores indivíduos a cada 30 gerações
Número máximo de gerações: 279

Largura da faixa = 62
Melhor altura = 180

Lower Bound 1 = 154
Lower Bound 2 = 64
Avaliação = 1.16883

Tempo de execução: 12.2636s

---------------------------

Tamanho da população: 392
Fração elite: 0.2567
Fração mutante: 0.0202
Probabilidade herdar alelo elite: 0.6001
Número de populações independentes: 1
Número de threads: 1
Número máximo de gerações: 364

Largura da faixa = 62
Melhor altura = 180

Lower Bound 1 = 154
Lower Bound 2 = 64
Avaliação = 1.16883

Tempo de execução: 16.273s

---------------------------

Tamanho da população: 392
Fração elite: 0.2567
Fração mutante: 0.0202
Probabilidade herdar alelo elite: 0.6001
Número de populações independentes: 1
Número de threads: 1
Número máximo de gerações: 364

Largura da faixa = 62
Melhor altura = 181

Lower Bound 1 = 154
Lower Bound 2 = 64
Avaliação = 1.17532

Tempo de execução: 16.4869s

---------------------------

Tamanho da população: 392
Fração elite: 0.2567
Fração mutante: 0.0202
Probabilidade herdar alelo elite: 0.6001
Número de populações independentes: 1
Número de threads: 1
Número máximo de gerações: 364

Largura da faixa = 62
Melhor altura = 178

Lower Bound 1 = 154
Lower Bound 2 = 64
Avaliação = 1.15584

Tempo de execução: 16.7716s

---------------------------

Tamanho da população: 392
Fração elite: 0.2567
Fração mutante: 0.0202
Probabilidade herdar alelo elite: 0.6001
Número de populações independentes: 1
Número de threads: 1
Número máximo de gerações: 364

Largura da faixa = 62
Melhor altura = 179

Lower Bound 1 = 154
Lower Bound 2 = 64
Avaliação = 1.16234

Tempo de execução: 16.4778s

---------------------------

Tamanho da população: 392
Fração elite: 0.2567
Fração mutante: 0.0202
Probabilidade herdar alelo elite: 0.6001
Número de populações independentes: 1
Número de threads: 1
Número máximo de gerações: 364

Largura da faixa = 62
Melhor altura = 180

Lower Bound 1 = 154
Lower Bound 2 = 64
Avaliação = 1.16883

Tempo de execução: 16.7638s

---------------------------

Tamanho da população: 392
Fração elite: 0.2567
Fração mutante: 0.0202
Probabilidade herdar alelo elite: 0.6001
Número de populações independentes: 1
Número de threads: 1
Número máximo de gerações: 364

Largura da faixa = 62
Melhor altura = 181

Lower Bound 1 = 154
Lower Bound 2 = 64
Avaliação = 1.17532

Tempo de execução: 17.0237s

---------------------------

Tamanho da população: 392
Fração elite: 0.2567
Fração mutante: 0.0202
Probabilidade herdar alelo elite: 0.6001
Número de populações independentes: 1
Número de threads: 1
Número máximo de gerações: 364

Largura da faixa = 62
Melhor altura = 180

Lower Bound 1 = 154
Lower Bound 2 = 64
Avaliação = 1.16883

Tempo de execução: 15.9699s

---------------------------

Tamanho da população: 392
Fração elite: 0.2567
Fração mutante: 0.0202
Probabilidade herdar alelo elite: 0.6001
Número de populações independentes: 1
Número de threads: 1
Número máximo de gerações: 364

Largura da faixa = 62
Melhor altura = 180

Lower Bound 1 = 154
Lower Bound 2 = 64
Avaliação = 1.16883

Tempo de execução: 16.1294s

---------------------------

Tamanho da população: 392
Fração elite: 0.2567
Fração mutante: 0.0202
Probabilidade herdar alelo elite: 0.6001
Número de populações independentes: 1
Número de threads: 1
Número máximo de gerações: 364

Largura da faixa = 62
Melhor altura = 182

Lower Bound 1 = 154
Lower Bound 2 = 64
Avaliação = 1.18182

Tempo de execução: 16.6621s

---------------------------

Tamanho da população: 392
Fração elite: 0.2567
Fração mutante: 0.0202
Probabilidade herdar alelo elite: 0.6001
Número de populações independentes: 1
Número de threads: 1
Número máximo de gerações: 364

Largura da faixa = 62
Melhor altura = 183

Lower Bound 1 = 154
Lower Bound 2 = 64
Avaliação = 1.18831

Tempo de execução: 16.2196s

---------------------------

Tamanho da população: 392
Fração elite: 0.2567
Fração mutante: 0.0202
Probabilidade herdar alelo elite: 0.6001
Número de populações independentes: 1
Número de threads: 1
Número máximo de gerações: 364

Largura da faixa = 62
Melhor altura = 179

Lower Bound 1 = 154
Lower Bound 2 = 64
Avaliação = 1.16234

Tempo de execução: 16.2569s

---------------------------

Tamanho da população: 392
Fração elite: 0.2567
Fração mutante: 0.0202
Probabilidade herdar alelo elite: 0.6001
Número de populações independentes: 1
Número de threads: 1
Número máximo de gerações: 364

Largura da faixa = 62
Melhor altura = 180

Lower Bound 1 = 154
Lower Bound 2 = 64
Avaliação = 1.16883

Tempo de execução: 16.5918s

---------------------------

Tamanho da população: 392
Fração elite: 0.2567
Fração mutante: 0.0202
Probabilidade herdar alelo elite: 0.6001
Número de populações independentes: 1
Número de threads: 1
Número máximo de gerações: 364

Largura da faixa = 62
Melhor altura = 181

Lower Bound 1 = 154
Lower Bound 2 = 64
Avaliação = 1.17532

Tempo de execução: 16.7007s

---------------------------

Tamanho da população: 392
Fração elite: 0.2567
Fração mutante: 0.0202
Probabilidade herdar alelo elite: 0.6001
Número de populações independentes: 1
Número de threads: 1
Número máximo de gerações: 364

Largura da faixa = 62
Melhor altura = 180

Lower Bound 1 = 154
Lower Bound 2 = 64
Avaliação = 1.16883

Tempo de execução: 16.7819s

---------------------------

Tamanho da população: 392
Fração elite: 0.2567
Fração mutante: 0.0202
Probabilidade herdar alelo elite: 0.6001
Número de populações independentes: 1
Número de threads: 1
Número máximo de gerações: 364

Largura da faixa = 62
Melhor altura = 179

Lower Bound 1 = 154
Lower Bound 2 = 64
Avaliação = 1.16234

Tempo de execução: 16.885s

---------------------------

Tamanho da população: 392
Fração elite: 0.2567
Fração mutante: 0.0202
Probabilidade herdar alelo elite: 0.6001
Número de populações independentes: 1
Número de threads: 1
Número máximo de gerações: 364

Largura da faixa = 62
Melhor altura = 182

Lower Bound 1 = 154
Lower Bound 2 = 64
Avaliação = 1.18182

Tempo de execução: 16.1575s

---------------------------

Tamanho da população: 392
Fração elite: 0.2567
Fração mutante: 0.0202
Probabilidade herdar alelo elite: 0.6001
Número de populações independentes: 1
Número de threads: 1
Número máximo de gerações: 364

Largura da faixa = 62
Melhor altura = 181

Lower Bound 1 = 154
Lower Bound 2 = 64
Avaliação = 1.17532

Tempo de execução: 16.1941s

---------------------------

Tamanho da população: 392
Fração elite: 0.2567
Fração mutante: 0.0202
Probabilidade herdar alelo elite: 0.6001
Número de populações independentes: 1
Número de threads: 1
Número máximo de gerações: 364

Largura da faixa = 62
Melhor altura = 182

Lower Bound 1 = 154
Lower Bound 2 = 64
Avaliação = 1.18182

Tempo de execução: 16.301s

---------------------------

Tamanho da população: 392
Fração elite: 0.2567
Fração mutante: 0.0202
Probabilidade herdar alelo elite: 0.6001
Número de populações independentes: 1
Número de threads: 1
Número máximo de gerações: 364

Largura da faixa = 62
Melhor altura = 182

Lower Bound 1 = 154
Lower Bound 2 = 64
Avaliação = 1.18182

Tempo de execução: 15.9526s

---------------------------

Tamanho da população: 392
Fração elite: 0.2567
Fração mutante: 0.0202
Probabilidade herdar alelo elite: 0.6001
Número de populações independentes: 1
Número de threads: 1
Número máximo de gerações: 364

Largura da faixa = 62
Melhor altura = 182

Lower Bound 1 = 154
Lower Bound 2 = 64
Avaliação = 1.18182

Tempo de execução: 16.122s

---------------------------

