Tamanho da população: 475
Fração elite: 0.2121
Fração mutante: 0.0442
Probabilidade herdar alelo elite: 0.6514
Número de populações independentes: 3
Troca de informação de 4 individuos a cada 241 gerações
Número de threads: 1

Largura da faixa = 97
Melhor altura = 483

Lower Bound 1 = 412
Lower Bound 2 = 246
Avaliação = 1.17233

Tempo de execução: 60.0243s

---------------------------

Tamanho da população: 475
Fração elite: 0.2121
Fração mutante: 0.0442
Probabilidade herdar alelo elite: 0.6514
Número de populações independentes: 3
Troca de informação de 4 individuos a cada 241 gerações
Número de threads: 1

Largura da faixa = 97
Melhor altura = 482

Lower Bound 1 = 412
Lower Bound 2 = 246
Avaliação = 1.1699

Tempo de execução: 60.0645s

---------------------------

Tamanho da população: 475
Fração elite: 0.2121
Fração mutante: 0.0442
Probabilidade herdar alelo elite: 0.6514
Número de populações independentes: 3
Troca de informação de 4 individuos a cada 241 gerações
Número de threads: 1

Largura da faixa = 97
Melhor altura = 484

Lower Bound 1 = 412
Lower Bound 2 = 246
Avaliação = 1.17476

Tempo de execução: 60.0891s

---------------------------

Tamanho da população: 475
Fração elite: 0.2121
Fração mutante: 0.0442
Probabilidade herdar alelo elite: 0.6514
Número de populações independentes: 3
Troca de informação de 4 individuos a cada 241 gerações
Número de threads: 1

Largura da faixa = 97
Melhor altura = 482

Lower Bound 1 = 412
Lower Bound 2 = 246
Avaliação = 1.1699

Tempo de execução: 60.031s

---------------------------

Tamanho da população: 475
Fração elite: 0.2121
Fração mutante: 0.0442
Probabilidade herdar alelo elite: 0.6514
Número de populações independentes: 3
Troca de informação de 4 individuos a cada 241 gerações
Número de threads: 1

Largura da faixa = 97
Melhor altura = 484

Lower Bound 1 = 412
Lower Bound 2 = 246
Avaliação = 1.17476

Tempo de execução: 60.0581s

---------------------------

Tamanho da população: 475
Fração elite: 0.2121
Fração mutante: 0.0442
Probabilidade herdar alelo elite: 0.6514
Número de populações independentes: 3
Troca de informação de 4 individuos a cada 241 gerações
Número de threads: 1

Largura da faixa = 97
Melhor altura = 484

Lower Bound 1 = 412
Lower Bound 2 = 246
Avaliação = 1.17476

Tempo de execução: 60.0912s

---------------------------

Tamanho da população: 475
Fração elite: 0.2121
Fração mutante: 0.0442
Probabilidade herdar alelo elite: 0.6514
Número de populações independentes: 3
Troca de informação de 4 individuos a cada 241 gerações
Número de threads: 1

Largura da faixa = 97
Melhor altura = 485

Lower Bound 1 = 412
Lower Bound 2 = 246
Avaliação = 1.17718

Tempo de execução: 60.0201s

---------------------------

Tamanho da população: 475
Fração elite: 0.2121
Fração mutante: 0.0442
Probabilidade herdar alelo elite: 0.6514
Número de populações independentes: 3
Troca de informação de 4 individuos a cada 241 gerações
Número de threads: 1

Largura da faixa = 97
Melhor altura = 481

Lower Bound 1 = 412
Lower Bound 2 = 246
Avaliação = 1.16748

Tempo de execução: 60.0575s

---------------------------

Tamanho da população: 475
Fração elite: 0.2121
Fração mutante: 0.0442
Probabilidade herdar alelo elite: 0.6514
Número de populações independentes: 3
Troca de informação de 4 individuos a cada 241 gerações
Número de threads: 1

Largura da faixa = 97
Melhor altura = 482

Lower Bound 1 = 412
Lower Bound 2 = 246
Avaliação = 1.1699

Tempo de execução: 60.0814s

---------------------------

Tamanho da população: 475
Fração elite: 0.2121
Fração mutante: 0.0442
Probabilidade herdar alelo elite: 0.6514
Número de populações independentes: 3
Troca de informação de 4 individuos a cada 241 gerações
Número de threads: 1

Largura da faixa = 97
Melhor altura = 486

Lower Bound 1 = 412
Lower Bound 2 = 246
Avaliação = 1.17961

Tempo de execução: 60.0202s

---------------------------

Tamanho da população: 475
Fração elite: 0.2121
Fração mutante: 0.0442
Probabilidade herdar alelo elite: 0.6514
Número de populações independentes: 3
Troca de informação de 4 individuos a cada 241 gerações
Número de threads: 1

Largura da faixa = 97
Melhor altura = 483

Lower Bound 1 = 412
Lower Bound 2 = 246
Avaliação = 1.17233

Tempo de execução: 60.0407s

---------------------------

Tamanho da população: 475
Fração elite: 0.2121
Fração mutante: 0.0442
Probabilidade herdar alelo elite: 0.6514
Número de populações independentes: 3
Troca de informação de 4 individuos a cada 241 gerações
Número de threads: 1

Largura da faixa = 97
Melhor altura = 482

Lower Bound 1 = 412
Lower Bound 2 = 246
Avaliação = 1.1699

Tempo de execução: 60.0644s

---------------------------

Tamanho da população: 475
Fração elite: 0.2121
Fração mutante: 0.0442
Probabilidade herdar alelo elite: 0.6514
Número de populações independentes: 3
Troca de informação de 4 individuos a cada 241 gerações
Número de threads: 1

Largura da faixa = 97
Melhor altura = 487

Lower Bound 1 = 412
Lower Bound 2 = 246
Avaliação = 1.18204

Tempo de execução: 60.0077s

---------------------------

Tamanho da população: 475
Fração elite: 0.2121
Fração mutante: 0.0442
Probabilidade herdar alelo elite: 0.6514
Número de populações independentes: 3
Troca de informação de 4 individuos a cada 241 gerações
Número de threads: 1

Largura da faixa = 97
Melhor altura = 479

Lower Bound 1 = 412
Lower Bound 2 = 246
Avaliação = 1.16262

Tempo de execução: 60.015s

---------------------------

Tamanho da população: 475
Fração elite: 0.2121
Fração mutante: 0.0442
Probabilidade herdar alelo elite: 0.6514
Número de populações independentes: 3
Troca de informação de 4 individuos a cada 241 gerações
Número de threads: 1

Largura da faixa = 97
Melhor altura = 479

Lower Bound 1 = 412
Lower Bound 2 = 246
Avaliação = 1.16262

Tempo de execução: 60.0839s

---------------------------

Tamanho da população: 475
Fração elite: 0.2121
Fração mutante: 0.0442
Probabilidade herdar alelo elite: 0.6514
Número de populações independentes: 3
Troca de informação de 4 individuos a cada 241 gerações
Número de threads: 1

Largura da faixa = 97
Melhor altura = 480

Lower Bound 1 = 412
Lower Bound 2 = 246
Avaliação = 1.16505

Tempo de execução: 60.0165s

---------------------------

Tamanho da população: 475
Fração elite: 0.2121
Fração mutante: 0.0442
Probabilidade herdar alelo elite: 0.6514
Número de populações independentes: 3
Troca de informação de 4 individuos a cada 241 gerações
Número de threads: 1

Largura da faixa = 97
Melhor altura = 483

Lower Bound 1 = 412
Lower Bound 2 = 246
Avaliação = 1.17233

Tempo de execução: 60.0215s

---------------------------

Tamanho da população: 475
Fração elite: 0.2121
Fração mutante: 0.0442
Probabilidade herdar alelo elite: 0.6514
Número de populações independentes: 3
Troca de informação de 4 individuos a cada 241 gerações
Número de threads: 1

Largura da faixa = 97
Melhor altura = 486

Lower Bound 1 = 412
Lower Bound 2 = 246
Avaliação = 1.17961

Tempo de execução: 60.0721s

---------------------------

Tamanho da população: 475
Fração elite: 0.2121
Fração mutante: 0.0442
Probabilidade herdar alelo elite: 0.6514
Número de populações independentes: 3
Troca de informação de 4 individuos a cada 241 gerações
Número de threads: 1

Largura da faixa = 97
Melhor altura = 481

Lower Bound 1 = 412
Lower Bound 2 = 246
Avaliação = 1.16748

Tempo de execução: 60.0544s

---------------------------

Tamanho da população: 475
Fração elite: 0.2121
Fração mutante: 0.0442
Probabilidade herdar alelo elite: 0.6514
Número de populações independentes: 3
Troca de informação de 4 individuos a cada 241 gerações
Número de threads: 1

Largura da faixa = 97
Melhor altura = 480

Lower Bound 1 = 412
Lower Bound 2 = 246
Avaliação = 1.16505

Tempo de execução: 60.0934s
