Tamanho da população: 475
Fração elite: 0.2121
Fração mutante: 0.0442
Probabilidade herdar alelo elite: 0.6514
Número de populações independentes: 3
Troca de informação de 4 individuos a cada 241 gerações
Número de threads: 1

Largura da faixa = 109
Melhor altura = 429

Lower Bound 1 = 366
Lower Bound 2 = 276
Avaliação = 1.17213

Tempo de execução: 60.0282s

---------------------------

Tamanho da população: 475
Fração elite: 0.2121
Fração mutante: 0.0442
Probabilidade herdar alelo elite: 0.6514
Número de populações independentes: 3
Troca de informação de 4 individuos a cada 241 gerações
Número de threads: 1

Largura da faixa = 109
Melhor altura = 426

Lower Bound 1 = 366
Lower Bound 2 = 276
Avaliação = 1.16393

Tempo de execução: 60.033s

---------------------------

Tamanho da população: 475
Fração elite: 0.2121
Fração mutante: 0.0442
Probabilidade herdar alelo elite: 0.6514
Número de populações independentes: 3
Troca de informação de 4 individuos a cada 241 gerações
Número de threads: 1

Largura da faixa = 109
Melhor altura = 432

Lower Bound 1 = 366
Lower Bound 2 = 276
Avaliação = 1.18033

Tempo de execução: 60.049s

---------------------------

Tamanho da população: 475
Fração elite: 0.2121
Fração mutante: 0.0442
Probabilidade herdar alelo elite: 0.6514
Número de populações independentes: 3
Troca de informação de 4 individuos a cada 241 gerações
Número de threads: 1

Largura da faixa = 109
Melhor altura = 426

Lower Bound 1 = 366
Lower Bound 2 = 276
Avaliação = 1.16393

Tempo de execução: 60.0033s

---------------------------

Tamanho da população: 475
Fração elite: 0.2121
Fração mutante: 0.0442
Probabilidade herdar alelo elite: 0.6514
Número de populações independentes: 3
Troca de informação de 4 individuos a cada 241 gerações
Número de threads: 1

Largura da faixa = 109
Melhor altura = 429

Lower Bound 1 = 366
Lower Bound 2 = 276
Avaliação = 1.17213

Tempo de execução: 60.0198s

---------------------------

Tamanho da população: 475
Fração elite: 0.2121
Fração mutante: 0.0442
Probabilidade herdar alelo elite: 0.6514
Número de populações independentes: 3
Troca de informação de 4 individuos a cada 241 gerações
Número de threads: 1

Largura da faixa = 109
Melhor altura = 429

Lower Bound 1 = 366
Lower Bound 2 = 276
Avaliação = 1.17213

Tempo de execução: 60.0209s

---------------------------

Tamanho da população: 475
Fração elite: 0.2121
Fração mutante: 0.0442
Probabilidade herdar alelo elite: 0.6514
Número de populações independentes: 3
Troca de informação de 4 individuos a cada 241 gerações
Número de threads: 1

Largura da faixa = 109
Melhor altura = 429

Lower Bound 1 = 366
Lower Bound 2 = 276
Avaliação = 1.17213

Tempo de execução: 60.0025s

---------------------------

Tamanho da população: 475
Fração elite: 0.2121
Fração mutante: 0.0442
Probabilidade herdar alelo elite: 0.6514
Número de populações independentes: 3
Troca de informação de 4 individuos a cada 241 gerações
Número de threads: 1

Largura da faixa = 109
Melhor altura = 429

Lower Bound 1 = 366
Lower Bound 2 = 276
Avaliação = 1.17213

Tempo de execução: 60.0401s

---------------------------

Tamanho da população: 475
Fração elite: 0.2121
Fração mutante: 0.0442
Probabilidade herdar alelo elite: 0.6514
Número de populações independentes: 3
Troca de informação de 4 individuos a cada 241 gerações
Número de threads: 1

Largura da faixa = 109
Melhor altura = 426

Lower Bound 1 = 366
Lower Bound 2 = 276
Avaliação = 1.16393

Tempo de execução: 60.0499s

---------------------------

Tamanho da população: 475
Fração elite: 0.2121
Fração mutante: 0.0442
Probabilidade herdar alelo elite: 0.6514
Número de populações independentes: 3
Troca de informação de 4 individuos a cada 241 gerações
Número de threads: 1

Largura da faixa = 109
Melhor altura = 429

Lower Bound 1 = 366
Lower Bound 2 = 276
Avaliação = 1.17213

Tempo de execução: 60.0199s

---------------------------

Tamanho da população: 475
Fração elite: 0.2121
Fração mutante: 0.0442
Probabilidade herdar alelo elite: 0.6514
Número de populações independentes: 3
Troca de informação de 4 individuos a cada 241 gerações
Número de threads: 1

Largura da faixa = 109
Melhor altura = 429

Lower Bound 1 = 366
Lower Bound 2 = 276
Avaliação = 1.17213

Tempo de execução: 60.0212s

---------------------------

Tamanho da população: 475
Fração elite: 0.2121
Fração mutante: 0.0442
Probabilidade herdar alelo elite: 0.6514
Número de populações independentes: 3
Troca de informação de 4 individuos a cada 241 gerações
Número de threads: 1

Largura da faixa = 109
Melhor altura = 439

Lower Bound 1 = 366
Lower Bound 2 = 276
Avaliação = 1.19945

Tempo de execução: 60.0431s

---------------------------

Tamanho da população: 475
Fração elite: 0.2121
Fração mutante: 0.0442
Probabilidade herdar alelo elite: 0.6514
Número de populações independentes: 3
Troca de informação de 4 individuos a cada 241 gerações
Número de threads: 1

Largura da faixa = 109
Melhor altura = 435

Lower Bound 1 = 366
Lower Bound 2 = 276
Avaliação = 1.18852

Tempo de execução: 60.0028s

---------------------------

Tamanho da população: 475
Fração elite: 0.2121
Fração mutante: 0.0442
Probabilidade herdar alelo elite: 0.6514
Número de populações independentes: 3
Troca de informação de 4 individuos a cada 241 gerações
Número de threads: 1

Largura da faixa = 109
Melhor altura = 424

Lower Bound 1 = 366
Lower Bound 2 = 276
Avaliação = 1.15847

Tempo de execução: 60.0453s

---------------------------

Tamanho da população: 475
Fração elite: 0.2121
Fração mutante: 0.0442
Probabilidade herdar alelo elite: 0.6514
Número de populações independentes: 3
Troca de informação de 4 individuos a cada 241 gerações
Número de threads: 1

Largura da faixa = 109
Melhor altura = 429

Lower Bound 1 = 366
Lower Bound 2 = 276
Avaliação = 1.17213

Tempo de execução: 60.0464s

---------------------------

Tamanho da população: 475
Fração elite: 0.2121
Fração mutante: 0.0442
Probabilidade herdar alelo elite: 0.6514
Número de populações independentes: 3
Troca de informação de 4 individuos a cada 241 gerações
Número de threads: 1

Largura da faixa = 109
Melhor altura = 428

Lower Bound 1 = 366
Lower Bound 2 = 276
Avaliação = 1.1694

Tempo de execução: 60.0031s

---------------------------

Tamanho da população: 475
Fração elite: 0.2121
Fração mutante: 0.0442
Probabilidade herdar alelo elite: 0.6514
Número de populações independentes: 3
Troca de informação de 4 individuos a cada 241 gerações
Número de threads: 1

Largura da faixa = 109
Melhor altura = 430

Lower Bound 1 = 366
Lower Bound 2 = 276
Avaliação = 1.17486

Tempo de execução: 60.0211s

---------------------------

Tamanho da população: 475
Fração elite: 0.2121
Fração mutante: 0.0442
Probabilidade herdar alelo elite: 0.6514
Número de populações independentes: 3
Troca de informação de 4 individuos a cada 241 gerações
Número de threads: 1

Largura da faixa = 109
Melhor altura = 436

Lower Bound 1 = 366
Lower Bound 2 = 276
Avaliação = 1.19126

Tempo de execução: 60.0523s

---------------------------

Tamanho da população: 475
Fração elite: 0.2121
Fração mutante: 0.0442
Probabilidade herdar alelo elite: 0.6514
Número de populações independentes: 3
Troca de informação de 4 individuos a cada 241 gerações
Número de threads: 1

Largura da faixa = 109
Melhor altura = 424

Lower Bound 1 = 366
Lower Bound 2 = 276
Avaliação = 1.15847

Tempo de execução: 60.0089s

---------------------------

Tamanho da população: 475
Fração elite: 0.2121
Fração mutante: 0.0442
Probabilidade herdar alelo elite: 0.6514
Número de populações independentes: 3
Troca de informação de 4 individuos a cada 241 gerações
Número de threads: 1

Largura da faixa = 109
Melhor altura = 437

Lower Bound 1 = 366
Lower Bound 2 = 276
Avaliação = 1.19399

Tempo de execução: 60.0213s
