Tamanho da população: 475
Fração elite: 0.2121
Fração mutante: 0.0442
Probabilidade herdar alelo elite: 0.6514
Número de populações independentes: 3
Troca de informação de 4 individuos a cada 241 gerações
Número de threads: 1

Largura da faixa = 180
Melhor altura = 281

Lower Bound 1 = 222
Lower Bound 2 = 180
Avaliação = 1.26577

Tempo de execução: 60.011s

---------------------------

Tamanho da população: 475
Fração elite: 0.2121
Fração mutante: 0.0442
Probabilidade herdar alelo elite: 0.6514
Número de populações independentes: 3
Troca de informação de 4 individuos a cada 241 gerações
Número de threads: 1

Largura da faixa = 180
Melhor altura = 265

Lower Bound 1 = 222
Lower Bound 2 = 180
Avaliação = 1.19369

Tempo de execução: 60.0226s

---------------------------

Tamanho da população: 475
Fração elite: 0.2121
Fração mutante: 0.0442
Probabilidade herdar alelo elite: 0.6514
Número de populações independentes: 3
Troca de informação de 4 individuos a cada 241 gerações
Número de threads: 1

Largura da faixa = 180
Melhor altura = 269

Lower Bound 1 = 222
Lower Bound 2 = 180
Avaliação = 1.21171

Tempo de execução: 60.0307s

---------------------------

Tamanho da população: 475
Fração elite: 0.2121
Fração mutante: 0.0442
Probabilidade herdar alelo elite: 0.6514
Número de populações independentes: 3
Troca de informação de 4 individuos a cada 241 gerações
Número de threads: 1

Largura da faixa = 180
Melhor altura = 281

Lower Bound 1 = 222
Lower Bound 2 = 180
Avaliação = 1.26577

Tempo de execução: 60.0102s

---------------------------

Tamanho da população: 475
Fração elite: 0.2121
Fração mutante: 0.0442
Probabilidade herdar alelo elite: 0.6514
Número de populações independentes: 3
Troca de informação de 4 individuos a cada 241 gerações
Número de threads: 1

Largura da faixa = 180
Melhor altura = 265

Lower Bound 1 = 222
Lower Bound 2 = 180
Avaliação = 1.19369

Tempo de execução: 60.0138s

---------------------------

Tamanho da população: 475
Fração elite: 0.2121
Fração mutante: 0.0442
Probabilidade herdar alelo elite: 0.6514
Número de populações independentes: 3
Troca de informação de 4 individuos a cada 241 gerações
Número de threads: 1

Largura da faixa = 180
Melhor altura = 265

Lower Bound 1 = 222
Lower Bound 2 = 180
Avaliação = 1.19369

Tempo de execução: 60.0293s

---------------------------

Tamanho da população: 475
Fração elite: 0.2121
Fração mutante: 0.0442
Probabilidade herdar alelo elite: 0.6514
Número de populações independentes: 3
Troca de informação de 4 individuos a cada 241 gerações
Número de threads: 1

Largura da faixa = 180
Melhor altura = 271

Lower Bound 1 = 222
Lower Bound 2 = 180
Avaliação = 1.22072

Tempo de execução: 60.012s

---------------------------

Tamanho da população: 475
Fração elite: 0.2121
Fração mutante: 0.0442
Probabilidade herdar alelo elite: 0.6514
Número de populações independentes: 3
Troca de informação de 4 individuos a cada 241 gerações
Número de threads: 1

Largura da faixa = 180
Melhor altura = 265

Lower Bound 1 = 222
Lower Bound 2 = 180
Avaliação = 1.19369

Tempo de execução: 60.0198s

---------------------------

Tamanho da população: 475
Fração elite: 0.2121
Fração mutante: 0.0442
Probabilidade herdar alelo elite: 0.6514
Número de populações independentes: 3
Troca de informação de 4 individuos a cada 241 gerações
Número de threads: 1

Largura da faixa = 180
Melhor altura = 265

Lower Bound 1 = 222
Lower Bound 2 = 180
Avaliação = 1.19369

Tempo de execução: 60.0338s

---------------------------

Tamanho da população: 475
Fração elite: 0.2121
Fração mutante: 0.0442
Probabilidade herdar alelo elite: 0.6514
Número de populações independentes: 3
Troca de informação de 4 individuos a cada 241 gerações
Número de threads: 1

Largura da faixa = 180
Melhor altura = 281

Lower Bound 1 = 222
Lower Bound 2 = 180
Avaliação = 1.26577

Tempo de execução: 60.0103s

---------------------------

Tamanho da população: 475
Fração elite: 0.2121
Fração mutante: 0.0442
Probabilidade herdar alelo elite: 0.6514
Número de populações independentes: 3
Troca de informação de 4 individuos a cada 241 gerações
Número de threads: 1

Largura da faixa = 180
Melhor altura = 265

Lower Bound 1 = 222
Lower Bound 2 = 180
Avaliação = 1.19369

Tempo de execução: 60.0218s

---------------------------

Tamanho da população: 475
Fração elite: 0.2121
Fração mutante: 0.0442
Probabilidade herdar alelo elite: 0.6514
Número de populações independentes: 3
Troca de informação de 4 individuos a cada 241 gerações
Número de threads: 1

Largura da faixa = 180
Melhor altura = 265

Lower Bound 1 = 222
Lower Bound 2 = 180
Avaliação = 1.19369

Tempo de execução: 60.0272s

---------------------------

Tamanho da população: 475
Fração elite: 0.2121
Fração mutante: 0.0442
Probabilidade herdar alelo elite: 0.6514
Número de populações independentes: 3
Troca de informação de 4 individuos a cada 241 gerações
Número de threads: 1

Largura da faixa = 180
Melhor altura = 281

Lower Bound 1 = 222
Lower Bound 2 = 180
Avaliação = 1.26577

Tempo de execução: 60.0052s

---------------------------

Tamanho da população: 475
Fração elite: 0.2121
Fração mutante: 0.0442
Probabilidade herdar alelo elite: 0.6514
Número de populações independentes: 3
Troca de informação de 4 individuos a cada 241 gerações
Número de threads: 1

Largura da faixa = 180
Melhor altura = 265

Lower Bound 1 = 222
Lower Bound 2 = 180
Avaliação = 1.19369

Tempo de execução: 60.0194s

---------------------------

Tamanho da população: 475
Fração elite: 0.2121
Fração mutante: 0.0442
Probabilidade herdar alelo elite: 0.6514
Número de populações independentes: 3
Troca de informação de 4 individuos a cada 241 gerações
Número de threads: 1

Largura da faixa = 180
Melhor altura = 276

Lower Bound 1 = 222
Lower Bound 2 = 180
Avaliação = 1.24324

Tempo de execução: 60.023s

---------------------------

Tamanho da população: 475
Fração elite: 0.2121
Fração mutante: 0.0442
Probabilidade herdar alelo elite: 0.6514
Número de populações independentes: 3
Troca de informação de 4 individuos a cada 241 gerações
Número de threads: 1

Largura da faixa = 180
Melhor altura = 265

Lower Bound 1 = 222
Lower Bound 2 = 180
Avaliação = 1.19369

Tempo de execução: 60.0044s

---------------------------

Tamanho da população: 475
Fração elite: 0.2121
Fração mutante: 0.0442
Probabilidade herdar alelo elite: 0.6514
Número de populações independentes: 3
Troca de informação de 4 individuos a cada 241 gerações
Número de threads: 1

Largura da faixa = 180
Melhor altura = 265

Lower Bound 1 = 222
Lower Bound 2 = 180
Avaliação = 1.19369

Tempo de execução: 60.0168s

---------------------------

Tamanho da população: 475
Fração elite: 0.2121
Fração mutante: 0.0442
Probabilidade herdar alelo elite: 0.6514
Número de populações independentes: 3
Troca de informação de 4 individuos a cada 241 gerações
Número de threads: 1

Largura da faixa = 180
Melhor altura = 265

Lower Bound 1 = 222
Lower Bound 2 = 180
Avaliação = 1.19369

Tempo de execução: 60.0326s

---------------------------

Tamanho da população: 475
Fração elite: 0.2121
Fração mutante: 0.0442
Probabilidade herdar alelo elite: 0.6514
Número de populações independentes: 3
Troca de informação de 4 individuos a cada 241 gerações
Número de threads: 1

Largura da faixa = 180
Melhor altura = 281

Lower Bound 1 = 222
Lower Bound 2 = 180
Avaliação = 1.26577

Tempo de execução: 60.011s

---------------------------

Tamanho da população: 475
Fração elite: 0.2121
Fração mutante: 0.0442
Probabilidade herdar alelo elite: 0.6514
Número de populações independentes: 3
Troca de informação de 4 individuos a cada 241 gerações
Número de threads: 1

Largura da faixa = 180
Melhor altura = 265

Lower Bound 1 = 222
Lower Bound 2 = 180
Avaliação = 1.19369

Tempo de execução: 60.023s
