Tamanho da população: 297
Fração elite: 0.55
Fração mutante: 0.0174
Probabilidade herdar alelo elite: 0.7678
Número de populações independentes: 1
Número de threads: 1
Trocar os melhores indivíduos a cada 30 gerações
Número máximo de gerações: 279

Largura da faixa = 146
Melhor altura = 306

Lower Bound 1 = 273
Lower Bound 2 = 238
Avaliação = 1.12088

Tempo de execução: 1.94333s

---------------------------

Tamanho da população: 297
Fração elite: 0.55
Fração mutante: 0.0174
Probabilidade herdar alelo elite: 0.7678
Número de populações independentes: 1
Número de threads: 1
Trocar os melhores indivíduos a cada 30 gerações
Número máximo de gerações: 279

Largura da faixa = 146
Melhor altura = 306

Lower Bound 1 = 273
Lower Bound 2 = 238
Avaliação = 1.12088

Tempo de execução: 1.96396s

---------------------------

Tamanho da população: 297
Fração elite: 0.55
Fração mutante: 0.0174
Probabilidade herdar alelo elite: 0.7678
Número de populações independentes: 1
Número de threads: 1
Trocar os melhores indivíduos a cada 30 gerações
Número máximo de gerações: 279

Largura da faixa = 146
Melhor altura = 306

Lower Bound 1 = 273
Lower Bound 2 = 238
Avaliação = 1.12088

Tempo de execução: 1.97042s

---------------------------

Tamanho da população: 297
Fração elite: 0.55
Fração mutante: 0.0174
Probabilidade herdar alelo elite: 0.7678
Número de populações independentes: 1
Número de threads: 1
Trocar os melhores indivíduos a cada 30 gerações
Número máximo de gerações: 279

Largura da faixa = 146
Melhor altura = 310

Lower Bound 1 = 273
Lower Bound 2 = 238
Avaliação = 1.13553

Tempo de execução: 1.97189s

---------------------------

Tamanho da população: 297
Fração elite: 0.55
Fração mutante: 0.0174
Probabilidade herdar alelo elite: 0.7678
Número de populações independentes: 1
Número de threads: 1
Trocar os melhores indivíduos a cada 30 gerações
Número máximo de gerações: 279

Largura da faixa = 146
Melhor altura = 309

Lower Bound 1 = 273
Lower Bound 2 = 238
Avaliação = 1.13187

Tempo de execução: 1.98734s

---------------------------

Tamanho da população: 297
Fração elite: 0.55
Fração mutante: 0.0174
Probabilidade herdar alelo elite: 0.7678
Número de populações independentes: 1
Número de threads: 1
Trocar os melhores indivíduos a cada 30 gerações
Número máximo de gerações: 279

Largura da faixa = 146
Melhor altura = 306

Lower Bound 1 = 273
Lower Bound 2 = 238
Avaliação = 1.12088

Tempo de execução: 2.00415s

---------------------------

Tamanho da população: 297
Fração elite: 0.55
Fração mutante: 0.0174
Probabilidade herdar alelo elite: 0.7678
Número de populações independentes: 1
Número de threads: 1
Trocar os melhores indivíduos a cada 30 gerações
Número máximo de gerações: 279

Largura da faixa = 146
Melhor altura = 306

Lower Bound 1 = 273
Lower Bound 2 = 238
Avaliação = 1.12088

Tempo de execução: 1.996s

---------------------------

Tamanho da população: 297
Fração elite: 0.55
Fração mutante: 0.0174
Probabilidade herdar alelo elite: 0.7678
Número de populações independentes: 1
Número de threads: 1
Trocar os melhores indivíduos a cada 30 gerações
Número máximo de gerações: 279

Largura da faixa = 146
Melhor altura = 306

Lower Bound 1 = 273
Lower Bound 2 = 238
Avaliação = 1.12088

Tempo de execução: 2.04407s

---------------------------

Tamanho da população: 297
Fração elite: 0.55
Fração mutante: 0.0174
Probabilidade herdar alelo elite: 0.7678
Número de populações independentes: 1
Número de threads: 1
Trocar os melhores indivíduos a cada 30 gerações
Número máximo de gerações: 279

Largura da faixa = 146
Melhor altura = 306

Lower Bound 1 = 273
Lower Bound 2 = 238
Avaliação = 1.12088

Tempo de execução: 2.07962s

---------------------------

Tamanho da população: 297
Fração elite: 0.55
Fração mutante: 0.0174
Probabilidade herdar alelo elite: 0.7678
Número de populações independentes: 1
Número de threads: 1
Trocar os melhores indivíduos a cada 30 gerações
Número máximo de gerações: 279

Largura da faixa = 146
Melhor altura = 306

Lower Bound 1 = 273
Lower Bound 2 = 238
Avaliação = 1.12088

Tempo de execução: 1.95166s

---------------------------

Tamanho da população: 297
Fração elite: 0.55
Fração mutante: 0.0174
Probabilidade herdar alelo elite: 0.7678
Número de populações independentes: 1
Número de threads: 1
Trocar os melhores indivíduos a cada 30 gerações
Número máximo de gerações: 279

Largura da faixa = 146
Melhor altura = 306

Lower Bound 1 = 273
Lower Bound 2 = 238
Avaliação = 1.12088

Tempo de execução: 1.95499s

---------------------------

Tamanho da população: 297
Fração elite: 0.55
Fração mutante: 0.0174
Probabilidade herdar alelo elite: 0.7678
Número de populações independentes: 1
Número de threads: 1
Trocar os melhores indivíduos a cada 30 gerações
Número máximo de gerações: 279

Largura da faixa = 146
Melhor altura = 306

Lower Bound 1 = 273
Lower Bound 2 = 238
Avaliação = 1.12088

Tempo de execução: 1.96346s

---------------------------

Tamanho da população: 297
Fração elite: 0.55
Fração mutante: 0.0174
Probabilidade herdar alelo elite: 0.7678
Número de populações independentes: 1
Número de threads: 1
Trocar os melhores indivíduos a cada 30 gerações
Número máximo de gerações: 279

Largura da faixa = 146
Melhor altura = 306

Lower Bound 1 = 273
Lower Bound 2 = 238
Avaliação = 1.12088

Tempo de execução: 2.01551s

---------------------------

Tamanho da população: 297
Fração elite: 0.55
Fração mutante: 0.0174
Probabilidade herdar alelo elite: 0.7678
Número de populações independentes: 1
Número de threads: 1
Trocar os melhores indivíduos a cada 30 gerações
Número máximo de gerações: 279

Largura da faixa = 146
Melhor altura = 306

Lower Bound 1 = 273
Lower Bound 2 = 238
Avaliação = 1.12088

Tempo de execução: 2.02627s

---------------------------

Tamanho da população: 297
Fração elite: 0.55
Fração mutante: 0.0174
Probabilidade herdar alelo elite: 0.7678
Número de populações independentes: 1
Número de threads: 1
Trocar os melhores indivíduos a cada 30 gerações
Número máximo de gerações: 279

Largura da faixa = 146
Melhor altura = 306

Lower Bound 1 = 273
Lower Bound 2 = 238
Avaliação = 1.12088

Tempo de execução: 2.05851s

---------------------------

Tamanho da população: 297
Fração elite: 0.55
Fração mutante: 0.0174
Probabilidade herdar alelo elite: 0.7678
Número de populações independentes: 1
Número de threads: 1
Trocar os melhores indivíduos a cada 30 gerações
Número máximo de gerações: 279

Largura da faixa = 146
Melhor altura = 306

Lower Bound 1 = 273
Lower Bound 2 = 238
Avaliação = 1.12088

Tempo de execução: 1.96211s

---------------------------

Tamanho da população: 297
Fração elite: 0.55
Fração mutante: 0.0174
Probabilidade herdar alelo elite: 0.7678
Número de populações independentes: 1
Número de threads: 1
Trocar os melhores indivíduos a cada 30 gerações
Número máximo de gerações: 279

Largura da faixa = 146
Melhor altura = 306

Lower Bound 1 = 273
Lower Bound 2 = 238
Avaliação = 1.12088

Tempo de execução: 2.01739s

---------------------------

Tamanho da população: 297
Fração elite: 0.55
Fração mutante: 0.0174
Probabilidade herdar alelo elite: 0.7678
Número de populações independentes: 1
Número de threads: 1
Trocar os melhores indivíduos a cada 30 gerações
Número máximo de gerações: 279

Largura da faixa = 146
Melhor altura = 306

Lower Bound 1 = 273
Lower Bound 2 = 238
Avaliação = 1.12088

Tempo de execução: 2.01892s

---------------------------

Tamanho da população: 297
Fração elite: 0.55
Fração mutante: 0.0174
Probabilidade herdar alelo elite: 0.7678
Número de populações independentes: 1
Número de threads: 1
Trocar os melhores indivíduos a cada 30 gerações
Número máximo de gerações: 279

Largura da faixa = 146
Melhor altura = 310

Lower Bound 1 = 273
Lower Bound 2 = 238
Avaliação = 1.13553

Tempo de execução: 1.93127s

---------------------------

Tamanho da população: 297
Fração elite: 0.55
Fração mutante: 0.0174
Probabilidade herdar alelo elite: 0.7678
Número de populações independentes: 1
Número de threads: 1
Trocar os melhores indivíduos a cada 30 gerações
Número máximo de gerações: 279

Largura da faixa = 146
Melhor altura = 306

Lower Bound 1 = 273
Lower Bound 2 = 238
Avaliação = 1.12088

Tempo de execução: 1.97453s

---------------------------

