Tamanho da população: 475
Fração elite: 0.2121
Fração mutante: 0.0442
Probabilidade herdar alelo elite: 0.6514
Número de populações independentes: 3
Troca de informação de 4 individuos a cada 241 gerações
Número de threads: 1

Largura da faixa = 74
Melhor altura = 670

Lower Bound 1 = 540
Lower Bound 2 = 463
Avaliação = 1.24074

Tempo de execução: 60.055s

---------------------------

Tamanho da população: 475
Fração elite: 0.2121
Fração mutante: 0.0442
Probabilidade herdar alelo elite: 0.6514
Número de populações independentes: 3
Troca de informação de 4 individuos a cada 241 gerações
Número de threads: 1

Largura da faixa = 74
Melhor altura = 673

Lower Bound 1 = 540
Lower Bound 2 = 463
Avaliação = 1.2463

Tempo de execução: 60.1606s

---------------------------

Tamanho da população: 475
Fração elite: 0.2121
Fração mutante: 0.0442
Probabilidade herdar alelo elite: 0.6514
Número de populações independentes: 3
Troca de informação de 4 individuos a cada 241 gerações
Número de threads: 1

Largura da faixa = 74
Melhor altura = 664

Lower Bound 1 = 540
Lower Bound 2 = 463
Avaliação = 1.22963

Tempo de execução: 60.2766s

---------------------------

Tamanho da população: 475
Fração elite: 0.2121
Fração mutante: 0.0442
Probabilidade herdar alelo elite: 0.6514
Número de populações independentes: 3
Troca de informação de 4 individuos a cada 241 gerações
Número de threads: 1

Largura da faixa = 74
Melhor altura = 677

Lower Bound 1 = 540
Lower Bound 2 = 463
Avaliação = 1.2537

Tempo de execução: 60.0081s

---------------------------

Tamanho da população: 475
Fração elite: 0.2121
Fração mutante: 0.0442
Probabilidade herdar alelo elite: 0.6514
Número de populações independentes: 3
Troca de informação de 4 individuos a cada 241 gerações
Número de threads: 1

Largura da faixa = 74
Melhor altura = 671

Lower Bound 1 = 540
Lower Bound 2 = 463
Avaliação = 1.24259

Tempo de execução: 60.193s

---------------------------

Tamanho da população: 475
Fração elite: 0.2121
Fração mutante: 0.0442
Probabilidade herdar alelo elite: 0.6514
Número de populações independentes: 3
Troca de informação de 4 individuos a cada 241 gerações
Número de threads: 1

Largura da faixa = 74
Melhor altura = 675

Lower Bound 1 = 540
Lower Bound 2 = 463
Avaliação = 1.25

Tempo de execução: 60.195s

---------------------------

Tamanho da população: 475
Fração elite: 0.2121
Fração mutante: 0.0442
Probabilidade herdar alelo elite: 0.6514
Número de populações independentes: 3
Troca de informação de 4 individuos a cada 241 gerações
Número de threads: 1

Largura da faixa = 74
Melhor altura = 683

Lower Bound 1 = 540
Lower Bound 2 = 463
Avaliação = 1.26481

Tempo de execução: 60.0155s

---------------------------

Tamanho da população: 475
Fração elite: 0.2121
Fração mutante: 0.0442
Probabilidade herdar alelo elite: 0.6514
Número de populações independentes: 3
Troca de informação de 4 individuos a cada 241 gerações
Número de threads: 1

Largura da faixa = 74
Melhor altura = 666

Lower Bound 1 = 540
Lower Bound 2 = 463
Avaliação = 1.23333

Tempo de execução: 60.1091s

---------------------------

Tamanho da população: 475
Fração elite: 0.2121
Fração mutante: 0.0442
Probabilidade herdar alelo elite: 0.6514
Número de populações independentes: 3
Troca de informação de 4 individuos a cada 241 gerações
Número de threads: 1

Largura da faixa = 74
Melhor altura = 680

Lower Bound 1 = 540
Lower Bound 2 = 463
Avaliação = 1.25926

Tempo de execução: 60.28s

---------------------------

Tamanho da população: 475
Fração elite: 0.2121
Fração mutante: 0.0442
Probabilidade herdar alelo elite: 0.6514
Número de populações independentes: 3
Troca de informação de 4 individuos a cada 241 gerações
Número de threads: 1

Largura da faixa = 74
Melhor altura = 678

Lower Bound 1 = 540
Lower Bound 2 = 463
Avaliação = 1.25556

Tempo de execução: 60.0935s

---------------------------

Tamanho da população: 475
Fração elite: 0.2121
Fração mutante: 0.0442
Probabilidade herdar alelo elite: 0.6514
Número de populações independentes: 3
Troca de informação de 4 individuos a cada 241 gerações
Número de threads: 1

Largura da faixa = 74
Melhor altura = 672

Lower Bound 1 = 540
Lower Bound 2 = 463
Avaliação = 1.24444

Tempo de execução: 60.1377s

---------------------------

Tamanho da população: 475
Fração elite: 0.2121
Fração mutante: 0.0442
Probabilidade herdar alelo elite: 0.6514
Número de populações independentes: 3
Troca de informação de 4 individuos a cada 241 gerações
Número de threads: 1

Largura da faixa = 74
Melhor altura = 674

Lower Bound 1 = 540
Lower Bound 2 = 463
Avaliação = 1.24815

Tempo de execução: 60.1522s

---------------------------

Tamanho da população: 475
Fração elite: 0.2121
Fração mutante: 0.0442
Probabilidade herdar alelo elite: 0.6514
Número de populações independentes: 3
Troca de informação de 4 individuos a cada 241 gerações
Número de threads: 1

Largura da faixa = 74
Melhor altura = 682

Lower Bound 1 = 540
Lower Bound 2 = 463
Avaliação = 1.26296

Tempo de execução: 60.0771s

---------------------------

Tamanho da população: 475
Fração elite: 0.2121
Fração mutante: 0.0442
Probabilidade herdar alelo elite: 0.6514
Número de populações independentes: 3
Troca de informação de 4 individuos a cada 241 gerações
Número de threads: 1

Largura da faixa = 74
Melhor altura = 670

Lower Bound 1 = 540
Lower Bound 2 = 463
Avaliação = 1.24074

Tempo de execução: 60.1962s

---------------------------

Tamanho da população: 475
Fração elite: 0.2121
Fração mutante: 0.0442
Probabilidade herdar alelo elite: 0.6514
Número de populações independentes: 3
Troca de informação de 4 individuos a cada 241 gerações
Número de threads: 1

Largura da faixa = 74
Melhor altura = 672

Lower Bound 1 = 540
Lower Bound 2 = 463
Avaliação = 1.24444

Tempo de execução: 60.2199s

---------------------------

Tamanho da população: 475
Fração elite: 0.2121
Fração mutante: 0.0442
Probabilidade herdar alelo elite: 0.6514
Número de populações independentes: 3
Troca de informação de 4 individuos a cada 241 gerações
Número de threads: 1

Largura da faixa = 74
Melhor altura = 675

Lower Bound 1 = 540
Lower Bound 2 = 463
Avaliação = 1.25

Tempo de execução: 60.058s

---------------------------

Tamanho da população: 475
Fração elite: 0.2121
Fração mutante: 0.0442
Probabilidade herdar alelo elite: 0.6514
Número de populações independentes: 3
Troca de informação de 4 individuos a cada 241 gerações
Número de threads: 1

Largura da faixa = 74
Melhor altura = 678

Lower Bound 1 = 540
Lower Bound 2 = 463
Avaliação = 1.25556

Tempo de execução: 60.2292s

---------------------------

Tamanho da população: 475
Fração elite: 0.2121
Fração mutante: 0.0442
Probabilidade herdar alelo elite: 0.6514
Número de populações independentes: 3
Troca de informação de 4 individuos a cada 241 gerações
Número de threads: 1

Largura da faixa = 74
Melhor altura = 680

Lower Bound 1 = 540
Lower Bound 2 = 463
Avaliação = 1.25926

Tempo de execução: 60.2645s

---------------------------

Tamanho da população: 475
Fração elite: 0.2121
Fração mutante: 0.0442
Probabilidade herdar alelo elite: 0.6514
Número de populações independentes: 3
Troca de informação de 4 individuos a cada 241 gerações
Número de threads: 1

Largura da faixa = 74
Melhor altura = 665

Lower Bound 1 = 540
Lower Bound 2 = 463
Avaliação = 1.23148

Tempo de execução: 60.1065s

---------------------------

Tamanho da população: 475
Fração elite: 0.2121
Fração mutante: 0.0442
Probabilidade herdar alelo elite: 0.6514
Número de populações independentes: 3
Troca de informação de 4 individuos a cada 241 gerações
Número de threads: 1

Largura da faixa = 74
Melhor altura = 671

Lower Bound 1 = 540
Lower Bound 2 = 463
Avaliação = 1.24259

Tempo de execução: 60.1095s
