Tamanho da população: 475
Fração elite: 0.2121
Fração mutante: 0.0442
Probabilidade herdar alelo elite: 0.6514
Número de populações independentes: 3
Troca de informação de 4 individuos a cada 241 gerações
Número de threads: 1

Largura da faixa = 123
Melhor altura = 377

Lower Bound 1 = 325
Lower Bound 2 = 364
Avaliação = 1.03571

Tempo de execução: 60.0035s

---------------------------

Tamanho da população: 475
Fração elite: 0.2121
Fração mutante: 0.0442
Probabilidade herdar alelo elite: 0.6514
Número de populações independentes: 3
Troca de informação de 4 individuos a cada 241 gerações
Número de threads: 1

Largura da faixa = 123
Melhor altura = 377

Lower Bound 1 = 325
Lower Bound 2 = 364
Avaliação = 1.03571

Tempo de execução: 60.005s

---------------------------

Tamanho da população: 475
Fração elite: 0.2121
Fração mutante: 0.0442
Probabilidade herdar alelo elite: 0.6514
Número de populações independentes: 3
Troca de informação de 4 individuos a cada 241 gerações
Número de threads: 1

Largura da faixa = 123
Melhor altura = 377

Lower Bound 1 = 325
Lower Bound 2 = 364
Avaliação = 1.03571

Tempo de execução: 60.0134s

---------------------------

Tamanho da população: 475
Fração elite: 0.2121
Fração mutante: 0.0442
Probabilidade herdar alelo elite: 0.6514
Número de populações independentes: 3
Troca de informação de 4 individuos a cada 241 gerações
Número de threads: 1

Largura da faixa = 123
Melhor altura = 377

Lower Bound 1 = 325
Lower Bound 2 = 364
Avaliação = 1.03571

Tempo de execução: 60.0003s

---------------------------

Tamanho da população: 475
Fração elite: 0.2121
Fração mutante: 0.0442
Probabilidade herdar alelo elite: 0.6514
Número de populações independentes: 3
Troca de informação de 4 individuos a cada 241 gerações
Número de threads: 1

Largura da faixa = 123
Melhor altura = 377

Lower Bound 1 = 325
Lower Bound 2 = 364
Avaliação = 1.03571

Tempo de execução: 60.0027s

---------------------------

Tamanho da população: 475
Fração elite: 0.2121
Fração mutante: 0.0442
Probabilidade herdar alelo elite: 0.6514
Número de populações independentes: 3
Troca de informação de 4 individuos a cada 241 gerações
Número de threads: 1

Largura da faixa = 123
Melhor altura = 377

Lower Bound 1 = 325
Lower Bound 2 = 364
Avaliação = 1.03571

Tempo de execução: 60.0136s

---------------------------

Tamanho da população: 475
Fração elite: 0.2121
Fração mutante: 0.0442
Probabilidade herdar alelo elite: 0.6514
Número de populações independentes: 3
Troca de informação de 4 individuos a cada 241 gerações
Número de threads: 1

Largura da faixa = 123
Melhor altura = 377

Lower Bound 1 = 325
Lower Bound 2 = 364
Avaliação = 1.03571

Tempo de execução: 60.0032s

---------------------------

Tamanho da população: 475
Fração elite: 0.2121
Fração mutante: 0.0442
Probabilidade herdar alelo elite: 0.6514
Número de populações independentes: 3
Troca de informação de 4 individuos a cada 241 gerações
Número de threads: 1

Largura da faixa = 123
Melhor altura = 377

Lower Bound 1 = 325
Lower Bound 2 = 364
Avaliação = 1.03571

Tempo de execução: 60.0076s

---------------------------

Tamanho da população: 475
Fração elite: 0.2121
Fração mutante: 0.0442
Probabilidade herdar alelo elite: 0.6514
Número de populações independentes: 3
Troca de informação de 4 individuos a cada 241 gerações
Número de threads: 1

Largura da faixa = 123
Melhor altura = 377

Lower Bound 1 = 325
Lower Bound 2 = 364
Avaliação = 1.03571

Tempo de execução: 60.0112s

---------------------------

Tamanho da população: 475
Fração elite: 0.2121
Fração mutante: 0.0442
Probabilidade herdar alelo elite: 0.6514
Número de populações independentes: 3
Troca de informação de 4 individuos a cada 241 gerações
Número de threads: 1

Largura da faixa = 123
Melhor altura = 377

Lower Bound 1 = 325
Lower Bound 2 = 364
Avaliação = 1.03571

Tempo de execução: 60.001s

---------------------------

Tamanho da população: 475
Fração elite: 0.2121
Fração mutante: 0.0442
Probabilidade herdar alelo elite: 0.6514
Número de populações independentes: 3
Troca de informação de 4 individuos a cada 241 gerações
Número de threads: 1

Largura da faixa = 123
Melhor altura = 377

Lower Bound 1 = 325
Lower Bound 2 = 364
Avaliação = 1.03571

Tempo de execução: 60.0055s

---------------------------

Tamanho da população: 475
Fração elite: 0.2121
Fração mutante: 0.0442
Probabilidade herdar alelo elite: 0.6514
Número de populações independentes: 3
Troca de informação de 4 individuos a cada 241 gerações
Número de threads: 1

Largura da faixa = 123
Melhor altura = 377

Lower Bound 1 = 325
Lower Bound 2 = 364
Avaliação = 1.03571

Tempo de execução: 60.0079s

---------------------------

Tamanho da população: 475
Fração elite: 0.2121
Fração mutante: 0.0442
Probabilidade herdar alelo elite: 0.6514
Número de populações independentes: 3
Troca de informação de 4 individuos a cada 241 gerações
Número de threads: 1

Largura da faixa = 123
Melhor altura = 377

Lower Bound 1 = 325
Lower Bound 2 = 364
Avaliação = 1.03571

Tempo de execução: 60.0034s

---------------------------

Tamanho da população: 475
Fração elite: 0.2121
Fração mutante: 0.0442
Probabilidade herdar alelo elite: 0.6514
Número de populações independentes: 3
Troca de informação de 4 individuos a cada 241 gerações
Número de threads: 1

Largura da faixa = 123
Melhor altura = 377

Lower Bound 1 = 325
Lower Bound 2 = 364
Avaliação = 1.03571

Tempo de execução: 60.0038s

---------------------------

Tamanho da população: 475
Fração elite: 0.2121
Fração mutante: 0.0442
Probabilidade herdar alelo elite: 0.6514
Número de populações independentes: 3
Troca de informação de 4 individuos a cada 241 gerações
Número de threads: 1

Largura da faixa = 123
Melhor altura = 377

Lower Bound 1 = 325
Lower Bound 2 = 364
Avaliação = 1.03571

Tempo de execução: 60.0042s

---------------------------

Tamanho da população: 475
Fração elite: 0.2121
Fração mutante: 0.0442
Probabilidade herdar alelo elite: 0.6514
Número de populações independentes: 3
Troca de informação de 4 individuos a cada 241 gerações
Número de threads: 1

Largura da faixa = 123
Melhor altura = 377

Lower Bound 1 = 325
Lower Bound 2 = 364
Avaliação = 1.03571

Tempo de execução: 60.0004s

---------------------------

Tamanho da população: 475
Fração elite: 0.2121
Fração mutante: 0.0442
Probabilidade herdar alelo elite: 0.6514
Número de populações independentes: 3
Troca de informação de 4 individuos a cada 241 gerações
Número de threads: 1

Largura da faixa = 123
Melhor altura = 377

Lower Bound 1 = 325
Lower Bound 2 = 364
Avaliação = 1.03571

Tempo de execução: 60.0059s

---------------------------

Tamanho da população: 475
Fração elite: 0.2121
Fração mutante: 0.0442
Probabilidade herdar alelo elite: 0.6514
Número de populações independentes: 3
Troca de informação de 4 individuos a cada 241 gerações
Número de threads: 1

Largura da faixa = 123
Melhor altura = 377

Lower Bound 1 = 325
Lower Bound 2 = 364
Avaliação = 1.03571

Tempo de execução: 60.0154s

---------------------------

Tamanho da população: 475
Fração elite: 0.2121
Fração mutante: 0.0442
Probabilidade herdar alelo elite: 0.6514
Número de populações independentes: 3
Troca de informação de 4 individuos a cada 241 gerações
Número de threads: 1

Largura da faixa = 123
Melhor altura = 377

Lower Bound 1 = 325
Lower Bound 2 = 364
Avaliação = 1.03571

Tempo de execução: 60.0042s

---------------------------

Tamanho da população: 475
Fração elite: 0.2121
Fração mutante: 0.0442
Probabilidade herdar alelo elite: 0.6514
Número de populações independentes: 3
Troca de informação de 4 individuos a cada 241 gerações
Número de threads: 1

Largura da faixa = 123
Melhor altura = 377

Lower Bound 1 = 325
Lower Bound 2 = 364
Avaliação = 1.03571

Tempo de execução: 60.0091s
