Tamanho da população: 475
Fração elite: 0.2121
Fração mutante: 0.0442
Probabilidade herdar alelo elite: 0.6514
Número de populações independentes: 3
Troca de informação de 4 individuos a cada 241 gerações
Número de threads: 1

Largura da faixa = 108
Melhor altura = 424

Lower Bound 1 = 370
Lower Bound 2 = 252
Avaliação = 1.14595

Tempo de execução: 60.0285s

---------------------------

Tamanho da população: 475
Fração elite: 0.2121
Fração mutante: 0.0442
Probabilidade herdar alelo elite: 0.6514
Número de populações independentes: 3
Troca de informação de 4 individuos a cada 241 gerações
Número de threads: 1

Largura da faixa = 108
Melhor altura = 424

Lower Bound 1 = 370
Lower Bound 2 = 252
Avaliação = 1.14595

Tempo de execução: 60.1039s

---------------------------

Tamanho da população: 475
Fração elite: 0.2121
Fração mutante: 0.0442
Probabilidade herdar alelo elite: 0.6514
Número de populações independentes: 3
Troca de informação de 4 individuos a cada 241 gerações
Número de threads: 1

Largura da faixa = 108
Melhor altura = 423

Lower Bound 1 = 370
Lower Bound 2 = 252
Avaliação = 1.14324

Tempo de execução: 60.1287s

---------------------------

Tamanho da população: 475
Fração elite: 0.2121
Fração mutante: 0.0442
Probabilidade herdar alelo elite: 0.6514
Número de populações independentes: 3
Troca de informação de 4 individuos a cada 241 gerações
Número de threads: 1

Largura da faixa = 108
Melhor altura = 424

Lower Bound 1 = 370
Lower Bound 2 = 252
Avaliação = 1.14595

Tempo de execução: 60.016s

---------------------------

Tamanho da população: 475
Fração elite: 0.2121
Fração mutante: 0.0442
Probabilidade herdar alelo elite: 0.6514
Número de populações independentes: 3
Troca de informação de 4 individuos a cada 241 gerações
Número de threads: 1

Largura da faixa = 108
Melhor altura = 422

Lower Bound 1 = 370
Lower Bound 2 = 252
Avaliação = 1.14054

Tempo de execução: 60.0696s

---------------------------

Tamanho da população: 475
Fração elite: 0.2121
Fração mutante: 0.0442
Probabilidade herdar alelo elite: 0.6514
Número de populações independentes: 3
Troca de informação de 4 individuos a cada 241 gerações
Número de threads: 1

Largura da faixa = 108
Melhor altura = 427

Lower Bound 1 = 370
Lower Bound 2 = 252
Avaliação = 1.15405

Tempo de execução: 60.0907s

---------------------------

Tamanho da população: 475
Fração elite: 0.2121
Fração mutante: 0.0442
Probabilidade herdar alelo elite: 0.6514
Número de populações independentes: 3
Troca de informação de 4 individuos a cada 241 gerações
Número de threads: 1

Largura da faixa = 108
Melhor altura = 423

Lower Bound 1 = 370
Lower Bound 2 = 252
Avaliação = 1.14324

Tempo de execução: 60.0049s

---------------------------

Tamanho da população: 475
Fração elite: 0.2121
Fração mutante: 0.0442
Probabilidade herdar alelo elite: 0.6514
Número de populações independentes: 3
Troca de informação de 4 individuos a cada 241 gerações
Número de threads: 1

Largura da faixa = 108
Melhor altura = 423

Lower Bound 1 = 370
Lower Bound 2 = 252
Avaliação = 1.14324

Tempo de execução: 60.0128s

---------------------------

Tamanho da população: 475
Fração elite: 0.2121
Fração mutante: 0.0442
Probabilidade herdar alelo elite: 0.6514
Número de populações independentes: 3
Troca de informação de 4 individuos a cada 241 gerações
Número de threads: 1

Largura da faixa = 108
Melhor altura = 424

Lower Bound 1 = 370
Lower Bound 2 = 252
Avaliação = 1.14595

Tempo de execução: 60.0938s

---------------------------

Tamanho da população: 475
Fração elite: 0.2121
Fração mutante: 0.0442
Probabilidade herdar alelo elite: 0.6514
Número de populações independentes: 3
Troca de informação de 4 individuos a cada 241 gerações
Número de threads: 1

Largura da faixa = 108
Melhor altura = 423

Lower Bound 1 = 370
Lower Bound 2 = 252
Avaliação = 1.14324

Tempo de execução: 60.0014s

---------------------------

Tamanho da população: 475
Fração elite: 0.2121
Fração mutante: 0.0442
Probabilidade herdar alelo elite: 0.6514
Número de populações independentes: 3
Troca de informação de 4 individuos a cada 241 gerações
Número de threads: 1

Largura da faixa = 108
Melhor altura = 419

Lower Bound 1 = 370
Lower Bound 2 = 252
Avaliação = 1.13243

Tempo de execução: 60.0448s

---------------------------

Tamanho da população: 475
Fração elite: 0.2121
Fração mutante: 0.0442
Probabilidade herdar alelo elite: 0.6514
Número de populações independentes: 3
Troca de informação de 4 individuos a cada 241 gerações
Número de threads: 1

Largura da faixa = 108
Melhor altura = 420

Lower Bound 1 = 370
Lower Bound 2 = 252
Avaliação = 1.13514

Tempo de execução: 60.0705s

---------------------------

Tamanho da população: 475
Fração elite: 0.2121
Fração mutante: 0.0442
Probabilidade herdar alelo elite: 0.6514
Número de populações independentes: 3
Troca de informação de 4 individuos a cada 241 gerações
Número de threads: 1

Largura da faixa = 108
Melhor altura = 420

Lower Bound 1 = 370
Lower Bound 2 = 252
Avaliação = 1.13514

Tempo de execução: 60.0908s

---------------------------

Tamanho da população: 475
Fração elite: 0.2121
Fração mutante: 0.0442
Probabilidade herdar alelo elite: 0.6514
Número de populações independentes: 3
Troca de informação de 4 individuos a cada 241 gerações
Número de threads: 1

Largura da faixa = 108
Melhor altura = 427

Lower Bound 1 = 370
Lower Bound 2 = 252
Avaliação = 1.15405

Tempo de execução: 60.1022s

---------------------------

Tamanho da população: 475
Fração elite: 0.2121
Fração mutante: 0.0442
Probabilidade herdar alelo elite: 0.6514
Número de populações independentes: 3
Troca de informação de 4 individuos a cada 241 gerações
Número de threads: 1

Largura da faixa = 108
Melhor altura = 423

Lower Bound 1 = 370
Lower Bound 2 = 252
Avaliação = 1.14324

Tempo de execução: 60.1081s

---------------------------

Tamanho da população: 475
Fração elite: 0.2121
Fração mutante: 0.0442
Probabilidade herdar alelo elite: 0.6514
Número de populações independentes: 3
Troca de informação de 4 individuos a cada 241 gerações
Número de threads: 1

Largura da faixa = 108
Melhor altura = 424

Lower Bound 1 = 370
Lower Bound 2 = 252
Avaliação = 1.14595

Tempo de execução: 60.0165s

---------------------------

Tamanho da população: 475
Fração elite: 0.2121
Fração mutante: 0.0442
Probabilidade herdar alelo elite: 0.6514
Número de populações independentes: 3
Troca de informação de 4 individuos a cada 241 gerações
Número de threads: 1

Largura da faixa = 108
Melhor altura = 421

Lower Bound 1 = 370
Lower Bound 2 = 252
Avaliação = 1.13784

Tempo de execução: 60.0494s

---------------------------

Tamanho da população: 475
Fração elite: 0.2121
Fração mutante: 0.0442
Probabilidade herdar alelo elite: 0.6514
Número de populações independentes: 3
Troca de informação de 4 individuos a cada 241 gerações
Número de threads: 1

Largura da faixa = 108
Melhor altura = 424

Lower Bound 1 = 370
Lower Bound 2 = 252
Avaliação = 1.14595

Tempo de execução: 60.0495s

---------------------------

Tamanho da população: 475
Fração elite: 0.2121
Fração mutante: 0.0442
Probabilidade herdar alelo elite: 0.6514
Número de populações independentes: 3
Troca de informação de 4 individuos a cada 241 gerações
Número de threads: 1

Largura da faixa = 108
Melhor altura = 422

Lower Bound 1 = 370
Lower Bound 2 = 252
Avaliação = 1.14054

Tempo de execução: 60.0859s

---------------------------

Tamanho da população: 475
Fração elite: 0.2121
Fração mutante: 0.0442
Probabilidade herdar alelo elite: 0.6514
Número de populações independentes: 3
Troca de informação de 4 individuos a cada 241 gerações
Número de threads: 1

Largura da faixa = 108
Melhor altura = 421

Lower Bound 1 = 370
Lower Bound 2 = 252
Avaliação = 1.13784

Tempo de execução: 60.1169s
