Tamanho da população: 475
Fração elite: 0.2121
Fração mutante: 0.0442
Probabilidade herdar alelo elite: 0.6514
Número de populações independentes: 3
Troca de informação de 4 individuos a cada 241 gerações
Número de threads: 1

Largura da faixa = 86
Melhor altura = 525

Lower Bound 1 = 465
Lower Bound 2 = 225
Avaliação = 1.12903

Tempo de execução: 60.0382s

---------------------------

Tamanho da população: 475
Fração elite: 0.2121
Fração mutante: 0.0442
Probabilidade herdar alelo elite: 0.6514
Número de populações independentes: 3
Troca de informação de 4 individuos a cada 241 gerações
Número de threads: 1

Largura da faixa = 86
Melhor altura = 531

Lower Bound 1 = 465
Lower Bound 2 = 225
Avaliação = 1.14194

Tempo de execução: 60.1073s

---------------------------

Tamanho da população: 475
Fração elite: 0.2121
Fração mutante: 0.0442
Probabilidade herdar alelo elite: 0.6514
Número de populações independentes: 3
Troca de informação de 4 individuos a cada 241 gerações
Número de threads: 1

Largura da faixa = 86
Melhor altura = 534

Lower Bound 1 = 465
Lower Bound 2 = 225
Avaliação = 1.14839

Tempo de execução: 60.2436s

---------------------------

Tamanho da população: 475
Fração elite: 0.2121
Fração mutante: 0.0442
Probabilidade herdar alelo elite: 0.6514
Número de populações independentes: 3
Troca de informação de 4 individuos a cada 241 gerações
Número de threads: 1

Largura da faixa = 86
Melhor altura = 531

Lower Bound 1 = 465
Lower Bound 2 = 225
Avaliação = 1.14194

Tempo de execução: 60.0435s

---------------------------

Tamanho da população: 475
Fração elite: 0.2121
Fração mutante: 0.0442
Probabilidade herdar alelo elite: 0.6514
Número de populações independentes: 3
Troca de informação de 4 individuos a cada 241 gerações
Número de threads: 1

Largura da faixa = 86
Melhor altura = 529

Lower Bound 1 = 465
Lower Bound 2 = 225
Avaliação = 1.13763

Tempo de execução: 60.099s

---------------------------

Tamanho da população: 475
Fração elite: 0.2121
Fração mutante: 0.0442
Probabilidade herdar alelo elite: 0.6514
Número de populações independentes: 3
Troca de informação de 4 individuos a cada 241 gerações
Número de threads: 1

Largura da faixa = 86
Melhor altura = 532

Lower Bound 1 = 465
Lower Bound 2 = 225
Avaliação = 1.14409

Tempo de execução: 60.1669s

---------------------------

Tamanho da população: 475
Fração elite: 0.2121
Fração mutante: 0.0442
Probabilidade herdar alelo elite: 0.6514
Número de populações independentes: 3
Troca de informação de 4 individuos a cada 241 gerações
Número de threads: 1

Largura da faixa = 86
Melhor altura = 532

Lower Bound 1 = 465
Lower Bound 2 = 225
Avaliação = 1.14409

Tempo de execução: 60.0475s

---------------------------

Tamanho da população: 475
Fração elite: 0.2121
Fração mutante: 0.0442
Probabilidade herdar alelo elite: 0.6514
Número de populações independentes: 3
Troca de informação de 4 individuos a cada 241 gerações
Número de threads: 1

Largura da faixa = 86
Melhor altura = 536

Lower Bound 1 = 465
Lower Bound 2 = 225
Avaliação = 1.15269

Tempo de execução: 60.0822s

---------------------------

Tamanho da população: 475
Fração elite: 0.2121
Fração mutante: 0.0442
Probabilidade herdar alelo elite: 0.6514
Número de populações independentes: 3
Troca de informação de 4 individuos a cada 241 gerações
Número de threads: 1

Largura da faixa = 86
Melhor altura = 525

Lower Bound 1 = 465
Lower Bound 2 = 225
Avaliação = 1.12903

Tempo de execução: 60.2441s

---------------------------

Tamanho da população: 475
Fração elite: 0.2121
Fração mutante: 0.0442
Probabilidade herdar alelo elite: 0.6514
Número de populações independentes: 3
Troca de informação de 4 individuos a cada 241 gerações
Número de threads: 1

Largura da faixa = 86
Melhor altura = 534

Lower Bound 1 = 465
Lower Bound 2 = 225
Avaliação = 1.14839

Tempo de execução: 60.1806s

---------------------------

Tamanho da população: 475
Fração elite: 0.2121
Fração mutante: 0.0442
Probabilidade herdar alelo elite: 0.6514
Número de populações independentes: 3
Troca de informação de 4 individuos a cada 241 gerações
Número de threads: 1

Largura da faixa = 86
Melhor altura = 530

Lower Bound 1 = 465
Lower Bound 2 = 225
Avaliação = 1.13978

Tempo de execução: 60.2338s

---------------------------

Tamanho da população: 475
Fração elite: 0.2121
Fração mutante: 0.0442
Probabilidade herdar alelo elite: 0.6514
Número de populações independentes: 3
Troca de informação de 4 individuos a cada 241 gerações
Número de threads: 1

Largura da faixa = 86
Melhor altura = 529

Lower Bound 1 = 465
Lower Bound 2 = 225
Avaliação = 1.13763

Tempo de execução: 60.2668s

---------------------------

Tamanho da população: 475
Fração elite: 0.2121
Fração mutante: 0.0442
Probabilidade herdar alelo elite: 0.6514
Número de populações independentes: 3
Troca de informação de 4 individuos a cada 241 gerações
Número de threads: 1

Largura da faixa = 86
Melhor altura = 531

Lower Bound 1 = 465
Lower Bound 2 = 225
Avaliação = 1.14194

Tempo de execução: 60.0298s

---------------------------

Tamanho da população: 475
Fração elite: 0.2121
Fração mutante: 0.0442
Probabilidade herdar alelo elite: 0.6514
Número de populações independentes: 3
Troca de informação de 4 individuos a cada 241 gerações
Número de threads: 1

Largura da faixa = 86
Melhor altura = 524

Lower Bound 1 = 465
Lower Bound 2 = 225
Avaliação = 1.12688

Tempo de execução: 60.2011s

---------------------------

Tamanho da população: 475
Fração elite: 0.2121
Fração mutante: 0.0442
Probabilidade herdar alelo elite: 0.6514
Número de populações independentes: 3
Troca de informação de 4 individuos a cada 241 gerações
Número de threads: 1

Largura da faixa = 86
Melhor altura = 530

Lower Bound 1 = 465
Lower Bound 2 = 225
Avaliação = 1.13978

Tempo de execução: 60.2798s

---------------------------

Tamanho da população: 475
Fração elite: 0.2121
Fração mutante: 0.0442
Probabilidade herdar alelo elite: 0.6514
Número de populações independentes: 3
Troca de informação de 4 individuos a cada 241 gerações
Número de threads: 1

Largura da faixa = 86
Melhor altura = 532

Lower Bound 1 = 465
Lower Bound 2 = 225
Avaliação = 1.14409

Tempo de execução: 60.1009s

---------------------------

Tamanho da população: 475
Fração elite: 0.2121
Fração mutante: 0.0442
Probabilidade herdar alelo elite: 0.6514
Número de populações independentes: 3
Troca de informação de 4 individuos a cada 241 gerações
Número de threads: 1

Largura da faixa = 86
Melhor altura = 529

Lower Bound 1 = 465
Lower Bound 2 = 225
Avaliação = 1.13763

Tempo de execução: 60.2579s

---------------------------

Tamanho da população: 475
Fração elite: 0.2121
Fração mutante: 0.0442
Probabilidade herdar alelo elite: 0.6514
Número de populações independentes: 3
Troca de informação de 4 individuos a cada 241 gerações
Número de threads: 1

Largura da faixa = 86
Melhor altura = 536

Lower Bound 1 = 465
Lower Bound 2 = 225
Avaliação = 1.15269

Tempo de execução: 60.2907s

---------------------------

Tamanho da população: 475
Fração elite: 0.2121
Fração mutante: 0.0442
Probabilidade herdar alelo elite: 0.6514
Número de populações independentes: 3
Troca de informação de 4 individuos a cada 241 gerações
Número de threads: 1

Largura da faixa = 86
Melhor altura = 535

Lower Bound 1 = 465
Lower Bound 2 = 225
Avaliação = 1.15054

Tempo de execução: 60.2021s

---------------------------

Tamanho da população: 475
Fração elite: 0.2121
Fração mutante: 0.0442
Probabilidade herdar alelo elite: 0.6514
Número de populações independentes: 3
Troca de informação de 4 individuos a cada 241 gerações
Número de threads: 1

Largura da faixa = 86
Melhor altura = 530

Lower Bound 1 = 465
Lower Bound 2 = 225
Avaliação = 1.13978

Tempo de execução: 60.286s
