Tamanho da população: 475
Fração elite: 0.2121
Fração mutante: 0.0442
Probabilidade herdar alelo elite: 0.6514
Número de populações independentes: 3
Troca de informação de 4 individuos a cada 241 gerações
Número de threads: 1

Largura da faixa = 96
Melhor altura = 543

Lower Bound 1 = 416
Lower Bound 2 = 436
Avaliação = 1.24541

Tempo de execução: 60.015s

---------------------------

Tamanho da população: 475
Fração elite: 0.2121
Fração mutante: 0.0442
Probabilidade herdar alelo elite: 0.6514
Número de populações independentes: 3
Troca de informação de 4 individuos a cada 241 gerações
Número de threads: 1

Largura da faixa = 96
Melhor altura = 543

Lower Bound 1 = 416
Lower Bound 2 = 436
Avaliação = 1.24541

Tempo de execução: 60.058s

---------------------------

Tamanho da população: 475
Fração elite: 0.2121
Fração mutante: 0.0442
Probabilidade herdar alelo elite: 0.6514
Número de populações independentes: 3
Troca de informação de 4 individuos a cada 241 gerações
Número de threads: 1

Largura da faixa = 96
Melhor altura = 544

Lower Bound 1 = 416
Lower Bound 2 = 436
Avaliação = 1.24771

Tempo de execução: 60.0767s

---------------------------

Tamanho da população: 475
Fração elite: 0.2121
Fração mutante: 0.0442
Probabilidade herdar alelo elite: 0.6514
Número de populações independentes: 3
Troca de informação de 4 individuos a cada 241 gerações
Número de threads: 1

Largura da faixa = 96
Melhor altura = 543

Lower Bound 1 = 416
Lower Bound 2 = 436
Avaliação = 1.24541

Tempo de execução: 60.0171s

---------------------------

Tamanho da população: 475
Fração elite: 0.2121
Fração mutante: 0.0442
Probabilidade herdar alelo elite: 0.6514
Número de populações independentes: 3
Troca de informação de 4 individuos a cada 241 gerações
Número de threads: 1

Largura da faixa = 96
Melhor altura = 543

Lower Bound 1 = 416
Lower Bound 2 = 436
Avaliação = 1.24541

Tempo de execução: 60.0501s

---------------------------

Tamanho da população: 475
Fração elite: 0.2121
Fração mutante: 0.0442
Probabilidade herdar alelo elite: 0.6514
Número de populações independentes: 3
Troca de informação de 4 individuos a cada 241 gerações
Número de threads: 1

Largura da faixa = 96
Melhor altura = 544

Lower Bound 1 = 416
Lower Bound 2 = 436
Avaliação = 1.24771

Tempo de execução: 60.0607s

---------------------------

Tamanho da população: 475
Fração elite: 0.2121
Fração mutante: 0.0442
Probabilidade herdar alelo elite: 0.6514
Número de populações independentes: 3
Troca de informação de 4 individuos a cada 241 gerações
Número de threads: 1

Largura da faixa = 96
Melhor altura = 543

Lower Bound 1 = 416
Lower Bound 2 = 436
Avaliação = 1.24541

Tempo de execução: 60.0116s

---------------------------

Tamanho da população: 475
Fração elite: 0.2121
Fração mutante: 0.0442
Probabilidade herdar alelo elite: 0.6514
Número de populações independentes: 3
Troca de informação de 4 individuos a cada 241 gerações
Número de threads: 1

Largura da faixa = 96
Melhor altura = 543

Lower Bound 1 = 416
Lower Bound 2 = 436
Avaliação = 1.24541

Tempo de execução: 60.0454s

---------------------------

Tamanho da população: 475
Fração elite: 0.2121
Fração mutante: 0.0442
Probabilidade herdar alelo elite: 0.6514
Número de populações independentes: 3
Troca de informação de 4 individuos a cada 241 gerações
Número de threads: 1

Largura da faixa = 96
Melhor altura = 544

Lower Bound 1 = 416
Lower Bound 2 = 436
Avaliação = 1.24771

Tempo de execução: 60.0498s

---------------------------

Tamanho da população: 475
Fração elite: 0.2121
Fração mutante: 0.0442
Probabilidade herdar alelo elite: 0.6514
Número de populações independentes: 3
Troca de informação de 4 individuos a cada 241 gerações
Número de threads: 1

Largura da faixa = 96
Melhor altura = 543

Lower Bound 1 = 416
Lower Bound 2 = 436
Avaliação = 1.24541

Tempo de execução: 60.0161s

---------------------------

Tamanho da população: 475
Fração elite: 0.2121
Fração mutante: 0.0442
Probabilidade herdar alelo elite: 0.6514
Número de populações independentes: 3
Troca de informação de 4 individuos a cada 241 gerações
Número de threads: 1

Largura da faixa = 96
Melhor altura = 544

Lower Bound 1 = 416
Lower Bound 2 = 436
Avaliação = 1.24771

Tempo de execução: 60.021s

---------------------------

Tamanho da população: 475
Fração elite: 0.2121
Fração mutante: 0.0442
Probabilidade herdar alelo elite: 0.6514
Número de populações independentes: 3
Troca de informação de 4 individuos a cada 241 gerações
Número de threads: 1

Largura da faixa = 96
Melhor altura = 543

Lower Bound 1 = 416
Lower Bound 2 = 436
Avaliação = 1.24541

Tempo de execução: 60.0695s

---------------------------

Tamanho da população: 475
Fração elite: 0.2121
Fração mutante: 0.0442
Probabilidade herdar alelo elite: 0.6514
Número de populações independentes: 3
Troca de informação de 4 individuos a cada 241 gerações
Número de threads: 1

Largura da faixa = 96
Melhor altura = 544

Lower Bound 1 = 416
Lower Bound 2 = 436
Avaliação = 1.24771

Tempo de execução: 60.0373s

---------------------------

Tamanho da população: 475
Fração elite: 0.2121
Fração mutante: 0.0442
Probabilidade herdar alelo elite: 0.6514
Número de populações independentes: 3
Troca de informação de 4 individuos a cada 241 gerações
Número de threads: 1

Largura da faixa = 96
Melhor altura = 543

Lower Bound 1 = 416
Lower Bound 2 = 436
Avaliação = 1.24541

Tempo de execução: 60.0447s

---------------------------

Tamanho da população: 475
Fração elite: 0.2121
Fração mutante: 0.0442
Probabilidade herdar alelo elite: 0.6514
Número de populações independentes: 3
Troca de informação de 4 individuos a cada 241 gerações
Número de threads: 1

Largura da faixa = 96
Melhor altura = 544

Lower Bound 1 = 416
Lower Bound 2 = 436
Avaliação = 1.24771

Tempo de execução: 60.058s

---------------------------

Tamanho da população: 475
Fração elite: 0.2121
Fração mutante: 0.0442
Probabilidade herdar alelo elite: 0.6514
Número de populações independentes: 3
Troca de informação de 4 individuos a cada 241 gerações
Número de threads: 1

Largura da faixa = 96
Melhor altura = 544

Lower Bound 1 = 416
Lower Bound 2 = 436
Avaliação = 1.24771

Tempo de execução: 60.0042s

---------------------------

Tamanho da população: 475
Fração elite: 0.2121
Fração mutante: 0.0442
Probabilidade herdar alelo elite: 0.6514
Número de populações independentes: 3
Troca de informação de 4 individuos a cada 241 gerações
Número de threads: 1

Largura da faixa = 96
Melhor altura = 544

Lower Bound 1 = 416
Lower Bound 2 = 436
Avaliação = 1.24771

Tempo de execução: 60.0155s

---------------------------

Tamanho da população: 475
Fração elite: 0.2121
Fração mutante: 0.0442
Probabilidade herdar alelo elite: 0.6514
Número de populações independentes: 3
Troca de informação de 4 individuos a cada 241 gerações
Número de threads: 1

Largura da faixa = 96
Melhor altura = 543

Lower Bound 1 = 416
Lower Bound 2 = 436
Avaliação = 1.24541

Tempo de execução: 60.0483s

---------------------------

Tamanho da população: 475
Fração elite: 0.2121
Fração mutante: 0.0442
Probabilidade herdar alelo elite: 0.6514
Número de populações independentes: 3
Troca de informação de 4 individuos a cada 241 gerações
Número de threads: 1

Largura da faixa = 96
Melhor altura = 544

Lower Bound 1 = 416
Lower Bound 2 = 436
Avaliação = 1.24771

Tempo de execução: 60.0314s

---------------------------

Tamanho da população: 475
Fração elite: 0.2121
Fração mutante: 0.0442
Probabilidade herdar alelo elite: 0.6514
Número de populações independentes: 3
Troca de informação de 4 individuos a cada 241 gerações
Número de threads: 1

Largura da faixa = 96
Melhor altura = 544

Lower Bound 1 = 416
Lower Bound 2 = 436
Avaliação = 1.24771

Tempo de execução: 60.085s
