Tamanho da população: 475
Fração elite: 0.2121
Fração mutante: 0.0442
Probabilidade herdar alelo elite: 0.6514
Número de populações independentes: 3
Troca de informação de 4 individuos a cada 241 gerações
Número de threads: 1

Largura da faixa = 161
Melhor altura = 315

Lower Bound 1 = 248
Lower Bound 2 = 231
Avaliação = 1.27016

Tempo de execução: 60.0044s

---------------------------

Tamanho da população: 475
Fração elite: 0.2121
Fração mutante: 0.0442
Probabilidade herdar alelo elite: 0.6514
Número de populações independentes: 3
Troca de informação de 4 individuos a cada 241 gerações
Número de threads: 1

Largura da faixa = 161
Melhor altura = 315

Lower Bound 1 = 248
Lower Bound 2 = 231
Avaliação = 1.27016

Tempo de execução: 60.0063s

---------------------------

Tamanho da população: 475
Fração elite: 0.2121
Fração mutante: 0.0442
Probabilidade herdar alelo elite: 0.6514
Número de populações independentes: 3
Troca de informação de 4 individuos a cada 241 gerações
Número de threads: 1

Largura da faixa = 161
Melhor altura = 315

Lower Bound 1 = 248
Lower Bound 2 = 231
Avaliação = 1.27016

Tempo de execução: 60.0121s

---------------------------

Tamanho da população: 475
Fração elite: 0.2121
Fração mutante: 0.0442
Probabilidade herdar alelo elite: 0.6514
Número de populações independentes: 3
Troca de informação de 4 individuos a cada 241 gerações
Número de threads: 1

Largura da faixa = 161
Melhor altura = 315

Lower Bound 1 = 248
Lower Bound 2 = 231
Avaliação = 1.27016

Tempo de execução: 60.0005s

---------------------------

Tamanho da população: 475
Fração elite: 0.2121
Fração mutante: 0.0442
Probabilidade herdar alelo elite: 0.6514
Número de populações independentes: 3
Troca de informação de 4 individuos a cada 241 gerações
Número de threads: 1

Largura da faixa = 161
Melhor altura = 315

Lower Bound 1 = 248
Lower Bound 2 = 231
Avaliação = 1.27016

Tempo de execução: 60.0098s

---------------------------

Tamanho da população: 475
Fração elite: 0.2121
Fração mutante: 0.0442
Probabilidade herdar alelo elite: 0.6514
Número de populações independentes: 3
Troca de informação de 4 individuos a cada 241 gerações
Número de threads: 1

Largura da faixa = 161
Melhor altura = 315

Lower Bound 1 = 248
Lower Bound 2 = 231
Avaliação = 1.27016

Tempo de execução: 60.0157s

---------------------------

Tamanho da população: 475
Fração elite: 0.2121
Fração mutante: 0.0442
Probabilidade herdar alelo elite: 0.6514
Número de populações independentes: 3
Troca de informação de 4 individuos a cada 241 gerações
Número de threads: 1

Largura da faixa = 161
Melhor altura = 315

Lower Bound 1 = 248
Lower Bound 2 = 231
Avaliação = 1.27016

Tempo de execução: 60.0089s

---------------------------

Tamanho da população: 475
Fração elite: 0.2121
Fração mutante: 0.0442
Probabilidade herdar alelo elite: 0.6514
Número de populações independentes: 3
Troca de informação de 4 individuos a cada 241 gerações
Número de threads: 1

Largura da faixa = 161
Melhor altura = 315

Lower Bound 1 = 248
Lower Bound 2 = 231
Avaliação = 1.27016

Tempo de execução: 60.0127s

---------------------------

Tamanho da população: 475
Fração elite: 0.2121
Fração mutante: 0.0442
Probabilidade herdar alelo elite: 0.6514
Número de populações independentes: 3
Troca de informação de 4 individuos a cada 241 gerações
Número de threads: 1

Largura da faixa = 161
Melhor altura = 315

Lower Bound 1 = 248
Lower Bound 2 = 231
Avaliação = 1.27016

Tempo de execução: 60.0142s

---------------------------

Tamanho da população: 475
Fração elite: 0.2121
Fração mutante: 0.0442
Probabilidade herdar alelo elite: 0.6514
Número de populações independentes: 3
Troca de informação de 4 individuos a cada 241 gerações
Número de threads: 1

Largura da faixa = 161
Melhor altura = 315

Lower Bound 1 = 248
Lower Bound 2 = 231
Avaliação = 1.27016

Tempo de execução: 60.011s

---------------------------

Tamanho da população: 475
Fração elite: 0.2121
Fração mutante: 0.0442
Probabilidade herdar alelo elite: 0.6514
Número de populações independentes: 3
Troca de informação de 4 individuos a cada 241 gerações
Número de threads: 1

Largura da faixa = 161
Melhor altura = 315

Lower Bound 1 = 248
Lower Bound 2 = 231
Avaliação = 1.27016

Tempo de execução: 60.0178s

---------------------------

Tamanho da população: 475
Fração elite: 0.2121
Fração mutante: 0.0442
Probabilidade herdar alelo elite: 0.6514
Número de populações independentes: 3
Troca de informação de 4 individuos a cada 241 gerações
Número de threads: 1

Largura da faixa = 161
Melhor altura = 315

Lower Bound 1 = 248
Lower Bound 2 = 231
Avaliação = 1.27016

Tempo de execução: 60.0196s

---------------------------

Tamanho da população: 475
Fração elite: 0.2121
Fração mutante: 0.0442
Probabilidade herdar alelo elite: 0.6514
Número de populações independentes: 3
Troca de informação de 4 individuos a cada 241 gerações
Número de threads: 1

Largura da faixa = 161
Melhor altura = 315

Lower Bound 1 = 248
Lower Bound 2 = 231
Avaliação = 1.27016

Tempo de execução: 60.0109s

---------------------------

Tamanho da população: 475
Fração elite: 0.2121
Fração mutante: 0.0442
Probabilidade herdar alelo elite: 0.6514
Número de populações independentes: 3
Troca de informação de 4 individuos a cada 241 gerações
Número de threads: 1

Largura da faixa = 161
Melhor altura = 315

Lower Bound 1 = 248
Lower Bound 2 = 231
Avaliação = 1.27016

Tempo de execução: 60.0127s

---------------------------

Tamanho da população: 475
Fração elite: 0.2121
Fração mutante: 0.0442
Probabilidade herdar alelo elite: 0.6514
Número de populações independentes: 3
Troca de informação de 4 individuos a cada 241 gerações
Número de threads: 1

Largura da faixa = 161
Melhor altura = 315

Lower Bound 1 = 248
Lower Bound 2 = 231
Avaliação = 1.27016

Tempo de execução: 60.0167s

---------------------------

Tamanho da população: 475
Fração elite: 0.2121
Fração mutante: 0.0442
Probabilidade herdar alelo elite: 0.6514
Número de populações independentes: 3
Troca de informação de 4 individuos a cada 241 gerações
Número de threads: 1

Largura da faixa = 161
Melhor altura = 315

Lower Bound 1 = 248
Lower Bound 2 = 231
Avaliação = 1.27016

Tempo de execução: 60.0027s

---------------------------

Tamanho da população: 475
Fração elite: 0.2121
Fração mutante: 0.0442
Probabilidade herdar alelo elite: 0.6514
Número de populações independentes: 3
Troca de informação de 4 individuos a cada 241 gerações
Número de threads: 1

Largura da faixa = 161
Melhor altura = 306

Lower Bound 1 = 248
Lower Bound 2 = 231
Avaliação = 1.23387

Tempo de execução: 60.0081s

---------------------------

Tamanho da população: 475
Fração elite: 0.2121
Fração mutante: 0.0442
Probabilidade herdar alelo elite: 0.6514
Número de populações independentes: 3
Troca de informação de 4 individuos a cada 241 gerações
Número de threads: 1

Largura da faixa = 161
Melhor altura = 315

Lower Bound 1 = 248
Lower Bound 2 = 231
Avaliação = 1.27016

Tempo de execução: 60.0108s

---------------------------

Tamanho da população: 475
Fração elite: 0.2121
Fração mutante: 0.0442
Probabilidade herdar alelo elite: 0.6514
Número de populações independentes: 3
Troca de informação de 4 individuos a cada 241 gerações
Número de threads: 1

Largura da faixa = 161
Melhor altura = 315

Lower Bound 1 = 248
Lower Bound 2 = 231
Avaliação = 1.27016

Tempo de execução: 60.0001s

---------------------------

Tamanho da população: 475
Fração elite: 0.2121
Fração mutante: 0.0442
Probabilidade herdar alelo elite: 0.6514
Número de populações independentes: 3
Troca de informação de 4 individuos a cada 241 gerações
Número de threads: 1

Largura da faixa = 161
Melhor altura = 315

Lower Bound 1 = 248
Lower Bound 2 = 231
Avaliação = 1.27016

Tempo de execução: 60.018s
