Tamanho da população: 297
Fração elite: 0.55
Fração mutante: 0.0174
Probabilidade herdar alelo elite: 0.7678
Número de populações independentes: 1
Número de threads: 1
Trocar os melhores indivíduos a cada 30 gerações
Número máximo de gerações: 279

Largura da faixa = 112
Melhor altura = 415

Lower Bound 1 = 357
Lower Bound 2 = 233
Avaliação = 1.16246

Tempo de execução: 6.93992s

---------------------------

Tamanho da população: 297
Fração elite: 0.55
Fração mutante: 0.0174
Probabilidade herdar alelo elite: 0.7678
Número de populações independentes: 1
Número de threads: 1
Trocar os melhores indivíduos a cada 30 gerações
Número máximo de gerações: 279

Largura da faixa = 112
Melhor altura = 418

Lower Bound 1 = 357
Lower Bound 2 = 233
Avaliação = 1.17087

Tempo de execução: 7.13844s

---------------------------

Tamanho da população: 297
Fração elite: 0.55
Fração mutante: 0.0174
Probabilidade herdar alelo elite: 0.7678
Número de populações independentes: 1
Número de threads: 1
Trocar os melhores indivíduos a cada 30 gerações
Número máximo de gerações: 279

Largura da faixa = 112
Melhor altura = 410

Lower Bound 1 = 357
Lower Bound 2 = 233
Avaliação = 1.14846

Tempo de execução: 7.14406s

---------------------------

Tamanho da população: 297
Fração elite: 0.55
Fração mutante: 0.0174
Probabilidade herdar alelo elite: 0.7678
Número de populações independentes: 1
Número de threads: 1
Trocar os melhores indivíduos a cada 30 gerações
Número máximo de gerações: 279

Largura da faixa = 112
Melhor altura = 412

Lower Bound 1 = 357
Lower Bound 2 = 233
Avaliação = 1.15406

Tempo de execução: 6.73859s

---------------------------

Tamanho da população: 297
Fração elite: 0.55
Fração mutante: 0.0174
Probabilidade herdar alelo elite: 0.7678
Número de populações independentes: 1
Número de threads: 1
Trocar os melhores indivíduos a cada 30 gerações
Número máximo de gerações: 279

Largura da faixa = 112
Melhor altura = 417

Lower Bound 1 = 357
Lower Bound 2 = 233
Avaliação = 1.16807

Tempo de execução: 6.93677s

---------------------------

Tamanho da população: 297
Fração elite: 0.55
Fração mutante: 0.0174
Probabilidade herdar alelo elite: 0.7678
Número de populações independentes: 1
Número de threads: 1
Trocar os melhores indivíduos a cada 30 gerações
Número máximo de gerações: 279

Largura da faixa = 112
Melhor altura = 419

Lower Bound 1 = 357
Lower Bound 2 = 233
Avaliação = 1.17367

Tempo de execução: 7.06639s

---------------------------

Tamanho da população: 297
Fração elite: 0.55
Fração mutante: 0.0174
Probabilidade herdar alelo elite: 0.7678
Número de populações independentes: 1
Número de threads: 1
Trocar os melhores indivíduos a cada 30 gerações
Número máximo de gerações: 279

Largura da faixa = 112
Melhor altura = 418

Lower Bound 1 = 357
Lower Bound 2 = 233
Avaliação = 1.17087

Tempo de execução: 6.6151s

---------------------------

Tamanho da população: 297
Fração elite: 0.55
Fração mutante: 0.0174
Probabilidade herdar alelo elite: 0.7678
Número de populações independentes: 1
Número de threads: 1
Trocar os melhores indivíduos a cada 30 gerações
Número máximo de gerações: 279

Largura da faixa = 112
Melhor altura = 414

Lower Bound 1 = 357
Lower Bound 2 = 233
Avaliação = 1.15966

Tempo de execução: 6.69097s

---------------------------

Tamanho da população: 297
Fração elite: 0.55
Fração mutante: 0.0174
Probabilidade herdar alelo elite: 0.7678
Número de populações independentes: 1
Número de threads: 1
Trocar os melhores indivíduos a cada 30 gerações
Número máximo de gerações: 279

Largura da faixa = 112
Melhor altura = 417

Lower Bound 1 = 357
Lower Bound 2 = 233
Avaliação = 1.16807

Tempo de execução: 6.98789s

---------------------------

Tamanho da população: 297
Fração elite: 0.55
Fração mutante: 0.0174
Probabilidade herdar alelo elite: 0.7678
Número de populações independentes: 1
Número de threads: 1
Trocar os melhores indivíduos a cada 30 gerações
Número máximo de gerações: 279

Largura da faixa = 112
Melhor altura = 416

Lower Bound 1 = 357
Lower Bound 2 = 233
Avaliação = 1.16527

Tempo de execução: 6.7453s

---------------------------

Tamanho da população: 297
Fração elite: 0.55
Fração mutante: 0.0174
Probabilidade herdar alelo elite: 0.7678
Número de populações independentes: 1
Número de threads: 1
Trocar os melhores indivíduos a cada 30 gerações
Número máximo de gerações: 279

Largura da faixa = 112
Melhor altura = 416

Lower Bound 1 = 357
Lower Bound 2 = 233
Avaliação = 1.16527

Tempo de execução: 6.77667s

---------------------------

Tamanho da população: 297
Fração elite: 0.55
Fração mutante: 0.0174
Probabilidade herdar alelo elite: 0.7678
Número de populações independentes: 1
Número de threads: 1
Trocar os melhores indivíduos a cada 30 gerações
Número máximo de gerações: 279

Largura da faixa = 112
Melhor altura = 414

Lower Bound 1 = 357
Lower Bound 2 = 233
Avaliação = 1.15966

Tempo de execução: 6.84946s

---------------------------

Tamanho da população: 297
Fração elite: 0.55
Fração mutante: 0.0174
Probabilidade herdar alelo elite: 0.7678
Número de populações independentes: 1
Número de threads: 1
Trocar os melhores indivíduos a cada 30 gerações
Número máximo de gerações: 279

Largura da faixa = 112
Melhor altura = 419

Lower Bound 1 = 357
Lower Bound 2 = 233
Avaliação = 1.17367

Tempo de execução: 6.4614s

---------------------------

Tamanho da população: 297
Fração elite: 0.55
Fração mutante: 0.0174
Probabilidade herdar alelo elite: 0.7678
Número de populações independentes: 1
Número de threads: 1
Trocar os melhores indivíduos a cada 30 gerações
Número máximo de gerações: 279

Largura da faixa = 112
Melhor altura = 410

Lower Bound 1 = 357
Lower Bound 2 = 233
Avaliação = 1.14846

Tempo de execução: 6.8356s

---------------------------

Tamanho da população: 297
Fração elite: 0.55
Fração mutante: 0.0174
Probabilidade herdar alelo elite: 0.7678
Número de populações independentes: 1
Número de threads: 1
Trocar os melhores indivíduos a cada 30 gerações
Número máximo de gerações: 279

Largura da faixa = 112
Melhor altura = 410

Lower Bound 1 = 357
Lower Bound 2 = 233
Avaliação = 1.14846

Tempo de execução: 7.02329s

---------------------------

Tamanho da população: 297
Fração elite: 0.55
Fração mutante: 0.0174
Probabilidade herdar alelo elite: 0.7678
Número de populações independentes: 1
Número de threads: 1
Trocar os melhores indivíduos a cada 30 gerações
Número máximo de gerações: 279

Largura da faixa = 112
Melhor altura = 413

Lower Bound 1 = 357
Lower Bound 2 = 233
Avaliação = 1.15686

Tempo de execução: 6.67136s

---------------------------

Tamanho da população: 297
Fração elite: 0.55
Fração mutante: 0.0174
Probabilidade herdar alelo elite: 0.7678
Número de populações independentes: 1
Número de threads: 1
Trocar os melhores indivíduos a cada 30 gerações
Número máximo de gerações: 279

Largura da faixa = 112
Melhor altura = 413

Lower Bound 1 = 357
Lower Bound 2 = 233
Avaliação = 1.15686

Tempo de execução: 6.94554s

---------------------------

Tamanho da população: 297
Fração elite: 0.55
Fração mutante: 0.0174
Probabilidade herdar alelo elite: 0.7678
Número de populações independentes: 1
Número de threads: 1
Trocar os melhores indivíduos a cada 30 gerações
Número máximo de gerações: 279

Largura da faixa = 112
Melhor altura = 411

Lower Bound 1 = 357
Lower Bound 2 = 233
Avaliação = 1.15126

Tempo de execução: 7.00525s

---------------------------

Tamanho da população: 297
Fração elite: 0.55
Fração mutante: 0.0174
Probabilidade herdar alelo elite: 0.7678
Número de populações independentes: 1
Número de threads: 1
Trocar os melhores indivíduos a cada 30 gerações
Número máximo de gerações: 279

Largura da faixa = 112
Melhor altura = 411

Lower Bound 1 = 357
Lower Bound 2 = 233
Avaliação = 1.15126

Tempo de execução: 6.75235s

---------------------------

Tamanho da população: 297
Fração elite: 0.55
Fração mutante: 0.0174
Probabilidade herdar alelo elite: 0.7678
Número de populações independentes: 1
Número de threads: 1
Trocar os melhores indivíduos a cada 30 gerações
Número máximo de gerações: 279

Largura da faixa = 112
Melhor altura = 410

Lower Bound 1 = 357
Lower Bound 2 = 233
Avaliação = 1.14846

Tempo de execução: 7.02278s

---------------------------

