Tamanho da população: 475
Fração elite: 0.2121
Fração mutante: 0.0442
Probabilidade herdar alelo elite: 0.6514
Número de populações independentes: 3
Troca de informação de 4 individuos a cada 241 gerações
Número de threads: 1

Largura da faixa = 115
Melhor altura = 461

Lower Bound 1 = 347
Lower Bound 2 = 277
Avaliação = 1.32853

Tempo de execução: 60.0021s

---------------------------

Tamanho da população: 475
Fração elite: 0.2121
Fração mutante: 0.0442
Probabilidade herdar alelo elite: 0.6514
Número de populações independentes: 3
Troca de informação de 4 individuos a cada 241 gerações
Número de threads: 1

Largura da faixa = 115
Melhor altura = 461

Lower Bound 1 = 347
Lower Bound 2 = 277
Avaliação = 1.32853

Tempo de execução: 60.0152s

---------------------------

Tamanho da população: 475
Fração elite: 0.2121
Fração mutante: 0.0442
Probabilidade herdar alelo elite: 0.6514
Número de populações independentes: 3
Troca de informação de 4 individuos a cada 241 gerações
Número de threads: 1

Largura da faixa = 115
Melhor altura = 456

Lower Bound 1 = 347
Lower Bound 2 = 277
Avaliação = 1.31412

Tempo de execução: 60.0574s

---------------------------

Tamanho da população: 475
Fração elite: 0.2121
Fração mutante: 0.0442
Probabilidade herdar alelo elite: 0.6514
Número de populações independentes: 3
Troca de informação de 4 individuos a cada 241 gerações
Número de threads: 1

Largura da faixa = 115
Melhor altura = 464

Lower Bound 1 = 347
Lower Bound 2 = 277
Avaliação = 1.33718

Tempo de execução: 60.0266s

---------------------------

Tamanho da população: 475
Fração elite: 0.2121
Fração mutante: 0.0442
Probabilidade herdar alelo elite: 0.6514
Número de populações independentes: 3
Troca de informação de 4 individuos a cada 241 gerações
Número de threads: 1

Largura da faixa = 115
Melhor altura = 456

Lower Bound 1 = 347
Lower Bound 2 = 277
Avaliação = 1.31412

Tempo de execução: 60.059s

---------------------------

Tamanho da população: 475
Fração elite: 0.2121
Fração mutante: 0.0442
Probabilidade herdar alelo elite: 0.6514
Número de populações independentes: 3
Troca de informação de 4 individuos a cada 241 gerações
Número de threads: 1

Largura da faixa = 115
Melhor altura = 456

Lower Bound 1 = 347
Lower Bound 2 = 277
Avaliação = 1.31412

Tempo de execução: 60.0648s

---------------------------

Tamanho da população: 475
Fração elite: 0.2121
Fração mutante: 0.0442
Probabilidade herdar alelo elite: 0.6514
Número de populações independentes: 3
Troca de informação de 4 individuos a cada 241 gerações
Número de threads: 1

Largura da faixa = 115
Melhor altura = 461

Lower Bound 1 = 347
Lower Bound 2 = 277
Avaliação = 1.32853

Tempo de execução: 60.0233s

---------------------------

Tamanho da população: 475
Fração elite: 0.2121
Fração mutante: 0.0442
Probabilidade herdar alelo elite: 0.6514
Número de populações independentes: 3
Troca de informação de 4 individuos a cada 241 gerações
Número de threads: 1

Largura da faixa = 115
Melhor altura = 456

Lower Bound 1 = 347
Lower Bound 2 = 277
Avaliação = 1.31412

Tempo de execução: 60.0573s

---------------------------

Tamanho da população: 475
Fração elite: 0.2121
Fração mutante: 0.0442
Probabilidade herdar alelo elite: 0.6514
Número de populações independentes: 3
Troca de informação de 4 individuos a cada 241 gerações
Número de threads: 1

Largura da faixa = 115
Melhor altura = 462

Lower Bound 1 = 347
Lower Bound 2 = 277
Avaliação = 1.33141

Tempo de execução: 60.0621s

---------------------------

Tamanho da população: 475
Fração elite: 0.2121
Fração mutante: 0.0442
Probabilidade herdar alelo elite: 0.6514
Número de populações independentes: 3
Troca de informação de 4 individuos a cada 241 gerações
Número de threads: 1

Largura da faixa = 115
Melhor altura = 462

Lower Bound 1 = 347
Lower Bound 2 = 277
Avaliação = 1.33141

Tempo de execução: 60.0099s

---------------------------

Tamanho da população: 475
Fração elite: 0.2121
Fração mutante: 0.0442
Probabilidade herdar alelo elite: 0.6514
Número de populações independentes: 3
Troca de informação de 4 individuos a cada 241 gerações
Número de threads: 1

Largura da faixa = 115
Melhor altura = 458

Lower Bound 1 = 347
Lower Bound 2 = 277
Avaliação = 1.31988

Tempo de execução: 60.0296s

---------------------------

Tamanho da população: 475
Fração elite: 0.2121
Fração mutante: 0.0442
Probabilidade herdar alelo elite: 0.6514
Número de populações independentes: 3
Troca de informação de 4 individuos a cada 241 gerações
Número de threads: 1

Largura da faixa = 115
Melhor altura = 462

Lower Bound 1 = 347
Lower Bound 2 = 277
Avaliação = 1.33141

Tempo de execução: 60.037s

---------------------------

Tamanho da população: 475
Fração elite: 0.2121
Fração mutante: 0.0442
Probabilidade herdar alelo elite: 0.6514
Número de populações independentes: 3
Troca de informação de 4 individuos a cada 241 gerações
Número de threads: 1

Largura da faixa = 115
Melhor altura = 466

Lower Bound 1 = 347
Lower Bound 2 = 277
Avaliação = 1.34294

Tempo de execução: 60.0052s

---------------------------

Tamanho da população: 475
Fração elite: 0.2121
Fração mutante: 0.0442
Probabilidade herdar alelo elite: 0.6514
Número de populações independentes: 3
Troca de informação de 4 individuos a cada 241 gerações
Número de threads: 1

Largura da faixa = 115
Melhor altura = 461

Lower Bound 1 = 347
Lower Bound 2 = 277
Avaliação = 1.32853

Tempo de execução: 60.0341s

---------------------------

Tamanho da população: 475
Fração elite: 0.2121
Fração mutante: 0.0442
Probabilidade herdar alelo elite: 0.6514
Número de populações independentes: 3
Troca de informação de 4 individuos a cada 241 gerações
Número de threads: 1

Largura da faixa = 115
Melhor altura = 462

Lower Bound 1 = 347
Lower Bound 2 = 277
Avaliação = 1.33141

Tempo de execução: 60.0586s

---------------------------

Tamanho da população: 475
Fração elite: 0.2121
Fração mutante: 0.0442
Probabilidade herdar alelo elite: 0.6514
Número de populações independentes: 3
Troca de informação de 4 individuos a cada 241 gerações
Número de threads: 1

Largura da faixa = 115
Melhor altura = 462

Lower Bound 1 = 347
Lower Bound 2 = 277
Avaliação = 1.33141

Tempo de execução: 60.0303s

---------------------------

Tamanho da população: 475
Fração elite: 0.2121
Fração mutante: 0.0442
Probabilidade herdar alelo elite: 0.6514
Número de populações independentes: 3
Troca de informação de 4 individuos a cada 241 gerações
Número de threads: 1

Largura da faixa = 115
Melhor altura = 458

Lower Bound 1 = 347
Lower Bound 2 = 277
Avaliação = 1.31988

Tempo de execução: 60.0329s

---------------------------

Tamanho da população: 475
Fração elite: 0.2121
Fração mutante: 0.0442
Probabilidade herdar alelo elite: 0.6514
Número de populações independentes: 3
Troca de informação de 4 individuos a cada 241 gerações
Número de threads: 1

Largura da faixa = 115
Melhor altura = 464

Lower Bound 1 = 347
Lower Bound 2 = 277
Avaliação = 1.33718

Tempo de execução: 60.0416s

---------------------------

Tamanho da população: 475
Fração elite: 0.2121
Fração mutante: 0.0442
Probabilidade herdar alelo elite: 0.6514
Número de populações independentes: 3
Troca de informação de 4 individuos a cada 241 gerações
Número de threads: 1

Largura da faixa = 115
Melhor altura = 462

Lower Bound 1 = 347
Lower Bound 2 = 277
Avaliação = 1.33141

Tempo de execução: 60.0348s

---------------------------

Tamanho da população: 475
Fração elite: 0.2121
Fração mutante: 0.0442
Probabilidade herdar alelo elite: 0.6514
Número de populações independentes: 3
Troca de informação de 4 individuos a cada 241 gerações
Número de threads: 1

Largura da faixa = 115
Melhor altura = 461

Lower Bound 1 = 347
Lower Bound 2 = 277
Avaliação = 1.32853

Tempo de execução: 60.0438s
