Tamanho da população: 475
Fração elite: 0.2121
Fração mutante: 0.0442
Probabilidade herdar alelo elite: 0.6514
Número de populações independentes: 3
Troca de informação de 4 individuos a cada 241 gerações
Número de threads: 1

Largura da faixa = 165
Melhor altura = 319

Lower Bound 1 = 242
Lower Bound 2 = 255
Avaliação = 1.25098

Tempo de execução: 60.0104s

---------------------------

Tamanho da população: 475
Fração elite: 0.2121
Fração mutante: 0.0442
Probabilidade herdar alelo elite: 0.6514
Número de populações independentes: 3
Troca de informação de 4 individuos a cada 241 gerações
Número de threads: 1

Largura da faixa = 165
Melhor altura = 318

Lower Bound 1 = 242
Lower Bound 2 = 255
Avaliação = 1.24706

Tempo de execução: 60.0212s

---------------------------

Tamanho da população: 475
Fração elite: 0.2121
Fração mutante: 0.0442
Probabilidade herdar alelo elite: 0.6514
Número de populações independentes: 3
Troca de informação de 4 individuos a cada 241 gerações
Número de threads: 1

Largura da faixa = 165
Melhor altura = 319

Lower Bound 1 = 242
Lower Bound 2 = 255
Avaliação = 1.25098

Tempo de execução: 60.0309s

---------------------------

Tamanho da população: 475
Fração elite: 0.2121
Fração mutante: 0.0442
Probabilidade herdar alelo elite: 0.6514
Número de populações independentes: 3
Troca de informação de 4 individuos a cada 241 gerações
Número de threads: 1

Largura da faixa = 165
Melhor altura = 322

Lower Bound 1 = 242
Lower Bound 2 = 255
Avaliação = 1.26275

Tempo de execução: 60.0047s

---------------------------

Tamanho da população: 475
Fração elite: 0.2121
Fração mutante: 0.0442
Probabilidade herdar alelo elite: 0.6514
Número de populações independentes: 3
Troca de informação de 4 individuos a cada 241 gerações
Número de threads: 1

Largura da faixa = 165
Melhor altura = 316

Lower Bound 1 = 242
Lower Bound 2 = 255
Avaliação = 1.23922

Tempo de execução: 60.0212s

---------------------------

Tamanho da população: 475
Fração elite: 0.2121
Fração mutante: 0.0442
Probabilidade herdar alelo elite: 0.6514
Número de populações independentes: 3
Troca de informação de 4 individuos a cada 241 gerações
Número de threads: 1

Largura da faixa = 165
Melhor altura = 311

Lower Bound 1 = 242
Lower Bound 2 = 255
Avaliação = 1.21961

Tempo de execução: 60.0251s

---------------------------

Tamanho da população: 475
Fração elite: 0.2121
Fração mutante: 0.0442
Probabilidade herdar alelo elite: 0.6514
Número de populações independentes: 3
Troca de informação de 4 individuos a cada 241 gerações
Número de threads: 1

Largura da faixa = 165
Melhor altura = 306

Lower Bound 1 = 242
Lower Bound 2 = 255
Avaliação = 1.2

Tempo de execução: 60.0041s

---------------------------

Tamanho da população: 475
Fração elite: 0.2121
Fração mutante: 0.0442
Probabilidade herdar alelo elite: 0.6514
Número de populações independentes: 3
Troca de informação de 4 individuos a cada 241 gerações
Número de threads: 1

Largura da faixa = 165
Melhor altura = 312

Lower Bound 1 = 242
Lower Bound 2 = 255
Avaliação = 1.22353

Tempo de execução: 60.0252s

---------------------------

Tamanho da população: 475
Fração elite: 0.2121
Fração mutante: 0.0442
Probabilidade herdar alelo elite: 0.6514
Número de populações independentes: 3
Troca de informação de 4 individuos a cada 241 gerações
Número de threads: 1

Largura da faixa = 165
Melhor altura = 319

Lower Bound 1 = 242
Lower Bound 2 = 255
Avaliação = 1.25098

Tempo de execução: 60.0265s

---------------------------

Tamanho da população: 475
Fração elite: 0.2121
Fração mutante: 0.0442
Probabilidade herdar alelo elite: 0.6514
Número de populações independentes: 3
Troca de informação de 4 individuos a cada 241 gerações
Número de threads: 1

Largura da faixa = 165
Melhor altura = 311

Lower Bound 1 = 242
Lower Bound 2 = 255
Avaliação = 1.21961

Tempo de execução: 60.0061s

---------------------------

Tamanho da população: 475
Fração elite: 0.2121
Fração mutante: 0.0442
Probabilidade herdar alelo elite: 0.6514
Número de populações independentes: 3
Troca de informação de 4 individuos a cada 241 gerações
Número de threads: 1

Largura da faixa = 165
Melhor altura = 311

Lower Bound 1 = 242
Lower Bound 2 = 255
Avaliação = 1.21961

Tempo de execução: 60.0206s

---------------------------

Tamanho da população: 475
Fração elite: 0.2121
Fração mutante: 0.0442
Probabilidade herdar alelo elite: 0.6514
Número de populações independentes: 3
Troca de informação de 4 individuos a cada 241 gerações
Número de threads: 1

Largura da faixa = 165
Melhor altura = 318

Lower Bound 1 = 242
Lower Bound 2 = 255
Avaliação = 1.24706

Tempo de execução: 60.0255s

---------------------------

Tamanho da população: 475
Fração elite: 0.2121
Fração mutante: 0.0442
Probabilidade herdar alelo elite: 0.6514
Número de populações independentes: 3
Troca de informação de 4 individuos a cada 241 gerações
Número de threads: 1

Largura da faixa = 165
Melhor altura = 316

Lower Bound 1 = 242
Lower Bound 2 = 255
Avaliação = 1.23922

Tempo de execução: 60.0012s

---------------------------

Tamanho da população: 475
Fração elite: 0.2121
Fração mutante: 0.0442
Probabilidade herdar alelo elite: 0.6514
Número de populações independentes: 3
Troca de informação de 4 individuos a cada 241 gerações
Número de threads: 1

Largura da faixa = 165
Melhor altura = 311

Lower Bound 1 = 242
Lower Bound 2 = 255
Avaliação = 1.21961

Tempo de execução: 60.0237s

---------------------------

Tamanho da população: 475
Fração elite: 0.2121
Fração mutante: 0.0442
Probabilidade herdar alelo elite: 0.6514
Número de populações independentes: 3
Troca de informação de 4 individuos a cada 241 gerações
Número de threads: 1

Largura da faixa = 165
Melhor altura = 318

Lower Bound 1 = 242
Lower Bound 2 = 255
Avaliação = 1.24706

Tempo de execução: 60.0284s

---------------------------

Tamanho da população: 475
Fração elite: 0.2121
Fração mutante: 0.0442
Probabilidade herdar alelo elite: 0.6514
Número de populações independentes: 3
Troca de informação de 4 individuos a cada 241 gerações
Número de threads: 1

Largura da faixa = 165
Melhor altura = 311

Lower Bound 1 = 242
Lower Bound 2 = 255
Avaliação = 1.21961

Tempo de execução: 60.0036s

---------------------------

Tamanho da população: 475
Fração elite: 0.2121
Fração mutante: 0.0442
Probabilidade herdar alelo elite: 0.6514
Número de populações independentes: 3
Troca de informação de 4 individuos a cada 241 gerações
Número de threads: 1

Largura da faixa = 165
Melhor altura = 318

Lower Bound 1 = 242
Lower Bound 2 = 255
Avaliação = 1.24706

Tempo de execução: 60.019s

---------------------------

Tamanho da população: 475
Fração elite: 0.2121
Fração mutante: 0.0442
Probabilidade herdar alelo elite: 0.6514
Número de populações independentes: 3
Troca de informação de 4 individuos a cada 241 gerações
Número de threads: 1

Largura da faixa = 165
Melhor altura = 311

Lower Bound 1 = 242
Lower Bound 2 = 255
Avaliação = 1.21961

Tempo de execução: 60.0321s

---------------------------

Tamanho da população: 475
Fração elite: 0.2121
Fração mutante: 0.0442
Probabilidade herdar alelo elite: 0.6514
Número de populações independentes: 3
Troca de informação de 4 individuos a cada 241 gerações
Número de threads: 1

Largura da faixa = 165
Melhor altura = 316

Lower Bound 1 = 242
Lower Bound 2 = 255
Avaliação = 1.23922

Tempo de execução: 60.0025s

---------------------------

Tamanho da população: 475
Fração elite: 0.2121
Fração mutante: 0.0442
Probabilidade herdar alelo elite: 0.6514
Número de populações independentes: 3
Troca de informação de 4 individuos a cada 241 gerações
Número de threads: 1

Largura da faixa = 165
Melhor altura = 307

Lower Bound 1 = 242
Lower Bound 2 = 255
Avaliação = 1.20392

Tempo de execução: 60.0278s
