Tamanho da população: 297
Fração elite: 0.55
Fração mutante: 0.0174
Probabilidade herdar alelo elite: 0.7678
Número de populações independentes: 1
Número de threads: 1
Trocar os melhores indivíduos a cada 30 gerações
Número máximo de gerações: 279

Largura da faixa = 129
Melhor altura = 353

Lower Bound 1 = 310
Lower Bound 2 = 198
Avaliação = 1.13871

Tempo de execução: 2.36764s

---------------------------

Tamanho da população: 297
Fração elite: 0.55
Fração mutante: 0.0174
Probabilidade herdar alelo elite: 0.7678
Número de populações independentes: 1
Número de threads: 1
Trocar os melhores indivíduos a cada 30 gerações
Número máximo de gerações: 279

Largura da faixa = 129
Melhor altura = 353

Lower Bound 1 = 310
Lower Bound 2 = 198
Avaliação = 1.13871

Tempo de execução: 2.91578s

---------------------------

Tamanho da população: 297
Fração elite: 0.55
Fração mutante: 0.0174
Probabilidade herdar alelo elite: 0.7678
Número de populações independentes: 1
Número de threads: 1
Trocar os melhores indivíduos a cada 30 gerações
Número máximo de gerações: 279

Largura da faixa = 129
Melhor altura = 353

Lower Bound 1 = 310
Lower Bound 2 = 198
Avaliação = 1.13871

Tempo de execução: 3.216s

---------------------------

Tamanho da população: 297
Fração elite: 0.55
Fração mutante: 0.0174
Probabilidade herdar alelo elite: 0.7678
Número de populações independentes: 1
Número de threads: 1
Trocar os melhores indivíduos a cada 30 gerações
Número máximo de gerações: 279

Largura da faixa = 129
Melhor altura = 347

Lower Bound 1 = 310
Lower Bound 2 = 198
Avaliação = 1.11935

Tempo de execução: 2.25414s

---------------------------

Tamanho da população: 297
Fração elite: 0.55
Fração mutante: 0.0174
Probabilidade herdar alelo elite: 0.7678
Número de populações independentes: 1
Número de threads: 1
Trocar os melhores indivíduos a cada 30 gerações
Número máximo de gerações: 279

Largura da faixa = 129
Melhor altura = 354

Lower Bound 1 = 310
Lower Bound 2 = 198
Avaliação = 1.14194

Tempo de execução: 3.56586s

---------------------------

Tamanho da população: 297
Fração elite: 0.55
Fração mutante: 0.0174
Probabilidade herdar alelo elite: 0.7678
Número de populações independentes: 1
Número de threads: 1
Trocar os melhores indivíduos a cada 30 gerações
Número máximo de gerações: 279

Largura da faixa = 129
Melhor altura = 353

Lower Bound 1 = 310
Lower Bound 2 = 198
Avaliação = 1.13871

Tempo de execução: 4.05528s

---------------------------

Tamanho da população: 297
Fração elite: 0.55
Fração mutante: 0.0174
Probabilidade herdar alelo elite: 0.7678
Número de populações independentes: 1
Número de threads: 1
Trocar os melhores indivíduos a cada 30 gerações
Número máximo de gerações: 279

Largura da faixa = 129
Melhor altura = 353

Lower Bound 1 = 310
Lower Bound 2 = 198
Avaliação = 1.13871

Tempo de execução: 3.84012s

---------------------------

Tamanho da população: 297
Fração elite: 0.55
Fração mutante: 0.0174
Probabilidade herdar alelo elite: 0.7678
Número de populações independentes: 1
Número de threads: 1
Trocar os melhores indivíduos a cada 30 gerações
Número máximo de gerações: 279

Largura da faixa = 129
Melhor altura = 352

Lower Bound 1 = 310
Lower Bound 2 = 198
Avaliação = 1.13548

Tempo de execução: 3.94136s

---------------------------

Tamanho da população: 297
Fração elite: 0.55
Fração mutante: 0.0174
Probabilidade herdar alelo elite: 0.7678
Número de populações independentes: 1
Número de threads: 1
Trocar os melhores indivíduos a cada 30 gerações
Número máximo de gerações: 279

Largura da faixa = 129
Melhor altura = 351

Lower Bound 1 = 310
Lower Bound 2 = 198
Avaliação = 1.13226

Tempo de execução: 3.94597s

---------------------------

Tamanho da população: 297
Fração elite: 0.55
Fração mutante: 0.0174
Probabilidade herdar alelo elite: 0.7678
Número de populações independentes: 1
Número de threads: 1
Trocar os melhores indivíduos a cada 30 gerações
Número máximo de gerações: 279

Largura da faixa = 129
Melhor altura = 353

Lower Bound 1 = 310
Lower Bound 2 = 198
Avaliação = 1.13871

Tempo de execução: 3.04748s

---------------------------

Tamanho da população: 297
Fração elite: 0.55
Fração mutante: 0.0174
Probabilidade herdar alelo elite: 0.7678
Número de populações independentes: 1
Número de threads: 1
Trocar os melhores indivíduos a cada 30 gerações
Número máximo de gerações: 279

Largura da faixa = 129
Melhor altura = 353

Lower Bound 1 = 310
Lower Bound 2 = 198
Avaliação = 1.13871

Tempo de execução: 3.78382s

---------------------------

Tamanho da população: 297
Fração elite: 0.55
Fração mutante: 0.0174
Probabilidade herdar alelo elite: 0.7678
Número de populações independentes: 1
Número de threads: 1
Trocar os melhores indivíduos a cada 30 gerações
Número máximo de gerações: 279

Largura da faixa = 129
Melhor altura = 353

Lower Bound 1 = 310
Lower Bound 2 = 198
Avaliação = 1.13871

Tempo de execução: 4.03702s

---------------------------

Tamanho da população: 297
Fração elite: 0.55
Fração mutante: 0.0174
Probabilidade herdar alelo elite: 0.7678
Número de populações independentes: 1
Número de threads: 1
Trocar os melhores indivíduos a cada 30 gerações
Número máximo de gerações: 279

Largura da faixa = 129
Melhor altura = 353

Lower Bound 1 = 310
Lower Bound 2 = 198
Avaliação = 1.13871

Tempo de execução: 4.02989s

---------------------------

Tamanho da população: 297
Fração elite: 0.55
Fração mutante: 0.0174
Probabilidade herdar alelo elite: 0.7678
Número de populações independentes: 1
Número de threads: 1
Trocar os melhores indivíduos a cada 30 gerações
Número máximo de gerações: 279

Largura da faixa = 129
Melhor altura = 353

Lower Bound 1 = 310
Lower Bound 2 = 198
Avaliação = 1.13871

Tempo de execução: 4.09008s

---------------------------

Tamanho da população: 297
Fração elite: 0.55
Fração mutante: 0.0174
Probabilidade herdar alelo elite: 0.7678
Número de populações independentes: 1
Número de threads: 1
Trocar os melhores indivíduos a cada 30 gerações
Número máximo de gerações: 279

Largura da faixa = 129
Melhor altura = 353

Lower Bound 1 = 310
Lower Bound 2 = 198
Avaliação = 1.13871

Tempo de execução: 4.10853s

---------------------------

Tamanho da população: 297
Fração elite: 0.55
Fração mutante: 0.0174
Probabilidade herdar alelo elite: 0.7678
Número de populações independentes: 1
Número de threads: 1
Trocar os melhores indivíduos a cada 30 gerações
Número máximo de gerações: 279

Largura da faixa = 129
Melhor altura = 354

Lower Bound 1 = 310
Lower Bound 2 = 198
Avaliação = 1.14194

Tempo de execução: 3.97761s

---------------------------

Tamanho da população: 297
Fração elite: 0.55
Fração mutante: 0.0174
Probabilidade herdar alelo elite: 0.7678
Número de populações independentes: 1
Número de threads: 1
Trocar os melhores indivíduos a cada 30 gerações
Número máximo de gerações: 279

Largura da faixa = 129
Melhor altura = 353

Lower Bound 1 = 310
Lower Bound 2 = 198
Avaliação = 1.13871

Tempo de execução: 4.02017s

---------------------------

Tamanho da população: 297
Fração elite: 0.55
Fração mutante: 0.0174
Probabilidade herdar alelo elite: 0.7678
Número de populações independentes: 1
Número de threads: 1
Trocar os melhores indivíduos a cada 30 gerações
Número máximo de gerações: 279

Largura da faixa = 129
Melhor altura = 353

Lower Bound 1 = 310
Lower Bound 2 = 198
Avaliação = 1.13871

Tempo de execução: 4.05128s

---------------------------

Tamanho da população: 297
Fração elite: 0.55
Fração mutante: 0.0174
Probabilidade herdar alelo elite: 0.7678
Número de populações independentes: 1
Número de threads: 1
Trocar os melhores indivíduos a cada 30 gerações
Número máximo de gerações: 279

Largura da faixa = 129
Melhor altura = 352

Lower Bound 1 = 310
Lower Bound 2 = 198
Avaliação = 1.13548

Tempo de execução: 3.47122s

---------------------------

Tamanho da população: 297
Fração elite: 0.55
Fração mutante: 0.0174
Probabilidade herdar alelo elite: 0.7678
Número de populações independentes: 1
Número de threads: 1
Trocar os melhores indivíduos a cada 30 gerações
Número máximo de gerações: 279

Largura da faixa = 129
Melhor altura = 353

Lower Bound 1 = 310
Lower Bound 2 = 198
Avaliação = 1.13871

Tempo de execução: 4.04627s

---------------------------

Tamanho da população: 392
Fração elite: 0.2567
Fração mutante: 0.0202
Probabilidade herdar alelo elite: 0.6001
Número de populações independentes: 1
Número de threads: 1
Número máximo de gerações: 364

Largura da faixa = 129
Melhor altura = 353

Lower Bound 1 = 310
Lower Bound 2 = 198
Avaliação = 1.13871

Tempo de execução: 4.06446s

---------------------------

Tamanho da população: 392
Fração elite: 0.2567
Fração mutante: 0.0202
Probabilidade herdar alelo elite: 0.6001
Número de populações independentes: 1
Número de threads: 1
Número máximo de gerações: 364

Largura da faixa = 129
Melhor altura = 353

Lower Bound 1 = 310
Lower Bound 2 = 198
Avaliação = 1.13871

Tempo de execução: 4.34184s

---------------------------

Tamanho da população: 392
Fração elite: 0.2567
Fração mutante: 0.0202
Probabilidade herdar alelo elite: 0.6001
Número de populações independentes: 1
Número de threads: 1
Número máximo de gerações: 364

Largura da faixa = 129
Melhor altura = 353

Lower Bound 1 = 310
Lower Bound 2 = 198
Avaliação = 1.13871

Tempo de execução: 4.38343s

---------------------------

Tamanho da população: 392
Fração elite: 0.2567
Fração mutante: 0.0202
Probabilidade herdar alelo elite: 0.6001
Número de populações independentes: 1
Número de threads: 1
Número máximo de gerações: 364

Largura da faixa = 129
Melhor altura = 353

Lower Bound 1 = 310
Lower Bound 2 = 198
Avaliação = 1.13871

Tempo de execução: 4.04228s

---------------------------

Tamanho da população: 392
Fração elite: 0.2567
Fração mutante: 0.0202
Probabilidade herdar alelo elite: 0.6001
Número de populações independentes: 1
Número de threads: 1
Número máximo de gerações: 364

Largura da faixa = 129
Melhor altura = 352

Lower Bound 1 = 310
Lower Bound 2 = 198
Avaliação = 1.13548

Tempo de execução: 4.20158s

---------------------------

Tamanho da população: 392
Fração elite: 0.2567
Fração mutante: 0.0202
Probabilidade herdar alelo elite: 0.6001
Número de populações independentes: 1
Número de threads: 1
Número máximo de gerações: 364

Largura da faixa = 129
Melhor altura = 353

Lower Bound 1 = 310
Lower Bound 2 = 198
Avaliação = 1.13871

Tempo de execução: 4.42026s

---------------------------

Tamanho da população: 392
Fração elite: 0.2567
Fração mutante: 0.0202
Probabilidade herdar alelo elite: 0.6001
Número de populações independentes: 1
Número de threads: 1
Número máximo de gerações: 364

Largura da faixa = 129
Melhor altura = 352

Lower Bound 1 = 310
Lower Bound 2 = 198
Avaliação = 1.13548

Tempo de execução: 4.37586s

---------------------------

Tamanho da população: 392
Fração elite: 0.2567
Fração mutante: 0.0202
Probabilidade herdar alelo elite: 0.6001
Número de populações independentes: 1
Número de threads: 1
Número máximo de gerações: 364

Largura da faixa = 129
Melhor altura = 353

Lower Bound 1 = 310
Lower Bound 2 = 198
Avaliação = 1.13871

Tempo de execução: 4.40602s

---------------------------

Tamanho da população: 392
Fração elite: 0.2567
Fração mutante: 0.0202
Probabilidade herdar alelo elite: 0.6001
Número de populações independentes: 1
Número de threads: 1
Número máximo de gerações: 364

Largura da faixa = 129
Melhor altura = 353

Lower Bound 1 = 310
Lower Bound 2 = 198
Avaliação = 1.13871

Tempo de execução: 4.40854s

---------------------------

Tamanho da população: 392
Fração elite: 0.2567
Fração mutante: 0.0202
Probabilidade herdar alelo elite: 0.6001
Número de populações independentes: 1
Número de threads: 1
Número máximo de gerações: 364

Largura da faixa = 129
Melhor altura = 354

Lower Bound 1 = 310
Lower Bound 2 = 198
Avaliação = 1.14194

Tempo de execução: 4.20298s

---------------------------

Tamanho da população: 392
Fração elite: 0.2567
Fração mutante: 0.0202
Probabilidade herdar alelo elite: 0.6001
Número de populações independentes: 1
Número de threads: 1
Número máximo de gerações: 364

Largura da faixa = 129
Melhor altura = 353

Lower Bound 1 = 310
Lower Bound 2 = 198
Avaliação = 1.13871

Tempo de execução: 4.36726s

---------------------------

Tamanho da população: 392
Fração elite: 0.2567
Fração mutante: 0.0202
Probabilidade herdar alelo elite: 0.6001
Número de populações independentes: 1
Número de threads: 1
Número máximo de gerações: 364

Largura da faixa = 129
Melhor altura = 353

Lower Bound 1 = 310
Lower Bound 2 = 198
Avaliação = 1.13871

Tempo de execução: 4.39554s

---------------------------

Tamanho da população: 392
Fração elite: 0.2567
Fração mutante: 0.0202
Probabilidade herdar alelo elite: 0.6001
Número de populações independentes: 1
Número de threads: 1
Número máximo de gerações: 364

Largura da faixa = 129
Melhor altura = 350

Lower Bound 1 = 310
Lower Bound 2 = 198
Avaliação = 1.12903

Tempo de execução: 4.09149s

---------------------------

Tamanho da população: 392
Fração elite: 0.2567
Fração mutante: 0.0202
Probabilidade herdar alelo elite: 0.6001
Número de populações independentes: 1
Número de threads: 1
Número máximo de gerações: 364

Largura da faixa = 129
Melhor altura = 353

Lower Bound 1 = 310
Lower Bound 2 = 198
Avaliação = 1.13871

Tempo de execução: 4.37989s

---------------------------

Tamanho da população: 392
Fração elite: 0.2567
Fração mutante: 0.0202
Probabilidade herdar alelo elite: 0.6001
Número de populações independentes: 1
Número de threads: 1
Número máximo de gerações: 364

Largura da faixa = 129
Melhor altura = 353

Lower Bound 1 = 310
Lower Bound 2 = 198
Avaliação = 1.13871

Tempo de execução: 4.39174s

---------------------------

Tamanho da população: 392
Fração elite: 0.2567
Fração mutante: 0.0202
Probabilidade herdar alelo elite: 0.6001
Número de populações independentes: 1
Número de threads: 1
Número máximo de gerações: 364

Largura da faixa = 129
Melhor altura = 353

Lower Bound 1 = 310
Lower Bound 2 = 198
Avaliação = 1.13871

Tempo de execução: 4.36152s

---------------------------

Tamanho da população: 392
Fração elite: 0.2567
Fração mutante: 0.0202
Probabilidade herdar alelo elite: 0.6001
Número de populações independentes: 1
Número de threads: 1
Número máximo de gerações: 364

Largura da faixa = 129
Melhor altura = 354

Lower Bound 1 = 310
Lower Bound 2 = 198
Avaliação = 1.14194

Tempo de execução: 4.40081s

---------------------------

Tamanho da população: 392
Fração elite: 0.2567
Fração mutante: 0.0202
Probabilidade herdar alelo elite: 0.6001
Número de populações independentes: 1
Número de threads: 1
Número máximo de gerações: 364

Largura da faixa = 129
Melhor altura = 353

Lower Bound 1 = 310
Lower Bound 2 = 198
Avaliação = 1.13871

Tempo de execução: 4.40108s

---------------------------

Tamanho da população: 392
Fração elite: 0.2567
Fração mutante: 0.0202
Probabilidade herdar alelo elite: 0.6001
Número de populações independentes: 1
Número de threads: 1
Número máximo de gerações: 364

Largura da faixa = 129
Melhor altura = 350

Lower Bound 1 = 310
Lower Bound 2 = 198
Avaliação = 1.12903

Tempo de execução: 4.15949s

---------------------------

Tamanho da população: 392
Fração elite: 0.2567
Fração mutante: 0.0202
Probabilidade herdar alelo elite: 0.6001
Número de populações independentes: 1
Número de threads: 1
Número máximo de gerações: 364

Largura da faixa = 129
Melhor altura = 353

Lower Bound 1 = 310
Lower Bound 2 = 198
Avaliação = 1.13871

Tempo de execução: 4.32526s

---------------------------

