Tamanho da população: 475
Fração elite: 0.2121
Fração mutante: 0.0442
Probabilidade herdar alelo elite: 0.6514
Número de populações independentes: 3
Troca de informação de 4 individuos a cada 241 gerações
Número de threads: 1

Largura da faixa = 121
Melhor altura = 372

Lower Bound 1 = 330
Lower Bound 2 = 254
Avaliação = 1.12727

Tempo de execução: 60.0025s

---------------------------

Tamanho da população: 475
Fração elite: 0.2121
Fração mutante: 0.0442
Probabilidade herdar alelo elite: 0.6514
Número de populações independentes: 3
Troca de informação de 4 individuos a cada 241 gerações
Número de threads: 1

Largura da faixa = 121
Melhor altura = 378

Lower Bound 1 = 330
Lower Bound 2 = 254
Avaliação = 1.14545

Tempo de execução: 60.0125s

---------------------------

Tamanho da população: 475
Fração elite: 0.2121
Fração mutante: 0.0442
Probabilidade herdar alelo elite: 0.6514
Número de populações independentes: 3
Troca de informação de 4 individuos a cada 241 gerações
Número de threads: 1

Largura da faixa = 121
Melhor altura = 378

Lower Bound 1 = 330
Lower Bound 2 = 254
Avaliação = 1.14545

Tempo de execução: 60.0155s

---------------------------

Tamanho da população: 475
Fração elite: 0.2121
Fração mutante: 0.0442
Probabilidade herdar alelo elite: 0.6514
Número de populações independentes: 3
Troca de informação de 4 individuos a cada 241 gerações
Número de threads: 1

Largura da faixa = 121
Melhor altura = 366

Lower Bound 1 = 330
Lower Bound 2 = 254
Avaliação = 1.10909

Tempo de execução: 60.0066s

---------------------------

Tamanho da população: 475
Fração elite: 0.2121
Fração mutante: 0.0442
Probabilidade herdar alelo elite: 0.6514
Número de populações independentes: 3
Troca de informação de 4 individuos a cada 241 gerações
Número de threads: 1

Largura da faixa = 121
Melhor altura = 378

Lower Bound 1 = 330
Lower Bound 2 = 254
Avaliação = 1.14545

Tempo de execução: 60.013s

---------------------------

Tamanho da população: 475
Fração elite: 0.2121
Fração mutante: 0.0442
Probabilidade herdar alelo elite: 0.6514
Número de populações independentes: 3
Troca de informação de 4 individuos a cada 241 gerações
Número de threads: 1

Largura da faixa = 121
Melhor altura = 378

Lower Bound 1 = 330
Lower Bound 2 = 254
Avaliação = 1.14545

Tempo de execução: 60.015s

---------------------------

Tamanho da população: 475
Fração elite: 0.2121
Fração mutante: 0.0442
Probabilidade herdar alelo elite: 0.6514
Número de populações independentes: 3
Troca de informação de 4 individuos a cada 241 gerações
Número de threads: 1

Largura da faixa = 121
Melhor altura = 378

Lower Bound 1 = 330
Lower Bound 2 = 254
Avaliação = 1.14545

Tempo de execução: 60.0041s

---------------------------

Tamanho da população: 475
Fração elite: 0.2121
Fração mutante: 0.0442
Probabilidade herdar alelo elite: 0.6514
Número de populações independentes: 3
Troca de informação de 4 individuos a cada 241 gerações
Número de threads: 1

Largura da faixa = 121
Melhor altura = 378

Lower Bound 1 = 330
Lower Bound 2 = 254
Avaliação = 1.14545

Tempo de execução: 60.0083s

---------------------------

Tamanho da população: 475
Fração elite: 0.2121
Fração mutante: 0.0442
Probabilidade herdar alelo elite: 0.6514
Número de populações independentes: 3
Troca de informação de 4 individuos a cada 241 gerações
Número de threads: 1

Largura da faixa = 121
Melhor altura = 383

Lower Bound 1 = 330
Lower Bound 2 = 254
Avaliação = 1.16061

Tempo de execução: 60.0117s

---------------------------

Tamanho da população: 475
Fração elite: 0.2121
Fração mutante: 0.0442
Probabilidade herdar alelo elite: 0.6514
Número de populações independentes: 3
Troca de informação de 4 individuos a cada 241 gerações
Número de threads: 1

Largura da faixa = 121
Melhor altura = 378

Lower Bound 1 = 330
Lower Bound 2 = 254
Avaliação = 1.14545

Tempo de execução: 60.0029s

---------------------------

Tamanho da população: 475
Fração elite: 0.2121
Fração mutante: 0.0442
Probabilidade herdar alelo elite: 0.6514
Número de populações independentes: 3
Troca de informação de 4 individuos a cada 241 gerações
Número de threads: 1

Largura da faixa = 121
Melhor altura = 378

Lower Bound 1 = 330
Lower Bound 2 = 254
Avaliação = 1.14545

Tempo de execução: 60.0033s

---------------------------

Tamanho da população: 475
Fração elite: 0.2121
Fração mutante: 0.0442
Probabilidade herdar alelo elite: 0.6514
Número de populações independentes: 3
Troca de informação de 4 individuos a cada 241 gerações
Número de threads: 1

Largura da faixa = 121
Melhor altura = 378

Lower Bound 1 = 330
Lower Bound 2 = 254
Avaliação = 1.14545

Tempo de execução: 60.007s

---------------------------

Tamanho da população: 475
Fração elite: 0.2121
Fração mutante: 0.0442
Probabilidade herdar alelo elite: 0.6514
Número de populações independentes: 3
Troca de informação de 4 individuos a cada 241 gerações
Número de threads: 1

Largura da faixa = 121
Melhor altura = 378

Lower Bound 1 = 330
Lower Bound 2 = 254
Avaliação = 1.14545

Tempo de execução: 60.001s

---------------------------

Tamanho da população: 475
Fração elite: 0.2121
Fração mutante: 0.0442
Probabilidade herdar alelo elite: 0.6514
Número de populações independentes: 3
Troca de informação de 4 individuos a cada 241 gerações
Número de threads: 1

Largura da faixa = 121
Melhor altura = 366

Lower Bound 1 = 330
Lower Bound 2 = 254
Avaliação = 1.10909

Tempo de execução: 60.0122s

---------------------------

Tamanho da população: 475
Fração elite: 0.2121
Fração mutante: 0.0442
Probabilidade herdar alelo elite: 0.6514
Número de populações independentes: 3
Troca de informação de 4 individuos a cada 241 gerações
Número de threads: 1

Largura da faixa = 121
Melhor altura = 378

Lower Bound 1 = 330
Lower Bound 2 = 254
Avaliação = 1.14545

Tempo de execução: 60.0157s

---------------------------

Tamanho da população: 475
Fração elite: 0.2121
Fração mutante: 0.0442
Probabilidade herdar alelo elite: 0.6514
Número de populações independentes: 3
Troca de informação de 4 individuos a cada 241 gerações
Número de threads: 1

Largura da faixa = 121
Melhor altura = 366

Lower Bound 1 = 330
Lower Bound 2 = 254
Avaliação = 1.10909

Tempo de execução: 60.0058s

---------------------------

Tamanho da população: 475
Fração elite: 0.2121
Fração mutante: 0.0442
Probabilidade herdar alelo elite: 0.6514
Número de populações independentes: 3
Troca de informação de 4 individuos a cada 241 gerações
Número de threads: 1

Largura da faixa = 121
Melhor altura = 378

Lower Bound 1 = 330
Lower Bound 2 = 254
Avaliação = 1.14545

Tempo de execução: 60.0117s

---------------------------

Tamanho da população: 475
Fração elite: 0.2121
Fração mutante: 0.0442
Probabilidade herdar alelo elite: 0.6514
Número de populações independentes: 3
Troca de informação de 4 individuos a cada 241 gerações
Número de threads: 1

Largura da faixa = 121
Melhor altura = 378

Lower Bound 1 = 330
Lower Bound 2 = 254
Avaliação = 1.14545

Tempo de execução: 60.016s

---------------------------

Tamanho da população: 475
Fração elite: 0.2121
Fração mutante: 0.0442
Probabilidade herdar alelo elite: 0.6514
Número de populações independentes: 3
Troca de informação de 4 individuos a cada 241 gerações
Número de threads: 1

Largura da faixa = 121
Melhor altura = 383

Lower Bound 1 = 330
Lower Bound 2 = 254
Avaliação = 1.16061

Tempo de execução: 60.0072s

---------------------------

Tamanho da população: 475
Fração elite: 0.2121
Fração mutante: 0.0442
Probabilidade herdar alelo elite: 0.6514
Número de populações independentes: 3
Troca de informação de 4 individuos a cada 241 gerações
Número de threads: 1

Largura da faixa = 121
Melhor altura = 378

Lower Bound 1 = 330
Lower Bound 2 = 254
Avaliação = 1.14545

Tempo de execução: 60.0107s
