Tamanho da população: 475
Fração elite: 0.2121
Fração mutante: 0.0442
Probabilidade herdar alelo elite: 0.6514
Número de populações independentes: 3
Troca de informação de 4 individuos a cada 241 gerações
Número de threads: 1

Largura da faixa = 178
Melhor altura = 444

Lower Bound 1 = 224
Lower Bound 2 = 444
Avaliação = 1

Tempo de execução: 60.0042s

---------------------------

Tamanho da população: 475
Fração elite: 0.2121
Fração mutante: 0.0442
Probabilidade herdar alelo elite: 0.6514
Número de populações independentes: 3
Troca de informação de 4 individuos a cada 241 gerações
Número de threads: 1

Largura da faixa = 178
Melhor altura = 444

Lower Bound 1 = 224
Lower Bound 2 = 444
Avaliação = 1

Tempo de execução: 60.0047s

---------------------------

Tamanho da população: 475
Fração elite: 0.2121
Fração mutante: 0.0442
Probabilidade herdar alelo elite: 0.6514
Número de populações independentes: 3
Troca de informação de 4 individuos a cada 241 gerações
Número de threads: 1

Largura da faixa = 178
Melhor altura = 444

Lower Bound 1 = 224
Lower Bound 2 = 444
Avaliação = 1

Tempo de execução: 60.0115s

---------------------------

Tamanho da população: 475
Fração elite: 0.2121
Fração mutante: 0.0442
Probabilidade herdar alelo elite: 0.6514
Número de populações independentes: 3
Troca de informação de 4 individuos a cada 241 gerações
Número de threads: 1

Largura da faixa = 178
Melhor altura = 444

Lower Bound 1 = 224
Lower Bound 2 = 444
Avaliação = 1

Tempo de execução: 60.0057s

---------------------------

Tamanho da população: 475
Fração elite: 0.2121
Fração mutante: 0.0442
Probabilidade herdar alelo elite: 0.6514
Número de populações independentes: 3
Troca de informação de 4 individuos a cada 241 gerações
Número de threads: 1

Largura da faixa = 178
Melhor altura = 444

Lower Bound 1 = 224
Lower Bound 2 = 444
Avaliação = 1

Tempo de execução: 60.0103s

---------------------------

Tamanho da população: 475
Fração elite: 0.2121
Fração mutante: 0.0442
Probabilidade herdar alelo elite: 0.6514
Número de populações independentes: 3
Troca de informação de 4 individuos a cada 241 gerações
Número de threads: 1

Largura da faixa = 178
Melhor altura = 444

Lower Bound 1 = 224
Lower Bound 2 = 444
Avaliação = 1

Tempo de execução: 60.0161s

---------------------------

Tamanho da população: 475
Fração elite: 0.2121
Fração mutante: 0.0442
Probabilidade herdar alelo elite: 0.6514
Número de populações independentes: 3
Troca de informação de 4 individuos a cada 241 gerações
Número de threads: 1

Largura da faixa = 178
Melhor altura = 444

Lower Bound 1 = 224
Lower Bound 2 = 444
Avaliação = 1

Tempo de execução: 60.0033s

---------------------------

Tamanho da população: 475
Fração elite: 0.2121
Fração mutante: 0.0442
Probabilidade herdar alelo elite: 0.6514
Número de populações independentes: 3
Troca de informação de 4 individuos a cada 241 gerações
Número de threads: 1

Largura da faixa = 178
Melhor altura = 444

Lower Bound 1 = 224
Lower Bound 2 = 444
Avaliação = 1

Tempo de execução: 60.006s

---------------------------

Tamanho da população: 475
Fração elite: 0.2121
Fração mutante: 0.0442
Probabilidade herdar alelo elite: 0.6514
Número de populações independentes: 3
Troca de informação de 4 individuos a cada 241 gerações
Número de threads: 1

Largura da faixa = 178
Melhor altura = 444

Lower Bound 1 = 224
Lower Bound 2 = 444
Avaliação = 1

Tempo de execução: 60.0152s

---------------------------

Tamanho da população: 475
Fração elite: 0.2121
Fração mutante: 0.0442
Probabilidade herdar alelo elite: 0.6514
Número de populações independentes: 3
Troca de informação de 4 individuos a cada 241 gerações
Número de threads: 1

Largura da faixa = 178
Melhor altura = 444

Lower Bound 1 = 224
Lower Bound 2 = 444
Avaliação = 1

Tempo de execução: 60.0032s

---------------------------

Tamanho da população: 475
Fração elite: 0.2121
Fração mutante: 0.0442
Probabilidade herdar alelo elite: 0.6514
Número de populações independentes: 3
Troca de informação de 4 individuos a cada 241 gerações
Número de threads: 1

Largura da faixa = 178
Melhor altura = 444

Lower Bound 1 = 224
Lower Bound 2 = 444
Avaliação = 1

Tempo de execução: 60.0115s

---------------------------

Tamanho da população: 475
Fração elite: 0.2121
Fração mutante: 0.0442
Probabilidade herdar alelo elite: 0.6514
Número de populações independentes: 3
Troca de informação de 4 individuos a cada 241 gerações
Número de threads: 1

Largura da faixa = 178
Melhor altura = 444

Lower Bound 1 = 224
Lower Bound 2 = 444
Avaliação = 1

Tempo de execução: 60.0143s

---------------------------

Tamanho da população: 475
Fração elite: 0.2121
Fração mutante: 0.0442
Probabilidade herdar alelo elite: 0.6514
Número de populações independentes: 3
Troca de informação de 4 individuos a cada 241 gerações
Número de threads: 1

Largura da faixa = 178
Melhor altura = 444

Lower Bound 1 = 224
Lower Bound 2 = 444
Avaliação = 1

Tempo de execução: 60.001s

---------------------------

Tamanho da população: 475
Fração elite: 0.2121
Fração mutante: 0.0442
Probabilidade herdar alelo elite: 0.6514
Número de populações independentes: 3
Troca de informação de 4 individuos a cada 241 gerações
Número de threads: 1

Largura da faixa = 178
Melhor altura = 444

Lower Bound 1 = 224
Lower Bound 2 = 444
Avaliação = 1

Tempo de execução: 60.0118s

---------------------------

Tamanho da população: 475
Fração elite: 0.2121
Fração mutante: 0.0442
Probabilidade herdar alelo elite: 0.6514
Número de populações independentes: 3
Troca de informação de 4 individuos a cada 241 gerações
Número de threads: 1

Largura da faixa = 178
Melhor altura = 444

Lower Bound 1 = 224
Lower Bound 2 = 444
Avaliação = 1

Tempo de execução: 60.0153s

---------------------------

Tamanho da população: 475
Fração elite: 0.2121
Fração mutante: 0.0442
Probabilidade herdar alelo elite: 0.6514
Número de populações independentes: 3
Troca de informação de 4 individuos a cada 241 gerações
Número de threads: 1

Largura da faixa = 178
Melhor altura = 444

Lower Bound 1 = 224
Lower Bound 2 = 444
Avaliação = 1

Tempo de execução: 60.0051s

---------------------------

Tamanho da população: 475
Fração elite: 0.2121
Fração mutante: 0.0442
Probabilidade herdar alelo elite: 0.6514
Número de populações independentes: 3
Troca de informação de 4 individuos a cada 241 gerações
Número de threads: 1

Largura da faixa = 178
Melhor altura = 444

Lower Bound 1 = 224
Lower Bound 2 = 444
Avaliação = 1

Tempo de execução: 60.0129s

---------------------------

Tamanho da população: 475
Fração elite: 0.2121
Fração mutante: 0.0442
Probabilidade herdar alelo elite: 0.6514
Número de populações independentes: 3
Troca de informação de 4 individuos a cada 241 gerações
Número de threads: 1

Largura da faixa = 178
Melhor altura = 444

Lower Bound 1 = 224
Lower Bound 2 = 444
Avaliação = 1

Tempo de execução: 60.0178s

---------------------------

Tamanho da população: 475
Fração elite: 0.2121
Fração mutante: 0.0442
Probabilidade herdar alelo elite: 0.6514
Número de populações independentes: 3
Troca de informação de 4 individuos a cada 241 gerações
Número de threads: 1

Largura da faixa = 178
Melhor altura = 444

Lower Bound 1 = 224
Lower Bound 2 = 444
Avaliação = 1

Tempo de execução: 60.0059s

---------------------------

Tamanho da população: 475
Fração elite: 0.2121
Fração mutante: 0.0442
Probabilidade herdar alelo elite: 0.6514
Número de populações independentes: 3
Troca de informação de 4 individuos a cada 241 gerações
Número de threads: 1

Largura da faixa = 178
Melhor altura = 444

Lower Bound 1 = 224
Lower Bound 2 = 444
Avaliação = 1

Tempo de execução: 60.0083s
