Tamanho da população: 475
Fração elite: 0.2121
Fração mutante: 0.0442
Probabilidade herdar alelo elite: 0.6514
Número de populações independentes: 3
Troca de informação de 4 individuos a cada 241 gerações
Número de threads: 1

Largura da faixa = 109
Melhor altura = 429

Lower Bound 1 = 366
Lower Bound 2 = 353
Avaliação = 1.17213

Tempo de execução: 60.0294s

---------------------------

Tamanho da população: 475
Fração elite: 0.2121
Fração mutante: 0.0442
Probabilidade herdar alelo elite: 0.6514
Número de populações independentes: 3
Troca de informação de 4 individuos a cada 241 gerações
Número de threads: 1

Largura da faixa = 109
Melhor altura = 429

Lower Bound 1 = 366
Lower Bound 2 = 353
Avaliação = 1.17213

Tempo de execução: 60.0362s

---------------------------

Tamanho da população: 475
Fração elite: 0.2121
Fração mutante: 0.0442
Probabilidade herdar alelo elite: 0.6514
Número de populações independentes: 3
Troca de informação de 4 individuos a cada 241 gerações
Número de threads: 1

Largura da faixa = 109
Melhor altura = 429

Lower Bound 1 = 366
Lower Bound 2 = 353
Avaliação = 1.17213

Tempo de execução: 60.051s

---------------------------

Tamanho da população: 475
Fração elite: 0.2121
Fração mutante: 0.0442
Probabilidade herdar alelo elite: 0.6514
Número de populações independentes: 3
Troca de informação de 4 individuos a cada 241 gerações
Número de threads: 1

Largura da faixa = 109
Melhor altura = 429

Lower Bound 1 = 366
Lower Bound 2 = 353
Avaliação = 1.17213

Tempo de execução: 60.0046s

---------------------------

Tamanho da população: 475
Fração elite: 0.2121
Fração mutante: 0.0442
Probabilidade herdar alelo elite: 0.6514
Número de populações independentes: 3
Troca de informação de 4 individuos a cada 241 gerações
Número de threads: 1

Largura da faixa = 109
Melhor altura = 431

Lower Bound 1 = 366
Lower Bound 2 = 353
Avaliação = 1.1776

Tempo de execução: 60.0425s

---------------------------

Tamanho da população: 475
Fração elite: 0.2121
Fração mutante: 0.0442
Probabilidade herdar alelo elite: 0.6514
Número de populações independentes: 3
Troca de informação de 4 individuos a cada 241 gerações
Número de threads: 1

Largura da faixa = 109
Melhor altura = 429

Lower Bound 1 = 366
Lower Bound 2 = 353
Avaliação = 1.17213

Tempo de execução: 60.0462s

---------------------------

Tamanho da população: 475
Fração elite: 0.2121
Fração mutante: 0.0442
Probabilidade herdar alelo elite: 0.6514
Número de populações independentes: 3
Troca de informação de 4 individuos a cada 241 gerações
Número de threads: 1

Largura da faixa = 109
Melhor altura = 436

Lower Bound 1 = 366
Lower Bound 2 = 353
Avaliação = 1.19126

Tempo de execução: 60.0012s

---------------------------

Tamanho da população: 475
Fração elite: 0.2121
Fração mutante: 0.0442
Probabilidade herdar alelo elite: 0.6514
Número de populações independentes: 3
Troca de informação de 4 individuos a cada 241 gerações
Número de threads: 1

Largura da faixa = 109
Melhor altura = 429

Lower Bound 1 = 366
Lower Bound 2 = 353
Avaliação = 1.17213

Tempo de execução: 60.0122s

---------------------------

Tamanho da população: 475
Fração elite: 0.2121
Fração mutante: 0.0442
Probabilidade herdar alelo elite: 0.6514
Número de populações independentes: 3
Troca de informação de 4 individuos a cada 241 gerações
Número de threads: 1

Largura da faixa = 109
Melhor altura = 429

Lower Bound 1 = 366
Lower Bound 2 = 353
Avaliação = 1.17213

Tempo de execução: 60.0346s

---------------------------

Tamanho da população: 475
Fração elite: 0.2121
Fração mutante: 0.0442
Probabilidade herdar alelo elite: 0.6514
Número de populações independentes: 3
Troca de informação de 4 individuos a cada 241 gerações
Número de threads: 1

Largura da faixa = 109
Melhor altura = 429

Lower Bound 1 = 366
Lower Bound 2 = 353
Avaliação = 1.17213

Tempo de execução: 60.0073s

---------------------------

Tamanho da população: 475
Fração elite: 0.2121
Fração mutante: 0.0442
Probabilidade herdar alelo elite: 0.6514
Número de populações independentes: 3
Troca de informação de 4 individuos a cada 241 gerações
Número de threads: 1

Largura da faixa = 109
Melhor altura = 431

Lower Bound 1 = 366
Lower Bound 2 = 353
Avaliação = 1.1776

Tempo de execução: 60.0328s

---------------------------

Tamanho da população: 475
Fração elite: 0.2121
Fração mutante: 0.0442
Probabilidade herdar alelo elite: 0.6514
Número de populações independentes: 3
Troca de informação de 4 individuos a cada 241 gerações
Número de threads: 1

Largura da faixa = 109
Melhor altura = 429

Lower Bound 1 = 366
Lower Bound 2 = 353
Avaliação = 1.17213

Tempo de execução: 60.038s

---------------------------

Tamanho da população: 475
Fração elite: 0.2121
Fração mutante: 0.0442
Probabilidade herdar alelo elite: 0.6514
Número de populações independentes: 3
Troca de informação de 4 individuos a cada 241 gerações
Número de threads: 1

Largura da faixa = 109
Melhor altura = 429

Lower Bound 1 = 366
Lower Bound 2 = 353
Avaliação = 1.17213

Tempo de execução: 60.0339s

---------------------------

Tamanho da população: 475
Fração elite: 0.2121
Fração mutante: 0.0442
Probabilidade herdar alelo elite: 0.6514
Número de populações independentes: 3
Troca de informação de 4 individuos a cada 241 gerações
Número de threads: 1

Largura da faixa = 109
Melhor altura = 436

Lower Bound 1 = 366
Lower Bound 2 = 353
Avaliação = 1.19126

Tempo de execução: 60.035s

---------------------------

Tamanho da população: 475
Fração elite: 0.2121
Fração mutante: 0.0442
Probabilidade herdar alelo elite: 0.6514
Número de populações independentes: 3
Troca de informação de 4 individuos a cada 241 gerações
Número de threads: 1

Largura da faixa = 109
Melhor altura = 429

Lower Bound 1 = 366
Lower Bound 2 = 353
Avaliação = 1.17213

Tempo de execução: 60.0412s

---------------------------

Tamanho da população: 475
Fração elite: 0.2121
Fração mutante: 0.0442
Probabilidade herdar alelo elite: 0.6514
Número de populações independentes: 3
Troca de informação de 4 individuos a cada 241 gerações
Número de threads: 1

Largura da faixa = 109
Melhor altura = 431

Lower Bound 1 = 366
Lower Bound 2 = 353
Avaliação = 1.1776

Tempo de execução: 60.0174s

---------------------------

Tamanho da população: 475
Fração elite: 0.2121
Fração mutante: 0.0442
Probabilidade herdar alelo elite: 0.6514
Número de populações independentes: 3
Troca de informação de 4 individuos a cada 241 gerações
Número de threads: 1

Largura da faixa = 109
Melhor altura = 429

Lower Bound 1 = 366
Lower Bound 2 = 353
Avaliação = 1.17213

Tempo de execução: 60.0305s

---------------------------

Tamanho da população: 475
Fração elite: 0.2121
Fração mutante: 0.0442
Probabilidade herdar alelo elite: 0.6514
Número de populações independentes: 3
Troca de informação de 4 individuos a cada 241 gerações
Número de threads: 1

Largura da faixa = 109
Melhor altura = 429

Lower Bound 1 = 366
Lower Bound 2 = 353
Avaliação = 1.17213

Tempo de execução: 60.0422s

---------------------------

Tamanho da população: 475
Fração elite: 0.2121
Fração mutante: 0.0442
Probabilidade herdar alelo elite: 0.6514
Número de populações independentes: 3
Troca de informação de 4 individuos a cada 241 gerações
Número de threads: 1

Largura da faixa = 109
Melhor altura = 429

Lower Bound 1 = 366
Lower Bound 2 = 353
Avaliação = 1.17213

Tempo de execução: 60.0315s

---------------------------

Tamanho da população: 475
Fração elite: 0.2121
Fração mutante: 0.0442
Probabilidade herdar alelo elite: 0.6514
Número de populações independentes: 3
Troca de informação de 4 individuos a cada 241 gerações
Número de threads: 1

Largura da faixa = 109
Melhor altura = 436

Lower Bound 1 = 366
Lower Bound 2 = 353
Avaliação = 1.19126

Tempo de execução: 60.0421s
