Tamanho da população: 475
Fração elite: 0.2121
Fração mutante: 0.0442
Probabilidade herdar alelo elite: 0.6514
Número de populações independentes: 3
Troca de informação de 4 individuos a cada 241 gerações
Número de threads: 1

Largura da faixa = 116
Melhor altura = 380

Lower Bound 1 = 344
Lower Bound 2 = 234
Avaliação = 1.10465

Tempo de execução: 60.0223s

---------------------------

Tamanho da população: 475
Fração elite: 0.2121
Fração mutante: 0.0442
Probabilidade herdar alelo elite: 0.6514
Número de populações independentes: 3
Troca de informação de 4 individuos a cada 241 gerações
Número de threads: 1

Largura da faixa = 116
Melhor altura = 379

Lower Bound 1 = 344
Lower Bound 2 = 234
Avaliação = 1.10174

Tempo de execução: 60.14s

---------------------------

Tamanho da população: 475
Fração elite: 0.2121
Fração mutante: 0.0442
Probabilidade herdar alelo elite: 0.6514
Número de populações independentes: 3
Troca de informação de 4 individuos a cada 241 gerações
Número de threads: 1

Largura da faixa = 116
Melhor altura = 380

Lower Bound 1 = 344
Lower Bound 2 = 234
Avaliação = 1.10465

Tempo de execução: 60.1533s

---------------------------

Tamanho da população: 475
Fração elite: 0.2121
Fração mutante: 0.0442
Probabilidade herdar alelo elite: 0.6514
Número de populações independentes: 3
Troca de informação de 4 individuos a cada 241 gerações
Número de threads: 1

Largura da faixa = 116
Melhor altura = 383

Lower Bound 1 = 344
Lower Bound 2 = 234
Avaliação = 1.11337

Tempo de execução: 60.0266s

---------------------------

Tamanho da população: 475
Fração elite: 0.2121
Fração mutante: 0.0442
Probabilidade herdar alelo elite: 0.6514
Número de populações independentes: 3
Troca de informação de 4 individuos a cada 241 gerações
Número de threads: 1

Largura da faixa = 116
Melhor altura = 379

Lower Bound 1 = 344
Lower Bound 2 = 234
Avaliação = 1.10174

Tempo de execução: 60.0272s

---------------------------

Tamanho da população: 475
Fração elite: 0.2121
Fração mutante: 0.0442
Probabilidade herdar alelo elite: 0.6514
Número de populações independentes: 3
Troca de informação de 4 individuos a cada 241 gerações
Número de threads: 1

Largura da faixa = 116
Melhor altura = 380

Lower Bound 1 = 344
Lower Bound 2 = 234
Avaliação = 1.10465

Tempo de execução: 60.0443s

---------------------------

Tamanho da população: 475
Fração elite: 0.2121
Fração mutante: 0.0442
Probabilidade herdar alelo elite: 0.6514
Número de populações independentes: 3
Troca de informação de 4 individuos a cada 241 gerações
Número de threads: 1

Largura da faixa = 116
Melhor altura = 383

Lower Bound 1 = 344
Lower Bound 2 = 234
Avaliação = 1.11337

Tempo de execução: 60.0166s

---------------------------

Tamanho da população: 475
Fração elite: 0.2121
Fração mutante: 0.0442
Probabilidade herdar alelo elite: 0.6514
Número de populações independentes: 3
Troca de informação de 4 individuos a cada 241 gerações
Número de threads: 1

Largura da faixa = 116
Melhor altura = 380

Lower Bound 1 = 344
Lower Bound 2 = 234
Avaliação = 1.10465

Tempo de execução: 60.066s

---------------------------

Tamanho da população: 475
Fração elite: 0.2121
Fração mutante: 0.0442
Probabilidade herdar alelo elite: 0.6514
Número de populações independentes: 3
Troca de informação de 4 individuos a cada 241 gerações
Número de threads: 1

Largura da faixa = 116
Melhor altura = 380

Lower Bound 1 = 344
Lower Bound 2 = 234
Avaliação = 1.10465

Tempo de execução: 60.1345s

---------------------------

Tamanho da população: 475
Fração elite: 0.2121
Fração mutante: 0.0442
Probabilidade herdar alelo elite: 0.6514
Número de populações independentes: 3
Troca de informação de 4 individuos a cada 241 gerações
Número de threads: 1

Largura da faixa = 116
Melhor altura = 379

Lower Bound 1 = 344
Lower Bound 2 = 234
Avaliação = 1.10174

Tempo de execução: 60.0586s

---------------------------

Tamanho da população: 475
Fração elite: 0.2121
Fração mutante: 0.0442
Probabilidade herdar alelo elite: 0.6514
Número de populações independentes: 3
Troca de informação de 4 individuos a cada 241 gerações
Número de threads: 1

Largura da faixa = 116
Melhor altura = 378

Lower Bound 1 = 344
Lower Bound 2 = 234
Avaliação = 1.09884

Tempo de execução: 60.062s

---------------------------

Tamanho da população: 475
Fração elite: 0.2121
Fração mutante: 0.0442
Probabilidade herdar alelo elite: 0.6514
Número de populações independentes: 3
Troca de informação de 4 individuos a cada 241 gerações
Número de threads: 1

Largura da faixa = 116
Melhor altura = 380

Lower Bound 1 = 344
Lower Bound 2 = 234
Avaliação = 1.10465

Tempo de execução: 60.0806s

---------------------------

Tamanho da população: 475
Fração elite: 0.2121
Fração mutante: 0.0442
Probabilidade herdar alelo elite: 0.6514
Número de populações independentes: 3
Troca de informação de 4 individuos a cada 241 gerações
Número de threads: 1

Largura da faixa = 116
Melhor altura = 380

Lower Bound 1 = 344
Lower Bound 2 = 234
Avaliação = 1.10465

Tempo de execução: 60.0516s

---------------------------

Tamanho da população: 475
Fração elite: 0.2121
Fração mutante: 0.0442
Probabilidade herdar alelo elite: 0.6514
Número de populações independentes: 3
Troca de informação de 4 individuos a cada 241 gerações
Número de threads: 1

Largura da faixa = 116
Melhor altura = 391

Lower Bound 1 = 344
Lower Bound 2 = 234
Avaliação = 1.13663

Tempo de execução: 60.0952s

---------------------------

Tamanho da população: 475
Fração elite: 0.2121
Fração mutante: 0.0442
Probabilidade herdar alelo elite: 0.6514
Número de populações independentes: 3
Troca de informação de 4 individuos a cada 241 gerações
Número de threads: 1

Largura da faixa = 116
Melhor altura = 380

Lower Bound 1 = 344
Lower Bound 2 = 234
Avaliação = 1.10465

Tempo de execução: 60.1445s

---------------------------

Tamanho da população: 475
Fração elite: 0.2121
Fração mutante: 0.0442
Probabilidade herdar alelo elite: 0.6514
Número de populações independentes: 3
Troca de informação de 4 individuos a cada 241 gerações
Número de threads: 1

Largura da faixa = 116
Melhor altura = 380

Lower Bound 1 = 344
Lower Bound 2 = 234
Avaliação = 1.10465

Tempo de execução: 60.0007s

---------------------------

Tamanho da população: 475
Fração elite: 0.2121
Fração mutante: 0.0442
Probabilidade herdar alelo elite: 0.6514
Número de populações independentes: 3
Troca de informação de 4 individuos a cada 241 gerações
Número de threads: 1

Largura da faixa = 116
Melhor altura = 381

Lower Bound 1 = 344
Lower Bound 2 = 234
Avaliação = 1.10756

Tempo de execução: 60.0522s

---------------------------

Tamanho da população: 475
Fração elite: 0.2121
Fração mutante: 0.0442
Probabilidade herdar alelo elite: 0.6514
Número de populações independentes: 3
Troca de informação de 4 individuos a cada 241 gerações
Número de threads: 1

Largura da faixa = 116
Melhor altura = 380

Lower Bound 1 = 344
Lower Bound 2 = 234
Avaliação = 1.10465

Tempo de execução: 60.1184s

---------------------------

Tamanho da população: 475
Fração elite: 0.2121
Fração mutante: 0.0442
Probabilidade herdar alelo elite: 0.6514
Número de populações independentes: 3
Troca de informação de 4 individuos a cada 241 gerações
Número de threads: 1

Largura da faixa = 116
Melhor altura = 380

Lower Bound 1 = 344
Lower Bound 2 = 234
Avaliação = 1.10465

Tempo de execução: 60.0267s

---------------------------

Tamanho da população: 475
Fração elite: 0.2121
Fração mutante: 0.0442
Probabilidade herdar alelo elite: 0.6514
Número de populações independentes: 3
Troca de informação de 4 individuos a cada 241 gerações
Número de threads: 1

Largura da faixa = 116
Melhor altura = 381

Lower Bound 1 = 344
Lower Bound 2 = 234
Avaliação = 1.10756

Tempo de execução: 60.1367s
