Tamanho da população: 475
Fração elite: 0.2121
Fração mutante: 0.0442
Probabilidade herdar alelo elite: 0.6514
Número de populações independentes: 3
Troca de informação de 4 individuos a cada 241 gerações
Número de threads: 1

Largura da faixa = 114
Melhor altura = 411

Lower Bound 1 = 350
Lower Bound 2 = 275
Avaliação = 1.17429

Tempo de execução: 60.003s

---------------------------

Tamanho da população: 475
Fração elite: 0.2121
Fração mutante: 0.0442
Probabilidade herdar alelo elite: 0.6514
Número de populações independentes: 3
Troca de informação de 4 individuos a cada 241 gerações
Número de threads: 1

Largura da faixa = 114
Melhor altura = 411

Lower Bound 1 = 350
Lower Bound 2 = 275
Avaliação = 1.17429

Tempo de execução: 60.0194s

---------------------------

Tamanho da população: 475
Fração elite: 0.2121
Fração mutante: 0.0442
Probabilidade herdar alelo elite: 0.6514
Número de populações independentes: 3
Troca de informação de 4 individuos a cada 241 gerações
Número de threads: 1

Largura da faixa = 114
Melhor altura = 411

Lower Bound 1 = 350
Lower Bound 2 = 275
Avaliação = 1.17429

Tempo de execução: 60.0273s

---------------------------

Tamanho da população: 475
Fração elite: 0.2121
Fração mutante: 0.0442
Probabilidade herdar alelo elite: 0.6514
Número de populações independentes: 3
Troca de informação de 4 individuos a cada 241 gerações
Número de threads: 1

Largura da faixa = 114
Melhor altura = 411

Lower Bound 1 = 350
Lower Bound 2 = 275
Avaliação = 1.17429

Tempo de execução: 60.0072s

---------------------------

Tamanho da população: 475
Fração elite: 0.2121
Fração mutante: 0.0442
Probabilidade herdar alelo elite: 0.6514
Número de populações independentes: 3
Troca de informação de 4 individuos a cada 241 gerações
Número de threads: 1

Largura da faixa = 114
Melhor altura = 411

Lower Bound 1 = 350
Lower Bound 2 = 275
Avaliação = 1.17429

Tempo de execução: 60.013s

---------------------------

Tamanho da população: 475
Fração elite: 0.2121
Fração mutante: 0.0442
Probabilidade herdar alelo elite: 0.6514
Número de populações independentes: 3
Troca de informação de 4 individuos a cada 241 gerações
Número de threads: 1

Largura da faixa = 114
Melhor altura = 411

Lower Bound 1 = 350
Lower Bound 2 = 275
Avaliação = 1.17429

Tempo de execução: 60.0189s

---------------------------

Tamanho da população: 475
Fração elite: 0.2121
Fração mutante: 0.0442
Probabilidade herdar alelo elite: 0.6514
Número de populações independentes: 3
Troca de informação de 4 individuos a cada 241 gerações
Número de threads: 1

Largura da faixa = 114
Melhor altura = 411

Lower Bound 1 = 350
Lower Bound 2 = 275
Avaliação = 1.17429

Tempo de execução: 60.0052s

---------------------------

Tamanho da população: 475
Fração elite: 0.2121
Fração mutante: 0.0442
Probabilidade herdar alelo elite: 0.6514
Número de populações independentes: 3
Troca de informação de 4 individuos a cada 241 gerações
Número de threads: 1

Largura da faixa = 114
Melhor altura = 411

Lower Bound 1 = 350
Lower Bound 2 = 275
Avaliação = 1.17429

Tempo de execução: 60.0053s

---------------------------

Tamanho da população: 475
Fração elite: 0.2121
Fração mutante: 0.0442
Probabilidade herdar alelo elite: 0.6514
Número de populações independentes: 3
Troca de informação de 4 individuos a cada 241 gerações
Número de threads: 1

Largura da faixa = 114
Melhor altura = 411

Lower Bound 1 = 350
Lower Bound 2 = 275
Avaliação = 1.17429

Tempo de execução: 60.0293s

---------------------------

Tamanho da população: 475
Fração elite: 0.2121
Fração mutante: 0.0442
Probabilidade herdar alelo elite: 0.6514
Número de populações independentes: 3
Troca de informação de 4 individuos a cada 241 gerações
Número de threads: 1

Largura da faixa = 114
Melhor altura = 411

Lower Bound 1 = 350
Lower Bound 2 = 275
Avaliação = 1.17429

Tempo de execução: 60.021s

---------------------------

Tamanho da população: 475
Fração elite: 0.2121
Fração mutante: 0.0442
Probabilidade herdar alelo elite: 0.6514
Número de populações independentes: 3
Troca de informação de 4 individuos a cada 241 gerações
Número de threads: 1

Largura da faixa = 114
Melhor altura = 411

Lower Bound 1 = 350
Lower Bound 2 = 275
Avaliação = 1.17429

Tempo de execução: 60.025s

---------------------------

Tamanho da população: 475
Fração elite: 0.2121
Fração mutante: 0.0442
Probabilidade herdar alelo elite: 0.6514
Número de populações independentes: 3
Troca de informação de 4 individuos a cada 241 gerações
Número de threads: 1

Largura da faixa = 114
Melhor altura = 411

Lower Bound 1 = 350
Lower Bound 2 = 275
Avaliação = 1.17429

Tempo de execução: 60.026s

---------------------------

Tamanho da população: 475
Fração elite: 0.2121
Fração mutante: 0.0442
Probabilidade herdar alelo elite: 0.6514
Número de populações independentes: 3
Troca de informação de 4 individuos a cada 241 gerações
Número de threads: 1

Largura da faixa = 114
Melhor altura = 411

Lower Bound 1 = 350
Lower Bound 2 = 275
Avaliação = 1.17429

Tempo de execução: 60.0017s

---------------------------

Tamanho da população: 475
Fração elite: 0.2121
Fração mutante: 0.0442
Probabilidade herdar alelo elite: 0.6514
Número de populações independentes: 3
Troca de informação de 4 individuos a cada 241 gerações
Número de threads: 1

Largura da faixa = 114
Melhor altura = 411

Lower Bound 1 = 350
Lower Bound 2 = 275
Avaliação = 1.17429

Tempo de execução: 60.0062s

---------------------------

Tamanho da população: 475
Fração elite: 0.2121
Fração mutante: 0.0442
Probabilidade herdar alelo elite: 0.6514
Número de populações independentes: 3
Troca de informação de 4 individuos a cada 241 gerações
Número de threads: 1

Largura da faixa = 114
Melhor altura = 411

Lower Bound 1 = 350
Lower Bound 2 = 275
Avaliação = 1.17429

Tempo de execução: 60.0236s

---------------------------

Tamanho da população: 475
Fração elite: 0.2121
Fração mutante: 0.0442
Probabilidade herdar alelo elite: 0.6514
Número de populações independentes: 3
Troca de informação de 4 individuos a cada 241 gerações
Número de threads: 1

Largura da faixa = 114
Melhor altura = 411

Lower Bound 1 = 350
Lower Bound 2 = 275
Avaliação = 1.17429

Tempo de execução: 60.0185s

---------------------------

Tamanho da população: 475
Fração elite: 0.2121
Fração mutante: 0.0442
Probabilidade herdar alelo elite: 0.6514
Número de populações independentes: 3
Troca de informação de 4 individuos a cada 241 gerações
Número de threads: 1

Largura da faixa = 114
Melhor altura = 411

Lower Bound 1 = 350
Lower Bound 2 = 275
Avaliação = 1.17429

Tempo de execução: 60.0209s

---------------------------

Tamanho da população: 475
Fração elite: 0.2121
Fração mutante: 0.0442
Probabilidade herdar alelo elite: 0.6514
Número de populações independentes: 3
Troca de informação de 4 individuos a cada 241 gerações
Número de threads: 1

Largura da faixa = 114
Melhor altura = 411

Lower Bound 1 = 350
Lower Bound 2 = 275
Avaliação = 1.17429

Tempo de execução: 60.0326s

---------------------------

Tamanho da população: 475
Fração elite: 0.2121
Fração mutante: 0.0442
Probabilidade herdar alelo elite: 0.6514
Número de populações independentes: 3
Troca de informação de 4 individuos a cada 241 gerações
Número de threads: 1

Largura da faixa = 114
Melhor altura = 411

Lower Bound 1 = 350
Lower Bound 2 = 275
Avaliação = 1.17429

Tempo de execução: 60.005s

---------------------------

Tamanho da população: 475
Fração elite: 0.2121
Fração mutante: 0.0442
Probabilidade herdar alelo elite: 0.6514
Número de populações independentes: 3
Troca de informação de 4 individuos a cada 241 gerações
Número de threads: 1

Largura da faixa = 114
Melhor altura = 411

Lower Bound 1 = 350
Lower Bound 2 = 275
Avaliação = 1.17429

Tempo de execução: 60.0135s
