Tamanho da população: 475
Fração elite: 0.2121
Fração mutante: 0.0442
Probabilidade herdar alelo elite: 0.6514
Número de populações independentes: 3
Troca de informação de 4 individuos a cada 241 gerações
Número de threads: 1

Largura da faixa = 165
Melhor altura = 264

Lower Bound 1 = 242
Lower Bound 2 = 166
Avaliação = 1.09091

Tempo de execução: 60.0156s

---------------------------

Tamanho da população: 475
Fração elite: 0.2121
Fração mutante: 0.0442
Probabilidade herdar alelo elite: 0.6514
Número de populações independentes: 3
Troca de informação de 4 individuos a cada 241 gerações
Número de threads: 1

Largura da faixa = 165
Melhor altura = 264

Lower Bound 1 = 242
Lower Bound 2 = 166
Avaliação = 1.09091

Tempo de execução: 60.0353s

---------------------------

Tamanho da população: 475
Fração elite: 0.2121
Fração mutante: 0.0442
Probabilidade herdar alelo elite: 0.6514
Número de populações independentes: 3
Troca de informação de 4 individuos a cada 241 gerações
Número de threads: 1

Largura da faixa = 165
Melhor altura = 264

Lower Bound 1 = 242
Lower Bound 2 = 166
Avaliação = 1.09091

Tempo de execução: 60.0394s

---------------------------

Tamanho da população: 475
Fração elite: 0.2121
Fração mutante: 0.0442
Probabilidade herdar alelo elite: 0.6514
Número de populações independentes: 3
Troca de informação de 4 individuos a cada 241 gerações
Número de threads: 1

Largura da faixa = 165
Melhor altura = 264

Lower Bound 1 = 242
Lower Bound 2 = 166
Avaliação = 1.09091

Tempo de execução: 60.0027s

---------------------------

Tamanho da população: 475
Fração elite: 0.2121
Fração mutante: 0.0442
Probabilidade herdar alelo elite: 0.6514
Número de populações independentes: 3
Troca de informação de 4 individuos a cada 241 gerações
Número de threads: 1

Largura da faixa = 165
Melhor altura = 264

Lower Bound 1 = 242
Lower Bound 2 = 166
Avaliação = 1.09091

Tempo de execução: 60.0098s

---------------------------

Tamanho da população: 475
Fração elite: 0.2121
Fração mutante: 0.0442
Probabilidade herdar alelo elite: 0.6514
Número de populações independentes: 3
Troca de informação de 4 individuos a cada 241 gerações
Número de threads: 1

Largura da faixa = 165
Melhor altura = 264

Lower Bound 1 = 242
Lower Bound 2 = 166
Avaliação = 1.09091

Tempo de execução: 60.0199s

---------------------------

Tamanho da população: 475
Fração elite: 0.2121
Fração mutante: 0.0442
Probabilidade herdar alelo elite: 0.6514
Número de populações independentes: 3
Troca de informação de 4 individuos a cada 241 gerações
Número de threads: 1

Largura da faixa = 165
Melhor altura = 264

Lower Bound 1 = 242
Lower Bound 2 = 166
Avaliação = 1.09091

Tempo de execução: 60.0056s

---------------------------

Tamanho da população: 475
Fração elite: 0.2121
Fração mutante: 0.0442
Probabilidade herdar alelo elite: 0.6514
Número de populações independentes: 3
Troca de informação de 4 individuos a cada 241 gerações
Número de threads: 1

Largura da faixa = 165
Melhor altura = 264

Lower Bound 1 = 242
Lower Bound 2 = 166
Avaliação = 1.09091

Tempo de execução: 60.0229s

---------------------------

Tamanho da população: 475
Fração elite: 0.2121
Fração mutante: 0.0442
Probabilidade herdar alelo elite: 0.6514
Número de populações independentes: 3
Troca de informação de 4 individuos a cada 241 gerações
Número de threads: 1

Largura da faixa = 165
Melhor altura = 264

Lower Bound 1 = 242
Lower Bound 2 = 166
Avaliação = 1.09091

Tempo de execução: 60.0408s

---------------------------

Tamanho da população: 475
Fração elite: 0.2121
Fração mutante: 0.0442
Probabilidade herdar alelo elite: 0.6514
Número de populações independentes: 3
Troca de informação de 4 individuos a cada 241 gerações
Número de threads: 1

Largura da faixa = 165
Melhor altura = 264

Lower Bound 1 = 242
Lower Bound 2 = 166
Avaliação = 1.09091

Tempo de execução: 60.0006s

---------------------------

Tamanho da população: 475
Fração elite: 0.2121
Fração mutante: 0.0442
Probabilidade herdar alelo elite: 0.6514
Número de populações independentes: 3
Troca de informação de 4 individuos a cada 241 gerações
Número de threads: 1

Largura da faixa = 165
Melhor altura = 264

Lower Bound 1 = 242
Lower Bound 2 = 166
Avaliação = 1.09091

Tempo de execução: 60.0302s

---------------------------

Tamanho da população: 475
Fração elite: 0.2121
Fração mutante: 0.0442
Probabilidade herdar alelo elite: 0.6514
Número de populações independentes: 3
Troca de informação de 4 individuos a cada 241 gerações
Número de threads: 1

Largura da faixa = 165
Melhor altura = 264

Lower Bound 1 = 242
Lower Bound 2 = 166
Avaliação = 1.09091

Tempo de execução: 60.0396s

---------------------------

Tamanho da população: 475
Fração elite: 0.2121
Fração mutante: 0.0442
Probabilidade herdar alelo elite: 0.6514
Número de populações independentes: 3
Troca de informação de 4 individuos a cada 241 gerações
Número de threads: 1

Largura da faixa = 165
Melhor altura = 262

Lower Bound 1 = 242
Lower Bound 2 = 166
Avaliação = 1.08264

Tempo de execução: 60.0019s

---------------------------

Tamanho da população: 475
Fração elite: 0.2121
Fração mutante: 0.0442
Probabilidade herdar alelo elite: 0.6514
Número de populações independentes: 3
Troca de informação de 4 individuos a cada 241 gerações
Número de threads: 1

Largura da faixa = 165
Melhor altura = 264

Lower Bound 1 = 242
Lower Bound 2 = 166
Avaliação = 1.09091

Tempo de execução: 60.0101s

---------------------------

Tamanho da população: 475
Fração elite: 0.2121
Fração mutante: 0.0442
Probabilidade herdar alelo elite: 0.6514
Número de populações independentes: 3
Troca de informação de 4 individuos a cada 241 gerações
Número de threads: 1

Largura da faixa = 165
Melhor altura = 264

Lower Bound 1 = 242
Lower Bound 2 = 166
Avaliação = 1.09091

Tempo de execução: 60.0108s

---------------------------

Tamanho da população: 475
Fração elite: 0.2121
Fração mutante: 0.0442
Probabilidade herdar alelo elite: 0.6514
Número de populações independentes: 3
Troca de informação de 4 individuos a cada 241 gerações
Número de threads: 1

Largura da faixa = 165
Melhor altura = 264

Lower Bound 1 = 242
Lower Bound 2 = 166
Avaliação = 1.09091

Tempo de execução: 60.0008s

---------------------------

Tamanho da população: 475
Fração elite: 0.2121
Fração mutante: 0.0442
Probabilidade herdar alelo elite: 0.6514
Número de populações independentes: 3
Troca de informação de 4 individuos a cada 241 gerações
Número de threads: 1

Largura da faixa = 165
Melhor altura = 264

Lower Bound 1 = 242
Lower Bound 2 = 166
Avaliação = 1.09091

Tempo de execução: 60.009s

---------------------------

Tamanho da população: 475
Fração elite: 0.2121
Fração mutante: 0.0442
Probabilidade herdar alelo elite: 0.6514
Número de populações independentes: 3
Troca de informação de 4 individuos a cada 241 gerações
Número de threads: 1

Largura da faixa = 165
Melhor altura = 264

Lower Bound 1 = 242
Lower Bound 2 = 166
Avaliação = 1.09091

Tempo de execução: 60.0213s

---------------------------

Tamanho da população: 475
Fração elite: 0.2121
Fração mutante: 0.0442
Probabilidade herdar alelo elite: 0.6514
Número de populações independentes: 3
Troca de informação de 4 individuos a cada 241 gerações
Número de threads: 1

Largura da faixa = 165
Melhor altura = 264

Lower Bound 1 = 242
Lower Bound 2 = 166
Avaliação = 1.09091

Tempo de execução: 60.0043s

---------------------------

Tamanho da população: 475
Fração elite: 0.2121
Fração mutante: 0.0442
Probabilidade herdar alelo elite: 0.6514
Número de populações independentes: 3
Troca de informação de 4 individuos a cada 241 gerações
Número de threads: 1

Largura da faixa = 165
Melhor altura = 264

Lower Bound 1 = 242
Lower Bound 2 = 166
Avaliação = 1.09091

Tempo de execução: 60.0217s
