Tamanho da população: 297
Fração elite: 0.55
Fração mutante: 0.0174
Probabilidade herdar alelo elite: 0.7678
Número de populações independentes: 1
Número de threads: 1
Trocar os melhores indivíduos a cada 30 gerações
Número máximo de gerações: 279

Largura da faixa = 94
Melhor altura = 512

Lower Bound 1 = 425
Lower Bound 2 = 135
Avaliação = 1.20471

Tempo de execução: 28.3629s

---------------------------

Tamanho da população: 297
Fração elite: 0.55
Fração mutante: 0.0174
Probabilidade herdar alelo elite: 0.7678
Número de populações independentes: 1
Número de threads: 1
Trocar os melhores indivíduos a cada 30 gerações
Número máximo de gerações: 279

Largura da faixa = 94
Melhor altura = 522

Lower Bound 1 = 425
Lower Bound 2 = 135
Avaliação = 1.22824

Tempo de execução: 28.4446s

---------------------------

Tamanho da população: 297
Fração elite: 0.55
Fração mutante: 0.0174
Probabilidade herdar alelo elite: 0.7678
Número de populações independentes: 1
Número de threads: 1
Trocar os melhores indivíduos a cada 30 gerações
Número máximo de gerações: 279

Largura da faixa = 94
Melhor altura = 510

Lower Bound 1 = 425
Lower Bound 2 = 135
Avaliação = 1.2

Tempo de execução: 28.4908s

---------------------------

Tamanho da população: 297
Fração elite: 0.55
Fração mutante: 0.0174
Probabilidade herdar alelo elite: 0.7678
Número de populações independentes: 1
Número de threads: 1
Trocar os melhores indivíduos a cada 30 gerações
Número máximo de gerações: 279

Largura da faixa = 94
Melhor altura = 520

Lower Bound 1 = 425
Lower Bound 2 = 135
Avaliação = 1.22353

Tempo de execução: 27.8843s

---------------------------

Tamanho da população: 297
Fração elite: 0.55
Fração mutante: 0.0174
Probabilidade herdar alelo elite: 0.7678
Número de populações independentes: 1
Número de threads: 1
Trocar os melhores indivíduos a cada 30 gerações
Número máximo de gerações: 279

Largura da faixa = 94
Melhor altura = 513

Lower Bound 1 = 425
Lower Bound 2 = 135
Avaliação = 1.20706

Tempo de execução: 28.3495s

---------------------------

Tamanho da população: 297
Fração elite: 0.55
Fração mutante: 0.0174
Probabilidade herdar alelo elite: 0.7678
Número de populações independentes: 1
Número de threads: 1
Trocar os melhores indivíduos a cada 30 gerações
Número máximo de gerações: 279

Largura da faixa = 94
Melhor altura = 504

Lower Bound 1 = 425
Lower Bound 2 = 135
Avaliação = 1.18588

Tempo de execução: 28.982s

---------------------------

Tamanho da população: 297
Fração elite: 0.55
Fração mutante: 0.0174
Probabilidade herdar alelo elite: 0.7678
Número de populações independentes: 1
Número de threads: 1
Trocar os melhores indivíduos a cada 30 gerações
Número máximo de gerações: 279

Largura da faixa = 94
Melhor altura = 518

Lower Bound 1 = 425
Lower Bound 2 = 135
Avaliação = 1.21882

Tempo de execução: 28.4411s

---------------------------

Tamanho da população: 297
Fração elite: 0.55
Fração mutante: 0.0174
Probabilidade herdar alelo elite: 0.7678
Número de populações independentes: 1
Número de threads: 1
Trocar os melhores indivíduos a cada 30 gerações
Número máximo de gerações: 279

Largura da faixa = 94
Melhor altura = 516

Lower Bound 1 = 425
Lower Bound 2 = 135
Avaliação = 1.21412

Tempo de execução: 28.9054s

---------------------------

Tamanho da população: 297
Fração elite: 0.55
Fração mutante: 0.0174
Probabilidade herdar alelo elite: 0.7678
Número de populações independentes: 1
Número de threads: 1
Trocar os melhores indivíduos a cada 30 gerações
Número máximo de gerações: 279

Largura da faixa = 94
Melhor altura = 511

Lower Bound 1 = 425
Lower Bound 2 = 135
Avaliação = 1.20235

Tempo de execução: 29.0119s

---------------------------

Tamanho da população: 297
Fração elite: 0.55
Fração mutante: 0.0174
Probabilidade herdar alelo elite: 0.7678
Número de populações independentes: 1
Número de threads: 1
Trocar os melhores indivíduos a cada 30 gerações
Número máximo de gerações: 279

Largura da faixa = 94
Melhor altura = 509

Lower Bound 1 = 425
Lower Bound 2 = 135
Avaliação = 1.19765

Tempo de execução: 28.1963s

---------------------------

Tamanho da população: 297
Fração elite: 0.55
Fração mutante: 0.0174
Probabilidade herdar alelo elite: 0.7678
Número de populações independentes: 1
Número de threads: 1
Trocar os melhores indivíduos a cada 30 gerações
Número máximo de gerações: 279

Largura da faixa = 94
Melhor altura = 515

Lower Bound 1 = 425
Lower Bound 2 = 135
Avaliação = 1.21176

Tempo de execução: 28.4466s

---------------------------

Tamanho da população: 297
Fração elite: 0.55
Fração mutante: 0.0174
Probabilidade herdar alelo elite: 0.7678
Número de populações independentes: 1
Número de threads: 1
Trocar os melhores indivíduos a cada 30 gerações
Número máximo de gerações: 279

Largura da faixa = 94
Melhor altura = 514

Lower Bound 1 = 425
Lower Bound 2 = 135
Avaliação = 1.20941

Tempo de execução: 28.7444s

---------------------------

Tamanho da população: 297
Fração elite: 0.55
Fração mutante: 0.0174
Probabilidade herdar alelo elite: 0.7678
Número de populações independentes: 1
Número de threads: 1
Trocar os melhores indivíduos a cada 30 gerações
Número máximo de gerações: 279

Largura da faixa = 94
Melhor altura = 512

Lower Bound 1 = 425
Lower Bound 2 = 135
Avaliação = 1.20471

Tempo de execução: 27.9288s

---------------------------

Tamanho da população: 297
Fração elite: 0.55
Fração mutante: 0.0174
Probabilidade herdar alelo elite: 0.7678
Número de populações independentes: 1
Número de threads: 1
Trocar os melhores indivíduos a cada 30 gerações
Número máximo de gerações: 279

Largura da faixa = 94
Melhor altura = 519

Lower Bound 1 = 425
Lower Bound 2 = 135
Avaliação = 1.22118

Tempo de execução: 28.0611s

---------------------------

Tamanho da população: 297
Fração elite: 0.55
Fração mutante: 0.0174
Probabilidade herdar alelo elite: 0.7678
Número de populações independentes: 1
Número de threads: 1
Trocar os melhores indivíduos a cada 30 gerações
Número máximo de gerações: 279

Largura da faixa = 94
Melhor altura = 505

Lower Bound 1 = 425
Lower Bound 2 = 135
Avaliação = 1.18824

Tempo de execução: 28.7579s

---------------------------

Tamanho da população: 297
Fração elite: 0.55
Fração mutante: 0.0174
Probabilidade herdar alelo elite: 0.7678
Número de populações independentes: 1
Número de threads: 1
Trocar os melhores indivíduos a cada 30 gerações
Número máximo de gerações: 279

Largura da faixa = 94
Melhor altura = 519

Lower Bound 1 = 425
Lower Bound 2 = 135
Avaliação = 1.22118

Tempo de execução: 27.9484s

---------------------------

Tamanho da população: 297
Fração elite: 0.55
Fração mutante: 0.0174
Probabilidade herdar alelo elite: 0.7678
Número de populações independentes: 1
Número de threads: 1
Trocar os melhores indivíduos a cada 30 gerações
Número máximo de gerações: 279

Largura da faixa = 94
Melhor altura = 509

Lower Bound 1 = 425
Lower Bound 2 = 135
Avaliação = 1.19765

Tempo de execução: 28.1055s

---------------------------

Tamanho da população: 297
Fração elite: 0.55
Fração mutante: 0.0174
Probabilidade herdar alelo elite: 0.7678
Número de populações independentes: 1
Número de threads: 1
Trocar os melhores indivíduos a cada 30 gerações
Número máximo de gerações: 279

Largura da faixa = 94
Melhor altura = 511

Lower Bound 1 = 425
Lower Bound 2 = 135
Avaliação = 1.20235

Tempo de execução: 28.344s

---------------------------

Tamanho da população: 297
Fração elite: 0.55
Fração mutante: 0.0174
Probabilidade herdar alelo elite: 0.7678
Número de populações independentes: 1
Número de threads: 1
Trocar os melhores indivíduos a cada 30 gerações
Número máximo de gerações: 279

Largura da faixa = 94
Melhor altura = 514

Lower Bound 1 = 425
Lower Bound 2 = 135
Avaliação = 1.20941

Tempo de execução: 28.0419s

---------------------------

Tamanho da população: 297
Fração elite: 0.55
Fração mutante: 0.0174
Probabilidade herdar alelo elite: 0.7678
Número de populações independentes: 1
Número de threads: 1
Trocar os melhores indivíduos a cada 30 gerações
Número máximo de gerações: 279

Largura da faixa = 94
Melhor altura = 509

Lower Bound 1 = 425
Lower Bound 2 = 135
Avaliação = 1.19765

Tempo de execução: 28.6793s

---------------------------

