Tamanho da população: 297
Fração elite: 0.55
Fração mutante: 0.0174
Probabilidade herdar alelo elite: 0.7678
Número de populações independentes: 1
Número de threads: 1
Trocar os melhores indivíduos a cada 30 gerações
Número máximo de gerações: 279

Largura da faixa = 97
Melhor altura = 483

Lower Bound 1 = 412
Lower Bound 2 = 286
Avaliação = 1.17233

Tempo de execução: 7.33022s

---------------------------

Tamanho da população: 297
Fração elite: 0.55
Fração mutante: 0.0174
Probabilidade herdar alelo elite: 0.7678
Número de populações independentes: 1
Número de threads: 1
Trocar os melhores indivíduos a cada 30 gerações
Número máximo de gerações: 279

Largura da faixa = 97
Melhor altura = 467

Lower Bound 1 = 412
Lower Bound 2 = 286
Avaliação = 1.1335

Tempo de execução: 7.37484s

---------------------------

Tamanho da população: 297
Fração elite: 0.55
Fração mutante: 0.0174
Probabilidade herdar alelo elite: 0.7678
Número de populações independentes: 1
Número de threads: 1
Trocar os melhores indivíduos a cada 30 gerações
Número máximo de gerações: 279

Largura da faixa = 97
Melhor altura = 476

Lower Bound 1 = 412
Lower Bound 2 = 286
Avaliação = 1.15534

Tempo de execução: 7.49592s

---------------------------

Tamanho da população: 297
Fração elite: 0.55
Fração mutante: 0.0174
Probabilidade herdar alelo elite: 0.7678
Número de populações independentes: 1
Número de threads: 1
Trocar os melhores indivíduos a cada 30 gerações
Número máximo de gerações: 279

Largura da faixa = 97
Melhor altura = 493

Lower Bound 1 = 412
Lower Bound 2 = 286
Avaliação = 1.1966

Tempo de execução: 7.1962s

---------------------------

Tamanho da população: 297
Fração elite: 0.55
Fração mutante: 0.0174
Probabilidade herdar alelo elite: 0.7678
Número de populações independentes: 1
Número de threads: 1
Trocar os melhores indivíduos a cada 30 gerações
Número máximo de gerações: 279

Largura da faixa = 97
Melhor altura = 482

Lower Bound 1 = 412
Lower Bound 2 = 286
Avaliação = 1.1699

Tempo de execução: 7.33957s

---------------------------

Tamanho da população: 297
Fração elite: 0.55
Fração mutante: 0.0174
Probabilidade herdar alelo elite: 0.7678
Número de populações independentes: 1
Número de threads: 1
Trocar os melhores indivíduos a cada 30 gerações
Número máximo de gerações: 279

Largura da faixa = 97
Melhor altura = 472

Lower Bound 1 = 412
Lower Bound 2 = 286
Avaliação = 1.14563

Tempo de execução: 7.52529s

---------------------------

Tamanho da população: 297
Fração elite: 0.55
Fração mutante: 0.0174
Probabilidade herdar alelo elite: 0.7678
Número de populações independentes: 1
Número de threads: 1
Trocar os melhores indivíduos a cada 30 gerações
Número máximo de gerações: 279

Largura da faixa = 97
Melhor altura = 473

Lower Bound 1 = 412
Lower Bound 2 = 286
Avaliação = 1.14806

Tempo de execução: 7.32596s

---------------------------

Tamanho da população: 297
Fração elite: 0.55
Fração mutante: 0.0174
Probabilidade herdar alelo elite: 0.7678
Número de populações independentes: 1
Número de threads: 1
Trocar os melhores indivíduos a cada 30 gerações
Número máximo de gerações: 279

Largura da faixa = 97
Melhor altura = 472

Lower Bound 1 = 412
Lower Bound 2 = 286
Avaliação = 1.14563

Tempo de execução: 7.44457s

---------------------------

Tamanho da população: 297
Fração elite: 0.55
Fração mutante: 0.0174
Probabilidade herdar alelo elite: 0.7678
Número de populações independentes: 1
Número de threads: 1
Trocar os melhores indivíduos a cada 30 gerações
Número máximo de gerações: 279

Largura da faixa = 97
Melhor altura = 481

Lower Bound 1 = 412
Lower Bound 2 = 286
Avaliação = 1.16748

Tempo de execução: 7.48878s

---------------------------

Tamanho da população: 297
Fração elite: 0.55
Fração mutante: 0.0174
Probabilidade herdar alelo elite: 0.7678
Número de populações independentes: 1
Número de threads: 1
Trocar os melhores indivíduos a cada 30 gerações
Número máximo de gerações: 279

Largura da faixa = 97
Melhor altura = 473

Lower Bound 1 = 412
Lower Bound 2 = 286
Avaliação = 1.14806

Tempo de execução: 7.31644s

---------------------------

Tamanho da população: 297
Fração elite: 0.55
Fração mutante: 0.0174
Probabilidade herdar alelo elite: 0.7678
Número de populações independentes: 1
Número de threads: 1
Trocar os melhores indivíduos a cada 30 gerações
Número máximo de gerações: 279

Largura da faixa = 97
Melhor altura = 472

Lower Bound 1 = 412
Lower Bound 2 = 286
Avaliação = 1.14563

Tempo de execução: 7.33546s

---------------------------

Tamanho da população: 297
Fração elite: 0.55
Fração mutante: 0.0174
Probabilidade herdar alelo elite: 0.7678
Número de populações independentes: 1
Número de threads: 1
Trocar os melhores indivíduos a cada 30 gerações
Número máximo de gerações: 279

Largura da faixa = 97
Melhor altura = 473

Lower Bound 1 = 412
Lower Bound 2 = 286
Avaliação = 1.14806

Tempo de execução: 7.37987s

---------------------------

Tamanho da população: 297
Fração elite: 0.55
Fração mutante: 0.0174
Probabilidade herdar alelo elite: 0.7678
Número de populações independentes: 1
Número de threads: 1
Trocar os melhores indivíduos a cada 30 gerações
Número máximo de gerações: 279

Largura da faixa = 97
Melhor altura = 480

Lower Bound 1 = 412
Lower Bound 2 = 286
Avaliação = 1.16505

Tempo de execução: 7.33613s

---------------------------

Tamanho da população: 297
Fração elite: 0.55
Fração mutante: 0.0174
Probabilidade herdar alelo elite: 0.7678
Número de populações independentes: 1
Número de threads: 1
Trocar os melhores indivíduos a cada 30 gerações
Número máximo de gerações: 279

Largura da faixa = 97
Melhor altura = 483

Lower Bound 1 = 412
Lower Bound 2 = 286
Avaliação = 1.17233

Tempo de execução: 7.38746s

---------------------------

Tamanho da população: 297
Fração elite: 0.55
Fração mutante: 0.0174
Probabilidade herdar alelo elite: 0.7678
Número de populações independentes: 1
Número de threads: 1
Trocar os melhores indivíduos a cada 30 gerações
Número máximo de gerações: 279

Largura da faixa = 97
Melhor altura = 484

Lower Bound 1 = 412
Lower Bound 2 = 286
Avaliação = 1.17476

Tempo de execução: 7.62884s

---------------------------

Tamanho da população: 297
Fração elite: 0.55
Fração mutante: 0.0174
Probabilidade herdar alelo elite: 0.7678
Número de populações independentes: 1
Número de threads: 1
Trocar os melhores indivíduos a cada 30 gerações
Número máximo de gerações: 279

Largura da faixa = 97
Melhor altura = 485

Lower Bound 1 = 412
Lower Bound 2 = 286
Avaliação = 1.17718

Tempo de execução: 7.02084s

---------------------------

Tamanho da população: 297
Fração elite: 0.55
Fração mutante: 0.0174
Probabilidade herdar alelo elite: 0.7678
Número de populações independentes: 1
Número de threads: 1
Trocar os melhores indivíduos a cada 30 gerações
Número máximo de gerações: 279

Largura da faixa = 97
Melhor altura = 470

Lower Bound 1 = 412
Lower Bound 2 = 286
Avaliação = 1.14078

Tempo de execução: 7.17816s

---------------------------

Tamanho da população: 297
Fração elite: 0.55
Fração mutante: 0.0174
Probabilidade herdar alelo elite: 0.7678
Número de populações independentes: 1
Número de threads: 1
Trocar os melhores indivíduos a cada 30 gerações
Número máximo de gerações: 279

Largura da faixa = 97
Melhor altura = 471

Lower Bound 1 = 412
Lower Bound 2 = 286
Avaliação = 1.1432

Tempo de execução: 7.41998s

---------------------------

Tamanho da população: 297
Fração elite: 0.55
Fração mutante: 0.0174
Probabilidade herdar alelo elite: 0.7678
Número de populações independentes: 1
Número de threads: 1
Trocar os melhores indivíduos a cada 30 gerações
Número máximo de gerações: 279

Largura da faixa = 97
Melhor altura = 479

Lower Bound 1 = 412
Lower Bound 2 = 286
Avaliação = 1.16262

Tempo de execução: 6.9614s

---------------------------

Tamanho da população: 297
Fração elite: 0.55
Fração mutante: 0.0174
Probabilidade herdar alelo elite: 0.7678
Número de populações independentes: 1
Número de threads: 1
Trocar os melhores indivíduos a cada 30 gerações
Número máximo de gerações: 279

Largura da faixa = 97
Melhor altura = 471

Lower Bound 1 = 412
Lower Bound 2 = 286
Avaliação = 1.1432

Tempo de execução: 7.09173s

---------------------------

