Tamanho da população: 297
Fração elite: 0.55
Fração mutante: 0.0174
Probabilidade herdar alelo elite: 0.7678
Número de populações independentes: 1
Número de threads: 1
Trocar os melhores indivíduos a cada 30 gerações
Número máximo de gerações: 279

Largura da faixa = 115
Melhor altura = 432

Lower Bound 1 = 347
Lower Bound 2 = 238
Avaliação = 1.24496

Tempo de execução: 4.44474s

---------------------------

Tamanho da população: 297
Fração elite: 0.55
Fração mutante: 0.0174
Probabilidade herdar alelo elite: 0.7678
Número de populações independentes: 1
Número de threads: 1
Trocar os melhores indivíduos a cada 30 gerações
Número máximo de gerações: 279

Largura da faixa = 115
Melhor altura = 432

Lower Bound 1 = 347
Lower Bound 2 = 238
Avaliação = 1.24496

Tempo de execução: 4.44625s

---------------------------

Tamanho da população: 297
Fração elite: 0.55
Fração mutante: 0.0174
Probabilidade herdar alelo elite: 0.7678
Número de populações independentes: 1
Número de threads: 1
Trocar os melhores indivíduos a cada 30 gerações
Número máximo de gerações: 279

Largura da faixa = 115
Melhor altura = 432

Lower Bound 1 = 347
Lower Bound 2 = 238
Avaliação = 1.24496

Tempo de execução: 4.71315s

---------------------------

Tamanho da população: 297
Fração elite: 0.55
Fração mutante: 0.0174
Probabilidade herdar alelo elite: 0.7678
Número de populações independentes: 1
Número de threads: 1
Trocar os melhores indivíduos a cada 30 gerações
Número máximo de gerações: 279

Largura da faixa = 115
Melhor altura = 432

Lower Bound 1 = 347
Lower Bound 2 = 238
Avaliação = 1.24496

Tempo de execução: 4.5708s

---------------------------

Tamanho da população: 297
Fração elite: 0.55
Fração mutante: 0.0174
Probabilidade herdar alelo elite: 0.7678
Número de populações independentes: 1
Número de threads: 1
Trocar os melhores indivíduos a cada 30 gerações
Número máximo de gerações: 279

Largura da faixa = 115
Melhor altura = 432

Lower Bound 1 = 347
Lower Bound 2 = 238
Avaliação = 1.24496

Tempo de execução: 4.59488s

---------------------------

Tamanho da população: 297
Fração elite: 0.55
Fração mutante: 0.0174
Probabilidade herdar alelo elite: 0.7678
Número de populações independentes: 1
Número de threads: 1
Trocar os melhores indivíduos a cada 30 gerações
Número máximo de gerações: 279

Largura da faixa = 115
Melhor altura = 432

Lower Bound 1 = 347
Lower Bound 2 = 238
Avaliação = 1.24496

Tempo de execução: 4.74648s

---------------------------

Tamanho da população: 297
Fração elite: 0.55
Fração mutante: 0.0174
Probabilidade herdar alelo elite: 0.7678
Número de populações independentes: 1
Número de threads: 1
Trocar os melhores indivíduos a cada 30 gerações
Número máximo de gerações: 279

Largura da faixa = 115
Melhor altura = 432

Lower Bound 1 = 347
Lower Bound 2 = 238
Avaliação = 1.24496

Tempo de execução: 4.52883s

---------------------------

Tamanho da população: 297
Fração elite: 0.55
Fração mutante: 0.0174
Probabilidade herdar alelo elite: 0.7678
Número de populações independentes: 1
Número de threads: 1
Trocar os melhores indivíduos a cada 30 gerações
Número máximo de gerações: 279

Largura da faixa = 115
Melhor altura = 432

Lower Bound 1 = 347
Lower Bound 2 = 238
Avaliação = 1.24496

Tempo de execução: 4.56915s

---------------------------

Tamanho da população: 297
Fração elite: 0.55
Fração mutante: 0.0174
Probabilidade herdar alelo elite: 0.7678
Número de populações independentes: 1
Número de threads: 1
Trocar os melhores indivíduos a cada 30 gerações
Número máximo de gerações: 279

Largura da faixa = 115
Melhor altura = 422

Lower Bound 1 = 347
Lower Bound 2 = 238
Avaliação = 1.21614

Tempo de execução: 4.61918s

---------------------------

Tamanho da população: 297
Fração elite: 0.55
Fração mutante: 0.0174
Probabilidade herdar alelo elite: 0.7678
Número de populações independentes: 1
Número de threads: 1
Trocar os melhores indivíduos a cada 30 gerações
Número máximo de gerações: 279

Largura da faixa = 115
Melhor altura = 436

Lower Bound 1 = 347
Lower Bound 2 = 238
Avaliação = 1.25648

Tempo de execução: 4.46982s

---------------------------

Tamanho da população: 297
Fração elite: 0.55
Fração mutante: 0.0174
Probabilidade herdar alelo elite: 0.7678
Número de populações independentes: 1
Número de threads: 1
Trocar os melhores indivíduos a cada 30 gerações
Número máximo de gerações: 279

Largura da faixa = 115
Melhor altura = 426

Lower Bound 1 = 347
Lower Bound 2 = 238
Avaliação = 1.22767

Tempo de execução: 4.67273s

---------------------------

Tamanho da população: 297
Fração elite: 0.55
Fração mutante: 0.0174
Probabilidade herdar alelo elite: 0.7678
Número de populações independentes: 1
Número de threads: 1
Trocar os melhores indivíduos a cada 30 gerações
Número máximo de gerações: 279

Largura da faixa = 115
Melhor altura = 432

Lower Bound 1 = 347
Lower Bound 2 = 238
Avaliação = 1.24496

Tempo de execução: 4.67621s

---------------------------

Tamanho da população: 297
Fração elite: 0.55
Fração mutante: 0.0174
Probabilidade herdar alelo elite: 0.7678
Número de populações independentes: 1
Número de threads: 1
Trocar os melhores indivíduos a cada 30 gerações
Número máximo de gerações: 279

Largura da faixa = 115
Melhor altura = 432

Lower Bound 1 = 347
Lower Bound 2 = 238
Avaliação = 1.24496

Tempo de execução: 4.43834s

---------------------------

Tamanho da população: 297
Fração elite: 0.55
Fração mutante: 0.0174
Probabilidade herdar alelo elite: 0.7678
Número de populações independentes: 1
Número de threads: 1
Trocar os melhores indivíduos a cada 30 gerações
Número máximo de gerações: 279

Largura da faixa = 115
Melhor altura = 427

Lower Bound 1 = 347
Lower Bound 2 = 238
Avaliação = 1.23055

Tempo de execução: 4.58453s

---------------------------

Tamanho da população: 297
Fração elite: 0.55
Fração mutante: 0.0174
Probabilidade herdar alelo elite: 0.7678
Número de populações independentes: 1
Número de threads: 1
Trocar os melhores indivíduos a cada 30 gerações
Número máximo de gerações: 279

Largura da faixa = 115
Melhor altura = 427

Lower Bound 1 = 347
Lower Bound 2 = 238
Avaliação = 1.23055

Tempo de execução: 4.85811s

---------------------------

Tamanho da população: 297
Fração elite: 0.55
Fração mutante: 0.0174
Probabilidade herdar alelo elite: 0.7678
Número de populações independentes: 1
Número de threads: 1
Trocar os melhores indivíduos a cada 30 gerações
Número máximo de gerações: 279

Largura da faixa = 115
Melhor altura = 432

Lower Bound 1 = 347
Lower Bound 2 = 238
Avaliação = 1.24496

Tempo de execução: 4.49376s

---------------------------

Tamanho da população: 297
Fração elite: 0.55
Fração mutante: 0.0174
Probabilidade herdar alelo elite: 0.7678
Número de populações independentes: 1
Número de threads: 1
Trocar os melhores indivíduos a cada 30 gerações
Número máximo de gerações: 279

Largura da faixa = 115
Melhor altura = 419

Lower Bound 1 = 347
Lower Bound 2 = 238
Avaliação = 1.20749

Tempo de execução: 4.57124s

---------------------------

Tamanho da população: 297
Fração elite: 0.55
Fração mutante: 0.0174
Probabilidade herdar alelo elite: 0.7678
Número de populações independentes: 1
Número de threads: 1
Trocar os melhores indivíduos a cada 30 gerações
Número máximo de gerações: 279

Largura da faixa = 115
Melhor altura = 421

Lower Bound 1 = 347
Lower Bound 2 = 238
Avaliação = 1.21326

Tempo de execução: 4.58462s

---------------------------

Tamanho da população: 297
Fração elite: 0.55
Fração mutante: 0.0174
Probabilidade herdar alelo elite: 0.7678
Número de populações independentes: 1
Número de threads: 1
Trocar os melhores indivíduos a cada 30 gerações
Número máximo de gerações: 279

Largura da faixa = 115
Melhor altura = 432

Lower Bound 1 = 347
Lower Bound 2 = 238
Avaliação = 1.24496

Tempo de execução: 4.37323s

---------------------------

Tamanho da população: 297
Fração elite: 0.55
Fração mutante: 0.0174
Probabilidade herdar alelo elite: 0.7678
Número de populações independentes: 1
Número de threads: 1
Trocar os melhores indivíduos a cada 30 gerações
Número máximo de gerações: 279

Largura da faixa = 115
Melhor altura = 432

Lower Bound 1 = 347
Lower Bound 2 = 238
Avaliação = 1.24496

Tempo de execução: 4.6059s

---------------------------

