Tamanho da população: 297
Fração elite: 0.55
Fração mutante: 0.0174
Probabilidade herdar alelo elite: 0.7678
Número de populações independentes: 1
Número de threads: 1
Trocar os melhores indivíduos a cada 30 gerações
Número máximo de gerações: 279

Largura da faixa = 159
Melhor altura = 451

Lower Bound 1 = 251
Lower Bound 2 = 420
Avaliação = 1.07381

Tempo de execução: 2.74018s

---------------------------

Tamanho da população: 297
Fração elite: 0.55
Fração mutante: 0.0174
Probabilidade herdar alelo elite: 0.7678
Número de populações independentes: 1
Número de threads: 1
Trocar os melhores indivíduos a cada 30 gerações
Número máximo de gerações: 279

Largura da faixa = 159
Melhor altura = 451

Lower Bound 1 = 251
Lower Bound 2 = 420
Avaliação = 1.07381

Tempo de execução: 2.83126s

---------------------------

Tamanho da população: 297
Fração elite: 0.55
Fração mutante: 0.0174
Probabilidade herdar alelo elite: 0.7678
Número de populações independentes: 1
Número de threads: 1
Trocar os melhores indivíduos a cada 30 gerações
Número máximo de gerações: 279

Largura da faixa = 159
Melhor altura = 451

Lower Bound 1 = 251
Lower Bound 2 = 420
Avaliação = 1.07381

Tempo de execução: 3.91782s

---------------------------

Tamanho da população: 297
Fração elite: 0.55
Fração mutante: 0.0174
Probabilidade herdar alelo elite: 0.7678
Número de populações independentes: 1
Número de threads: 1
Trocar os melhores indivíduos a cada 30 gerações
Número máximo de gerações: 279

Largura da faixa = 159
Melhor altura = 451

Lower Bound 1 = 251
Lower Bound 2 = 420
Avaliação = 1.07381

Tempo de execução: 2.84369s

---------------------------

Tamanho da população: 297
Fração elite: 0.55
Fração mutante: 0.0174
Probabilidade herdar alelo elite: 0.7678
Número de populações independentes: 1
Número de threads: 1
Trocar os melhores indivíduos a cada 30 gerações
Número máximo de gerações: 279

Largura da faixa = 159
Melhor altura = 451

Lower Bound 1 = 251
Lower Bound 2 = 420
Avaliação = 1.07381

Tempo de execução: 3.9624s

---------------------------

Tamanho da população: 297
Fração elite: 0.55
Fração mutante: 0.0174
Probabilidade herdar alelo elite: 0.7678
Número de populações independentes: 1
Número de threads: 1
Trocar os melhores indivíduos a cada 30 gerações
Número máximo de gerações: 279

Largura da faixa = 159
Melhor altura = 451

Lower Bound 1 = 251
Lower Bound 2 = 420
Avaliação = 1.07381

Tempo de execução: 4.46284s

---------------------------

Tamanho da população: 297
Fração elite: 0.55
Fração mutante: 0.0174
Probabilidade herdar alelo elite: 0.7678
Número de populações independentes: 1
Número de threads: 1
Trocar os melhores indivíduos a cada 30 gerações
Número máximo de gerações: 279

Largura da faixa = 159
Melhor altura = 451

Lower Bound 1 = 251
Lower Bound 2 = 420
Avaliação = 1.07381

Tempo de execução: 3.26891s

---------------------------

Tamanho da população: 297
Fração elite: 0.55
Fração mutante: 0.0174
Probabilidade herdar alelo elite: 0.7678
Número de populações independentes: 1
Número de threads: 1
Trocar os melhores indivíduos a cada 30 gerações
Número máximo de gerações: 279

Largura da faixa = 159
Melhor altura = 451

Lower Bound 1 = 251
Lower Bound 2 = 420
Avaliação = 1.07381

Tempo de execução: 4.0467s

---------------------------

Tamanho da população: 297
Fração elite: 0.55
Fração mutante: 0.0174
Probabilidade herdar alelo elite: 0.7678
Número de populações independentes: 1
Número de threads: 1
Trocar os melhores indivíduos a cada 30 gerações
Número máximo de gerações: 279

Largura da faixa = 159
Melhor altura = 451

Lower Bound 1 = 251
Lower Bound 2 = 420
Avaliação = 1.07381

Tempo de execução: 4.39114s

---------------------------

Tamanho da população: 297
Fração elite: 0.55
Fração mutante: 0.0174
Probabilidade herdar alelo elite: 0.7678
Número de populações independentes: 1
Número de threads: 1
Trocar os melhores indivíduos a cada 30 gerações
Número máximo de gerações: 279

Largura da faixa = 159
Melhor altura = 451

Lower Bound 1 = 251
Lower Bound 2 = 420
Avaliação = 1.07381

Tempo de execução: 4.64276s

---------------------------

Tamanho da população: 297
Fração elite: 0.55
Fração mutante: 0.0174
Probabilidade herdar alelo elite: 0.7678
Número de populações independentes: 1
Número de threads: 1
Trocar os melhores indivíduos a cada 30 gerações
Número máximo de gerações: 279

Largura da faixa = 159
Melhor altura = 451

Lower Bound 1 = 251
Lower Bound 2 = 420
Avaliação = 1.07381

Tempo de execução: 4.64704s

---------------------------

Tamanho da população: 297
Fração elite: 0.55
Fração mutante: 0.0174
Probabilidade herdar alelo elite: 0.7678
Número de populações independentes: 1
Número de threads: 1
Trocar os melhores indivíduos a cada 30 gerações
Número máximo de gerações: 279

Largura da faixa = 159
Melhor altura = 451

Lower Bound 1 = 251
Lower Bound 2 = 420
Avaliação = 1.07381

Tempo de execução: 4.65141s

---------------------------

Tamanho da população: 297
Fração elite: 0.55
Fração mutante: 0.0174
Probabilidade herdar alelo elite: 0.7678
Número de populações independentes: 1
Número de threads: 1
Trocar os melhores indivíduos a cada 30 gerações
Número máximo de gerações: 279

Largura da faixa = 159
Melhor altura = 451

Lower Bound 1 = 251
Lower Bound 2 = 420
Avaliação = 1.07381

Tempo de execução: 4.51403s

---------------------------

Tamanho da população: 297
Fração elite: 0.55
Fração mutante: 0.0174
Probabilidade herdar alelo elite: 0.7678
Número de populações independentes: 1
Número de threads: 1
Trocar os melhores indivíduos a cada 30 gerações
Número máximo de gerações: 279

Largura da faixa = 159
Melhor altura = 451

Lower Bound 1 = 251
Lower Bound 2 = 420
Avaliação = 1.07381

Tempo de execução: 4.78629s

---------------------------

Tamanho da população: 297
Fração elite: 0.55
Fração mutante: 0.0174
Probabilidade herdar alelo elite: 0.7678
Número de populações independentes: 1
Número de threads: 1
Trocar os melhores indivíduos a cada 30 gerações
Número máximo de gerações: 279

Largura da faixa = 159
Melhor altura = 451

Lower Bound 1 = 251
Lower Bound 2 = 420
Avaliação = 1.07381

Tempo de execução: 4.83977s

---------------------------

Tamanho da população: 297
Fração elite: 0.55
Fração mutante: 0.0174
Probabilidade herdar alelo elite: 0.7678
Número de populações independentes: 1
Número de threads: 1
Trocar os melhores indivíduos a cada 30 gerações
Número máximo de gerações: 279

Largura da faixa = 159
Melhor altura = 451

Lower Bound 1 = 251
Lower Bound 2 = 420
Avaliação = 1.07381

Tempo de execução: 4.65785s

---------------------------

Tamanho da população: 297
Fração elite: 0.55
Fração mutante: 0.0174
Probabilidade herdar alelo elite: 0.7678
Número de populações independentes: 1
Número de threads: 1
Trocar os melhores indivíduos a cada 30 gerações
Número máximo de gerações: 279

Largura da faixa = 159
Melhor altura = 451

Lower Bound 1 = 251
Lower Bound 2 = 420
Avaliação = 1.07381

Tempo de execução: 4.73828s

---------------------------

Tamanho da população: 297
Fração elite: 0.55
Fração mutante: 0.0174
Probabilidade herdar alelo elite: 0.7678
Número de populações independentes: 1
Número de threads: 1
Trocar os melhores indivíduos a cada 30 gerações
Número máximo de gerações: 279

Largura da faixa = 159
Melhor altura = 451

Lower Bound 1 = 251
Lower Bound 2 = 420
Avaliação = 1.07381

Tempo de execução: 4.85865s

---------------------------

Tamanho da população: 297
Fração elite: 0.55
Fração mutante: 0.0174
Probabilidade herdar alelo elite: 0.7678
Número de populações independentes: 1
Número de threads: 1
Trocar os melhores indivíduos a cada 30 gerações
Número máximo de gerações: 279

Largura da faixa = 159
Melhor altura = 451

Lower Bound 1 = 251
Lower Bound 2 = 420
Avaliação = 1.07381

Tempo de execução: 3.78957s

---------------------------

Tamanho da população: 297
Fração elite: 0.55
Fração mutante: 0.0174
Probabilidade herdar alelo elite: 0.7678
Número de populações independentes: 1
Número de threads: 1
Trocar os melhores indivíduos a cada 30 gerações
Número máximo de gerações: 279

Largura da faixa = 159
Melhor altura = 451

Lower Bound 1 = 251
Lower Bound 2 = 420
Avaliação = 1.07381

Tempo de execução: 3.91055s

---------------------------

